C:\gh\azure-sdk-for-net\sdk\redisenterprise\Microsoft.Azure.Management.RedisEnterpriseCache\tests\ScenarioTests\BeginCreateFunctionalTests.cs(14,47): error CS0246: The type or namespace name 'TestBase' could not be found (are you missing a using directive or an assembly reference?)
C:\gh\azure-sdk-for-net\sdk\redisenterprise\Microsoft.Azure.Management.RedisEnterpriseCache\tests\ScenarioTests\TestsFixture.cs(17,33): error CS0246: The type or namespace name 'TestBase' could not be found (are you missing a using directive or an assembly reference?)
C:\gh\azure-sdk-for-net\sdk\redisenterprise\Microsoft.Azure.Management.RedisEnterpriseCache\tests\ScenarioTests\TestsFixture.cs(17,43): error CS0246: The type or namespace name 'IDisposable' could not be found (are you missing a using directive or an assembly reference?)
C:\gh\azure-sdk-for-net\sdk\redisenterprise\Microsoft.Azure.Management.RedisEnterpriseCache\tests\ScenarioTests\TestsFixture.cs(24,17): error CS0518: Predefined type 'System.Object' is not defined or imported
C:\gh\azure-sdk-for-net\sdk\redisenterprise\Microsoft.Azure.Management.RedisEnterpriseCache\tests\ScenarioTests\TestsFixture.cs(24,17): error CS0246: The type or namespace name 'MockContext' could not be found (are you missing a using directive or an assembly reference?)
C:\gh\azure-sdk-for-net\sdk\redisenterprise\Microsoft.Azure.Management.RedisEnterpriseCache\tests\DummyResponseDelegatingHandler.cs(13,51): error CS0246: The type or namespace name 'DelegatingHandler' could not be found (are you missing a using directive or an assembly reference?)
C:\gh\azure-sdk-for-net\sdk\redisenterprise\Microsoft.Azure.Management.RedisEnterpriseCache\tests\ScenarioTests\RedisEnterpriseCacheManagementHelper.cs(87,34): error CS0518: Predefined type 'System.Boolean' is not defined or imported
C:\gh\azure-sdk-for-net\sdk\redisenterprise\Microsoft.Azure.Management.RedisEnterpriseCache\tests\ScenarioTests\RedisEnterpriseCacheManagementHelper.cs(87,50): error CS0518: Predefined type 'System.String' is not defined or imported
C:\gh\azure-sdk-for-net\sdk\redisenterprise\Microsoft.Azure.Management.RedisEnterpriseCache\tests\ScenarioTests\RedisEnterpriseCacheManagementHelper.cs(87,17): error CS0518: Predefined type 'System.Void' is not defined or imported
C:\gh\azure-sdk-for-net\sdk\redisenterprise\Microsoft.Azure.Management.RedisEnterpriseCache\tests\DummyResponseDelegatingHandler.cs(23,70): error CS0518: Predefined type 'System.Object' is not defined or imported
C:\gh\azure-sdk-for-net\sdk\redisenterprise\Microsoft.Azure.Management.RedisEnterpriseCache\tests\DummyResponseDelegatingHandler.cs(23,70): error CS0246: The type or namespace name 'HttpRequestMessage' could not be found (are you missing a using directive or an assembly reference?)
C:\gh\azure-sdk-for-net\sdk\redisenterprise\Microsoft.Azure.Management.RedisEnterpriseCache\tests\DummyResponseDelegatingHandler.cs(23,98): error CS0518: Predefined type 'System.Object' is not defined or imported
C:\gh\azure-sdk-for-net\sdk\redisenterprise\Microsoft.Azure.Management.RedisEnterpriseCache\tests\DummyResponseDelegatingHandler.cs(23,98): error CS0246: The type or namespace name 'System' could not be found (are you missing a using directive or an assembly reference?)
C:\gh\azure-sdk-for-net\sdk\redisenterprise\Microsoft.Azure.Management.RedisEnterpriseCache\tests\DummyResponseDelegatingHandler.cs(23,34): error CS0518: Predefined type 'System.Object' is not defined or imported
C:\gh\azure-sdk-for-net\sdk\redisenterprise\Microsoft.Azure.Management.RedisEnterpriseCache\tests\DummyResponseDelegatingHandler.cs(23,34): error CS0246: The type or namespace name 'Task<>' could not be found (are you missing a using directive or an assembly reference?)
C:\gh\azure-sdk-for-net\sdk\redisenterprise\Microsoft.Azure.Management.RedisEnterpriseCache\tests\DummyResponseDelegatingHandler.cs(23,39): error CS0518: Predefined type 'System.Object' is not defined or imported
C:\gh\azure-sdk-for-net\sdk\redisenterprise\Microsoft.Azure.Management.RedisEnterpriseCache\tests\DummyResponseDelegatingHandler.cs(23,39): error CS0246: The type or namespace name 'HttpResponseMessage' could not be found (are you missing a using directive or an assembly reference?)
C:\gh\azure-sdk-for-net\sdk\redisenterprise\Microsoft.Azure.Management.RedisEnterpriseCache\tests\DummyResponseDelegatingHandler.cs(15,17): error CS0518: Predefined type 'System.Object' is not defined or imported
C:\gh\azure-sdk-for-net\sdk\redisenterprise\Microsoft.Azure.Management.RedisEnterpriseCache\tests\DummyResponseDelegatingHandler.cs(15,17): error CS0246: The type or namespace name 'HttpResponseMessage' could not be found (are you missing a using directive or an assembly reference?)
C:\gh\azure-sdk-for-net\sdk\redisenterprise\Microsoft.Azure.Management.RedisEnterpriseCache\tests\ScenarioTests\RedisEnterpriseCacheManagementTestUtilities.cs(27,81): error CS0518: Predefined type 'System.Object' is not defined or imported
C:\gh\azure-sdk-for-net\sdk\redisenterprise\Microsoft.Azure.Management.RedisEnterpriseCache\tests\ScenarioTests\RedisEnterpriseCacheManagementTestUtilities.cs(27,81): error CS0246: The type or namespace name 'TestBase' could not be found (are you missing a using directive or an assembly reference?)
C:\gh\azure-sdk-for-net\sdk\redisenterprise\Microsoft.Azure.Management.RedisEnterpriseCache\tests\ScenarioTests\RedisEnterpriseCacheManagementTestUtilities.cs(27,100): error CS0518: Predefined type 'System.Object' is not defined or imported
C:\gh\azure-sdk-for-net\sdk\redisenterprise\Microsoft.Azure.Management.RedisEnterpriseCache\tests\ScenarioTests\RedisEnterpriseCacheManagementTestUtilities.cs(27,100): error CS0246: The type or namespace name 'MockContext' could not be found (are you missing a using directive or an assembly reference?)
C:\gh\azure-sdk-for-net\sdk\redisenterprise\Microsoft.Azure.Management.RedisEnterpriseCache\tests\ScenarioTests\RedisEnterpriseCacheManagementTestUtilities.cs(27,23): error CS0518: Predefined type 'System.Object' is not defined or imported
C:\gh\azure-sdk-for-net\sdk\redisenterprise\Microsoft.Azure.Management.RedisEnterpriseCache\tests\ScenarioTests\RedisEnterpriseCacheManagementTestUtilities.cs(27,23): error CS0246: The type or namespace name 'ResourceManagementClient' could not be found (are you missing a using directive or an assembly reference?)
C:\gh\azure-sdk-for-net\sdk\redisenterprise\Microsoft.Azure.Management.RedisEnterpriseCache\tests\ScenarioTests\RedisEnterpriseCacheManagementTestUtilities.cs(27,76): error CS1110: Cannot define a new extension method because the compiler required type 'System.Runtime.CompilerServices.ExtensionAttribute' cannot be found. Are you missing a reference to System.Core.dll?
C:\gh\azure-sdk-for-net\sdk\redisenterprise\Microsoft.Azure.Management.RedisEnterpriseCache\tests\DummyResponseDelegatingHandler.cs(17,47): error CS0518: Predefined type 'System.Object' is not defined or imported
C:\gh\azure-sdk-for-net\sdk\redisenterprise\Microsoft.Azure.Management.RedisEnterpriseCache\tests\DummyResponseDelegatingHandler.cs(17,47): error CS0246: The type or namespace name 'HttpResponseMessage' could not be found (are you missing a using directive or an assembly reference?)
C:\gh\azure-sdk-for-net\sdk\redisenterprise\Microsoft.Azure.Management.RedisEnterpriseCache\tests\DummyResponseDelegatingHandler.cs(17,9): error CS0518: Predefined type 'System.Void' is not defined or imported
C:\gh\azure-sdk-for-net\sdk\redisenterprise\Microsoft.Azure.Management.RedisEnterpriseCache\tests\ScenarioTests\TestsFixture.cs(57,17): error CS0518: Predefined type 'System.Void' is not defined or imported
C:\gh\azure-sdk-for-net\sdk\redisenterprise\Microsoft.Azure.Management.RedisEnterpriseCache\tests\ScenarioTests\RedisEnterpriseCacheManagementHelper.cs(55,38): error CS0518: Predefined type 'System.String' is not defined or imported
C:\gh\azure-sdk-for-net\sdk\redisenterprise\Microsoft.Azure.Management.RedisEnterpriseCache\tests\ScenarioTests\RedisEnterpriseCacheManagementHelper.cs(55,64): error CS0518: Predefined type 'System.String' is not defined or imported
C:\gh\azure-sdk-for-net\sdk\redisenterprise\Microsoft.Azure.Management.RedisEnterpriseCache\tests\ScenarioTests\RedisEnterpriseCacheManagementHelper.cs(55,82): error CS0518: Predefined type 'System.String' is not defined or imported
C:\gh\azure-sdk-for-net\sdk\redisenterprise\Microsoft.Azure.Management.RedisEnterpriseCache\tests\ScenarioTests\RedisEnterpriseCacheManagementHelper.cs(55,16): error CS0518: Predefined type 'System.Void' is not defined or imported
C:\gh\azure-sdk-for-net\sdk\redisenterprise\Microsoft.Azure.Management.RedisEnterpriseCache\tests\ScenarioTests\TestsFixture.cs(23,17): error CS0518: Predefined type 'System.Object' is not defined or imported
C:\gh\azure-sdk-for-net\sdk\redisenterprise\Microsoft.Azure.Management.RedisEnterpriseCache\tests\ScenarioTests\RedisEnterpriseCacheManagementHelper.cs(23,53): error CS0518: Predefined type 'System.Object' is not defined or imported
C:\gh\azure-sdk-for-net\sdk\redisenterprise\Microsoft.Azure.Management.RedisEnterpriseCache\tests\ScenarioTests\RedisEnterpriseCacheManagementHelper.cs(23,53): error CS0246: The type or namespace name 'TestBase' could not be found (are you missing a using directive or an assembly reference?)
C:\gh\azure-sdk-for-net\sdk\redisenterprise\Microsoft.Azure.Management.RedisEnterpriseCache\tests\ScenarioTests\RedisEnterpriseCacheManagementHelper.cs(23,72): error CS0518: Predefined type 'System.Object' is not defined or imported
C:\gh\azure-sdk-for-net\sdk\redisenterprise\Microsoft.Azure.Management.RedisEnterpriseCache\tests\ScenarioTests\RedisEnterpriseCacheManagementHelper.cs(23,72): error CS0246: The type or namespace name 'MockContext' could not be found (are you missing a using directive or an assembly reference?)
C:\gh\azure-sdk-for-net\sdk\redisenterprise\Microsoft.Azure.Management.RedisEnterpriseCache\tests\ScenarioTests\RedisEnterpriseCacheManagementHelper.cs(23,9): error CS0518: Predefined type 'System.Void' is not defined or imported
C:\gh\azure-sdk-for-net\sdk\redisenterprise\Microsoft.Azure.Management.RedisEnterpriseCache\tests\ScenarioTests\RedisEnterpriseCacheManagementHelper.cs(30,56): error CS0518: Predefined type 'System.String' is not defined or imported
C:\gh\azure-sdk-for-net\sdk\redisenterprise\Microsoft.Azure.Management.RedisEnterpriseCache\tests\ScenarioTests\RedisEnterpriseCacheManagementHelper.cs(30,16): error CS0518: Predefined type 'System.Void' is not defined or imported
C:\gh\azure-sdk-for-net\sdk\redisenterprise\Microsoft.Azure.Management.RedisEnterpriseCache\tests\ScenarioTests\RedisEnterpriseCacheManagementHelper.cs(30,78): error CS0518: Predefined type 'System.String' is not defined or imported
C:\gh\azure-sdk-for-net\sdk\redisenterprise\Microsoft.Azure.Management.RedisEnterpriseCache\tests\ScenarioTests\RedisEnterpriseCacheManagementHelper.cs(16,23): error CS0518: Predefined type 'System.String' is not defined or imported
C:\gh\azure-sdk-for-net\sdk\redisenterprise\Microsoft.Azure.Management.RedisEnterpriseCache\tests\ScenarioTests\CreateUpdateDeleteFunctionalTests.cs(15,54): error CS0246: The type or namespace name 'TestBase' could not be found (are you missing a using directive or an assembly reference?)
C:\gh\azure-sdk-for-net\sdk\redisenterprise\Microsoft.Azure.Management.RedisEnterpriseCache\tests\ScenarioTests\CreateUpdateDeleteFunctionalTests.cs(15,64): error CS0246: The type or namespace name 'IClassFixture<>' could not be found (are you missing a using directive or an assembly reference?)
C:\gh\azure-sdk-for-net\sdk\redisenterprise\Microsoft.Azure.Management.RedisEnterpriseCache\tests\ScenarioTests\RedisEnterpriseCacheManagementHelper.cs(42,44): error CS0518: Predefined type 'System.String' is not defined or imported
C:\gh\azure-sdk-for-net\sdk\redisenterprise\Microsoft.Azure.Management.RedisEnterpriseCache\tests\ScenarioTests\RedisEnterpriseCacheManagementHelper.cs(42,70): error CS0518: Predefined type 'System.String' is not defined or imported
C:\gh\azure-sdk-for-net\sdk\redisenterprise\Microsoft.Azure.Management.RedisEnterpriseCache\tests\ScenarioTests\RedisEnterpriseCacheManagementHelper.cs(42,16): error CS0518: Predefined type 'System.Void' is not defined or imported
C:\gh\azure-sdk-for-net\sdk\redisenterprise\Microsoft.Azure.Management.RedisEnterpriseCache\tests\ScenarioTests\RedisEnterpriseCacheManagementTestUtilities.cs(17,85): error CS0518: Predefined type 'System.Object' is not defined or imported
C:\gh\azure-sdk-for-net\sdk\redisenterprise\Microsoft.Azure.Management.RedisEnterpriseCache\tests\ScenarioTests\RedisEnterpriseCacheManagementTestUtilities.cs(17,85): error CS0246: The type or namespace name 'TestBase' could not be found (are you missing a using directive or an assembly reference?)
C:\gh\azure-sdk-for-net\sdk\redisenterprise\Microsoft.Azure.Management.RedisEnterpriseCache\tests\ScenarioTests\RedisEnterpriseCacheManagementTestUtilities.cs(17,104): error CS0518: Predefined type 'System.Object' is not defined or imported
C:\gh\azure-sdk-for-net\sdk\redisenterprise\Microsoft.Azure.Management.RedisEnterpriseCache\tests\ScenarioTests\RedisEnterpriseCacheManagementTestUtilities.cs(17,104): error CS0246: The type or namespace name 'MockContext' could not be found (are you missing a using directive or an assembly reference?)
C:\gh\azure-sdk-for-net\sdk\redisenterprise\Microsoft.Azure.Management.RedisEnterpriseCache\tests\ScenarioTests\RedisEnterpriseCacheManagementTestUtilities.cs(17,23): error CS0518: Predefined type 'System.Object' is not defined or imported
C:\gh\azure-sdk-for-net\sdk\redisenterprise\Microsoft.Azure.Management.RedisEnterpriseCache\tests\ScenarioTests\RedisEnterpriseCacheManagementTestUtilities.cs(17,80): error CS1110: Cannot define a new extension method because the compiler required type 'System.Runtime.CompilerServices.ExtensionAttribute' cannot be found. Are you missing a reference to System.Core.dll?
C:\gh\azure-sdk-for-net\sdk\redisenterprise\Microsoft.Azure.Management.RedisEnterpriseCache\tests\ScenarioTests\CreateUpdateDeleteFunctionalTests.cs(17,17): error CS0518: Predefined type 'System.Object' is not defined or imported
C:\gh\azure-sdk-for-net\sdk\redisenterprise\Microsoft.Azure.Management.RedisEnterpriseCache\tests\ScenarioTests\RedisEnterpriseCacheManagementHelper.cs(21,17): error CS0518: Predefined type 'System.Object' is not defined or imported
C:\gh\azure-sdk-for-net\sdk\redisenterprise\Microsoft.Azure.Management.RedisEnterpriseCache\tests\ScenarioTests\RedisEnterpriseCacheManagementHelper.cs(21,17): error CS0246: The type or namespace name 'TestBase' could not be found (are you missing a using directive or an assembly reference?)
C:\gh\azure-sdk-for-net\sdk\redisenterprise\Microsoft.Azure.Management.RedisEnterpriseCache\tests\ScenarioTests\RedisEnterpriseCacheManagementHelper.cs(20,17): error CS0518: Predefined type 'System.Object' is not defined or imported
C:\gh\azure-sdk-for-net\sdk\redisenterprise\Microsoft.Azure.Management.RedisEnterpriseCache\tests\ScenarioTests\RedisEnterpriseCacheManagementHelper.cs(20,17): error CS0246: The type or namespace name 'MockContext' could not be found (are you missing a using directive or an assembly reference?)
C:\gh\azure-sdk-for-net\sdk\redisenterprise\Microsoft.Azure.Management.RedisEnterpriseCache\tests\Utility.cs(38,56): error CS0518: Predefined type 'System.String' is not defined or imported
C:\gh\azure-sdk-for-net\sdk\redisenterprise\Microsoft.Azure.Management.RedisEnterpriseCache\tests\Utility.cs(38,24): error CS0518: Predefined type 'System.Object' is not defined or imported
C:\gh\azure-sdk-for-net\sdk\redisenterprise\Microsoft.Azure.Management.RedisEnterpriseCache\tests\Utility.cs(38,24): error CS0246: The type or namespace name 'Stream' could not be found (are you missing a using directive or an assembly reference?)
C:\gh\azure-sdk-for-net\sdk\redisenterprise\Microsoft.Azure.Management.RedisEnterpriseCache\tests\Utility.cs(21,70): error CS0518: Predefined type 'System.String' is not defined or imported
C:\gh\azure-sdk-for-net\sdk\redisenterprise\Microsoft.Azure.Management.RedisEnterpriseCache\tests\Utility.cs(21,93): error CS0518: Predefined type 'System.String' is not defined or imported
C:\gh\azure-sdk-for-net\sdk\redisenterprise\Microsoft.Azure.Management.RedisEnterpriseCache\tests\Utility.cs(21,117): error CS0518: Predefined type 'System.Object' is not defined or imported
C:\gh\azure-sdk-for-net\sdk\redisenterprise\Microsoft.Azure.Management.RedisEnterpriseCache\tests\Utility.cs(21,117): error CS0246: The type or namespace name 'HttpStatusCode' could not be found (are you missing a using directive or an assembly reference?)
C:\gh\azure-sdk-for-net\sdk\redisenterprise\Microsoft.Azure.Management.RedisEnterpriseCache\tests\Utility.cs(21,23): error CS0518: Predefined type 'System.Object' is not defined or imported
C:\gh\azure-sdk-for-net\sdk\redisenterprise\Microsoft.Azure.Management.RedisEnterpriseCache\tests\ScenarioTests\TestsFixture.cs(26,9): error CS0518: Predefined type 'System.Void' is not defined or imported
C:\gh\azure-sdk-for-net\sdk\redisenterprise\Microsoft.Azure.Management.RedisEnterpriseCache\tests\ScenarioTests\BeginCreateFunctionalTests.cs(17,16): error CS0518: Predefined type 'System.Void' is not defined or imported
C:\gh\azure-sdk-for-net\sdk\redisenterprise\Microsoft.Azure.Management.RedisEnterpriseCache\tests\ScenarioTests\CreateUpdateDeleteFunctionalTests.cs(25,16): error CS0518: Predefined type 'System.Void' is not defined or imported
C:\gh\azure-sdk-for-net\sdk\redisenterprise\Microsoft.Azure.Management.RedisEnterpriseCache\tests\ScenarioTests\TestsFixture.cs(52,16): error CS0518: Predefined type 'System.Void' is not defined or imported
C:\gh\azure-sdk-for-net\sdk\redisenterprise\Microsoft.Azure.Management.RedisEnterpriseCache\tests\ScenarioTests\RedisEnterpriseCacheManagementHelper.cs(50,41): error CS0518: Predefined type 'System.String' is not defined or imported
C:\gh\azure-sdk-for-net\sdk\redisenterprise\Microsoft.Azure.Management.RedisEnterpriseCache\tests\ScenarioTests\RedisEnterpriseCacheManagementHelper.cs(50,16): error CS0518: Predefined type 'System.Void' is not defined or imported
C:\gh\azure-sdk-for-net\sdk\redisenterprise\Microsoft.Azure.Management.RedisEnterpriseCache\tests\ScenarioTests\RedisEnterpriseCacheManagementHelper.cs(19,17): error CS0518: Predefined type 'System.Object' is not defined or imported
C:\gh\azure-sdk-for-net\sdk\redisenterprise\Microsoft.Azure.Management.RedisEnterpriseCache\tests\ScenarioTests\RedisEnterpriseCacheManagementHelper.cs(19,17): error CS0246: The type or namespace name 'ResourceManagementClient' could not be found (are you missing a using directive or an assembly reference?)
C:\gh\azure-sdk-for-net\sdk\redisenterprise\Microsoft.Azure.Management.RedisEnterpriseCache\tests\ScenarioTests\CreateUpdateDeleteFunctionalTests.cs(19,50): error CS0518: Predefined type 'System.Object' is not defined or imported
C:\gh\azure-sdk-for-net\sdk\redisenterprise\Microsoft.Azure.Management.RedisEnterpriseCache\tests\ScenarioTests\CreateUpdateDeleteFunctionalTests.cs(19,9): error CS0518: Predefined type 'System.Void' is not defined or imported
C:\gh\azure-sdk-for-net\sdk\redisenterprise\Microsoft.Azure.Management.RedisEnterpriseCache\tests\ScenarioTests\RedisEnterpriseCacheManagementHelper.cs(14,18): error CS0518: Predefined type 'System.Object' is not defined or imported
C:\gh\azure-sdk-for-net\sdk\redisenterprise\Microsoft.Azure.Management.RedisEnterpriseCache\tests\Properties\AssemblyInfo.cs(11,12): error CS0246: The type or namespace name 'AssemblyTitleAttribute' could not be found (are you missing a using directive or an assembly reference?)
C:\gh\azure-sdk-for-net\sdk\redisenterprise\Microsoft.Azure.Management.RedisEnterpriseCache\tests\Properties\AssemblyInfo.cs(11,12): error CS0246: The type or namespace name 'AssemblyTitle' could not be found (are you missing a using directive or an assembly reference?)
C:\gh\azure-sdk-for-net\sdk\redisenterprise\Microsoft.Azure.Management.RedisEnterpriseCache\tests\Properties\AssemblyInfo.cs(12,12): error CS0246: The type or namespace name 'AssemblyDescriptionAttribute' could not be found (are you missing a using directive or an assembly reference?)
C:\gh\azure-sdk-for-net\sdk\redisenterprise\Microsoft.Azure.Management.RedisEnterpriseCache\tests\Properties\AssemblyInfo.cs(12,12): error CS0246: The type or namespace name 'AssemblyDescription' could not be found (are you missing a using directive or an assembly reference?)
C:\gh\azure-sdk-for-net\sdk\redisenterprise\Microsoft.Azure.Management.RedisEnterpriseCache\tests\Properties\AssemblyInfo.cs(13,12): error CS0246: The type or namespace name 'AssemblyConfigurationAttribute' could not be found (are you missing a using directive or an assembly reference?)
C:\gh\azure-sdk-for-net\sdk\redisenterprise\Microsoft.Azure.Management.RedisEnterpriseCache\tests\Properties\AssemblyInfo.cs(13,12): error CS0246: The type or namespace name 'AssemblyConfiguration' could not be found (are you missing a using directive or an assembly reference?)
C:\gh\azure-sdk-for-net\sdk\redisenterprise\Microsoft.Azure.Management.RedisEnterpriseCache\tests\Properties\AssemblyInfo.cs(14,12): error CS0246: The type or namespace name 'AssemblyProductAttribute' could not be found (are you missing a using directive or an assembly reference?)
C:\gh\azure-sdk-for-net\sdk\redisenterprise\Microsoft.Azure.Management.RedisEnterpriseCache\tests\Properties\AssemblyInfo.cs(14,12): error CS0246: The type or namespace name 'AssemblyProduct' could not be found (are you missing a using directive or an assembly reference?)
C:\gh\azure-sdk-for-net\sdk\redisenterprise\Microsoft.Azure.Management.RedisEnterpriseCache\tests\Properties\AssemblyInfo.cs(15,12): error CS0246: The type or namespace name 'AssemblyCompanyAttribute' could not be found (are you missing a using directive or an assembly reference?)
C:\gh\azure-sdk-for-net\sdk\redisenterprise\Microsoft.Azure.Management.RedisEnterpriseCache\tests\Properties\AssemblyInfo.cs(15,12): error CS0246: The type or namespace name 'AssemblyCompany' could not be found (are you missing a using directive or an assembly reference?)
C:\gh\azure-sdk-for-net\sdk\redisenterprise\Microsoft.Azure.Management.RedisEnterpriseCache\tests\Properties\AssemblyInfo.cs(16,12): error CS0246: The type or namespace name 'AssemblyCopyrightAttribute' could not be found (are you missing a using directive or an assembly reference?)
C:\gh\azure-sdk-for-net\sdk\redisenterprise\Microsoft.Azure.Management.RedisEnterpriseCache\tests\Properties\AssemblyInfo.cs(16,12): error CS0246: The type or namespace name 'AssemblyCopyright' could not be found (are you missing a using directive or an assembly reference?)
C:\gh\azure-sdk-for-net\sdk\redisenterprise\Microsoft.Azure.Management.RedisEnterpriseCache\tests\Properties\AssemblyInfo.cs(17,12): error CS0246: The type or namespace name 'AssemblyTrademarkAttribute' could not be found (are you missing a using directive or an assembly reference?)
C:\gh\azure-sdk-for-net\sdk\redisenterprise\Microsoft.Azure.Management.RedisEnterpriseCache\tests\Properties\AssemblyInfo.cs(17,12): error CS0246: The type or namespace name 'AssemblyTrademark' could not be found (are you missing a using directive or an assembly reference?)
C:\gh\azure-sdk-for-net\sdk\redisenterprise\Microsoft.Azure.Management.RedisEnterpriseCache\tests\Properties\AssemblyInfo.cs(18,12): error CS0246: The type or namespace name 'AssemblyCultureAttribute' could not be found (are you missing a using directive or an assembly reference?)
C:\gh\azure-sdk-for-net\sdk\redisenterprise\Microsoft.Azure.Management.RedisEnterpriseCache\tests\Properties\AssemblyInfo.cs(18,12): error CS0246: The type or namespace name 'AssemblyCulture' could not be found (are you missing a using directive or an assembly reference?)
C:\gh\azure-sdk-for-net\sdk\redisenterprise\Microsoft.Azure.Management.RedisEnterpriseCache\tests\Properties\AssemblyInfo.cs(23,12): error CS0246: The type or namespace name 'ComVisibleAttribute' could not be found (are you missing a using directive or an assembly reference?)
C:\gh\azure-sdk-for-net\sdk\redisenterprise\Microsoft.Azure.Management.RedisEnterpriseCache\tests\Properties\AssemblyInfo.cs(23,12): error CS0246: The type or namespace name 'ComVisible' could not be found (are you missing a using directive or an assembly reference?)
C:\gh\azure-sdk-for-net\sdk\redisenterprise\Microsoft.Azure.Management.RedisEnterpriseCache\tests\Properties\AssemblyInfo.cs(26,12): error CS0246: The type or namespace name 'GuidAttribute' could not be found (are you missing a using directive or an assembly reference?)
C:\gh\azure-sdk-for-net\sdk\redisenterprise\Microsoft.Azure.Management.RedisEnterpriseCache\tests\Properties\AssemblyInfo.cs(26,12): error CS0246: The type or namespace name 'Guid' could not be found (are you missing a using directive or an assembly reference?)
C:\gh\azure-sdk-for-net\sdk\redisenterprise\Microsoft.Azure.Management.RedisEnterpriseCache\tests\Properties\AssemblyInfo.cs(38,12): error CS0246: The type or namespace name 'AssemblyVersionAttribute' could not be found (are you missing a using directive or an assembly reference?)
C:\gh\azure-sdk-for-net\sdk\redisenterprise\Microsoft.Azure.Management.RedisEnterpriseCache\tests\Properties\AssemblyInfo.cs(38,12): error CS0246: The type or namespace name 'AssemblyVersion' could not be found (are you missing a using directive or an assembly reference?)
C:\gh\azure-sdk-for-net\sdk\redisenterprise\Microsoft.Azure.Management.RedisEnterpriseCache\tests\Properties\AssemblyInfo.cs(39,12): error CS0246: The type or namespace name 'AssemblyFileVersionAttribute' could not be found (are you missing a using directive or an assembly reference?)
C:\gh\azure-sdk-for-net\sdk\redisenterprise\Microsoft.Azure.Management.RedisEnterpriseCache\tests\Properties\AssemblyInfo.cs(39,12): error CS0246: The type or namespace name 'AssemblyFileVersion' could not be found (are you missing a using directive or an assembly reference?)
C:\gh\azure-sdk-for-net\eng\mgmt\DisableTestRunParallel.cs(7,12): error CS0246: The type or namespace name 'CollectionBehaviorAttribute' could not be found (are you missing a using directive or an assembly reference?)
C:\gh\azure-sdk-for-net\eng\mgmt\DisableTestRunParallel.cs(7,12): error CS0246: The type or namespace name 'CollectionBehavior' could not be found (are you missing a using directive or an assembly reference?)
C:\gh\azure-sdk-for-net\artifacts\obj\Microsoft.Azure.Management.RedisEnterpriseCache.Tests\Debug\netcoreapp2.0\.NETCoreApp,Version=v2.0.AssemblyAttributes.cs(4,20): error CS0400: The type or namespace name 'System' could not be found in the global namespace (are you missing an assembly reference?)
C:\gh\azure-sdk-for-net\artifacts\obj\Microsoft.Azure.Management.RedisEnterpriseCache.Tests\Debug\netcoreapp2.0\Microsoft.Azure.Management.RedisEnterpriseCache.Tests.AssemblyInfo.cs(14,12): error CS0246: The type or namespace name 'System' could not be found (are you missing a using directive or an assembly reference?)
C:\gh\azure-sdk-for-net\artifacts\obj\Microsoft.Azure.Management.RedisEnterpriseCache.Tests\Debug\netcoreapp2.0\Microsoft.Azure.Management.RedisEnterpriseCache.Tests.AssemblyInfo.cs(16,12): error CS0246: The type or namespace name 'System' could not be found (are you missing a using directive or an assembly reference?)
C:\gh\azure-sdk-for-net\artifacts\obj\Microsoft.Azure.Management.RedisEnterpriseCache.Tests\Debug\netcoreapp2.0\Microsoft.Azure.Management.RedisEnterpriseCache.Tests.AssemblyInfo.cs(17,12): error CS0246: The type or namespace name 'System' could not be found (are you missing a using directive or an assembly reference?)
C:\gh\azure-sdk-for-net\sdk\redisenterprise\Microsoft.Azure.Management.RedisEnterpriseCache\tests\Properties\AssemblyInfo.cs(11,26): error CS0518: Predefined type 'System.String' is not defined or imported
C:\gh\azure-sdk-for-net\sdk\redisenterprise\Microsoft.Azure.Management.RedisEnterpriseCache\tests\Properties\AssemblyInfo.cs(12,32): error CS0518: Predefined type 'System.String' is not defined or imported
C:\gh\azure-sdk-for-net\sdk\redisenterprise\Microsoft.Azure.Management.RedisEnterpriseCache\tests\Properties\AssemblyInfo.cs(13,34): error CS0518: Predefined type 'System.String' is not defined or imported
C:\gh\azure-sdk-for-net\sdk\redisenterprise\Microsoft.Azure.Management.RedisEnterpriseCache\tests\Properties\AssemblyInfo.cs(14,28): error CS0518: Predefined type 'System.String' is not defined or imported
C:\gh\azure-sdk-for-net\sdk\redisenterprise\Microsoft.Azure.Management.RedisEnterpriseCache\tests\Properties\AssemblyInfo.cs(15,28): error CS0518: Predefined type 'System.String' is not defined or imported
C:\gh\azure-sdk-for-net\sdk\redisenterprise\Microsoft.Azure.Management.RedisEnterpriseCache\tests\Properties\AssemblyInfo.cs(16,30): error CS0518: Predefined type 'System.String' is not defined or imported
C:\gh\azure-sdk-for-net\sdk\redisenterprise\Microsoft.Azure.Management.RedisEnterpriseCache\tests\Properties\AssemblyInfo.cs(17,30): error CS0518: Predefined type 'System.String' is not defined or imported
C:\gh\azure-sdk-for-net\sdk\redisenterprise\Microsoft.Azure.Management.RedisEnterpriseCache\tests\Properties\AssemblyInfo.cs(18,28): error CS0518: Predefined type 'System.String' is not defined or imported
C:\gh\azure-sdk-for-net\sdk\redisenterprise\Microsoft.Azure.Management.RedisEnterpriseCache\tests\Properties\AssemblyInfo.cs(23,23): error CS0518: Predefined type 'System.Boolean' is not defined or imported
C:\gh\azure-sdk-for-net\sdk\redisenterprise\Microsoft.Azure.Management.RedisEnterpriseCache\tests\Properties\AssemblyInfo.cs(26,17): error CS0518: Predefined type 'System.String' is not defined or imported
C:\gh\azure-sdk-for-net\sdk\redisenterprise\Microsoft.Azure.Management.RedisEnterpriseCache\tests\Properties\AssemblyInfo.cs(38,28): error CS0518: Predefined type 'System.String' is not defined or imported
C:\gh\azure-sdk-for-net\sdk\redisenterprise\Microsoft.Azure.Management.RedisEnterpriseCache\tests\Properties\AssemblyInfo.cs(39,32): error CS0518: Predefined type 'System.String' is not defined or imported
C:\gh\azure-sdk-for-net\eng\mgmt\DisableTestRunParallel.cs(7,31): error CS0246: The type or namespace name 'DisableTestParallelization' could not be found (are you missing a using directive or an assembly reference?)
C:\gh\azure-sdk-for-net\eng\mgmt\DisableTestRunParallel.cs(7,60): error CS0518: Predefined type 'System.Boolean' is not defined or imported
C:\gh\azure-sdk-for-net\eng\mgmt\DisableTestRunParallel.cs(7,66): error CS0246: The type or namespace name 'MaxParallelThreads' could not be found (are you missing a using directive or an assembly reference?)
C:\gh\azure-sdk-for-net\eng\mgmt\DisableTestRunParallel.cs(7,87): error CS0518: Predefined type 'System.Int32' is not defined or imported
C:\gh\azure-sdk-for-net\artifacts\obj\Microsoft.Azure.Management.RedisEnterpriseCache.Tests\Debug\netcoreapp2.0\.NETCoreApp,Version=v2.0.AssemblyAttributes.cs(4,71): error CS0518: Predefined type 'System.String' is not defined or imported
C:\gh\azure-sdk-for-net\artifacts\obj\Microsoft.Azure.Management.RedisEnterpriseCache.Tests\Debug\netcoreapp2.0\.NETCoreApp,Version=v2.0.AssemblyAttributes.cs(4,99): error CS0246: The type or namespace name 'FrameworkDisplayName' could not be found (are you missing a using directive or an assembly reference?)
C:\gh\azure-sdk-for-net\artifacts\obj\Microsoft.Azure.Management.RedisEnterpriseCache.Tests\Debug\netcoreapp2.0\.NETCoreApp,Version=v2.0.AssemblyAttributes.cs(4,122): error CS0518: Predefined type 'System.String' is not defined or imported
C:\gh\azure-sdk-for-net\artifacts\obj\Microsoft.Azure.Management.RedisEnterpriseCache.Tests\Debug\netcoreapp2.0\Microsoft.Azure.Management.RedisEnterpriseCache.Tests.AssemblyInfo.cs(14,56): error CS0518: Predefined type 'System.String' is not defined or imported
C:\gh\azure-sdk-for-net\artifacts\obj\Microsoft.Azure.Management.RedisEnterpriseCache.Tests\Debug\netcoreapp2.0\Microsoft.Azure.Management.RedisEnterpriseCache.Tests.AssemblyInfo.cs(14,70): error CS0518: Predefined type 'System.String' is not defined or imported
C:\gh\azure-sdk-for-net\artifacts\obj\Microsoft.Azure.Management.RedisEnterpriseCache.Tests\Debug\netcoreapp2.0\Microsoft.Azure.Management.RedisEnterpriseCache.Tests.AssemblyInfo.cs(15,5): error CS0518: Predefined type 'System.String' is not defined or imported
C:\gh\azure-sdk-for-net\artifacts\obj\Microsoft.Azure.Management.RedisEnterpriseCache.Tests\Debug\netcoreapp2.0\Microsoft.Azure.Management.RedisEnterpriseCache.Tests.AssemblyInfo.cs(16,68): error CS0518: Predefined type 'System.String' is not defined or imported
C:\gh\azure-sdk-for-net\artifacts\obj\Microsoft.Azure.Management.RedisEnterpriseCache.Tests\Debug\netcoreapp2.0\Microsoft.Azure.Management.RedisEnterpriseCache.Tests.AssemblyInfo.cs(17,56): error CS0518: Predefined type 'System.String' is not defined or imported
C:\gh\azure-sdk-for-net\artifacts\obj\Microsoft.Azure.Management.RedisEnterpriseCache.Tests\Debug\netcoreapp2.0\Microsoft.Azure.Management.RedisEnterpriseCache.Tests.AssemblyInfo.cs(17,73): error CS0518: Predefined type 'System.String' is not defined or imported
C:\gh\azure-sdk-for-net\sdk\redisenterprise\Microsoft.Azure.Management.RedisEnterpriseCache\tests\DummyResponseDelegatingHandler.cs(5,7): error CS0246: The type or namespace name 'System' could not be found (are you missing a using directive or an assembly reference?)
C:\gh\azure-sdk-for-net\sdk\redisenterprise\Microsoft.Azure.Management.RedisEnterpriseCache\tests\DummyResponseDelegatingHandler.cs(6,7): error CS0246: The type or namespace name 'System' could not be found (are you missing a using directive or an assembly reference?)
C:\gh\azure-sdk-for-net\sdk\redisenterprise\Microsoft.Azure.Management.RedisEnterpriseCache\tests\DummyResponseDelegatingHandler.cs(7,7): error CS0246: The type or namespace name 'System' could not be found (are you missing a using directive or an assembly reference?)
C:\gh\azure-sdk-for-net\sdk\redisenterprise\Microsoft.Azure.Management.RedisEnterpriseCache\tests\DummyResponseDelegatingHandler.cs(8,7): error CS0246: The type or namespace name 'System' could not be found (are you missing a using directive or an assembly reference?)
C:\gh\azure-sdk-for-net\sdk\redisenterprise\Microsoft.Azure.Management.RedisEnterpriseCache\tests\DummyResponseDelegatingHandler.cs(9,7): error CS0246: The type or namespace name 'System' could not be found (are you missing a using directive or an assembly reference?)
C:\gh\azure-sdk-for-net\sdk\redisenterprise\Microsoft.Azure.Management.RedisEnterpriseCache\tests\Properties\AssemblyInfo.cs(4,7): error CS0246: The type or namespace name 'System' could not be found (are you missing a using directive or an assembly reference?)
C:\gh\azure-sdk-for-net\sdk\redisenterprise\Microsoft.Azure.Management.RedisEnterpriseCache\tests\Properties\AssemblyInfo.cs(5,7): error CS0246: The type or namespace name 'System' could not be found (are you missing a using directive or an assembly reference?)
C:\gh\azure-sdk-for-net\sdk\redisenterprise\Microsoft.Azure.Management.RedisEnterpriseCache\tests\Properties\AssemblyInfo.cs(6,7): error CS0246: The type or namespace name 'System' could not be found (are you missing a using directive or an assembly reference?)
C:\gh\azure-sdk-for-net\sdk\redisenterprise\Microsoft.Azure.Management.RedisEnterpriseCache\tests\ScenarioTests\BeginCreateFunctionalTests.cs(7,17): error CS0234: The type or namespace name 'Rest' does not exist in the namespace 'Microsoft' (are you missing an assembly reference?)
C:\gh\azure-sdk-for-net\sdk\redisenterprise\Microsoft.Azure.Management.RedisEnterpriseCache\tests\ScenarioTests\BeginCreateFunctionalTests.cs(8,7): error CS0246: The type or namespace name 'System' could not be found (are you missing a using directive or an assembly reference?)
C:\gh\azure-sdk-for-net\sdk\redisenterprise\Microsoft.Azure.Management.RedisEnterpriseCache\tests\ScenarioTests\BeginCreateFunctionalTests.cs(9,7): error CS0246: The type or namespace name 'System' could not be found (are you missing a using directive or an assembly reference?)
C:\gh\azure-sdk-for-net\sdk\redisenterprise\Microsoft.Azure.Management.RedisEnterpriseCache\tests\ScenarioTests\BeginCreateFunctionalTests.cs(10,7): error CS0246: The type or namespace name 'Xunit' could not be found (are you missing a using directive or an assembly reference?)
C:\gh\azure-sdk-for-net\sdk\redisenterprise\Microsoft.Azure.Management.RedisEnterpriseCache\tests\ScenarioTests\CreateUpdateDeleteFunctionalTests.cs(7,17): error CS0234: The type or namespace name 'Rest' does not exist in the namespace 'Microsoft' (are you missing an assembly reference?)
C:\gh\azure-sdk-for-net\sdk\redisenterprise\Microsoft.Azure.Management.RedisEnterpriseCache\tests\ScenarioTests\CreateUpdateDeleteFunctionalTests.cs(8,7): error CS0246: The type or namespace name 'System' could not be found (are you missing a using directive or an assembly reference?)
C:\gh\azure-sdk-for-net\sdk\redisenterprise\Microsoft.Azure.Management.RedisEnterpriseCache\tests\ScenarioTests\CreateUpdateDeleteFunctionalTests.cs(9,7): error CS0246: The type or namespace name 'System' could not be found (are you missing a using directive or an assembly reference?)
C:\gh\azure-sdk-for-net\sdk\redisenterprise\Microsoft.Azure.Management.RedisEnterpriseCache\tests\ScenarioTests\CreateUpdateDeleteFunctionalTests.cs(10,7): error CS0246: The type or namespace name 'Xunit' could not be found (are you missing a using directive or an assembly reference?)
C:\gh\azure-sdk-for-net\sdk\redisenterprise\Microsoft.Azure.Management.RedisEnterpriseCache\tests\ScenarioTests\CreateUpdateDeleteFunctionalTests.cs(11,34): error CS0234: The type or namespace name 'ResourceManager' does not exist in the namespace 'Microsoft.Azure.Management' (are you missing an assembly reference?)
C:\gh\azure-sdk-for-net\sdk\redisenterprise\Microsoft.Azure.Management.RedisEnterpriseCache\tests\ScenarioTests\RedisEnterpriseCacheManagementHelper.cs(4,7): error CS0246: The type or namespace name 'System' could not be found (are you missing a using directive or an assembly reference?)
C:\gh\azure-sdk-for-net\sdk\redisenterprise\Microsoft.Azure.Management.RedisEnterpriseCache\tests\ScenarioTests\RedisEnterpriseCacheManagementHelper.cs(8,34): error CS0234: The type or namespace name 'ResourceManager' does not exist in the namespace 'Microsoft.Azure.Management' (are you missing an assembly reference?)
C:\gh\azure-sdk-for-net\sdk\redisenterprise\Microsoft.Azure.Management.RedisEnterpriseCache\tests\ScenarioTests\RedisEnterpriseCacheManagementHelper.cs(9,34): error CS0234: The type or namespace name 'ResourceManager' does not exist in the namespace 'Microsoft.Azure.Management' (are you missing an assembly reference?)
C:\gh\azure-sdk-for-net\sdk\redisenterprise\Microsoft.Azure.Management.RedisEnterpriseCache\tests\ScenarioTests\RedisEnterpriseCacheManagementHelper.cs(10,17): error CS0234: The type or namespace name 'Rest' does not exist in the namespace 'Microsoft' (are you missing an assembly reference?)
C:\gh\azure-sdk-for-net\sdk\redisenterprise\Microsoft.Azure.Management.RedisEnterpriseCache\tests\ScenarioTests\RedisEnterpriseCacheManagementTestUtilities.cs(5,34): error CS0234: The type or namespace name 'ResourceManager' does not exist in the namespace 'Microsoft.Azure.Management' (are you missing an assembly reference?)
C:\gh\azure-sdk-for-net\sdk\redisenterprise\Microsoft.Azure.Management.RedisEnterpriseCache\tests\ScenarioTests\RedisEnterpriseCacheManagementTestUtilities.cs(6,17): error CS0234: The type or namespace name 'Rest' does not exist in the namespace 'Microsoft' (are you missing an assembly reference?)
C:\gh\azure-sdk-for-net\sdk\redisenterprise\Microsoft.Azure.Management.RedisEnterpriseCache\tests\ScenarioTests\TestsFixture.cs(6,23): error CS0234: The type or namespace name 'Test' does not exist in the namespace 'Microsoft.Azure' (are you missing an assembly reference?)
C:\gh\azure-sdk-for-net\sdk\redisenterprise\Microsoft.Azure.Management.RedisEnterpriseCache\tests\ScenarioTests\TestsFixture.cs(7,23): error CS0234: The type or namespace name 'Test' does not exist in the namespace 'Microsoft.Azure' (are you missing an assembly reference?)
C:\gh\azure-sdk-for-net\sdk\redisenterprise\Microsoft.Azure.Management.RedisEnterpriseCache\tests\ScenarioTests\TestsFixture.cs(8,17): error CS0234: The type or namespace name 'Rest' does not exist in the namespace 'Microsoft' (are you missing an assembly reference?)
C:\gh\azure-sdk-for-net\sdk\redisenterprise\Microsoft.Azure.Management.RedisEnterpriseCache\tests\ScenarioTests\TestsFixture.cs(9,7): error CS0246: The type or namespace name 'System' could not be found (are you missing a using directive or an assembly reference?)
C:\gh\azure-sdk-for-net\sdk\redisenterprise\Microsoft.Azure.Management.RedisEnterpriseCache\tests\ScenarioTests\TestsFixture.cs(10,7): error CS0246: The type or namespace name 'System' could not be found (are you missing a using directive or an assembly reference?)
C:\gh\azure-sdk-for-net\sdk\redisenterprise\Microsoft.Azure.Management.RedisEnterpriseCache\tests\ScenarioTests\TestsFixture.cs(11,7): error CS0246: The type or namespace name 'System' could not be found (are you missing a using directive or an assembly reference?)
C:\gh\azure-sdk-for-net\sdk\redisenterprise\Microsoft.Azure.Management.RedisEnterpriseCache\tests\ScenarioTests\TestsFixture.cs(12,7): error CS0246: The type or namespace name 'System' could not be found (are you missing a using directive or an assembly reference?)
C:\gh\azure-sdk-for-net\sdk\redisenterprise\Microsoft.Azure.Management.RedisEnterpriseCache\tests\ScenarioTests\TestsFixture.cs(13,7): error CS0246: The type or namespace name 'System' could not be found (are you missing a using directive or an assembly reference?)
C:\gh\azure-sdk-for-net\sdk\redisenterprise\Microsoft.Azure.Management.RedisEnterpriseCache\tests\Utility.cs(7,17): error CS0234: The type or namespace name 'Rest' does not exist in the namespace 'Microsoft' (are you missing an assembly reference?)
C:\gh\azure-sdk-for-net\sdk\redisenterprise\Microsoft.Azure.Management.RedisEnterpriseCache\tests\Utility.cs(8,7): error CS0246: The type or namespace name 'System' could not be found (are you missing a using directive or an assembly reference?)
C:\gh\azure-sdk-for-net\sdk\redisenterprise\Microsoft.Azure.Management.RedisEnterpriseCache\tests\Utility.cs(9,7): error CS0246: The type or namespace name 'System' could not be found (are you missing a using directive or an assembly reference?)
C:\gh\azure-sdk-for-net\sdk\redisenterprise\Microsoft.Azure.Management.RedisEnterpriseCache\tests\Utility.cs(10,7): error CS0246: The type or namespace name 'System' could not be found (are you missing a using directive or an assembly reference?)
C:\gh\azure-sdk-for-net\sdk\redisenterprise\Microsoft.Azure.Management.RedisEnterpriseCache\tests\Utility.cs(11,7): error CS0246: The type or namespace name 'System' could not be found (are you missing a using directive or an assembly reference?)
C:\gh\azure-sdk-for-net\sdk\redisenterprise\Microsoft.Azure.Management.RedisEnterpriseCache\tests\Utility.cs(12,7): error CS0246: The type or namespace name 'System' could not be found (are you missing a using directive or an assembly reference?)
C:\gh\azure-sdk-for-net\sdk\redisenterprise\Microsoft.Azure.Management.RedisEnterpriseCache\tests\Utility.cs(13,7): error CS0246: The type or namespace name 'System' could not be found (are you missing a using directive or an assembly reference?)
C:\gh\azure-sdk-for-net\sdk\redisenterprise\Microsoft.Azure.Management.RedisEnterpriseCache\tests\Utility.cs(14,7): error CS0246: The type or namespace name 'System' could not be found (are you missing a using directive or an assembly reference?)
C:\gh\azure-sdk-for-net\sdk\redisenterprise\Microsoft.Azure.Management.RedisEnterpriseCache\tests\Utility.cs(15,7): error CS0246: The type or namespace name 'System' could not be found (are you missing a using directive or an assembly reference?)
C:\gh\azure-sdk-for-net\eng\mgmt\DisableTestRunParallel.cs(4,7): error CS0246: The type or namespace name 'System' could not be found (are you missing a using directive or an assembly reference?)
C:\gh\azure-sdk-for-net\eng\mgmt\DisableTestRunParallel.cs(5,7): error CS0246: The type or namespace name 'Xunit' could not be found (are you missing a using directive or an assembly reference?)
C:\gh\azure-sdk-for-net\artifacts\obj\Microsoft.Azure.Management.RedisEnterpriseCache.Tests\Debug\netcoreapp2.0\.NETCoreApp,Version=v2.0.AssemblyAttributes.cs(2,7): error CS0246: The type or namespace name 'System' could not be found (are you missing a using directive or an assembly reference?)
C:\gh\azure-sdk-for-net\artifacts\obj\Microsoft.Azure.Management.RedisEnterpriseCache.Tests\Debug\netcoreapp2.0\.NETCoreApp,Version=v2.0.AssemblyAttributes.cs(3,7): error CS0246: The type or namespace name 'System' could not be found (are you missing a using directive or an assembly reference?)
C:\gh\azure-sdk-for-net\artifacts\obj\Microsoft.Azure.Management.RedisEnterpriseCache.Tests\Debug\netcoreapp2.0\Microsoft.Azure.Management.RedisEnterpriseCache.Tests.AssemblyInfo.cs(11,7): error CS0246: The type or namespace name 'System' could not be found (are you missing a using directive or an assembly reference?)
C:\gh\azure-sdk-for-net\artifacts\obj\Microsoft.Azure.Management.RedisEnterpriseCache.Tests\Debug\netcoreapp2.0\Microsoft.Azure.Management.RedisEnterpriseCache.Tests.AssemblyInfo.cs(12,7): error CS0246: The type or namespace name 'System' could not be found (are you missing a using directive or an assembly reference?)
C:\gh\azure-sdk-for-net\sdk\redisenterprise\Microsoft.Azure.Management.RedisEnterpriseCache\tests\ScenarioTests\RedisEnterpriseCacheManagementTestUtilities.cs(10,25): error CS0518: Predefined type 'System.Object' is not defined or imported
C:\gh\azure-sdk-for-net\sdk\redisenterprise\Microsoft.Azure.Management.RedisEnterpriseCache\tests\Utility.cs(19,25): error CS0518: Predefined type 'System.Object' is not defined or imported
C:\gh\azure-sdk-for-net\sdk\redisenterprise\Microsoft.Azure.Management.RedisEnterpriseCache\tests\ScenarioTests\RedisEnterpriseCacheManagementHelper.cs(17,23): error CS0518: Predefined type 'System.String' is not defined or imported
C:\gh\azure-sdk-for-net\sdk\redisenterprise\Microsoft.Azure.Management.RedisEnterpriseCache\tests\ScenarioTests\BeginCreateFunctionalTests.cs(16,10): error CS0518: Predefined type 'System.Object' is not defined or imported
C:\gh\azure-sdk-for-net\sdk\redisenterprise\Microsoft.Azure.Management.RedisEnterpriseCache\tests\ScenarioTests\BeginCreateFunctionalTests.cs(16,10): error CS0246: The type or namespace name 'FactAttribute' could not be found (are you missing a using directive or an assembly reference?)
C:\gh\azure-sdk-for-net\sdk\redisenterprise\Microsoft.Azure.Management.RedisEnterpriseCache\tests\ScenarioTests\BeginCreateFunctionalTests.cs(16,10): error CS0246: The type or namespace name 'Fact' could not be found (are you missing a using directive or an assembly reference?)
C:\gh\azure-sdk-for-net\sdk\redisenterprise\Microsoft.Azure.Management.RedisEnterpriseCache\tests\ScenarioTests\CreateUpdateDeleteFunctionalTests.cs(24,10): error CS0518: Predefined type 'System.Object' is not defined or imported
C:\gh\azure-sdk-for-net\sdk\redisenterprise\Microsoft.Azure.Management.RedisEnterpriseCache\tests\ScenarioTests\CreateUpdateDeleteFunctionalTests.cs(24,10): error CS0246: The type or namespace name 'FactAttribute' could not be found (are you missing a using directive or an assembly reference?)
C:\gh\azure-sdk-for-net\sdk\redisenterprise\Microsoft.Azure.Management.RedisEnterpriseCache\tests\ScenarioTests\CreateUpdateDeleteFunctionalTests.cs(24,10): error CS0246: The type or namespace name 'Fact' could not be found (are you missing a using directive or an assembly reference?)
C:\gh\azure-sdk-for-net\sdk\redisenterprise\Microsoft.Azure.Management.RedisEnterpriseCache\tests\ScenarioTests\TestsFixture.cs(19,43): error CS0518: Predefined type 'System.Void' is not defined or imported
C:\gh\azure-sdk-for-net\sdk\redisenterprise\Microsoft.Azure.Management.RedisEnterpriseCache\tests\ScenarioTests\TestsFixture.cs(20,50): error CS0518: Predefined type 'System.Void' is not defined or imported
C:\gh\azure-sdk-for-net\sdk\redisenterprise\Microsoft.Azure.Management.RedisEnterpriseCache\tests\ScenarioTests\TestsFixture.cs(21,38): error CS0518: Predefined type 'System.Void' is not defined or imported
C:\gh\azure-sdk-for-net\sdk\redisenterprise\Microsoft.Azure.Management.RedisEnterpriseCache\tests\ScenarioTests\TestsFixture.cs(19,16): error CS0518: Predefined type 'System.String' is not defined or imported
C:\gh\azure-sdk-for-net\sdk\redisenterprise\Microsoft.Azure.Management.RedisEnterpriseCache\tests\ScenarioTests\TestsFixture.cs(20,16): error CS0518: Predefined type 'System.String' is not defined or imported
C:\gh\azure-sdk-for-net\sdk\redisenterprise\Microsoft.Azure.Management.RedisEnterpriseCache\tests\ScenarioTests\TestsFixture.cs(21,16): error CS0518: Predefined type 'System.String' is not defined or imported
C:\gh\azure-sdk-for-net\sdk\redisenterprise\Microsoft.Azure.Management.RedisEnterpriseCache\tests\ScenarioTests\RedisEnterpriseCacheManagementHelper.cs(16,41): error CS0518: Predefined type 'System.String' is not defined or imported
C:\gh\azure-sdk-for-net\sdk\redisenterprise\Microsoft.Azure.Management.RedisEnterpriseCache\tests\ScenarioTests\RedisEnterpriseCacheManagementHelper.cs(17,50): error CS0518: Predefined type 'System.String' is not defined or imported
C:\gh\azure-sdk-for-net\sdk\redisenterprise\Microsoft.Azure.Management.RedisEnterpriseCache\tests\ScenarioTests\RedisEnterpriseCacheManagementTestUtilities.cs(19,45): error CS0518: Predefined type 'System.Object' is not defined or imported
C:\gh\azure-sdk-for-net\sdk\redisenterprise\Microsoft.Azure.Management.RedisEnterpriseCache\tests\ScenarioTests\RedisEnterpriseCacheManagementTestUtilities.cs(29,45): error CS0518: Predefined type 'System.Object' is not defined or imported
C:\gh\azure-sdk-for-net\sdk\redisenterprise\Microsoft.Azure.Management.RedisEnterpriseCache\tests\ScenarioTests\RedisEnterpriseCacheManagementTestUtilities.cs(29,45): error CS0246: The type or namespace name 'ResourceManagementClient' could not be found (are you missing a using directive or an assembly reference?)
C:\gh\azure-sdk-for-net\sdk\redisenterprise\Microsoft.Azure.Management.RedisEnterpriseCache\tests\ScenarioTests\RedisEnterpriseCacheManagementHelper.cs(25,23): error CS0518: Predefined type 'System.Object' is not defined or imported
C:\gh\azure-sdk-for-net\sdk\redisenterprise\Microsoft.Azure.Management.RedisEnterpriseCache\tests\ScenarioTests\RedisEnterpriseCacheManagementHelper.cs(25,67): error CS0518: Predefined type 'System.Object' is not defined or imported
C:\gh\azure-sdk-for-net\sdk\redisenterprise\Microsoft.Azure.Management.RedisEnterpriseCache\tests\ScenarioTests\RedisEnterpriseCacheManagementHelper.cs(23,16): error CS1729: 'object' does not contain a constructor that takes 0 arguments
C:\gh\azure-sdk-for-net\sdk\redisenterprise\Microsoft.Azure.Management.RedisEnterpriseCache\tests\ScenarioTests\TestsFixture.cs(28,28): error CS0518: Predefined type 'System.Object' is not defined or imported
C:\gh\azure-sdk-for-net\sdk\redisenterprise\Microsoft.Azure.Management.RedisEnterpriseCache\tests\ScenarioTests\TestsFixture.cs(28,28): error CS0246: The type or namespace name 'MockContext' could not be found (are you missing a using directive or an assembly reference?)
C:\gh\azure-sdk-for-net\sdk\redisenterprise\Microsoft.Azure.Management.RedisEnterpriseCache\tests\ScenarioTests\TestsFixture.cs(29,13): error CS0518: Predefined type 'System.Object' is not defined or imported
C:\gh\azure-sdk-for-net\sdk\redisenterprise\Microsoft.Azure.Management.RedisEnterpriseCache\tests\ScenarioTests\TestsFixture.cs(29,13): error CS0103: The name 'MockContext' does not exist in the current context
C:\gh\azure-sdk-for-net\sdk\redisenterprise\Microsoft.Azure.Management.RedisEnterpriseCache\tests\ScenarioTests\TestsFixture.cs(29,36): error CS0518: Predefined type 'System.Object' is not defined or imported
C:\gh\azure-sdk-for-net\sdk\redisenterprise\Microsoft.Azure.Management.RedisEnterpriseCache\tests\ScenarioTests\TestsFixture.cs(29,36): error CS1061: 'TestsFixture' does not contain a definition for 'GetType' and no accessible extension method 'GetType' accepting a first argument of type 'TestsFixture' could be found (are you missing a using directive or an assembly reference?)
C:\gh\azure-sdk-for-net\sdk\redisenterprise\Microsoft.Azure.Management.RedisEnterpriseCache\tests\ScenarioTests\TestsFixture.cs(29,47): error CS0518: Predefined type 'System.String' is not defined or imported
C:\gh\azure-sdk-for-net\sdk\redisenterprise\Microsoft.Azure.Management.RedisEnterpriseCache\tests\ScenarioTests\TestsFixture.cs(32,61): error CS0518: Predefined type 'System.Object' is not defined or imported
C:\gh\azure-sdk-for-net\sdk\redisenterprise\Microsoft.Azure.Management.RedisEnterpriseCache\tests\ScenarioTests\TestsFixture.cs(32,98): error CS1503: Argument 1: cannot convert from 'AzureRedisEnterpriseCache.Tests.TestsFixture' to 'TestBase'
C:\gh\azure-sdk-for-net\sdk\redisenterprise\Microsoft.Azure.Management.RedisEnterpriseCache\tests\ScenarioTests\TestsFixture.cs(33,55): error CS0518: Predefined type 'System.Object' is not defined or imported
C:\gh\azure-sdk-for-net\sdk\redisenterprise\Microsoft.Azure.Management.RedisEnterpriseCache\tests\ScenarioTests\TestsFixture.cs(35,37): error CS0518: Predefined type 'System.Object' is not defined or imported
C:\gh\azure-sdk-for-net\sdk\redisenterprise\Microsoft.Azure.Management.RedisEnterpriseCache\tests\ScenarioTests\TestsFixture.cs(35,37): error CS0103: The name 'TestUtilities' does not exist in the current context
C:\gh\azure-sdk-for-net\sdk\redisenterprise\Microsoft.Azure.Management.RedisEnterpriseCache\tests\ScenarioTests\TestsFixture.cs(35,64): error CS0518: Predefined type 'System.String' is not defined or imported
C:\gh\azure-sdk-for-net\sdk\redisenterprise\Microsoft.Azure.Management.RedisEnterpriseCache\tests\ScenarioTests\TestsFixture.cs(36,44): error CS0518: Predefined type 'System.Object' is not defined or imported
C:\gh\azure-sdk-for-net\sdk\redisenterprise\Microsoft.Azure.Management.RedisEnterpriseCache\tests\ScenarioTests\TestsFixture.cs(36,44): error CS0103: The name 'TestUtilities' does not exist in the current context
C:\gh\azure-sdk-for-net\sdk\redisenterprise\Microsoft.Azure.Management.RedisEnterpriseCache\tests\ScenarioTests\TestsFixture.cs(36,71): error CS0518: Predefined type 'System.String' is not defined or imported
C:\gh\azure-sdk-for-net\sdk\redisenterprise\Microsoft.Azure.Management.RedisEnterpriseCache\tests\ScenarioTests\TestsFixture.cs(37,32): error CS0518: Predefined type 'System.String' is not defined or imported
C:\gh\azure-sdk-for-net\sdk\redisenterprise\Microsoft.Azure.Management.RedisEnterpriseCache\tests\ScenarioTests\TestsFixture.cs(38,55): error CS0518: Predefined type 'System.Object' is not defined or imported
C:\gh\azure-sdk-for-net\sdk\redisenterprise\Microsoft.Azure.Management.RedisEnterpriseCache\tests\ScenarioTests\TestsFixture.cs(38,97): error CS0518: Predefined type 'System.Object' is not defined or imported
C:\gh\azure-sdk-for-net\sdk\redisenterprise\Microsoft.Azure.Management.RedisEnterpriseCache\tests\ScenarioTests\TestsFixture.cs(40,20): error CS0518: Predefined type 'System.Object' is not defined or imported
C:\gh\azure-sdk-for-net\sdk\redisenterprise\Microsoft.Azure.Management.RedisEnterpriseCache\tests\ScenarioTests\TestsFixture.cs(40,20): error CS0246: The type or namespace name 'Exception' could not be found (are you missing a using directive or an assembly reference?)
C:\gh\azure-sdk-for-net\sdk\redisenterprise\Microsoft.Azure.Management.RedisEnterpriseCache\tests\ScenarioTests\TestsFixture.cs(42,17): error CS0518: Predefined type 'System.Object' is not defined or imported
C:\gh\azure-sdk-for-net\sdk\redisenterprise\Microsoft.Azure.Management.RedisEnterpriseCache\tests\ScenarioTests\TestsFixture.cs(47,17): error CS0518: Predefined type 'System.Object' is not defined or imported
C:\gh\azure-sdk-for-net\sdk\redisenterprise\Microsoft.Azure.Management.RedisEnterpriseCache\tests\ScenarioTests\TestsFixture.cs(47,17): error CS0103: The name 'HttpMockServer' does not exist in the current context
C:\gh\azure-sdk-for-net\sdk\redisenterprise\Microsoft.Azure.Management.RedisEnterpriseCache\tests\ScenarioTests\TestsFixture.cs(54,13): error CS0518: Predefined type 'System.Object' is not defined or imported
C:\gh\azure-sdk-for-net\sdk\redisenterprise\Microsoft.Azure.Management.RedisEnterpriseCache\tests\ScenarioTests\RedisEnterpriseCacheManagementHelper.cs(33,13): error CS0518: Predefined type 'System.Object' is not defined or imported
C:\gh\azure-sdk-for-net\sdk\redisenterprise\Microsoft.Azure.Management.RedisEnterpriseCache\tests\ScenarioTests\RedisEnterpriseCacheManagementHelper.cs(33,25): error CS0518: Predefined type 'System.Boolean' is not defined or imported
C:\gh\azure-sdk-for-net\sdk\redisenterprise\Microsoft.Azure.Management.RedisEnterpriseCache\tests\ScenarioTests\RedisEnterpriseCacheManagementHelper.cs(33,38): error CS0518: Predefined type 'System.String' is not defined or imported
C:\gh\azure-sdk-for-net\sdk\redisenterprise\Microsoft.Azure.Management.RedisEnterpriseCache\tests\ScenarioTests\RedisEnterpriseCacheManagementHelper.cs(36,13): error CS0518: Predefined type 'System.Object' is not defined or imported
C:\gh\azure-sdk-for-net\sdk\redisenterprise\Microsoft.Azure.Management.RedisEnterpriseCache\tests\ScenarioTests\RedisEnterpriseCacheManagementHelper.cs(36,25): error CS0518: Predefined type 'System.Boolean' is not defined or imported
C:\gh\azure-sdk-for-net\sdk\redisenterprise\Microsoft.Azure.Management.RedisEnterpriseCache\tests\ScenarioTests\RedisEnterpriseCacheManagementHelper.cs(36,54): error CS0518: Predefined type 'System.String' is not defined or imported
C:\gh\azure-sdk-for-net\sdk\redisenterprise\Microsoft.Azure.Management.RedisEnterpriseCache\tests\ScenarioTests\RedisEnterpriseCacheManagementHelper.cs(37,13): error CS0518: Predefined type 'System.Object' is not defined or imported
C:\gh\azure-sdk-for-net\sdk\redisenterprise\Microsoft.Azure.Management.RedisEnterpriseCache\tests\ScenarioTests\RedisEnterpriseCacheManagementHelper.cs(37,25): error CS0518: Predefined type 'System.String' is not defined or imported
C:\gh\azure-sdk-for-net\sdk\redisenterprise\Microsoft.Azure.Management.RedisEnterpriseCache\tests\ScenarioTests\RedisEnterpriseCacheManagementHelper.cs(37,71): error CS0518: Predefined type 'System.String' is not defined or imported
C:\gh\azure-sdk-for-net\sdk\redisenterprise\Microsoft.Azure.Management.RedisEnterpriseCache\tests\ScenarioTests\RedisEnterpriseCacheManagementHelper.cs(38,13): error CS0518: Predefined type 'System.Object' is not defined or imported
C:\gh\azure-sdk-for-net\sdk\redisenterprise\Microsoft.Azure.Management.RedisEnterpriseCache\tests\ScenarioTests\RedisEnterpriseCacheManagementHelper.cs(38,25): error CS0518: Predefined type 'System.Boolean' is not defined or imported
C:\gh\azure-sdk-for-net\sdk\redisenterprise\Microsoft.Azure.Management.RedisEnterpriseCache\tests\ScenarioTests\RedisEnterpriseCacheManagementHelper.cs(38,113): error CS0518: Predefined type 'System.Int32' is not defined or imported
C:\gh\azure-sdk-for-net\sdk\redisenterprise\Microsoft.Azure.Management.RedisEnterpriseCache\tests\ScenarioTests\RedisEnterpriseCacheManagementHelper.cs(38,70): error CS0518: Predefined type 'System.Boolean' is not defined or imported
C:\gh\azure-sdk-for-net\sdk\redisenterprise\Microsoft.Azure.Management.RedisEnterpriseCache\tests\ScenarioTests\RedisEnterpriseCacheManagementHelper.cs(38,116): error CS0518: Predefined type 'System.String' is not defined or imported
C:\gh\azure-sdk-for-net\sdk\redisenterprise\Microsoft.Azure.Management.RedisEnterpriseCache\tests\ScenarioTests\RedisEnterpriseCacheManagementHelper.cs(39,13): error CS0518: Predefined type 'System.Object' is not defined or imported
C:\gh\azure-sdk-for-net\sdk\redisenterprise\Microsoft.Azure.Management.RedisEnterpriseCache\tests\ScenarioTests\RedisEnterpriseCacheManagementHelper.cs(39,59): error CS0518: Predefined type 'System.Int32' is not defined or imported
C:\gh\azure-sdk-for-net\sdk\redisenterprise\Microsoft.Azure.Management.RedisEnterpriseCache\tests\ScenarioTests\RedisEnterpriseCacheManagementHelper.cs(39,25): error CS0518: Predefined type 'System.Boolean' is not defined or imported
C:\gh\azure-sdk-for-net\sdk\redisenterprise\Microsoft.Azure.Management.RedisEnterpriseCache\tests\ScenarioTests\RedisEnterpriseCacheManagementHelper.cs(39,117): error CS0518: Predefined type 'System.Int32' is not defined or imported
C:\gh\azure-sdk-for-net\sdk\redisenterprise\Microsoft.Azure.Management.RedisEnterpriseCache\tests\ScenarioTests\RedisEnterpriseCacheManagementHelper.cs(39,139): error CS0518: Predefined type 'System.Int32' is not defined or imported
C:\gh\azure-sdk-for-net\sdk\redisenterprise\Microsoft.Azure.Management.RedisEnterpriseCache\tests\ScenarioTests\RedisEnterpriseCacheManagementHelper.cs(39,83): error CS0518: Predefined type 'System.Boolean' is not defined or imported
C:\gh\azure-sdk-for-net\sdk\redisenterprise\Microsoft.Azure.Management.RedisEnterpriseCache\tests\ScenarioTests\RedisEnterpriseCacheManagementHelper.cs(39,142): error CS0518: Predefined type 'System.String' is not defined or imported
C:\gh\azure-sdk-for-net\sdk\redisenterprise\Microsoft.Azure.Management.RedisEnterpriseCache\tests\ScenarioTests\TestsFixture.cs(59,17): error CS0518: Predefined type 'System.Object' is not defined or imported
C:\gh\azure-sdk-for-net\sdk\redisenterprise\Microsoft.Azure.Management.RedisEnterpriseCache\tests\ScenarioTests\TestsFixture.cs(59,17): error CS0103: The name 'HttpMockServer' does not exist in the current context
C:\gh\azure-sdk-for-net\sdk\redisenterprise\Microsoft.Azure.Management.RedisEnterpriseCache\tests\ScenarioTests\TestsFixture.cs(59,40): error CS0518: Predefined type 'System.Object' is not defined or imported
C:\gh\azure-sdk-for-net\sdk\redisenterprise\Microsoft.Azure.Management.RedisEnterpriseCache\tests\ScenarioTests\TestsFixture.cs(59,40): error CS0103: The name 'HttpRecorderMode' does not exist in the current context
C:\gh\azure-sdk-for-net\sdk\redisenterprise\Microsoft.Azure.Management.RedisEnterpriseCache\tests\ScenarioTests\TestsFixture.cs(59,17): error CS0518: Predefined type 'System.Boolean' is not defined or imported
C:\gh\azure-sdk-for-net\sdk\redisenterprise\Microsoft.Azure.Management.RedisEnterpriseCache\tests\ScenarioTests\TestsFixture.cs(59,17): error CS0518: Predefined type 'System.Boolean' is not defined or imported
C:\gh\azure-sdk-for-net\sdk\redisenterprise\Microsoft.Azure.Management.RedisEnterpriseCache\tests\ScenarioTests\TestsFixture.cs(61,17): error CS0518: Predefined type 'System.Object' is not defined or imported
C:\gh\azure-sdk-for-net\sdk\redisenterprise\Microsoft.Azure.Management.RedisEnterpriseCache\tests\ScenarioTests\TestsFixture.cs(61,17): error CS0103: The name 'HttpMockServer' does not exist in the current context
C:\gh\azure-sdk-for-net\sdk\redisenterprise\Microsoft.Azure.Management.RedisEnterpriseCache\tests\ScenarioTests\TestsFixture.cs(61,48): error CS0518: Predefined type 'System.Object' is not defined or imported
C:\gh\azure-sdk-for-net\sdk\redisenterprise\Microsoft.Azure.Management.RedisEnterpriseCache\tests\ScenarioTests\TestsFixture.cs(61,48): error CS1061: 'TestsFixture' does not contain a definition for 'GetType' and no accessible extension method 'GetType' accepting a first argument of type 'TestsFixture' could be found (are you missing a using directive or an assembly reference?)
C:\gh\azure-sdk-for-net\sdk\redisenterprise\Microsoft.Azure.Management.RedisEnterpriseCache\tests\ScenarioTests\TestsFixture.cs(61,59): error CS0518: Predefined type 'System.String' is not defined or imported
C:\gh\azure-sdk-for-net\sdk\redisenterprise\Microsoft.Azure.Management.RedisEnterpriseCache\tests\ScenarioTests\TestsFixture.cs(63,17): error CS0518: Predefined type 'System.Boolean' is not defined or imported
C:\gh\azure-sdk-for-net\sdk\redisenterprise\Microsoft.Azure.Management.RedisEnterpriseCache\tests\ScenarioTests\TestsFixture.cs(63,17): error CS0518: Predefined type 'System.Boolean' is not defined or imported
C:\gh\azure-sdk-for-net\sdk\redisenterprise\Microsoft.Azure.Management.RedisEnterpriseCache\tests\Utility.cs(23,36): error CS0518: Predefined type 'System.Object' is not defined or imported
C:\gh\azure-sdk-for-net\sdk\redisenterprise\Microsoft.Azure.Management.RedisEnterpriseCache\tests\Utility.cs(23,36): error CS0246: The type or namespace name 'HttpResponseMessage' could not be found (are you missing a using directive or an assembly reference?)
C:\gh\azure-sdk-for-net\sdk\redisenterprise\Microsoft.Azure.Management.RedisEnterpriseCache\tests\Utility.cs(24,40): error CS0518: Predefined type 'System.Object' is not defined or imported
C:\gh\azure-sdk-for-net\sdk\redisenterprise\Microsoft.Azure.Management.RedisEnterpriseCache\tests\Utility.cs(24,40): error CS0246: The type or namespace name 'StreamContent' could not be found (are you missing a using directive or an assembly reference?)
C:\gh\azure-sdk-for-net\sdk\redisenterprise\Microsoft.Azure.Management.RedisEnterpriseCache\tests\Utility.cs(24,54): error CS0518: Predefined type 'System.Object' is not defined or imported
C:\gh\azure-sdk-for-net\sdk\redisenterprise\Microsoft.Azure.Management.RedisEnterpriseCache\tests\Utility.cs(25,18): error CS0518: Predefined type 'System.Object' is not defined or imported
C:\gh\azure-sdk-for-net\sdk\redisenterprise\Microsoft.Azure.Management.RedisEnterpriseCache\tests\Utility.cs(25,18): error CS0103: The name 'String' does not exist in the current context
C:\gh\azure-sdk-for-net\sdk\redisenterprise\Microsoft.Azure.Management.RedisEnterpriseCache\tests\Utility.cs(25,17): error CS0518: Predefined type 'System.Boolean' is not defined or imported
C:\gh\azure-sdk-for-net\sdk\redisenterprise\Microsoft.Azure.Management.RedisEnterpriseCache\tests\Utility.cs(27,42): error CS0518: Predefined type 'System.String' is not defined or imported
C:\gh\azure-sdk-for-net\sdk\redisenterprise\Microsoft.Azure.Management.RedisEnterpriseCache\tests\Utility.cs(31,29): error CS0518: Predefined type 'System.Object' is not defined or imported
C:\gh\azure-sdk-for-net\sdk\redisenterprise\Microsoft.Azure.Management.RedisEnterpriseCache\tests\Utility.cs(31,29): error CS0246: The type or namespace name 'TokenCredentials' could not be found (are you missing a using directive or an assembly reference?)
C:\gh\azure-sdk-for-net\sdk\redisenterprise\Microsoft.Azure.Management.RedisEnterpriseCache\tests\Utility.cs(31,46): error CS0518: Predefined type 'System.Object' is not defined or imported
C:\gh\azure-sdk-for-net\sdk\redisenterprise\Microsoft.Azure.Management.RedisEnterpriseCache\tests\Utility.cs(31,46): error CS0103: The name 'Guid' does not exist in the current context
C:\gh\azure-sdk-for-net\sdk\redisenterprise\Microsoft.Azure.Management.RedisEnterpriseCache\tests\Utility.cs(31,73): error CS0518: Predefined type 'System.String' is not defined or imported
C:\gh\azure-sdk-for-net\sdk\redisenterprise\Microsoft.Azure.Management.RedisEnterpriseCache\tests\Utility.cs(32,13): error CS0518: Predefined type 'System.Object' is not defined or imported
C:\gh\azure-sdk-for-net\sdk\redisenterprise\Microsoft.Azure.Management.RedisEnterpriseCache\tests\Utility.cs(32,48): error CS0518: Predefined type 'System.Object' is not defined or imported
C:\gh\azure-sdk-for-net\sdk\redisenterprise\Microsoft.Azure.Management.RedisEnterpriseCache\tests\Utility.cs(32,81): error CS0518: Predefined type 'System.Object' is not defined or imported
C:\gh\azure-sdk-for-net\sdk\redisenterprise\Microsoft.Azure.Management.RedisEnterpriseCache\tests\Utility.cs(32,48): error CS0518: Predefined type 'System.Object' is not defined or imported
C:\gh\azure-sdk-for-net\sdk\redisenterprise\Microsoft.Azure.Management.RedisEnterpriseCache\tests\Utility.cs(32,48): error CS0518: Predefined type 'System.Void' is not defined or imported
C:\gh\azure-sdk-for-net\sdk\redisenterprise\Microsoft.Azure.Management.RedisEnterpriseCache\tests\Utility.cs(33,20): error CS0518: Predefined type 'System.String' is not defined or imported
C:\gh\azure-sdk-for-net\sdk\redisenterprise\Microsoft.Azure.Management.RedisEnterpriseCache\tests\Utility.cs(33,37): error CS0518: Predefined type 'System.String' is not defined or imported
C:\gh\azure-sdk-for-net\sdk\redisenterprise\Microsoft.Azure.Management.RedisEnterpriseCache\tests\Utility.cs(34,20): error CS0012: The type 'Nullable<>' is defined in an assembly that is not referenced. You must add a reference to assembly 'mscorlib, Version=4.0.0.0, Culture=neutral, PublicKeyToken=b77a5c561934e089'.
C:\gh\azure-sdk-for-net\sdk\redisenterprise\Microsoft.Azure.Management.RedisEnterpriseCache\tests\Utility.cs(34,55): error CS0518: Predefined type 'System.Int32' is not defined or imported
C:\gh\azure-sdk-for-net\sdk\redisenterprise\Microsoft.Azure.Management.RedisEnterpriseCache\tests\Utility.cs(40,13): error CS0518: Predefined type 'System.Object' is not defined or imported
C:\gh\azure-sdk-for-net\sdk\redisenterprise\Microsoft.Azure.Management.RedisEnterpriseCache\tests\Utility.cs(40,13): error CS0246: The type or namespace name 'MemoryStream' could not be found (are you missing a using directive or an assembly reference?)
C:\gh\azure-sdk-for-net\sdk\redisenterprise\Microsoft.Azure.Management.RedisEnterpriseCache\tests\Utility.cs(40,39): error CS0518: Predefined type 'System.Object' is not defined or imported
C:\gh\azure-sdk-for-net\sdk\redisenterprise\Microsoft.Azure.Management.RedisEnterpriseCache\tests\Utility.cs(40,39): error CS0246: The type or namespace name 'MemoryStream' could not be found (are you missing a using directive or an assembly reference?)
C:\gh\azure-sdk-for-net\sdk\redisenterprise\Microsoft.Azure.Management.RedisEnterpriseCache\tests\Utility.cs(41,13): error CS0518: Predefined type 'System.Object' is not defined or imported
C:\gh\azure-sdk-for-net\sdk\redisenterprise\Microsoft.Azure.Management.RedisEnterpriseCache\tests\Utility.cs(41,13): error CS0246: The type or namespace name 'StreamWriter' could not be found (are you missing a using directive or an assembly reference?)
C:\gh\azure-sdk-for-net\sdk\redisenterprise\Microsoft.Azure.Management.RedisEnterpriseCache\tests\Utility.cs(41,39): error CS0518: Predefined type 'System.Object' is not defined or imported
C:\gh\azure-sdk-for-net\sdk\redisenterprise\Microsoft.Azure.Management.RedisEnterpriseCache\tests\Utility.cs(41,39): error CS0246: The type or namespace name 'StreamWriter' could not be found (are you missing a using directive or an assembly reference?)
C:\gh\azure-sdk-for-net\sdk\redisenterprise\Microsoft.Azure.Management.RedisEnterpriseCache\tests\Utility.cs(44,31): error CS0518: Predefined type 'System.Int32' is not defined or imported
C:\gh\azure-sdk-for-net\sdk\redisenterprise\Microsoft.Azure.Management.RedisEnterpriseCache\tests\ScenarioTests\RedisEnterpriseCacheManagementHelper.cs(44,13): error CS0518: Predefined type 'System.Object' is not defined or imported
C:\gh\azure-sdk-for-net\sdk\redisenterprise\Microsoft.Azure.Management.RedisEnterpriseCache\tests\ScenarioTests\RedisEnterpriseCacheManagementHelper.cs(44,13): error CS0246: The type or namespace name 'ResourceGroup' could not be found (are you missing a using directive or an assembly reference?)
C:\gh\azure-sdk-for-net\sdk\redisenterprise\Microsoft.Azure.Management.RedisEnterpriseCache\tests\ScenarioTests\RedisEnterpriseCacheManagementHelper.cs(44,97): error CS0518: Predefined type 'System.Object' is not defined or imported
C:\gh\azure-sdk-for-net\sdk\redisenterprise\Microsoft.Azure.Management.RedisEnterpriseCache\tests\ScenarioTests\RedisEnterpriseCacheManagementHelper.cs(44,97): error CS0246: The type or namespace name 'ResourceGroup' could not be found (are you missing a using directive or an assembly reference?)
C:\gh\azure-sdk-for-net\sdk\redisenterprise\Microsoft.Azure.Management.RedisEnterpriseCache\tests\ScenarioTests\RedisEnterpriseCacheManagementHelper.cs(46,13): error CS0518: Predefined type 'System.Object' is not defined or imported
C:\gh\azure-sdk-for-net\sdk\redisenterprise\Microsoft.Azure.Management.RedisEnterpriseCache\tests\ScenarioTests\RedisEnterpriseCacheManagementHelper.cs(46,25): error CS0518: Predefined type 'System.Boolean' is not defined or imported
C:\gh\azure-sdk-for-net\sdk\redisenterprise\Microsoft.Azure.Management.RedisEnterpriseCache\tests\ScenarioTests\RedisEnterpriseCacheManagementHelper.cs(46,52): error CS0518: Predefined type 'System.String' is not defined or imported
C:\gh\azure-sdk-for-net\sdk\redisenterprise\Microsoft.Azure.Management.RedisEnterpriseCache\tests\ScenarioTests\RedisEnterpriseCacheManagementHelper.cs(47,13): error CS0518: Predefined type 'System.Object' is not defined or imported
C:\gh\azure-sdk-for-net\sdk\redisenterprise\Microsoft.Azure.Management.RedisEnterpriseCache\tests\ScenarioTests\RedisEnterpriseCacheManagementHelper.cs(47,76): error CS0518: Predefined type 'System.String' is not defined or imported
C:\gh\azure-sdk-for-net\sdk\redisenterprise\Microsoft.Azure.Management.RedisEnterpriseCache\tests\ScenarioTests\RedisEnterpriseCacheManagementHelper.cs(47,90): error CS0518: Predefined type 'System.String' is not defined or imported
C:\gh\azure-sdk-for-net\sdk\redisenterprise\Microsoft.Azure.Management.RedisEnterpriseCache\tests\ScenarioTests\RedisEnterpriseCacheManagementHelper.cs(57,41): error CS0518: Predefined type 'System.Object' is not defined or imported
C:\gh\azure-sdk-for-net\sdk\redisenterprise\Microsoft.Azure.Management.RedisEnterpriseCache\tests\ScenarioTests\RedisEnterpriseCacheManagementHelper.cs(57,85): error CS0518: Predefined type 'System.Object' is not defined or imported
C:\gh\azure-sdk-for-net\sdk\redisenterprise\Microsoft.Azure.Management.RedisEnterpriseCache\tests\ScenarioTests\RedisEnterpriseCacheManagementHelper.cs(59,53): error CS0518: Predefined type 'System.Object' is not defined or imported
C:\gh\azure-sdk-for-net\sdk\redisenterprise\Microsoft.Azure.Management.RedisEnterpriseCache\tests\ScenarioTests\RedisEnterpriseCacheManagementHelper.cs(59,53): error CS0518: Predefined type 'System.Void' is not defined or imported
C:\gh\azure-sdk-for-net\sdk\redisenterprise\Microsoft.Azure.Management.RedisEnterpriseCache\tests\ScenarioTests\RedisEnterpriseCacheManagementHelper.cs(61,41): error CS0518: Predefined type 'System.String' is not defined or imported
C:\gh\azure-sdk-for-net\sdk\redisenterprise\Microsoft.Azure.Management.RedisEnterpriseCache\tests\ScenarioTests\RedisEnterpriseCacheManagementHelper.cs(62,41): error CS0518: Predefined type 'System.Void' is not defined or imported
C:\gh\azure-sdk-for-net\sdk\redisenterprise\Microsoft.Azure.Management.RedisEnterpriseCache\tests\ScenarioTests\RedisEnterpriseCacheManagementHelper.cs(62,51): error CS0518: Predefined type 'System.Object' is not defined or imported
C:\gh\azure-sdk-for-net\sdk\redisenterprise\Microsoft.Azure.Management.RedisEnterpriseCache\tests\ScenarioTests\RedisEnterpriseCacheManagementHelper.cs(62,51): error CS0518: Predefined type 'System.Void' is not defined or imported
C:\gh\azure-sdk-for-net\sdk\redisenterprise\Microsoft.Azure.Management.RedisEnterpriseCache\tests\ScenarioTests\RedisEnterpriseCacheManagementHelper.cs(64,45): error CS0518: Predefined type 'System.String' is not defined or imported
C:\gh\azure-sdk-for-net\sdk\redisenterprise\Microsoft.Azure.Management.RedisEnterpriseCache\tests\ScenarioTests\RedisEnterpriseCacheManagementHelper.cs(64,52): error CS0518: Predefined type 'System.Object' is not defined or imported
C:\gh\azure-sdk-for-net\sdk\redisenterprise\Microsoft.Azure.Management.RedisEnterpriseCache\tests\ScenarioTests\RedisEnterpriseCacheManagementHelper.cs(64,60): error CS0518: Predefined type 'System.String' is not defined or imported
C:\gh\azure-sdk-for-net\sdk\redisenterprise\Microsoft.Azure.Management.RedisEnterpriseCache\tests\ScenarioTests\RedisEnterpriseCacheManagementHelper.cs(65,45): error CS0012: The type 'Nullable<>' is defined in an assembly that is not referenced. You must add a reference to assembly 'mscorlib, Version=4.0.0.0, Culture=neutral, PublicKeyToken=b77a5c561934e089'.
C:\gh\azure-sdk-for-net\sdk\redisenterprise\Microsoft.Azure.Management.RedisEnterpriseCache\tests\ScenarioTests\RedisEnterpriseCacheManagementHelper.cs(65,56): error CS0518: Predefined type 'System.Int32' is not defined or imported
C:\gh\azure-sdk-for-net\sdk\redisenterprise\Microsoft.Azure.Management.RedisEnterpriseCache\tests\ScenarioTests\RedisEnterpriseCacheManagementHelper.cs(58,34): error CS0518: Predefined type 'System.String' is not defined or imported
C:\gh\azure-sdk-for-net\sdk\redisenterprise\Microsoft.Azure.Management.RedisEnterpriseCache\tests\ScenarioTests\RedisEnterpriseCacheManagementHelper.cs(69,13): error CS0518: Predefined type 'System.Object' is not defined or imported
C:\gh\azure-sdk-for-net\sdk\redisenterprise\Microsoft.Azure.Management.RedisEnterpriseCache\tests\ScenarioTests\RedisEnterpriseCacheManagementHelper.cs(69,32): error CS0518: Predefined type 'System.String' is not defined or imported
C:\gh\azure-sdk-for-net\sdk\redisenterprise\Microsoft.Azure.Management.RedisEnterpriseCache\tests\ScenarioTests\RedisEnterpriseCacheManagementHelper.cs(70,13): error CS0518: Predefined type 'System.Object' is not defined or imported
C:\gh\azure-sdk-for-net\sdk\redisenterprise\Microsoft.Azure.Management.RedisEnterpriseCache\tests\ScenarioTests\RedisEnterpriseCacheManagementHelper.cs(70,35): error CS0518: Predefined type 'System.String' is not defined or imported
C:\gh\azure-sdk-for-net\sdk\redisenterprise\Microsoft.Azure.Management.RedisEnterpriseCache\tests\ScenarioTests\RedisEnterpriseCacheManagementHelper.cs(70,59): error CS0518: Predefined type 'System.String' is not defined or imported
C:\gh\azure-sdk-for-net\sdk\redisenterprise\Microsoft.Azure.Management.RedisEnterpriseCache\tests\ScenarioTests\RedisEnterpriseCacheManagementHelper.cs(71,13): error CS0518: Predefined type 'System.Object' is not defined or imported
C:\gh\azure-sdk-for-net\sdk\redisenterprise\Microsoft.Azure.Management.RedisEnterpriseCache\tests\ScenarioTests\RedisEnterpriseCacheManagementHelper.cs(71,35): error CS0518: Predefined type 'System.String' is not defined or imported
C:\gh\azure-sdk-for-net\sdk\redisenterprise\Microsoft.Azure.Management.RedisEnterpriseCache\tests\ScenarioTests\RedisEnterpriseCacheManagementHelper.cs(71,59): error CS0518: Predefined type 'System.String' is not defined or imported
C:\gh\azure-sdk-for-net\sdk\redisenterprise\Microsoft.Azure.Management.RedisEnterpriseCache\tests\ScenarioTests\RedisEnterpriseCacheManagementHelper.cs(71,73): error CS0518: Predefined type 'System.String' is not defined or imported
C:\gh\azure-sdk-for-net\sdk\redisenterprise\Microsoft.Azure.Management.RedisEnterpriseCache\tests\ScenarioTests\RedisEnterpriseCacheManagementHelper.cs(72,13): error CS0518: Predefined type 'System.Object' is not defined or imported
C:\gh\azure-sdk-for-net\sdk\redisenterprise\Microsoft.Azure.Management.RedisEnterpriseCache\tests\ScenarioTests\RedisEnterpriseCacheManagementHelper.cs(72,35): error CS0518: Predefined type 'System.String' is not defined or imported
C:\gh\azure-sdk-for-net\sdk\redisenterprise\Microsoft.Azure.Management.RedisEnterpriseCache\tests\ScenarioTests\RedisEnterpriseCacheManagementHelper.cs(72,65): error CS0518: Predefined type 'System.String' is not defined or imported
C:\gh\azure-sdk-for-net\sdk\redisenterprise\Microsoft.Azure.Management.RedisEnterpriseCache\tests\ScenarioTests\RedisEnterpriseCacheManagementHelper.cs(75,18): error CS0518: Predefined type 'System.Int32' is not defined or imported
C:\gh\azure-sdk-for-net\sdk\redisenterprise\Microsoft.Azure.Management.RedisEnterpriseCache\tests\ScenarioTests\RedisEnterpriseCacheManagementHelper.cs(75,26): error CS0518: Predefined type 'System.Int32' is not defined or imported
C:\gh\azure-sdk-for-net\sdk\redisenterprise\Microsoft.Azure.Management.RedisEnterpriseCache\tests\ScenarioTests\RedisEnterpriseCacheManagementHelper.cs(75,33): error CS0518: Predefined type 'System.Int32' is not defined or imported
C:\gh\azure-sdk-for-net\sdk\redisenterprise\Microsoft.Azure.Management.RedisEnterpriseCache\tests\ScenarioTests\RedisEnterpriseCacheManagementHelper.cs(75,29): error CS0518: Predefined type 'System.Boolean' is not defined or imported
C:\gh\azure-sdk-for-net\sdk\redisenterprise\Microsoft.Azure.Management.RedisEnterpriseCache\tests\ScenarioTests\RedisEnterpriseCacheManagementHelper.cs(75,29): error CS0518: Predefined type 'System.Boolean' is not defined or imported
C:\gh\azure-sdk-for-net\sdk\redisenterprise\Microsoft.Azure.Management.RedisEnterpriseCache\tests\ScenarioTests\RedisEnterpriseCacheManagementHelper.cs(77,17): error CS0518: Predefined type 'System.Object' is not defined or imported
C:\gh\azure-sdk-for-net\sdk\redisenterprise\Microsoft.Azure.Management.RedisEnterpriseCache\tests\ScenarioTests\RedisEnterpriseCacheManagementHelper.cs(77,17): error CS0103: The name 'TestUtilities' does not exist in the current context
C:\gh\azure-sdk-for-net\sdk\redisenterprise\Microsoft.Azure.Management.RedisEnterpriseCache\tests\ScenarioTests\RedisEnterpriseCacheManagementHelper.cs(77,40): error CS0518: Predefined type 'System.Object' is not defined or imported
C:\gh\azure-sdk-for-net\sdk\redisenterprise\Microsoft.Azure.Management.RedisEnterpriseCache\tests\ScenarioTests\RedisEnterpriseCacheManagementHelper.cs(77,40): error CS0246: The type or namespace name 'TimeSpan' could not be found (are you missing a using directive or an assembly reference?)
C:\gh\azure-sdk-for-net\sdk\redisenterprise\Microsoft.Azure.Management.RedisEnterpriseCache\tests\ScenarioTests\RedisEnterpriseCacheManagementHelper.cs(77,49): error CS0518: Predefined type 'System.Int32' is not defined or imported
C:\gh\azure-sdk-for-net\sdk\redisenterprise\Microsoft.Azure.Management.RedisEnterpriseCache\tests\ScenarioTests\RedisEnterpriseCacheManagementHelper.cs(77,52): error CS0518: Predefined type 'System.Int32' is not defined or imported
C:\gh\azure-sdk-for-net\sdk\redisenterprise\Microsoft.Azure.Management.RedisEnterpriseCache\tests\ScenarioTests\RedisEnterpriseCacheManagementHelper.cs(77,55): error CS0518: Predefined type 'System.Int32' is not defined or imported
C:\gh\azure-sdk-for-net\sdk\redisenterprise\Microsoft.Azure.Management.RedisEnterpriseCache\tests\ScenarioTests\RedisEnterpriseCacheManagementHelper.cs(78,17): error CS0518: Predefined type 'System.Object' is not defined or imported
C:\gh\azure-sdk-for-net\sdk\redisenterprise\Microsoft.Azure.Management.RedisEnterpriseCache\tests\ScenarioTests\RedisEnterpriseCacheManagementHelper.cs(78,39): error CS0518: Predefined type 'System.String' is not defined or imported
C:\gh\azure-sdk-for-net\sdk\redisenterprise\Microsoft.Azure.Management.RedisEnterpriseCache\tests\ScenarioTests\RedisEnterpriseCacheManagementHelper.cs(79,21): error CS0518: Predefined type 'System.String' is not defined or imported
C:\gh\azure-sdk-for-net\sdk\redisenterprise\Microsoft.Azure.Management.RedisEnterpriseCache\tests\ScenarioTests\RedisEnterpriseCacheManagementHelper.cs(79,52): error CS0518: Predefined type 'System.String' is not defined or imported
C:\gh\azure-sdk-for-net\sdk\redisenterprise\Microsoft.Azure.Management.RedisEnterpriseCache\tests\ScenarioTests\RedisEnterpriseCacheManagementHelper.cs(79,71): error CS0518: Predefined type 'System.Object' is not defined or imported
C:\gh\azure-sdk-for-net\sdk\redisenterprise\Microsoft.Azure.Management.RedisEnterpriseCache\tests\ScenarioTests\RedisEnterpriseCacheManagementHelper.cs(79,71): error CS0103: The name 'StringComparison' does not exist in the current context
C:\gh\azure-sdk-for-net\sdk\redisenterprise\Microsoft.Azure.Management.RedisEnterpriseCache\tests\ScenarioTests\RedisEnterpriseCacheManagementHelper.cs(79,21): error CS0518: Predefined type 'System.Boolean' is not defined or imported
C:\gh\azure-sdk-for-net\sdk\redisenterprise\Microsoft.Azure.Management.RedisEnterpriseCache\tests\ScenarioTests\RedisEnterpriseCacheManagementHelper.cs(83,17): error CS0518: Predefined type 'System.Object' is not defined or imported
C:\gh\azure-sdk-for-net\sdk\redisenterprise\Microsoft.Azure.Management.RedisEnterpriseCache\tests\ScenarioTests\RedisEnterpriseCacheManagementHelper.cs(83,34): error CS0518: Predefined type 'System.Int32' is not defined or imported
C:\gh\azure-sdk-for-net\sdk\redisenterprise\Microsoft.Azure.Management.RedisEnterpriseCache\tests\ScenarioTests\RedisEnterpriseCacheManagementHelper.cs(83,29): error CS0518: Predefined type 'System.Boolean' is not defined or imported
C:\gh\azure-sdk-for-net\sdk\redisenterprise\Microsoft.Azure.Management.RedisEnterpriseCache\tests\ScenarioTests\RedisEnterpriseCacheManagementHelper.cs(83,38): error CS0518: Predefined type 'System.String' is not defined or imported
C:\gh\azure-sdk-for-net\sdk\redisenterprise\Microsoft.Azure.Management.RedisEnterpriseCache\tests\ScenarioTests\CreateUpdateDeleteFunctionalTests.cs(27,13): error CS0518: Predefined type 'System.IDisposable' is not defined or imported
C:\gh\azure-sdk-for-net\sdk\redisenterprise\Microsoft.Azure.Management.RedisEnterpriseCache\tests\ScenarioTests\CreateUpdateDeleteFunctionalTests.cs(27,34): error CS0518: Predefined type 'System.Object' is not defined or imported
C:\gh\azure-sdk-for-net\sdk\redisenterprise\Microsoft.Azure.Management.RedisEnterpriseCache\tests\ScenarioTests\CreateUpdateDeleteFunctionalTests.cs(27,34): error CS0103: The name 'MockContext' does not exist in the current context
C:\gh\azure-sdk-for-net\sdk\redisenterprise\Microsoft.Azure.Management.RedisEnterpriseCache\tests\ScenarioTests\CreateUpdateDeleteFunctionalTests.cs(27,57): error CS0518: Predefined type 'System.Object' is not defined or imported
C:\gh\azure-sdk-for-net\sdk\redisenterprise\Microsoft.Azure.Management.RedisEnterpriseCache\tests\ScenarioTests\CreateUpdateDeleteFunctionalTests.cs(27,57): error CS1061: 'CreateUpdateDeleteFunctionalTests' does not contain a definition for 'GetType' and no accessible extension method 'GetType' accepting a first argument of type 'CreateUpdateDeleteFunctionalTests' could be found (are you missing a using directive or an assembly reference?)
C:\gh\azure-sdk-for-net\sdk\redisenterprise\Microsoft.Azure.Management.RedisEnterpriseCache\tests\ScenarioTests\CreateUpdateDeleteFunctionalTests.cs(29,31): error CS0518: Predefined type 'System.Object' is not defined or imported
C:\gh\azure-sdk-for-net\sdk\redisenterprise\Microsoft.Azure.Management.RedisEnterpriseCache\tests\ScenarioTests\CreateUpdateDeleteFunctionalTests.cs(29,75): error CS0518: Predefined type 'System.Object' is not defined or imported
C:\gh\azure-sdk-for-net\sdk\redisenterprise\Microsoft.Azure.Management.RedisEnterpriseCache\tests\ScenarioTests\CreateUpdateDeleteFunctionalTests.cs(32,57): error CS0518: Predefined type 'System.Object' is not defined or imported
C:\gh\azure-sdk-for-net\sdk\redisenterprise\Microsoft.Azure.Management.RedisEnterpriseCache\tests\ScenarioTests\CreateUpdateDeleteFunctionalTests.cs(32,57): error CS0518: Predefined type 'System.Void' is not defined or imported
C:\gh\azure-sdk-for-net\sdk\redisenterprise\Microsoft.Azure.Management.RedisEnterpriseCache\tests\ScenarioTests\CreateUpdateDeleteFunctionalTests.cs(34,45): error CS0518: Predefined type 'System.String' is not defined or imported
C:\gh\azure-sdk-for-net\sdk\redisenterprise\Microsoft.Azure.Management.RedisEnterpriseCache\tests\ScenarioTests\CreateUpdateDeleteFunctionalTests.cs(34,56): error CS0518: Predefined type 'System.Object' is not defined or imported
C:\gh\azure-sdk-for-net\sdk\redisenterprise\Microsoft.Azure.Management.RedisEnterpriseCache\tests\ScenarioTests\CreateUpdateDeleteFunctionalTests.cs(35,45): error CS0518: Predefined type 'System.Void' is not defined or imported
C:\gh\azure-sdk-for-net\sdk\redisenterprise\Microsoft.Azure.Management.RedisEnterpriseCache\tests\ScenarioTests\CreateUpdateDeleteFunctionalTests.cs(35,55): error CS0518: Predefined type 'System.Object' is not defined or imported
C:\gh\azure-sdk-for-net\sdk\redisenterprise\Microsoft.Azure.Management.RedisEnterpriseCache\tests\ScenarioTests\CreateUpdateDeleteFunctionalTests.cs(35,55): error CS0518: Predefined type 'System.Void' is not defined or imported
C:\gh\azure-sdk-for-net\sdk\redisenterprise\Microsoft.Azure.Management.RedisEnterpriseCache\tests\ScenarioTests\CreateUpdateDeleteFunctionalTests.cs(37,49): error CS0518: Predefined type 'System.String' is not defined or imported
C:\gh\azure-sdk-for-net\sdk\redisenterprise\Microsoft.Azure.Management.RedisEnterpriseCache\tests\ScenarioTests\CreateUpdateDeleteFunctionalTests.cs(37,56): error CS0518: Predefined type 'System.Object' is not defined or imported
C:\gh\azure-sdk-for-net\sdk\redisenterprise\Microsoft.Azure.Management.RedisEnterpriseCache\tests\ScenarioTests\CreateUpdateDeleteFunctionalTests.cs(37,64): error CS0518: Predefined type 'System.String' is not defined or imported
C:\gh\azure-sdk-for-net\sdk\redisenterprise\Microsoft.Azure.Management.RedisEnterpriseCache\tests\ScenarioTests\CreateUpdateDeleteFunctionalTests.cs(38,49): error CS0012: The type 'Nullable<>' is defined in an assembly that is not referenced. You must add a reference to assembly 'mscorlib, Version=4.0.0.0, Culture=neutral, PublicKeyToken=b77a5c561934e089'.
C:\gh\azure-sdk-for-net\sdk\redisenterprise\Microsoft.Azure.Management.RedisEnterpriseCache\tests\ScenarioTests\CreateUpdateDeleteFunctionalTests.cs(38,60): error CS0518: Predefined type 'System.Int32' is not defined or imported
C:\gh\azure-sdk-for-net\sdk\redisenterprise\Microsoft.Azure.Management.RedisEnterpriseCache\tests\ScenarioTests\CreateUpdateDeleteFunctionalTests.cs(40,45): error CS0012: The type 'IList<>' is defined in an assembly that is not referenced. You must add a reference to assembly 'mscorlib, Version=4.0.0.0, Culture=neutral, PublicKeyToken=b77a5c561934e089'.
C:\gh\azure-sdk-for-net\sdk\redisenterprise\Microsoft.Azure.Management.RedisEnterpriseCache\tests\ScenarioTests\CreateUpdateDeleteFunctionalTests.cs(40,57): error CS0518: Predefined type 'System.Object' is not defined or imported
C:\gh\azure-sdk-for-net\sdk\redisenterprise\Microsoft.Azure.Management.RedisEnterpriseCache\tests\ScenarioTests\RedisEnterpriseCacheManagementHelper.cs(89,17): error CS0518: Predefined type 'System.Boolean' is not defined or imported
C:\gh\azure-sdk-for-net\sdk\redisenterprise\Microsoft.Azure.Management.RedisEnterpriseCache\tests\ScenarioTests\CreateUpdateDeleteFunctionalTests.cs(40,57): error CS0246: The type or namespace name 'List<>' could not be found (are you missing a using directive or an assembly reference?)
C:\gh\azure-sdk-for-net\sdk\redisenterprise\Microsoft.Azure.Management.RedisEnterpriseCache\tests\ScenarioTests\RedisEnterpriseCacheManagementHelper.cs(91,27): error CS0518: Predefined type 'System.Object' is not defined or imported
C:\gh\azure-sdk-for-net\sdk\redisenterprise\Microsoft.Azure.Management.RedisEnterpriseCache\tests\ScenarioTests\CreateUpdateDeleteFunctionalTests.cs(40,62): error CS0518: Predefined type 'System.String' is not defined or imported
C:\gh\azure-sdk-for-net\sdk\redisenterprise\Microsoft.Azure.Management.RedisEnterpriseCache\tests\ScenarioTests\RedisEnterpriseCacheManagementHelper.cs(91,27): error CS0246: The type or namespace name 'Exception' could not be found (are you missing a using directive or an assembly reference?)
C:\gh\azure-sdk-for-net\sdk\redisenterprise\Microsoft.Azure.Management.RedisEnterpriseCache\tests\ScenarioTests\CreateUpdateDeleteFunctionalTests.cs(40,72): error CS0518: Predefined type 'System.String' is not defined or imported
C:\gh\azure-sdk-for-net\sdk\redisenterprise\Microsoft.Azure.Management.RedisEnterpriseCache\tests\ScenarioTests\CreateUpdateDeleteFunctionalTests.cs(40,77): error CS0518: Predefined type 'System.String' is not defined or imported
C:\gh\azure-sdk-for-net\sdk\redisenterprise\Microsoft.Azure.Management.RedisEnterpriseCache\tests\ScenarioTests\CreateUpdateDeleteFunctionalTests.cs(40,82): error CS0518: Predefined type 'System.String' is not defined or imported
C:\gh\azure-sdk-for-net\sdk\redisenterprise\Microsoft.Azure.Management.RedisEnterpriseCache\tests\ScenarioTests\CreateUpdateDeleteFunctionalTests.cs(31,38): error CS0518: Predefined type 'System.String' is not defined or imported
C:\gh\azure-sdk-for-net\sdk\redisenterprise\Microsoft.Azure.Management.RedisEnterpriseCache\tests\ScenarioTests\CreateUpdateDeleteFunctionalTests.cs(43,17): error CS0518: Predefined type 'System.Object' is not defined or imported
C:\gh\azure-sdk-for-net\sdk\redisenterprise\Microsoft.Azure.Management.RedisEnterpriseCache\tests\ScenarioTests\CreateUpdateDeleteFunctionalTests.cs(43,17): error CS0103: The name 'Assert' does not exist in the current context
C:\gh\azure-sdk-for-net\sdk\redisenterprise\Microsoft.Azure.Management.RedisEnterpriseCache\tests\ScenarioTests\CreateUpdateDeleteFunctionalTests.cs(44,17): error CS0518: Predefined type 'System.Object' is not defined or imported
C:\gh\azure-sdk-for-net\sdk\redisenterprise\Microsoft.Azure.Management.RedisEnterpriseCache\tests\ScenarioTests\CreateUpdateDeleteFunctionalTests.cs(44,17): error CS0103: The name 'Assert' does not exist in the current context
C:\gh\azure-sdk-for-net\sdk\redisenterprise\Microsoft.Azure.Management.RedisEnterpriseCache\tests\ScenarioTests\CreateUpdateDeleteFunctionalTests.cs(44,30): error CS0518: Predefined type 'System.Object' is not defined or imported
C:\gh\azure-sdk-for-net\sdk\redisenterprise\Microsoft.Azure.Management.RedisEnterpriseCache\tests\ScenarioTests\CreateUpdateDeleteFunctionalTests.cs(45,17): error CS0518: Predefined type 'System.Object' is not defined or imported
C:\gh\azure-sdk-for-net\sdk\redisenterprise\Microsoft.Azure.Management.RedisEnterpriseCache\tests\ScenarioTests\CreateUpdateDeleteFunctionalTests.cs(45,17): error CS0103: The name 'Assert' does not exist in the current context
C:\gh\azure-sdk-for-net\sdk\redisenterprise\Microsoft.Azure.Management.RedisEnterpriseCache\tests\ScenarioTests\CreateUpdateDeleteFunctionalTests.cs(46,17): error CS0518: Predefined type 'System.Object' is not defined or imported
C:\gh\azure-sdk-for-net\sdk\redisenterprise\Microsoft.Azure.Management.RedisEnterpriseCache\tests\ScenarioTests\CreateUpdateDeleteFunctionalTests.cs(46,17): error CS0103: The name 'Assert' does not exist in the current context
C:\gh\azure-sdk-for-net\sdk\redisenterprise\Microsoft.Azure.Management.RedisEnterpriseCache\tests\ScenarioTests\CreateUpdateDeleteFunctionalTests.cs(46,30): error CS0518: Predefined type 'System.String' is not defined or imported
C:\gh\azure-sdk-for-net\sdk\redisenterprise\Microsoft.Azure.Management.RedisEnterpriseCache\tests\ScenarioTests\CreateUpdateDeleteFunctionalTests.cs(47,17): error CS0518: Predefined type 'System.Object' is not defined or imported
C:\gh\azure-sdk-for-net\sdk\redisenterprise\Microsoft.Azure.Management.RedisEnterpriseCache\tests\ScenarioTests\CreateUpdateDeleteFunctionalTests.cs(47,17): error CS0103: The name 'Assert' does not exist in the current context
C:\gh\azure-sdk-for-net\sdk\redisenterprise\Microsoft.Azure.Management.RedisEnterpriseCache\tests\ScenarioTests\CreateUpdateDeleteFunctionalTests.cs(47,30): error CS0518: Predefined type 'System.Object' is not defined or imported
C:\gh\azure-sdk-for-net\sdk\redisenterprise\Microsoft.Azure.Management.RedisEnterpriseCache\tests\ScenarioTests\CreateUpdateDeleteFunctionalTests.cs(47,48): error CS0518: Predefined type 'System.String' is not defined or imported
C:\gh\azure-sdk-for-net\sdk\redisenterprise\Microsoft.Azure.Management.RedisEnterpriseCache\tests\ScenarioTests\CreateUpdateDeleteFunctionalTests.cs(47,105): error CS0518: Predefined type 'System.Boolean' is not defined or imported
C:\gh\azure-sdk-for-net\sdk\redisenterprise\Microsoft.Azure.Management.RedisEnterpriseCache\tests\ScenarioTests\CreateUpdateDeleteFunctionalTests.cs(48,17): error CS0518: Predefined type 'System.Object' is not defined or imported
C:\gh\azure-sdk-for-net\sdk\redisenterprise\Microsoft.Azure.Management.RedisEnterpriseCache\tests\ScenarioTests\CreateUpdateDeleteFunctionalTests.cs(48,17): error CS0103: The name 'Assert' does not exist in the current context
C:\gh\azure-sdk-for-net\sdk\redisenterprise\Microsoft.Azure.Management.RedisEnterpriseCache\tests\ScenarioTests\CreateUpdateDeleteFunctionalTests.cs(48,30): error CS0518: Predefined type 'System.Object' is not defined or imported
C:\gh\azure-sdk-for-net\sdk\redisenterprise\Microsoft.Azure.Management.RedisEnterpriseCache\tests\ScenarioTests\CreateUpdateDeleteFunctionalTests.cs(48,44): error CS0518: Predefined type 'System.String' is not defined or imported
C:\gh\azure-sdk-for-net\sdk\redisenterprise\Microsoft.Azure.Management.RedisEnterpriseCache\tests\ScenarioTests\CreateUpdateDeleteFunctionalTests.cs(48,95): error CS0518: Predefined type 'System.Boolean' is not defined or imported
C:\gh\azure-sdk-for-net\sdk\redisenterprise\Microsoft.Azure.Management.RedisEnterpriseCache\tests\ScenarioTests\CreateUpdateDeleteFunctionalTests.cs(49,17): error CS0518: Predefined type 'System.Object' is not defined or imported
C:\gh\azure-sdk-for-net\sdk\redisenterprise\Microsoft.Azure.Management.RedisEnterpriseCache\tests\ScenarioTests\CreateUpdateDeleteFunctionalTests.cs(49,17): error CS0103: The name 'Assert' does not exist in the current context
C:\gh\azure-sdk-for-net\sdk\redisenterprise\Microsoft.Azure.Management.RedisEnterpriseCache\tests\ScenarioTests\CreateUpdateDeleteFunctionalTests.cs(49,30): error CS0518: Predefined type 'System.Object' is not defined or imported
C:\gh\azure-sdk-for-net\sdk\redisenterprise\Microsoft.Azure.Management.RedisEnterpriseCache\tests\ScenarioTests\CreateUpdateDeleteFunctionalTests.cs(49,38): error CS0518: Predefined type 'System.String' is not defined or imported
C:\gh\azure-sdk-for-net\sdk\redisenterprise\Microsoft.Azure.Management.RedisEnterpriseCache\tests\ScenarioTests\CreateUpdateDeleteFunctionalTests.cs(50,17): error CS0518: Predefined type 'System.Object' is not defined or imported
C:\gh\azure-sdk-for-net\sdk\redisenterprise\Microsoft.Azure.Management.RedisEnterpriseCache\tests\ScenarioTests\CreateUpdateDeleteFunctionalTests.cs(50,17): error CS0103: The name 'Assert' does not exist in the current context
C:\gh\azure-sdk-for-net\sdk\redisenterprise\Microsoft.Azure.Management.RedisEnterpriseCache\tests\ScenarioTests\CreateUpdateDeleteFunctionalTests.cs(50,30): error CS0518: Predefined type 'System.Int32' is not defined or imported
C:\gh\azure-sdk-for-net\sdk\redisenterprise\Microsoft.Azure.Management.RedisEnterpriseCache\tests\ScenarioTests\CreateUpdateDeleteFunctionalTests.cs(51,17): error CS0518: Predefined type 'System.Object' is not defined or imported
C:\gh\azure-sdk-for-net\sdk\redisenterprise\Microsoft.Azure.Management.RedisEnterpriseCache\tests\ScenarioTests\CreateUpdateDeleteFunctionalTests.cs(51,17): error CS0103: The name 'Assert' does not exist in the current context
C:\gh\azure-sdk-for-net\sdk\redisenterprise\Microsoft.Azure.Management.RedisEnterpriseCache\tests\ScenarioTests\CreateUpdateDeleteFunctionalTests.cs(51,30): error CS0518: Predefined type 'System.Int32' is not defined or imported
C:\gh\azure-sdk-for-net\sdk\redisenterprise\Microsoft.Azure.Management.RedisEnterpriseCache\tests\ScenarioTests\CreateUpdateDeleteFunctionalTests.cs(52,17): error CS0518: Predefined type 'System.Object' is not defined or imported
C:\gh\azure-sdk-for-net\sdk\redisenterprise\Microsoft.Azure.Management.RedisEnterpriseCache\tests\ScenarioTests\CreateUpdateDeleteFunctionalTests.cs(52,17): error CS0103: The name 'Assert' does not exist in the current context
C:\gh\azure-sdk-for-net\sdk\redisenterprise\Microsoft.Azure.Management.RedisEnterpriseCache\tests\ScenarioTests\CreateUpdateDeleteFunctionalTests.cs(52,30): error CS0518: Predefined type 'System.Int32' is not defined or imported
C:\gh\azure-sdk-for-net\sdk\redisenterprise\Microsoft.Azure.Management.RedisEnterpriseCache\tests\ScenarioTests\CreateUpdateDeleteFunctionalTests.cs(53,17): error CS0518: Predefined type 'System.Object' is not defined or imported
C:\gh\azure-sdk-for-net\sdk\redisenterprise\Microsoft.Azure.Management.RedisEnterpriseCache\tests\ScenarioTests\CreateUpdateDeleteFunctionalTests.cs(53,17): error CS0103: The name 'Assert' does not exist in the current context
C:\gh\azure-sdk-for-net\sdk\redisenterprise\Microsoft.Azure.Management.RedisEnterpriseCache\tests\ScenarioTests\CreateUpdateDeleteFunctionalTests.cs(53,30): error CS0518: Predefined type 'System.Int32' is not defined or imported
C:\gh\azure-sdk-for-net\sdk\redisenterprise\Microsoft.Azure.Management.RedisEnterpriseCache\tests\ScenarioTests\CreateUpdateDeleteFunctionalTests.cs(56,65): error CS0518: Predefined type 'System.Object' is not defined or imported
C:\gh\azure-sdk-for-net\sdk\redisenterprise\Microsoft.Azure.Management.RedisEnterpriseCache\tests\ScenarioTests\CreateUpdateDeleteFunctionalTests.cs(56,65): error CS0518: Predefined type 'System.Void' is not defined or imported
C:\gh\azure-sdk-for-net\sdk\redisenterprise\Microsoft.Azure.Management.RedisEnterpriseCache\tests\ScenarioTests\CreateUpdateDeleteFunctionalTests.cs(58,53): error CS0518: Predefined type 'System.String' is not defined or imported
C:\gh\azure-sdk-for-net\sdk\redisenterprise\Microsoft.Azure.Management.RedisEnterpriseCache\tests\ScenarioTests\CreateUpdateDeleteFunctionalTests.cs(58,70): error CS0518: Predefined type 'System.Object' is not defined or imported
C:\gh\azure-sdk-for-net\sdk\redisenterprise\Microsoft.Azure.Management.RedisEnterpriseCache\tests\ScenarioTests\CreateUpdateDeleteFunctionalTests.cs(58,79): error CS0518: Predefined type 'System.String' is not defined or imported
C:\gh\azure-sdk-for-net\sdk\redisenterprise\Microsoft.Azure.Management.RedisEnterpriseCache\tests\ScenarioTests\CreateUpdateDeleteFunctionalTests.cs(59,53): error CS0518: Predefined type 'System.String' is not defined or imported
C:\gh\azure-sdk-for-net\sdk\redisenterprise\Microsoft.Azure.Management.RedisEnterpriseCache\tests\ScenarioTests\CreateUpdateDeleteFunctionalTests.cs(59,72): error CS0518: Predefined type 'System.Object' is not defined or imported
C:\gh\azure-sdk-for-net\sdk\redisenterprise\Microsoft.Azure.Management.RedisEnterpriseCache\tests\ScenarioTests\CreateUpdateDeleteFunctionalTests.cs(59,89): error CS0518: Predefined type 'System.String' is not defined or imported
C:\gh\azure-sdk-for-net\sdk\redisenterprise\Microsoft.Azure.Management.RedisEnterpriseCache\tests\ScenarioTests\CreateUpdateDeleteFunctionalTests.cs(60,53): error CS0518: Predefined type 'System.String' is not defined or imported
C:\gh\azure-sdk-for-net\sdk\redisenterprise\Microsoft.Azure.Management.RedisEnterpriseCache\tests\ScenarioTests\CreateUpdateDeleteFunctionalTests.cs(60,70): error CS0518: Predefined type 'System.Object' is not defined or imported
C:\gh\azure-sdk-for-net\sdk\redisenterprise\Microsoft.Azure.Management.RedisEnterpriseCache\tests\ScenarioTests\CreateUpdateDeleteFunctionalTests.cs(60,85): error CS0518: Predefined type 'System.String' is not defined or imported
C:\gh\azure-sdk-for-net\sdk\redisenterprise\Microsoft.Azure.Management.RedisEnterpriseCache\tests\ScenarioTests\CreateUpdateDeleteFunctionalTests.cs(55,46): error CS0518: Predefined type 'System.String' is not defined or imported
C:\gh\azure-sdk-for-net\sdk\redisenterprise\Microsoft.Azure.Management.RedisEnterpriseCache\tests\ScenarioTests\CreateUpdateDeleteFunctionalTests.cs(63,17): error CS0518: Predefined type 'System.Object' is not defined or imported
C:\gh\azure-sdk-for-net\sdk\redisenterprise\Microsoft.Azure.Management.RedisEnterpriseCache\tests\ScenarioTests\CreateUpdateDeleteFunctionalTests.cs(63,17): error CS0103: The name 'Assert' does not exist in the current context
C:\gh\azure-sdk-for-net\sdk\redisenterprise\Microsoft.Azure.Management.RedisEnterpriseCache\tests\ScenarioTests\CreateUpdateDeleteFunctionalTests.cs(64,17): error CS0518: Predefined type 'System.Object' is not defined or imported
C:\gh\azure-sdk-for-net\sdk\redisenterprise\Microsoft.Azure.Management.RedisEnterpriseCache\tests\ScenarioTests\CreateUpdateDeleteFunctionalTests.cs(64,17): error CS0103: The name 'Assert' does not exist in the current context
C:\gh\azure-sdk-for-net\sdk\redisenterprise\Microsoft.Azure.Management.RedisEnterpriseCache\tests\ScenarioTests\CreateUpdateDeleteFunctionalTests.cs(65,17): error CS0518: Predefined type 'System.Object' is not defined or imported
C:\gh\azure-sdk-for-net\sdk\redisenterprise\Microsoft.Azure.Management.RedisEnterpriseCache\tests\ScenarioTests\CreateUpdateDeleteFunctionalTests.cs(65,17): error CS0103: The name 'Assert' does not exist in the current context
C:\gh\azure-sdk-for-net\sdk\redisenterprise\Microsoft.Azure.Management.RedisEnterpriseCache\tests\ScenarioTests\CreateUpdateDeleteFunctionalTests.cs(65,30): error CS0518: Predefined type 'System.String' is not defined or imported
C:\gh\azure-sdk-for-net\sdk\redisenterprise\Microsoft.Azure.Management.RedisEnterpriseCache\tests\ScenarioTests\CreateUpdateDeleteFunctionalTests.cs(66,17): error CS0518: Predefined type 'System.Object' is not defined or imported
C:\gh\azure-sdk-for-net\sdk\redisenterprise\Microsoft.Azure.Management.RedisEnterpriseCache\tests\ScenarioTests\CreateUpdateDeleteFunctionalTests.cs(66,17): error CS0103: The name 'Assert' does not exist in the current context
C:\gh\azure-sdk-for-net\sdk\redisenterprise\Microsoft.Azure.Management.RedisEnterpriseCache\tests\ScenarioTests\CreateUpdateDeleteFunctionalTests.cs(66,30): error CS0518: Predefined type 'System.Object' is not defined or imported
C:\gh\azure-sdk-for-net\sdk\redisenterprise\Microsoft.Azure.Management.RedisEnterpriseCache\tests\ScenarioTests\CreateUpdateDeleteFunctionalTests.cs(66,48): error CS0518: Predefined type 'System.String' is not defined or imported
C:\gh\azure-sdk-for-net\sdk\redisenterprise\Microsoft.Azure.Management.RedisEnterpriseCache\tests\ScenarioTests\CreateUpdateDeleteFunctionalTests.cs(66,113): error CS0518: Predefined type 'System.Boolean' is not defined or imported
C:\gh\azure-sdk-for-net\sdk\redisenterprise\Microsoft.Azure.Management.RedisEnterpriseCache\tests\ScenarioTests\CreateUpdateDeleteFunctionalTests.cs(67,17): error CS0518: Predefined type 'System.Object' is not defined or imported
C:\gh\azure-sdk-for-net\sdk\redisenterprise\Microsoft.Azure.Management.RedisEnterpriseCache\tests\ScenarioTests\CreateUpdateDeleteFunctionalTests.cs(67,17): error CS0103: The name 'Assert' does not exist in the current context
C:\gh\azure-sdk-for-net\sdk\redisenterprise\Microsoft.Azure.Management.RedisEnterpriseCache\tests\ScenarioTests\CreateUpdateDeleteFunctionalTests.cs(67,30): error CS0518: Predefined type 'System.Object' is not defined or imported
C:\gh\azure-sdk-for-net\sdk\redisenterprise\Microsoft.Azure.Management.RedisEnterpriseCache\tests\ScenarioTests\CreateUpdateDeleteFunctionalTests.cs(67,44): error CS0518: Predefined type 'System.String' is not defined or imported
C:\gh\azure-sdk-for-net\sdk\redisenterprise\Microsoft.Azure.Management.RedisEnterpriseCache\tests\ScenarioTests\CreateUpdateDeleteFunctionalTests.cs(67,103): error CS0518: Predefined type 'System.Boolean' is not defined or imported
C:\gh\azure-sdk-for-net\sdk\redisenterprise\Microsoft.Azure.Management.RedisEnterpriseCache\tests\ScenarioTests\CreateUpdateDeleteFunctionalTests.cs(68,17): error CS0518: Predefined type 'System.Object' is not defined or imported
C:\gh\azure-sdk-for-net\sdk\redisenterprise\Microsoft.Azure.Management.RedisEnterpriseCache\tests\ScenarioTests\CreateUpdateDeleteFunctionalTests.cs(68,17): error CS0103: The name 'Assert' does not exist in the current context
C:\gh\azure-sdk-for-net\sdk\redisenterprise\Microsoft.Azure.Management.RedisEnterpriseCache\tests\ScenarioTests\CreateUpdateDeleteFunctionalTests.cs(68,30): error CS0518: Predefined type 'System.Object' is not defined or imported
C:\gh\azure-sdk-for-net\sdk\redisenterprise\Microsoft.Azure.Management.RedisEnterpriseCache\tests\ScenarioTests\CreateUpdateDeleteFunctionalTests.cs(68,39): error CS0518: Predefined type 'System.String' is not defined or imported
C:\gh\azure-sdk-for-net\sdk\redisenterprise\Microsoft.Azure.Management.RedisEnterpriseCache\tests\ScenarioTests\CreateUpdateDeleteFunctionalTests.cs(69,17): error CS0518: Predefined type 'System.Object' is not defined or imported
C:\gh\azure-sdk-for-net\sdk\redisenterprise\Microsoft.Azure.Management.RedisEnterpriseCache\tests\ScenarioTests\CreateUpdateDeleteFunctionalTests.cs(69,17): error CS0103: The name 'Assert' does not exist in the current context
C:\gh\azure-sdk-for-net\sdk\redisenterprise\Microsoft.Azure.Management.RedisEnterpriseCache\tests\ScenarioTests\CreateUpdateDeleteFunctionalTests.cs(69,30): error CS0518: Predefined type 'System.Object' is not defined or imported
C:\gh\azure-sdk-for-net\sdk\redisenterprise\Microsoft.Azure.Management.RedisEnterpriseCache\tests\ScenarioTests\CreateUpdateDeleteFunctionalTests.cs(69,47): error CS0518: Predefined type 'System.String' is not defined or imported
C:\gh\azure-sdk-for-net\sdk\redisenterprise\Microsoft.Azure.Management.RedisEnterpriseCache\tests\ScenarioTests\CreateUpdateDeleteFunctionalTests.cs(70,17): error CS0518: Predefined type 'System.Object' is not defined or imported
C:\gh\azure-sdk-for-net\sdk\redisenterprise\Microsoft.Azure.Management.RedisEnterpriseCache\tests\ScenarioTests\CreateUpdateDeleteFunctionalTests.cs(70,17): error CS0103: The name 'Assert' does not exist in the current context
C:\gh\azure-sdk-for-net\sdk\redisenterprise\Microsoft.Azure.Management.RedisEnterpriseCache\tests\ScenarioTests\CreateUpdateDeleteFunctionalTests.cs(70,30): error CS0518: Predefined type 'System.Object' is not defined or imported
C:\gh\azure-sdk-for-net\sdk\redisenterprise\Microsoft.Azure.Management.RedisEnterpriseCache\tests\ScenarioTests\CreateUpdateDeleteFunctionalTests.cs(70,45): error CS0518: Predefined type 'System.String' is not defined or imported
C:\gh\azure-sdk-for-net\sdk\redisenterprise\Microsoft.Azure.Management.RedisEnterpriseCache\tests\ScenarioTests\CreateUpdateDeleteFunctionalTests.cs(90,17): error CS0518: Predefined type 'System.Void' is not defined or imported
C:\gh\azure-sdk-for-net\sdk\redisenterprise\Microsoft.Azure.Management.RedisEnterpriseCache\tests\ScenarioTests\BeginCreateFunctionalTests.cs(19,13): error CS0518: Predefined type 'System.IDisposable' is not defined or imported
C:\gh\azure-sdk-for-net\sdk\redisenterprise\Microsoft.Azure.Management.RedisEnterpriseCache\tests\ScenarioTests\BeginCreateFunctionalTests.cs(19,34): error CS0518: Predefined type 'System.Object' is not defined or imported
C:\gh\azure-sdk-for-net\sdk\redisenterprise\Microsoft.Azure.Management.RedisEnterpriseCache\tests\ScenarioTests\BeginCreateFunctionalTests.cs(19,34): error CS0103: The name 'MockContext' does not exist in the current context
C:\gh\azure-sdk-for-net\sdk\redisenterprise\Microsoft.Azure.Management.RedisEnterpriseCache\tests\ScenarioTests\BeginCreateFunctionalTests.cs(19,57): error CS0518: Predefined type 'System.Object' is not defined or imported
C:\gh\azure-sdk-for-net\sdk\redisenterprise\Microsoft.Azure.Management.RedisEnterpriseCache\tests\ScenarioTests\BeginCreateFunctionalTests.cs(19,57): error CS1061: 'BeginCreateFunctionalTests' does not contain a definition for 'GetType' and no accessible extension method 'GetType' accepting a first argument of type 'BeginCreateFunctionalTests' could be found (are you missing a using directive or an assembly reference?)
C:\gh\azure-sdk-for-net\sdk\redisenterprise\Microsoft.Azure.Management.RedisEnterpriseCache\tests\ScenarioTests\BeginCreateFunctionalTests.cs(21,65): error CS0518: Predefined type 'System.Object' is not defined or imported
C:\gh\azure-sdk-for-net\sdk\redisenterprise\Microsoft.Azure.Management.RedisEnterpriseCache\tests\ScenarioTests\BeginCreateFunctionalTests.cs(21,102): error CS1503: Argument 1: cannot convert from 'AzureRedisEnterpriseCache.Tests.BeginCreateFunctionalTests' to 'TestBase'
C:\gh\azure-sdk-for-net\sdk\redisenterprise\Microsoft.Azure.Management.RedisEnterpriseCache\tests\ScenarioTests\BeginCreateFunctionalTests.cs(22,55): error CS0518: Predefined type 'System.Object' is not defined or imported
C:\gh\azure-sdk-for-net\sdk\redisenterprise\Microsoft.Azure.Management.RedisEnterpriseCache\tests\ScenarioTests\BeginCreateFunctionalTests.cs(24,41): error CS0518: Predefined type 'System.Object' is not defined or imported
C:\gh\azure-sdk-for-net\sdk\redisenterprise\Microsoft.Azure.Management.RedisEnterpriseCache\tests\ScenarioTests\BeginCreateFunctionalTests.cs(24,41): error CS0103: The name 'TestUtilities' does not exist in the current context
C:\gh\azure-sdk-for-net\sdk\redisenterprise\Microsoft.Azure.Management.RedisEnterpriseCache\tests\ScenarioTests\BeginCreateFunctionalTests.cs(24,68): error CS0518: Predefined type 'System.String' is not defined or imported
C:\gh\azure-sdk-for-net\sdk\redisenterprise\Microsoft.Azure.Management.RedisEnterpriseCache\tests\ScenarioTests\BeginCreateFunctionalTests.cs(25,48): error CS0518: Predefined type 'System.Object' is not defined or imported
C:\gh\azure-sdk-for-net\sdk\redisenterprise\Microsoft.Azure.Management.RedisEnterpriseCache\tests\ScenarioTests\BeginCreateFunctionalTests.cs(25,48): error CS0103: The name 'TestUtilities' does not exist in the current context
C:\gh\azure-sdk-for-net\sdk\redisenterprise\Microsoft.Azure.Management.RedisEnterpriseCache\tests\ScenarioTests\BeginCreateFunctionalTests.cs(25,75): error CS0518: Predefined type 'System.String' is not defined or imported
C:\gh\azure-sdk-for-net\sdk\redisenterprise\Microsoft.Azure.Management.RedisEnterpriseCache\tests\ScenarioTests\BeginCreateFunctionalTests.cs(26,36): error CS0518: Predefined type 'System.String' is not defined or imported
C:\gh\azure-sdk-for-net\sdk\redisenterprise\Microsoft.Azure.Management.RedisEnterpriseCache\tests\ScenarioTests\BeginCreateFunctionalTests.cs(28,31): error CS0518: Predefined type 'System.Object' is not defined or imported
C:\gh\azure-sdk-for-net\sdk\redisenterprise\Microsoft.Azure.Management.RedisEnterpriseCache\tests\ScenarioTests\BeginCreateFunctionalTests.cs(28,75): error CS0518: Predefined type 'System.Object' is not defined or imported
C:\gh\azure-sdk-for-net\sdk\redisenterprise\Microsoft.Azure.Management.RedisEnterpriseCache\tests\ScenarioTests\BeginCreateFunctionalTests.cs(29,55): error CS0518: Predefined type 'System.Object' is not defined or imported
C:\gh\azure-sdk-for-net\sdk\redisenterprise\Microsoft.Azure.Management.RedisEnterpriseCache\tests\ScenarioTests\BeginCreateFunctionalTests.cs(29,97): error CS0518: Predefined type 'System.Object' is not defined or imported
C:\gh\azure-sdk-for-net\sdk\redisenterprise\Microsoft.Azure.Management.RedisEnterpriseCache\tests\ScenarioTests\BeginCreateFunctionalTests.cs(31,49): error CS0518: Predefined type 'System.Object' is not defined or imported
C:\gh\azure-sdk-for-net\sdk\redisenterprise\Microsoft.Azure.Management.RedisEnterpriseCache\tests\ScenarioTests\BeginCreateFunctionalTests.cs(31,49): error CS0518: Predefined type 'System.Void' is not defined or imported
C:\gh\azure-sdk-for-net\sdk\redisenterprise\Microsoft.Azure.Management.RedisEnterpriseCache\tests\ScenarioTests\BeginCreateFunctionalTests.cs(33,37): error CS0518: Predefined type 'System.String' is not defined or imported
C:\gh\azure-sdk-for-net\sdk\redisenterprise\Microsoft.Azure.Management.RedisEnterpriseCache\tests\ScenarioTests\BeginCreateFunctionalTests.cs(33,48): error CS0518: Predefined type 'System.Object' is not defined or imported
C:\gh\azure-sdk-for-net\sdk\redisenterprise\Microsoft.Azure.Management.RedisEnterpriseCache\tests\ScenarioTests\BeginCreateFunctionalTests.cs(34,37): error CS0518: Predefined type 'System.Void' is not defined or imported
C:\gh\azure-sdk-for-net\sdk\redisenterprise\Microsoft.Azure.Management.RedisEnterpriseCache\tests\ScenarioTests\BeginCreateFunctionalTests.cs(34,47): error CS0518: Predefined type 'System.Object' is not defined or imported
C:\gh\azure-sdk-for-net\sdk\redisenterprise\Microsoft.Azure.Management.RedisEnterpriseCache\tests\ScenarioTests\BeginCreateFunctionalTests.cs(34,47): error CS0518: Predefined type 'System.Void' is not defined or imported
C:\gh\azure-sdk-for-net\sdk\redisenterprise\Microsoft.Azure.Management.RedisEnterpriseCache\tests\ScenarioTests\BeginCreateFunctionalTests.cs(36,41): error CS0518: Predefined type 'System.String' is not defined or imported
C:\gh\azure-sdk-for-net\sdk\redisenterprise\Microsoft.Azure.Management.RedisEnterpriseCache\tests\ScenarioTests\BeginCreateFunctionalTests.cs(36,48): error CS0518: Predefined type 'System.Object' is not defined or imported
C:\gh\azure-sdk-for-net\sdk\redisenterprise\Microsoft.Azure.Management.RedisEnterpriseCache\tests\ScenarioTests\BeginCreateFunctionalTests.cs(36,56): error CS0518: Predefined type 'System.String' is not defined or imported
C:\gh\azure-sdk-for-net\sdk\redisenterprise\Microsoft.Azure.Management.RedisEnterpriseCache\tests\ScenarioTests\BeginCreateFunctionalTests.cs(37,41): error CS0012: The type 'Nullable<>' is defined in an assembly that is not referenced. You must add a reference to assembly 'mscorlib, Version=4.0.0.0, Culture=neutral, PublicKeyToken=b77a5c561934e089'.
C:\gh\azure-sdk-for-net\sdk\redisenterprise\Microsoft.Azure.Management.RedisEnterpriseCache\tests\ScenarioTests\BeginCreateFunctionalTests.cs(37,52): error CS0518: Predefined type 'System.Int32' is not defined or imported
C:\gh\azure-sdk-for-net\sdk\redisenterprise\Microsoft.Azure.Management.RedisEnterpriseCache\tests\ScenarioTests\BeginCreateFunctionalTests.cs(39,37): error CS0518: Predefined type 'System.String' is not defined or imported
C:\gh\azure-sdk-for-net\sdk\redisenterprise\Microsoft.Azure.Management.RedisEnterpriseCache\tests\ScenarioTests\BeginCreateFunctionalTests.cs(39,57): error CS0518: Predefined type 'System.String' is not defined or imported
C:\gh\azure-sdk-for-net\sdk\redisenterprise\Microsoft.Azure.Management.RedisEnterpriseCache\tests\ScenarioTests\BeginCreateFunctionalTests.cs(40,37): error CS0012: The type 'IList<>' is defined in an assembly that is not referenced. You must add a reference to assembly 'mscorlib, Version=4.0.0.0, Culture=neutral, PublicKeyToken=b77a5c561934e089'.
C:\gh\azure-sdk-for-net\sdk\redisenterprise\Microsoft.Azure.Management.RedisEnterpriseCache\tests\ScenarioTests\BeginCreateFunctionalTests.cs(40,49): error CS0518: Predefined type 'System.Object' is not defined or imported
C:\gh\azure-sdk-for-net\sdk\redisenterprise\Microsoft.Azure.Management.RedisEnterpriseCache\tests\ScenarioTests\BeginCreateFunctionalTests.cs(40,49): error CS0246: The type or namespace name 'List<>' could not be found (are you missing a using directive or an assembly reference?)
C:\gh\azure-sdk-for-net\sdk\redisenterprise\Microsoft.Azure.Management.RedisEnterpriseCache\tests\ScenarioTests\BeginCreateFunctionalTests.cs(40,54): error CS0518: Predefined type 'System.String' is not defined or imported
C:\gh\azure-sdk-for-net\sdk\redisenterprise\Microsoft.Azure.Management.RedisEnterpriseCache\tests\ScenarioTests\BeginCreateFunctionalTests.cs(40,64): error CS0518: Predefined type 'System.String' is not defined or imported
C:\gh\azure-sdk-for-net\sdk\redisenterprise\Microsoft.Azure.Management.RedisEnterpriseCache\tests\ScenarioTests\BeginCreateFunctionalTests.cs(40,69): error CS0518: Predefined type 'System.String' is not defined or imported
C:\gh\azure-sdk-for-net\sdk\redisenterprise\Microsoft.Azure.Management.RedisEnterpriseCache\tests\ScenarioTests\BeginCreateFunctionalTests.cs(40,74): error CS0518: Predefined type 'System.String' is not defined or imported
C:\gh\azure-sdk-for-net\sdk\redisenterprise\Microsoft.Azure.Management.RedisEnterpriseCache\tests\ScenarioTests\BeginCreateFunctionalTests.cs(30,32): error CS0518: Predefined type 'System.String' is not defined or imported
C:\gh\azure-sdk-for-net\sdk\redisenterprise\Microsoft.Azure.Management.RedisEnterpriseCache\tests\ScenarioTests\BeginCreateFunctionalTests.cs(43,17): error CS0518: Predefined type 'System.Object' is not defined or imported
C:\gh\azure-sdk-for-net\sdk\redisenterprise\Microsoft.Azure.Management.RedisEnterpriseCache\tests\ScenarioTests\BeginCreateFunctionalTests.cs(43,17): error CS0103: The name 'Assert' does not exist in the current context
C:\gh\azure-sdk-for-net\sdk\redisenterprise\Microsoft.Azure.Management.RedisEnterpriseCache\tests\ScenarioTests\BeginCreateFunctionalTests.cs(44,17): error CS0518: Predefined type 'System.Object' is not defined or imported
C:\gh\azure-sdk-for-net\sdk\redisenterprise\Microsoft.Azure.Management.RedisEnterpriseCache\tests\ScenarioTests\BeginCreateFunctionalTests.cs(44,17): error CS0103: The name 'Assert' does not exist in the current context
C:\gh\azure-sdk-for-net\sdk\redisenterprise\Microsoft.Azure.Management.RedisEnterpriseCache\tests\ScenarioTests\BeginCreateFunctionalTests.cs(44,30): error CS0518: Predefined type 'System.Object' is not defined or imported
C:\gh\azure-sdk-for-net\sdk\redisenterprise\Microsoft.Azure.Management.RedisEnterpriseCache\tests\ScenarioTests\BeginCreateFunctionalTests.cs(45,17): error CS0518: Predefined type 'System.Object' is not defined or imported
C:\gh\azure-sdk-for-net\sdk\redisenterprise\Microsoft.Azure.Management.RedisEnterpriseCache\tests\ScenarioTests\BeginCreateFunctionalTests.cs(45,17): error CS0103: The name 'Assert' does not exist in the current context
C:\gh\azure-sdk-for-net\sdk\redisenterprise\Microsoft.Azure.Management.RedisEnterpriseCache\tests\ScenarioTests\BeginCreateFunctionalTests.cs(46,17): error CS0518: Predefined type 'System.Object' is not defined or imported
C:\gh\azure-sdk-for-net\sdk\redisenterprise\Microsoft.Azure.Management.RedisEnterpriseCache\tests\ScenarioTests\BeginCreateFunctionalTests.cs(46,17): error CS0103: The name 'Assert' does not exist in the current context
C:\gh\azure-sdk-for-net\sdk\redisenterprise\Microsoft.Azure.Management.RedisEnterpriseCache\tests\ScenarioTests\BeginCreateFunctionalTests.cs(46,30): error CS0518: Predefined type 'System.String' is not defined or imported
C:\gh\azure-sdk-for-net\sdk\redisenterprise\Microsoft.Azure.Management.RedisEnterpriseCache\tests\ScenarioTests\BeginCreateFunctionalTests.cs(47,17): error CS0518: Predefined type 'System.Object' is not defined or imported
C:\gh\azure-sdk-for-net\sdk\redisenterprise\Microsoft.Azure.Management.RedisEnterpriseCache\tests\ScenarioTests\BeginCreateFunctionalTests.cs(47,17): error CS0103: The name 'Assert' does not exist in the current context
C:\gh\azure-sdk-for-net\sdk\redisenterprise\Microsoft.Azure.Management.RedisEnterpriseCache\tests\ScenarioTests\BeginCreateFunctionalTests.cs(47,30): error CS0518: Predefined type 'System.Object' is not defined or imported
C:\gh\azure-sdk-for-net\sdk\redisenterprise\Microsoft.Azure.Management.RedisEnterpriseCache\tests\ScenarioTests\BeginCreateFunctionalTests.cs(47,48): error CS0518: Predefined type 'System.String' is not defined or imported
C:\gh\azure-sdk-for-net\sdk\redisenterprise\Microsoft.Azure.Management.RedisEnterpriseCache\tests\ScenarioTests\BeginCreateFunctionalTests.cs(47,98): error CS0518: Predefined type 'System.Boolean' is not defined or imported
C:\gh\azure-sdk-for-net\sdk\redisenterprise\Microsoft.Azure.Management.RedisEnterpriseCache\tests\ScenarioTests\BeginCreateFunctionalTests.cs(48,17): error CS0518: Predefined type 'System.Object' is not defined or imported
C:\gh\azure-sdk-for-net\sdk\redisenterprise\Microsoft.Azure.Management.RedisEnterpriseCache\tests\ScenarioTests\BeginCreateFunctionalTests.cs(48,17): error CS0103: The name 'Assert' does not exist in the current context
C:\gh\azure-sdk-for-net\sdk\redisenterprise\Microsoft.Azure.Management.RedisEnterpriseCache\tests\ScenarioTests\BeginCreateFunctionalTests.cs(48,30): error CS0518: Predefined type 'System.Object' is not defined or imported
C:\gh\azure-sdk-for-net\sdk\redisenterprise\Microsoft.Azure.Management.RedisEnterpriseCache\tests\ScenarioTests\BeginCreateFunctionalTests.cs(48,44): error CS0518: Predefined type 'System.String' is not defined or imported
C:\gh\azure-sdk-for-net\sdk\redisenterprise\Microsoft.Azure.Management.RedisEnterpriseCache\tests\ScenarioTests\BeginCreateFunctionalTests.cs(48,90): error CS0518: Predefined type 'System.Boolean' is not defined or imported
C:\gh\azure-sdk-for-net\sdk\redisenterprise\Microsoft.Azure.Management.RedisEnterpriseCache\tests\ScenarioTests\BeginCreateFunctionalTests.cs(49,17): error CS0518: Predefined type 'System.Object' is not defined or imported
C:\gh\azure-sdk-for-net\sdk\redisenterprise\Microsoft.Azure.Management.RedisEnterpriseCache\tests\ScenarioTests\BeginCreateFunctionalTests.cs(49,17): error CS0103: The name 'Assert' does not exist in the current context
C:\gh\azure-sdk-for-net\sdk\redisenterprise\Microsoft.Azure.Management.RedisEnterpriseCache\tests\ScenarioTests\BeginCreateFunctionalTests.cs(49,30): error CS0518: Predefined type 'System.Object' is not defined or imported
C:\gh\azure-sdk-for-net\sdk\redisenterprise\Microsoft.Azure.Management.RedisEnterpriseCache\tests\ScenarioTests\BeginCreateFunctionalTests.cs(49,38): error CS0518: Predefined type 'System.String' is not defined or imported
C:\gh\azure-sdk-for-net\sdk\redisenterprise\Microsoft.Azure.Management.RedisEnterpriseCache\tests\ScenarioTests\BeginCreateFunctionalTests.cs(50,17): error CS0518: Predefined type 'System.Object' is not defined or imported
C:\gh\azure-sdk-for-net\sdk\redisenterprise\Microsoft.Azure.Management.RedisEnterpriseCache\tests\ScenarioTests\BeginCreateFunctionalTests.cs(50,17): error CS0103: The name 'Assert' does not exist in the current context
C:\gh\azure-sdk-for-net\sdk\redisenterprise\Microsoft.Azure.Management.RedisEnterpriseCache\tests\ScenarioTests\BeginCreateFunctionalTests.cs(50,30): error CS0518: Predefined type 'System.Int32' is not defined or imported
C:\gh\azure-sdk-for-net\sdk\redisenterprise\Microsoft.Azure.Management.RedisEnterpriseCache\tests\ScenarioTests\BeginCreateFunctionalTests.cs(52,22): error CS0518: Predefined type 'System.Int32' is not defined or imported
C:\gh\azure-sdk-for-net\sdk\redisenterprise\Microsoft.Azure.Management.RedisEnterpriseCache\tests\ScenarioTests\BeginCreateFunctionalTests.cs(52,30): error CS0518: Predefined type 'System.Int32' is not defined or imported
C:\gh\azure-sdk-for-net\sdk\redisenterprise\Microsoft.Azure.Management.RedisEnterpriseCache\tests\ScenarioTests\BeginCreateFunctionalTests.cs(52,37): error CS0518: Predefined type 'System.Int32' is not defined or imported
C:\gh\azure-sdk-for-net\sdk\redisenterprise\Microsoft.Azure.Management.RedisEnterpriseCache\tests\ScenarioTests\BeginCreateFunctionalTests.cs(52,33): error CS0518: Predefined type 'System.Boolean' is not defined or imported
C:\gh\azure-sdk-for-net\sdk\redisenterprise\Microsoft.Azure.Management.RedisEnterpriseCache\tests\ScenarioTests\BeginCreateFunctionalTests.cs(52,33): error CS0518: Predefined type 'System.Boolean' is not defined or imported
C:\gh\azure-sdk-for-net\sdk\redisenterprise\Microsoft.Azure.Management.RedisEnterpriseCache\tests\ScenarioTests\BeginCreateFunctionalTests.cs(54,32): error CS0518: Predefined type 'System.String' is not defined or imported
C:\gh\azure-sdk-for-net\sdk\redisenterprise\Microsoft.Azure.Management.RedisEnterpriseCache\tests\ScenarioTests\BeginCreateFunctionalTests.cs(55,25): error CS0518: Predefined type 'System.Object' is not defined or imported
C:\gh\azure-sdk-for-net\sdk\redisenterprise\Microsoft.Azure.Management.RedisEnterpriseCache\tests\ScenarioTests\BeginCreateFunctionalTests.cs(55,43): error CS0518: Predefined type 'System.String' is not defined or imported
C:\gh\azure-sdk-for-net\sdk\redisenterprise\Microsoft.Azure.Management.RedisEnterpriseCache\tests\ScenarioTests\BeginCreateFunctionalTests.cs(55,88): error CS0518: Predefined type 'System.Object' is not defined or imported
C:\gh\azure-sdk-for-net\sdk\redisenterprise\Microsoft.Azure.Management.RedisEnterpriseCache\tests\ScenarioTests\BeginCreateFunctionalTests.cs(55,88): error CS0103: The name 'StringComparison' does not exist in the current context
C:\gh\azure-sdk-for-net\sdk\redisenterprise\Microsoft.Azure.Management.RedisEnterpriseCache\tests\ScenarioTests\BeginCreateFunctionalTests.cs(55,25): error CS0518: Predefined type 'System.Boolean' is not defined or imported
C:\gh\azure-sdk-for-net\sdk\redisenterprise\Microsoft.Azure.Management.RedisEnterpriseCache\tests\ScenarioTests\BeginCreateFunctionalTests.cs(59,21): error CS0518: Predefined type 'System.Object' is not defined or imported
C:\gh\azure-sdk-for-net\sdk\redisenterprise\Microsoft.Azure.Management.RedisEnterpriseCache\tests\ScenarioTests\BeginCreateFunctionalTests.cs(59,21): error CS0103: The name 'TestUtilities' does not exist in the current context
C:\gh\azure-sdk-for-net\sdk\redisenterprise\Microsoft.Azure.Management.RedisEnterpriseCache\tests\ScenarioTests\BeginCreateFunctionalTests.cs(59,44): error CS0518: Predefined type 'System.Object' is not defined or imported
C:\gh\azure-sdk-for-net\sdk\redisenterprise\Microsoft.Azure.Management.RedisEnterpriseCache\tests\ScenarioTests\BeginCreateFunctionalTests.cs(59,44): error CS0246: The type or namespace name 'TimeSpan' could not be found (are you missing a using directive or an assembly reference?)
C:\gh\azure-sdk-for-net\sdk\redisenterprise\Microsoft.Azure.Management.RedisEnterpriseCache\tests\ScenarioTests\BeginCreateFunctionalTests.cs(59,53): error CS0518: Predefined type 'System.Int32' is not defined or imported
C:\gh\azure-sdk-for-net\sdk\redisenterprise\Microsoft.Azure.Management.RedisEnterpriseCache\tests\ScenarioTests\BeginCreateFunctionalTests.cs(59,56): error CS0518: Predefined type 'System.Int32' is not defined or imported
C:\gh\azure-sdk-for-net\sdk\redisenterprise\Microsoft.Azure.Management.RedisEnterpriseCache\tests\ScenarioTests\BeginCreateFunctionalTests.cs(59,59): error CS0518: Predefined type 'System.Int32' is not defined or imported
C:\gh\azure-sdk-for-net\sdk\redisenterprise\Microsoft.Azure.Management.RedisEnterpriseCache\tests\ScenarioTests\BeginCreateFunctionalTests.cs(61,17): error CS0518: Predefined type 'System.Object' is not defined or imported
C:\gh\azure-sdk-for-net\sdk\redisenterprise\Microsoft.Azure.Management.RedisEnterpriseCache\tests\ScenarioTests\BeginCreateFunctionalTests.cs(61,17): error CS0103: The name 'Assert' does not exist in the current context
C:\gh\azure-sdk-for-net\sdk\redisenterprise\Microsoft.Azure.Management.RedisEnterpriseCache\tests\ScenarioTests\BeginCreateFunctionalTests.cs(61,30): error CS0518: Predefined type 'System.Object' is not defined or imported
C:\gh\azure-sdk-for-net\sdk\redisenterprise\Microsoft.Azure.Management.RedisEnterpriseCache\tests\ScenarioTests\BeginCreateFunctionalTests.cs(61,44): error CS0518: Predefined type 'System.String' is not defined or imported
C:\gh\azure-sdk-for-net\sdk\redisenterprise\Microsoft.Azure.Management.RedisEnterpriseCache\tests\ScenarioTests\BeginCreateFunctionalTests.cs(61,89): error CS0518: Predefined type 'System.Boolean' is not defined or imported
C:\gh\azure-sdk-for-net\sdk\redisenterprise\Microsoft.Azure.Management.RedisEnterpriseCache\tests\ScenarioTests\BeginCreateFunctionalTests.cs(62,17): error CS0518: Predefined type 'System.Object' is not defined or imported
C:\gh\azure-sdk-for-net\sdk\redisenterprise\Microsoft.Azure.Management.RedisEnterpriseCache\tests\ScenarioTests\BeginCreateFunctionalTests.cs(62,17): error CS0103: The name 'Assert' does not exist in the current context
C:\gh\azure-sdk-for-net\sdk\redisenterprise\Microsoft.Azure.Management.RedisEnterpriseCache\tests\ScenarioTests\BeginCreateFunctionalTests.cs(62,30): error CS0518: Predefined type 'System.Int32' is not defined or imported
C:\gh\azure-sdk-for-net\sdk\redisenterprise\Microsoft.Azure.Management.RedisEnterpriseCache\tests\ScenarioTests\BeginCreateFunctionalTests.cs(65,57): error CS0518: Predefined type 'System.Object' is not defined or imported
C:\gh\azure-sdk-for-net\sdk\redisenterprise\Microsoft.Azure.Management.RedisEnterpriseCache\tests\ScenarioTests\BeginCreateFunctionalTests.cs(65,57): error CS0518: Predefined type 'System.Void' is not defined or imported
C:\gh\azure-sdk-for-net\sdk\redisenterprise\Microsoft.Azure.Management.RedisEnterpriseCache\tests\ScenarioTests\BeginCreateFunctionalTests.cs(67,45): error CS0518: Predefined type 'System.String' is not defined or imported
C:\gh\azure-sdk-for-net\sdk\redisenterprise\Microsoft.Azure.Management.RedisEnterpriseCache\tests\ScenarioTests\BeginCreateFunctionalTests.cs(67,62): error CS0518: Predefined type 'System.Object' is not defined or imported
C:\gh\azure-sdk-for-net\sdk\redisenterprise\Microsoft.Azure.Management.RedisEnterpriseCache\tests\ScenarioTests\BeginCreateFunctionalTests.cs(67,71): error CS0518: Predefined type 'System.String' is not defined or imported
C:\gh\azure-sdk-for-net\sdk\redisenterprise\Microsoft.Azure.Management.RedisEnterpriseCache\tests\ScenarioTests\BeginCreateFunctionalTests.cs(68,45): error CS0518: Predefined type 'System.String' is not defined or imported
C:\gh\azure-sdk-for-net\sdk\redisenterprise\Microsoft.Azure.Management.RedisEnterpriseCache\tests\ScenarioTests\BeginCreateFunctionalTests.cs(68,64): error CS0518: Predefined type 'System.Object' is not defined or imported
C:\gh\azure-sdk-for-net\sdk\redisenterprise\Microsoft.Azure.Management.RedisEnterpriseCache\tests\ScenarioTests\BeginCreateFunctionalTests.cs(68,81): error CS0518: Predefined type 'System.String' is not defined or imported
C:\gh\azure-sdk-for-net\sdk\redisenterprise\Microsoft.Azure.Management.RedisEnterpriseCache\tests\ScenarioTests\BeginCreateFunctionalTests.cs(69,45): error CS0518: Predefined type 'System.String' is not defined or imported
C:\gh\azure-sdk-for-net\sdk\redisenterprise\Microsoft.Azure.Management.RedisEnterpriseCache\tests\ScenarioTests\BeginCreateFunctionalTests.cs(69,62): error CS0518: Predefined type 'System.Object' is not defined or imported
C:\gh\azure-sdk-for-net\sdk\redisenterprise\Microsoft.Azure.Management.RedisEnterpriseCache\tests\ScenarioTests\BeginCreateFunctionalTests.cs(69,77): error CS0518: Predefined type 'System.String' is not defined or imported
C:\gh\azure-sdk-for-net\sdk\redisenterprise\Microsoft.Azure.Management.RedisEnterpriseCache\tests\ScenarioTests\BeginCreateFunctionalTests.cs(70,45): error CS0012: The type 'IList<>' is defined in an assembly that is not referenced. You must add a reference to assembly 'mscorlib, Version=4.0.0.0, Culture=neutral, PublicKeyToken=b77a5c561934e089'.
C:\gh\azure-sdk-for-net\sdk\redisenterprise\Microsoft.Azure.Management.RedisEnterpriseCache\tests\ScenarioTests\BeginCreateFunctionalTests.cs(70,59): error CS0518: Predefined type 'System.Object' is not defined or imported
C:\gh\azure-sdk-for-net\sdk\redisenterprise\Microsoft.Azure.Management.RedisEnterpriseCache\tests\ScenarioTests\BeginCreateFunctionalTests.cs(70,59): error CS0246: The type or namespace name 'List<>' could not be found (are you missing a using directive or an assembly reference?)
C:\gh\azure-sdk-for-net\sdk\redisenterprise\Microsoft.Azure.Management.RedisEnterpriseCache\tests\ScenarioTests\BeginCreateFunctionalTests.cs(70,64): error CS0518: Predefined type 'System.Object' is not defined or imported
C:\gh\azure-sdk-for-net\sdk\redisenterprise\Microsoft.Azure.Management.RedisEnterpriseCache\tests\ScenarioTests\BeginCreateFunctionalTests.cs(72,53): error CS0518: Predefined type 'System.Object' is not defined or imported
C:\gh\azure-sdk-for-net\sdk\redisenterprise\Microsoft.Azure.Management.RedisEnterpriseCache\tests\ScenarioTests\BeginCreateFunctionalTests.cs(72,66): error CS0518: Predefined type 'System.String' is not defined or imported
C:\gh\azure-sdk-for-net\sdk\redisenterprise\Microsoft.Azure.Management.RedisEnterpriseCache\tests\ScenarioTests\BeginCreateFunctionalTests.cs(72,86): error CS0518: Predefined type 'System.String' is not defined or imported
C:\gh\azure-sdk-for-net\sdk\redisenterprise\Microsoft.Azure.Management.RedisEnterpriseCache\tests\ScenarioTests\BeginCreateFunctionalTests.cs(72,53): error CS0518: Predefined type 'System.Void' is not defined or imported
C:\gh\azure-sdk-for-net\sdk\redisenterprise\Microsoft.Azure.Management.RedisEnterpriseCache\tests\ScenarioTests\BeginCreateFunctionalTests.cs(73,53): error CS0518: Predefined type 'System.Object' is not defined or imported
C:\gh\azure-sdk-for-net\sdk\redisenterprise\Microsoft.Azure.Management.RedisEnterpriseCache\tests\ScenarioTests\BeginCreateFunctionalTests.cs(73,66): error CS0518: Predefined type 'System.String' is not defined or imported
C:\gh\azure-sdk-for-net\sdk\redisenterprise\Microsoft.Azure.Management.RedisEnterpriseCache\tests\ScenarioTests\BeginCreateFunctionalTests.cs(73,91): error CS0518: Predefined type 'System.String' is not defined or imported
C:\gh\azure-sdk-for-net\sdk\redisenterprise\Microsoft.Azure.Management.RedisEnterpriseCache\tests\ScenarioTests\BeginCreateFunctionalTests.cs(73,53): error CS0518: Predefined type 'System.Void' is not defined or imported
C:\gh\azure-sdk-for-net\sdk\redisenterprise\Microsoft.Azure.Management.RedisEnterpriseCache\tests\ScenarioTests\BeginCreateFunctionalTests.cs(74,53): error CS0518: Predefined type 'System.Object' is not defined or imported
C:\gh\azure-sdk-for-net\sdk\redisenterprise\Microsoft.Azure.Management.RedisEnterpriseCache\tests\ScenarioTests\BeginCreateFunctionalTests.cs(74,66): error CS0518: Predefined type 'System.String' is not defined or imported
C:\gh\azure-sdk-for-net\sdk\redisenterprise\Microsoft.Azure.Management.RedisEnterpriseCache\tests\ScenarioTests\BeginCreateFunctionalTests.cs(74,53): error CS0518: Predefined type 'System.Void' is not defined or imported
C:\gh\azure-sdk-for-net\sdk\redisenterprise\Microsoft.Azure.Management.RedisEnterpriseCache\tests\ScenarioTests\BeginCreateFunctionalTests.cs(64,40): error CS0518: Predefined type 'System.String' is not defined or imported
C:\gh\azure-sdk-for-net\sdk\redisenterprise\Microsoft.Azure.Management.RedisEnterpriseCache\tests\ScenarioTests\BeginCreateFunctionalTests.cs(78,17): error CS0518: Predefined type 'System.Object' is not defined or imported
C:\gh\azure-sdk-for-net\sdk\redisenterprise\Microsoft.Azure.Management.RedisEnterpriseCache\tests\ScenarioTests\BeginCreateFunctionalTests.cs(78,17): error CS0103: The name 'Assert' does not exist in the current context
C:\gh\azure-sdk-for-net\sdk\redisenterprise\Microsoft.Azure.Management.RedisEnterpriseCache\tests\ScenarioTests\BeginCreateFunctionalTests.cs(79,17): error CS0518: Predefined type 'System.Object' is not defined or imported
C:\gh\azure-sdk-for-net\sdk\redisenterprise\Microsoft.Azure.Management.RedisEnterpriseCache\tests\ScenarioTests\BeginCreateFunctionalTests.cs(79,17): error CS0103: The name 'Assert' does not exist in the current context
C:\gh\azure-sdk-for-net\sdk\redisenterprise\Microsoft.Azure.Management.RedisEnterpriseCache\tests\ScenarioTests\BeginCreateFunctionalTests.cs(80,17): error CS0518: Predefined type 'System.Object' is not defined or imported
C:\gh\azure-sdk-for-net\sdk\redisenterprise\Microsoft.Azure.Management.RedisEnterpriseCache\tests\ScenarioTests\BeginCreateFunctionalTests.cs(80,17): error CS0103: The name 'Assert' does not exist in the current context
C:\gh\azure-sdk-for-net\sdk\redisenterprise\Microsoft.Azure.Management.RedisEnterpriseCache\tests\ScenarioTests\BeginCreateFunctionalTests.cs(80,30): error CS0518: Predefined type 'System.String' is not defined or imported
C:\gh\azure-sdk-for-net\sdk\redisenterprise\Microsoft.Azure.Management.RedisEnterpriseCache\tests\ScenarioTests\BeginCreateFunctionalTests.cs(81,17): error CS0518: Predefined type 'System.Object' is not defined or imported
C:\gh\azure-sdk-for-net\sdk\redisenterprise\Microsoft.Azure.Management.RedisEnterpriseCache\tests\ScenarioTests\BeginCreateFunctionalTests.cs(81,17): error CS0103: The name 'Assert' does not exist in the current context
C:\gh\azure-sdk-for-net\sdk\redisenterprise\Microsoft.Azure.Management.RedisEnterpriseCache\tests\ScenarioTests\BeginCreateFunctionalTests.cs(81,30): error CS0518: Predefined type 'System.Object' is not defined or imported
C:\gh\azure-sdk-for-net\sdk\redisenterprise\Microsoft.Azure.Management.RedisEnterpriseCache\tests\ScenarioTests\BeginCreateFunctionalTests.cs(81,48): error CS0518: Predefined type 'System.String' is not defined or imported
C:\gh\azure-sdk-for-net\sdk\redisenterprise\Microsoft.Azure.Management.RedisEnterpriseCache\tests\ScenarioTests\BeginCreateFunctionalTests.cs(81,107): error CS0518: Predefined type 'System.Boolean' is not defined or imported
C:\gh\azure-sdk-for-net\sdk\redisenterprise\Microsoft.Azure.Management.RedisEnterpriseCache\tests\ScenarioTests\BeginCreateFunctionalTests.cs(82,17): error CS0518: Predefined type 'System.Object' is not defined or imported
C:\gh\azure-sdk-for-net\sdk\redisenterprise\Microsoft.Azure.Management.RedisEnterpriseCache\tests\ScenarioTests\BeginCreateFunctionalTests.cs(82,17): error CS0103: The name 'Assert' does not exist in the current context
C:\gh\azure-sdk-for-net\sdk\redisenterprise\Microsoft.Azure.Management.RedisEnterpriseCache\tests\ScenarioTests\BeginCreateFunctionalTests.cs(82,30): error CS0518: Predefined type 'System.Object' is not defined or imported
C:\gh\azure-sdk-for-net\sdk\redisenterprise\Microsoft.Azure.Management.RedisEnterpriseCache\tests\ScenarioTests\BeginCreateFunctionalTests.cs(82,44): error CS0518: Predefined type 'System.String' is not defined or imported
C:\gh\azure-sdk-for-net\sdk\redisenterprise\Microsoft.Azure.Management.RedisEnterpriseCache\tests\ScenarioTests\BeginCreateFunctionalTests.cs(82,97): error CS0518: Predefined type 'System.Boolean' is not defined or imported
C:\gh\azure-sdk-for-net\sdk\redisenterprise\Microsoft.Azure.Management.RedisEnterpriseCache\tests\ScenarioTests\BeginCreateFunctionalTests.cs(83,17): error CS0518: Predefined type 'System.Object' is not defined or imported
C:\gh\azure-sdk-for-net\sdk\redisenterprise\Microsoft.Azure.Management.RedisEnterpriseCache\tests\ScenarioTests\BeginCreateFunctionalTests.cs(83,17): error CS0103: The name 'Assert' does not exist in the current context
C:\gh\azure-sdk-for-net\sdk\redisenterprise\Microsoft.Azure.Management.RedisEnterpriseCache\tests\ScenarioTests\BeginCreateFunctionalTests.cs(83,30): error CS0518: Predefined type 'System.Object' is not defined or imported
C:\gh\azure-sdk-for-net\sdk\redisenterprise\Microsoft.Azure.Management.RedisEnterpriseCache\tests\ScenarioTests\BeginCreateFunctionalTests.cs(83,39): error CS0518: Predefined type 'System.String' is not defined or imported
C:\gh\azure-sdk-for-net\sdk\redisenterprise\Microsoft.Azure.Management.RedisEnterpriseCache\tests\ScenarioTests\BeginCreateFunctionalTests.cs(84,17): error CS0518: Predefined type 'System.Object' is not defined or imported
C:\gh\azure-sdk-for-net\sdk\redisenterprise\Microsoft.Azure.Management.RedisEnterpriseCache\tests\ScenarioTests\BeginCreateFunctionalTests.cs(84,17): error CS0103: The name 'Assert' does not exist in the current context
C:\gh\azure-sdk-for-net\sdk\redisenterprise\Microsoft.Azure.Management.RedisEnterpriseCache\tests\ScenarioTests\BeginCreateFunctionalTests.cs(84,30): error CS0518: Predefined type 'System.Object' is not defined or imported
C:\gh\azure-sdk-for-net\sdk\redisenterprise\Microsoft.Azure.Management.RedisEnterpriseCache\tests\ScenarioTests\BeginCreateFunctionalTests.cs(84,47): error CS0518: Predefined type 'System.String' is not defined or imported
C:\gh\azure-sdk-for-net\sdk\redisenterprise\Microsoft.Azure.Management.RedisEnterpriseCache\tests\ScenarioTests\BeginCreateFunctionalTests.cs(85,17): error CS0518: Predefined type 'System.Object' is not defined or imported
C:\gh\azure-sdk-for-net\sdk\redisenterprise\Microsoft.Azure.Management.RedisEnterpriseCache\tests\ScenarioTests\BeginCreateFunctionalTests.cs(85,17): error CS0103: The name 'Assert' does not exist in the current context
C:\gh\azure-sdk-for-net\sdk\redisenterprise\Microsoft.Azure.Management.RedisEnterpriseCache\tests\ScenarioTests\BeginCreateFunctionalTests.cs(85,30): error CS0518: Predefined type 'System.Object' is not defined or imported
C:\gh\azure-sdk-for-net\sdk\redisenterprise\Microsoft.Azure.Management.RedisEnterpriseCache\tests\ScenarioTests\BeginCreateFunctionalTests.cs(85,45): error CS0518: Predefined type 'System.String' is not defined or imported
C:\gh\azure-sdk-for-net\sdk\redisenterprise\Microsoft.Azure.Management.RedisEnterpriseCache\tests\ScenarioTests\BeginCreateFunctionalTests.cs(86,17): error CS0518: Predefined type 'System.Object' is not defined or imported
C:\gh\azure-sdk-for-net\sdk\redisenterprise\Microsoft.Azure.Management.RedisEnterpriseCache\tests\ScenarioTests\BeginCreateFunctionalTests.cs(86,17): error CS0103: The name 'Assert' does not exist in the current context
C:\gh\azure-sdk-for-net\sdk\redisenterprise\Microsoft.Azure.Management.RedisEnterpriseCache\tests\ScenarioTests\BeginCreateFunctionalTests.cs(86,30): error CS0518: Predefined type 'System.Int32' is not defined or imported
C:\gh\azure-sdk-for-net\sdk\redisenterprise\Microsoft.Azure.Management.RedisEnterpriseCache\tests\ScenarioTests\BeginCreateFunctionalTests.cs(88,17): error CS0518: Predefined type 'System.Void' is not defined or imported
C:\gh\azure-sdk-for-net\sdk\redisenterprise\Microsoft.Azure.Management.RedisEnterpriseCache\tests\Utility.cs(13,1): hidden CS8019: Unnecessary using directive.
C:\gh\azure-sdk-for-net\sdk\redisenterprise\Microsoft.Azure.Management.RedisEnterpriseCache\tests\Utility.cs(10,1): hidden CS8019: Unnecessary using directive.
C:\gh\azure-sdk-for-net\sdk\redisenterprise\Microsoft.Azure.Management.RedisEnterpriseCache\tests\Properties\AssemblyInfo.cs(6,1): hidden CS8019: Unnecessary using directive.
C:\gh\azure-sdk-for-net\sdk\redisenterprise\Microsoft.Azure.Management.RedisEnterpriseCache\tests\ScenarioTests\TestsFixture.cs(12,1): hidden CS8019: Unnecessary using directive.
C:\gh\azure-sdk-for-net\sdk\redisenterprise\Microsoft.Azure.Management.RedisEnterpriseCache\tests\ScenarioTests\RedisEnterpriseCacheManagementHelper.cs(9,1): hidden CS8019: Unnecessary using directive.
C:\gh\azure-sdk-for-net\sdk\redisenterprise\Microsoft.Azure.Management.RedisEnterpriseCache\tests\Utility.cs(14,1): hidden CS8019: Unnecessary using directive.
C:\gh\azure-sdk-for-net\eng\mgmt\DisableTestRunParallel.cs(5,1): hidden CS8019: Unnecessary using directive.
C:\gh\azure-sdk-for-net\sdk\redisenterprise\Microsoft.Azure.Management.RedisEnterpriseCache\tests\ScenarioTests\RedisEnterpriseCacheManagementHelper.cs(10,1): hidden CS8019: Unnecessary using directive.
C:\gh\azure-sdk-for-net\eng\mgmt\DisableTestRunParallel.cs(4,1): hidden CS8019: Unnecessary using directive.
C:\gh\azure-sdk-for-net\artifacts\obj\Microsoft.Azure.Management.RedisEnterpriseCache.Tests\Debug\netcoreapp2.0\Microsoft.Azure.Management.RedisEnterpriseCache.Tests.AssemblyInfo.cs(12,1): hidden CS8019: Unnecessary using directive.
C:\gh\azure-sdk-for-net\sdk\redisenterprise\Microsoft.Azure.Management.RedisEnterpriseCache\tests\ScenarioTests\RedisEnterpriseCacheManagementHelper.cs(8,1): hidden CS8019: Unnecessary using directive.
C:\gh\azure-sdk-for-net\sdk\redisenterprise\Microsoft.Azure.Management.RedisEnterpriseCache\tests\Utility.cs(9,1): hidden CS8019: Unnecessary using directive.
C:\gh\azure-sdk-for-net\sdk\redisenterprise\Microsoft.Azure.Management.RedisEnterpriseCache\tests\ScenarioTests\TestsFixture.cs(8,1): hidden CS8019: Unnecessary using directive.
C:\gh\azure-sdk-for-net\sdk\redisenterprise\Microsoft.Azure.Management.RedisEnterpriseCache\tests\ScenarioTests\RedisEnterpriseCacheManagementTestUtilities.cs(6,1): hidden CS8019: Unnecessary using directive.
C:\gh\azure-sdk-for-net\sdk\redisenterprise\Microsoft.Azure.Management.RedisEnterpriseCache\tests\ScenarioTests\TestsFixture.cs(11,1): hidden CS8019: Unnecessary using directive.
C:\gh\azure-sdk-for-net\sdk\redisenterprise\Microsoft.Azure.Management.RedisEnterpriseCache\tests\ScenarioTests\TestsFixture.cs(7,1): hidden CS8019: Unnecessary using directive.
C:\gh\azure-sdk-for-net\sdk\redisenterprise\Microsoft.Azure.Management.RedisEnterpriseCache\tests\Utility.cs(12,1): hidden CS8019: Unnecessary using directive.
C:\gh\azure-sdk-for-net\sdk\redisenterprise\Microsoft.Azure.Management.RedisEnterpriseCache\tests\ScenarioTests\RedisEnterpriseCacheManagementTestUtilities.cs(5,1): hidden CS8019: Unnecessary using directive.
C:\gh\azure-sdk-for-net\sdk\redisenterprise\Microsoft.Azure.Management.RedisEnterpriseCache\tests\ScenarioTests\CreateUpdateDeleteFunctionalTests.cs(9,1): hidden CS8019: Unnecessary using directive.
C:\gh\azure-sdk-for-net\sdk\redisenterprise\Microsoft.Azure.Management.RedisEnterpriseCache\tests\ScenarioTests\CreateUpdateDeleteFunctionalTests.cs(7,1): hidden CS8019: Unnecessary using directive.
C:\gh\azure-sdk-for-net\sdk\redisenterprise\Microsoft.Azure.Management.RedisEnterpriseCache\tests\ScenarioTests\RedisEnterpriseCacheManagementHelper.cs(4,1): hidden CS8019: Unnecessary using directive.
C:\gh\azure-sdk-for-net\sdk\redisenterprise\Microsoft.Azure.Management.RedisEnterpriseCache\tests\ScenarioTests\TestsFixture.cs(9,1): hidden CS8019: Unnecessary using directive.
C:\gh\azure-sdk-for-net\sdk\redisenterprise\Microsoft.Azure.Management.RedisEnterpriseCache\tests\ScenarioTests\CreateUpdateDeleteFunctionalTests.cs(10,1): hidden CS8019: Unnecessary using directive.
C:\gh\azure-sdk-for-net\sdk\redisenterprise\Microsoft.Azure.Management.RedisEnterpriseCache\tests\DummyResponseDelegatingHandler.cs(7,1): hidden CS8019: Unnecessary using directive.
C:\gh\azure-sdk-for-net\sdk\redisenterprise\Microsoft.Azure.Management.RedisEnterpriseCache\tests\ScenarioTests\TestsFixture.cs(10,1): hidden CS8019: Unnecessary using directive.
C:\gh\azure-sdk-for-net\sdk\redisenterprise\Microsoft.Azure.Management.RedisEnterpriseCache\tests\ScenarioTests\BeginCreateFunctionalTests.cs(9,1): hidden CS8019: Unnecessary using directive.
C:\gh\azure-sdk-for-net\sdk\redisenterprise\Microsoft.Azure.Management.RedisEnterpriseCache\tests\ScenarioTests\BeginCreateFunctionalTests.cs(7,1): hidden CS8019: Unnecessary using directive.
C:\gh\azure-sdk-for-net\sdk\redisenterprise\Microsoft.Azure.Management.RedisEnterpriseCache\tests\ScenarioTests\TestsFixture.cs(13,1): hidden CS8019: Unnecessary using directive.
C:\gh\azure-sdk-for-net\sdk\redisenterprise\Microsoft.Azure.Management.RedisEnterpriseCache\tests\DummyResponseDelegatingHandler.cs(5,1): hidden CS8019: Unnecessary using directive.
C:\gh\azure-sdk-for-net\sdk\redisenterprise\Microsoft.Azure.Management.RedisEnterpriseCache\tests\ScenarioTests\TestsFixture.cs(5,1): hidden CS8019: Unnecessary using directive.
C:\gh\azure-sdk-for-net\artifacts\obj\Microsoft.Azure.Management.RedisEnterpriseCache.Tests\Debug\netcoreapp2.0\.NETCoreApp,Version=v2.0.AssemblyAttributes.cs(2,1): hidden CS8019: Unnecessary using directive.
C:\gh\azure-sdk-for-net\sdk\redisenterprise\Microsoft.Azure.Management.RedisEnterpriseCache\tests\Properties\AssemblyInfo.cs(5,1): hidden CS8019: Unnecessary using directive.
C:\gh\azure-sdk-for-net\sdk\redisenterprise\Microsoft.Azure.Management.RedisEnterpriseCache\tests\DummyResponseDelegatingHandler.cs(8,1): hidden CS8019: Unnecessary using directive.
C:\gh\azure-sdk-for-net\sdk\redisenterprise\Microsoft.Azure.Management.RedisEnterpriseCache\tests\ScenarioTests\TestsFixture.cs(6,1): hidden CS8019: Unnecessary using directive.
C:\gh\azure-sdk-for-net\sdk\redisenterprise\Microsoft.Azure.Management.RedisEnterpriseCache\tests\Properties\AssemblyInfo.cs(4,1): hidden CS8019: Unnecessary using directive.
C:\gh\azure-sdk-for-net\sdk\redisenterprise\Microsoft.Azure.Management.RedisEnterpriseCache\tests\ScenarioTests\CreateUpdateDeleteFunctionalTests.cs(8,1): hidden CS8019: Unnecessary using directive.
C:\gh\azure-sdk-for-net\sdk\redisenterprise\Microsoft.Azure.Management.RedisEnterpriseCache\tests\ScenarioTests\BeginCreateFunctionalTests.cs(10,1): hidden CS8019: Unnecessary using directive.
C:\gh\azure-sdk-for-net\sdk\redisenterprise\Microsoft.Azure.Management.RedisEnterpriseCache\tests\Utility.cs(15,1): hidden CS8019: Unnecessary using directive.
C:\gh\azure-sdk-for-net\sdk\redisenterprise\Microsoft.Azure.Management.RedisEnterpriseCache\tests\ScenarioTests\TestsFixture.cs(4,1): hidden CS8019: Unnecessary using directive.
C:\gh\azure-sdk-for-net\sdk\redisenterprise\Microsoft.Azure.Management.RedisEnterpriseCache\tests\Utility.cs(11,1): hidden CS8019: Unnecessary using directive.
C:\gh\azure-sdk-for-net\sdk\redisenterprise\Microsoft.Azure.Management.RedisEnterpriseCache\tests\DummyResponseDelegatingHandler.cs(6,1): hidden CS8019: Unnecessary using directive.
C:\gh\azure-sdk-for-net\sdk\redisenterprise\Microsoft.Azure.Management.RedisEnterpriseCache\tests\Utility.cs(5,1): hidden CS8019: Unnecessary using directive.
C:\gh\azure-sdk-for-net\sdk\redisenterprise\Microsoft.Azure.Management.RedisEnterpriseCache\tests\DummyResponseDelegatingHandler.cs(9,1): hidden CS8019: Unnecessary using directive.
C:\gh\azure-sdk-for-net\artifacts\obj\Microsoft.Azure.Management.RedisEnterpriseCache.Tests\Debug\netcoreapp2.0\.NETCoreApp,Version=v2.0.AssemblyAttributes.cs(3,1): hidden CS8019: Unnecessary using directive.
C:\gh\azure-sdk-for-net\artifacts\obj\Microsoft.Azure.Management.RedisEnterpriseCache.Tests\Debug\netcoreapp2.0\Microsoft.Azure.Management.RedisEnterpriseCache.Tests.AssemblyInfo.cs(11,1): hidden CS8019: Unnecessary using directive.
C:\gh\azure-sdk-for-net\sdk\redisenterprise\Microsoft.Azure.Management.RedisEnterpriseCache\tests\Utility.cs(7,1): hidden CS8019: Unnecessary using directive.
C:\gh\azure-sdk-for-net\sdk\redisenterprise\Microsoft.Azure.Management.RedisEnterpriseCache\tests\Utility.cs(8,1): hidden CS8019: Unnecessary using directive.
C:\gh\azure-sdk-for-net\sdk\redisenterprise\Microsoft.Azure.Management.RedisEnterpriseCache\tests\ScenarioTests\CreateUpdateDeleteFunctionalTests.cs(11,1): hidden CS8019: Unnecessary using directive.
C:\gh\azure-sdk-for-net\sdk\redisenterprise\Microsoft.Azure.Management.RedisEnterpriseCache\tests\ScenarioTests\BeginCreateFunctionalTests.cs(8,1): hidden CS8019: Unnecessary using directive.
