C:\gh\azure-sdk-for-net\sdk\cognitiveservices\Microsoft.Azure.Management.CognitiveServices\tests\Helpers\TestHelper.cs(77,52): error CS0246: The type or namespace name 'Account' could not be found (are you missing a using directive or an assembly reference?)
C:\gh\azure-sdk-for-net\sdk\cognitiveservices\Microsoft.Azure.Management.CognitiveServices\tests\Helpers\TestHelper.cs(59,23): error CS0246: The type or namespace name 'Account' could not be found (are you missing a using directive or an assembly reference?)
C:\gh\azure-sdk-for-net\sdk\cognitiveservices\Microsoft.Azure.Management.CognitiveServices\tests\Helpers\TestHelper.cs(62,34): error CS0246: The type or namespace name 'Account' could not be found (are you missing a using directive or an assembly reference?)
C:\gh\azure-sdk-for-net\sdk\cognitiveservices\Microsoft.Azure.Management.CognitiveServices\tests\Helpers\TestHelper.cs(68,34): error CS0246: The type or namespace name 'AccountProperties' could not be found (are you missing a using directive or an assembly reference?)
C:\gh\azure-sdk-for-net\sdk\cognitiveservices\Microsoft.Azure.Management.CognitiveServices\tests\Tests\CognitiveServicesTests.cs(42,38): error CS0246: The type or namespace name 'Account' could not be found (are you missing a using directive or an assembly reference?)
C:\gh\azure-sdk-for-net\sdk\cognitiveservices\Microsoft.Azure.Management.CognitiveServices\tests\Tests\CognitiveServicesTests.cs(48,38): error CS0246: The type or namespace name 'AccountProperties' could not be found (are you missing a using directive or an assembly reference?)
C:\gh\azure-sdk-for-net\sdk\cognitiveservices\Microsoft.Azure.Management.CognitiveServices\tests\Helpers\TestHelper.cs(123,20): error CS0246: The type or namespace name 'ErrorResponseException' could not be found (are you missing a using directive or an assembly reference?)
C:\gh\azure-sdk-for-net\sdk\cognitiveservices\Microsoft.Azure.Management.CognitiveServices\tests\Tests\CognitiveServicesTests.cs(103,31): error CS1929: 'IAccountsOperations' does not contain a definition for 'Get' and the best extension method overload 'DeploymentsOperationsExtensions.Get(IDeploymentsOperations, string, string)' requires a receiver of type 'IDeploymentsOperations'
C:\gh\azure-sdk-for-net\sdk\cognitiveservices\Microsoft.Azure.Management.CognitiveServices\tests\Tests\CognitiveServicesTests.cs(113,31): error CS1929: 'IAccountsOperations' does not contain a definition for 'Get' and the best extension method overload 'DeploymentsOperationsExtensions.Get(IDeploymentsOperations, string, string)' requires a receiver of type 'IDeploymentsOperations'
C:\gh\azure-sdk-for-net\sdk\cognitiveservices\Microsoft.Azure.Management.CognitiveServices\tests\Tests\CognitiveServicesTests.cs(118,60): error CS1061: 'CognitiveServicesManagementClient' does not contain a definition for 'DeletedAccounts' and no accessible extension method 'DeletedAccounts' accepting a first argument of type 'CognitiveServicesManagementClient' could be found (are you missing a using directive or an assembly reference?)
C:\gh\azure-sdk-for-net\sdk\cognitiveservices\Microsoft.Azure.Management.CognitiveServices\tests\Tests\CognitiveServicesTests.cs(121,55): error CS1061: 'CognitiveServicesManagementClient' does not contain a definition for 'DeletedAccounts' and no accessible extension method 'DeletedAccounts' accepting a first argument of type 'CognitiveServicesManagementClient' could be found (are you missing a using directive or an assembly reference?)
C:\gh\azure-sdk-for-net\sdk\cognitiveservices\Microsoft.Azure.Management.CognitiveServices\tests\Tests\CognitiveServicesTests.cs(131,31): error CS1929: 'IAccountsOperations' does not contain a definition for 'Get' and the best extension method overload 'DeploymentsOperationsExtensions.Get(IDeploymentsOperations, string, string)' requires a receiver of type 'IDeploymentsOperations'
C:\gh\azure-sdk-for-net\sdk\cognitiveservices\Microsoft.Azure.Management.CognitiveServices\tests\Tests\CognitiveServicesTests.cs(140,45): error CS1061: 'CognitiveServicesManagementClient' does not contain a definition for 'DeletedAccounts' and no accessible extension method 'DeletedAccounts' accepting a first argument of type 'CognitiveServicesManagementClient' could be found (are you missing a using directive or an assembly reference?)
C:\gh\azure-sdk-for-net\sdk\cognitiveservices\Microsoft.Azure.Management.CognitiveServices\tests\Tests\CognitiveServicesTests.cs(242,52): error CS1503: Argument 1: cannot convert from 'Microsoft.Azure.Management.CognitiveServices.Models.CognitiveServicesAccount' to 'Account'
C:\gh\azure-sdk-for-net\sdk\cognitiveservices\Microsoft.Azure.Management.CognitiveServices\tests\Tests\CognitiveServicesTests.cs(243,52): error CS1503: Argument 1: cannot convert from 'Microsoft.Azure.Management.CognitiveServices.Models.CognitiveServicesAccount' to 'Account'
C:\gh\azure-sdk-for-net\sdk\cognitiveservices\Microsoft.Azure.Management.CognitiveServices\tests\Tests\CognitiveServicesTests.cs(272,52): error CS1503: Argument 1: cannot convert from 'Microsoft.Azure.Management.CognitiveServices.Models.CognitiveServicesAccount' to 'Account'
C:\gh\azure-sdk-for-net\sdk\cognitiveservices\Microsoft.Azure.Management.CognitiveServices\tests\Tests\CognitiveServicesTests.cs(276,52): error CS1503: Argument 1: cannot convert from 'Microsoft.Azure.Management.CognitiveServices.Models.CognitiveServicesAccount' to 'Account'
C:\gh\azure-sdk-for-net\sdk\cognitiveservices\Microsoft.Azure.Management.CognitiveServices\tests\Tests\CognitiveServicesTests.cs(324,67): error CS1061: 'IAccountsOperations' does not contain a definition for 'ListUsages' and no accessible extension method 'ListUsages' accepting a first argument of type 'IAccountsOperations' could be found (are you missing a using directive or an assembly reference?)
C:\gh\azure-sdk-for-net\sdk\cognitiveservices\Microsoft.Azure.Management.CognitiveServices\tests\Tests\CognitiveServicesTests.cs(387,100): error CS0246: The type or namespace name 'Account' could not be found (are you missing a using directive or an assembly reference?)
C:\gh\azure-sdk-for-net\sdk\cognitiveservices\Microsoft.Azure.Management.CognitiveServices\tests\Tests\CognitiveServicesTests.cs(402,96): error CS0246: The type or namespace name 'Account' could not be found (are you missing a using directive or an assembly reference?)
C:\gh\azure-sdk-for-net\sdk\cognitiveservices\Microsoft.Azure.Management.CognitiveServices\tests\Tests\CognitiveServicesTests.cs(463,38): error CS0246: The type or namespace name 'Account' could not be found (are you missing a using directive or an assembly reference?)
C:\gh\azure-sdk-for-net\sdk\cognitiveservices\Microsoft.Azure.Management.CognitiveServices\tests\Tests\CognitiveServicesTests.cs(468,38): error CS0246: The type or namespace name 'AccountProperties' could not be found (are you missing a using directive or an assembly reference?)
C:\gh\azure-sdk-for-net\sdk\cognitiveservices\Microsoft.Azure.Management.CognitiveServices\tests\Tests\CognitiveServicesTests.cs(496,43): error CS0246: The type or namespace name 'Account' could not be found (are you missing a using directive or an assembly reference?)
C:\gh\azure-sdk-for-net\sdk\cognitiveservices\Microsoft.Azure.Management.CognitiveServices\tests\Tests\CognitiveServicesTests.cs(501,38): error CS0246: The type or namespace name 'AccountProperties' could not be found (are you missing a using directive or an assembly reference?)
C:\gh\azure-sdk-for-net\sdk\cognitiveservices\Microsoft.Azure.Management.CognitiveServices\tests\Tests\CognitiveServicesTests.cs(504,43): error CS0246: The type or namespace name 'Account' could not be found (are you missing a using directive or an assembly reference?)
C:\gh\azure-sdk-for-net\sdk\cognitiveservices\Microsoft.Azure.Management.CognitiveServices\tests\Tests\CognitiveServicesTests.cs(509,38): error CS0246: The type or namespace name 'AccountProperties' could not be found (are you missing a using directive or an assembly reference?)
C:\gh\azure-sdk-for-net\sdk\cognitiveservices\Microsoft.Azure.Management.CognitiveServices\tests\Tests\CognitiveServicesTests.cs(536,27): error CS1929: 'IAccountsOperations' does not contain a definition for 'Get' and the best extension method overload 'DeploymentsOperationsExtensions.Get(IDeploymentsOperations, string, string)' requires a receiver of type 'IDeploymentsOperations'
C:\gh\azure-sdk-for-net\sdk\cognitiveservices\Microsoft.Azure.Management.CognitiveServices\tests\Tests\CognitiveServicesTests.cs(540,27): error CS1929: 'IAccountsOperations' does not contain a definition for 'Get' and the best extension method overload 'DeploymentsOperationsExtensions.Get(IDeploymentsOperations, string, string)' requires a receiver of type 'IDeploymentsOperations'
C:\gh\azure-sdk-for-net\sdk\cognitiveservices\Microsoft.Azure.Management.CognitiveServices\tests\Tests\CognitiveServicesTests.cs(568,116): error CS0246: The type or namespace name 'Account' could not be found (are you missing a using directive or an assembly reference?)
C:\gh\azure-sdk-for-net\sdk\cognitiveservices\Microsoft.Azure.Management.CognitiveServices\tests\Tests\CognitiveServicesTests.cs(572,108): error CS0246: The type or namespace name 'Account' could not be found (are you missing a using directive or an assembly reference?)
C:\gh\azure-sdk-for-net\sdk\cognitiveservices\Microsoft.Azure.Management.CognitiveServices\tests\Tests\CognitiveServicesTests.cs(577,96): error CS0246: The type or namespace name 'Account' could not be found (are you missing a using directive or an assembly reference?)
C:\gh\azure-sdk-for-net\sdk\cognitiveservices\Microsoft.Azure.Management.CognitiveServices\tests\Tests\CognitiveServicesTests.cs(722,38): error CS0246: The type or namespace name 'Account' could not be found (are you missing a using directive or an assembly reference?)
C:\gh\azure-sdk-for-net\sdk\cognitiveservices\Microsoft.Azure.Management.CognitiveServices\tests\Tests\CognitiveServicesTests.cs(727,38): error CS0246: The type or namespace name 'AccountProperties' could not be found (are you missing a using directive or an assembly reference?)
C:\gh\azure-sdk-for-net\sdk\cognitiveservices\Microsoft.Azure.Management.CognitiveServices\tests\Tests\CognitiveServicesTests.cs(758,42): error CS0246: The type or namespace name 'Account' could not be found (are you missing a using directive or an assembly reference?)
C:\gh\azure-sdk-for-net\sdk\cognitiveservices\Microsoft.Azure.Management.CognitiveServices\tests\Tests\CognitiveServicesTests.cs(764,42): error CS0246: The type or namespace name 'AccountProperties' could not be found (are you missing a using directive or an assembly reference?)
C:\gh\azure-sdk-for-net\sdk\cognitiveservices\Microsoft.Azure.Management.CognitiveServices\tests\Tests\CognitiveServicesTests.cs(768,56): error CS0103: The name 'ResourceIdentityType' does not exist in the current context
C:\gh\azure-sdk-for-net\sdk\cognitiveservices\Microsoft.Azure.Management.CognitiveServices\tests\Tests\CognitiveServicesTests.cs(777,34): error CS0103: The name 'ResourceIdentityType' does not exist in the current context
C:\gh\azure-sdk-for-net\sdk\cognitiveservices\Microsoft.Azure.Management.CognitiveServices\tests\Tests\CognitiveServicesTests.cs(783,42): error CS0246: The type or namespace name 'Account' could not be found (are you missing a using directive or an assembly reference?)
C:\gh\azure-sdk-for-net\sdk\cognitiveservices\Microsoft.Azure.Management.CognitiveServices\tests\Tests\CognitiveServicesTests.cs(789,42): error CS0246: The type or namespace name 'AccountProperties' could not be found (are you missing a using directive or an assembly reference?)
C:\gh\azure-sdk-for-net\sdk\cognitiveservices\Microsoft.Azure.Management.CognitiveServices\tests\Tests\CognitiveServicesTests.cs(797,56): error CS0103: The name 'ResourceIdentityType' does not exist in the current context
C:\gh\azure-sdk-for-net\sdk\cognitiveservices\Microsoft.Azure.Management.CognitiveServices\tests\Tests\CognitiveServicesTests.cs(804,34): error CS0103: The name 'ResourceIdentityType' does not exist in the current context
C:\gh\azure-sdk-for-net\sdk\cognitiveservices\Microsoft.Azure.Management.CognitiveServices\tests\Tests\CognitiveServicesTests.cs(825,42): error CS0246: The type or namespace name 'Account' could not be found (are you missing a using directive or an assembly reference?)
C:\gh\azure-sdk-for-net\sdk\cognitiveservices\Microsoft.Azure.Management.CognitiveServices\tests\Tests\CognitiveServicesTests.cs(831,42): error CS0246: The type or namespace name 'AccountProperties' could not be found (are you missing a using directive or an assembly reference?)
C:\gh\azure-sdk-for-net\sdk\cognitiveservices\Microsoft.Azure.Management.CognitiveServices\tests\Tests\CognitiveServicesTests.cs(835,56): error CS0103: The name 'ResourceIdentityType' does not exist in the current context
C:\gh\azure-sdk-for-net\sdk\cognitiveservices\Microsoft.Azure.Management.CognitiveServices\tests\Tests\CognitiveServicesTests.cs(844,29): error CS0117: 'KeyVaultProperties' does not contain a definition for 'IdentityClientId'
C:\gh\azure-sdk-for-net\sdk\cognitiveservices\Microsoft.Azure.Management.CognitiveServices\tests\Tests\CognitiveServicesTests.cs(849,72): error CS1061: 'IAccountsOperations' does not contain a definition for 'BeginCreate' and no accessible extension method 'BeginCreate' accepting a first argument of type 'IAccountsOperations' could be found (are you missing a using directive or an assembly reference?)
C:\gh\azure-sdk-for-net\sdk\cognitiveservices\Microsoft.Azure.Management.CognitiveServices\tests\Tests\CognitiveServicesTests.cs(863,34): error CS0103: The name 'ResourceIdentityType' does not exist in the current context
C:\gh\azure-sdk-for-net\sdk\cognitiveservices\Microsoft.Azure.Management.CognitiveServices\tests\Tests\CognitiveServicesTests.cs(869,42): error CS0246: The type or namespace name 'Account' could not be found (are you missing a using directive or an assembly reference?)
C:\gh\azure-sdk-for-net\sdk\cognitiveservices\Microsoft.Azure.Management.CognitiveServices\tests\Tests\CognitiveServicesTests.cs(875,42): error CS0246: The type or namespace name 'AccountProperties' could not be found (are you missing a using directive or an assembly reference?)
C:\gh\azure-sdk-for-net\sdk\cognitiveservices\Microsoft.Azure.Management.CognitiveServices\tests\Tests\CognitiveServicesTests.cs(883,56): error CS0103: The name 'ResourceIdentityType' does not exist in the current context
C:\gh\azure-sdk-for-net\sdk\cognitiveservices\Microsoft.Azure.Management.CognitiveServices\tests\Tests\CognitiveServicesTests.cs(892,29): error CS0117: 'KeyVaultProperties' does not contain a definition for 'IdentityClientId'
C:\gh\azure-sdk-for-net\sdk\cognitiveservices\Microsoft.Azure.Management.CognitiveServices\tests\Tests\CognitiveServicesTests.cs(896,68): error CS1061: 'IAccountsOperations' does not contain a definition for 'BeginUpdate' and no accessible extension method 'BeginUpdate' accepting a first argument of type 'IAccountsOperations' could be found (are you missing a using directive or an assembly reference?)
C:\gh\azure-sdk-for-net\sdk\cognitiveservices\Microsoft.Azure.Management.CognitiveServices\tests\Tests\CognitiveServicesTests.cs(907,34): error CS0103: The name 'ResourceIdentityType' does not exist in the current context
C:\gh\azure-sdk-for-net\sdk\cognitiveservices\Microsoft.Azure.Management.CognitiveServices\tests\Tests\CognitiveServicesTests.cs(929,42): error CS0246: The type or namespace name 'Account' could not be found (are you missing a using directive or an assembly reference?)
C:\gh\azure-sdk-for-net\sdk\cognitiveservices\Microsoft.Azure.Management.CognitiveServices\tests\Tests\CognitiveServicesTests.cs(935,42): error CS0246: The type or namespace name 'AccountProperties' could not be found (are you missing a using directive or an assembly reference?)
C:\gh\azure-sdk-for-net\sdk\cognitiveservices\Microsoft.Azure.Management.CognitiveServices\tests\Tests\CognitiveServicesTests.cs(939,56): error CS0103: The name 'ResourceIdentityType' does not exist in the current context
C:\gh\azure-sdk-for-net\sdk\cognitiveservices\Microsoft.Azure.Management.CognitiveServices\tests\Tests\CognitiveServicesTests.cs(947,29): error CS0117: 'UserOwnedStorage' does not contain a definition for 'IdentityClientId'
C:\gh\azure-sdk-for-net\sdk\cognitiveservices\Microsoft.Azure.Management.CognitiveServices\tests\Tests\CognitiveServicesTests.cs(962,34): error CS0103: The name 'ResourceIdentityType' does not exist in the current context
C:\gh\azure-sdk-for-net\sdk\cognitiveservices\Microsoft.Azure.Management.CognitiveServices\tests\Tests\CognitiveServicesTests.cs(968,42): error CS0246: The type or namespace name 'Account' could not be found (are you missing a using directive or an assembly reference?)
C:\gh\azure-sdk-for-net\sdk\cognitiveservices\Microsoft.Azure.Management.CognitiveServices\tests\Tests\CognitiveServicesTests.cs(974,42): error CS0246: The type or namespace name 'AccountProperties' could not be found (are you missing a using directive or an assembly reference?)
C:\gh\azure-sdk-for-net\sdk\cognitiveservices\Microsoft.Azure.Management.CognitiveServices\tests\Tests\CognitiveServicesTests.cs(982,56): error CS0103: The name 'ResourceIdentityType' does not exist in the current context
C:\gh\azure-sdk-for-net\sdk\cognitiveservices\Microsoft.Azure.Management.CognitiveServices\tests\Tests\CognitiveServicesTests.cs(999,34): error CS0103: The name 'ResourceIdentityType' does not exist in the current context
C:\gh\azure-sdk-for-net\sdk\cognitiveservices\Microsoft.Azure.Management.CognitiveServices\tests\Tests\CognitiveServicesTests.cs(1020,42): error CS0246: The type or namespace name 'Account' could not be found (are you missing a using directive or an assembly reference?)
C:\gh\azure-sdk-for-net\sdk\cognitiveservices\Microsoft.Azure.Management.CognitiveServices\tests\Tests\CognitiveServicesTests.cs(1026,42): error CS0246: The type or namespace name 'AccountProperties' could not be found (are you missing a using directive or an assembly reference?)
C:\gh\azure-sdk-for-net\sdk\cognitiveservices\Microsoft.Azure.Management.CognitiveServices\tests\Tests\CognitiveServicesTests.cs(1070,42): error CS0246: The type or namespace name 'Account' could not be found (are you missing a using directive or an assembly reference?)
C:\gh\azure-sdk-for-net\sdk\cognitiveservices\Microsoft.Azure.Management.CognitiveServices\tests\Tests\CognitiveServicesTests.cs(1076,42): error CS0246: The type or namespace name 'AccountProperties' could not be found (are you missing a using directive or an assembly reference?)
C:\gh\azure-sdk-for-net\artifacts\obj\Microsoft.Azure.Management.CognitiveServices.Tests\Debug\netcoreapp2.0\.NETCoreApp,Version=v2.0.AssemblyAttributes.cs(2,1): hidden CS8019: Unnecessary using directive.
C:\gh\azure-sdk-for-net\artifacts\obj\Microsoft.Azure.Management.CognitiveServices.Tests\Debug\netcoreapp2.0\Microsoft.Azure.Management.CognitiveServices.Tests.Program.cs(2,1): hidden CS8019: Unnecessary using directive.
C:\gh\azure-sdk-for-net\artifacts\obj\Microsoft.Azure.Management.CognitiveServices.Tests\Debug\netcoreapp2.0\.NETCoreApp,Version=v2.0.AssemblyAttributes.cs(3,1): hidden CS8019: Unnecessary using directive.
C:\gh\azure-sdk-for-net\sdk\cognitiveservices\Microsoft.Azure.Management.CognitiveServices\tests\Properties\AssemblyInfo.cs(5,1): hidden CS8019: Unnecessary using directive.
C:\gh\azure-sdk-for-net\artifacts\obj\Microsoft.Azure.Management.CognitiveServices.Tests\Debug\netcoreapp2.0\Microsoft.Azure.Management.CognitiveServices.Tests.AssemblyInfo.cs(10,1): hidden CS8019: Unnecessary using directive.
C:\gh\azure-sdk-for-net\artifacts\obj\Microsoft.Azure.Management.CognitiveServices.Tests\Debug\netcoreapp2.0\Microsoft.Azure.Management.CognitiveServices.Tests.AssemblyInfo.cs(11,1): hidden CS8019: Unnecessary using directive.
C:\gh\azure-sdk-for-net\sdk\cognitiveservices\Microsoft.Azure.Management.CognitiveServices\tests\Properties\AssemblyInfo.cs(7,1): hidden CS8019: Unnecessary using directive.
C:\gh\azure-sdk-for-net\eng\mgmt\DisableTestRunParallel.cs(4,1): hidden CS8019: Unnecessary using directive.
