C:\gh\azure-sdk-for-net\sdk\communication\Azure.Communication.Administration\tests\Infrastructure\CommunicationIdentityClientLiveTestBase.cs(27,102): error CS0246: The type or namespace name 'TokenCredential' could not be found (are you missing a using directive or an assembly reference?)
C:\gh\azure-sdk-for-net\sdk\communication\Azure.Communication.Administration\tests\PhoneNumberAdministrationClient\PhoneNumberAdministrationClientLiveTests.cs(263,10): error CS0246: The type or namespace name 'TestAttribute' could not be found (are you missing a using directive or an assembly reference?)
C:\gh\azure-sdk-for-net\sdk\communication\Azure.Communication.Administration\tests\PhoneNumberAdministrationClient\PhoneNumberAdministrationClientLiveTests.cs(263,10): error CS0246: The type or namespace name 'Test' could not be found (are you missing a using directive or an assembly reference?)
C:\gh\azure-sdk-for-net\sdk\communication\Azure.Communication.Administration\tests\PhoneNumberAdministrationClient\PhoneNumberAdministrationClientLiveTests.cs(264,10): error CS0246: The type or namespace name 'TestCaseAttribute' could not be found (are you missing a using directive or an assembly reference?)
C:\gh\azure-sdk-for-net\sdk\communication\Azure.Communication.Administration\tests\PhoneNumberAdministrationClient\PhoneNumberAdministrationClientLiveTests.cs(264,10): error CS0246: The type or namespace name 'TestCase' could not be found (are you missing a using directive or an assembly reference?)
C:\gh\azure-sdk-for-net\sdk\communication\Azure.Communication.Administration\tests\PhoneNumberAdministrationClient\PhoneNumberAdministrationClientLiveTests.cs(265,10): error CS0246: The type or namespace name 'TestCaseAttribute' could not be found (are you missing a using directive or an assembly reference?)
C:\gh\azure-sdk-for-net\sdk\communication\Azure.Communication.Administration\tests\PhoneNumberAdministrationClient\PhoneNumberAdministrationClientLiveTests.cs(265,10): error CS0246: The type or namespace name 'TestCase' could not be found (are you missing a using directive or an assembly reference?)
C:\gh\azure-sdk-for-net\sdk\communication\Azure.Communication.Administration\tests\CommunicationIdentityClient\CommunicationIdentityClientLiveTests.cs(56,10): error CS0246: The type or namespace name 'TestAttribute' could not be found (are you missing a using directive or an assembly reference?)
C:\gh\azure-sdk-for-net\sdk\communication\Azure.Communication.Administration\tests\CommunicationIdentityClient\CommunicationIdentityClientLiveTests.cs(56,10): error CS0246: The type or namespace name 'Test' could not be found (are you missing a using directive or an assembly reference?)
C:\gh\azure-sdk-for-net\sdk\communication\Azure.Communication.Administration\tests\CommunicationIdentityClient\CommunicationIdentityClientLiveTests.cs(57,10): error CS0246: The type or namespace name 'TestCaseAttribute' could not be found (are you missing a using directive or an assembly reference?)
C:\gh\azure-sdk-for-net\sdk\communication\Azure.Communication.Administration\tests\CommunicationIdentityClient\CommunicationIdentityClientLiveTests.cs(57,10): error CS0246: The type or namespace name 'TestCase' could not be found (are you missing a using directive or an assembly reference?)
C:\gh\azure-sdk-for-net\sdk\communication\Azure.Communication.Administration\tests\CommunicationIdentityClient\CommunicationIdentityClientLiveTests.cs(58,10): error CS0246: The type or namespace name 'TestCaseAttribute' could not be found (are you missing a using directive or an assembly reference?)
C:\gh\azure-sdk-for-net\sdk\communication\Azure.Communication.Administration\tests\CommunicationIdentityClient\CommunicationIdentityClientLiveTests.cs(58,10): error CS0246: The type or namespace name 'TestCase' could not be found (are you missing a using directive or an assembly reference?)
C:\gh\azure-sdk-for-net\sdk\communication\Azure.Communication.Administration\tests\CommunicationIdentityClient\CommunicationIdentityClientLiveTests.cs(57,27): error CS0246: The type or namespace name 'TestName' could not be found (are you missing a using directive or an assembly reference?)
C:\gh\azure-sdk-for-net\sdk\communication\Azure.Communication.Administration\tests\CommunicationIdentityClient\CommunicationIdentityClientLiveTests.cs(58,35): error CS0246: The type or namespace name 'TestName' could not be found (are you missing a using directive or an assembly reference?)
C:\gh\azure-sdk-for-net\sdk\communication\Azure.Communication.Administration\tests\samples\Sample2_PhoneNumberAdministrationClient.cs(446,10): error CS0246: The type or namespace name 'TestAttribute' could not be found (are you missing a using directive or an assembly reference?)
C:\gh\azure-sdk-for-net\sdk\communication\Azure.Communication.Administration\tests\samples\Sample2_PhoneNumberAdministrationClient.cs(446,10): error CS0246: The type or namespace name 'Test' could not be found (are you missing a using directive or an assembly reference?)
C:\gh\azure-sdk-for-net\sdk\communication\Azure.Communication.Administration\tests\samples\Sample2_PhoneNumberAdministrationClient.cs(447,10): error CS0012: The type 'NUnitAttribute' is defined in an assembly that is not referenced. You must add a reference to assembly 'nunit.framework, Version=3.12.0.0, Culture=neutral, PublicKeyToken=2638cd05610744eb'.
C:\gh\azure-sdk-for-net\sdk\communication\Azure.Communication.Administration\tests\samples\Sample2_PhoneNumberAdministrationClient.cs(422,10): error CS0246: The type or namespace name 'TestAttribute' could not be found (are you missing a using directive or an assembly reference?)
C:\gh\azure-sdk-for-net\sdk\communication\Azure.Communication.Administration\tests\samples\Sample2_PhoneNumberAdministrationClient.cs(422,10): error CS0246: The type or namespace name 'Test' could not be found (are you missing a using directive or an assembly reference?)
C:\gh\azure-sdk-for-net\sdk\communication\Azure.Communication.Administration\tests\samples\Sample2_PhoneNumberAdministrationClient.cs(423,10): error CS0012: The type 'NUnitAttribute' is defined in an assembly that is not referenced. You must add a reference to assembly 'nunit.framework, Version=3.12.0.0, Culture=neutral, PublicKeyToken=2638cd05610744eb'.
C:\gh\azure-sdk-for-net\sdk\communication\Azure.Communication.Administration\tests\CommunicationIdentityClient\CommunicationIdentityClientLiveTests.cs(33,10): error CS0246: The type or namespace name 'TestAttribute' could not be found (are you missing a using directive or an assembly reference?)
C:\gh\azure-sdk-for-net\sdk\communication\Azure.Communication.Administration\tests\CommunicationIdentityClient\CommunicationIdentityClientLiveTests.cs(33,10): error CS0246: The type or namespace name 'Test' could not be found (are you missing a using directive or an assembly reference?)
C:\gh\azure-sdk-for-net\sdk\communication\Azure.Communication.Administration\tests\CommunicationIdentityClient\CommunicationIdentityClientLiveTests.cs(34,10): error CS0246: The type or namespace name 'TestCaseAttribute' could not be found (are you missing a using directive or an assembly reference?)
C:\gh\azure-sdk-for-net\sdk\communication\Azure.Communication.Administration\tests\CommunicationIdentityClient\CommunicationIdentityClientLiveTests.cs(34,10): error CS0246: The type or namespace name 'TestCase' could not be found (are you missing a using directive or an assembly reference?)
C:\gh\azure-sdk-for-net\sdk\communication\Azure.Communication.Administration\tests\CommunicationIdentityClient\CommunicationIdentityClientLiveTests.cs(35,10): error CS0246: The type or namespace name 'TestCaseAttribute' could not be found (are you missing a using directive or an assembly reference?)
C:\gh\azure-sdk-for-net\sdk\communication\Azure.Communication.Administration\tests\CommunicationIdentityClient\CommunicationIdentityClientLiveTests.cs(35,10): error CS0246: The type or namespace name 'TestCase' could not be found (are you missing a using directive or an assembly reference?)
C:\gh\azure-sdk-for-net\sdk\communication\Azure.Communication.Administration\tests\CommunicationIdentityClient\CommunicationIdentityClientLiveTests.cs(34,27): error CS0246: The type or namespace name 'TestName' could not be found (are you missing a using directive or an assembly reference?)
C:\gh\azure-sdk-for-net\sdk\communication\Azure.Communication.Administration\tests\CommunicationIdentityClient\CommunicationIdentityClientLiveTests.cs(35,35): error CS0246: The type or namespace name 'TestName' could not be found (are you missing a using directive or an assembly reference?)
C:\gh\azure-sdk-for-net\sdk\communication\Azure.Communication.Administration\tests\samples\Sample2_PhoneNumberAdministrationClient.cs(379,10): error CS0246: The type or namespace name 'TestAttribute' could not be found (are you missing a using directive or an assembly reference?)
C:\gh\azure-sdk-for-net\sdk\communication\Azure.Communication.Administration\tests\samples\Sample2_PhoneNumberAdministrationClient.cs(379,10): error CS0246: The type or namespace name 'Test' could not be found (are you missing a using directive or an assembly reference?)
C:\gh\azure-sdk-for-net\sdk\communication\Azure.Communication.Administration\tests\samples\Sample2_PhoneNumberAdministrationClient.cs(380,10): error CS0012: The type 'NUnitAttribute' is defined in an assembly that is not referenced. You must add a reference to assembly 'nunit.framework, Version=3.12.0.0, Culture=neutral, PublicKeyToken=2638cd05610744eb'.
C:\gh\azure-sdk-for-net\sdk\communication\Azure.Communication.Administration\tests\PhoneNumberAdministrationClient\PhoneNumberAdministrationClientLiveTests.cs(223,10): error CS0246: The type or namespace name 'TestAttribute' could not be found (are you missing a using directive or an assembly reference?)
C:\gh\azure-sdk-for-net\sdk\communication\Azure.Communication.Administration\tests\PhoneNumberAdministrationClient\PhoneNumberAdministrationClientLiveTests.cs(223,10): error CS0246: The type or namespace name 'Test' could not be found (are you missing a using directive or an assembly reference?)
C:\gh\azure-sdk-for-net\sdk\communication\Azure.Communication.Administration\tests\PhoneNumberAdministrationClient\PhoneNumberAdministrationClientLiveTests.cs(224,10): error CS0246: The type or namespace name 'TestCaseAttribute' could not be found (are you missing a using directive or an assembly reference?)
C:\gh\azure-sdk-for-net\sdk\communication\Azure.Communication.Administration\tests\PhoneNumberAdministrationClient\PhoneNumberAdministrationClientLiveTests.cs(224,10): error CS0246: The type or namespace name 'TestCase' could not be found (are you missing a using directive or an assembly reference?)
C:\gh\azure-sdk-for-net\sdk\communication\Azure.Communication.Administration\tests\PhoneNumberAdministrationClient\PhoneNumberAdministrationClientLiveTests.cs(225,10): error CS0246: The type or namespace name 'TestCaseAttribute' could not be found (are you missing a using directive or an assembly reference?)
C:\gh\azure-sdk-for-net\sdk\communication\Azure.Communication.Administration\tests\PhoneNumberAdministrationClient\PhoneNumberAdministrationClientLiveTests.cs(225,10): error CS0246: The type or namespace name 'TestCase' could not be found (are you missing a using directive or an assembly reference?)
C:\gh\azure-sdk-for-net\sdk\communication\Azure.Communication.Administration\tests\samples\Sample1_CommunicationIdentityClient.cs(124,10): error CS0246: The type or namespace name 'TestAttribute' could not be found (are you missing a using directive or an assembly reference?)
C:\gh\azure-sdk-for-net\sdk\communication\Azure.Communication.Administration\tests\samples\Sample1_CommunicationIdentityClient.cs(124,10): error CS0246: The type or namespace name 'Test' could not be found (are you missing a using directive or an assembly reference?)
C:\gh\azure-sdk-for-net\sdk\communication\Azure.Communication.Administration\tests\samples\Sample1_CommunicationIdentityClient.cs(102,10): error CS0246: The type or namespace name 'TestAttribute' could not be found (are you missing a using directive or an assembly reference?)
C:\gh\azure-sdk-for-net\sdk\communication\Azure.Communication.Administration\tests\samples\Sample1_CommunicationIdentityClient.cs(102,10): error CS0246: The type or namespace name 'Test' could not be found (are you missing a using directive or an assembly reference?)
C:\gh\azure-sdk-for-net\sdk\communication\Azure.Communication.Administration\tests\samples\Sample2_PhoneNumberAdministrationClient.cs(336,10): error CS0246: The type or namespace name 'TestAttribute' could not be found (are you missing a using directive or an assembly reference?)
C:\gh\azure-sdk-for-net\sdk\communication\Azure.Communication.Administration\tests\samples\Sample2_PhoneNumberAdministrationClient.cs(336,10): error CS0246: The type or namespace name 'Test' could not be found (are you missing a using directive or an assembly reference?)
C:\gh\azure-sdk-for-net\sdk\communication\Azure.Communication.Administration\tests\samples\Sample2_PhoneNumberAdministrationClient.cs(337,10): error CS0012: The type 'NUnitAttribute' is defined in an assembly that is not referenced. You must add a reference to assembly 'nunit.framework, Version=3.12.0.0, Culture=neutral, PublicKeyToken=2638cd05610744eb'.
C:\gh\azure-sdk-for-net\sdk\communication\Azure.Communication.Administration\tests\samples\Sample1_CommunicationIdentityClient.cs(64,10): error CS0246: The type or namespace name 'TestAttribute' could not be found (are you missing a using directive or an assembly reference?)
C:\gh\azure-sdk-for-net\sdk\communication\Azure.Communication.Administration\tests\samples\Sample1_CommunicationIdentityClient.cs(64,10): error CS0246: The type or namespace name 'Test' could not be found (are you missing a using directive or an assembly reference?)
C:\gh\azure-sdk-for-net\sdk\communication\Azure.Communication.Administration\tests\samples\Sample1_CommunicationIdentityClient.cs(65,10): error CS0012: The type 'NUnitAttribute' is defined in an assembly that is not referenced. You must add a reference to assembly 'nunit.framework, Version=3.12.0.0, Culture=neutral, PublicKeyToken=2638cd05610744eb'.
C:\gh\azure-sdk-for-net\sdk\communication\Azure.Communication.Administration\tests\PhoneNumberAdministrationClient\PhoneNumberAdministrationClientLiveTests.cs(184,10): error CS0246: The type or namespace name 'TestAttribute' could not be found (are you missing a using directive or an assembly reference?)
C:\gh\azure-sdk-for-net\sdk\communication\Azure.Communication.Administration\tests\PhoneNumberAdministrationClient\PhoneNumberAdministrationClientLiveTests.cs(184,10): error CS0246: The type or namespace name 'Test' could not be found (are you missing a using directive or an assembly reference?)
C:\gh\azure-sdk-for-net\sdk\communication\Azure.Communication.Administration\tests\PhoneNumberAdministrationClient\PhoneNumberAdministrationClientLiveTests.cs(185,10): error CS0246: The type or namespace name 'TestCaseAttribute' could not be found (are you missing a using directive or an assembly reference?)
C:\gh\azure-sdk-for-net\sdk\communication\Azure.Communication.Administration\tests\PhoneNumberAdministrationClient\PhoneNumberAdministrationClientLiveTests.cs(185,10): error CS0246: The type or namespace name 'TestCase' could not be found (are you missing a using directive or an assembly reference?)
C:\gh\azure-sdk-for-net\sdk\communication\Azure.Communication.Administration\tests\PhoneNumberAdministrationClient\PhoneNumberAdministrationClientLiveTests.cs(186,10): error CS0246: The type or namespace name 'TestCaseAttribute' could not be found (are you missing a using directive or an assembly reference?)
C:\gh\azure-sdk-for-net\sdk\communication\Azure.Communication.Administration\tests\PhoneNumberAdministrationClient\PhoneNumberAdministrationClientLiveTests.cs(186,10): error CS0246: The type or namespace name 'TestCase' could not be found (are you missing a using directive or an assembly reference?)
C:\gh\azure-sdk-for-net\sdk\communication\Azure.Communication.Administration\tests\samples\Sample2_PhoneNumberAdministrationClient.cs(300,10): error CS0246: The type or namespace name 'TestAttribute' could not be found (are you missing a using directive or an assembly reference?)
C:\gh\azure-sdk-for-net\sdk\communication\Azure.Communication.Administration\tests\samples\Sample2_PhoneNumberAdministrationClient.cs(300,10): error CS0246: The type or namespace name 'Test' could not be found (are you missing a using directive or an assembly reference?)
C:\gh\azure-sdk-for-net\sdk\communication\Azure.Communication.Administration\tests\samples\Sample2_PhoneNumberAdministrationClient.cs(301,10): error CS0012: The type 'NUnitAttribute' is defined in an assembly that is not referenced. You must add a reference to assembly 'nunit.framework, Version=3.12.0.0, Culture=neutral, PublicKeyToken=2638cd05610744eb'.
C:\gh\azure-sdk-for-net\sdk\communication\Azure.Communication.Administration\tests\samples\Sample1_CommunicationIdentityClient.cs(25,10): error CS0246: The type or namespace name 'TestAttribute' could not be found (are you missing a using directive or an assembly reference?)
C:\gh\azure-sdk-for-net\sdk\communication\Azure.Communication.Administration\tests\samples\Sample1_CommunicationIdentityClient.cs(25,10): error CS0246: The type or namespace name 'Test' could not be found (are you missing a using directive or an assembly reference?)
C:\gh\azure-sdk-for-net\sdk\communication\Azure.Communication.Administration\tests\samples\Sample1_CommunicationIdentityClient.cs(26,10): error CS0012: The type 'NUnitAttribute' is defined in an assembly that is not referenced. You must add a reference to assembly 'nunit.framework, Version=3.12.0.0, Culture=neutral, PublicKeyToken=2638cd05610744eb'.
C:\gh\azure-sdk-for-net\sdk\communication\Azure.Communication.Administration\tests\samples\Sample2_PhoneNumberAdministrationClient.cs(265,10): error CS0246: The type or namespace name 'TestAttribute' could not be found (are you missing a using directive or an assembly reference?)
C:\gh\azure-sdk-for-net\sdk\communication\Azure.Communication.Administration\tests\samples\Sample2_PhoneNumberAdministrationClient.cs(265,10): error CS0246: The type or namespace name 'Test' could not be found (are you missing a using directive or an assembly reference?)
C:\gh\azure-sdk-for-net\sdk\communication\Azure.Communication.Administration\tests\samples\Sample2_PhoneNumberAdministrationClient.cs(266,10): error CS0012: The type 'NUnitAttribute' is defined in an assembly that is not referenced. You must add a reference to assembly 'nunit.framework, Version=3.12.0.0, Culture=neutral, PublicKeyToken=2638cd05610744eb'.
C:\gh\azure-sdk-for-net\sdk\communication\Azure.Communication.Administration\tests\PhoneNumberAdministrationClient\PhoneNumberAdministrationClientLiveTests.cs(146,10): error CS0246: The type or namespace name 'TestAttribute' could not be found (are you missing a using directive or an assembly reference?)
C:\gh\azure-sdk-for-net\sdk\communication\Azure.Communication.Administration\tests\PhoneNumberAdministrationClient\PhoneNumberAdministrationClientLiveTests.cs(146,10): error CS0246: The type or namespace name 'Test' could not be found (are you missing a using directive or an assembly reference?)
C:\gh\azure-sdk-for-net\sdk\communication\Azure.Communication.Administration\tests\PhoneNumberAdministrationClient\PhoneNumberAdministrationClientLiveTests.cs(147,10): error CS0246: The type or namespace name 'TestCaseAttribute' could not be found (are you missing a using directive or an assembly reference?)
C:\gh\azure-sdk-for-net\sdk\communication\Azure.Communication.Administration\tests\PhoneNumberAdministrationClient\PhoneNumberAdministrationClientLiveTests.cs(147,10): error CS0246: The type or namespace name 'TestCase' could not be found (are you missing a using directive or an assembly reference?)
C:\gh\azure-sdk-for-net\sdk\communication\Azure.Communication.Administration\tests\PhoneNumberAdministrationClient\PhoneNumberAdministrationClientLiveTests.cs(148,10): error CS0246: The type or namespace name 'TestCaseAttribute' could not be found (are you missing a using directive or an assembly reference?)
C:\gh\azure-sdk-for-net\sdk\communication\Azure.Communication.Administration\tests\PhoneNumberAdministrationClient\PhoneNumberAdministrationClientLiveTests.cs(148,10): error CS0246: The type or namespace name 'TestCase' could not be found (are you missing a using directive or an assembly reference?)
C:\gh\azure-sdk-for-net\sdk\communication\Azure.Communication.Administration\tests\samples\Sample2_PhoneNumberAdministrationClient.cs(249,10): error CS0246: The type or namespace name 'TestAttribute' could not be found (are you missing a using directive or an assembly reference?)
C:\gh\azure-sdk-for-net\sdk\communication\Azure.Communication.Administration\tests\samples\Sample2_PhoneNumberAdministrationClient.cs(249,10): error CS0246: The type or namespace name 'Test' could not be found (are you missing a using directive or an assembly reference?)
C:\gh\azure-sdk-for-net\sdk\communication\Azure.Communication.Administration\tests\samples\Sample2_PhoneNumberAdministrationClient.cs(250,10): error CS0012: The type 'NUnitAttribute' is defined in an assembly that is not referenced. You must add a reference to assembly 'nunit.framework, Version=3.12.0.0, Culture=neutral, PublicKeyToken=2638cd05610744eb'.
C:\gh\azure-sdk-for-net\sdk\communication\Azure.Communication.Administration\tests\samples\Sample2_PhoneNumberAdministrationClient.cs(233,10): error CS0246: The type or namespace name 'TestAttribute' could not be found (are you missing a using directive or an assembly reference?)
C:\gh\azure-sdk-for-net\sdk\communication\Azure.Communication.Administration\tests\samples\Sample2_PhoneNumberAdministrationClient.cs(233,10): error CS0246: The type or namespace name 'Test' could not be found (are you missing a using directive or an assembly reference?)
C:\gh\azure-sdk-for-net\sdk\communication\Azure.Communication.Administration\tests\samples\Sample2_PhoneNumberAdministrationClient.cs(234,10): error CS0012: The type 'NUnitAttribute' is defined in an assembly that is not referenced. You must add a reference to assembly 'nunit.framework, Version=3.12.0.0, Culture=neutral, PublicKeyToken=2638cd05610744eb'.
C:\gh\azure-sdk-for-net\sdk\communication\Azure.Communication.Administration\tests\PhoneNumberAdministrationClient\PhoneNumberAdministrationClientLiveTests.cs(128,10): error CS0246: The type or namespace name 'TestAttribute' could not be found (are you missing a using directive or an assembly reference?)
C:\gh\azure-sdk-for-net\sdk\communication\Azure.Communication.Administration\tests\PhoneNumberAdministrationClient\PhoneNumberAdministrationClientLiveTests.cs(128,10): error CS0246: The type or namespace name 'Test' could not be found (are you missing a using directive or an assembly reference?)
C:\gh\azure-sdk-for-net\sdk\communication\Azure.Communication.Administration\tests\PhoneNumberAdministrationClient\PhoneNumberAdministrationClientLiveTests.cs(129,10): error CS0246: The type or namespace name 'TestCaseAttribute' could not be found (are you missing a using directive or an assembly reference?)
C:\gh\azure-sdk-for-net\sdk\communication\Azure.Communication.Administration\tests\PhoneNumberAdministrationClient\PhoneNumberAdministrationClientLiveTests.cs(129,10): error CS0246: The type or namespace name 'TestCase' could not be found (are you missing a using directive or an assembly reference?)
C:\gh\azure-sdk-for-net\sdk\communication\Azure.Communication.Administration\tests\PhoneNumberAdministrationClient\PhoneNumberAdministrationClientLiveTests.cs(130,10): error CS0246: The type or namespace name 'TestCaseAttribute' could not be found (are you missing a using directive or an assembly reference?)
C:\gh\azure-sdk-for-net\sdk\communication\Azure.Communication.Administration\tests\PhoneNumberAdministrationClient\PhoneNumberAdministrationClientLiveTests.cs(130,10): error CS0246: The type or namespace name 'TestCase' could not be found (are you missing a using directive or an assembly reference?)
C:\gh\azure-sdk-for-net\sdk\communication\Azure.Communication.Administration\tests\PhoneNumberAdministrationClient\PhoneNumberAdministrationClientLiveTests.cs(96,10): error CS0246: The type or namespace name 'TestAttribute' could not be found (are you missing a using directive or an assembly reference?)
C:\gh\azure-sdk-for-net\sdk\communication\Azure.Communication.Administration\tests\PhoneNumberAdministrationClient\PhoneNumberAdministrationClientLiveTests.cs(96,10): error CS0246: The type or namespace name 'Test' could not be found (are you missing a using directive or an assembly reference?)
C:\gh\azure-sdk-for-net\sdk\communication\Azure.Communication.Administration\tests\PhoneNumberAdministrationClient\PhoneNumberAdministrationClientLiveTests.cs(97,10): error CS0246: The type or namespace name 'TestCaseAttribute' could not be found (are you missing a using directive or an assembly reference?)
C:\gh\azure-sdk-for-net\sdk\communication\Azure.Communication.Administration\tests\PhoneNumberAdministrationClient\PhoneNumberAdministrationClientLiveTests.cs(97,10): error CS0246: The type or namespace name 'TestCase' could not be found (are you missing a using directive or an assembly reference?)
C:\gh\azure-sdk-for-net\sdk\communication\Azure.Communication.Administration\tests\PhoneNumberAdministrationClient\PhoneNumberAdministrationClientLiveTests.cs(98,10): error CS0246: The type or namespace name 'TestCaseAttribute' could not be found (are you missing a using directive or an assembly reference?)
C:\gh\azure-sdk-for-net\sdk\communication\Azure.Communication.Administration\tests\PhoneNumberAdministrationClient\PhoneNumberAdministrationClientLiveTests.cs(98,10): error CS0246: The type or namespace name 'TestCase' could not be found (are you missing a using directive or an assembly reference?)
C:\gh\azure-sdk-for-net\sdk\communication\Azure.Communication.Administration\tests\PhoneNumberAdministrationClient\PhoneNumberAdministrationClientLiveTests.cs(99,10): error CS0246: The type or namespace name 'TestCaseAttribute' could not be found (are you missing a using directive or an assembly reference?)
C:\gh\azure-sdk-for-net\sdk\communication\Azure.Communication.Administration\tests\PhoneNumberAdministrationClient\PhoneNumberAdministrationClientLiveTests.cs(99,10): error CS0246: The type or namespace name 'TestCase' could not be found (are you missing a using directive or an assembly reference?)
C:\gh\azure-sdk-for-net\sdk\communication\Azure.Communication.Administration\tests\PhoneNumberAdministrationClient\PhoneNumberAdministrationClientLiveTests.cs(100,10): error CS0246: The type or namespace name 'TestCaseAttribute' could not be found (are you missing a using directive or an assembly reference?)
C:\gh\azure-sdk-for-net\sdk\communication\Azure.Communication.Administration\tests\PhoneNumberAdministrationClient\PhoneNumberAdministrationClientLiveTests.cs(100,10): error CS0246: The type or namespace name 'TestCase' could not be found (are you missing a using directive or an assembly reference?)
C:\gh\azure-sdk-for-net\sdk\communication\Azure.Communication.Administration\tests\samples\Sample2_PhoneNumberAdministrationClient.cs(114,10): error CS0246: The type or namespace name 'TestAttribute' could not be found (are you missing a using directive or an assembly reference?)
C:\gh\azure-sdk-for-net\sdk\communication\Azure.Communication.Administration\tests\samples\Sample2_PhoneNumberAdministrationClient.cs(114,10): error CS0246: The type or namespace name 'Test' could not be found (are you missing a using directive or an assembly reference?)
C:\gh\azure-sdk-for-net\sdk\communication\Azure.Communication.Administration\tests\samples\Sample2_PhoneNumberAdministrationClient.cs(115,10): error CS0012: The type 'NUnitAttribute' is defined in an assembly that is not referenced. You must add a reference to assembly 'nunit.framework, Version=3.12.0.0, Culture=neutral, PublicKeyToken=2638cd05610744eb'.
C:\gh\azure-sdk-for-net\sdk\communication\Azure.Communication.Administration\tests\PhoneNumberAdministrationClient\PhoneNumberAdministrationClientLiveTests.cs(61,10): error CS0246: The type or namespace name 'TestAttribute' could not be found (are you missing a using directive or an assembly reference?)
C:\gh\azure-sdk-for-net\sdk\communication\Azure.Communication.Administration\tests\PhoneNumberAdministrationClient\PhoneNumberAdministrationClientLiveTests.cs(61,10): error CS0246: The type or namespace name 'Test' could not be found (are you missing a using directive or an assembly reference?)
C:\gh\azure-sdk-for-net\sdk\communication\Azure.Communication.Administration\tests\samples\Sample2_PhoneNumberAdministrationClient.cs(27,10): error CS0246: The type or namespace name 'TestAttribute' could not be found (are you missing a using directive or an assembly reference?)
C:\gh\azure-sdk-for-net\sdk\communication\Azure.Communication.Administration\tests\samples\Sample2_PhoneNumberAdministrationClient.cs(27,10): error CS0246: The type or namespace name 'Test' could not be found (are you missing a using directive or an assembly reference?)
C:\gh\azure-sdk-for-net\sdk\communication\Azure.Communication.Administration\tests\samples\Sample2_PhoneNumberAdministrationClient.cs(28,10): error CS0012: The type 'NUnitAttribute' is defined in an assembly that is not referenced. You must add a reference to assembly 'nunit.framework, Version=3.12.0.0, Culture=neutral, PublicKeyToken=2638cd05610744eb'.
C:\gh\azure-sdk-for-net\sdk\communication\Azure.Communication.Administration\tests\PhoneNumberAdministrationClient\PhoneNumberAdministrationClientLiveTests.cs(50,10): error CS0246: The type or namespace name 'TestAttribute' could not be found (are you missing a using directive or an assembly reference?)
C:\gh\azure-sdk-for-net\sdk\communication\Azure.Communication.Administration\tests\PhoneNumberAdministrationClient\PhoneNumberAdministrationClientLiveTests.cs(50,10): error CS0246: The type or namespace name 'Test' could not be found (are you missing a using directive or an assembly reference?)
C:\gh\azure-sdk-for-net\sdk\communication\Azure.Communication.Administration\tests\PhoneNumberAdministrationClient\PhoneNumberAdministrationClientLiveTests.cs(34,10): error CS0246: The type or namespace name 'TestAttribute' could not be found (are you missing a using directive or an assembly reference?)
C:\gh\azure-sdk-for-net\sdk\communication\Azure.Communication.Administration\tests\PhoneNumberAdministrationClient\PhoneNumberAdministrationClientLiveTests.cs(34,10): error CS0246: The type or namespace name 'Test' could not be found (are you missing a using directive or an assembly reference?)
C:\gh\azure-sdk-for-net\sdk\communication\Azure.Communication.Administration\tests\PhoneNumberAdministrationClient\PhoneNumberAdministrationClientLiveTests.cs(35,10): error CS0246: The type or namespace name 'TestCaseAttribute' could not be found (are you missing a using directive or an assembly reference?)
C:\gh\azure-sdk-for-net\sdk\communication\Azure.Communication.Administration\tests\PhoneNumberAdministrationClient\PhoneNumberAdministrationClientLiveTests.cs(35,10): error CS0246: The type or namespace name 'TestCase' could not be found (are you missing a using directive or an assembly reference?)
C:\gh\azure-sdk-for-net\sdk\communication\Azure.Communication.Administration\tests\PhoneNumberAdministrationClient\PhoneNumberAdministrationClientLiveTests.cs(36,10): error CS0246: The type or namespace name 'TestCaseAttribute' could not be found (are you missing a using directive or an assembly reference?)
C:\gh\azure-sdk-for-net\sdk\communication\Azure.Communication.Administration\tests\PhoneNumberAdministrationClient\PhoneNumberAdministrationClientLiveTests.cs(36,10): error CS0246: The type or namespace name 'TestCase' could not be found (are you missing a using directive or an assembly reference?)
C:\gh\azure-sdk-for-net\sdk\communication\Azure.Communication.Administration\tests\PhoneNumberAdministrationClient\PhoneNumberAdministrationClientLiveTests.cs(35,25): error CS0246: The type or namespace name 'TestName' could not be found (are you missing a using directive or an assembly reference?)
C:\gh\azure-sdk-for-net\sdk\communication\Azure.Communication.Administration\tests\PhoneNumberAdministrationClient\PhoneNumberAdministrationClientLiveTests.cs(36,28): error CS0246: The type or namespace name 'TestName' could not be found (are you missing a using directive or an assembly reference?)
C:\gh\azure-sdk-for-net\sdk\communication\Azure.Communication.Administration\tests\CommunicationIdentityClient\CommunicationIdentityClientLiveTests.cs(11,13): error CS0234: The type or namespace name 'Identity' does not exist in the namespace 'Azure' (are you missing an assembly reference?)
C:\gh\azure-sdk-for-net\sdk\communication\Azure.Communication.Administration\tests\CommunicationIdentityClient\CommunicationIdentityClientLiveTests.cs(12,7): error CS0246: The type or namespace name 'NUnit' could not be found (are you missing a using directive or an assembly reference?)
C:\gh\azure-sdk-for-net\sdk\communication\Azure.Communication.Administration\tests\PhoneNumberAdministrationClient\PhoneNumberAdministrationClientLiveTests.cs(13,7): error CS0246: The type or namespace name 'NUnit' could not be found (are you missing a using directive or an assembly reference?)
C:\gh\azure-sdk-for-net\sdk\communication\Azure.Communication.Administration\tests\samples\Sample1_CommunicationIdentityClient.cs(10,13): error CS0234: The type or namespace name 'Identity' does not exist in the namespace 'Azure' (are you missing an assembly reference?)
C:\gh\azure-sdk-for-net\sdk\communication\Azure.Communication.Administration\tests\samples\Sample1_CommunicationIdentityClient.cs(11,7): error CS0246: The type or namespace name 'NUnit' could not be found (are you missing a using directive or an assembly reference?)
C:\gh\azure-sdk-for-net\sdk\communication\Azure.Communication.Administration\tests\samples\Sample2_PhoneNumberAdministrationClient.cs(14,7): error CS0246: The type or namespace name 'NUnit' could not be found (are you missing a using directive or an assembly reference?)
C:\gh\azure-sdk-for-net\sdk\communication\Azure.Communication.Administration\tests\Infrastructure\CommunicationIdentityClientLiveTestBase.cs(25,49): error CS0518: Predefined type 'System.Void' is not defined or imported
C:\gh\azure-sdk-for-net\sdk\communication\Azure.Communication.Administration\tests\Infrastructure\CommunicationIdentityClientLiveTestBase.cs(23,21): error CS0518: Predefined type 'System.Void' is not defined or imported
C:\gh\azure-sdk-for-net\sdk\communication\Azure.Communication.Administration\tests\PhoneNumberAdministrationClient\PhoneNumberAdministrationClientLiveTests.cs(41,29): error CS0246: The type or namespace name 'AsyncPageable<>' could not be found (are you missing a using directive or an assembly reference?)
C:\gh\azure-sdk-for-net\sdk\communication\Azure.Communication.Administration\tests\PhoneNumberAdministrationClient\PhoneNumberAdministrationClientLiveTests.cs(45,17): error CS0103: The name 'Assert' does not exist in the current context
C:\gh\azure-sdk-for-net\sdk\communication\Azure.Communication.Administration\tests\PhoneNumberAdministrationClient\PhoneNumberAdministrationClientLiveTests.cs(46,17): error CS0103: The name 'Assert' does not exist in the current context
C:\gh\azure-sdk-for-net\sdk\communication\Azure.Communication.Administration\tests\Infrastructure\CommunicationIdentityClientLiveTestBase.cs(32,49): error CS0518: Predefined type 'System.Void' is not defined or imported
C:\gh\azure-sdk-for-net\sdk\communication\Azure.Communication.Administration\tests\Infrastructure\CommunicationIdentityClientLiveTestBase.cs(29,21): error CS0518: Predefined type 'System.Void' is not defined or imported
C:\gh\azure-sdk-for-net\sdk\communication\Azure.Communication.Common\tests\CommunicationRecordedTestSanitizer.cs(33,37): error CS0103: The name 'HttpHeader' does not exist in the current context
C:\gh\azure-sdk-for-net\sdk\communication\Azure.Communication.Common\tests\CommunicationRecordedTestSanitizer.cs(35,25): error CS0103: The name 'HttpHeader' does not exist in the current context
C:\gh\azure-sdk-for-net\sdk\communication\Azure.Communication.Administration\tests\PhoneNumberAdministrationClient\PhoneNumberAdministrationClientLiveTests.cs(55,34): error CS0246: The type or namespace name 'AsyncPageable<>' could not be found (are you missing a using directive or an assembly reference?)
C:\gh\azure-sdk-for-net\sdk\communication\Azure.Communication.Administration\tests\PhoneNumberAdministrationClient\PhoneNumberAdministrationClientLiveTests.cs(56,33): error CS0012: The type 'IAsyncEnumerable<>' is defined in an assembly that is not referenced. You must add a reference to assembly 'Microsoft.Bcl.AsyncInterfaces, Version=1.0.0.0, Culture=neutral, PublicKeyToken=cc7b13ffcd2ddd51'.
C:\gh\azure-sdk-for-net\sdk\communication\Azure.Communication.Administration\tests\PhoneNumberAdministrationClient\PhoneNumberAdministrationClientLiveTests.cs(58,13): error CS0103: The name 'Assert' does not exist in the current context
C:\gh\azure-sdk-for-net\sdk\communication\Azure.Communication.Administration\tests\Infrastructure\PhoneNumberAdministrationClientLiveTestBase.cs(27,49): error CS0518: Predefined type 'System.Void' is not defined or imported
C:\gh\azure-sdk-for-net\sdk\communication\Azure.Communication.Administration\tests\Infrastructure\PhoneNumberAdministrationClientLiveTestBase.cs(25,30): error CS0518: Predefined type 'System.Void' is not defined or imported
C:\gh\azure-sdk-for-net\sdk\communication\Azure.Communication.Administration\tests\CommunicationIdentityClient\CommunicationIdentityClientLiveTests.cs(39,13): error CS0246: The type or namespace name 'Response<>' could not be found (are you missing a using directive or an assembly reference?)
C:\gh\azure-sdk-for-net\sdk\communication\Azure.Communication.Administration\tests\CommunicationIdentityClient\CommunicationIdentityClientLiveTests.cs(39,72): error CS0246: The type or namespace name 'Task<>' could not be found (are you missing a using directive or an assembly reference?)
C:\gh\azure-sdk-for-net\sdk\communication\Azure.Communication.Administration\tests\CommunicationIdentityClient\CommunicationIdentityClientLiveTests.cs(40,13): error CS0246: The type or namespace name 'Response<>' could not be found (are you missing a using directive or an assembly reference?)
C:\gh\azure-sdk-for-net\sdk\communication\Azure.Communication.Administration\tests\CommunicationIdentityClient\CommunicationIdentityClientLiveTests.cs(40,142): error CS0518: Predefined type 'System.Void' is not defined or imported
C:\gh\azure-sdk-for-net\sdk\communication\Azure.Communication.Administration\tests\CommunicationIdentityClient\CommunicationIdentityClientLiveTests.cs(40,68): error CS0246: The type or namespace name 'Task<>' could not be found (are you missing a using directive or an assembly reference?)
C:\gh\azure-sdk-for-net\sdk\communication\Azure.Communication.Administration\tests\CommunicationIdentityClient\CommunicationIdentityClientLiveTests.cs(41,13): error CS0103: The name 'Assert' does not exist in the current context
C:\gh\azure-sdk-for-net\sdk\communication\Azure.Communication.Administration\tests\CommunicationIdentityClient\CommunicationIdentityClientLiveTests.cs(42,13): error CS0103: The name 'Assert' does not exist in the current context
C:\gh\azure-sdk-for-net\sdk\communication\Azure.Communication.Administration\tests\CommunicationIdentityClient\CommunicationIdentityClientLiveTests.cs(43,13): error CS0103: The name 'Assert' does not exist in the current context
C:\gh\azure-sdk-for-net\sdk\communication\Azure.Communication.Administration\tests\CommunicationIdentityClient\CommunicationIdentityClientLiveTests.cs(50,21): error CS0122: 'JwtTokenParser' is inaccessible due to its protection level
C:\gh\azure-sdk-for-net\sdk\communication\Azure.Communication.Administration\tests\CommunicationIdentityClient\CommunicationIdentityClientLiveTests.cs(50,57): error CS0122: 'JwtTokenParser' is inaccessible due to its protection level
C:\gh\azure-sdk-for-net\sdk\communication\Azure.Communication.Administration\tests\CommunicationIdentityClient\CommunicationIdentityClientLiveTests.cs(51,21): error CS0103: The name 'CollectionAssert' does not exist in the current context
C:\gh\azure-sdk-for-net\sdk\communication\Azure.Communication.Administration\tests\CommunicationIdentityClient\CommunicationIdentityClientLiveTests.cs(51,68): error CS0122: 'JwtTokenParser.JwtPayload.Scopes' is inaccessible due to its protection level
C:\gh\azure-sdk-for-net\sdk\communication\Azure.Communication.Administration\tests\samples\Sample1_CommunicationIdentityClient.cs(33,30): error CS0518: Predefined type 'System.Void' is not defined or imported
C:\gh\azure-sdk-for-net\sdk\communication\Azure.Communication.Administration\tests\samples\Sample1_CommunicationIdentityClient.cs(39,13): error CS0246: The type or namespace name 'Response<>' could not be found (are you missing a using directive or an assembly reference?)
C:\gh\azure-sdk-for-net\sdk\communication\Azure.Communication.Administration\tests\samples\Sample1_CommunicationIdentityClient.cs(39,72): error CS0246: The type or namespace name 'Task<>' could not be found (are you missing a using directive or an assembly reference?)
C:\gh\azure-sdk-for-net\sdk\communication\Azure.Communication.Administration\tests\samples\Sample1_CommunicationIdentityClient.cs(41,48): error CS0518: Predefined type 'System.String' is not defined or imported
C:\gh\azure-sdk-for-net\sdk\communication\Azure.Communication.Administration\tests\samples\Sample1_CommunicationIdentityClient.cs(45,13): error CS0246: The type or namespace name 'Response<>' could not be found (are you missing a using directive or an assembly reference?)
C:\gh\azure-sdk-for-net\sdk\communication\Azure.Communication.Administration\tests\samples\Sample1_CommunicationIdentityClient.cs(45,68): error CS0246: The type or namespace name 'Task<>' could not be found (are you missing a using directive or an assembly reference?)
C:\gh\azure-sdk-for-net\sdk\communication\Azure.Communication.Administration\tests\samples\Sample1_CommunicationIdentityClient.cs(53,13): error CS0246: The type or namespace name 'Response' could not be found (are you missing a using directive or an assembly reference?)
C:\gh\azure-sdk-for-net\sdk\communication\Azure.Communication.Administration\tests\samples\Sample1_CommunicationIdentityClient.cs(53,45): error CS0246: The type or namespace name 'Task<>' could not be found (are you missing a using directive or an assembly reference?)
C:\gh\azure-sdk-for-net\sdk\communication\Azure.Communication.Administration\tests\samples\Sample1_CommunicationIdentityClient.cs(60,13): error CS0246: The type or namespace name 'Response' could not be found (are you missing a using directive or an assembly reference?)
C:\gh\azure-sdk-for-net\sdk\communication\Azure.Communication.Administration\tests\samples\Sample1_CommunicationIdentityClient.cs(60,45): error CS0246: The type or namespace name 'Task<>' could not be found (are you missing a using directive or an assembly reference?)
C:\gh\azure-sdk-for-net\sdk\communication\Azure.Communication.Administration\tests\CommunicationIdentityClient\CommunicationIdentityClientLiveTests.cs(61,13): error CS0246: The type or namespace name 'TokenCredential' could not be found (are you missing a using directive or an assembly reference?)
C:\gh\azure-sdk-for-net\sdk\communication\Azure.Communication.Administration\tests\CommunicationIdentityClient\CommunicationIdentityClientLiveTests.cs(68,39): error CS0246: The type or namespace name 'DefaultAzureCredential' could not be found (are you missing a using directive or an assembly reference?)
C:\gh\azure-sdk-for-net\sdk\communication\Azure.Communication.Administration\tests\CommunicationIdentityClient\CommunicationIdentityClientLiveTests.cs(71,13): error CS0246: The type or namespace name 'Response<>' could not be found (are you missing a using directive or an assembly reference?)
C:\gh\azure-sdk-for-net\sdk\communication\Azure.Communication.Administration\tests\CommunicationIdentityClient\CommunicationIdentityClientLiveTests.cs(71,72): error CS0246: The type or namespace name 'Task<>' could not be found (are you missing a using directive or an assembly reference?)
C:\gh\azure-sdk-for-net\sdk\communication\Azure.Communication.Administration\tests\CommunicationIdentityClient\CommunicationIdentityClientLiveTests.cs(72,13): error CS0246: The type or namespace name 'Response<>' could not be found (are you missing a using directive or an assembly reference?)
C:\gh\azure-sdk-for-net\sdk\communication\Azure.Communication.Administration\tests\CommunicationIdentityClient\CommunicationIdentityClientLiveTests.cs(72,142): error CS0518: Predefined type 'System.Void' is not defined or imported
C:\gh\azure-sdk-for-net\sdk\communication\Azure.Communication.Administration\tests\CommunicationIdentityClient\CommunicationIdentityClientLiveTests.cs(72,68): error CS0246: The type or namespace name 'Task<>' could not be found (are you missing a using directive or an assembly reference?)
C:\gh\azure-sdk-for-net\sdk\communication\Azure.Communication.Administration\tests\CommunicationIdentityClient\CommunicationIdentityClientLiveTests.cs(74,13): error CS0103: The name 'Assert' does not exist in the current context
C:\gh\azure-sdk-for-net\sdk\communication\Azure.Communication.Administration\tests\CommunicationIdentityClient\CommunicationIdentityClientLiveTests.cs(75,13): error CS0103: The name 'Assert' does not exist in the current context
C:\gh\azure-sdk-for-net\sdk\communication\Azure.Communication.Administration\tests\CommunicationIdentityClient\CommunicationIdentityClientLiveTests.cs(76,13): error CS0103: The name 'Assert' does not exist in the current context
C:\gh\azure-sdk-for-net\sdk\communication\Azure.Communication.Administration\tests\PhoneNumberAdministrationClient\PhoneNumberAdministrationClientLiveTests.cs(70,43): error CS0246: The type or namespace name 'AsyncPageable<>' could not be found (are you missing a using directive or an assembly reference?)
C:\gh\azure-sdk-for-net\sdk\communication\Azure.Communication.Administration\tests\PhoneNumberAdministrationClient\PhoneNumberAdministrationClientLiveTests.cs(71,41): error CS0012: The type 'IAsyncEnumerable<>' is defined in an assembly that is not referenced. You must add a reference to assembly 'Microsoft.Bcl.AsyncInterfaces, Version=1.0.0.0, Culture=neutral, PublicKeyToken=cc7b13ffcd2ddd51'.
C:\gh\azure-sdk-for-net\sdk\communication\Azure.Communication.Administration\tests\PhoneNumberAdministrationClient\PhoneNumberAdministrationClientLiveTests.cs(74,38): error CS0246: The type or namespace name 'AsyncPageable<>' could not be found (are you missing a using directive or an assembly reference?)
C:\gh\azure-sdk-for-net\sdk\communication\Azure.Communication.Administration\tests\PhoneNumberAdministrationClient\PhoneNumberAdministrationClientLiveTests.cs(75,36): error CS0012: The type 'IAsyncEnumerable<>' is defined in an assembly that is not referenced. You must add a reference to assembly 'Microsoft.Bcl.AsyncInterfaces, Version=1.0.0.0, Culture=neutral, PublicKeyToken=cc7b13ffcd2ddd51'.
C:\gh\azure-sdk-for-net\sdk\communication\Azure.Communication.Administration\tests\PhoneNumberAdministrationClient\PhoneNumberAdministrationClientLiveTests.cs(78,42): error CS0518: Predefined type 'System.Void' is not defined or imported
C:\gh\azure-sdk-for-net\sdk\communication\Azure.Communication.Administration\tests\PhoneNumberAdministrationClient\PhoneNumberAdministrationClientLiveTests.cs(79,32): error CS0518: Predefined type 'System.Nullable`1' is not defined or imported
C:\gh\azure-sdk-for-net\sdk\communication\Azure.Communication.Administration\tests\PhoneNumberAdministrationClient\PhoneNumberAdministrationClientLiveTests.cs(80,46): error CS0246: The type or namespace name 'Task<>' could not be found (are you missing a using directive or an assembly reference?)
C:\gh\azure-sdk-for-net\sdk\communication\Azure.Communication.Administration\tests\PhoneNumberAdministrationClient\PhoneNumberAdministrationClientLiveTests.cs(88,39): error CS0246: The type or namespace name 'AsyncPageable<>' could not be found (are you missing a using directive or an assembly reference?)
C:\gh\azure-sdk-for-net\sdk\communication\Azure.Communication.Administration\tests\PhoneNumberAdministrationClient\PhoneNumberAdministrationClientLiveTests.cs(89,38): error CS0012: The type 'IAsyncEnumerable<>' is defined in an assembly that is not referenced. You must add a reference to assembly 'Microsoft.Bcl.AsyncInterfaces, Version=1.0.0.0, Culture=neutral, PublicKeyToken=cc7b13ffcd2ddd51'.
C:\gh\azure-sdk-for-net\sdk\communication\Azure.Communication.Administration\tests\PhoneNumberAdministrationClient\PhoneNumberAdministrationClientLiveTests.cs(91,13): error CS0103: The name 'Assert' does not exist in the current context
C:\gh\azure-sdk-for-net\sdk\communication\Azure.Communication.Administration\tests\PhoneNumberAdministrationClient\PhoneNumberAdministrationClientLiveTests.cs(93,19): error CS0246: The type or namespace name 'Task<>' could not be found (are you missing a using directive or an assembly reference?)
C:\gh\azure-sdk-for-net\sdk\communication\Azure.Communication.Administration\tests\samples\Sample2_PhoneNumberAdministrationClient.cs(32,17): error CS0103: The name 'Assert' does not exist in the current context
C:\gh\azure-sdk-for-net\sdk\communication\Azure.Communication.Administration\tests\samples\Sample2_PhoneNumberAdministrationClient.cs(41,35): error CS0246: The type or namespace name 'AsyncPageable<>' could not be found (are you missing a using directive or an assembly reference?)
C:\gh\azure-sdk-for-net\sdk\communication\Azure.Communication.Administration\tests\samples\Sample2_PhoneNumberAdministrationClient.cs(49,45): error CS0012: The type 'IAsyncEnumerable<>' is defined in an assembly that is not referenced. You must add a reference to assembly 'Microsoft.Bcl.AsyncInterfaces, Version=1.0.0.0, Culture=neutral, PublicKeyToken=cc7b13ffcd2ddd51'.
C:\gh\azure-sdk-for-net\sdk\communication\Azure.Communication.Administration\tests\samples\Sample2_PhoneNumberAdministrationClient.cs(53,30): error CS0246: The type or namespace name 'AsyncPageable<>' could not be found (are you missing a using directive or an assembly reference?)
C:\gh\azure-sdk-for-net\sdk\communication\Azure.Communication.Administration\tests\samples\Sample2_PhoneNumberAdministrationClient.cs(60,41): error CS0012: The type 'IAsyncEnumerable<>' is defined in an assembly that is not referenced. You must add a reference to assembly 'Microsoft.Bcl.AsyncInterfaces, Version=1.0.0.0, Culture=neutral, PublicKeyToken=cc7b13ffcd2ddd51'.
C:\gh\azure-sdk-for-net\sdk\communication\Azure.Communication.Administration\tests\samples\Sample2_PhoneNumberAdministrationClient.cs(67,42): error CS0518: Predefined type 'System.Void' is not defined or imported
C:\gh\azure-sdk-for-net\sdk\communication\Azure.Communication.Administration\tests\samples\Sample2_PhoneNumberAdministrationClient.cs(68,32): error CS0518: Predefined type 'System.Nullable`1' is not defined or imported
C:\gh\azure-sdk-for-net\sdk\communication\Azure.Communication.Administration\tests\samples\Sample2_PhoneNumberAdministrationClient.cs(70,42): error CS0246: The type or namespace name 'Task<>' could not be found (are you missing a using directive or an assembly reference?)
C:\gh\azure-sdk-for-net\sdk\communication\Azure.Communication.Administration\tests\samples\Sample2_PhoneNumberAdministrationClient.cs(74,36): error CS0518: Predefined type 'System.Void' is not defined or imported
C:\gh\azure-sdk-for-net\sdk\communication\Azure.Communication.Administration\tests\samples\Sample2_PhoneNumberAdministrationClient.cs(86,43): error CS0246: The type or namespace name 'Task<>' could not be found (are you missing a using directive or an assembly reference?)
C:\gh\azure-sdk-for-net\sdk\communication\Azure.Communication.Administration\tests\samples\Sample2_PhoneNumberAdministrationClient.cs(91,40): error CS0246: The type or namespace name 'AsyncPageable<>' could not be found (are you missing a using directive or an assembly reference?)
C:\gh\azure-sdk-for-net\sdk\communication\Azure.Communication.Administration\tests\samples\Sample2_PhoneNumberAdministrationClient.cs(100,36): error CS0246: The type or namespace name 'AsyncPageable<>' could not be found (are you missing a using directive or an assembly reference?)
C:\gh\azure-sdk-for-net\sdk\communication\Azure.Communication.Administration\tests\samples\Sample2_PhoneNumberAdministrationClient.cs(101,51): error CS0012: The type 'IAsyncEnumerable<>' is defined in an assembly that is not referenced. You must add a reference to assembly 'Microsoft.Bcl.AsyncInterfaces, Version=1.0.0.0, Culture=neutral, PublicKeyToken=cc7b13ffcd2ddd51'.
C:\gh\azure-sdk-for-net\sdk\communication\Azure.Communication.Administration\tests\samples\Sample2_PhoneNumberAdministrationClient.cs(105,71): error CS0518: Predefined type 'System.Void' is not defined or imported
C:\gh\azure-sdk-for-net\sdk\communication\Azure.Communication.Administration\tests\samples\Sample2_PhoneNumberAdministrationClient.cs(105,36): error CS0246: The type or namespace name 'CancellationToken' could not be found (are you missing a using directive or an assembly reference?)
C:\gh\azure-sdk-for-net\sdk\communication\Azure.Communication.Administration\tests\samples\Sample2_PhoneNumberAdministrationClient.cs(106,36): error CS0246: The type or namespace name 'Operation<>' could not be found (are you missing a using directive or an assembly reference?)
C:\gh\azure-sdk-for-net\sdk\communication\Azure.Communication.Administration\tests\samples\Sample2_PhoneNumberAdministrationClient.cs(106,19): error CS0246: The type or namespace name 'ValueTask<>' could not be found (are you missing a using directive or an assembly reference?)
C:\gh\azure-sdk-for-net\sdk\communication\Azure.Communication.Administration\tests\samples\Sample2_PhoneNumberAdministrationClient.cs(109,36): error CS0246: The type or namespace name 'AsyncPageable<>' could not be found (are you missing a using directive or an assembly reference?)
C:\gh\azure-sdk-for-net\sdk\communication\Azure.Communication.Administration\tests\samples\Sample2_PhoneNumberAdministrationClient.cs(110,50): error CS0012: The type 'IAsyncEnumerable<>' is defined in an assembly that is not referenced. You must add a reference to assembly 'Microsoft.Bcl.AsyncInterfaces, Version=1.0.0.0, Culture=neutral, PublicKeyToken=cc7b13ffcd2ddd51'.
C:\gh\azure-sdk-for-net\sdk\communication\Azure.Communication.Administration\tests\samples\Sample2_PhoneNumberAdministrationClient.cs(111,13): error CS0103: The name 'Assert' does not exist in the current context
C:\gh\azure-sdk-for-net\sdk\communication\Azure.Communication.Administration\tests\samples\Sample1_CommunicationIdentityClient.cs(72,30): error CS0518: Predefined type 'System.Void' is not defined or imported
C:\gh\azure-sdk-for-net\sdk\communication\Azure.Communication.Administration\tests\samples\Sample1_CommunicationIdentityClient.cs(77,13): error CS0246: The type or namespace name 'Response<>' could not be found (are you missing a using directive or an assembly reference?)
C:\gh\azure-sdk-for-net\sdk\communication\Azure.Communication.Administration\tests\samples\Sample1_CommunicationIdentityClient.cs(77,66): error CS0246: The type or namespace name 'Response<>' could not be found (are you missing a using directive or an assembly reference?)
C:\gh\azure-sdk-for-net\sdk\communication\Azure.Communication.Administration\tests\samples\Sample1_CommunicationIdentityClient.cs(79,48): error CS0518: Predefined type 'System.String' is not defined or imported
C:\gh\azure-sdk-for-net\sdk\communication\Azure.Communication.Administration\tests\samples\Sample1_CommunicationIdentityClient.cs(83,13): error CS0246: The type or namespace name 'Response<>' could not be found (are you missing a using directive or an assembly reference?)
C:\gh\azure-sdk-for-net\sdk\communication\Azure.Communication.Administration\tests\samples\Sample1_CommunicationIdentityClient.cs(83,62): error CS0246: The type or namespace name 'Response<>' could not be found (are you missing a using directive or an assembly reference?)
C:\gh\azure-sdk-for-net\sdk\communication\Azure.Communication.Administration\tests\samples\Sample1_CommunicationIdentityClient.cs(91,13): error CS0246: The type or namespace name 'Response' could not be found (are you missing a using directive or an assembly reference?)
C:\gh\azure-sdk-for-net\sdk\communication\Azure.Communication.Administration\tests\samples\Sample1_CommunicationIdentityClient.cs(91,39): error CS0246: The type or namespace name 'Response' could not be found (are you missing a using directive or an assembly reference?)
C:\gh\azure-sdk-for-net\sdk\communication\Azure.Communication.Administration\tests\samples\Sample1_CommunicationIdentityClient.cs(98,13): error CS0246: The type or namespace name 'Response' could not be found (are you missing a using directive or an assembly reference?)
C:\gh\azure-sdk-for-net\sdk\communication\Azure.Communication.Administration\tests\samples\Sample1_CommunicationIdentityClient.cs(98,39): error CS0246: The type or namespace name 'Response' could not be found (are you missing a using directive or an assembly reference?)
C:\gh\azure-sdk-for-net\sdk\communication\Azure.Communication.Administration\tests\PhoneNumberAdministrationClient\PhoneNumberAdministrationClientLiveTests.cs(106,43): error CS0246: The type or namespace name 'AsyncPageable<>' could not be found (are you missing a using directive or an assembly reference?)
C:\gh\azure-sdk-for-net\sdk\communication\Azure.Communication.Administration\tests\PhoneNumberAdministrationClient\PhoneNumberAdministrationClientLiveTests.cs(108,41): error CS0012: The type 'IAsyncEnumerable<>' is defined in an assembly that is not referenced. You must add a reference to assembly 'Microsoft.Bcl.AsyncInterfaces, Version=1.0.0.0, Culture=neutral, PublicKeyToken=cc7b13ffcd2ddd51'.
C:\gh\azure-sdk-for-net\sdk\communication\Azure.Communication.Administration\tests\PhoneNumberAdministrationClient\PhoneNumberAdministrationClientLiveTests.cs(110,13): error CS0103: The name 'Assert' does not exist in the current context
C:\gh\azure-sdk-for-net\sdk\communication\Azure.Communication.Administration\tests\PhoneNumberAdministrationClient\PhoneNumberAdministrationClientLiveTests.cs(111,13): error CS0103: The name 'Assert' does not exist in the current context
C:\gh\azure-sdk-for-net\sdk\communication\Azure.Communication.Administration\tests\PhoneNumberAdministrationClient\PhoneNumberAdministrationClientLiveTests.cs(115,13): error CS0103: The name 'Assert' does not exist in the current context
C:\gh\azure-sdk-for-net\sdk\communication\Azure.Communication.Administration\tests\PhoneNumberAdministrationClient\PhoneNumberAdministrationClientLiveTests.cs(116,13): error CS0103: The name 'Assert' does not exist in the current context
C:\gh\azure-sdk-for-net\sdk\communication\Azure.Communication.Administration\tests\PhoneNumberAdministrationClient\PhoneNumberAdministrationClientLiveTests.cs(120,17): error CS0103: The name 'Assert' does not exist in the current context
C:\gh\azure-sdk-for-net\sdk\communication\Azure.Communication.Administration\tests\PhoneNumberAdministrationClient\PhoneNumberAdministrationClientLiveTests.cs(124,17): error CS0103: The name 'Assert' does not exist in the current context
C:\gh\azure-sdk-for-net\sdk\communication\Azure.Communication.Administration\tests\PhoneNumberAdministrationClient\PhoneNumberAdministrationClientLiveTests.cs(136,43): error CS0246: The type or namespace name 'AsyncPageable<>' could not be found (are you missing a using directive or an assembly reference?)
C:\gh\azure-sdk-for-net\sdk\communication\Azure.Communication.Administration\tests\PhoneNumberAdministrationClient\PhoneNumberAdministrationClientLiveTests.cs(137,41): error CS0012: The type 'IAsyncEnumerable<>' is defined in an assembly that is not referenced. You must add a reference to assembly 'Microsoft.Bcl.AsyncInterfaces, Version=1.0.0.0, Culture=neutral, PublicKeyToken=cc7b13ffcd2ddd51'.
C:\gh\azure-sdk-for-net\sdk\communication\Azure.Communication.Administration\tests\PhoneNumberAdministrationClient\PhoneNumberAdministrationClientLiveTests.cs(139,38): error CS0246: The type or namespace name 'AsyncPageable<>' could not be found (are you missing a using directive or an assembly reference?)
C:\gh\azure-sdk-for-net\sdk\communication\Azure.Communication.Administration\tests\PhoneNumberAdministrationClient\PhoneNumberAdministrationClientLiveTests.cs(140,36): error CS0012: The type 'IAsyncEnumerable<>' is defined in an assembly that is not referenced. You must add a reference to assembly 'Microsoft.Bcl.AsyncInterfaces, Version=1.0.0.0, Culture=neutral, PublicKeyToken=cc7b13ffcd2ddd51'.
C:\gh\azure-sdk-for-net\sdk\communication\Azure.Communication.Administration\tests\PhoneNumberAdministrationClient\PhoneNumberAdministrationClientLiveTests.cs(142,13): error CS0103: The name 'Assert' does not exist in the current context
C:\gh\azure-sdk-for-net\sdk\communication\Azure.Communication.Administration\tests\PhoneNumberAdministrationClient\PhoneNumberAdministrationClientLiveTests.cs(143,13): error CS0103: The name 'Assert' does not exist in the current context
C:\gh\azure-sdk-for-net\sdk\communication\Azure.Communication.Administration\tests\samples\Sample1_CommunicationIdentityClient.cs(108,13): error CS0246: The type or namespace name 'TokenCredential' could not be found (are you missing a using directive or an assembly reference?)
C:\gh\azure-sdk-for-net\sdk\communication\Azure.Communication.Administration\tests\samples\Sample1_CommunicationIdentityClient.cs(108,51): error CS0246: The type or namespace name 'DefaultAzureCredential' could not be found (are you missing a using directive or an assembly reference?)
C:\gh\azure-sdk-for-net\sdk\communication\Azure.Communication.Administration\tests\samples\Sample1_CommunicationIdentityClient.cs(109,30): error CS0518: Predefined type 'System.Void' is not defined or imported
C:\gh\azure-sdk-for-net\sdk\communication\Azure.Communication.Administration\tests\samples\Sample1_CommunicationIdentityClient.cs(112,96): error CS0246: The type or namespace name 'DefaultAzureCredential' could not be found (are you missing a using directive or an assembly reference?)
C:\gh\azure-sdk-for-net\sdk\communication\Azure.Communication.Administration\tests\samples\Sample1_CommunicationIdentityClient.cs(116,17): error CS0246: The type or namespace name 'Response<>' could not be found (are you missing a using directive or an assembly reference?)
C:\gh\azure-sdk-for-net\sdk\communication\Azure.Communication.Administration\tests\samples\Sample1_CommunicationIdentityClient.cs(116,76): error CS0246: The type or namespace name 'Task<>' could not be found (are you missing a using directive or an assembly reference?)
C:\gh\azure-sdk-for-net\sdk\communication\Azure.Communication.Administration\tests\samples\Sample1_CommunicationIdentityClient.cs(120,17): error CS0103: The name 'Assert' does not exist in the current context
C:\gh\azure-sdk-for-net\sdk\communication\Azure.Communication.Administration\tests\samples\Sample1_CommunicationIdentityClient.cs(131,30): error CS0518: Predefined type 'System.Void' is not defined or imported
C:\gh\azure-sdk-for-net\sdk\communication\Azure.Communication.Administration\tests\samples\Sample1_CommunicationIdentityClient.cs(136,17): error CS0246: The type or namespace name 'Response<>' could not be found (are you missing a using directive or an assembly reference?)
C:\gh\azure-sdk-for-net\sdk\communication\Azure.Communication.Administration\tests\samples\Sample1_CommunicationIdentityClient.cs(136,72): error CS0246: The type or namespace name 'Task<>' could not be found (are you missing a using directive or an assembly reference?)
C:\gh\azure-sdk-for-net\sdk\communication\Azure.Communication.Administration\tests\samples\Sample1_CommunicationIdentityClient.cs(138,20): error CS0246: The type or namespace name 'RequestFailedException' could not be found (are you missing a using directive or an assembly reference?)
C:\gh\azure-sdk-for-net\sdk\communication\Azure.Communication.Administration\tests\samples\Sample1_CommunicationIdentityClient.cs(145,17): error CS0103: The name 'Assert' does not exist in the current context
C:\gh\azure-sdk-for-net\sdk\communication\Azure.Communication.Administration\tests\PhoneNumberAdministrationClient\PhoneNumberAdministrationClientLiveTests.cs(154,43): error CS0246: The type or namespace name 'AsyncPageable<>' could not be found (are you missing a using directive or an assembly reference?)
C:\gh\azure-sdk-for-net\sdk\communication\Azure.Communication.Administration\tests\PhoneNumberAdministrationClient\PhoneNumberAdministrationClientLiveTests.cs(155,41): error CS0012: The type 'IAsyncEnumerable<>' is defined in an assembly that is not referenced. You must add a reference to assembly 'Microsoft.Bcl.AsyncInterfaces, Version=1.0.0.0, Culture=neutral, PublicKeyToken=cc7b13ffcd2ddd51'.
C:\gh\azure-sdk-for-net\sdk\communication\Azure.Communication.Administration\tests\PhoneNumberAdministrationClient\PhoneNumberAdministrationClientLiveTests.cs(158,38): error CS0246: The type or namespace name 'AsyncPageable<>' could not be found (are you missing a using directive or an assembly reference?)
C:\gh\azure-sdk-for-net\sdk\communication\Azure.Communication.Administration\tests\PhoneNumberAdministrationClient\PhoneNumberAdministrationClientLiveTests.cs(159,36): error CS0012: The type 'IAsyncEnumerable<>' is defined in an assembly that is not referenced. You must add a reference to assembly 'Microsoft.Bcl.AsyncInterfaces, Version=1.0.0.0, Culture=neutral, PublicKeyToken=cc7b13ffcd2ddd51'.
C:\gh\azure-sdk-for-net\sdk\communication\Azure.Communication.Administration\tests\PhoneNumberAdministrationClient\PhoneNumberAdministrationClientLiveTests.cs(162,49): error CS0246: The type or namespace name 'Task<>' could not be found (are you missing a using directive or an assembly reference?)
C:\gh\azure-sdk-for-net\sdk\communication\Azure.Communication.Administration\tests\PhoneNumberAdministrationClient\PhoneNumberAdministrationClientLiveTests.cs(166,21): error CS0518: Predefined type 'System.Void' is not defined or imported
C:\gh\azure-sdk-for-net\sdk\communication\Azure.Communication.Administration\tests\PhoneNumberAdministrationClient\PhoneNumberAdministrationClientLiveTests.cs(168,21): error CS0518: Predefined type 'System.String' is not defined or imported
C:\gh\azure-sdk-for-net\sdk\communication\Azure.Communication.Administration\tests\PhoneNumberAdministrationClient\PhoneNumberAdministrationClientLiveTests.cs(169,21): error CS0518: Predefined type 'System.String' is not defined or imported
C:\gh\azure-sdk-for-net\sdk\communication\Azure.Communication.Administration\tests\PhoneNumberAdministrationClient\PhoneNumberAdministrationClientLiveTests.cs(171,21): error CS0518: Predefined type 'System.Void' is not defined or imported
C:\gh\azure-sdk-for-net\sdk\communication\Azure.Communication.Administration\tests\PhoneNumberAdministrationClient\PhoneNumberAdministrationClientLiveTests.cs(173,21): error CS0518: Predefined type 'System.String' is not defined or imported
C:\gh\azure-sdk-for-net\sdk\communication\Azure.Communication.Administration\tests\PhoneNumberAdministrationClient\PhoneNumberAdministrationClientLiveTests.cs(174,21): error CS0518: Predefined type 'System.String' is not defined or imported
C:\gh\azure-sdk-for-net\sdk\communication\Azure.Communication.Administration\tests\PhoneNumberAdministrationClient\PhoneNumberAdministrationClientLiveTests.cs(178,35): error CS0246: The type or namespace name 'Task<>' could not be found (are you missing a using directive or an assembly reference?)
C:\gh\azure-sdk-for-net\sdk\communication\Azure.Communication.Administration\tests\PhoneNumberAdministrationClient\PhoneNumberAdministrationClientLiveTests.cs(180,13): error CS0103: The name 'Assert' does not exist in the current context
C:\gh\azure-sdk-for-net\sdk\communication\Azure.Communication.Administration\tests\PhoneNumberAdministrationClient\PhoneNumberAdministrationClientLiveTests.cs(181,13): error CS0103: The name 'Assert' does not exist in the current context
C:\gh\azure-sdk-for-net\sdk\communication\Azure.Communication.Administration\tests\samples\Sample2_PhoneNumberAdministrationClient.cs(119,17): error CS0103: The name 'Assert' does not exist in the current context
C:\gh\azure-sdk-for-net\sdk\communication\Azure.Communication.Administration\tests\samples\Sample2_PhoneNumberAdministrationClient.cs(127,30): error CS0518: Predefined type 'System.Void' is not defined or imported
C:\gh\azure-sdk-for-net\sdk\communication\Azure.Communication.Administration\tests\samples\Sample2_PhoneNumberAdministrationClient.cs(135,35): error CS0246: The type or namespace name 'Pageable<>' could not be found (are you missing a using directive or an assembly reference?)
C:\gh\azure-sdk-for-net\sdk\communication\Azure.Communication.Administration\tests\samples\Sample2_PhoneNumberAdministrationClient.cs(147,30): error CS0246: The type or namespace name 'Pageable<>' could not be found (are you missing a using directive or an assembly reference?)
C:\gh\azure-sdk-for-net\sdk\communication\Azure.Communication.Administration\tests\samples\Sample2_PhoneNumberAdministrationClient.cs(161,42): error CS0518: Predefined type 'System.Void' is not defined or imported
C:\gh\azure-sdk-for-net\sdk\communication\Azure.Communication.Administration\tests\samples\Sample2_PhoneNumberAdministrationClient.cs(162,32): error CS0518: Predefined type 'System.Nullable`1' is not defined or imported
C:\gh\azure-sdk-for-net\sdk\communication\Azure.Communication.Administration\tests\samples\Sample2_PhoneNumberAdministrationClient.cs(164,36): error CS0246: The type or namespace name 'CancellationToken' could not be found (are you missing a using directive or an assembly reference?)
C:\gh\azure-sdk-for-net\sdk\communication\Azure.Communication.Administration\tests\samples\Sample2_PhoneNumberAdministrationClient.cs(166,38): error CS0518: Predefined type 'System.Boolean' is not defined or imported
C:\gh\azure-sdk-for-net\sdk\communication\Azure.Communication.Administration\tests\samples\Sample2_PhoneNumberAdministrationClient.cs(170,34): error CS0246: The type or namespace name 'Operation<>' could not be found (are you missing a using directive or an assembly reference?)
C:\gh\azure-sdk-for-net\sdk\communication\Azure.Communication.Administration\tests\samples\Sample2_PhoneNumberAdministrationClient.cs(170,17): error CS0246: The type or namespace name 'Response' could not be found (are you missing a using directive or an assembly reference?)
C:\gh\azure-sdk-for-net\sdk\communication\Azure.Communication.Administration\tests\samples\Sample2_PhoneNumberAdministrationClient.cs(175,93): error CS0518: Predefined type 'System.String' is not defined or imported
C:\gh\azure-sdk-for-net\sdk\communication\Azure.Communication.Administration\tests\samples\Sample2_PhoneNumberAdministrationClient.cs(175,36): error CS0518: Predefined type 'System.Void' is not defined or imported
C:\gh\azure-sdk-for-net\sdk\communication\Azure.Communication.Administration\tests\samples\Sample2_PhoneNumberAdministrationClient.cs(178,50): error CS0518: Predefined type 'System.String' is not defined or imported
C:\gh\azure-sdk-for-net\sdk\communication\Azure.Communication.Administration\tests\samples\Sample2_PhoneNumberAdministrationClient.cs(184,38): error CS0518: Predefined type 'System.Boolean' is not defined or imported
C:\gh\azure-sdk-for-net\sdk\communication\Azure.Communication.Administration\tests\samples\Sample2_PhoneNumberAdministrationClient.cs(188,34): error CS0246: The type or namespace name 'Operation<>' could not be found (are you missing a using directive or an assembly reference?)
C:\gh\azure-sdk-for-net\sdk\communication\Azure.Communication.Administration\tests\samples\Sample2_PhoneNumberAdministrationClient.cs(188,17): error CS0246: The type or namespace name 'Response' could not be found (are you missing a using directive or an assembly reference?)
C:\gh\azure-sdk-for-net\sdk\communication\Azure.Communication.Administration\tests\samples\Sample2_PhoneNumberAdministrationClient.cs(193,37): error CS0518: Predefined type 'System.String' is not defined or imported
C:\gh\azure-sdk-for-net\sdk\communication\Azure.Communication.Administration\tests\samples\Sample2_PhoneNumberAdministrationClient.cs(195,39): error CS0518: Predefined type 'System.Boolean' is not defined or imported
C:\gh\azure-sdk-for-net\sdk\communication\Azure.Communication.Administration\tests\samples\Sample2_PhoneNumberAdministrationClient.cs(199,35): error CS0246: The type or namespace name 'Operation<>' could not be found (are you missing a using directive or an assembly reference?)
C:\gh\azure-sdk-for-net\sdk\communication\Azure.Communication.Administration\tests\samples\Sample2_PhoneNumberAdministrationClient.cs(199,17): error CS0246: The type or namespace name 'Response' could not be found (are you missing a using directive or an assembly reference?)
C:\gh\azure-sdk-for-net\sdk\communication\Azure.Communication.Administration\tests\samples\Sample2_PhoneNumberAdministrationClient.cs(204,40): error CS0246: The type or namespace name 'Pageable<>' could not be found (are you missing a using directive or an assembly reference?)
C:\gh\azure-sdk-for-net\sdk\communication\Azure.Communication.Administration\tests\samples\Sample2_PhoneNumberAdministrationClient.cs(212,62): error CS0246: The type or namespace name 'IReadOnlyList<>' could not be found (are you missing a using directive or an assembly reference?)
C:\gh\azure-sdk-for-net\sdk\communication\Azure.Communication.Administration\tests\samples\Sample2_PhoneNumberAdministrationClient.cs(213,36): error CS0246: The type or namespace name 'Pageable<>' could not be found (are you missing a using directive or an assembly reference?)
C:\gh\azure-sdk-for-net\sdk\communication\Azure.Communication.Administration\tests\samples\Sample2_PhoneNumberAdministrationClient.cs(218,71): error CS0518: Predefined type 'System.Void' is not defined or imported
C:\gh\azure-sdk-for-net\sdk\communication\Azure.Communication.Administration\tests\samples\Sample2_PhoneNumberAdministrationClient.cs(218,36): error CS0246: The type or namespace name 'CancellationToken' could not be found (are you missing a using directive or an assembly reference?)
C:\gh\azure-sdk-for-net\sdk\communication\Azure.Communication.Administration\tests\samples\Sample2_PhoneNumberAdministrationClient.cs(220,38): error CS0518: Predefined type 'System.Boolean' is not defined or imported
C:\gh\azure-sdk-for-net\sdk\communication\Azure.Communication.Administration\tests\samples\Sample2_PhoneNumberAdministrationClient.cs(224,34): error CS0246: The type or namespace name 'Operation<>' could not be found (are you missing a using directive or an assembly reference?)
C:\gh\azure-sdk-for-net\sdk\communication\Azure.Communication.Administration\tests\samples\Sample2_PhoneNumberAdministrationClient.cs(224,17): error CS0246: The type or namespace name 'Response' could not be found (are you missing a using directive or an assembly reference?)
C:\gh\azure-sdk-for-net\sdk\communication\Azure.Communication.Administration\tests\samples\Sample2_PhoneNumberAdministrationClient.cs(228,36): error CS0246: The type or namespace name 'Pageable<>' could not be found (are you missing a using directive or an assembly reference?)
C:\gh\azure-sdk-for-net\sdk\communication\Azure.Communication.Administration\tests\samples\Sample2_PhoneNumberAdministrationClient.cs(230,13): error CS0103: The name 'Assert' does not exist in the current context
C:\gh\azure-sdk-for-net\sdk\communication\Azure.Communication.Administration\tests\samples\Sample2_PhoneNumberAdministrationClient.cs(241,38): error CS0246: The type or namespace name 'Pageable<>' could not be found (are you missing a using directive or an assembly reference?)
C:\gh\azure-sdk-for-net\sdk\communication\Azure.Communication.Administration\tests\samples\Sample2_PhoneNumberAdministrationClient.cs(257,38): error CS0246: The type or namespace name 'AsyncPageable<>' could not be found (are you missing a using directive or an assembly reference?)
C:\gh\azure-sdk-for-net\sdk\communication\Azure.Communication.Administration\tests\PhoneNumberAdministrationClient\PhoneNumberAdministrationClientLiveTests.cs(192,43): error CS0246: The type or namespace name 'AsyncPageable<>' could not be found (are you missing a using directive or an assembly reference?)
C:\gh\azure-sdk-for-net\sdk\communication\Azure.Communication.Administration\tests\PhoneNumberAdministrationClient\PhoneNumberAdministrationClientLiveTests.cs(193,41): error CS0012: The type 'IAsyncEnumerable<>' is defined in an assembly that is not referenced. You must add a reference to assembly 'Microsoft.Bcl.AsyncInterfaces, Version=1.0.0.0, Culture=neutral, PublicKeyToken=cc7b13ffcd2ddd51'.
C:\gh\azure-sdk-for-net\sdk\communication\Azure.Communication.Administration\tests\PhoneNumberAdministrationClient\PhoneNumberAdministrationClientLiveTests.cs(196,38): error CS0246: The type or namespace name 'AsyncPageable<>' could not be found (are you missing a using directive or an assembly reference?)
C:\gh\azure-sdk-for-net\sdk\communication\Azure.Communication.Administration\tests\PhoneNumberAdministrationClient\PhoneNumberAdministrationClientLiveTests.cs(197,36): error CS0012: The type 'IAsyncEnumerable<>' is defined in an assembly that is not referenced. You must add a reference to assembly 'Microsoft.Bcl.AsyncInterfaces, Version=1.0.0.0, Culture=neutral, PublicKeyToken=cc7b13ffcd2ddd51'.
C:\gh\azure-sdk-for-net\sdk\communication\Azure.Communication.Administration\tests\PhoneNumberAdministrationClient\PhoneNumberAdministrationClientLiveTests.cs(201,48): error CS0246: The type or namespace name 'AsyncPageable<>' could not be found (are you missing a using directive or an assembly reference?)
C:\gh\azure-sdk-for-net\sdk\communication\Azure.Communication.Administration\tests\PhoneNumberAdministrationClient\PhoneNumberAdministrationClientLiveTests.cs(203,42): error CS0518: Predefined type 'System.Void' is not defined or imported
C:\gh\azure-sdk-for-net\sdk\communication\Azure.Communication.Administration\tests\PhoneNumberAdministrationClient\PhoneNumberAdministrationClientLiveTests.cs(204,32): error CS0518: Predefined type 'System.Nullable`1' is not defined or imported
C:\gh\azure-sdk-for-net\sdk\communication\Azure.Communication.Administration\tests\PhoneNumberAdministrationClient\PhoneNumberAdministrationClientLiveTests.cs(205,46): error CS0246: The type or namespace name 'Task<>' could not be found (are you missing a using directive or an assembly reference?)
C:\gh\azure-sdk-for-net\sdk\communication\Azure.Communication.Administration\tests\PhoneNumberAdministrationClient\PhoneNumberAdministrationClientLiveTests.cs(216,17): error CS0103: The name 'Assert' does not exist in the current context
C:\gh\azure-sdk-for-net\sdk\communication\Azure.Communication.Administration\tests\PhoneNumberAdministrationClient\PhoneNumberAdministrationClientLiveTests.cs(220,13): error CS0103: The name 'Assert' does not exist in the current context
C:\gh\azure-sdk-for-net\sdk\communication\Azure.Communication.Administration\tests\samples\Sample2_PhoneNumberAdministrationClient.cs(273,35): error CS0246: The type or namespace name 'Pageable<>' could not be found (are you missing a using directive or an assembly reference?)
C:\gh\azure-sdk-for-net\sdk\communication\Azure.Communication.Administration\tests\samples\Sample2_PhoneNumberAdministrationClient.cs(276,30): error CS0246: The type or namespace name 'Pageable<>' could not be found (are you missing a using directive or an assembly reference?)
C:\gh\azure-sdk-for-net\sdk\communication\Azure.Communication.Administration\tests\samples\Sample2_PhoneNumberAdministrationClient.cs(281,43): error CS0246: The type or namespace name 'Response<>' could not be found (are you missing a using directive or an assembly reference?)
C:\gh\azure-sdk-for-net\sdk\communication\Azure.Communication.Administration\tests\samples\Sample2_PhoneNumberAdministrationClient.cs(285,63): error CS0518: Predefined type 'System.String' is not defined or imported
C:\gh\azure-sdk-for-net\sdk\communication\Azure.Communication.Administration\tests\samples\Sample2_PhoneNumberAdministrationClient.cs(285,101): error CS0518: Predefined type 'System.String' is not defined or imported
C:\gh\azure-sdk-for-net\sdk\communication\Azure.Communication.Administration\tests\samples\Sample2_PhoneNumberAdministrationClient.cs(287,64): error CS0246: The type or namespace name 'IList<>' could not be found (are you missing a using directive or an assembly reference?)
C:\gh\azure-sdk-for-net\sdk\communication\Azure.Communication.Administration\tests\samples\Sample2_PhoneNumberAdministrationClient.cs(308,35): error CS0246: The type or namespace name 'Pageable<>' could not be found (are you missing a using directive or an assembly reference?)
C:\gh\azure-sdk-for-net\sdk\communication\Azure.Communication.Administration\tests\samples\Sample2_PhoneNumberAdministrationClient.cs(311,30): error CS0246: The type or namespace name 'Pageable<>' could not be found (are you missing a using directive or an assembly reference?)
C:\gh\azure-sdk-for-net\sdk\communication\Azure.Communication.Administration\tests\samples\Sample2_PhoneNumberAdministrationClient.cs(317,49): error CS0246: The type or namespace name 'Task<>' could not be found (are you missing a using directive or an assembly reference?)
C:\gh\azure-sdk-for-net\sdk\communication\Azure.Communication.Administration\tests\samples\Sample2_PhoneNumberAdministrationClient.cs(321,63): error CS0518: Predefined type 'System.String' is not defined or imported
C:\gh\azure-sdk-for-net\sdk\communication\Azure.Communication.Administration\tests\samples\Sample2_PhoneNumberAdministrationClient.cs(321,101): error CS0518: Predefined type 'System.String' is not defined or imported
C:\gh\azure-sdk-for-net\sdk\communication\Azure.Communication.Administration\tests\samples\Sample2_PhoneNumberAdministrationClient.cs(323,64): error CS0246: The type or namespace name 'IList<>' could not be found (are you missing a using directive or an assembly reference?)
C:\gh\azure-sdk-for-net\sdk\communication\Azure.Communication.Administration\tests\PhoneNumberAdministrationClient\PhoneNumberAdministrationClientLiveTests.cs(231,43): error CS0246: The type or namespace name 'AsyncPageable<>' could not be found (are you missing a using directive or an assembly reference?)
C:\gh\azure-sdk-for-net\sdk\communication\Azure.Communication.Administration\tests\PhoneNumberAdministrationClient\PhoneNumberAdministrationClientLiveTests.cs(232,41): error CS0012: The type 'IAsyncEnumerable<>' is defined in an assembly that is not referenced. You must add a reference to assembly 'Microsoft.Bcl.AsyncInterfaces, Version=1.0.0.0, Culture=neutral, PublicKeyToken=cc7b13ffcd2ddd51'.
C:\gh\azure-sdk-for-net\sdk\communication\Azure.Communication.Administration\tests\PhoneNumberAdministrationClient\PhoneNumberAdministrationClientLiveTests.cs(235,38): error CS0246: The type or namespace name 'AsyncPageable<>' could not be found (are you missing a using directive or an assembly reference?)
C:\gh\azure-sdk-for-net\sdk\communication\Azure.Communication.Administration\tests\PhoneNumberAdministrationClient\PhoneNumberAdministrationClientLiveTests.cs(236,36): error CS0012: The type 'IAsyncEnumerable<>' is defined in an assembly that is not referenced. You must add a reference to assembly 'Microsoft.Bcl.AsyncInterfaces, Version=1.0.0.0, Culture=neutral, PublicKeyToken=cc7b13ffcd2ddd51'.
C:\gh\azure-sdk-for-net\sdk\communication\Azure.Communication.Administration\tests\PhoneNumberAdministrationClient\PhoneNumberAdministrationClientLiveTests.cs(239,42): error CS0518: Predefined type 'System.Void' is not defined or imported
C:\gh\azure-sdk-for-net\sdk\communication\Azure.Communication.Administration\tests\PhoneNumberAdministrationClient\PhoneNumberAdministrationClientLiveTests.cs(240,32): error CS0518: Predefined type 'System.Nullable`1' is not defined or imported
C:\gh\azure-sdk-for-net\sdk\communication\Azure.Communication.Administration\tests\PhoneNumberAdministrationClient\PhoneNumberAdministrationClientLiveTests.cs(241,46): error CS0246: The type or namespace name 'Task<>' could not be found (are you missing a using directive or an assembly reference?)
C:\gh\azure-sdk-for-net\sdk\communication\Azure.Communication.Administration\tests\PhoneNumberAdministrationClient\PhoneNumberAdministrationClientLiveTests.cs(248,13): error CS0103: The name 'Assert' does not exist in the current context
C:\gh\azure-sdk-for-net\sdk\communication\Azure.Communication.Administration\tests\PhoneNumberAdministrationClient\PhoneNumberAdministrationClientLiveTests.cs(249,13): error CS0103: The name 'Assert' does not exist in the current context
C:\gh\azure-sdk-for-net\sdk\communication\Azure.Communication.Administration\tests\PhoneNumberAdministrationClient\PhoneNumberAdministrationClientLiveTests.cs(250,13): error CS0103: The name 'Assert' does not exist in the current context
C:\gh\azure-sdk-for-net\sdk\communication\Azure.Communication.Administration\tests\PhoneNumberAdministrationClient\PhoneNumberAdministrationClientLiveTests.cs(253,13): error CS0103: The name 'Assert' does not exist in the current context
C:\gh\azure-sdk-for-net\sdk\communication\Azure.Communication.Administration\tests\PhoneNumberAdministrationClient\PhoneNumberAdministrationClientLiveTests.cs(255,13): error CS0103: The name 'Assert' does not exist in the current context
C:\gh\azure-sdk-for-net\sdk\communication\Azure.Communication.Administration\tests\PhoneNumberAdministrationClient\PhoneNumberAdministrationClientLiveTests.cs(256,13): error CS0103: The name 'Assert' does not exist in the current context
C:\gh\azure-sdk-for-net\sdk\communication\Azure.Communication.Administration\tests\PhoneNumberAdministrationClient\PhoneNumberAdministrationClientLiveTests.cs(257,13): error CS0103: The name 'Assert' does not exist in the current context
C:\gh\azure-sdk-for-net\sdk\communication\Azure.Communication.Administration\tests\PhoneNumberAdministrationClient\PhoneNumberAdministrationClientLiveTests.cs(258,13): error CS0103: The name 'Assert' does not exist in the current context
C:\gh\azure-sdk-for-net\sdk\communication\Azure.Communication.Administration\tests\PhoneNumberAdministrationClient\PhoneNumberAdministrationClientLiveTests.cs(260,19): error CS0246: The type or namespace name 'Task<>' could not be found (are you missing a using directive or an assembly reference?)
C:\gh\azure-sdk-for-net\sdk\communication\Azure.Communication.Administration\tests\samples\Sample2_PhoneNumberAdministrationClient.cs(344,35): error CS0246: The type or namespace name 'Pageable<>' could not be found (are you missing a using directive or an assembly reference?)
C:\gh\azure-sdk-for-net\sdk\communication\Azure.Communication.Administration\tests\samples\Sample2_PhoneNumberAdministrationClient.cs(347,30): error CS0246: The type or namespace name 'Pageable<>' could not be found (are you missing a using directive or an assembly reference?)
C:\gh\azure-sdk-for-net\sdk\communication\Azure.Communication.Administration\tests\samples\Sample2_PhoneNumberAdministrationClient.cs(353,43): error CS0246: The type or namespace name 'Response<>' could not be found (are you missing a using directive or an assembly reference?)
C:\gh\azure-sdk-for-net\sdk\communication\Azure.Communication.Administration\tests\samples\Sample2_PhoneNumberAdministrationClient.cs(358,21): error CS0518: Predefined type 'System.Void' is not defined or imported
C:\gh\azure-sdk-for-net\sdk\communication\Azure.Communication.Administration\tests\samples\Sample2_PhoneNumberAdministrationClient.cs(360,21): error CS0518: Predefined type 'System.String' is not defined or imported
C:\gh\azure-sdk-for-net\sdk\communication\Azure.Communication.Administration\tests\samples\Sample2_PhoneNumberAdministrationClient.cs(361,21): error CS0518: Predefined type 'System.String' is not defined or imported
C:\gh\azure-sdk-for-net\sdk\communication\Azure.Communication.Administration\tests\samples\Sample2_PhoneNumberAdministrationClient.cs(363,21): error CS0518: Predefined type 'System.Void' is not defined or imported
C:\gh\azure-sdk-for-net\sdk\communication\Azure.Communication.Administration\tests\samples\Sample2_PhoneNumberAdministrationClient.cs(365,21): error CS0518: Predefined type 'System.String' is not defined or imported
C:\gh\azure-sdk-for-net\sdk\communication\Azure.Communication.Administration\tests\samples\Sample2_PhoneNumberAdministrationClient.cs(366,21): error CS0518: Predefined type 'System.String' is not defined or imported
C:\gh\azure-sdk-for-net\sdk\communication\Azure.Communication.Administration\tests\samples\Sample2_PhoneNumberAdministrationClient.cs(370,29): error CS0246: The type or namespace name 'Response<>' could not be found (are you missing a using directive or an assembly reference?)
C:\gh\azure-sdk-for-net\sdk\communication\Azure.Communication.Administration\tests\samples\Sample2_PhoneNumberAdministrationClient.cs(387,35): error CS0246: The type or namespace name 'Pageable<>' could not be found (are you missing a using directive or an assembly reference?)
C:\gh\azure-sdk-for-net\sdk\communication\Azure.Communication.Administration\tests\samples\Sample2_PhoneNumberAdministrationClient.cs(390,30): error CS0246: The type or namespace name 'Pageable<>' could not be found (are you missing a using directive or an assembly reference?)
C:\gh\azure-sdk-for-net\sdk\communication\Azure.Communication.Administration\tests\samples\Sample2_PhoneNumberAdministrationClient.cs(396,49): error CS0246: The type or namespace name 'Task<>' could not be found (are you missing a using directive or an assembly reference?)
C:\gh\azure-sdk-for-net\sdk\communication\Azure.Communication.Administration\tests\samples\Sample2_PhoneNumberAdministrationClient.cs(401,21): error CS0518: Predefined type 'System.Void' is not defined or imported
C:\gh\azure-sdk-for-net\sdk\communication\Azure.Communication.Administration\tests\samples\Sample2_PhoneNumberAdministrationClient.cs(403,21): error CS0518: Predefined type 'System.String' is not defined or imported
C:\gh\azure-sdk-for-net\sdk\communication\Azure.Communication.Administration\tests\samples\Sample2_PhoneNumberAdministrationClient.cs(404,21): error CS0518: Predefined type 'System.String' is not defined or imported
C:\gh\azure-sdk-for-net\sdk\communication\Azure.Communication.Administration\tests\samples\Sample2_PhoneNumberAdministrationClient.cs(406,21): error CS0518: Predefined type 'System.Void' is not defined or imported
C:\gh\azure-sdk-for-net\sdk\communication\Azure.Communication.Administration\tests\samples\Sample2_PhoneNumberAdministrationClient.cs(408,21): error CS0518: Predefined type 'System.String' is not defined or imported
C:\gh\azure-sdk-for-net\sdk\communication\Azure.Communication.Administration\tests\samples\Sample2_PhoneNumberAdministrationClient.cs(409,21): error CS0518: Predefined type 'System.String' is not defined or imported
C:\gh\azure-sdk-for-net\sdk\communication\Azure.Communication.Administration\tests\samples\Sample2_PhoneNumberAdministrationClient.cs(413,35): error CS0246: The type or namespace name 'Task<>' could not be found (are you missing a using directive or an assembly reference?)
C:\gh\azure-sdk-for-net\sdk\communication\Azure.Communication.Administration\tests\PhoneNumberAdministrationClient\PhoneNumberAdministrationClientLiveTests.cs(271,43): error CS0246: The type or namespace name 'AsyncPageable<>' could not be found (are you missing a using directive or an assembly reference?)
C:\gh\azure-sdk-for-net\sdk\communication\Azure.Communication.Administration\tests\PhoneNumberAdministrationClient\PhoneNumberAdministrationClientLiveTests.cs(272,41): error CS0012: The type 'IAsyncEnumerable<>' is defined in an assembly that is not referenced. You must add a reference to assembly 'Microsoft.Bcl.AsyncInterfaces, Version=1.0.0.0, Culture=neutral, PublicKeyToken=cc7b13ffcd2ddd51'.
C:\gh\azure-sdk-for-net\sdk\communication\Azure.Communication.Administration\tests\PhoneNumberAdministrationClient\PhoneNumberAdministrationClientLiveTests.cs(275,38): error CS0246: The type or namespace name 'AsyncPageable<>' could not be found (are you missing a using directive or an assembly reference?)
C:\gh\azure-sdk-for-net\sdk\communication\Azure.Communication.Administration\tests\PhoneNumberAdministrationClient\PhoneNumberAdministrationClientLiveTests.cs(276,36): error CS0012: The type 'IAsyncEnumerable<>' is defined in an assembly that is not referenced. You must add a reference to assembly 'Microsoft.Bcl.AsyncInterfaces, Version=1.0.0.0, Culture=neutral, PublicKeyToken=cc7b13ffcd2ddd51'.
C:\gh\azure-sdk-for-net\sdk\communication\Azure.Communication.Administration\tests\PhoneNumberAdministrationClient\PhoneNumberAdministrationClientLiveTests.cs(278,49): error CS0246: The type or namespace name 'Task<>' could not be found (are you missing a using directive or an assembly reference?)
C:\gh\azure-sdk-for-net\sdk\communication\Azure.Communication.Administration\tests\PhoneNumberAdministrationClient\PhoneNumberAdministrationClientLiveTests.cs(283,21): error CS0518: Predefined type 'System.Void' is not defined or imported
C:\gh\azure-sdk-for-net\sdk\communication\Azure.Communication.Administration\tests\PhoneNumberAdministrationClient\PhoneNumberAdministrationClientLiveTests.cs(285,21): error CS0518: Predefined type 'System.String' is not defined or imported
C:\gh\azure-sdk-for-net\sdk\communication\Azure.Communication.Administration\tests\PhoneNumberAdministrationClient\PhoneNumberAdministrationClientLiveTests.cs(286,21): error CS0518: Predefined type 'System.String' is not defined or imported
C:\gh\azure-sdk-for-net\sdk\communication\Azure.Communication.Administration\tests\PhoneNumberAdministrationClient\PhoneNumberAdministrationClientLiveTests.cs(288,21): error CS0518: Predefined type 'System.Void' is not defined or imported
C:\gh\azure-sdk-for-net\sdk\communication\Azure.Communication.Administration\tests\PhoneNumberAdministrationClient\PhoneNumberAdministrationClientLiveTests.cs(290,21): error CS0518: Predefined type 'System.String' is not defined or imported
C:\gh\azure-sdk-for-net\sdk\communication\Azure.Communication.Administration\tests\PhoneNumberAdministrationClient\PhoneNumberAdministrationClientLiveTests.cs(291,21): error CS0518: Predefined type 'System.String' is not defined or imported
C:\gh\azure-sdk-for-net\sdk\communication\Azure.Communication.Administration\tests\PhoneNumberAdministrationClient\PhoneNumberAdministrationClientLiveTests.cs(295,35): error CS0246: The type or namespace name 'Task<>' could not be found (are you missing a using directive or an assembly reference?)
C:\gh\azure-sdk-for-net\sdk\communication\Azure.Communication.Administration\tests\PhoneNumberAdministrationClient\PhoneNumberAdministrationClientLiveTests.cs(298,42): error CS0518: Predefined type 'System.Void' is not defined or imported
C:\gh\azure-sdk-for-net\sdk\communication\Azure.Communication.Administration\tests\PhoneNumberAdministrationClient\PhoneNumberAdministrationClientLiveTests.cs(299,32): error CS0518: Predefined type 'System.Nullable`1' is not defined or imported
C:\gh\azure-sdk-for-net\sdk\communication\Azure.Communication.Administration\tests\PhoneNumberAdministrationClient\PhoneNumberAdministrationClientLiveTests.cs(300,46): error CS0246: The type or namespace name 'Task<>' could not be found (are you missing a using directive or an assembly reference?)
C:\gh\azure-sdk-for-net\sdk\communication\Azure.Communication.Administration\tests\PhoneNumberAdministrationClient\PhoneNumberAdministrationClientLiveTests.cs(307,13): error CS0103: The name 'Assert' does not exist in the current context
C:\gh\azure-sdk-for-net\sdk\communication\Azure.Communication.Administration\tests\PhoneNumberAdministrationClient\PhoneNumberAdministrationClientLiveTests.cs(308,13): error CS0103: The name 'Assert' does not exist in the current context
C:\gh\azure-sdk-for-net\sdk\communication\Azure.Communication.Administration\tests\PhoneNumberAdministrationClient\PhoneNumberAdministrationClientLiveTests.cs(309,13): error CS0103: The name 'Assert' does not exist in the current context
C:\gh\azure-sdk-for-net\sdk\communication\Azure.Communication.Administration\tests\PhoneNumberAdministrationClient\PhoneNumberAdministrationClientLiveTests.cs(312,13): error CS0103: The name 'Assert' does not exist in the current context
C:\gh\azure-sdk-for-net\sdk\communication\Azure.Communication.Administration\tests\PhoneNumberAdministrationClient\PhoneNumberAdministrationClientLiveTests.cs(314,13): error CS0103: The name 'Assert' does not exist in the current context
C:\gh\azure-sdk-for-net\sdk\communication\Azure.Communication.Administration\tests\PhoneNumberAdministrationClient\PhoneNumberAdministrationClientLiveTests.cs(315,13): error CS0103: The name 'Assert' does not exist in the current context
C:\gh\azure-sdk-for-net\sdk\communication\Azure.Communication.Administration\tests\PhoneNumberAdministrationClient\PhoneNumberAdministrationClientLiveTests.cs(316,13): error CS0103: The name 'Assert' does not exist in the current context
C:\gh\azure-sdk-for-net\sdk\communication\Azure.Communication.Administration\tests\PhoneNumberAdministrationClient\PhoneNumberAdministrationClientLiveTests.cs(317,13): error CS0103: The name 'Assert' does not exist in the current context
C:\gh\azure-sdk-for-net\sdk\communication\Azure.Communication.Administration\tests\PhoneNumberAdministrationClient\PhoneNumberAdministrationClientLiveTests.cs(319,19): error CS0246: The type or namespace name 'Task<>' could not be found (are you missing a using directive or an assembly reference?)
C:\gh\azure-sdk-for-net\sdk\communication\Azure.Communication.Administration\tests\samples\Sample2_PhoneNumberAdministrationClient.cs(430,35): error CS0246: The type or namespace name 'Pageable<>' could not be found (are you missing a using directive or an assembly reference?)
C:\gh\azure-sdk-for-net\sdk\communication\Azure.Communication.Administration\tests\samples\Sample2_PhoneNumberAdministrationClient.cs(435,30): error CS0246: The type or namespace name 'Pageable<>' could not be found (are you missing a using directive or an assembly reference?)
C:\gh\azure-sdk-for-net\sdk\communication\Azure.Communication.Administration\tests\samples\Sample2_PhoneNumberAdministrationClient.cs(454,35): error CS0246: The type or namespace name 'Pageable<>' could not be found (are you missing a using directive or an assembly reference?)
C:\gh\azure-sdk-for-net\sdk\communication\Azure.Communication.Administration\tests\samples\Sample2_PhoneNumberAdministrationClient.cs(459,30): error CS0246: The type or namespace name 'AsyncPageable<>' could not be found (are you missing a using directive or an assembly reference?)
C:\gh\azure-sdk-for-net\sdk\communication\Azure.Communication.Administration\tests\samples\Sample2_PhoneNumberAdministrationClient.cs(460,44): error CS0012: The type 'IAsyncEnumerable<>' is defined in an assembly that is not referenced. You must add a reference to assembly 'Microsoft.Bcl.AsyncInterfaces, Version=1.0.0.0, Culture=neutral, PublicKeyToken=cc7b13ffcd2ddd51'.
C:\gh\azure-sdk-for-net\sdk\communication\Azure.Communication.Administration\tests\CommunicationIdentityClient\CommunicationIdentityClientLiveTests.cs(9,1): hidden CS8019: Unnecessary using directive.
C:\gh\azure-sdk-for-net\artifacts\obj\Azure.Communication.Administration.Tests\Debug\net461\.NETFramework,Version=v4.6.1.AssemblyAttributes.cs(2,1): hidden CS8019: Unnecessary using directive.
C:\gh\azure-sdk-for-net\sdk\communication\Azure.Communication.Administration\tests\samples\Sample2_PhoneNumberAdministrationClient.cs(8,1): hidden CS8019: Unnecessary using directive.
C:\gh\azure-sdk-for-net\sdk\communication\Azure.Communication.Common\tests\CommunicationRecordedTestSanitizer.cs(5,1): hidden CS8019: Unnecessary using directive.
C:\gh\azure-sdk-for-net\sdk\communication\Azure.Communication.Administration\tests\samples\Sample1_CommunicationIdentityClient.cs(10,1): hidden CS8019: Unnecessary using directive.
C:\gh\azure-sdk-for-net\sdk\communication\Azure.Communication.Administration\tests\PhoneNumberAdministrationClient\PhoneNumberAdministrationClientLiveTests.cs(7,1): hidden CS8019: Unnecessary using directive.
C:\gh\azure-sdk-for-net\sdk\communication\Azure.Communication.Administration\tests\samples\Sample1_CommunicationIdentityClient.cs(11,1): hidden CS8019: Unnecessary using directive.
C:\gh\azure-sdk-for-net\artifacts\obj\Azure.Communication.Administration.Tests\Debug\net461\Azure.Communication.Administration.Tests.AssemblyInfo.cs(12,1): hidden CS8019: Unnecessary using directive.
C:\gh\azure-sdk-for-net\sdk\communication\Azure.Communication.Administration\tests\CommunicationIdentityClient\CommunicationIdentityClientLiveTests.cs(8,1): hidden CS8019: Unnecessary using directive.
C:\gh\azure-sdk-for-net\sdk\communication\Azure.Communication.Administration\tests\Infrastructure\CommunicationIdentityClientLiveTestBase.cs(6,1): hidden CS8019: Unnecessary using directive.
C:\gh\azure-sdk-for-net\sdk\communication\Azure.Communication.Administration\tests\samples\Sample1_CommunicationIdentityClient.cs(8,1): hidden CS8019: Unnecessary using directive.
C:\gh\azure-sdk-for-net\sdk\communication\Azure.Communication.Administration\tests\CommunicationIdentityClient\CommunicationIdentityClientLiveTests.cs(4,1): hidden CS8019: Unnecessary using directive.
C:\gh\azure-sdk-for-net\sdk\communication\Azure.Communication.Administration\tests\CommunicationIdentityClient\CommunicationIdentityClientLiveTests.cs(11,1): hidden CS8019: Unnecessary using directive.
C:\gh\azure-sdk-for-net\sdk\communication\Azure.Communication.Administration\tests\samples\Sample2_PhoneNumberAdministrationClient.cs(6,1): hidden CS8019: Unnecessary using directive.
C:\gh\azure-sdk-for-net\sdk\communication\Azure.Communication.Administration\tests\PhoneNumberAdministrationClient\PhoneNumberAdministrationClientLiveTests.cs(13,1): hidden CS8019: Unnecessary using directive.
C:\gh\azure-sdk-for-net\artifacts\obj\Azure.Communication.Administration.Tests\Debug\net461\Azure.Communication.Administration.Tests.AssemblyInfo.cs(11,1): hidden CS8019: Unnecessary using directive.
C:\gh\azure-sdk-for-net\artifacts\obj\Azure.Communication.Administration.Tests\Debug\net461\.NETFramework,Version=v4.6.1.AssemblyAttributes.cs(3,1): hidden CS8019: Unnecessary using directive.
C:\gh\azure-sdk-for-net\sdk\communication\Azure.Communication.Administration\tests\CommunicationIdentityClient\CommunicationIdentityClientLiveTests.cs(12,1): hidden CS8019: Unnecessary using directive.
C:\gh\azure-sdk-for-net\sdk\communication\Azure.Communication.Administration\tests\PhoneNumberAdministrationClient\PhoneNumberAdministrationClientLiveTests.cs(8,1): hidden CS8019: Unnecessary using directive.
C:\gh\azure-sdk-for-net\sdk\communication\Azure.Communication.Administration\tests\PhoneNumberAdministrationClient\PhoneNumberAdministrationClientLiveTests.cs(9,1): hidden CS8019: Unnecessary using directive.
C:\gh\azure-sdk-for-net\sdk\communication\Azure.Communication.Administration\tests\samples\Sample2_PhoneNumberAdministrationClient.cs(14,1): hidden CS8019: Unnecessary using directive.
