C:\gh\azure-sdk-for-net\eng\mgmt\DisableTestRunParallel.cs(7,12): error CS0246: The type or namespace name 'CollectionBehaviorAttribute' could not be found (are you missing a using directive or an assembly reference?)
C:\gh\azure-sdk-for-net\eng\mgmt\DisableTestRunParallel.cs(7,12): error CS0246: The type or namespace name 'CollectionBehavior' could not be found (are you missing a using directive or an assembly reference?)
C:\gh\azure-sdk-for-net\eng\mgmt\DisableTestRunParallel.cs(7,31): error CS0246: The type or namespace name 'DisableTestParallelization' could not be found (are you missing a using directive or an assembly reference?)
C:\gh\azure-sdk-for-net\eng\mgmt\DisableTestRunParallel.cs(7,66): error CS0246: The type or namespace name 'MaxParallelThreads' could not be found (are you missing a using directive or an assembly reference?)
C:\gh\azure-sdk-for-net\eng\mgmt\DisableTestRunParallel.cs(5,7): error CS0246: The type or namespace name 'Xunit' could not be found (are you missing a using directive or an assembly reference?)
C:\gh\azure-sdk-for-net\sdk\mgmtcommon\ClientRuntime\Tests\ClientRuntime.FullDesktop.Tests\FullFxUserAgentTests.cs(11,11): error CS0246: The type or namespace name 'Xunit' could not be found (are you missing a using directive or an assembly reference?)
C:\gh\azure-sdk-for-net\sdk\mgmtcommon\ClientRuntime\Tests\ClientRuntime.FullDesktop.Tests\FullFxUserAgentTests.cs(14,10): error CS0246: The type or namespace name 'FactAttribute' could not be found (are you missing a using directive or an assembly reference?)
C:\gh\azure-sdk-for-net\sdk\mgmtcommon\ClientRuntime\Tests\ClientRuntime.FullDesktop.Tests\FullFxUserAgentTests.cs(14,10): error CS0246: The type or namespace name 'Fact' could not be found (are you missing a using directive or an assembly reference?)
C:\gh\azure-sdk-for-net\sdk\mgmtcommon\ClientRuntime\Tests\ClientRuntime.FullDesktop.Tests\FullFxUserAgentTests.cs(41,10): error CS0246: The type or namespace name 'FactAttribute' could not be found (are you missing a using directive or an assembly reference?)
C:\gh\azure-sdk-for-net\sdk\mgmtcommon\ClientRuntime\Tests\ClientRuntime.FullDesktop.Tests\FullFxUserAgentTests.cs(41,10): error CS0246: The type or namespace name 'Fact' could not be found (are you missing a using directive or an assembly reference?)
C:\gh\azure-sdk-for-net\sdk\mgmtcommon\ClientRuntime\Tests\ClientRuntime.FullDesktop.Tests\FullFxUserAgentTests.cs(56,10): error CS0246: The type or namespace name 'FactAttribute' could not be found (are you missing a using directive or an assembly reference?)
C:\gh\azure-sdk-for-net\sdk\mgmtcommon\ClientRuntime\Tests\ClientRuntime.FullDesktop.Tests\FullFxUserAgentTests.cs(56,10): error CS0246: The type or namespace name 'Fact' could not be found (are you missing a using directive or an assembly reference?)
C:\gh\azure-sdk-for-net\sdk\mgmtcommon\ClientRuntime\Tests\ClientRuntime.FullDesktop.Tests\FullFxUserAgentTests.cs(81,10): error CS0246: The type or namespace name 'FactAttribute' could not be found (are you missing a using directive or an assembly reference?)
C:\gh\azure-sdk-for-net\sdk\mgmtcommon\ClientRuntime\Tests\ClientRuntime.FullDesktop.Tests\FullFxUserAgentTests.cs(81,10): error CS0246: The type or namespace name 'Fact' could not be found (are you missing a using directive or an assembly reference?)
C:\gh\azure-sdk-for-net\sdk\mgmtcommon\ClientRuntime\Tests\ClientRuntime.FullDesktop.Tests\FullFxUserAgentTests.cs(35,28): error CS0012: The type 'ServiceClient<>' is defined in an assembly that is not referenced. You must add a reference to assembly 'Microsoft.Rest.ClientRuntime, Version=2.0.0.0, Culture=neutral, PublicKeyToken=31bf3856ad364e35'.
C:\gh\azure-sdk-for-net\sdk\mgmtcommon\ClientRuntime\Tests\ClientRuntime.FullDesktop.Tests\FullFxUserAgentTests.cs(35,28): error CS1061: 'FakeServiceClient' does not contain a definition for 'SetUserAgent' and no accessible extension method 'SetUserAgent' accepting a first argument of type 'FakeServiceClient' could be found (are you missing a using directive or an assembly reference?)
C:\gh\azure-sdk-for-net\sdk\mgmtcommon\ClientRuntime\Tests\ClientRuntime.FullDesktop.Tests\FullFxUserAgentTests.cs(47,55): error CS0012: The type 'ServiceClient<>' is defined in an assembly that is not referenced. You must add a reference to assembly 'Microsoft.Rest.ClientRuntime, Version=2.0.0.0, Culture=neutral, PublicKeyToken=31bf3856ad364e35'.
C:\gh\azure-sdk-for-net\sdk\mgmtcommon\ClientRuntime\Tests\ClientRuntime.FullDesktop.Tests\FullFxUserAgentTests.cs(48,101): error CS0012: The type 'ServiceClient<>' is defined in an assembly that is not referenced. You must add a reference to assembly 'Microsoft.Rest.ClientRuntime, Version=2.0.0.0, Culture=neutral, PublicKeyToken=31bf3856ad364e35'.
C:\gh\azure-sdk-for-net\sdk\mgmtcommon\ClientRuntime\Tests\ClientRuntime.FullDesktop.Tests\FullFxUserAgentTests.cs(48,101): error CS1061: 'FakeServiceClient' does not contain a definition for 'HttpClient' and no accessible extension method 'HttpClient' accepting a first argument of type 'FakeServiceClient' could be found (are you missing a using directive or an assembly reference?)
C:\gh\azure-sdk-for-net\sdk\mgmtcommon\ClientRuntime\Tests\ClientRuntime.FullDesktop.Tests\FullFxUserAgentTests.cs(52,13): error CS0103: The name 'Assert' does not exist in the current context
C:\gh\azure-sdk-for-net\sdk\mgmtcommon\ClientRuntime\Tests\ClientRuntime.FullDesktop.Tests\FullFxUserAgentTests.cs(53,13): error CS0103: The name 'Assert' does not exist in the current context
C:\gh\azure-sdk-for-net\sdk\mgmtcommon\ClientRuntime\Tests\ClientRuntime.FullDesktop.Tests\FullFxUserAgentTests.cs(68,24): error CS0012: The type 'ServiceClient<>' is defined in an assembly that is not referenced. You must add a reference to assembly 'Microsoft.Rest.ClientRuntime, Version=2.0.0.0, Culture=neutral, PublicKeyToken=31bf3856ad364e35'.
C:\gh\azure-sdk-for-net\sdk\mgmtcommon\ClientRuntime\Tests\ClientRuntime.FullDesktop.Tests\FullFxUserAgentTests.cs(68,24): error CS1061: 'FakeServiceClient' does not contain a definition for 'SetUserAgent' and no accessible extension method 'SetUserAgent' accepting a first argument of type 'FakeServiceClient' could be found (are you missing a using directive or an assembly reference?)
C:\gh\azure-sdk-for-net\sdk\mgmtcommon\ClientRuntime\Tests\ClientRuntime.FullDesktop.Tests\FullFxUserAgentTests.cs(69,101): error CS0012: The type 'ServiceClient<>' is defined in an assembly that is not referenced. You must add a reference to assembly 'Microsoft.Rest.ClientRuntime, Version=2.0.0.0, Culture=neutral, PublicKeyToken=31bf3856ad364e35'.
C:\gh\azure-sdk-for-net\sdk\mgmtcommon\ClientRuntime\Tests\ClientRuntime.FullDesktop.Tests\FullFxUserAgentTests.cs(69,101): error CS1061: 'FakeServiceClient' does not contain a definition for 'HttpClient' and no accessible extension method 'HttpClient' accepting a first argument of type 'FakeServiceClient' could be found (are you missing a using directive or an assembly reference?)
C:\gh\azure-sdk-for-net\sdk\mgmtcommon\ClientRuntime\Tests\ClientRuntime.FullDesktop.Tests\FullFxUserAgentTests.cs(70,13): error CS0103: The name 'Assert' does not exist in the current context
C:\gh\azure-sdk-for-net\sdk\mgmtcommon\ClientRuntime\Tests\ClientRuntime.FullDesktop.Tests\FullFxUserAgentTests.cs(73,13): error CS0103: The name 'Assert' does not exist in the current context
C:\gh\azure-sdk-for-net\sdk\mgmtcommon\ClientRuntime\Tests\ClientRuntime.FullDesktop.Tests\FullFxUserAgentTests.cs(75,24): error CS0012: The type 'ServiceClient<>' is defined in an assembly that is not referenced. You must add a reference to assembly 'Microsoft.Rest.ClientRuntime, Version=2.0.0.0, Culture=neutral, PublicKeyToken=31bf3856ad364e35'.
C:\gh\azure-sdk-for-net\sdk\mgmtcommon\ClientRuntime\Tests\ClientRuntime.FullDesktop.Tests\FullFxUserAgentTests.cs(75,24): error CS1061: 'FakeServiceClient' does not contain a definition for 'SetUserAgent' and no accessible extension method 'SetUserAgent' accepting a first argument of type 'FakeServiceClient' could be found (are you missing a using directive or an assembly reference?)
C:\gh\azure-sdk-for-net\sdk\mgmtcommon\ClientRuntime\Tests\ClientRuntime.FullDesktop.Tests\FullFxUserAgentTests.cs(76,93): error CS0012: The type 'ServiceClient<>' is defined in an assembly that is not referenced. You must add a reference to assembly 'Microsoft.Rest.ClientRuntime, Version=2.0.0.0, Culture=neutral, PublicKeyToken=31bf3856ad364e35'.
C:\gh\azure-sdk-for-net\sdk\mgmtcommon\ClientRuntime\Tests\ClientRuntime.FullDesktop.Tests\FullFxUserAgentTests.cs(76,93): error CS1061: 'FakeServiceClient' does not contain a definition for 'HttpClient' and no accessible extension method 'HttpClient' accepting a first argument of type 'FakeServiceClient' could be found (are you missing a using directive or an assembly reference?)
C:\gh\azure-sdk-for-net\sdk\mgmtcommon\ClientRuntime\Tests\ClientRuntime.FullDesktop.Tests\FullFxUserAgentTests.cs(78,13): error CS0103: The name 'Assert' does not exist in the current context
C:\gh\azure-sdk-for-net\sdk\mgmtcommon\ClientRuntime\Tests\ClientRuntime.FullDesktop.Tests\FullFxUserAgentTests.cs(90,24): error CS0012: The type 'ServiceClient<>' is defined in an assembly that is not referenced. You must add a reference to assembly 'Microsoft.Rest.ClientRuntime, Version=2.0.0.0, Culture=neutral, PublicKeyToken=31bf3856ad364e35'.
C:\gh\azure-sdk-for-net\sdk\mgmtcommon\ClientRuntime\Tests\ClientRuntime.FullDesktop.Tests\FullFxUserAgentTests.cs(90,24): error CS1061: 'FakeServiceClient' does not contain a definition for 'SetUserAgent' and no accessible extension method 'SetUserAgent' accepting a first argument of type 'FakeServiceClient' could be found (are you missing a using directive or an assembly reference?)
C:\gh\azure-sdk-for-net\sdk\mgmtcommon\ClientRuntime\Tests\ClientRuntime.FullDesktop.Tests\FullFxUserAgentTests.cs(92,13): error CS0103: The name 'Assert' does not exist in the current context
C:\gh\azure-sdk-for-net\sdk\mgmtcommon\ClientRuntime\Tests\ClientRuntime.FullDesktop.Tests\FullFxUserAgentTests.cs(92,40): error CS0012: The type 'ServiceClient<>' is defined in an assembly that is not referenced. You must add a reference to assembly 'Microsoft.Rest.ClientRuntime, Version=2.0.0.0, Culture=neutral, PublicKeyToken=31bf3856ad364e35'.
C:\gh\azure-sdk-for-net\sdk\mgmtcommon\ClientRuntime\Tests\ClientRuntime.FullDesktop.Tests\FullFxUserAgentTests.cs(92,40): error CS1061: 'FakeServiceClient' does not contain a definition for 'HttpClient' and no accessible extension method 'HttpClient' accepting a first argument of type 'FakeServiceClient' could be found (are you missing a using directive or an assembly reference?)
C:\gh\azure-sdk-for-net\sdk\mgmtcommon\ClientRuntime\Tests\ClientRuntime.FullDesktop.Tests\FullFxUserAgentTests.cs(93,24): error CS0012: The type 'ServiceClient<>' is defined in an assembly that is not referenced. You must add a reference to assembly 'Microsoft.Rest.ClientRuntime, Version=2.0.0.0, Culture=neutral, PublicKeyToken=31bf3856ad364e35'.
C:\gh\azure-sdk-for-net\sdk\mgmtcommon\ClientRuntime\Tests\ClientRuntime.FullDesktop.Tests\FullFxUserAgentTests.cs(93,24): error CS1061: 'FakeServiceClient' does not contain a definition for 'SetUserAgent' and no accessible extension method 'SetUserAgent' accepting a first argument of type 'FakeServiceClient' could be found (are you missing a using directive or an assembly reference?)
C:\gh\azure-sdk-for-net\sdk\mgmtcommon\ClientRuntime\Tests\ClientRuntime.FullDesktop.Tests\FullFxUserAgentTests.cs(94,13): error CS0103: The name 'Assert' does not exist in the current context
C:\gh\azure-sdk-for-net\sdk\mgmtcommon\ClientRuntime\Tests\ClientRuntime.FullDesktop.Tests\FullFxUserAgentTests.cs(94,40): error CS0012: The type 'ServiceClient<>' is defined in an assembly that is not referenced. You must add a reference to assembly 'Microsoft.Rest.ClientRuntime, Version=2.0.0.0, Culture=neutral, PublicKeyToken=31bf3856ad364e35'.
C:\gh\azure-sdk-for-net\sdk\mgmtcommon\ClientRuntime\Tests\ClientRuntime.FullDesktop.Tests\FullFxUserAgentTests.cs(94,40): error CS1061: 'FakeServiceClient' does not contain a definition for 'HttpClient' and no accessible extension method 'HttpClient' accepting a first argument of type 'FakeServiceClient' could be found (are you missing a using directive or an assembly reference?)
C:\gh\azure-sdk-for-net\sdk\mgmtcommon\ClientRuntime\Tests\ClientRuntime.FullDesktop.Tests\FullFxUserAgentTests.cs(85,20): warning CS0219: The variable 'defaultProductName' is assigned but its value is never used
C:\gh\azure-sdk-for-net\artifacts\obj\ClientRuntime.FullDesktop.Tests\Debug\net452\.NETFramework,Version=v4.5.2.AssemblyAttributes.cs(2,1): hidden CS8019: Unnecessary using directive.
C:\gh\azure-sdk-for-net\sdk\mgmtcommon\ClientRuntime\Tests\ClientRuntime.FullDesktop.Tests\FullFxUserAgentTests.cs(11,5): hidden CS8019: Unnecessary using directive.
C:\gh\azure-sdk-for-net\artifacts\obj\ClientRuntime.FullDesktop.Tests\Debug\net452\ClientRuntime.FullDesktop.Tests.AssemblyInfo.cs(11,1): hidden CS8019: Unnecessary using directive.
C:\gh\azure-sdk-for-net\eng\mgmt\DisableTestRunParallel.cs(5,1): hidden CS8019: Unnecessary using directive.
C:\gh\azure-sdk-for-net\artifacts\obj\ClientRuntime.FullDesktop.Tests\Debug\net452\.NETFramework,Version=v4.5.2.AssemblyAttributes.cs(3,1): hidden CS8019: Unnecessary using directive.
C:\gh\azure-sdk-for-net\artifacts\obj\ClientRuntime.FullDesktop.Tests\Debug\net452\ClientRuntime.FullDesktop.Tests.AssemblyInfo.cs(12,1): hidden CS8019: Unnecessary using directive.
C:\gh\azure-sdk-for-net\eng\mgmt\DisableTestRunParallel.cs(4,1): hidden CS8019: Unnecessary using directive.
