C:\gh\azure-sdk-for-net\sdk\graphrbac\Microsoft.Azure.Graph.RBAC\tests\Infrastructure\LiveTestAttribute.cs(11,49): error CS0246: The type or namespace name 'ITraitAttribute' could not be found (are you missing a using directive or an assembly reference?)
C:\gh\azure-sdk-for-net\sdk\graphrbac\Microsoft.Azure.Graph.RBAC\tests\Tests\GraphTestBase.cs(34,34): error CS0246: The type or namespace name 'TestBase' could not be found (are you missing a using directive or an assembly reference?)
C:\gh\azure-sdk-for-net\sdk\graphrbac\Microsoft.Azure.Graph.RBAC\tests\Helpers\RecordedDelegatingHandler.cs(12,46): error CS0246: The type or namespace name 'DelegatingHandler' could not be found (are you missing a using directive or an assembly reference?)
C:\gh\azure-sdk-for-net\sdk\graphrbac\Microsoft.Azure.Graph.RBAC\tests\Helpers\RecordedDelegatingHandler.cs(41,70): error CS0246: The type or namespace name 'HttpRequestMessage' could not be found (are you missing a using directive or an assembly reference?)
C:\gh\azure-sdk-for-net\sdk\graphrbac\Microsoft.Azure.Graph.RBAC\tests\Helpers\RecordedDelegatingHandler.cs(41,39): error CS0246: The type or namespace name 'HttpResponseMessage' could not be found (are you missing a using directive or an assembly reference?)
C:\gh\azure-sdk-for-net\sdk\graphrbac\Microsoft.Azure.Graph.RBAC\tests\Tests\GraphTestBase.cs(320,34): error CS0246: The type or namespace name 'MockContext' could not be found (are you missing a using directive or an assembly reference?)
C:\gh\azure-sdk-for-net\sdk\graphrbac\Microsoft.Azure.Graph.RBAC\tests\Tests\GraphTestBase.cs(281,32): error CS0246: The type or namespace name 'MockContext' could not be found (are you missing a using directive or an assembly reference?)
C:\gh\azure-sdk-for-net\sdk\graphrbac\Microsoft.Azure.Graph.RBAC\tests\Tests\GraphTestBase.cs(276,32): error CS0246: The type or namespace name 'MockContext' could not be found (are you missing a using directive or an assembly reference?)
C:\gh\azure-sdk-for-net\sdk\graphrbac\Microsoft.Azure.Graph.RBAC\tests\Tests\GraphTestBase.cs(297,33): error CS0246: The type or namespace name 'MockContext' could not be found (are you missing a using directive or an assembly reference?)
C:\gh\azure-sdk-for-net\sdk\graphrbac\Microsoft.Azure.Graph.RBAC\tests\Tests\GraphTestBase.cs(71,57): error CS0246: The type or namespace name 'MockContext' could not be found (are you missing a using directive or an assembly reference?)
C:\gh\azure-sdk-for-net\sdk\graphrbac\Microsoft.Azure.Graph.RBAC\tests\Tests\GraphTestBase.cs(259,32): error CS0246: The type or namespace name 'MockContext' could not be found (are you missing a using directive or an assembly reference?)
C:\gh\azure-sdk-for-net\sdk\graphrbac\Microsoft.Azure.Graph.RBAC\tests\Tests\GraphTestBase.cs(315,52): error CS0246: The type or namespace name 'MockContext' could not be found (are you missing a using directive or an assembly reference?)
C:\gh\azure-sdk-for-net\sdk\graphrbac\Microsoft.Azure.Graph.RBAC\tests\Helpers\RecordedDelegatingHandler.cs(14,17): error CS0246: The type or namespace name 'HttpResponseMessage' could not be found (are you missing a using directive or an assembly reference?)
C:\gh\azure-sdk-for-net\sdk\graphrbac\Microsoft.Azure.Graph.RBAC\tests\Tests\GraphTestBase.cs(254,44): error CS0246: The type or namespace name 'MockContext' could not be found (are you missing a using directive or an assembly reference?)
C:\gh\azure-sdk-for-net\sdk\graphrbac\Microsoft.Azure.Graph.RBAC\tests\Tests\GraphTestBase.cs(307,31): error CS0246: The type or namespace name 'MockContext' could not be found (are you missing a using directive or an assembly reference?)
C:\gh\azure-sdk-for-net\sdk\graphrbac\Microsoft.Azure.Graph.RBAC\tests\Tests\GraphTestBase.cs(286,36): error CS0246: The type or namespace name 'MockContext' could not be found (are you missing a using directive or an assembly reference?)
C:\gh\azure-sdk-for-net\sdk\graphrbac\Microsoft.Azure.Graph.RBAC\tests\Tests\GraphTestBase.cs(168,46): error CS0246: The type or namespace name 'MockContext' could not be found (are you missing a using directive or an assembly reference?)
C:\gh\azure-sdk-for-net\sdk\graphrbac\Microsoft.Azure.Graph.RBAC\tests\Tests\GraphTestBase.cs(221,39): error CS0246: The type or namespace name 'MockContext' could not be found (are you missing a using directive or an assembly reference?)
C:\gh\azure-sdk-for-net\sdk\graphrbac\Microsoft.Azure.Graph.RBAC\tests\Helpers\RecordedDelegatingHandler.cs(21,42): error CS0246: The type or namespace name 'HttpResponseMessage' could not be found (are you missing a using directive or an assembly reference?)
C:\gh\azure-sdk-for-net\sdk\graphrbac\Microsoft.Azure.Graph.RBAC\tests\Tests\GraphTestBase.cs(249,44): error CS0246: The type or namespace name 'MockContext' could not be found (are you missing a using directive or an assembly reference?)
C:\gh\azure-sdk-for-net\sdk\graphrbac\Microsoft.Azure.Graph.RBAC\tests\Tests\GraphTestBase.cs(238,56): error CS0246: The type or namespace name 'MockContext' could not be found (are you missing a using directive or an assembly reference?)
C:\gh\azure-sdk-for-net\sdk\graphrbac\Microsoft.Azure.Graph.RBAC\tests\Tests\GraphTestBase.cs(302,33): error CS0246: The type or namespace name 'MockContext' could not be found (are you missing a using directive or an assembly reference?)
C:\gh\azure-sdk-for-net\sdk\graphrbac\Microsoft.Azure.Graph.RBAC\tests\Tests\GraphTestBase.cs(139,48): error CS0246: The type or namespace name 'MockContext' could not be found (are you missing a using directive or an assembly reference?)
C:\gh\azure-sdk-for-net\sdk\graphrbac\Microsoft.Azure.Graph.RBAC\tests\Tests\GraphTestBase.cs(143,48): error CS0246: The type or namespace name 'MockContext' could not be found (are you missing a using directive or an assembly reference?)
C:\gh\azure-sdk-for-net\sdk\graphrbac\Microsoft.Azure.Graph.RBAC\tests\Tests\GraphTestBase.cs(130,43): error CS0246: The type or namespace name 'MockContext' could not be found (are you missing a using directive or an assembly reference?)
C:\gh\azure-sdk-for-net\sdk\graphrbac\Microsoft.Azure.Graph.RBAC\tests\Tests\GraphTestBase.cs(134,43): error CS0246: The type or namespace name 'MockContext' could not be found (are you missing a using directive or an assembly reference?)
C:\gh\azure-sdk-for-net\sdk\graphrbac\Microsoft.Azure.Graph.RBAC\tests\Tests\GraphTestBase.cs(153,66): error CS0246: The type or namespace name 'MockContext' could not be found (are you missing a using directive or an assembly reference?)
C:\gh\azure-sdk-for-net\sdk\graphrbac\Microsoft.Azure.Graph.RBAC\tests\Tests\GraphTestBase.cs(158,55): error CS0246: The type or namespace name 'MockContext' could not be found (are you missing a using directive or an assembly reference?)
C:\gh\azure-sdk-for-net\sdk\graphrbac\Microsoft.Azure.Graph.RBAC\tests\Tests\GraphTestBase.cs(121,49): error CS0246: The type or namespace name 'MockContext' could not be found (are you missing a using directive or an assembly reference?)
C:\gh\azure-sdk-for-net\sdk\graphrbac\Microsoft.Azure.Graph.RBAC\tests\Tests\GraphTestBase.cs(125,49): error CS0246: The type or namespace name 'MockContext' could not be found (are you missing a using directive or an assembly reference?)
C:\gh\azure-sdk-for-net\sdk\graphrbac\Microsoft.Azure.Graph.RBAC\tests\Tests\GraphTestBase.cs(112,44): error CS0246: The type or namespace name 'MockContext' could not be found (are you missing a using directive or an assembly reference?)
C:\gh\azure-sdk-for-net\sdk\graphrbac\Microsoft.Azure.Graph.RBAC\tests\Tests\GraphTestBase.cs(116,44): error CS0246: The type or namespace name 'MockContext' could not be found (are you missing a using directive or an assembly reference?)
C:\gh\azure-sdk-for-net\sdk\graphrbac\Microsoft.Azure.Graph.RBAC\tests\Tests\GraphTestBase.cs(148,56): error CS0246: The type or namespace name 'MockContext' could not be found (are you missing a using directive or an assembly reference?)
C:\gh\azure-sdk-for-net\sdk\graphrbac\Microsoft.Azure.Graph.RBAC\tests\Tests\GraphTestBase.cs(163,65): error CS0246: The type or namespace name 'MockContext' could not be found (are you missing a using directive or an assembly reference?)
C:\gh\azure-sdk-for-net\sdk\graphrbac\Microsoft.Azure.Graph.RBAC\tests\Tests\GraphTestBase.cs(232,59): error CS0246: The type or namespace name 'MockContext' could not be found (are you missing a using directive or an assembly reference?)
C:\gh\azure-sdk-for-net\sdk\graphrbac\Microsoft.Azure.Graph.RBAC\tests\Tests\GraphTestBase.cs(232,80): error CS0246: The type or namespace name 'ODataQuery<>' could not be found (are you missing a using directive or an assembly reference?)
C:\gh\azure-sdk-for-net\sdk\graphrbac\Microsoft.Azure.Graph.RBAC\tests\Tests\GraphTestBase.cs(226,53): error CS0246: The type or namespace name 'MockContext' could not be found (are you missing a using directive or an assembly reference?)
C:\gh\azure-sdk-for-net\sdk\graphrbac\Microsoft.Azure.Graph.RBAC\tests\Tests\GraphTestBase.cs(198,39): error CS0246: The type or namespace name 'MockContext' could not be found (are you missing a using directive or an assembly reference?)
C:\gh\azure-sdk-for-net\sdk\graphrbac\Microsoft.Azure.Graph.RBAC\tests\Tests\GraphTestBase.cs(193,53): error CS0246: The type or namespace name 'MockContext' could not be found (are you missing a using directive or an assembly reference?)
C:\gh\azure-sdk-for-net\eng\mgmt\DisableTestRunParallel.cs(7,12): error CS0246: The type or namespace name 'CollectionBehaviorAttribute' could not be found (are you missing a using directive or an assembly reference?)
C:\gh\azure-sdk-for-net\eng\mgmt\DisableTestRunParallel.cs(7,12): error CS0246: The type or namespace name 'CollectionBehavior' could not be found (are you missing a using directive or an assembly reference?)
C:\gh\azure-sdk-for-net\eng\mgmt\DisableTestRunParallel.cs(7,31): error CS0246: The type or namespace name 'DisableTestParallelization' could not be found (are you missing a using directive or an assembly reference?)
C:\gh\azure-sdk-for-net\eng\mgmt\DisableTestRunParallel.cs(7,66): error CS0246: The type or namespace name 'MaxParallelThreads' could not be found (are you missing a using directive or an assembly reference?)
C:\gh\azure-sdk-for-net\sdk\graphrbac\Microsoft.Azure.Graph.RBAC\tests\Helpers\RecordedDelegatingHandler.cs(6,18): error CS0234: The type or namespace name 'Http' does not exist in the namespace 'System.Net' (are you missing an assembly reference?)
C:\gh\azure-sdk-for-net\sdk\graphrbac\Microsoft.Azure.Graph.RBAC\tests\Helpers\RecordedDelegatingHandler.cs(7,18): error CS0234: The type or namespace name 'Http' does not exist in the namespace 'System.Net' (are you missing an assembly reference?)
C:\gh\azure-sdk-for-net\sdk\graphrbac\Microsoft.Azure.Graph.RBAC\tests\Tests\ApplicationAndServicePrincipalTests.cs(5,23): error CS0234: The type or namespace name 'Test' does not exist in the namespace 'Microsoft.Azure' (are you missing an assembly reference?)
C:\gh\azure-sdk-for-net\sdk\graphrbac\Microsoft.Azure.Graph.RBAC\tests\Tests\ApplicationAndServicePrincipalTests.cs(9,7): error CS0246: The type or namespace name 'Xunit' could not be found (are you missing a using directive or an assembly reference?)
C:\gh\azure-sdk-for-net\sdk\graphrbac\Microsoft.Azure.Graph.RBAC\tests\Tests\ApplicationAndServicePrincipalTests.cs(10,17): error CS0234: The type or namespace name 'Rest' does not exist in the namespace 'Microsoft' (are you missing an assembly reference?)
C:\gh\azure-sdk-for-net\sdk\graphrbac\Microsoft.Azure.Graph.RBAC\tests\Tests\ApplicationAndServicePrincipalTests.cs(11,17): error CS0234: The type or namespace name 'Rest' does not exist in the namespace 'Microsoft' (are you missing an assembly reference?)
C:\gh\azure-sdk-for-net\sdk\graphrbac\Microsoft.Azure.Graph.RBAC\tests\Tests\ApplicationAndServicePrincipalTests.cs(12,17): error CS0234: The type or namespace name 'Rest' does not exist in the namespace 'Microsoft' (are you missing an assembly reference?)
C:\gh\azure-sdk-for-net\sdk\graphrbac\Microsoft.Azure.Graph.RBAC\tests\Tests\BasicTests.cs(8,17): error CS0234: The type or namespace name 'Rest' does not exist in the namespace 'Microsoft' (are you missing an assembly reference?)
C:\gh\azure-sdk-for-net\sdk\graphrbac\Microsoft.Azure.Graph.RBAC\tests\Tests\BasicTests.cs(9,7): error CS0246: The type or namespace name 'Xunit' could not be found (are you missing a using directive or an assembly reference?)
C:\gh\azure-sdk-for-net\sdk\graphrbac\Microsoft.Azure.Graph.RBAC\tests\Tests\BasicTests.cs(10,17): error CS0234: The type or namespace name 'Rest' does not exist in the namespace 'Microsoft' (are you missing an assembly reference?)
C:\gh\azure-sdk-for-net\sdk\graphrbac\Microsoft.Azure.Graph.RBAC\tests\Tests\GraphTestBase.cs(8,23): error CS0234: The type or namespace name 'Test' does not exist in the namespace 'Microsoft.Azure' (are you missing an assembly reference?)
C:\gh\azure-sdk-for-net\sdk\graphrbac\Microsoft.Azure.Graph.RBAC\tests\Tests\GraphTestBase.cs(10,17): error CS0234: The type or namespace name 'Rest' does not exist in the namespace 'Microsoft' (are you missing an assembly reference?)
C:\gh\azure-sdk-for-net\sdk\graphrbac\Microsoft.Azure.Graph.RBAC\tests\Tests\GraphTestBase.cs(14,17): error CS0234: The type or namespace name 'Rest' does not exist in the namespace 'Microsoft' (are you missing an assembly reference?)
C:\gh\azure-sdk-for-net\sdk\graphrbac\Microsoft.Azure.Graph.RBAC\tests\Tests\GroupTests.cs(5,23): error CS0234: The type or namespace name 'Test' does not exist in the namespace 'Microsoft.Azure' (are you missing an assembly reference?)
C:\gh\azure-sdk-for-net\sdk\graphrbac\Microsoft.Azure.Graph.RBAC\tests\Tests\GroupTests.cs(8,7): error CS0246: The type or namespace name 'Xunit' could not be found (are you missing a using directive or an assembly reference?)
C:\gh\azure-sdk-for-net\sdk\graphrbac\Microsoft.Azure.Graph.RBAC\tests\Tests\GroupTests.cs(9,17): error CS0234: The type or namespace name 'Rest' does not exist in the namespace 'Microsoft' (are you missing an assembly reference?)
C:\gh\azure-sdk-for-net\sdk\graphrbac\Microsoft.Azure.Graph.RBAC\tests\Tests\GroupTests.cs(10,17): error CS0234: The type or namespace name 'Rest' does not exist in the namespace 'Microsoft' (are you missing an assembly reference?)
C:\gh\azure-sdk-for-net\sdk\graphrbac\Microsoft.Azure.Graph.RBAC\tests\Tests\UserTests.cs(5,23): error CS0234: The type or namespace name 'Test' does not exist in the namespace 'Microsoft.Azure' (are you missing an assembly reference?)
C:\gh\azure-sdk-for-net\sdk\graphrbac\Microsoft.Azure.Graph.RBAC\tests\Tests\UserTests.cs(6,17): error CS0234: The type or namespace name 'Rest' does not exist in the namespace 'Microsoft' (are you missing an assembly reference?)
C:\gh\azure-sdk-for-net\sdk\graphrbac\Microsoft.Azure.Graph.RBAC\tests\Tests\UserTests.cs(7,17): error CS0234: The type or namespace name 'Rest' does not exist in the namespace 'Microsoft' (are you missing an assembly reference?)
C:\gh\azure-sdk-for-net\sdk\graphrbac\Microsoft.Azure.Graph.RBAC\tests\Tests\UserTests.cs(8,7): error CS0246: The type or namespace name 'Xunit' could not be found (are you missing a using directive or an assembly reference?)
C:\gh\azure-sdk-for-net\eng\mgmt\DisableTestRunParallel.cs(5,7): error CS0246: The type or namespace name 'Xunit' could not be found (are you missing a using directive or an assembly reference?)
C:\gh\azure-sdk-for-net\sdk\graphrbac\Microsoft.Azure.Graph.RBAC\tests\Infrastructure\LiveTestAttribute.cs(7,11): error CS0246: The type or namespace name 'Xunit' could not be found (are you missing a using directive or an assembly reference?)
C:\gh\azure-sdk-for-net\sdk\graphrbac\Microsoft.Azure.Graph.RBAC\tests\Tests\GroupTests.cs(17,10): error CS0246: The type or namespace name 'FactAttribute' could not be found (are you missing a using directive or an assembly reference?)
C:\gh\azure-sdk-for-net\sdk\graphrbac\Microsoft.Azure.Graph.RBAC\tests\Tests\BasicTests.cs(20,10): error CS0246: The type or namespace name 'FactAttribute' could not be found (are you missing a using directive or an assembly reference?)
C:\gh\azure-sdk-for-net\sdk\graphrbac\Microsoft.Azure.Graph.RBAC\tests\Tests\GroupTests.cs(17,10): error CS0246: The type or namespace name 'Fact' could not be found (are you missing a using directive or an assembly reference?)
C:\gh\azure-sdk-for-net\sdk\graphrbac\Microsoft.Azure.Graph.RBAC\tests\Tests\BasicTests.cs(20,10): error CS0246: The type or namespace name 'Fact' could not be found (are you missing a using directive or an assembly reference?)
C:\gh\azure-sdk-for-net\sdk\graphrbac\Microsoft.Azure.Graph.RBAC\tests\Tests\GroupTests.cs(30,10): error CS0246: The type or namespace name 'FactAttribute' could not be found (are you missing a using directive or an assembly reference?)
C:\gh\azure-sdk-for-net\sdk\graphrbac\Microsoft.Azure.Graph.RBAC\tests\Tests\GroupTests.cs(30,10): error CS0246: The type or namespace name 'Fact' could not be found (are you missing a using directive or an assembly reference?)
C:\gh\azure-sdk-for-net\sdk\graphrbac\Microsoft.Azure.Graph.RBAC\tests\Tests\BasicTests.cs(48,10): error CS0246: The type or namespace name 'FactAttribute' could not be found (are you missing a using directive or an assembly reference?)
C:\gh\azure-sdk-for-net\sdk\graphrbac\Microsoft.Azure.Graph.RBAC\tests\Tests\BasicTests.cs(48,10): error CS0246: The type or namespace name 'Fact' could not be found (are you missing a using directive or an assembly reference?)
C:\gh\azure-sdk-for-net\sdk\graphrbac\Microsoft.Azure.Graph.RBAC\tests\Tests\UserTests.cs(14,10): error CS0246: The type or namespace name 'FactAttribute' could not be found (are you missing a using directive or an assembly reference?)
C:\gh\azure-sdk-for-net\sdk\graphrbac\Microsoft.Azure.Graph.RBAC\tests\Tests\UserTests.cs(14,10): error CS0246: The type or namespace name 'Fact' could not be found (are you missing a using directive or an assembly reference?)
C:\gh\azure-sdk-for-net\sdk\graphrbac\Microsoft.Azure.Graph.RBAC\tests\Infrastructure\LiveTestAttribute.cs(9,6): error CS0246: The type or namespace name 'TraitDiscovererAttribute' could not be found (are you missing a using directive or an assembly reference?)
C:\gh\azure-sdk-for-net\sdk\graphrbac\Microsoft.Azure.Graph.RBAC\tests\Infrastructure\LiveTestAttribute.cs(9,6): error CS0246: The type or namespace name 'TraitDiscoverer' could not be found (are you missing a using directive or an assembly reference?)
C:\gh\azure-sdk-for-net\sdk\graphrbac\Microsoft.Azure.Graph.RBAC\tests\Tests\ApplicationAndServicePrincipalTests.cs(19,10): error CS0246: The type or namespace name 'FactAttribute' could not be found (are you missing a using directive or an assembly reference?)
C:\gh\azure-sdk-for-net\sdk\graphrbac\Microsoft.Azure.Graph.RBAC\tests\Tests\ApplicationAndServicePrincipalTests.cs(19,10): error CS0246: The type or namespace name 'Fact' could not be found (are you missing a using directive or an assembly reference?)
C:\gh\azure-sdk-for-net\sdk\graphrbac\Microsoft.Azure.Graph.RBAC\tests\Helpers\RecordedDelegatingHandler.cs(31,16): error CS0246: The type or namespace name 'HttpRequestHeaders' could not be found (are you missing a using directive or an assembly reference?)
C:\gh\azure-sdk-for-net\sdk\graphrbac\Microsoft.Azure.Graph.RBAC\tests\Helpers\RecordedDelegatingHandler.cs(33,16): error CS0246: The type or namespace name 'HttpContentHeaders' could not be found (are you missing a using directive or an assembly reference?)
C:\gh\azure-sdk-for-net\sdk\graphrbac\Microsoft.Azure.Graph.RBAC\tests\Helpers\RecordedDelegatingHandler.cs(35,16): error CS0246: The type or namespace name 'HttpMethod' could not be found (are you missing a using directive or an assembly reference?)
C:\gh\azure-sdk-for-net\sdk\graphrbac\Microsoft.Azure.Graph.RBAC\tests\Tests\ApplicationAndServicePrincipalTests.cs(74,10): error CS0246: The type or namespace name 'FactAttribute' could not be found (are you missing a using directive or an assembly reference?)
C:\gh\azure-sdk-for-net\sdk\graphrbac\Microsoft.Azure.Graph.RBAC\tests\Tests\ApplicationAndServicePrincipalTests.cs(74,10): error CS0246: The type or namespace name 'Fact' could not be found (are you missing a using directive or an assembly reference?)
C:\gh\azure-sdk-for-net\sdk\graphrbac\Microsoft.Azure.Graph.RBAC\tests\Tests\BasicTests.cs(68,10): error CS0246: The type or namespace name 'FactAttribute' could not be found (are you missing a using directive or an assembly reference?)
C:\gh\azure-sdk-for-net\sdk\graphrbac\Microsoft.Azure.Graph.RBAC\tests\Tests\BasicTests.cs(68,10): error CS0246: The type or namespace name 'Fact' could not be found (are you missing a using directive or an assembly reference?)
C:\gh\azure-sdk-for-net\sdk\graphrbac\Microsoft.Azure.Graph.RBAC\tests\Tests\BasicTests.cs(94,10): error CS0246: The type or namespace name 'FactAttribute' could not be found (are you missing a using directive or an assembly reference?)
C:\gh\azure-sdk-for-net\sdk\graphrbac\Microsoft.Azure.Graph.RBAC\tests\Tests\BasicTests.cs(94,10): error CS0246: The type or namespace name 'Fact' could not be found (are you missing a using directive or an assembly reference?)
C:\gh\azure-sdk-for-net\sdk\graphrbac\Microsoft.Azure.Graph.RBAC\tests\Tests\ApplicationAndServicePrincipalTests.cs(175,10): error CS0246: The type or namespace name 'FactAttribute' could not be found (are you missing a using directive or an assembly reference?)
C:\gh\azure-sdk-for-net\sdk\graphrbac\Microsoft.Azure.Graph.RBAC\tests\Tests\ApplicationAndServicePrincipalTests.cs(175,10): error CS0246: The type or namespace name 'Fact' could not be found (are you missing a using directive or an assembly reference?)
C:\gh\azure-sdk-for-net\sdk\graphrbac\Microsoft.Azure.Graph.RBAC\tests\Tests\BasicTests.cs(113,10): error CS0246: The type or namespace name 'FactAttribute' could not be found (are you missing a using directive or an assembly reference?)
C:\gh\azure-sdk-for-net\sdk\graphrbac\Microsoft.Azure.Graph.RBAC\tests\Tests\BasicTests.cs(113,10): error CS0246: The type or namespace name 'Fact' could not be found (are you missing a using directive or an assembly reference?)
C:\gh\azure-sdk-for-net\sdk\graphrbac\Microsoft.Azure.Graph.RBAC\tests\Tests\BasicTests.cs(113,15): error CS0246: The type or namespace name 'Skip' could not be found (are you missing a using directive or an assembly reference?)
C:\gh\azure-sdk-for-net\sdk\graphrbac\Microsoft.Azure.Graph.RBAC\tests\Tests\ApplicationAndServicePrincipalTests.cs(208,10): error CS0246: The type or namespace name 'FactAttribute' could not be found (are you missing a using directive or an assembly reference?)
C:\gh\azure-sdk-for-net\sdk\graphrbac\Microsoft.Azure.Graph.RBAC\tests\Tests\ApplicationAndServicePrincipalTests.cs(208,10): error CS0246: The type or namespace name 'Fact' could not be found (are you missing a using directive or an assembly reference?)
C:\gh\azure-sdk-for-net\sdk\graphrbac\Microsoft.Azure.Graph.RBAC\tests\Tests\BasicTests.cs(153,10): error CS0246: The type or namespace name 'FactAttribute' could not be found (are you missing a using directive or an assembly reference?)
C:\gh\azure-sdk-for-net\sdk\graphrbac\Microsoft.Azure.Graph.RBAC\tests\Tests\BasicTests.cs(153,10): error CS0246: The type or namespace name 'Fact' could not be found (are you missing a using directive or an assembly reference?)
C:\gh\azure-sdk-for-net\sdk\graphrbac\Microsoft.Azure.Graph.RBAC\tests\Tests\ApplicationAndServicePrincipalTests.cs(305,10): error CS0246: The type or namespace name 'FactAttribute' could not be found (are you missing a using directive or an assembly reference?)
C:\gh\azure-sdk-for-net\sdk\graphrbac\Microsoft.Azure.Graph.RBAC\tests\Tests\ApplicationAndServicePrincipalTests.cs(305,10): error CS0246: The type or namespace name 'Fact' could not be found (are you missing a using directive or an assembly reference?)
C:\gh\azure-sdk-for-net\sdk\graphrbac\Microsoft.Azure.Graph.RBAC\tests\Tests\BasicTests.cs(176,10): error CS0246: The type or namespace name 'FactAttribute' could not be found (are you missing a using directive or an assembly reference?)
C:\gh\azure-sdk-for-net\sdk\graphrbac\Microsoft.Azure.Graph.RBAC\tests\Tests\BasicTests.cs(176,10): error CS0246: The type or namespace name 'Fact' could not be found (are you missing a using directive or an assembly reference?)
C:\gh\azure-sdk-for-net\sdk\graphrbac\Microsoft.Azure.Graph.RBAC\tests\Tests\ApplicationAndServicePrincipalTests.cs(334,10): error CS0246: The type or namespace name 'FactAttribute' could not be found (are you missing a using directive or an assembly reference?)
C:\gh\azure-sdk-for-net\sdk\graphrbac\Microsoft.Azure.Graph.RBAC\tests\Tests\ApplicationAndServicePrincipalTests.cs(334,10): error CS0246: The type or namespace name 'Fact' could not be found (are you missing a using directive or an assembly reference?)
C:\gh\azure-sdk-for-net\sdk\graphrbac\Microsoft.Azure.Graph.RBAC\tests\Tests\ApplicationAndServicePrincipalTests.cs(334,15): error CS0246: The type or namespace name 'Skip' could not be found (are you missing a using directive or an assembly reference?)
C:\gh\azure-sdk-for-net\sdk\graphrbac\Microsoft.Azure.Graph.RBAC\tests\Tests\BasicTests.cs(197,10): error CS0246: The type or namespace name 'FactAttribute' could not be found (are you missing a using directive or an assembly reference?)
C:\gh\azure-sdk-for-net\sdk\graphrbac\Microsoft.Azure.Graph.RBAC\tests\Tests\BasicTests.cs(197,10): error CS0246: The type or namespace name 'Fact' could not be found (are you missing a using directive or an assembly reference?)
C:\gh\azure-sdk-for-net\sdk\graphrbac\Microsoft.Azure.Graph.RBAC\tests\Tests\BasicTests.cs(216,10): error CS0246: The type or namespace name 'FactAttribute' could not be found (are you missing a using directive or an assembly reference?)
C:\gh\azure-sdk-for-net\sdk\graphrbac\Microsoft.Azure.Graph.RBAC\tests\Tests\BasicTests.cs(216,10): error CS0246: The type or namespace name 'Fact' could not be found (are you missing a using directive or an assembly reference?)
C:\gh\azure-sdk-for-net\sdk\graphrbac\Microsoft.Azure.Graph.RBAC\tests\Tests\BasicTests.cs(216,15): error CS0246: The type or namespace name 'Skip' could not be found (are you missing a using directive or an assembly reference?)
C:\gh\azure-sdk-for-net\sdk\graphrbac\Microsoft.Azure.Graph.RBAC\tests\Tests\BasicTests.cs(256,10): error CS0246: The type or namespace name 'FactAttribute' could not be found (are you missing a using directive or an assembly reference?)
C:\gh\azure-sdk-for-net\sdk\graphrbac\Microsoft.Azure.Graph.RBAC\tests\Tests\BasicTests.cs(256,10): error CS0246: The type or namespace name 'Fact' could not be found (are you missing a using directive or an assembly reference?)
C:\gh\azure-sdk-for-net\sdk\graphrbac\Microsoft.Azure.Graph.RBAC\tests\Tests\BasicTests.cs(256,15): error CS0246: The type or namespace name 'Skip' could not be found (are you missing a using directive or an assembly reference?)
C:\gh\azure-sdk-for-net\sdk\graphrbac\Microsoft.Azure.Graph.RBAC\tests\Tests\BasicTests.cs(292,10): error CS0246: The type or namespace name 'FactAttribute' could not be found (are you missing a using directive or an assembly reference?)
C:\gh\azure-sdk-for-net\sdk\graphrbac\Microsoft.Azure.Graph.RBAC\tests\Tests\BasicTests.cs(292,10): error CS0246: The type or namespace name 'Fact' could not be found (are you missing a using directive or an assembly reference?)
C:\gh\azure-sdk-for-net\sdk\graphrbac\Microsoft.Azure.Graph.RBAC\tests\Tests\BasicTests.cs(338,10): error CS0246: The type or namespace name 'FactAttribute' could not be found (are you missing a using directive or an assembly reference?)
C:\gh\azure-sdk-for-net\sdk\graphrbac\Microsoft.Azure.Graph.RBAC\tests\Tests\BasicTests.cs(338,10): error CS0246: The type or namespace name 'Fact' could not be found (are you missing a using directive or an assembly reference?)
C:\gh\azure-sdk-for-net\sdk\graphrbac\Microsoft.Azure.Graph.RBAC\tests\Tests\UserTests.cs(17,20): error CS0246: The type or namespace name 'MockContext' could not be found (are you missing a using directive or an assembly reference?)
C:\gh\azure-sdk-for-net\sdk\graphrbac\Microsoft.Azure.Graph.RBAC\tests\Tests\UserTests.cs(17,42): error CS0103: The name 'MockContext' does not exist in the current context
C:\gh\azure-sdk-for-net\sdk\graphrbac\Microsoft.Azure.Graph.RBAC\tests\Tests\UserTests.cs(23,17): error CS0103: The name 'Assert' does not exist in the current context
C:\gh\azure-sdk-for-net\sdk\graphrbac\Microsoft.Azure.Graph.RBAC\tests\Tests\GroupTests.cs(20,20): error CS0246: The type or namespace name 'MockContext' could not be found (are you missing a using directive or an assembly reference?)
C:\gh\azure-sdk-for-net\sdk\graphrbac\Microsoft.Azure.Graph.RBAC\tests\Tests\GroupTests.cs(20,42): error CS0103: The name 'MockContext' does not exist in the current context
C:\gh\azure-sdk-for-net\sdk\graphrbac\Microsoft.Azure.Graph.RBAC\tests\Tests\GroupTests.cs(26,17): error CS0103: The name 'Assert' does not exist in the current context
C:\gh\azure-sdk-for-net\sdk\graphrbac\Microsoft.Azure.Graph.RBAC\tests\Tests\GraphTestBase.cs(43,17): error CS0103: The name 'HttpMockServer' does not exist in the current context
C:\gh\azure-sdk-for-net\sdk\graphrbac\Microsoft.Azure.Graph.RBAC\tests\Tests\GraphTestBase.cs(43,40): error CS0103: The name 'HttpRecorderMode' does not exist in the current context
C:\gh\azure-sdk-for-net\sdk\graphrbac\Microsoft.Azure.Graph.RBAC\tests\Tests\GraphTestBase.cs(45,35): error CS0103: The name 'TestEnvironmentFactory' does not exist in the current context
C:\gh\azure-sdk-for-net\sdk\graphrbac\Microsoft.Azure.Graph.RBAC\tests\Tests\GraphTestBase.cs(54,17): error CS0103: The name 'HttpMockServer' does not exist in the current context
C:\gh\azure-sdk-for-net\sdk\graphrbac\Microsoft.Azure.Graph.RBAC\tests\Tests\GraphTestBase.cs(57,21): error CS0103: The name 'HttpMockServer' does not exist in the current context
C:\gh\azure-sdk-for-net\sdk\graphrbac\Microsoft.Azure.Graph.RBAC\tests\Tests\GraphTestBase.cs(60,22): error CS0103: The name 'HttpMockServer' does not exist in the current context
C:\gh\azure-sdk-for-net\sdk\graphrbac\Microsoft.Azure.Graph.RBAC\tests\Tests\GraphTestBase.cs(60,45): error CS0103: The name 'HttpRecorderMode' does not exist in the current context
C:\gh\azure-sdk-for-net\sdk\graphrbac\Microsoft.Azure.Graph.RBAC\tests\Tests\GraphTestBase.cs(62,35): error CS0103: The name 'HttpMockServer' does not exist in the current context
C:\gh\azure-sdk-for-net\sdk\graphrbac\Microsoft.Azure.Graph.RBAC\tests\Tests\GraphTestBase.cs(63,21): error CS0103: The name 'HttpMockServer' does not exist in the current context
C:\gh\azure-sdk-for-net\sdk\graphrbac\Microsoft.Azure.Graph.RBAC\tests\Tests\GraphTestBase.cs(65,37): error CS0103: The name 'HttpMockServer' does not exist in the current context
C:\gh\azure-sdk-for-net\sdk\graphrbac\Microsoft.Azure.Graph.RBAC\tests\Helpers\RecordedDelegatingHandler.cs(73,21): error CS0246: The type or namespace name 'HttpResponseMessage' could not be found (are you missing a using directive or an assembly reference?)
C:\gh\azure-sdk-for-net\sdk\graphrbac\Microsoft.Azure.Graph.RBAC\tests\Helpers\RecordedDelegatingHandler.cs(73,56): error CS0246: The type or namespace name 'HttpResponseMessage' could not be found (are you missing a using directive or an assembly reference?)
C:\gh\azure-sdk-for-net\sdk\graphrbac\Microsoft.Azure.Graph.RBAC\tests\Helpers\RecordedDelegatingHandler.cs(74,44): error CS0246: The type or namespace name 'StringContent' could not be found (are you missing a using directive or an assembly reference?)
C:\gh\azure-sdk-for-net\sdk\graphrbac\Microsoft.Azure.Graph.RBAC\tests\Tests\BasicTests.cs(23,20): error CS0246: The type or namespace name 'MockContext' could not be found (are you missing a using directive or an assembly reference?)
C:\gh\azure-sdk-for-net\sdk\graphrbac\Microsoft.Azure.Graph.RBAC\tests\Tests\BasicTests.cs(23,42): error CS0103: The name 'MockContext' does not exist in the current context
C:\gh\azure-sdk-for-net\sdk\graphrbac\Microsoft.Azure.Graph.RBAC\tests\Tests\BasicTests.cs(27,29): error CS0246: The type or namespace name 'IPage<>' could not be found (are you missing a using directive or an assembly reference?)
C:\gh\azure-sdk-for-net\sdk\graphrbac\Microsoft.Azure.Graph.RBAC\tests\Tests\BasicTests.cs(27,29): error CS0246: The type or namespace name 'ODataQuery<>' could not be found (are you missing a using directive or an assembly reference?)
C:\gh\azure-sdk-for-net\sdk\graphrbac\Microsoft.Azure.Graph.RBAC\tests\Tests\BasicTests.cs(28,17): error CS0103: The name 'Assert' does not exist in the current context
C:\gh\azure-sdk-for-net\sdk\graphrbac\Microsoft.Azure.Graph.RBAC\tests\Tests\BasicTests.cs(29,17): error CS0103: The name 'Assert' does not exist in the current context
C:\gh\azure-sdk-for-net\sdk\graphrbac\Microsoft.Azure.Graph.RBAC\tests\Tests\BasicTests.cs(33,17): error CS0103: The name 'Assert' does not exist in the current context
C:\gh\azure-sdk-for-net\sdk\graphrbac\Microsoft.Azure.Graph.RBAC\tests\Tests\BasicTests.cs(34,17): error CS0103: The name 'Assert' does not exist in the current context
C:\gh\azure-sdk-for-net\sdk\graphrbac\Microsoft.Azure.Graph.RBAC\tests\Tests\BasicTests.cs(35,17): error CS0103: The name 'Assert' does not exist in the current context
C:\gh\azure-sdk-for-net\sdk\graphrbac\Microsoft.Azure.Graph.RBAC\tests\Tests\BasicTests.cs(36,17): error CS0103: The name 'Assert' does not exist in the current context
C:\gh\azure-sdk-for-net\sdk\graphrbac\Microsoft.Azure.Graph.RBAC\tests\Tests\BasicTests.cs(44,17): error CS0103: The name 'Assert' does not exist in the current context
C:\gh\azure-sdk-for-net\sdk\graphrbac\Microsoft.Azure.Graph.RBAC\tests\Tests\GroupTests.cs(33,20): error CS0246: The type or namespace name 'MockContext' could not be found (are you missing a using directive or an assembly reference?)
C:\gh\azure-sdk-for-net\sdk\graphrbac\Microsoft.Azure.Graph.RBAC\tests\Tests\GroupTests.cs(33,42): error CS0103: The name 'MockContext' does not exist in the current context
C:\gh\azure-sdk-for-net\sdk\graphrbac\Microsoft.Azure.Graph.RBAC\tests\Tests\GroupTests.cs(45,17): error CS0103: The name 'Assert' does not exist in the current context
C:\gh\azure-sdk-for-net\sdk\graphrbac\Microsoft.Azure.Graph.RBAC\tests\Tests\GroupTests.cs(53,17): error CS0103: The name 'Assert' does not exist in the current context
C:\gh\azure-sdk-for-net\sdk\graphrbac\Microsoft.Azure.Graph.RBAC\tests\Tests\BasicTests.cs(51,20): error CS0246: The type or namespace name 'MockContext' could not be found (are you missing a using directive or an assembly reference?)
C:\gh\azure-sdk-for-net\sdk\graphrbac\Microsoft.Azure.Graph.RBAC\tests\Tests\BasicTests.cs(51,42): error CS0103: The name 'MockContext' does not exist in the current context
C:\gh\azure-sdk-for-net\sdk\graphrbac\Microsoft.Azure.Graph.RBAC\tests\Tests\BasicTests.cs(55,37): error CS0246: The type or namespace name 'IPage<>' could not be found (are you missing a using directive or an assembly reference?)
C:\gh\azure-sdk-for-net\sdk\graphrbac\Microsoft.Azure.Graph.RBAC\tests\Tests\BasicTests.cs(55,37): error CS0246: The type or namespace name 'ODataQuery<>' could not be found (are you missing a using directive or an assembly reference?)
C:\gh\azure-sdk-for-net\sdk\graphrbac\Microsoft.Azure.Graph.RBAC\tests\Tests\BasicTests.cs(56,17): error CS0103: The name 'Assert' does not exist in the current context
C:\gh\azure-sdk-for-net\sdk\graphrbac\Microsoft.Azure.Graph.RBAC\tests\Tests\BasicTests.cs(57,17): error CS0103: The name 'Assert' does not exist in the current context
C:\gh\azure-sdk-for-net\sdk\graphrbac\Microsoft.Azure.Graph.RBAC\tests\Tests\BasicTests.cs(59,57): error CS0246: The type or namespace name 'ODataQuery<>' could not be found (are you missing a using directive or an assembly reference?)
C:\gh\azure-sdk-for-net\sdk\graphrbac\Microsoft.Azure.Graph.RBAC\tests\Tests\BasicTests.cs(59,35): error CS0246: The type or namespace name 'IPage<>' could not be found (are you missing a using directive or an assembly reference?)
C:\gh\azure-sdk-for-net\sdk\graphrbac\Microsoft.Azure.Graph.RBAC\tests\Tests\BasicTests.cs(59,35): error CS0246: The type or namespace name 'ODataQuery<>' could not be found (are you missing a using directive or an assembly reference?)
C:\gh\azure-sdk-for-net\sdk\graphrbac\Microsoft.Azure.Graph.RBAC\tests\Tests\BasicTests.cs(60,17): error CS0103: The name 'Assert' does not exist in the current context
C:\gh\azure-sdk-for-net\sdk\graphrbac\Microsoft.Azure.Graph.RBAC\tests\Tests\BasicTests.cs(61,17): error CS0103: The name 'Assert' does not exist in the current context
C:\gh\azure-sdk-for-net\sdk\graphrbac\Microsoft.Azure.Graph.RBAC\tests\Tests\BasicTests.cs(62,17): error CS0103: The name 'Assert' does not exist in the current context
C:\gh\azure-sdk-for-net\sdk\graphrbac\Microsoft.Azure.Graph.RBAC\tests\Tests\BasicTests.cs(64,17): error CS0103: The name 'Assert' does not exist in the current context
C:\gh\azure-sdk-for-net\sdk\graphrbac\Microsoft.Azure.Graph.RBAC\tests\Tests\ApplicationAndServicePrincipalTests.cs(23,20): error CS0246: The type or namespace name 'MockContext' could not be found (are you missing a using directive or an assembly reference?)
C:\gh\azure-sdk-for-net\sdk\graphrbac\Microsoft.Azure.Graph.RBAC\tests\Tests\ApplicationAndServicePrincipalTests.cs(23,42): error CS0103: The name 'MockContext' does not exist in the current context
C:\gh\azure-sdk-for-net\sdk\graphrbac\Microsoft.Azure.Graph.RBAC\tests\Tests\ApplicationAndServicePrincipalTests.cs(37,76): error CS0246: The type or namespace name 'ODataQuery<>' could not be found (are you missing a using directive or an assembly reference?)
C:\gh\azure-sdk-for-net\sdk\graphrbac\Microsoft.Azure.Graph.RBAC\tests\Tests\ApplicationAndServicePrincipalTests.cs(40,82): error CS0246: The type or namespace name 'ODataQuery<>' could not be found (are you missing a using directive or an assembly reference?)
C:\gh\azure-sdk-for-net\sdk\graphrbac\Microsoft.Azure.Graph.RBAC\tests\Tests\ApplicationAndServicePrincipalTests.cs(44,84): error CS0246: The type or namespace name 'ODataQuery<>' could not be found (are you missing a using directive or an assembly reference?)
C:\gh\azure-sdk-for-net\sdk\graphrbac\Microsoft.Azure.Graph.RBAC\tests\Tests\ApplicationAndServicePrincipalTests.cs(70,17): error CS0103: The name 'Assert' does not exist in the current context
C:\gh\azure-sdk-for-net\sdk\graphrbac\Microsoft.Azure.Graph.RBAC\tests\Tests\BasicTests.cs(72,20): error CS0246: The type or namespace name 'MockContext' could not be found (are you missing a using directive or an assembly reference?)
C:\gh\azure-sdk-for-net\sdk\graphrbac\Microsoft.Azure.Graph.RBAC\tests\Tests\BasicTests.cs(72,42): error CS0103: The name 'MockContext' does not exist in the current context
C:\gh\azure-sdk-for-net\sdk\graphrbac\Microsoft.Azure.Graph.RBAC\tests\Tests\BasicTests.cs(83,59): error CS0246: The type or namespace name 'ODataQuery<>' could not be found (are you missing a using directive or an assembly reference?)
C:\gh\azure-sdk-for-net\sdk\graphrbac\Microsoft.Azure.Graph.RBAC\tests\Tests\BasicTests.cs(83,37): error CS0246: The type or namespace name 'IPage<>' could not be found (are you missing a using directive or an assembly reference?)
C:\gh\azure-sdk-for-net\sdk\graphrbac\Microsoft.Azure.Graph.RBAC\tests\Tests\BasicTests.cs(83,37): error CS0246: The type or namespace name 'ODataQuery<>' could not be found (are you missing a using directive or an assembly reference?)
C:\gh\azure-sdk-for-net\sdk\graphrbac\Microsoft.Azure.Graph.RBAC\tests\Tests\BasicTests.cs(84,17): error CS0103: The name 'Assert' does not exist in the current context
C:\gh\azure-sdk-for-net\sdk\graphrbac\Microsoft.Azure.Graph.RBAC\tests\Tests\BasicTests.cs(85,17): error CS0103: The name 'Assert' does not exist in the current context
C:\gh\azure-sdk-for-net\sdk\graphrbac\Microsoft.Azure.Graph.RBAC\tests\Tests\BasicTests.cs(88,58): error CS0246: The type or namespace name 'ODataQuery<>' could not be found (are you missing a using directive or an assembly reference?)
C:\gh\azure-sdk-for-net\sdk\graphrbac\Microsoft.Azure.Graph.RBAC\tests\Tests\BasicTests.cs(88,36): error CS0246: The type or namespace name 'IPage<>' could not be found (are you missing a using directive or an assembly reference?)
C:\gh\azure-sdk-for-net\sdk\graphrbac\Microsoft.Azure.Graph.RBAC\tests\Tests\BasicTests.cs(88,36): error CS0246: The type or namespace name 'ODataQuery<>' could not be found (are you missing a using directive or an assembly reference?)
C:\gh\azure-sdk-for-net\sdk\graphrbac\Microsoft.Azure.Graph.RBAC\tests\Tests\BasicTests.cs(89,17): error CS0103: The name 'Assert' does not exist in the current context
C:\gh\azure-sdk-for-net\sdk\graphrbac\Microsoft.Azure.Graph.RBAC\tests\Tests\BasicTests.cs(90,17): error CS0103: The name 'Assert' does not exist in the current context
C:\gh\azure-sdk-for-net\sdk\graphrbac\Microsoft.Azure.Graph.RBAC\tests\Tests\BasicTests.cs(97,20): error CS0246: The type or namespace name 'MockContext' could not be found (are you missing a using directive or an assembly reference?)
C:\gh\azure-sdk-for-net\sdk\graphrbac\Microsoft.Azure.Graph.RBAC\tests\Tests\BasicTests.cs(97,42): error CS0103: The name 'MockContext' does not exist in the current context
C:\gh\azure-sdk-for-net\sdk\graphrbac\Microsoft.Azure.Graph.RBAC\tests\Tests\BasicTests.cs(101,29): error CS0246: The type or namespace name 'IPage<>' could not be found (are you missing a using directive or an assembly reference?)
C:\gh\azure-sdk-for-net\sdk\graphrbac\Microsoft.Azure.Graph.RBAC\tests\Tests\BasicTests.cs(101,29): error CS0246: The type or namespace name 'ODataQuery<>' could not be found (are you missing a using directive or an assembly reference?)
C:\gh\azure-sdk-for-net\sdk\graphrbac\Microsoft.Azure.Graph.RBAC\tests\Tests\BasicTests.cs(102,17): error CS0103: The name 'Assert' does not exist in the current context
C:\gh\azure-sdk-for-net\sdk\graphrbac\Microsoft.Azure.Graph.RBAC\tests\Tests\BasicTests.cs(103,17): error CS0103: The name 'Assert' does not exist in the current context
C:\gh\azure-sdk-for-net\sdk\graphrbac\Microsoft.Azure.Graph.RBAC\tests\Tests\BasicTests.cs(107,21): error CS0103: The name 'Assert' does not exist in the current context
C:\gh\azure-sdk-for-net\sdk\graphrbac\Microsoft.Azure.Graph.RBAC\tests\Tests\BasicTests.cs(108,21): error CS0103: The name 'Assert' does not exist in the current context
C:\gh\azure-sdk-for-net\sdk\graphrbac\Microsoft.Azure.Graph.RBAC\tests\Tests\BasicTests.cs(116,20): error CS0246: The type or namespace name 'MockContext' could not be found (are you missing a using directive or an assembly reference?)
C:\gh\azure-sdk-for-net\sdk\graphrbac\Microsoft.Azure.Graph.RBAC\tests\Tests\BasicTests.cs(116,42): error CS0103: The name 'MockContext' does not exist in the current context
C:\gh\azure-sdk-for-net\sdk\graphrbac\Microsoft.Azure.Graph.RBAC\tests\Tests\BasicTests.cs(127,37): error CS0246: The type or namespace name 'IPage<>' could not be found (are you missing a using directive or an assembly reference?)
C:\gh\azure-sdk-for-net\sdk\graphrbac\Microsoft.Azure.Graph.RBAC\tests\Tests\BasicTests.cs(127,37): error CS0246: The type or namespace name 'ODataQuery<>' could not be found (are you missing a using directive or an assembly reference?)
C:\gh\azure-sdk-for-net\sdk\graphrbac\Microsoft.Azure.Graph.RBAC\tests\Tests\BasicTests.cs(128,21): error CS0103: The name 'Assert' does not exist in the current context
C:\gh\azure-sdk-for-net\sdk\graphrbac\Microsoft.Azure.Graph.RBAC\tests\Tests\BasicTests.cs(129,21): error CS0103: The name 'Assert' does not exist in the current context
C:\gh\azure-sdk-for-net\sdk\graphrbac\Microsoft.Azure.Graph.RBAC\tests\Tests\BasicTests.cs(130,21): error CS0103: The name 'Assert' does not exist in the current context
C:\gh\azure-sdk-for-net\sdk\graphrbac\Microsoft.Azure.Graph.RBAC\tests\Tests\BasicTests.cs(132,36): error CS0246: The type or namespace name 'IPage<>' could not be found (are you missing a using directive or an assembly reference?)
C:\gh\azure-sdk-for-net\sdk\graphrbac\Microsoft.Azure.Graph.RBAC\tests\Tests\BasicTests.cs(134,21): error CS0103: The name 'Assert' does not exist in the current context
C:\gh\azure-sdk-for-net\sdk\graphrbac\Microsoft.Azure.Graph.RBAC\tests\Tests\BasicTests.cs(135,21): error CS0103: The name 'Assert' does not exist in the current context
C:\gh\azure-sdk-for-net\sdk\graphrbac\Microsoft.Azure.Graph.RBAC\tests\Tests\BasicTests.cs(139,25): error CS0103: The name 'Assert' does not exist in the current context
C:\gh\azure-sdk-for-net\sdk\graphrbac\Microsoft.Azure.Graph.RBAC\tests\Tests\BasicTests.cs(140,25): error CS0103: The name 'Assert' does not exist in the current context
C:\gh\azure-sdk-for-net\sdk\graphrbac\Microsoft.Azure.Graph.RBAC\tests\Tests\BasicTests.cs(157,20): error CS0246: The type or namespace name 'MockContext' could not be found (are you missing a using directive or an assembly reference?)
C:\gh\azure-sdk-for-net\sdk\graphrbac\Microsoft.Azure.Graph.RBAC\tests\Tests\BasicTests.cs(157,42): error CS0103: The name 'MockContext' does not exist in the current context
C:\gh\azure-sdk-for-net\sdk\graphrbac\Microsoft.Azure.Graph.RBAC\tests\Tests\BasicTests.cs(161,30): error CS0246: The type or namespace name 'IPage<>' could not be found (are you missing a using directive or an assembly reference?)
C:\gh\azure-sdk-for-net\sdk\graphrbac\Microsoft.Azure.Graph.RBAC\tests\Tests\BasicTests.cs(161,30): error CS0246: The type or namespace name 'ODataQuery<>' could not be found (are you missing a using directive or an assembly reference?)
C:\gh\azure-sdk-for-net\sdk\graphrbac\Microsoft.Azure.Graph.RBAC\tests\Tests\BasicTests.cs(163,17): error CS0103: The name 'Assert' does not exist in the current context
C:\gh\azure-sdk-for-net\sdk\graphrbac\Microsoft.Azure.Graph.RBAC\tests\Tests\BasicTests.cs(164,17): error CS0103: The name 'Assert' does not exist in the current context
C:\gh\azure-sdk-for-net\sdk\graphrbac\Microsoft.Azure.Graph.RBAC\tests\Tests\BasicTests.cs(165,17): error CS0103: The name 'Assert' does not exist in the current context
C:\gh\azure-sdk-for-net\sdk\graphrbac\Microsoft.Azure.Graph.RBAC\tests\Tests\BasicTests.cs(172,17): error CS0103: The name 'Assert' does not exist in the current context
C:\gh\azure-sdk-for-net\sdk\graphrbac\Microsoft.Azure.Graph.RBAC\tests\Tests\GraphTestBase.cs(170,27): error CS0103: The name 'TestUtilities' does not exist in the current context
C:\gh\azure-sdk-for-net\sdk\graphrbac\Microsoft.Azure.Graph.RBAC\tests\Tests\BasicTests.cs(179,20): error CS0246: The type or namespace name 'MockContext' could not be found (are you missing a using directive or an assembly reference?)
C:\gh\azure-sdk-for-net\sdk\graphrbac\Microsoft.Azure.Graph.RBAC\tests\Tests\BasicTests.cs(179,42): error CS0103: The name 'MockContext' does not exist in the current context
C:\gh\azure-sdk-for-net\sdk\graphrbac\Microsoft.Azure.Graph.RBAC\tests\Tests\BasicTests.cs(183,38): error CS0246: The type or namespace name 'IPage<>' could not be found (are you missing a using directive or an assembly reference?)
C:\gh\azure-sdk-for-net\sdk\graphrbac\Microsoft.Azure.Graph.RBAC\tests\Tests\BasicTests.cs(183,38): error CS0246: The type or namespace name 'ODataQuery<>' could not be found (are you missing a using directive or an assembly reference?)
C:\gh\azure-sdk-for-net\sdk\graphrbac\Microsoft.Azure.Graph.RBAC\tests\Tests\BasicTests.cs(184,17): error CS0103: The name 'Assert' does not exist in the current context
C:\gh\azure-sdk-for-net\sdk\graphrbac\Microsoft.Azure.Graph.RBAC\tests\Tests\BasicTests.cs(185,17): error CS0103: The name 'Assert' does not exist in the current context
C:\gh\azure-sdk-for-net\sdk\graphrbac\Microsoft.Azure.Graph.RBAC\tests\Tests\BasicTests.cs(187,59): error CS0246: The type or namespace name 'ODataQuery<>' could not be found (are you missing a using directive or an assembly reference?)
C:\gh\azure-sdk-for-net\sdk\graphrbac\Microsoft.Azure.Graph.RBAC\tests\Tests\BasicTests.cs(187,36): error CS0246: The type or namespace name 'IPage<>' could not be found (are you missing a using directive or an assembly reference?)
C:\gh\azure-sdk-for-net\sdk\graphrbac\Microsoft.Azure.Graph.RBAC\tests\Tests\BasicTests.cs(187,36): error CS0246: The type or namespace name 'ODataQuery<>' could not be found (are you missing a using directive or an assembly reference?)
C:\gh\azure-sdk-for-net\sdk\graphrbac\Microsoft.Azure.Graph.RBAC\tests\Tests\BasicTests.cs(188,17): error CS0103: The name 'Assert' does not exist in the current context
C:\gh\azure-sdk-for-net\sdk\graphrbac\Microsoft.Azure.Graph.RBAC\tests\Tests\BasicTests.cs(189,17): error CS0103: The name 'Assert' does not exist in the current context
C:\gh\azure-sdk-for-net\sdk\graphrbac\Microsoft.Azure.Graph.RBAC\tests\Tests\BasicTests.cs(191,17): error CS0103: The name 'Assert' does not exist in the current context
C:\gh\azure-sdk-for-net\sdk\graphrbac\Microsoft.Azure.Graph.RBAC\tests\Tests\BasicTests.cs(200,20): error CS0246: The type or namespace name 'MockContext' could not be found (are you missing a using directive or an assembly reference?)
C:\gh\azure-sdk-for-net\sdk\graphrbac\Microsoft.Azure.Graph.RBAC\tests\Tests\BasicTests.cs(200,42): error CS0103: The name 'MockContext' does not exist in the current context
C:\gh\azure-sdk-for-net\sdk\graphrbac\Microsoft.Azure.Graph.RBAC\tests\Tests\BasicTests.cs(204,30): error CS0246: The type or namespace name 'IPage<>' could not be found (are you missing a using directive or an assembly reference?)
C:\gh\azure-sdk-for-net\sdk\graphrbac\Microsoft.Azure.Graph.RBAC\tests\Tests\BasicTests.cs(204,30): error CS0246: The type or namespace name 'ODataQuery<>' could not be found (are you missing a using directive or an assembly reference?)
C:\gh\azure-sdk-for-net\sdk\graphrbac\Microsoft.Azure.Graph.RBAC\tests\Tests\BasicTests.cs(205,17): error CS0103: The name 'Assert' does not exist in the current context
C:\gh\azure-sdk-for-net\sdk\graphrbac\Microsoft.Azure.Graph.RBAC\tests\Tests\BasicTests.cs(206,17): error CS0103: The name 'Assert' does not exist in the current context
C:\gh\azure-sdk-for-net\sdk\graphrbac\Microsoft.Azure.Graph.RBAC\tests\Tests\BasicTests.cs(210,21): error CS0103: The name 'Assert' does not exist in the current context
C:\gh\azure-sdk-for-net\sdk\graphrbac\Microsoft.Azure.Graph.RBAC\tests\Tests\BasicTests.cs(211,21): error CS0103: The name 'Assert' does not exist in the current context
C:\gh\azure-sdk-for-net\sdk\graphrbac\Microsoft.Azure.Graph.RBAC\tests\Tests\GraphTestBase.cs(234,20): error CS0246: The type or namespace name 'IPage<>' could not be found (are you missing a using directive or an assembly reference?)
C:\gh\azure-sdk-for-net\sdk\graphrbac\Microsoft.Azure.Graph.RBAC\tests\Tests\GraphTestBase.cs(234,20): error CS0246: The type or namespace name 'ODataQuery<>' could not be found (are you missing a using directive or an assembly reference?)
C:\gh\azure-sdk-for-net\sdk\graphrbac\Microsoft.Azure.Graph.RBAC\tests\Tests\BasicTests.cs(219,20): error CS0246: The type or namespace name 'MockContext' could not be found (are you missing a using directive or an assembly reference?)
C:\gh\azure-sdk-for-net\sdk\graphrbac\Microsoft.Azure.Graph.RBAC\tests\Tests\BasicTests.cs(219,42): error CS0103: The name 'MockContext' does not exist in the current context
C:\gh\azure-sdk-for-net\sdk\graphrbac\Microsoft.Azure.Graph.RBAC\tests\Tests\BasicTests.cs(232,37): error CS0246: The type or namespace name 'IPage<>' could not be found (are you missing a using directive or an assembly reference?)
C:\gh\azure-sdk-for-net\sdk\graphrbac\Microsoft.Azure.Graph.RBAC\tests\Tests\BasicTests.cs(232,37): error CS0246: The type or namespace name 'ODataQuery<>' could not be found (are you missing a using directive or an assembly reference?)
C:\gh\azure-sdk-for-net\sdk\graphrbac\Microsoft.Azure.Graph.RBAC\tests\Tests\BasicTests.cs(233,21): error CS0103: The name 'Assert' does not exist in the current context
C:\gh\azure-sdk-for-net\sdk\graphrbac\Microsoft.Azure.Graph.RBAC\tests\Tests\BasicTests.cs(234,21): error CS0103: The name 'Assert' does not exist in the current context
C:\gh\azure-sdk-for-net\sdk\graphrbac\Microsoft.Azure.Graph.RBAC\tests\Tests\BasicTests.cs(236,36): error CS0246: The type or namespace name 'IPage<>' could not be found (are you missing a using directive or an assembly reference?)
C:\gh\azure-sdk-for-net\sdk\graphrbac\Microsoft.Azure.Graph.RBAC\tests\Tests\BasicTests.cs(238,21): error CS0103: The name 'Assert' does not exist in the current context
C:\gh\azure-sdk-for-net\sdk\graphrbac\Microsoft.Azure.Graph.RBAC\tests\Tests\BasicTests.cs(239,21): error CS0103: The name 'Assert' does not exist in the current context
C:\gh\azure-sdk-for-net\sdk\graphrbac\Microsoft.Azure.Graph.RBAC\tests\Tests\BasicTests.cs(243,25): error CS0103: The name 'Assert' does not exist in the current context
C:\gh\azure-sdk-for-net\sdk\graphrbac\Microsoft.Azure.Graph.RBAC\tests\Tests\BasicTests.cs(259,20): error CS0246: The type or namespace name 'MockContext' could not be found (are you missing a using directive or an assembly reference?)
C:\gh\azure-sdk-for-net\sdk\graphrbac\Microsoft.Azure.Graph.RBAC\tests\Tests\BasicTests.cs(259,42): error CS0103: The name 'MockContext' does not exist in the current context
C:\gh\azure-sdk-for-net\sdk\graphrbac\Microsoft.Azure.Graph.RBAC\tests\Tests\BasicTests.cs(263,30): error CS0246: The type or namespace name 'IPage<>' could not be found (are you missing a using directive or an assembly reference?)
C:\gh\azure-sdk-for-net\sdk\graphrbac\Microsoft.Azure.Graph.RBAC\tests\Tests\BasicTests.cs(263,30): error CS0246: The type or namespace name 'ODataQuery<>' could not be found (are you missing a using directive or an assembly reference?)
C:\gh\azure-sdk-for-net\sdk\graphrbac\Microsoft.Azure.Graph.RBAC\tests\Tests\BasicTests.cs(264,17): error CS0103: The name 'Assert' does not exist in the current context
C:\gh\azure-sdk-for-net\sdk\graphrbac\Microsoft.Azure.Graph.RBAC\tests\Tests\BasicTests.cs(267,33): error CS0246: The type or namespace name 'IPage<>' could not be found (are you missing a using directive or an assembly reference?)
C:\gh\azure-sdk-for-net\sdk\graphrbac\Microsoft.Azure.Graph.RBAC\tests\Tests\BasicTests.cs(269,17): error CS0103: The name 'Assert' does not exist in the current context
C:\gh\azure-sdk-for-net\sdk\graphrbac\Microsoft.Azure.Graph.RBAC\tests\Tests\BasicTests.cs(273,21): error CS0103: The name 'Assert' does not exist in the current context
C:\gh\azure-sdk-for-net\sdk\graphrbac\Microsoft.Azure.Graph.RBAC\tests\Tests\BasicTests.cs(279,36): error CS0246: The type or namespace name 'IPage<>' could not be found (are you missing a using directive or an assembly reference?)
C:\gh\azure-sdk-for-net\sdk\graphrbac\Microsoft.Azure.Graph.RBAC\tests\Tests\BasicTests.cs(281,21): error CS0103: The name 'Assert' does not exist in the current context
C:\gh\azure-sdk-for-net\sdk\graphrbac\Microsoft.Azure.Graph.RBAC\tests\Tests\BasicTests.cs(282,21): error CS0103: The name 'Assert' does not exist in the current context
C:\gh\azure-sdk-for-net\sdk\graphrbac\Microsoft.Azure.Graph.RBAC\tests\Tests\BasicTests.cs(286,25): error CS0103: The name 'Assert' does not exist in the current context
C:\gh\azure-sdk-for-net\sdk\graphrbac\Microsoft.Azure.Graph.RBAC\tests\Tests\GraphTestBase.cs(261,31): error CS0103: The name 'TestUtilities' does not exist in the current context
C:\gh\azure-sdk-for-net\sdk\graphrbac\Microsoft.Azure.Graph.RBAC\tests\Tests\ApplicationAndServicePrincipalTests.cs(78,20): error CS0246: The type or namespace name 'MockContext' could not be found (are you missing a using directive or an assembly reference?)
C:\gh\azure-sdk-for-net\sdk\graphrbac\Microsoft.Azure.Graph.RBAC\tests\Tests\ApplicationAndServicePrincipalTests.cs(78,42): error CS0103: The name 'MockContext' does not exist in the current context
C:\gh\azure-sdk-for-net\sdk\graphrbac\Microsoft.Azure.Graph.RBAC\tests\Tests\ApplicationAndServicePrincipalTests.cs(89,21): error CS0103: The name 'Assert' does not exist in the current context
C:\gh\azure-sdk-for-net\sdk\graphrbac\Microsoft.Azure.Graph.RBAC\tests\Tests\ApplicationAndServicePrincipalTests.cs(92,21): error CS0103: The name 'Assert' does not exist in the current context
C:\gh\azure-sdk-for-net\sdk\graphrbac\Microsoft.Azure.Graph.RBAC\tests\Tests\ApplicationAndServicePrincipalTests.cs(106,21): error CS0103: The name 'Assert' does not exist in the current context
C:\gh\azure-sdk-for-net\sdk\graphrbac\Microsoft.Azure.Graph.RBAC\tests\Tests\ApplicationAndServicePrincipalTests.cs(107,21): error CS0103: The name 'Assert' does not exist in the current context
C:\gh\azure-sdk-for-net\sdk\graphrbac\Microsoft.Azure.Graph.RBAC\tests\Tests\ApplicationAndServicePrincipalTests.cs(110,21): error CS0103: The name 'Assert' does not exist in the current context
C:\gh\azure-sdk-for-net\sdk\graphrbac\Microsoft.Azure.Graph.RBAC\tests\Tests\ApplicationAndServicePrincipalTests.cs(111,21): error CS0103: The name 'Assert' does not exist in the current context
C:\gh\azure-sdk-for-net\sdk\graphrbac\Microsoft.Azure.Graph.RBAC\tests\Tests\ApplicationAndServicePrincipalTests.cs(121,21): error CS0103: The name 'Assert' does not exist in the current context
C:\gh\azure-sdk-for-net\sdk\graphrbac\Microsoft.Azure.Graph.RBAC\tests\Tests\ApplicationAndServicePrincipalTests.cs(122,21): error CS0103: The name 'Assert' does not exist in the current context
C:\gh\azure-sdk-for-net\sdk\graphrbac\Microsoft.Azure.Graph.RBAC\tests\Tests\ApplicationAndServicePrincipalTests.cs(123,21): error CS0103: The name 'Assert' does not exist in the current context
C:\gh\azure-sdk-for-net\sdk\graphrbac\Microsoft.Azure.Graph.RBAC\tests\Tests\ApplicationAndServicePrincipalTests.cs(133,21): error CS0103: The name 'Assert' does not exist in the current context
C:\gh\azure-sdk-for-net\sdk\graphrbac\Microsoft.Azure.Graph.RBAC\tests\Tests\ApplicationAndServicePrincipalTests.cs(134,21): error CS0103: The name 'Assert' does not exist in the current context
C:\gh\azure-sdk-for-net\sdk\graphrbac\Microsoft.Azure.Graph.RBAC\tests\Tests\ApplicationAndServicePrincipalTests.cs(135,21): error CS0103: The name 'Assert' does not exist in the current context
C:\gh\azure-sdk-for-net\sdk\graphrbac\Microsoft.Azure.Graph.RBAC\tests\Tests\ApplicationAndServicePrincipalTests.cs(146,21): error CS0103: The name 'Assert' does not exist in the current context
C:\gh\azure-sdk-for-net\sdk\graphrbac\Microsoft.Azure.Graph.RBAC\tests\Tests\ApplicationAndServicePrincipalTests.cs(147,21): error CS0103: The name 'Assert' does not exist in the current context
C:\gh\azure-sdk-for-net\sdk\graphrbac\Microsoft.Azure.Graph.RBAC\tests\Tests\ApplicationAndServicePrincipalTests.cs(148,21): error CS0103: The name 'Assert' does not exist in the current context
C:\gh\azure-sdk-for-net\sdk\graphrbac\Microsoft.Azure.Graph.RBAC\tests\Tests\ApplicationAndServicePrincipalTests.cs(155,21): error CS0103: The name 'Assert' does not exist in the current context
C:\gh\azure-sdk-for-net\sdk\graphrbac\Microsoft.Azure.Graph.RBAC\tests\Tests\ApplicationAndServicePrincipalTests.cs(162,21): error CS0103: The name 'Assert' does not exist in the current context
C:\gh\azure-sdk-for-net\sdk\graphrbac\Microsoft.Azure.Graph.RBAC\tests\Tests\GraphTestBase.cs(288,32): error CS0103: The name 'TestUtilities' does not exist in the current context
C:\gh\azure-sdk-for-net\sdk\graphrbac\Microsoft.Azure.Graph.RBAC\tests\Tests\ApplicationAndServicePrincipalTests.cs(179,20): error CS0246: The type or namespace name 'MockContext' could not be found (are you missing a using directive or an assembly reference?)
C:\gh\azure-sdk-for-net\sdk\graphrbac\Microsoft.Azure.Graph.RBAC\tests\Tests\ApplicationAndServicePrincipalTests.cs(179,42): error CS0103: The name 'MockContext' does not exist in the current context
C:\gh\azure-sdk-for-net\sdk\graphrbac\Microsoft.Azure.Graph.RBAC\tests\Tests\ApplicationAndServicePrincipalTests.cs(190,21): error CS0103: The name 'Assert' does not exist in the current context
C:\gh\azure-sdk-for-net\sdk\graphrbac\Microsoft.Azure.Graph.RBAC\tests\Tests\BasicTests.cs(295,20): error CS0246: The type or namespace name 'MockContext' could not be found (are you missing a using directive or an assembly reference?)
C:\gh\azure-sdk-for-net\sdk\graphrbac\Microsoft.Azure.Graph.RBAC\tests\Tests\BasicTests.cs(295,42): error CS0103: The name 'MockContext' does not exist in the current context
C:\gh\azure-sdk-for-net\sdk\graphrbac\Microsoft.Azure.Graph.RBAC\tests\Tests\BasicTests.cs(300,41): error CS0246: The type or namespace name 'IPage<>' could not be found (are you missing a using directive or an assembly reference?)
C:\gh\azure-sdk-for-net\sdk\graphrbac\Microsoft.Azure.Graph.RBAC\tests\Tests\BasicTests.cs(300,41): error CS0246: The type or namespace name 'ODataQuery<>' could not be found (are you missing a using directive or an assembly reference?)
C:\gh\azure-sdk-for-net\sdk\graphrbac\Microsoft.Azure.Graph.RBAC\tests\Tests\BasicTests.cs(301,17): error CS0103: The name 'Assert' does not exist in the current context
C:\gh\azure-sdk-for-net\sdk\graphrbac\Microsoft.Azure.Graph.RBAC\tests\Tests\BasicTests.cs(308,68): error CS0246: The type or namespace name 'ODataQuery<>' could not be found (are you missing a using directive or an assembly reference?)
C:\gh\azure-sdk-for-net\sdk\graphrbac\Microsoft.Azure.Graph.RBAC\tests\Tests\BasicTests.cs(308,34): error CS0246: The type or namespace name 'IPage<>' could not be found (are you missing a using directive or an assembly reference?)
C:\gh\azure-sdk-for-net\sdk\graphrbac\Microsoft.Azure.Graph.RBAC\tests\Tests\BasicTests.cs(308,34): error CS0246: The type or namespace name 'ODataQuery<>' could not be found (are you missing a using directive or an assembly reference?)
C:\gh\azure-sdk-for-net\sdk\graphrbac\Microsoft.Azure.Graph.RBAC\tests\Tests\BasicTests.cs(311,17): error CS0103: The name 'Assert' does not exist in the current context
C:\gh\azure-sdk-for-net\sdk\graphrbac\Microsoft.Azure.Graph.RBAC\tests\Tests\BasicTests.cs(312,17): error CS0103: The name 'Assert' does not exist in the current context
C:\gh\azure-sdk-for-net\sdk\graphrbac\Microsoft.Azure.Graph.RBAC\tests\Tests\BasicTests.cs(313,17): error CS0103: The name 'Assert' does not exist in the current context
C:\gh\azure-sdk-for-net\sdk\graphrbac\Microsoft.Azure.Graph.RBAC\tests\Tests\BasicTests.cs(314,17): error CS0103: The name 'Assert' does not exist in the current context
C:\gh\azure-sdk-for-net\sdk\graphrbac\Microsoft.Azure.Graph.RBAC\tests\Tests\BasicTests.cs(315,17): error CS0103: The name 'Assert' does not exist in the current context
C:\gh\azure-sdk-for-net\sdk\graphrbac\Microsoft.Azure.Graph.RBAC\tests\Tests\BasicTests.cs(321,17): error CS0103: The name 'Assert' does not exist in the current context
C:\gh\azure-sdk-for-net\sdk\graphrbac\Microsoft.Azure.Graph.RBAC\tests\Tests\BasicTests.cs(322,17): error CS0103: The name 'Assert' does not exist in the current context
C:\gh\azure-sdk-for-net\sdk\graphrbac\Microsoft.Azure.Graph.RBAC\tests\Tests\BasicTests.cs(323,17): error CS0103: The name 'Assert' does not exist in the current context
C:\gh\azure-sdk-for-net\sdk\graphrbac\Microsoft.Azure.Graph.RBAC\tests\Tests\BasicTests.cs(324,17): error CS0103: The name 'Assert' does not exist in the current context
C:\gh\azure-sdk-for-net\sdk\graphrbac\Microsoft.Azure.Graph.RBAC\tests\Tests\BasicTests.cs(325,17): error CS0103: The name 'Assert' does not exist in the current context
C:\gh\azure-sdk-for-net\sdk\graphrbac\Microsoft.Azure.Graph.RBAC\tests\Tests\BasicTests.cs(328,64): error CS0246: The type or namespace name 'ODataQuery<>' could not be found (are you missing a using directive or an assembly reference?)
C:\gh\azure-sdk-for-net\sdk\graphrbac\Microsoft.Azure.Graph.RBAC\tests\Tests\BasicTests.cs(328,30): error CS0246: The type or namespace name 'IPage<>' could not be found (are you missing a using directive or an assembly reference?)
C:\gh\azure-sdk-for-net\sdk\graphrbac\Microsoft.Azure.Graph.RBAC\tests\Tests\BasicTests.cs(328,30): error CS0246: The type or namespace name 'ODataQuery<>' could not be found (are you missing a using directive or an assembly reference?)
C:\gh\azure-sdk-for-net\sdk\graphrbac\Microsoft.Azure.Graph.RBAC\tests\Tests\BasicTests.cs(331,17): error CS0103: The name 'Assert' does not exist in the current context
C:\gh\azure-sdk-for-net\sdk\graphrbac\Microsoft.Azure.Graph.RBAC\tests\Tests\BasicTests.cs(332,17): error CS0103: The name 'Assert' does not exist in the current context
C:\gh\azure-sdk-for-net\sdk\graphrbac\Microsoft.Azure.Graph.RBAC\tests\Tests\BasicTests.cs(333,17): error CS0103: The name 'Assert' does not exist in the current context
C:\gh\azure-sdk-for-net\sdk\graphrbac\Microsoft.Azure.Graph.RBAC\tests\Tests\BasicTests.cs(334,17): error CS0103: The name 'Assert' does not exist in the current context
C:\gh\azure-sdk-for-net\sdk\graphrbac\Microsoft.Azure.Graph.RBAC\tests\Tests\BasicTests.cs(341,20): error CS0246: The type or namespace name 'MockContext' could not be found (are you missing a using directive or an assembly reference?)
C:\gh\azure-sdk-for-net\sdk\graphrbac\Microsoft.Azure.Graph.RBAC\tests\Tests\BasicTests.cs(341,42): error CS0103: The name 'MockContext' does not exist in the current context
C:\gh\azure-sdk-for-net\sdk\graphrbac\Microsoft.Azure.Graph.RBAC\tests\Tests\BasicTests.cs(345,30): error CS0246: The type or namespace name 'IPage<>' could not be found (are you missing a using directive or an assembly reference?)
C:\gh\azure-sdk-for-net\sdk\graphrbac\Microsoft.Azure.Graph.RBAC\tests\Tests\BasicTests.cs(345,30): error CS0246: The type or namespace name 'ODataQuery<>' could not be found (are you missing a using directive or an assembly reference?)
C:\gh\azure-sdk-for-net\sdk\graphrbac\Microsoft.Azure.Graph.RBAC\tests\Tests\BasicTests.cs(346,17): error CS0103: The name 'Assert' does not exist in the current context
C:\gh\azure-sdk-for-net\sdk\graphrbac\Microsoft.Azure.Graph.RBAC\tests\Tests\BasicTests.cs(348,29): error CS0246: The type or namespace name 'IPage<>' could not be found (are you missing a using directive or an assembly reference?)
C:\gh\azure-sdk-for-net\sdk\graphrbac\Microsoft.Azure.Graph.RBAC\tests\Tests\BasicTests.cs(348,29): error CS0246: The type or namespace name 'ODataQuery<>' could not be found (are you missing a using directive or an assembly reference?)
C:\gh\azure-sdk-for-net\sdk\graphrbac\Microsoft.Azure.Graph.RBAC\tests\Tests\BasicTests.cs(349,17): error CS0103: The name 'Assert' does not exist in the current context
C:\gh\azure-sdk-for-net\sdk\graphrbac\Microsoft.Azure.Graph.RBAC\tests\Tests\BasicTests.cs(351,41): error CS0246: The type or namespace name 'IPage<>' could not be found (are you missing a using directive or an assembly reference?)
C:\gh\azure-sdk-for-net\sdk\graphrbac\Microsoft.Azure.Graph.RBAC\tests\Tests\BasicTests.cs(351,41): error CS0246: The type or namespace name 'ODataQuery<>' could not be found (are you missing a using directive or an assembly reference?)
C:\gh\azure-sdk-for-net\sdk\graphrbac\Microsoft.Azure.Graph.RBAC\tests\Tests\BasicTests.cs(352,17): error CS0103: The name 'Assert' does not exist in the current context
C:\gh\azure-sdk-for-net\sdk\graphrbac\Microsoft.Azure.Graph.RBAC\tests\Tests\BasicTests.cs(354,38): error CS0246: The type or namespace name 'IPage<>' could not be found (are you missing a using directive or an assembly reference?)
C:\gh\azure-sdk-for-net\sdk\graphrbac\Microsoft.Azure.Graph.RBAC\tests\Tests\BasicTests.cs(368,17): error CS0103: The name 'Assert' does not exist in the current context
C:\gh\azure-sdk-for-net\sdk\graphrbac\Microsoft.Azure.Graph.RBAC\tests\Tests\BasicTests.cs(369,17): error CS0103: The name 'Assert' does not exist in the current context
C:\gh\azure-sdk-for-net\sdk\graphrbac\Microsoft.Azure.Graph.RBAC\tests\Tests\BasicTests.cs(371,34): error CS0246: The type or namespace name 'IPage<>' could not be found (are you missing a using directive or an assembly reference?)
C:\gh\azure-sdk-for-net\sdk\graphrbac\Microsoft.Azure.Graph.RBAC\tests\Tests\BasicTests.cs(385,17): error CS0103: The name 'Assert' does not exist in the current context
C:\gh\azure-sdk-for-net\sdk\graphrbac\Microsoft.Azure.Graph.RBAC\tests\Tests\BasicTests.cs(386,17): error CS0103: The name 'Assert' does not exist in the current context
C:\gh\azure-sdk-for-net\sdk\graphrbac\Microsoft.Azure.Graph.RBAC\tests\Tests\BasicTests.cs(388,34): error CS0246: The type or namespace name 'IPage<>' could not be found (are you missing a using directive or an assembly reference?)
C:\gh\azure-sdk-for-net\sdk\graphrbac\Microsoft.Azure.Graph.RBAC\tests\Tests\BasicTests.cs(401,17): error CS0103: The name 'Assert' does not exist in the current context
C:\gh\azure-sdk-for-net\sdk\graphrbac\Microsoft.Azure.Graph.RBAC\tests\Tests\BasicTests.cs(402,17): error CS0103: The name 'Assert' does not exist in the current context
C:\gh\azure-sdk-for-net\sdk\graphrbac\Microsoft.Azure.Graph.RBAC\tests\Tests\ApplicationAndServicePrincipalTests.cs(212,20): error CS0246: The type or namespace name 'MockContext' could not be found (are you missing a using directive or an assembly reference?)
C:\gh\azure-sdk-for-net\sdk\graphrbac\Microsoft.Azure.Graph.RBAC\tests\Tests\ApplicationAndServicePrincipalTests.cs(212,42): error CS0103: The name 'MockContext' does not exist in the current context
C:\gh\azure-sdk-for-net\sdk\graphrbac\Microsoft.Azure.Graph.RBAC\tests\Tests\ApplicationAndServicePrincipalTests.cs(225,21): error CS0103: The name 'Assert' does not exist in the current context
C:\gh\azure-sdk-for-net\sdk\graphrbac\Microsoft.Azure.Graph.RBAC\tests\Tests\ApplicationAndServicePrincipalTests.cs(228,21): error CS0103: The name 'Assert' does not exist in the current context
C:\gh\azure-sdk-for-net\sdk\graphrbac\Microsoft.Azure.Graph.RBAC\tests\Tests\ApplicationAndServicePrincipalTests.cs(242,21): error CS0103: The name 'Assert' does not exist in the current context
C:\gh\azure-sdk-for-net\sdk\graphrbac\Microsoft.Azure.Graph.RBAC\tests\Tests\ApplicationAndServicePrincipalTests.cs(243,21): error CS0103: The name 'Assert' does not exist in the current context
C:\gh\azure-sdk-for-net\sdk\graphrbac\Microsoft.Azure.Graph.RBAC\tests\Tests\ApplicationAndServicePrincipalTests.cs(246,21): error CS0103: The name 'Assert' does not exist in the current context
C:\gh\azure-sdk-for-net\sdk\graphrbac\Microsoft.Azure.Graph.RBAC\tests\Tests\ApplicationAndServicePrincipalTests.cs(247,21): error CS0103: The name 'Assert' does not exist in the current context
C:\gh\azure-sdk-for-net\sdk\graphrbac\Microsoft.Azure.Graph.RBAC\tests\Tests\ApplicationAndServicePrincipalTests.cs(257,21): error CS0103: The name 'Assert' does not exist in the current context
C:\gh\azure-sdk-for-net\sdk\graphrbac\Microsoft.Azure.Graph.RBAC\tests\Tests\ApplicationAndServicePrincipalTests.cs(258,21): error CS0103: The name 'Assert' does not exist in the current context
C:\gh\azure-sdk-for-net\sdk\graphrbac\Microsoft.Azure.Graph.RBAC\tests\Tests\ApplicationAndServicePrincipalTests.cs(259,21): error CS0103: The name 'Assert' does not exist in the current context
C:\gh\azure-sdk-for-net\sdk\graphrbac\Microsoft.Azure.Graph.RBAC\tests\Tests\ApplicationAndServicePrincipalTests.cs(270,21): error CS0103: The name 'Assert' does not exist in the current context
C:\gh\azure-sdk-for-net\sdk\graphrbac\Microsoft.Azure.Graph.RBAC\tests\Tests\ApplicationAndServicePrincipalTests.cs(271,21): error CS0103: The name 'Assert' does not exist in the current context
C:\gh\azure-sdk-for-net\sdk\graphrbac\Microsoft.Azure.Graph.RBAC\tests\Tests\ApplicationAndServicePrincipalTests.cs(272,21): error CS0103: The name 'Assert' does not exist in the current context
C:\gh\azure-sdk-for-net\sdk\graphrbac\Microsoft.Azure.Graph.RBAC\tests\Tests\ApplicationAndServicePrincipalTests.cs(279,21): error CS0103: The name 'Assert' does not exist in the current context
C:\gh\azure-sdk-for-net\sdk\graphrbac\Microsoft.Azure.Graph.RBAC\tests\Tests\ApplicationAndServicePrincipalTests.cs(286,21): error CS0103: The name 'Assert' does not exist in the current context
C:\gh\azure-sdk-for-net\sdk\graphrbac\Microsoft.Azure.Graph.RBAC\tests\Tests\ApplicationAndServicePrincipalTests.cs(309,20): error CS0246: The type or namespace name 'MockContext' could not be found (are you missing a using directive or an assembly reference?)
C:\gh\azure-sdk-for-net\sdk\graphrbac\Microsoft.Azure.Graph.RBAC\tests\Tests\ApplicationAndServicePrincipalTests.cs(309,42): error CS0103: The name 'MockContext' does not exist in the current context
C:\gh\azure-sdk-for-net\sdk\graphrbac\Microsoft.Azure.Graph.RBAC\tests\Tests\ApplicationAndServicePrincipalTests.cs(317,17): error CS0103: The name 'Assert' does not exist in the current context
C:\gh\azure-sdk-for-net\sdk\graphrbac\Microsoft.Azure.Graph.RBAC\tests\Tests\ApplicationAndServicePrincipalTests.cs(318,17): error CS0103: The name 'Assert' does not exist in the current context
C:\gh\azure-sdk-for-net\sdk\graphrbac\Microsoft.Azure.Graph.RBAC\tests\Tests\ApplicationAndServicePrincipalTests.cs(321,17): error CS0103: The name 'Assert' does not exist in the current context
C:\gh\azure-sdk-for-net\sdk\graphrbac\Microsoft.Azure.Graph.RBAC\tests\Tests\ApplicationAndServicePrincipalTests.cs(322,17): error CS0103: The name 'Assert' does not exist in the current context
C:\gh\azure-sdk-for-net\sdk\graphrbac\Microsoft.Azure.Graph.RBAC\tests\Tests\ApplicationAndServicePrincipalTests.cs(325,17): error CS0103: The name 'Assert' does not exist in the current context
C:\gh\azure-sdk-for-net\sdk\graphrbac\Microsoft.Azure.Graph.RBAC\tests\Tests\ApplicationAndServicePrincipalTests.cs(326,17): error CS0103: The name 'Assert' does not exist in the current context
C:\gh\azure-sdk-for-net\sdk\graphrbac\Microsoft.Azure.Graph.RBAC\tests\Tests\ApplicationAndServicePrincipalTests.cs(329,17): error CS0103: The name 'Assert' does not exist in the current context
C:\gh\azure-sdk-for-net\sdk\graphrbac\Microsoft.Azure.Graph.RBAC\tests\Tests\ApplicationAndServicePrincipalTests.cs(330,17): error CS0103: The name 'Assert' does not exist in the current context
C:\gh\azure-sdk-for-net\sdk\graphrbac\Microsoft.Azure.Graph.RBAC\tests\Tests\ApplicationAndServicePrincipalTests.cs(337,20): error CS0246: The type or namespace name 'MockContext' could not be found (are you missing a using directive or an assembly reference?)
C:\gh\azure-sdk-for-net\sdk\graphrbac\Microsoft.Azure.Graph.RBAC\tests\Tests\ApplicationAndServicePrincipalTests.cs(337,42): error CS0103: The name 'MockContext' does not exist in the current context
C:\gh\azure-sdk-for-net\sdk\graphrbac\Microsoft.Azure.Graph.RBAC\tests\Tests\ApplicationAndServicePrincipalTests.cs(355,17): error CS0103: The name 'Assert' does not exist in the current context
C:\gh\azure-sdk-for-net\sdk\graphrbac\Microsoft.Azure.Graph.RBAC\tests\Tests\ApplicationAndServicePrincipalTests.cs(366,13): error CS0103: The name 'Assert' does not exist in the current context
C:\gh\azure-sdk-for-net\sdk\graphrbac\Microsoft.Azure.Graph.RBAC\tests\Tests\ApplicationAndServicePrincipalTests.cs(367,13): error CS0103: The name 'Assert' does not exist in the current context
C:\gh\azure-sdk-for-net\sdk\graphrbac\Microsoft.Azure.Graph.RBAC\tests\Tests\ApplicationAndServicePrincipalTests.cs(368,13): error CS0103: The name 'Assert' does not exist in the current context
C:\gh\azure-sdk-for-net\sdk\graphrbac\Microsoft.Azure.Graph.RBAC\tests\Tests\ApplicationAndServicePrincipalTests.cs(369,13): error CS0103: The name 'Assert' does not exist in the current context
C:\gh\azure-sdk-for-net\sdk\graphrbac\Microsoft.Azure.Graph.RBAC\tests\Tests\ApplicationAndServicePrincipalTests.cs(370,13): error CS0103: The name 'Assert' does not exist in the current context
C:\gh\azure-sdk-for-net\sdk\graphrbac\Microsoft.Azure.Graph.RBAC\tests\Tests\ApplicationAndServicePrincipalTests.cs(371,13): error CS0103: The name 'Assert' does not exist in the current context
C:\gh\azure-sdk-for-net\sdk\graphrbac\Microsoft.Azure.Graph.RBAC\tests\Tests\ApplicationAndServicePrincipalTests.cs(372,13): error CS0103: The name 'Assert' does not exist in the current context
C:\gh\azure-sdk-for-net\sdk\graphrbac\Microsoft.Azure.Graph.RBAC\tests\Tests\ApplicationAndServicePrincipalTests.cs(373,13): error CS0103: The name 'Assert' does not exist in the current context
C:\gh\azure-sdk-for-net\sdk\graphrbac\Microsoft.Azure.Graph.RBAC\tests\Tests\ApplicationAndServicePrincipalTests.cs(374,13): error CS0103: The name 'Assert' does not exist in the current context
C:\gh\azure-sdk-for-net\sdk\graphrbac\Microsoft.Azure.Graph.RBAC\tests\Tests\BasicTests.cs(10,1): hidden CS8019: Unnecessary using directive.
C:\gh\azure-sdk-for-net\sdk\graphrbac\Microsoft.Azure.Graph.RBAC\tests\Tests\GraphTestBase.cs(14,1): hidden CS8019: Unnecessary using directive.
C:\gh\azure-sdk-for-net\sdk\graphrbac\Microsoft.Azure.Graph.RBAC\tests\Tests\GroupTests.cs(9,1): hidden CS8019: Unnecessary using directive.
C:\gh\azure-sdk-for-net\artifacts\obj\Microsoft.Azure.Graph.RBAC.Tests\Debug\net461\Microsoft.Azure.Graph.RBAC.Tests.AssemblyInfo.cs(12,1): hidden CS8019: Unnecessary using directive.
C:\gh\azure-sdk-for-net\sdk\graphrbac\Microsoft.Azure.Graph.RBAC\tests\Tests\UserTests.cs(6,1): hidden CS8019: Unnecessary using directive.
C:\gh\azure-sdk-for-net\sdk\graphrbac\Microsoft.Azure.Graph.RBAC\tests\Tests\ApplicationAndServicePrincipalTests.cs(6,1): hidden CS8019: Unnecessary using directive.
C:\gh\azure-sdk-for-net\sdk\graphrbac\Microsoft.Azure.Graph.RBAC\tests\Tests\ApplicationAndServicePrincipalTests.cs(11,1): hidden CS8019: Unnecessary using directive.
C:\gh\azure-sdk-for-net\sdk\graphrbac\Microsoft.Azure.Graph.RBAC\tests\Tests\ApplicationAndServicePrincipalTests.cs(10,1): hidden CS8019: Unnecessary using directive.
C:\gh\azure-sdk-for-net\sdk\graphrbac\Microsoft.Azure.Graph.RBAC\tests\Tests\GraphTestBase.cs(7,1): hidden CS8019: Unnecessary using directive.
C:\gh\azure-sdk-for-net\sdk\graphrbac\Microsoft.Azure.Graph.RBAC\tests\Infrastructure\LiveTestAttribute.cs(7,5): hidden CS8019: Unnecessary using directive.
C:\gh\azure-sdk-for-net\sdk\graphrbac\Microsoft.Azure.Graph.RBAC\tests\Tests\GroupTests.cs(10,1): hidden CS8019: Unnecessary using directive.
C:\gh\azure-sdk-for-net\sdk\graphrbac\Microsoft.Azure.Graph.RBAC\tests\Tests\GraphTestBase.cs(10,1): hidden CS8019: Unnecessary using directive.
C:\gh\azure-sdk-for-net\sdk\graphrbac\Microsoft.Azure.Graph.RBAC\tests\Tests\GraphTestBase.cs(11,1): hidden CS8019: Unnecessary using directive.
C:\gh\azure-sdk-for-net\sdk\graphrbac\Microsoft.Azure.Graph.RBAC\tests\Tests\BasicTests.cs(8,1): hidden CS8019: Unnecessary using directive.
C:\gh\azure-sdk-for-net\eng\mgmt\DisableTestRunParallel.cs(5,1): hidden CS8019: Unnecessary using directive.
C:\gh\azure-sdk-for-net\artifacts\obj\Microsoft.Azure.Graph.RBAC.Tests\Debug\net461\.NETFramework,Version=v4.6.1.AssemblyAttributes.cs(2,1): hidden CS8019: Unnecessary using directive.
C:\gh\azure-sdk-for-net\eng\mgmt\DisableTestRunParallel.cs(4,1): hidden CS8019: Unnecessary using directive.
C:\gh\azure-sdk-for-net\sdk\graphrbac\Microsoft.Azure.Graph.RBAC\tests\Tests\GroupTests.cs(11,1): hidden CS8019: Unnecessary using directive.
C:\gh\azure-sdk-for-net\sdk\graphrbac\Microsoft.Azure.Graph.RBAC\tests\Tests\BasicTests.cs(9,1): hidden CS8019: Unnecessary using directive.
C:\gh\azure-sdk-for-net\artifacts\obj\Microsoft.Azure.Graph.RBAC.Tests\Debug\net461\.NETFramework,Version=v4.6.1.AssemblyAttributes.cs(3,1): hidden CS8019: Unnecessary using directive.
C:\gh\azure-sdk-for-net\sdk\graphrbac\Microsoft.Azure.Graph.RBAC\tests\Helpers\RecordedDelegatingHandler.cs(6,1): hidden CS8019: Unnecessary using directive.
C:\gh\azure-sdk-for-net\sdk\graphrbac\Microsoft.Azure.Graph.RBAC\tests\Tests\GroupTests.cs(8,1): hidden CS8019: Unnecessary using directive.
C:\gh\azure-sdk-for-net\sdk\graphrbac\Microsoft.Azure.Graph.RBAC\tests\Tests\UserTests.cs(5,1): hidden CS8019: Unnecessary using directive.
C:\gh\azure-sdk-for-net\artifacts\obj\Microsoft.Azure.Graph.RBAC.Tests\Debug\net461\Microsoft.Azure.Graph.RBAC.Tests.AssemblyInfo.cs(11,1): hidden CS8019: Unnecessary using directive.
C:\gh\azure-sdk-for-net\sdk\graphrbac\Microsoft.Azure.Graph.RBAC\tests\Tests\ApplicationAndServicePrincipalTests.cs(5,1): hidden CS8019: Unnecessary using directive.
C:\gh\azure-sdk-for-net\sdk\graphrbac\Microsoft.Azure.Graph.RBAC\tests\Tests\UserTests.cs(8,1): hidden CS8019: Unnecessary using directive.
C:\gh\azure-sdk-for-net\sdk\graphrbac\Microsoft.Azure.Graph.RBAC\tests\Tests\UserTests.cs(7,1): hidden CS8019: Unnecessary using directive.
C:\gh\azure-sdk-for-net\sdk\graphrbac\Microsoft.Azure.Graph.RBAC\tests\Helpers\RecordedDelegatingHandler.cs(7,1): hidden CS8019: Unnecessary using directive.
C:\gh\azure-sdk-for-net\sdk\graphrbac\Microsoft.Azure.Graph.RBAC\tests\Tests\GraphTestBase.cs(8,1): hidden CS8019: Unnecessary using directive.
C:\gh\azure-sdk-for-net\sdk\graphrbac\Microsoft.Azure.Graph.RBAC\tests\Tests\ApplicationAndServicePrincipalTests.cs(12,1): hidden CS8019: Unnecessary using directive.
C:\gh\azure-sdk-for-net\sdk\graphrbac\Microsoft.Azure.Graph.RBAC\tests\Tests\ApplicationAndServicePrincipalTests.cs(9,1): hidden CS8019: Unnecessary using directive.
C:\gh\azure-sdk-for-net\sdk\graphrbac\Microsoft.Azure.Graph.RBAC\tests\Tests\GroupTests.cs(5,1): hidden CS8019: Unnecessary using directive.
C:\gh\azure-sdk-for-net\sdk\graphrbac\Microsoft.Azure.Graph.RBAC\tests\Tests\BasicTests.cs(6,1): hidden CS8019: Unnecessary using directive.
