C:\gh\azure-sdk-for-net\sdk\timeseriesinsights\Azure.Iot.TimeSeriesInsights\tests\FakeTokenCredential.cs(14,40): error CS0246: The type or namespace name 'TokenCredential' could not be found (are you missing a using directive or an assembly reference?)
C:\gh\azure-sdk-for-net\sdk\timeseriesinsights\Azure.Iot.TimeSeriesInsights\tests\FakeTokenCredential.cs(21,62): error CS0246: The type or namespace name 'TokenRequestContext' could not be found (are you missing a using directive or an assembly reference?)
C:\gh\azure-sdk-for-net\sdk\timeseriesinsights\Azure.Iot.TimeSeriesInsights\tests\FakeTokenCredential.cs(21,25): error CS0246: The type or namespace name 'ValueTask<>' could not be found (are you missing a using directive or an assembly reference?)
C:\gh\azure-sdk-for-net\sdk\timeseriesinsights\Azure.Iot.TimeSeriesInsights\tests\FakeTokenCredential.cs(21,35): error CS0246: The type or namespace name 'AccessToken' could not be found (are you missing a using directive or an assembly reference?)
C:\gh\azure-sdk-for-net\sdk\timeseriesinsights\Azure.Iot.TimeSeriesInsights\tests\TimeSeriesInsightsClientTest.cs(17,10): error CS0246: The type or namespace name 'TestAttribute' could not be found (are you missing a using directive or an assembly reference?)
C:\gh\azure-sdk-for-net\sdk\timeseriesinsights\Azure.Iot.TimeSeriesInsights\tests\TimeSeriesInsightsClientTest.cs(17,10): error CS0246: The type or namespace name 'Test' could not be found (are you missing a using directive or an assembly reference?)
C:\gh\azure-sdk-for-net\sdk\timeseriesinsights\Azure.Iot.TimeSeriesInsights\tests\FakeTokenCredential.cs(16,46): error CS0246: The type or namespace name 'TokenRequestContext' could not be found (are you missing a using directive or an assembly reference?)
C:\gh\azure-sdk-for-net\sdk\timeseriesinsights\Azure.Iot.TimeSeriesInsights\tests\FakeTokenCredential.cs(16,25): error CS0246: The type or namespace name 'AccessToken' could not be found (are you missing a using directive or an assembly reference?)
C:\gh\azure-sdk-for-net\sdk\timeseriesinsights\Azure.Iot.TimeSeriesInsights\tests\E2eTestBase.cs(13,6): error CS0246: The type or namespace name 'ParallelizableAttribute' could not be found (are you missing a using directive or an assembly reference?)
C:\gh\azure-sdk-for-net\sdk\timeseriesinsights\Azure.Iot.TimeSeriesInsights\tests\E2eTestBase.cs(13,6): error CS0246: The type or namespace name 'Parallelizable' could not be found (are you missing a using directive or an assembly reference?)
C:\gh\azure-sdk-for-net\sdk\timeseriesinsights\Azure.Iot.TimeSeriesInsights\tests\E2eTestBase.cs(13,21): error CS0103: The name 'ParallelScope' does not exist in the current context
C:\gh\azure-sdk-for-net\sdk\timeseriesinsights\Azure.Iot.TimeSeriesInsights\tests\E2eTestBase.cs(6,7): error CS0246: The type or namespace name 'NUnit' could not be found (are you missing a using directive or an assembly reference?)
C:\gh\azure-sdk-for-net\sdk\timeseriesinsights\Azure.Iot.TimeSeriesInsights\tests\TestSettings.cs(8,17): error CS0234: The type or namespace name 'Extensions' does not exist in the namespace 'Microsoft' (are you missing an assembly reference?)
C:\gh\azure-sdk-for-net\sdk\timeseriesinsights\Azure.Iot.TimeSeriesInsights\tests\TimeSeriesInsightsClientTest.cs(5,7): error CS0246: The type or namespace name 'FluentAssertions' could not be found (are you missing a using directive or an assembly reference?)
C:\gh\azure-sdk-for-net\sdk\timeseriesinsights\Azure.Iot.TimeSeriesInsights\tests\TimeSeriesInsightsClientTest.cs(6,7): error CS0246: The type or namespace name 'NUnit' could not be found (are you missing a using directive or an assembly reference?)
C:\gh\azure-sdk-for-net\sdk\timeseriesinsights\Azure.Iot.TimeSeriesInsights\tests\E2eTestBase.cs(27,10): error CS0246: The type or namespace name 'SetUpAttribute' could not be found (are you missing a using directive or an assembly reference?)
C:\gh\azure-sdk-for-net\sdk\timeseriesinsights\Azure.Iot.TimeSeriesInsights\tests\E2eTestBase.cs(27,10): error CS0246: The type or namespace name 'SetUp' could not be found (are you missing a using directive or an assembly reference?)
C:\gh\azure-sdk-for-net\sdk\timeseriesinsights\Azure.Iot.TimeSeriesInsights\tests\FakeTokenCredential.cs(18,24): error CS0246: The type or namespace name 'AccessToken' could not be found (are you missing a using directive or an assembly reference?)
C:\gh\azure-sdk-for-net\sdk\timeseriesinsights\Azure.Iot.TimeSeriesInsights\tests\TimeSeriesInsightsClientTest.cs(21,13): error CS0246: The type or namespace name 'Response<>' could not be found (are you missing a using directive or an assembly reference?)
C:\gh\azure-sdk-for-net\sdk\timeseriesinsights\Azure.Iot.TimeSeriesInsights\tests\TimeSeriesInsightsClientTest.cs(21,69): error CS0246: The type or namespace name 'Task<>' could not be found (are you missing a using directive or an assembly reference?)
C:\gh\azure-sdk-for-net\sdk\timeseriesinsights\Azure.Iot.TimeSeriesInsights\tests\FakeTokenCredential.cs(23,24): error CS0246: The type or namespace name 'ValueTask<>' could not be found (are you missing a using directive or an assembly reference?)
C:\gh\azure-sdk-for-net\sdk\timeseriesinsights\Azure.Iot.TimeSeriesInsights\tests\FakeTokenCredential.cs(23,34): error CS0246: The type or namespace name 'AccessToken' could not be found (are you missing a using directive or an assembly reference?)
C:\gh\azure-sdk-for-net\sdk\timeseriesinsights\Azure.Iot.TimeSeriesInsights\tests\FakeTokenCredential.cs(23,51): error CS0246: The type or namespace name 'AccessToken' could not be found (are you missing a using directive or an assembly reference?)
C:\gh\azure-sdk-for-net\sdk\timeseriesinsights\Azure.Iot.TimeSeriesInsights\tests\E2eTestBase.cs(38,17): error CS0246: The type or namespace name 'ClientOptions' could not be found (are you missing a using directive or an assembly reference?)
C:\gh\azure-sdk-for-net\sdk\timeseriesinsights\Azure.Iot.TimeSeriesInsights\tests\E2eTestBase.cs(40,31): error CS0518: Predefined type 'System.Void' is not defined or imported
C:\gh\azure-sdk-for-net\sdk\timeseriesinsights\Azure.Iot.TimeSeriesInsights\tests\E2eTestBase.cs(46,37): error CS0012: The type 'TokenCredential' is defined in an assembly that is not referenced. You must add a reference to assembly 'Azure.Core, Version=1.4.1.0, Culture=neutral, PublicKeyToken=92742159e12e44c8'.
C:\gh\azure-sdk-for-net\sdk\timeseriesinsights\Azure.Iot.TimeSeriesInsights\tests\E2eTestBase.cs(47,21): error CS0311: The type 'Azure.Iot.TimeSeriesInsights.TimeSeriesInsightsClientOptions' cannot be used as type parameter 'T' in the generic type or method 'RecordedTestBase.InstrumentClientOptions<T>(T)'. There is no implicit reference conversion from 'Azure.Iot.TimeSeriesInsights.TimeSeriesInsightsClientOptions' to 'Azure.Core.ClientOptions'.
C:\gh\azure-sdk-for-net\sdk\timeseriesinsights\Azure.Iot.TimeSeriesInsights\tests\E2eTestBase.cs(47,21): error CS0012: The type 'ClientOptions' is defined in an assembly that is not referenced. You must add a reference to assembly 'Azure.Core, Version=1.4.1.0, Culture=neutral, PublicKeyToken=92742159e12e44c8'.
C:\gh\azure-sdk-for-net\sdk\timeseriesinsights\Azure.Iot.TimeSeriesInsights\tests\E2eTestBase.cs(44,21): error CS0518: Predefined type 'System.Void' is not defined or imported
C:\gh\azure-sdk-for-net\sdk\timeseriesinsights\Azure.Iot.TimeSeriesInsights\tests\TestSettings.cs(45,49): error CS0246: The type or namespace name 'ConfigurationBuilder' could not be found (are you missing a using directive or an assembly reference?)
C:\gh\azure-sdk-for-net\sdk\timeseriesinsights\Azure.Iot.TimeSeriesInsights\tests\TestSettings.cs(56,13): error CS0246: The type or namespace name 'IConfiguration' could not be found (are you missing a using directive or an assembly reference?)
C:\gh\azure-sdk-for-net\sdk\timeseriesinsights\Azure.Iot.TimeSeriesInsights\tests\E2eTestBase.cs(56,49): error CS0518: Predefined type 'System.Void' is not defined or imported
C:\gh\azure-sdk-for-net\sdk\timeseriesinsights\Azure.Iot.TimeSeriesInsights\tests\E2eTestBase.cs(53,21): error CS0518: Predefined type 'System.Void' is not defined or imported
C:\gh\azure-sdk-for-net\sdk\timeseriesinsights\Azure.Iot.TimeSeriesInsights\tests\TestSettings.cs(8,1): hidden CS8019: Unnecessary using directive.
C:\gh\azure-sdk-for-net\sdk\timeseriesinsights\Azure.Iot.TimeSeriesInsights\tests\TimeSeriesInsightsClientTest.cs(5,1): hidden CS8019: Unnecessary using directive.
C:\gh\azure-sdk-for-net\artifacts\obj\Azure.Iot.TimeSeriesInsights.Tests\Debug\net461\.NETFramework,Version=v4.6.1.AssemblyAttributes.cs(3,1): hidden CS8019: Unnecessary using directive.
C:\gh\azure-sdk-for-net\sdk\timeseriesinsights\Azure.Iot.TimeSeriesInsights\tests\FakeTokenCredential.cs(6,1): hidden CS8019: Unnecessary using directive.
C:\gh\azure-sdk-for-net\artifacts\obj\Azure.Iot.TimeSeriesInsights.Tests\Debug\net461\Azure.Iot.TimeSeriesInsights.Tests.AssemblyInfo.cs(11,1): hidden CS8019: Unnecessary using directive.
C:\gh\azure-sdk-for-net\sdk\timeseriesinsights\Azure.Iot.TimeSeriesInsights\tests\TimeSeriesInsightsClientTest.cs(6,1): hidden CS8019: Unnecessary using directive.
C:\gh\azure-sdk-for-net\sdk\timeseriesinsights\Azure.Iot.TimeSeriesInsights\tests\E2eTestBase.cs(6,1): hidden CS8019: Unnecessary using directive.
C:\gh\azure-sdk-for-net\artifacts\obj\Azure.Iot.TimeSeriesInsights.Tests\Debug\net461\Azure.Iot.TimeSeriesInsights.Tests.AssemblyInfo.cs(12,1): hidden CS8019: Unnecessary using directive.
C:\gh\azure-sdk-for-net\artifacts\obj\Azure.Iot.TimeSeriesInsights.Tests\Debug\net461\.NETFramework,Version=v4.6.1.AssemblyAttributes.cs(2,1): hidden CS8019: Unnecessary using directive.
C:\gh\azure-sdk-for-net\sdk\timeseriesinsights\Azure.Iot.TimeSeriesInsights\tests\FakeTokenCredential.cs(7,1): hidden CS8019: Unnecessary using directive.
