C:\gh\azure-sdk-for-net\sdk\kusto\Microsoft.Azure.Management.Kusto\tests\ScenarioTests\KustoOperationsTests.cs(755,35): error CS0246: The type or namespace name 'Script' could not be found (are you missing a using directive or an assembly reference?)
C:\gh\azure-sdk-for-net\sdk\kusto\Microsoft.Azure.Management.Kusto\tests\ScenarioTests\KustoTestBase.cs(75,16): error CS0246: The type or namespace name 'Script' could not be found (are you missing a using directive or an assembly reference?)
C:\gh\azure-sdk-for-net\sdk\kusto\Microsoft.Azure.Management.Kusto\tests\ScenarioTests\KustoTestBase.cs(152,26): error CS0246: The type or namespace name 'Script' could not be found (are you missing a using directive or an assembly reference?)
C:\gh\azure-sdk-for-net\sdk\kusto\Microsoft.Azure.Management.Kusto\tests\ScenarioTests\KustoOperationsTests.cs(339,53): error CS1061: 'KustoManagementClient' does not contain a definition for 'Scripts' and no accessible extension method 'Scripts' accepting a first argument of type 'KustoManagementClient' could be found (are you missing a using directive or an assembly reference?)
C:\gh\azure-sdk-for-net\sdk\kusto\Microsoft.Azure.Management.Kusto\tests\ScenarioTests\KustoOperationsTests.cs(349,46): error CS1061: 'KustoManagementClient' does not contain a definition for 'Scripts' and no accessible extension method 'Scripts' accepting a first argument of type 'KustoManagementClient' could be found (are you missing a using directive or an assembly reference?)
C:\gh\azure-sdk-for-net\sdk\kusto\Microsoft.Azure.Management.Kusto\tests\ScenarioTests\KustoOperationsTests.cs(360,53): error CS1061: 'KustoManagementClient' does not contain a definition for 'Scripts' and no accessible extension method 'Scripts' accepting a first argument of type 'KustoManagementClient' could be found (are you missing a using directive or an assembly reference?)
C:\gh\azure-sdk-for-net\sdk\kusto\Microsoft.Azure.Management.Kusto\tests\ScenarioTests\KustoOperationsTests.cs(371,33): error CS1061: 'KustoManagementClient' does not contain a definition for 'Scripts' and no accessible extension method 'Scripts' accepting a first argument of type 'KustoManagementClient' could be found (are you missing a using directive or an assembly reference?)
C:\gh\azure-sdk-for-net\sdk\kusto\Microsoft.Azure.Management.Kusto\tests\ScenarioTests\KustoOperationsTests.cs(374,37): error CS1061: 'KustoManagementClient' does not contain a definition for 'Scripts' and no accessible extension method 'Scripts' accepting a first argument of type 'KustoManagementClient' could be found (are you missing a using directive or an assembly reference?)
C:\gh\azure-sdk-for-net\eng\mgmt\DisableTestRunParallel.cs(4,1): hidden CS8019: Unnecessary using directive.
C:\gh\azure-sdk-for-net\artifacts\obj\Microsoft.Azure.Management.Kusto.Tests\Debug\netcoreapp2.0\Microsoft.Azure.Management.Kusto.Tests.Program.cs(2,1): hidden CS8019: Unnecessary using directive.
C:\gh\azure-sdk-for-net\sdk\kusto\Microsoft.Azure.Management.Kusto\tests\Properties\AssemblyInfo.cs(5,1): hidden CS8019: Unnecessary using directive.
C:\gh\azure-sdk-for-net\sdk\kusto\Microsoft.Azure.Management.Kusto\tests\Utils\ResourcesNamesUtils.cs(3,1): hidden CS8019: Unnecessary using directive.
C:\gh\azure-sdk-for-net\artifacts\obj\Microsoft.Azure.Management.Kusto.Tests\Debug\netcoreapp2.0\.NETCoreApp,Version=v2.0.AssemblyAttributes.cs(2,1): hidden CS8019: Unnecessary using directive.
C:\gh\azure-sdk-for-net\sdk\kusto\Microsoft.Azure.Management.Kusto\tests\ScenarioTests\KustoTestBase.cs(11,1): hidden CS8019: Unnecessary using directive.
C:\gh\azure-sdk-for-net\sdk\kusto\Microsoft.Azure.Management.Kusto\tests\Utils\ResourcesNamesUtils.cs(1,1): hidden CS8019: Unnecessary using directive.
C:\gh\azure-sdk-for-net\artifacts\obj\Microsoft.Azure.Management.Kusto.Tests\Debug\netcoreapp2.0\.NETCoreApp,Version=v2.0.AssemblyAttributes.cs(3,1): hidden CS8019: Unnecessary using directive.
C:\gh\azure-sdk-for-net\sdk\kusto\Microsoft.Azure.Management.Kusto\tests\Utils\ResourcesNamesUtils.cs(2,1): hidden CS8019: Unnecessary using directive.
C:\gh\azure-sdk-for-net\sdk\kusto\Microsoft.Azure.Management.Kusto\tests\ScenarioTests\KustoTestBase.cs(10,1): hidden CS8019: Unnecessary using directive.
C:\gh\azure-sdk-for-net\artifacts\obj\Microsoft.Azure.Management.Kusto.Tests\Debug\netcoreapp2.0\Microsoft.Azure.Management.Kusto.Tests.AssemblyInfo.cs(10,1): hidden CS8019: Unnecessary using directive.
C:\gh\azure-sdk-for-net\sdk\kusto\Microsoft.Azure.Management.Kusto\tests\Properties\AssemblyInfo.cs(7,1): hidden CS8019: Unnecessary using directive.
C:\gh\azure-sdk-for-net\artifacts\obj\Microsoft.Azure.Management.Kusto.Tests\Debug\netcoreapp2.0\Microsoft.Azure.Management.Kusto.Tests.AssemblyInfo.cs(11,1): hidden CS8019: Unnecessary using directive.
