C:\gh\azure-sdk-for-net\sdk\digitaltwins\Azure.DigitalTwins.Core\samples\DigitalTwinsClientSample\Options.cs(5,7): error CS0246: The type or namespace name 'CommandLine' could not be found (are you missing a using directive or an assembly reference?)
C:\gh\azure-sdk-for-net\sdk\digitaltwins\Azure.DigitalTwins.Core\samples\DigitalTwinsClientSample\Program.cs(7,13): error CS0234: The type or namespace name 'Identity' does not exist in the namespace 'Azure' (are you missing an assembly reference?)
C:\gh\azure-sdk-for-net\sdk\digitaltwins\Azure.DigitalTwins.Core\samples\DigitalTwinsClientSample\Program.cs(8,7): error CS0246: The type or namespace name 'CommandLine' could not be found (are you missing a using directive or an assembly reference?)
C:\gh\azure-sdk-for-net\sdk\digitaltwins\Azure.DigitalTwins.Core\samples\DigitalTwinsClientSample\CustomDigitalTwin.cs(35,57): error CS0518: Predefined type 'System.String' is not defined or imported
C:\gh\azure-sdk-for-net\sdk\digitaltwins\Azure.DigitalTwins.Core\samples\DigitalTwinsClientSample\CustomRelationship.cs(14,57): error CS0518: Predefined type 'System.String' is not defined or imported
C:\gh\azure-sdk-for-net\sdk\digitaltwins\Azure.DigitalTwins.Core\samples\DigitalTwinsClientSample\CustomDigitalTwin.cs(47,57): error CS0518: Predefined type 'System.String' is not defined or imported
C:\gh\azure-sdk-for-net\sdk\digitaltwins\Azure.DigitalTwins.Core\samples\DigitalTwinsClientSample\CustomDigitalTwin.cs(14,57): error CS0518: Predefined type 'System.String' is not defined or imported
C:\gh\azure-sdk-for-net\sdk\digitaltwins\Azure.DigitalTwins.Core\samples\DigitalTwinsClientSample\CustomRelationship.cs(17,57): error CS0518: Predefined type 'System.String' is not defined or imported
C:\gh\azure-sdk-for-net\sdk\digitaltwins\Azure.DigitalTwins.Core\samples\DigitalTwinsClientSample\CustomDigitalTwin.cs(17,57): error CS0518: Predefined type 'System.String' is not defined or imported
C:\gh\azure-sdk-for-net\sdk\digitaltwins\Azure.DigitalTwins.Core\samples\DigitalTwinsClientSample\CustomRelationship.cs(20,57): error CS0518: Predefined type 'System.String' is not defined or imported
C:\gh\azure-sdk-for-net\sdk\digitaltwins\Azure.DigitalTwins.Core\samples\DigitalTwinsClientSample\CustomDigitalTwin.cs(20,57): error CS0518: Predefined type 'System.String' is not defined or imported
C:\gh\azure-sdk-for-net\sdk\digitaltwins\Azure.DigitalTwins.Core\samples\DigitalTwinsClientSample\CustomRelationship.cs(23,57): error CS0518: Predefined type 'System.String' is not defined or imported
C:\gh\azure-sdk-for-net\sdk\digitaltwins\Azure.DigitalTwins.Core\samples\DigitalTwinsClientSample\Options.cs(11,10): error CS0246: The type or namespace name 'OptionAttribute' could not be found (are you missing a using directive or an assembly reference?)
C:\gh\azure-sdk-for-net\sdk\digitaltwins\Azure.DigitalTwins.Core\samples\DigitalTwinsClientSample\Options.cs(11,10): error CS0246: The type or namespace name 'Option' could not be found (are you missing a using directive or an assembly reference?)
C:\gh\azure-sdk-for-net\sdk\digitaltwins\Azure.DigitalTwins.Core\samples\DigitalTwinsClientSample\Options.cs(11,37): error CS0246: The type or namespace name 'Required' could not be found (are you missing a using directive or an assembly reference?)
C:\gh\azure-sdk-for-net\sdk\digitaltwins\Azure.DigitalTwins.Core\samples\DigitalTwinsClientSample\Options.cs(11,54): error CS0246: The type or namespace name 'HelpText' could not be found (are you missing a using directive or an assembly reference?)
C:\gh\azure-sdk-for-net\sdk\digitaltwins\Azure.DigitalTwins.Core\samples\DigitalTwinsClientSample\Options.cs(14,10): error CS0246: The type or namespace name 'OptionAttribute' could not be found (are you missing a using directive or an assembly reference?)
C:\gh\azure-sdk-for-net\sdk\digitaltwins\Azure.DigitalTwins.Core\samples\DigitalTwinsClientSample\Options.cs(14,10): error CS0246: The type or namespace name 'Option' could not be found (are you missing a using directive or an assembly reference?)
C:\gh\azure-sdk-for-net\sdk\digitaltwins\Azure.DigitalTwins.Core\samples\DigitalTwinsClientSample\Options.cs(14,34): error CS0246: The type or namespace name 'Required' could not be found (are you missing a using directive or an assembly reference?)
C:\gh\azure-sdk-for-net\sdk\digitaltwins\Azure.DigitalTwins.Core\samples\DigitalTwinsClientSample\Options.cs(14,51): error CS0246: The type or namespace name 'HelpText' could not be found (are you missing a using directive or an assembly reference?)
C:\gh\azure-sdk-for-net\sdk\digitaltwins\Azure.DigitalTwins.Core\samples\DigitalTwinsClientSample\Options.cs(17,10): error CS0246: The type or namespace name 'OptionAttribute' could not be found (are you missing a using directive or an assembly reference?)
C:\gh\azure-sdk-for-net\sdk\digitaltwins\Azure.DigitalTwins.Core\samples\DigitalTwinsClientSample\Options.cs(17,10): error CS0246: The type or namespace name 'Option' could not be found (are you missing a using directive or an assembly reference?)
C:\gh\azure-sdk-for-net\sdk\digitaltwins\Azure.DigitalTwins.Core\samples\DigitalTwinsClientSample\Options.cs(17,34): error CS0246: The type or namespace name 'Required' could not be found (are you missing a using directive or an assembly reference?)
C:\gh\azure-sdk-for-net\sdk\digitaltwins\Azure.DigitalTwins.Core\samples\DigitalTwinsClientSample\Options.cs(17,51): error CS0246: The type or namespace name 'HelpText' could not be found (are you missing a using directive or an assembly reference?)
C:\gh\azure-sdk-for-net\sdk\digitaltwins\Azure.DigitalTwins.Core\samples\DigitalTwinsClientSample\Options.cs(20,10): error CS0246: The type or namespace name 'OptionAttribute' could not be found (are you missing a using directive or an assembly reference?)
C:\gh\azure-sdk-for-net\sdk\digitaltwins\Azure.DigitalTwins.Core\samples\DigitalTwinsClientSample\Options.cs(20,10): error CS0246: The type or namespace name 'Option' could not be found (are you missing a using directive or an assembly reference?)
C:\gh\azure-sdk-for-net\sdk\digitaltwins\Azure.DigitalTwins.Core\samples\DigitalTwinsClientSample\Options.cs(20,38): error CS0246: The type or namespace name 'Required' could not be found (are you missing a using directive or an assembly reference?)
C:\gh\azure-sdk-for-net\sdk\digitaltwins\Azure.DigitalTwins.Core\samples\DigitalTwinsClientSample\Options.cs(20,56): error CS0246: The type or namespace name 'HelpText' could not be found (are you missing a using directive or an assembly reference?)
C:\gh\azure-sdk-for-net\sdk\digitaltwins\Azure.DigitalTwins.Core\samples\DigitalTwinsClientSample\Options.cs(23,10): error CS0246: The type or namespace name 'OptionAttribute' could not be found (are you missing a using directive or an assembly reference?)
C:\gh\azure-sdk-for-net\sdk\digitaltwins\Azure.DigitalTwins.Core\samples\DigitalTwinsClientSample\Options.cs(23,10): error CS0246: The type or namespace name 'Option' could not be found (are you missing a using directive or an assembly reference?)
C:\gh\azure-sdk-for-net\sdk\digitaltwins\Azure.DigitalTwins.Core\samples\DigitalTwinsClientSample\Options.cs(23,46): error CS0246: The type or namespace name 'Required' could not be found (are you missing a using directive or an assembly reference?)
C:\gh\azure-sdk-for-net\sdk\digitaltwins\Azure.DigitalTwins.Core\samples\DigitalTwinsClientSample\Options.cs(23,63): error CS0246: The type or namespace name 'HelpText' could not be found (are you missing a using directive or an assembly reference?)
C:\gh\azure-sdk-for-net\sdk\digitaltwins\Azure.DigitalTwins.Core\samples\DigitalTwinsClientSample\UniqueIdHelper.cs(16,66): error CS0246: The type or namespace name 'Task<>' could not be found (are you missing a using directive or an assembly reference?)
C:\gh\azure-sdk-for-net\sdk\digitaltwins\Azure.DigitalTwins.Core\samples\DigitalTwinsClientSample\UniqueIdHelper.cs(21,65): error CS0246: The type or namespace name 'Task<>' could not be found (are you missing a using directive or an assembly reference?)
C:\gh\azure-sdk-for-net\sdk\digitaltwins\Azure.DigitalTwins.Core\samples\DigitalTwinsClientSample\Program.cs(21,13): error CS0246: The type or namespace name 'ParserResult<>' could not be found (are you missing a using directive or an assembly reference?)
C:\gh\azure-sdk-for-net\sdk\digitaltwins\Azure.DigitalTwins.Core\samples\DigitalTwinsClientSample\Program.cs(21,44): error CS0103: The name 'Parser' does not exist in the current context
C:\gh\azure-sdk-for-net\sdk\digitaltwins\Azure.DigitalTwins.Core\samples\DigitalTwinsClientSample\UniqueIdHelper.cs(36,24): error CS0246: The type or namespace name 'RequestFailedException' could not be found (are you missing a using directive or an assembly reference?)
C:\gh\azure-sdk-for-net\sdk\digitaltwins\Azure.DigitalTwins.Core\samples\DigitalTwinsClientSample\Program.cs(72,39): error CS0246: The type or namespace name 'DefaultAzureCredential' could not be found (are you missing a using directive or an assembly reference?)
C:\gh\azure-sdk-for-net\sdk\digitaltwins\Azure.DigitalTwins.Core\samples\DigitalTwinsClientSample\Program.cs(74,30): error CS0518: Predefined type 'System.Void' is not defined or imported
C:\gh\azure-sdk-for-net\sdk\digitaltwins\Azure.DigitalTwins.Core\samples\DigitalTwinsClientSample\DigitalTwinsLifecycleSamples.cs(118,27): error CS0246: The type or namespace name 'Task<>' could not be found (are you missing a using directive or an assembly reference?)
C:\gh\azure-sdk-for-net\sdk\digitaltwins\Azure.DigitalTwins.Core\samples\DigitalTwinsClientSample\DigitalTwinsLifecycleSamples.cs(122,20): error CS0246: The type or namespace name 'RequestFailedException' could not be found (are you missing a using directive or an assembly reference?)
C:\gh\azure-sdk-for-net\sdk\digitaltwins\Azure.DigitalTwins.Core\samples\DigitalTwinsClientSample\ModelLifecycleSamples.cs(43,23): error CS0246: The type or namespace name 'Task<>' could not be found (are you missing a using directive or an assembly reference?)
C:\gh\azure-sdk-for-net\sdk\digitaltwins\Azure.DigitalTwins.Core\samples\DigitalTwinsClientSample\ModelLifecycleSamples.cs(48,20): error CS0246: The type or namespace name 'RequestFailedException' could not be found (are you missing a using directive or an assembly reference?)
C:\gh\azure-sdk-for-net\sdk\digitaltwins\Azure.DigitalTwins.Core\samples\DigitalTwinsClientSample\ModelLifecycleSamples.cs(62,17): error CS0246: The type or namespace name 'Response<>' could not be found (are you missing a using directive or an assembly reference?)
C:\gh\azure-sdk-for-net\sdk\digitaltwins\Azure.DigitalTwins.Core\samples\DigitalTwinsClientSample\ModelLifecycleSamples.cs(62,77): error CS0246: The type or namespace name 'Task<>' could not be found (are you missing a using directive or an assembly reference?)
C:\gh\azure-sdk-for-net\sdk\digitaltwins\Azure.DigitalTwins.Core\samples\DigitalTwinsClientSample\ModelLifecycleSamples.cs(78,23): error CS0246: The type or namespace name 'Task<>' could not be found (are you missing a using directive or an assembly reference?)
C:\gh\azure-sdk-for-net\sdk\digitaltwins\Azure.DigitalTwins.Core\samples\DigitalTwinsClientSample\ModelLifecycleSamples.cs(81,20): error CS0246: The type or namespace name 'RequestFailedException' could not be found (are you missing a using directive or an assembly reference?)
C:\gh\azure-sdk-for-net\sdk\digitaltwins\Azure.DigitalTwins.Core\samples\DigitalTwinsClientSample\ModelLifecycleSamples.cs(94,23): error CS0246: The type or namespace name 'Task<>' could not be found (are you missing a using directive or an assembly reference?)
C:\gh\azure-sdk-for-net\sdk\digitaltwins\Azure.DigitalTwins.Core\samples\DigitalTwinsClientSample\PublishTelemetrySamples.cs(41,19): error CS0246: The type or namespace name 'Task<>' could not be found (are you missing a using directive or an assembly reference?)
C:\gh\azure-sdk-for-net\sdk\digitaltwins\Azure.DigitalTwins.Core\samples\DigitalTwinsClientSample\PublishTelemetrySamples.cs(45,13): error CS0246: The type or namespace name 'AsyncPageable<>' could not be found (are you missing a using directive or an assembly reference?)
C:\gh\azure-sdk-for-net\sdk\digitaltwins\Azure.DigitalTwins.Core\samples\DigitalTwinsClientSample\PublishTelemetrySamples.cs(45,59): error CS0246: The type or namespace name 'AsyncPageable<>' could not be found (are you missing a using directive or an assembly reference?)
C:\gh\azure-sdk-for-net\sdk\digitaltwins\Azure.DigitalTwins.Core\samples\DigitalTwinsClientSample\PublishTelemetrySamples.cs(48,72): error CS0518: Predefined type 'System.String' is not defined or imported
C:\gh\azure-sdk-for-net\sdk\digitaltwins\Azure.DigitalTwins.Core\samples\DigitalTwinsClientSample\PublishTelemetrySamples.cs(57,13): error CS0246: The type or namespace name 'Response<>' could not be found (are you missing a using directive or an assembly reference?)
C:\gh\azure-sdk-for-net\sdk\digitaltwins\Azure.DigitalTwins.Core\samples\DigitalTwinsClientSample\PublishTelemetrySamples.cs(57,74): error CS0246: The type or namespace name 'Task<>' could not be found (are you missing a using directive or an assembly reference?)
C:\gh\azure-sdk-for-net\sdk\digitaltwins\Azure.DigitalTwins.Core\samples\DigitalTwinsClientSample\PublishTelemetrySamples.cs(65,23): error CS0246: The type or namespace name 'Task<>' could not be found (are you missing a using directive or an assembly reference?)
C:\gh\azure-sdk-for-net\sdk\digitaltwins\Azure.DigitalTwins.Core\samples\DigitalTwinsClientSample\PublishTelemetrySamples.cs(77,23): error CS0246: The type or namespace name 'Task<>' could not be found (are you missing a using directive or an assembly reference?)
C:\gh\azure-sdk-for-net\sdk\digitaltwins\Azure.DigitalTwins.Core\samples\DigitalTwinsClientSample\PublishTelemetrySamples.cs(94,23): error CS0246: The type or namespace name 'Task<>' could not be found (are you missing a using directive or an assembly reference?)
C:\gh\azure-sdk-for-net\sdk\digitaltwins\Azure.DigitalTwins.Core\samples\DigitalTwinsClientSample\PublishTelemetrySamples.cs(97,23): error CS0246: The type or namespace name 'Task<>' could not be found (are you missing a using directive or an assembly reference?)
C:\gh\azure-sdk-for-net\sdk\digitaltwins\Azure.DigitalTwins.Core\samples\DigitalTwinsClientSample\PublishTelemetrySamples.cs(98,23): error CS0246: The type or namespace name 'Task<>' could not be found (are you missing a using directive or an assembly reference?)
C:\gh\azure-sdk-for-net\sdk\digitaltwins\Azure.DigitalTwins.Core\samples\DigitalTwinsClientSample\PublishTelemetrySamples.cs(100,20): error CS0246: The type or namespace name 'RequestFailedException' could not be found (are you missing a using directive or an assembly reference?)
C:\gh\azure-sdk-for-net\sdk\digitaltwins\Azure.DigitalTwins.Core\samples\DigitalTwinsClientSample\PublishTelemetrySamples.cs(104,20): error CS0246: The type or namespace name 'RequestFailedException' could not be found (are you missing a using directive or an assembly reference?)
C:\gh\azure-sdk-for-net\sdk\digitaltwins\Azure.DigitalTwins.Core\samples\DigitalTwinsClientSample\DigitalTwinsLifecycleSamples.cs(148,23): error CS0246: The type or namespace name 'Task<>' could not be found (are you missing a using directive or an assembly reference?)
C:\gh\azure-sdk-for-net\sdk\digitaltwins\Azure.DigitalTwins.Core\samples\DigitalTwinsClientSample\DigitalTwinsLifecycleSamples.cs(151,20): error CS0246: The type or namespace name 'RequestFailedException' could not be found (are you missing a using directive or an assembly reference?)
C:\gh\azure-sdk-for-net\sdk\digitaltwins\Azure.DigitalTwins.Core\samples\DigitalTwinsClientSample\ModelLifecycleSamples.cs(117,23): error CS0246: The type or namespace name 'Task<>' could not be found (are you missing a using directive or an assembly reference?)
C:\gh\azure-sdk-for-net\sdk\digitaltwins\Azure.DigitalTwins.Core\samples\DigitalTwinsClientSample\ModelLifecycleSamples.cs(119,20): error CS0246: The type or namespace name 'RequestFailedException' could not be found (are you missing a using directive or an assembly reference?)
C:\gh\azure-sdk-for-net\sdk\digitaltwins\Azure.DigitalTwins.Core\samples\DigitalTwinsClientSample\ComponentSamples.cs(36,19): error CS0246: The type or namespace name 'Task<>' could not be found (are you missing a using directive or an assembly reference?)
C:\gh\azure-sdk-for-net\sdk\digitaltwins\Azure.DigitalTwins.Core\samples\DigitalTwinsClientSample\ComponentSamples.cs(44,13): error CS0246: The type or namespace name 'AsyncPageable<>' could not be found (are you missing a using directive or an assembly reference?)
C:\gh\azure-sdk-for-net\sdk\digitaltwins\Azure.DigitalTwins.Core\samples\DigitalTwinsClientSample\ComponentSamples.cs(44,59): error CS0246: The type or namespace name 'AsyncPageable<>' could not be found (are you missing a using directive or an assembly reference?)
C:\gh\azure-sdk-for-net\sdk\digitaltwins\Azure.DigitalTwins.Core\samples\DigitalTwinsClientSample\ComponentSamples.cs(47,58): error CS0518: Predefined type 'System.String' is not defined or imported
C:\gh\azure-sdk-for-net\sdk\digitaltwins\Azure.DigitalTwins.Core\samples\DigitalTwinsClientSample\ComponentSamples.cs(54,33): error CS0518: Predefined type 'System.Void' is not defined or imported
C:\gh\azure-sdk-for-net\sdk\digitaltwins\Azure.DigitalTwins.Core\samples\DigitalTwinsClientSample\ComponentSamples.cs(56,17): error CS0518: Predefined type 'System.String' is not defined or imported
C:\gh\azure-sdk-for-net\sdk\digitaltwins\Azure.DigitalTwins.Core\samples\DigitalTwinsClientSample\ComponentSamples.cs(58,30): error CS0518: Predefined type 'System.String' is not defined or imported
C:\gh\azure-sdk-for-net\sdk\digitaltwins\Azure.DigitalTwins.Core\samples\DigitalTwinsClientSample\ComponentSamples.cs(59,17): error CS0246: The type or namespace name 'IDictionary<,>' could not be found (are you missing a using directive or an assembly reference?)
C:\gh\azure-sdk-for-net\sdk\digitaltwins\Azure.DigitalTwins.Core\samples\DigitalTwinsClientSample\ComponentSamples.cs(67,29): error CS0518: Predefined type 'System.Void' is not defined or imported
C:\gh\azure-sdk-for-net\sdk\digitaltwins\Azure.DigitalTwins.Core\samples\DigitalTwinsClientSample\ComponentSamples.cs(70,29): error CS0246: The type or namespace name 'IDictionary<,>' could not be found (are you missing a using directive or an assembly reference?)
C:\gh\azure-sdk-for-net\sdk\digitaltwins\Azure.DigitalTwins.Core\samples\DigitalTwinsClientSample\ComponentSamples.cs(80,13): error CS0246: The type or namespace name 'Response<>' could not be found (are you missing a using directive or an assembly reference?)
C:\gh\azure-sdk-for-net\sdk\digitaltwins\Azure.DigitalTwins.Core\samples\DigitalTwinsClientSample\ComponentSamples.cs(80,74): error CS0246: The type or namespace name 'Task<>' could not be found (are you missing a using directive or an assembly reference?)
C:\gh\azure-sdk-for-net\sdk\digitaltwins\Azure.DigitalTwins.Core\samples\DigitalTwinsClientSample\ComponentSamples.cs(91,13): error CS0246: The type or namespace name 'Response<>' could not be found (are you missing a using directive or an assembly reference?)
C:\gh\azure-sdk-for-net\sdk\digitaltwins\Azure.DigitalTwins.Core\samples\DigitalTwinsClientSample\ComponentSamples.cs(91,67): error CS0246: The type or namespace name 'Task<>' could not be found (are you missing a using directive or an assembly reference?)
C:\gh\azure-sdk-for-net\sdk\digitaltwins\Azure.DigitalTwins.Core\samples\DigitalTwinsClientSample\ComponentSamples.cs(95,62): error CS0246: The type or namespace name 'IDictionary<,>' could not be found (are you missing a using directive or an assembly reference?)
C:\gh\azure-sdk-for-net\sdk\digitaltwins\Azure.DigitalTwins.Core\samples\DigitalTwinsClientSample\ComponentSamples.cs(98,82): error CS0518: Predefined type 'System.String' is not defined or imported
C:\gh\azure-sdk-for-net\sdk\digitaltwins\Azure.DigitalTwins.Core\samples\DigitalTwinsClientSample\ComponentSamples.cs(99,34): error CS0518: Predefined type 'System.Nullable`1' is not defined or imported
C:\gh\azure-sdk-for-net\sdk\digitaltwins\Azure.DigitalTwins.Core\samples\DigitalTwinsClientSample\ComponentSamples.cs(100,46): error CS0518: Predefined type 'System.String' is not defined or imported
C:\gh\azure-sdk-for-net\sdk\digitaltwins\Azure.DigitalTwins.Core\samples\DigitalTwinsClientSample\ComponentSamples.cs(101,35): error CS0246: The type or namespace name 'IDictionary<,>' could not be found (are you missing a using directive or an assembly reference?)
C:\gh\azure-sdk-for-net\sdk\digitaltwins\Azure.DigitalTwins.Core\samples\DigitalTwinsClientSample\ComponentSamples.cs(101,92): error CS0246: The type or namespace name 'IDictionary<,>' could not be found (are you missing a using directive or an assembly reference?)
C:\gh\azure-sdk-for-net\sdk\digitaltwins\Azure.DigitalTwins.Core\samples\DigitalTwinsClientSample\ComponentSamples.cs(102,35): error CS0246: The type or namespace name 'IDictionary<,>' could not be found (are you missing a using directive or an assembly reference?)
C:\gh\azure-sdk-for-net\sdk\digitaltwins\Azure.DigitalTwins.Core\samples\DigitalTwinsClientSample\ComponentSamples.cs(102,92): error CS0246: The type or namespace name 'IDictionary<,>' could not be found (are you missing a using directive or an assembly reference?)
C:\gh\azure-sdk-for-net\sdk\digitaltwins\Azure.DigitalTwins.Core\samples\DigitalTwinsClientSample\ComponentSamples.cs(103,49): error CS0246: The type or namespace name 'IDictionary<,>' could not be found (are you missing a using directive or an assembly reference?)
C:\gh\azure-sdk-for-net\sdk\digitaltwins\Azure.DigitalTwins.Core\samples\DigitalTwinsClientSample\ComponentSamples.cs(103,111): error CS0246: The type or namespace name 'IDictionary<,>' could not be found (are you missing a using directive or an assembly reference?)
C:\gh\azure-sdk-for-net\sdk\digitaltwins\Azure.DigitalTwins.Core\samples\DigitalTwinsClientSample\ComponentSamples.cs(104,49): error CS0246: The type or namespace name 'IDictionary<,>' could not be found (are you missing a using directive or an assembly reference?)
C:\gh\azure-sdk-for-net\sdk\digitaltwins\Azure.DigitalTwins.Core\samples\DigitalTwinsClientSample\ComponentSamples.cs(104,110): error CS0246: The type or namespace name 'IDictionary<,>' could not be found (are you missing a using directive or an assembly reference?)
C:\gh\azure-sdk-for-net\sdk\digitaltwins\Azure.DigitalTwins.Core\samples\DigitalTwinsClientSample\ComponentSamples.cs(128,13): error CS0246: The type or namespace name 'Response<>' could not be found (are you missing a using directive or an assembly reference?)
C:\gh\azure-sdk-for-net\sdk\digitaltwins\Azure.DigitalTwins.Core\samples\DigitalTwinsClientSample\ComponentSamples.cs(128,81): error CS0246: The type or namespace name 'Task<>' could not be found (are you missing a using directive or an assembly reference?)
C:\gh\azure-sdk-for-net\sdk\digitaltwins\Azure.DigitalTwins.Core\samples\DigitalTwinsClientSample\ComponentSamples.cs(138,13): error CS0246: The type or namespace name 'Response<>' could not be found (are you missing a using directive or an assembly reference?)
C:\gh\azure-sdk-for-net\sdk\digitaltwins\Azure.DigitalTwins.Core\samples\DigitalTwinsClientSample\ComponentSamples.cs(138,69): error CS0246: The type or namespace name 'Task<>' could not be found (are you missing a using directive or an assembly reference?)
C:\gh\azure-sdk-for-net\sdk\digitaltwins\Azure.DigitalTwins.Core\samples\DigitalTwinsClientSample\ComponentSamples.cs(143,86): error CS0246: The type or namespace name 'DateTimeOffset' could not be found (are you missing a using directive or an assembly reference?)
C:\gh\azure-sdk-for-net\sdk\digitaltwins\Azure.DigitalTwins.Core\samples\DigitalTwinsClientSample\ComponentSamples.cs(144,86): error CS0246: The type or namespace name 'DateTimeOffset' could not be found (are you missing a using directive or an assembly reference?)
C:\gh\azure-sdk-for-net\sdk\digitaltwins\Azure.DigitalTwins.Core\samples\DigitalTwinsClientSample\ComponentSamples.cs(145,132): error CS0246: The type or namespace name 'DateTimeOffset' could not be found (are you missing a using directive or an assembly reference?)
C:\gh\azure-sdk-for-net\sdk\digitaltwins\Azure.DigitalTwins.Core\samples\DigitalTwinsClientSample\ComponentSamples.cs(146,132): error CS0246: The type or namespace name 'DateTimeOffset' could not be found (are you missing a using directive or an assembly reference?)
C:\gh\azure-sdk-for-net\sdk\digitaltwins\Azure.DigitalTwins.Core\samples\DigitalTwinsClientSample\ComponentSamples.cs(154,50): error CS0246: The type or namespace name 'JsonPatchDocument' could not be found (are you missing a using directive or an assembly reference?)
C:\gh\azure-sdk-for-net\sdk\digitaltwins\Azure.DigitalTwins.Core\samples\DigitalTwinsClientSample\ComponentSamples.cs(156,19): error CS0246: The type or namespace name 'Task<>' could not be found (are you missing a using directive or an assembly reference?)
C:\gh\azure-sdk-for-net\sdk\digitaltwins\Azure.DigitalTwins.Core\samples\DigitalTwinsClientSample\ComponentSamples.cs(165,19): error CS0246: The type or namespace name 'Task<>' could not be found (are you missing a using directive or an assembly reference?)
C:\gh\azure-sdk-for-net\sdk\digitaltwins\Azure.DigitalTwins.Core\samples\DigitalTwinsClientSample\ComponentSamples.cs(174,23): error CS0246: The type or namespace name 'Task<>' could not be found (are you missing a using directive or an assembly reference?)
C:\gh\azure-sdk-for-net\sdk\digitaltwins\Azure.DigitalTwins.Core\samples\DigitalTwinsClientSample\ComponentSamples.cs(175,23): error CS0246: The type or namespace name 'Task<>' could not be found (are you missing a using directive or an assembly reference?)
C:\gh\azure-sdk-for-net\sdk\digitaltwins\Azure.DigitalTwins.Core\samples\DigitalTwinsClientSample\ComponentSamples.cs(177,20): error CS0246: The type or namespace name 'RequestFailedException' could not be found (are you missing a using directive or an assembly reference?)
C:\gh\azure-sdk-for-net\sdk\digitaltwins\Azure.DigitalTwins.Core\samples\DigitalTwinsClientSample\ComponentSamples.cs(184,23): error CS0246: The type or namespace name 'Task<>' could not be found (are you missing a using directive or an assembly reference?)
C:\gh\azure-sdk-for-net\sdk\digitaltwins\Azure.DigitalTwins.Core\samples\DigitalTwinsClientSample\ComponentSamples.cs(185,23): error CS0246: The type or namespace name 'Task<>' could not be found (are you missing a using directive or an assembly reference?)
C:\gh\azure-sdk-for-net\sdk\digitaltwins\Azure.DigitalTwins.Core\samples\DigitalTwinsClientSample\ComponentSamples.cs(187,20): error CS0246: The type or namespace name 'RequestFailedException' could not be found (are you missing a using directive or an assembly reference?)
C:\gh\azure-sdk-for-net\sdk\digitaltwins\Azure.DigitalTwins.Core\samples\DigitalTwinsClientSample\DigitalTwinsLifecycleSamples.cs(173,17): error CS0246: The type or namespace name 'AsyncPageable<>' could not be found (are you missing a using directive or an assembly reference?)
C:\gh\azure-sdk-for-net\sdk\digitaltwins\Azure.DigitalTwins.Core\samples\DigitalTwinsClientSample\DigitalTwinsLifecycleSamples.cs(173,66): error CS0246: The type or namespace name 'AsyncPageable<>' could not be found (are you missing a using directive or an assembly reference?)
C:\gh\azure-sdk-for-net\sdk\digitaltwins\Azure.DigitalTwins.Core\samples\DigitalTwinsClientSample\DigitalTwinsLifecycleSamples.cs(176,65): error CS0518: Predefined type 'System.String' is not defined or imported
C:\gh\azure-sdk-for-net\sdk\digitaltwins\Azure.DigitalTwins.Core\samples\DigitalTwinsClientSample\DigitalTwinsLifecycleSamples.cs(177,48): error CS0246: The type or namespace name 'IReadOnlyDictionary<,>' could not be found (are you missing a using directive or an assembly reference?)
C:\gh\azure-sdk-for-net\sdk\digitaltwins\Azure.DigitalTwins.Core\samples\DigitalTwinsClientSample\DigitalTwinsLifecycleSamples.cs(178,47): error CS0518: Predefined type 'System.Nullable`1' is not defined or imported
C:\gh\azure-sdk-for-net\sdk\digitaltwins\Azure.DigitalTwins.Core\samples\DigitalTwinsClientSample\DigitalTwinsLifecycleSamples.cs(179,54): error CS0518: Predefined type 'System.Nullable`1' is not defined or imported
C:\gh\azure-sdk-for-net\sdk\digitaltwins\Azure.DigitalTwins.Core\samples\DigitalTwinsClientSample\DigitalTwinsLifecycleSamples.cs(184,20): error CS0246: The type or namespace name 'RequestFailedException' could not be found (are you missing a using directive or an assembly reference?)
C:\gh\azure-sdk-for-net\sdk\digitaltwins\Azure.DigitalTwins.Core\samples\DigitalTwinsClientSample\DigitalTwinsLifecycleSamples.cs(205,21): error CS0246: The type or namespace name 'AsyncPageable<>' could not be found (are you missing a using directive or an assembly reference?)
C:\gh\azure-sdk-for-net\sdk\digitaltwins\Azure.DigitalTwins.Core\samples\DigitalTwinsClientSample\DigitalTwinsLifecycleSamples.cs(205,70): error CS0246: The type or namespace name 'AsyncPageable<>' could not be found (are you missing a using directive or an assembly reference?)
C:\gh\azure-sdk-for-net\sdk\digitaltwins\Azure.DigitalTwins.Core\samples\DigitalTwinsClientSample\DigitalTwinsLifecycleSamples.cs(208,90): error CS0518: Predefined type 'System.String' is not defined or imported
C:\gh\azure-sdk-for-net\sdk\digitaltwins\Azure.DigitalTwins.Core\samples\DigitalTwinsClientSample\DigitalTwinsLifecycleSamples.cs(208,31): error CS0246: The type or namespace name 'Task<>' could not be found (are you missing a using directive or an assembly reference?)
C:\gh\azure-sdk-for-net\sdk\digitaltwins\Azure.DigitalTwins.Core\samples\DigitalTwinsClientSample\DigitalTwinsLifecycleSamples.cs(209,91): error CS0518: Predefined type 'System.String' is not defined or imported
C:\gh\azure-sdk-for-net\sdk\digitaltwins\Azure.DigitalTwins.Core\samples\DigitalTwinsClientSample\DigitalTwinsLifecycleSamples.cs(213,21): error CS0246: The type or namespace name 'AsyncPageable<>' could not be found (are you missing a using directive or an assembly reference?)
C:\gh\azure-sdk-for-net\sdk\digitaltwins\Azure.DigitalTwins.Core\samples\DigitalTwinsClientSample\DigitalTwinsLifecycleSamples.cs(213,81): error CS0246: The type or namespace name 'AsyncPageable<>' could not be found (are you missing a using directive or an assembly reference?)
C:\gh\azure-sdk-for-net\sdk\digitaltwins\Azure.DigitalTwins.Core\samples\DigitalTwinsClientSample\DigitalTwinsLifecycleSamples.cs(217,83): error CS0518: Predefined type 'System.String' is not defined or imported
C:\gh\azure-sdk-for-net\sdk\digitaltwins\Azure.DigitalTwins.Core\samples\DigitalTwinsClientSample\DigitalTwinsLifecycleSamples.cs(217,114): error CS0518: Predefined type 'System.String' is not defined or imported
C:\gh\azure-sdk-for-net\sdk\digitaltwins\Azure.DigitalTwins.Core\samples\DigitalTwinsClientSample\DigitalTwinsLifecycleSamples.cs(217,31): error CS0246: The type or namespace name 'Task<>' could not be found (are you missing a using directive or an assembly reference?)
C:\gh\azure-sdk-for-net\sdk\digitaltwins\Azure.DigitalTwins.Core\samples\DigitalTwinsClientSample\DigitalTwinsLifecycleSamples.cs(218,108): error CS0518: Predefined type 'System.String' is not defined or imported
C:\gh\azure-sdk-for-net\sdk\digitaltwins\Azure.DigitalTwins.Core\samples\DigitalTwinsClientSample\DigitalTwinsLifecycleSamples.cs(225,27): error CS0246: The type or namespace name 'Task<>' could not be found (are you missing a using directive or an assembly reference?)
C:\gh\azure-sdk-for-net\sdk\digitaltwins\Azure.DigitalTwins.Core\samples\DigitalTwinsClientSample\DigitalTwinsLifecycleSamples.cs(230,24): error CS0246: The type or namespace name 'RequestFailedException' could not be found (are you missing a using directive or an assembly reference?)
C:\gh\azure-sdk-for-net\sdk\digitaltwins\Azure.DigitalTwins.Core\samples\DigitalTwinsClientSample\DigitalTwinsLifecycleSamples.cs(234,24): error CS0246: The type or namespace name 'RequestFailedException' could not be found (are you missing a using directive or an assembly reference?)
C:\gh\azure-sdk-for-net\sdk\digitaltwins\Azure.DigitalTwins.Core\samples\DigitalTwinsClientSample\RelationshipSamples.cs(36,19): error CS0246: The type or namespace name 'Task<>' could not be found (are you missing a using directive or an assembly reference?)
C:\gh\azure-sdk-for-net\sdk\digitaltwins\Azure.DigitalTwins.Core\samples\DigitalTwinsClientSample\RelationshipSamples.cs(50,19): error CS0246: The type or namespace name 'Task<>' could not be found (are you missing a using directive or an assembly reference?)
C:\gh\azure-sdk-for-net\sdk\digitaltwins\Azure.DigitalTwins.Core\samples\DigitalTwinsClientSample\RelationshipSamples.cs(53,13): error CS0246: The type or namespace name 'Response<>' could not be found (are you missing a using directive or an assembly reference?)
C:\gh\azure-sdk-for-net\sdk\digitaltwins\Azure.DigitalTwins.Core\samples\DigitalTwinsClientSample\RelationshipSamples.cs(53,75): error CS0246: The type or namespace name 'Task<>' could not be found (are you missing a using directive or an assembly reference?)
C:\gh\azure-sdk-for-net\sdk\digitaltwins\Azure.DigitalTwins.Core\samples\DigitalTwinsClientSample\RelationshipSamples.cs(57,43): error CS0518: Predefined type 'System.Void' is not defined or imported
C:\gh\azure-sdk-for-net\sdk\digitaltwins\Azure.DigitalTwins.Core\samples\DigitalTwinsClientSample\RelationshipSamples.cs(59,17): error CS0518: Predefined type 'System.String' is not defined or imported
C:\gh\azure-sdk-for-net\sdk\digitaltwins\Azure.DigitalTwins.Core\samples\DigitalTwinsClientSample\RelationshipSamples.cs(60,30): error CS0518: Predefined type 'System.String' is not defined or imported
C:\gh\azure-sdk-for-net\sdk\digitaltwins\Azure.DigitalTwins.Core\samples\DigitalTwinsClientSample\RelationshipSamples.cs(63,13): error CS0246: The type or namespace name 'Response<>' could not be found (are you missing a using directive or an assembly reference?)
C:\gh\azure-sdk-for-net\sdk\digitaltwins\Azure.DigitalTwins.Core\samples\DigitalTwinsClientSample\RelationshipSamples.cs(63,74): error CS0246: The type or namespace name 'Task<>' could not be found (are you missing a using directive or an assembly reference?)
C:\gh\azure-sdk-for-net\sdk\digitaltwins\Azure.DigitalTwins.Core\samples\DigitalTwinsClientSample\RelationshipSamples.cs(67,40): error CS0518: Predefined type 'System.Void' is not defined or imported
C:\gh\azure-sdk-for-net\sdk\digitaltwins\Azure.DigitalTwins.Core\samples\DigitalTwinsClientSample\RelationshipSamples.cs(69,17): error CS0518: Predefined type 'System.String' is not defined or imported
C:\gh\azure-sdk-for-net\sdk\digitaltwins\Azure.DigitalTwins.Core\samples\DigitalTwinsClientSample\RelationshipSamples.cs(70,30): error CS0518: Predefined type 'System.String' is not defined or imported
C:\gh\azure-sdk-for-net\sdk\digitaltwins\Azure.DigitalTwins.Core\samples\DigitalTwinsClientSample\RelationshipSamples.cs(73,13): error CS0246: The type or namespace name 'Response<>' could not be found (are you missing a using directive or an assembly reference?)
C:\gh\azure-sdk-for-net\sdk\digitaltwins\Azure.DigitalTwins.Core\samples\DigitalTwinsClientSample\RelationshipSamples.cs(73,79): error CS0246: The type or namespace name 'Task<>' could not be found (are you missing a using directive or an assembly reference?)
C:\gh\azure-sdk-for-net\sdk\digitaltwins\Azure.DigitalTwins.Core\samples\DigitalTwinsClientSample\RelationshipSamples.cs(80,56): error CS0518: Predefined type 'System.Void' is not defined or imported
C:\gh\azure-sdk-for-net\sdk\digitaltwins\Azure.DigitalTwins.Core\samples\DigitalTwinsClientSample\RelationshipSamples.cs(82,17): error CS0518: Predefined type 'System.String' is not defined or imported
C:\gh\azure-sdk-for-net\sdk\digitaltwins\Azure.DigitalTwins.Core\samples\DigitalTwinsClientSample\RelationshipSamples.cs(83,17): error CS0518: Predefined type 'System.String' is not defined or imported
C:\gh\azure-sdk-for-net\sdk\digitaltwins\Azure.DigitalTwins.Core\samples\DigitalTwinsClientSample\RelationshipSamples.cs(84,17): error CS0518: Predefined type 'System.String' is not defined or imported
C:\gh\azure-sdk-for-net\sdk\digitaltwins\Azure.DigitalTwins.Core\samples\DigitalTwinsClientSample\RelationshipSamples.cs(85,17): error CS0518: Predefined type 'System.String' is not defined or imported
C:\gh\azure-sdk-for-net\sdk\digitaltwins\Azure.DigitalTwins.Core\samples\DigitalTwinsClientSample\RelationshipSamples.cs(86,17): error CS0246: The type or namespace name 'IDictionary<,>' could not be found (are you missing a using directive or an assembly reference?)
C:\gh\azure-sdk-for-net\sdk\digitaltwins\Azure.DigitalTwins.Core\samples\DigitalTwinsClientSample\RelationshipSamples.cs(93,13): error CS0246: The type or namespace name 'Response<>' could not be found (are you missing a using directive or an assembly reference?)
C:\gh\azure-sdk-for-net\sdk\digitaltwins\Azure.DigitalTwins.Core\samples\DigitalTwinsClientSample\RelationshipSamples.cs(93,89): error CS0246: The type or namespace name 'Task<>' could not be found (are you missing a using directive or an assembly reference?)
C:\gh\azure-sdk-for-net\sdk\digitaltwins\Azure.DigitalTwins.Core\samples\DigitalTwinsClientSample\RelationshipSamples.cs(104,13): error CS0246: The type or namespace name 'Response<>' could not be found (are you missing a using directive or an assembly reference?)
C:\gh\azure-sdk-for-net\sdk\digitaltwins\Azure.DigitalTwins.Core\samples\DigitalTwinsClientSample\RelationshipSamples.cs(104,78): error CS0246: The type or namespace name 'Task<>' could not be found (are you missing a using directive or an assembly reference?)
C:\gh\azure-sdk-for-net\sdk\digitaltwins\Azure.DigitalTwins.Core\samples\DigitalTwinsClientSample\RelationshipSamples.cs(110,80): error CS0518: Predefined type 'System.String' is not defined or imported
C:\gh\azure-sdk-for-net\sdk\digitaltwins\Azure.DigitalTwins.Core\samples\DigitalTwinsClientSample\RelationshipSamples.cs(110,114): error CS0518: Predefined type 'System.String' is not defined or imported
C:\gh\azure-sdk-for-net\sdk\digitaltwins\Azure.DigitalTwins.Core\samples\DigitalTwinsClientSample\RelationshipSamples.cs(111,49): error CS0246: The type or namespace name 'IDictionary<,>' could not be found (are you missing a using directive or an assembly reference?)
C:\gh\azure-sdk-for-net\sdk\digitaltwins\Azure.DigitalTwins.Core\samples\DigitalTwinsClientSample\RelationshipSamples.cs(112,49): error CS0246: The type or namespace name 'IDictionary<,>' could not be found (are you missing a using directive or an assembly reference?)
C:\gh\azure-sdk-for-net\sdk\digitaltwins\Azure.DigitalTwins.Core\samples\DigitalTwinsClientSample\RelationshipSamples.cs(134,13): error CS0246: The type or namespace name 'Response<>' could not be found (are you missing a using directive or an assembly reference?)
C:\gh\azure-sdk-for-net\sdk\digitaltwins\Azure.DigitalTwins.Core\samples\DigitalTwinsClientSample\RelationshipSamples.cs(134,83): error CS0246: The type or namespace name 'Task<>' could not be found (are you missing a using directive or an assembly reference?)
C:\gh\azure-sdk-for-net\sdk\digitaltwins\Azure.DigitalTwins.Core\samples\DigitalTwinsClientSample\RelationshipSamples.cs(145,13): error CS0246: The type or namespace name 'Response<>' could not be found (are you missing a using directive or an assembly reference?)
C:\gh\azure-sdk-for-net\sdk\digitaltwins\Azure.DigitalTwins.Core\samples\DigitalTwinsClientSample\RelationshipSamples.cs(145,80): error CS0246: The type or namespace name 'Task<>' could not be found (are you missing a using directive or an assembly reference?)
C:\gh\azure-sdk-for-net\sdk\digitaltwins\Azure.DigitalTwins.Core\samples\DigitalTwinsClientSample\RelationshipSamples.cs(159,13): error CS0246: The type or namespace name 'AsyncPageable<>' could not be found (are you missing a using directive or an assembly reference?)
C:\gh\azure-sdk-for-net\sdk\digitaltwins\Azure.DigitalTwins.Core\samples\DigitalTwinsClientSample\RelationshipSamples.cs(159,62): error CS0246: The type or namespace name 'AsyncPageable<>' could not be found (are you missing a using directive or an assembly reference?)
C:\gh\azure-sdk-for-net\sdk\digitaltwins\Azure.DigitalTwins.Core\samples\DigitalTwinsClientSample\RelationshipSamples.cs(162,75): error CS0518: Predefined type 'System.String' is not defined or imported
C:\gh\azure-sdk-for-net\sdk\digitaltwins\Azure.DigitalTwins.Core\samples\DigitalTwinsClientSample\RelationshipSamples.cs(162,106): error CS0518: Predefined type 'System.String' is not defined or imported
C:\gh\azure-sdk-for-net\sdk\digitaltwins\Azure.DigitalTwins.Core\samples\DigitalTwinsClientSample\RelationshipSamples.cs(163,44): error CS0518: Predefined type 'System.String' is not defined or imported
C:\gh\azure-sdk-for-net\sdk\digitaltwins\Azure.DigitalTwins.Core\samples\DigitalTwinsClientSample\RelationshipSamples.cs(164,44): error CS0246: The type or namespace name 'IDictionary<,>' could not be found (are you missing a using directive or an assembly reference?)
C:\gh\azure-sdk-for-net\sdk\digitaltwins\Azure.DigitalTwins.Core\samples\DigitalTwinsClientSample\RelationshipSamples.cs(165,44): error CS0246: The type or namespace name 'IDictionary<,>' could not be found (are you missing a using directive or an assembly reference?)
C:\gh\azure-sdk-for-net\sdk\digitaltwins\Azure.DigitalTwins.Core\samples\DigitalTwinsClientSample\RelationshipSamples.cs(174,13): error CS0246: The type or namespace name 'AsyncPageable<>' could not be found (are you missing a using directive or an assembly reference?)
C:\gh\azure-sdk-for-net\sdk\digitaltwins\Azure.DigitalTwins.Core\samples\DigitalTwinsClientSample\RelationshipSamples.cs(174,73): error CS0246: The type or namespace name 'AsyncPageable<>' could not be found (are you missing a using directive or an assembly reference?)
C:\gh\azure-sdk-for-net\sdk\digitaltwins\Azure.DigitalTwins.Core\samples\DigitalTwinsClientSample\RelationshipSamples.cs(178,91): error CS0518: Predefined type 'System.String' is not defined or imported
C:\gh\azure-sdk-for-net\sdk\digitaltwins\Azure.DigitalTwins.Core\samples\DigitalTwinsClientSample\RelationshipSamples.cs(178,136): error CS0518: Predefined type 'System.String' is not defined or imported
C:\gh\azure-sdk-for-net\sdk\digitaltwins\Azure.DigitalTwins.Core\samples\DigitalTwinsClientSample\RelationshipSamples.cs(187,19): error CS0246: The type or namespace name 'Task<>' could not be found (are you missing a using directive or an assembly reference?)
C:\gh\azure-sdk-for-net\sdk\digitaltwins\Azure.DigitalTwins.Core\samples\DigitalTwinsClientSample\RelationshipSamples.cs(193,19): error CS0246: The type or namespace name 'Task<>' could not be found (are you missing a using directive or an assembly reference?)
C:\gh\azure-sdk-for-net\sdk\digitaltwins\Azure.DigitalTwins.Core\samples\DigitalTwinsClientSample\RelationshipSamples.cs(200,23): error CS0246: The type or namespace name 'Task<>' could not be found (are you missing a using directive or an assembly reference?)
C:\gh\azure-sdk-for-net\sdk\digitaltwins\Azure.DigitalTwins.Core\samples\DigitalTwinsClientSample\RelationshipSamples.cs(201,23): error CS0246: The type or namespace name 'Task<>' could not be found (are you missing a using directive or an assembly reference?)
C:\gh\azure-sdk-for-net\sdk\digitaltwins\Azure.DigitalTwins.Core\samples\DigitalTwinsClientSample\RelationshipSamples.cs(203,20): error CS0246: The type or namespace name 'RequestFailedException' could not be found (are you missing a using directive or an assembly reference?)
C:\gh\azure-sdk-for-net\sdk\digitaltwins\Azure.DigitalTwins.Core\samples\DigitalTwinsClientSample\RelationshipSamples.cs(210,23): error CS0246: The type or namespace name 'Task<>' could not be found (are you missing a using directive or an assembly reference?)
C:\gh\azure-sdk-for-net\sdk\digitaltwins\Azure.DigitalTwins.Core\samples\DigitalTwinsClientSample\RelationshipSamples.cs(211,23): error CS0246: The type or namespace name 'Task<>' could not be found (are you missing a using directive or an assembly reference?)
C:\gh\azure-sdk-for-net\sdk\digitaltwins\Azure.DigitalTwins.Core\samples\DigitalTwinsClientSample\RelationshipSamples.cs(213,20): error CS0246: The type or namespace name 'RequestFailedException' could not be found (are you missing a using directive or an assembly reference?)
C:\gh\azure-sdk-for-net\sdk\digitaltwins\Azure.DigitalTwins.Core\samples\DigitalTwinsClientSample\DigitalTwinsLifecycleSamples.cs(255,21): error CS0246: The type or namespace name 'Response<>' could not be found (are you missing a using directive or an assembly reference?)
C:\gh\azure-sdk-for-net\sdk\digitaltwins\Azure.DigitalTwins.Core\samples\DigitalTwinsClientSample\DigitalTwinsLifecycleSamples.cs(255,65): error CS0246: The type or namespace name 'Task<>' could not be found (are you missing a using directive or an assembly reference?)
C:\gh\azure-sdk-for-net\sdk\digitaltwins\Azure.DigitalTwins.Core\samples\DigitalTwinsClientSample\DigitalTwinsLifecycleSamples.cs(279,17): error CS0246: The type or namespace name 'AsyncPageable<>' could not be found (are you missing a using directive or an assembly reference?)
C:\gh\azure-sdk-for-net\sdk\digitaltwins\Azure.DigitalTwins.Core\samples\DigitalTwinsClientSample\DigitalTwinsLifecycleSamples.cs(279,73): error CS0246: The type or namespace name 'AsyncPageable<>' could not be found (are you missing a using directive or an assembly reference?)
C:\gh\azure-sdk-for-net\sdk\digitaltwins\Azure.DigitalTwins.Core\samples\DigitalTwinsClientSample\DigitalTwinsLifecycleSamples.cs(286,67): error CS0518: Predefined type 'System.String' is not defined or imported
C:\gh\azure-sdk-for-net\sdk\digitaltwins\Azure.DigitalTwins.Core\samples\DigitalTwinsClientSample\DigitalTwinsLifecycleSamples.cs(299,17): error CS0246: The type or namespace name 'AsyncPageable<>' could not be found (are you missing a using directive or an assembly reference?)
C:\gh\azure-sdk-for-net\sdk\digitaltwins\Azure.DigitalTwins.Core\samples\DigitalTwinsClientSample\DigitalTwinsLifecycleSamples.cs(299,83): error CS0246: The type or namespace name 'AsyncPageable<>' could not be found (are you missing a using directive or an assembly reference?)
C:\gh\azure-sdk-for-net\sdk\digitaltwins\Azure.DigitalTwins.Core\samples\DigitalTwinsClientSample\DigitalTwinsLifecycleSamples.cs(303,32): error CS0246: The type or namespace name 'Page<>' could not be found (are you missing a using directive or an assembly reference?)
C:\gh\azure-sdk-for-net\sdk\digitaltwins\Azure.DigitalTwins.Core\samples\DigitalTwinsClientSample\DigitalTwinsLifecycleSamples.cs(308,25): error CS0518: Predefined type 'System.Boolean' is not defined or imported
C:\gh\azure-sdk-for-net\sdk\digitaltwins\Azure.DigitalTwins.Core\samples\DigitalTwinsClientSample\DigitalTwinsLifecycleSamples.cs(317,71): error CS0518: Predefined type 'System.String' is not defined or imported
C:\gh\azure-sdk-for-net\sdk\digitaltwins\Azure.DigitalTwins.Core\samples\DigitalTwinsClientSample\DigitalTwinsLifecycleSamples.cs(351,25): error CS0246: The type or namespace name 'Response<>' could not be found (are you missing a using directive or an assembly reference?)
C:\gh\azure-sdk-for-net\sdk\digitaltwins\Azure.DigitalTwins.Core\samples\DigitalTwinsClientSample\DigitalTwinsLifecycleSamples.cs(352,42): error CS0518: Predefined type 'System.String' is not defined or imported
C:\gh\azure-sdk-for-net\sdk\digitaltwins\Azure.DigitalTwins.Core\samples\DigitalTwinsClientSample\DigitalTwinsLifecycleSamples.cs(353,42): error CS0518: Predefined type 'System.String' is not defined or imported
C:\gh\azure-sdk-for-net\sdk\digitaltwins\Azure.DigitalTwins.Core\samples\DigitalTwinsClientSample\DigitalTwinsLifecycleSamples.cs(351,88): error CS0246: The type or namespace name 'Task<>' could not be found (are you missing a using directive or an assembly reference?)
C:\gh\azure-sdk-for-net\sdk\digitaltwins\Azure.DigitalTwins.Core\samples\DigitalTwinsClientSample\DigitalTwinsLifecycleSamples.cs(359,28): error CS0246: The type or namespace name 'RequestFailedException' could not be found (are you missing a using directive or an assembly reference?)
C:\gh\azure-sdk-for-net\sdk\digitaltwins\Azure.DigitalTwins.Core\samples\DigitalTwinsClientSample\DigitalTwinsLifecycleSamples.cs(361,73): error CS0518: Predefined type 'System.String' is not defined or imported
C:\gh\azure-sdk-for-net\sdk\digitaltwins\Azure.DigitalTwins.Core\samples\DigitalTwinsClientSample\DigitalTwinsLifecycleSamples.cs(377,17): error CS0246: The type or namespace name 'AsyncPageable<>' could not be found (are you missing a using directive or an assembly reference?)
C:\gh\azure-sdk-for-net\sdk\digitaltwins\Azure.DigitalTwins.Core\samples\DigitalTwinsClientSample\DigitalTwinsLifecycleSamples.cs(377,66): error CS0246: The type or namespace name 'AsyncPageable<>' could not be found (are you missing a using directive or an assembly reference?)
C:\gh\azure-sdk-for-net\sdk\digitaltwins\Azure.DigitalTwins.Core\samples\DigitalTwinsClientSample\DigitalTwinsLifecycleSamples.cs(380,58): error CS0518: Predefined type 'System.String' is not defined or imported
C:\gh\azure-sdk-for-net\sdk\digitaltwins\Azure.DigitalTwins.Core\samples\DigitalTwinsClientSample\DigitalTwinsLifecycleSamples.cs(380,83): error CS0518: Predefined type 'System.String' is not defined or imported
C:\gh\azure-sdk-for-net\sdk\digitaltwins\Azure.DigitalTwins.Core\samples\DigitalTwinsClientSample\DigitalTwinsLifecycleSamples.cs(402,38): error CS0518: Predefined type 'System.Void' is not defined or imported
C:\gh\azure-sdk-for-net\sdk\digitaltwins\Azure.DigitalTwins.Core\samples\DigitalTwinsClientSample\DigitalTwinsLifecycleSamples.cs(404,23): error CS0246: The type or namespace name 'Task<>' could not be found (are you missing a using directive or an assembly reference?)
C:\gh\azure-sdk-for-net\sdk\digitaltwins\Azure.DigitalTwins.Core\samples\DigitalTwinsClientSample\DigitalTwinsLifecycleSamples.cs(425,23): error CS0246: The type or namespace name 'Task<>' could not be found (are you missing a using directive or an assembly reference?)
C:\gh\azure-sdk-for-net\sdk\digitaltwins\Azure.DigitalTwins.Core\samples\DigitalTwinsClientSample\Options.cs(4,1): hidden CS8019: Unnecessary using directive.
C:\gh\azure-sdk-for-net\sdk\digitaltwins\Azure.DigitalTwins.Core\samples\DigitalTwinsClientSample\Options.cs(5,1): hidden CS8019: Unnecessary using directive.
C:\gh\azure-sdk-for-net\sdk\digitaltwins\Azure.DigitalTwins.Core\samples\DigitalTwinsClientSample\Program.cs(7,1): hidden CS8019: Unnecessary using directive.
C:\gh\azure-sdk-for-net\artifacts\obj\DigitalTwinsClientSample\Debug\netcoreapp3.1\DigitalTwinsClientSample.AssemblyInfo.cs(11,1): hidden CS8019: Unnecessary using directive.
C:\gh\azure-sdk-for-net\artifacts\obj\DigitalTwinsClientSample\Debug\netcoreapp3.1\.NETCoreApp,Version=v3.1.AssemblyAttributes.cs(2,1): hidden CS8019: Unnecessary using directive.
C:\gh\azure-sdk-for-net\artifacts\obj\DigitalTwinsClientSample\Debug\netcoreapp3.1\.NETCoreApp,Version=v3.1.AssemblyAttributes.cs(3,1): hidden CS8019: Unnecessary using directive.
C:\gh\azure-sdk-for-net\sdk\digitaltwins\Azure.DigitalTwins.Core\samples\DigitalTwinsClientSample\Program.cs(8,1): hidden CS8019: Unnecessary using directive.
C:\gh\azure-sdk-for-net\artifacts\obj\DigitalTwinsClientSample\Debug\netcoreapp3.1\DigitalTwinsClientSample.AssemblyInfo.cs(12,1): hidden CS8019: Unnecessary using directive.
C:\gh\azure-sdk-for-net\sdk\digitaltwins\Azure.DigitalTwins.Core\samples\DigitalTwinsClientSample\RelationshipSamples.cs(6,1): hidden CS8019: Unnecessary using directive.
