C:\gh\azure-sdk-for-net\sdk\trafficmanager\Microsoft.Azure.Management.TrafficManager\tests\Helpers\TrafficManagerHelper.cs(267,26): error CS1061: 'Endpoint' does not contain a definition for 'MinChildEndpointsIPv4' and no accessible extension method 'MinChildEndpointsIPv4' accepting a first argument of type 'Endpoint' could be found (are you missing a using directive or an assembly reference?)
C:\gh\azure-sdk-for-net\sdk\trafficmanager\Microsoft.Azure.Management.TrafficManager\tests\Helpers\TrafficManagerHelper.cs(268,26): error CS1061: 'Endpoint' does not contain a definition for 'MinChildEndpointsIPv6' and no accessible extension method 'MinChildEndpointsIPv6' accepting a first argument of type 'Endpoint' could be found (are you missing a using directive or an assembly reference?)
C:\gh\azure-sdk-for-net\sdk\trafficmanager\Microsoft.Azure.Management.TrafficManager\tests\ScenarioTests\ProfileScenarioTests.cs(426,63): error CS1061: 'Endpoint' does not contain a definition for 'MinChildEndpointsIPv4' and no accessible extension method 'MinChildEndpointsIPv4' accepting a first argument of type 'Endpoint' could be found (are you missing a using directive or an assembly reference?)
C:\gh\azure-sdk-for-net\sdk\trafficmanager\Microsoft.Azure.Management.TrafficManager\tests\ScenarioTests\ProfileScenarioTests.cs(427,63): error CS1061: 'Endpoint' does not contain a definition for 'MinChildEndpointsIPv6' and no accessible extension method 'MinChildEndpointsIPv6' accepting a first argument of type 'Endpoint' could be found (are you missing a using directive or an assembly reference?)
C:\gh\azure-sdk-for-net\sdk\trafficmanager\Microsoft.Azure.Management.TrafficManager\tests\ScenarioTests\ProfileScenarioTests.cs(430,63): error CS1061: 'Endpoint' does not contain a definition for 'MinChildEndpointsIPv4' and no accessible extension method 'MinChildEndpointsIPv4' accepting a first argument of type 'Endpoint' could be found (are you missing a using directive or an assembly reference?)
C:\gh\azure-sdk-for-net\sdk\trafficmanager\Microsoft.Azure.Management.TrafficManager\tests\ScenarioTests\ProfileScenarioTests.cs(431,63): error CS1061: 'Endpoint' does not contain a definition for 'MinChildEndpointsIPv6' and no accessible extension method 'MinChildEndpointsIPv6' accepting a first argument of type 'Endpoint' could be found (are you missing a using directive or an assembly reference?)
C:\gh\azure-sdk-for-net\sdk\trafficmanager\Microsoft.Azure.Management.TrafficManager\tests\ScenarioTests\ProfileScenarioTests.cs(434,63): error CS1061: 'Endpoint' does not contain a definition for 'MinChildEndpointsIPv4' and no accessible extension method 'MinChildEndpointsIPv4' accepting a first argument of type 'Endpoint' could be found (are you missing a using directive or an assembly reference?)
C:\gh\azure-sdk-for-net\sdk\trafficmanager\Microsoft.Azure.Management.TrafficManager\tests\ScenarioTests\ProfileScenarioTests.cs(435,63): error CS1061: 'Endpoint' does not contain a definition for 'MinChildEndpointsIPv6' and no accessible extension method 'MinChildEndpointsIPv6' accepting a first argument of type 'Endpoint' could be found (are you missing a using directive or an assembly reference?)
C:\gh\azure-sdk-for-net\sdk\trafficmanager\Microsoft.Azure.Management.TrafficManager\tests\ScenarioTests\ProfileScenarioTests.cs(438,63): error CS1061: 'Endpoint' does not contain a definition for 'MinChildEndpointsIPv4' and no accessible extension method 'MinChildEndpointsIPv4' accepting a first argument of type 'Endpoint' could be found (are you missing a using directive or an assembly reference?)
C:\gh\azure-sdk-for-net\sdk\trafficmanager\Microsoft.Azure.Management.TrafficManager\tests\ScenarioTests\ProfileScenarioTests.cs(439,63): error CS1061: 'Endpoint' does not contain a definition for 'MinChildEndpointsIPv6' and no accessible extension method 'MinChildEndpointsIPv6' accepting a first argument of type 'Endpoint' could be found (are you missing a using directive or an assembly reference?)
C:\gh\azure-sdk-for-net\sdk\trafficmanager\Microsoft.Azure.Management.TrafficManager\tests\ScenarioTests\ProfileScenarioTests.cs(442,63): error CS1061: 'Endpoint' does not contain a definition for 'MinChildEndpointsIPv4' and no accessible extension method 'MinChildEndpointsIPv4' accepting a first argument of type 'Endpoint' could be found (are you missing a using directive or an assembly reference?)
C:\gh\azure-sdk-for-net\sdk\trafficmanager\Microsoft.Azure.Management.TrafficManager\tests\ScenarioTests\ProfileScenarioTests.cs(443,63): error CS1061: 'Endpoint' does not contain a definition for 'MinChildEndpointsIPv6' and no accessible extension method 'MinChildEndpointsIPv6' accepting a first argument of type 'Endpoint' could be found (are you missing a using directive or an assembly reference?)
C:\gh\azure-sdk-for-net\sdk\trafficmanager\Microsoft.Azure.Management.TrafficManager\tests\ScenarioTests\EndpointScenarioTests.cs(6,5): hidden CS8019: Unnecessary using directive.
C:\gh\azure-sdk-for-net\artifacts\obj\Microsoft.Azure.Management.TrafficManager.Tests\Debug\netcoreapp2.0\Microsoft.Azure.Management.TrafficManager.Tests.Program.cs(2,1): hidden CS8019: Unnecessary using directive.
C:\gh\azure-sdk-for-net\artifacts\obj\Microsoft.Azure.Management.TrafficManager.Tests\Debug\netcoreapp2.0\Microsoft.Azure.Management.TrafficManager.Tests.AssemblyInfo.cs(10,1): hidden CS8019: Unnecessary using directive.
C:\gh\azure-sdk-for-net\sdk\trafficmanager\Microsoft.Azure.Management.TrafficManager\tests\ScenarioTests\GeographicHierarchyScenarioTests.cs(6,5): hidden CS8019: Unnecessary using directive.
C:\gh\azure-sdk-for-net\artifacts\obj\Microsoft.Azure.Management.TrafficManager.Tests\Debug\netcoreapp2.0\Microsoft.Azure.Management.TrafficManager.Tests.AssemblyInfo.cs(11,1): hidden CS8019: Unnecessary using directive.
C:\gh\azure-sdk-for-net\sdk\trafficmanager\Microsoft.Azure.Management.TrafficManager\tests\ScenarioTests\EndpointScenarioTests.cs(7,5): hidden CS8019: Unnecessary using directive.
C:\gh\azure-sdk-for-net\artifacts\obj\Microsoft.Azure.Management.TrafficManager.Tests\Debug\netcoreapp2.0\.NETCoreApp,Version=v2.0.AssemblyAttributes.cs(2,1): hidden CS8019: Unnecessary using directive.
C:\gh\azure-sdk-for-net\artifacts\obj\Microsoft.Azure.Management.TrafficManager.Tests\Debug\netcoreapp2.0\.NETCoreApp,Version=v2.0.AssemblyAttributes.cs(3,1): hidden CS8019: Unnecessary using directive.
C:\gh\azure-sdk-for-net\sdk\trafficmanager\Microsoft.Azure.Management.TrafficManager\tests\ScenarioTests\GeographicHierarchyScenarioTests.cs(7,5): hidden CS8019: Unnecessary using directive.
C:\gh\azure-sdk-for-net\eng\mgmt\DisableTestRunParallel.cs(4,1): hidden CS8019: Unnecessary using directive.
C:\gh\azure-sdk-for-net\sdk\trafficmanager\Microsoft.Azure.Management.TrafficManager\tests\Properties\AssemblyInfo.cs(5,1): hidden CS8019: Unnecessary using directive.
C:\gh\azure-sdk-for-net\sdk\trafficmanager\Microsoft.Azure.Management.TrafficManager\tests\ScenarioTests\GeographicHierarchyScenarioTests.cs(8,5): hidden CS8019: Unnecessary using directive.
C:\gh\azure-sdk-for-net\sdk\trafficmanager\Microsoft.Azure.Management.TrafficManager\tests\ScenarioTests\GeographicHierarchyScenarioTests.cs(9,5): hidden CS8019: Unnecessary using directive.
