C:\gh\azure-sdk-for-net\sdk\synapse\Azure.Analytics.Synapse.AccessControl\tests\AccessControlClientTestBase.cs(12,6): error CS0246: The type or namespace name 'NonParallelizableAttribute' could not be found (are you missing a using directive or an assembly reference?)
C:\gh\azure-sdk-for-net\sdk\synapse\Azure.Analytics.Synapse.AccessControl\tests\AccessControlClientTestBase.cs(12,6): error CS0246: The type or namespace name 'NonParallelizable' could not be found (are you missing a using directive or an assembly reference?)
C:\gh\azure-sdk-for-net\sdk\synapse\Azure.Analytics.Synapse.AccessControl\tests\AccessControlClientLiveTests.cs(82,10): error CS0246: The type or namespace name 'TestAttribute' could not be found (are you missing a using directive or an assembly reference?)
C:\gh\azure-sdk-for-net\sdk\synapse\Azure.Analytics.Synapse.AccessControl\tests\AccessControlClientLiveTests.cs(82,10): error CS0246: The type or namespace name 'Test' could not be found (are you missing a using directive or an assembly reference?)
C:\gh\azure-sdk-for-net\sdk\synapse\Azure.Analytics.Synapse.Shared\tests\SynapseTestEventListener.cs(15,17): error CS0246: The type or namespace name 'AzureEventSourceListener' could not be found (are you missing a using directive or an assembly reference?)
C:\gh\azure-sdk-for-net\sdk\synapse\Azure.Analytics.Synapse.AccessControl\tests\AccessControlClientLiveTests.cs(60,10): error CS0246: The type or namespace name 'TestAttribute' could not be found (are you missing a using directive or an assembly reference?)
C:\gh\azure-sdk-for-net\sdk\synapse\Azure.Analytics.Synapse.AccessControl\tests\AccessControlClientLiveTests.cs(60,10): error CS0246: The type or namespace name 'Test' could not be found (are you missing a using directive or an assembly reference?)
C:\gh\azure-sdk-for-net\sdk\synapse\Azure.Analytics.Synapse.AccessControl\tests\AccessControlClientLiveTests.cs(46,10): error CS0246: The type or namespace name 'TestAttribute' could not be found (are you missing a using directive or an assembly reference?)
C:\gh\azure-sdk-for-net\sdk\synapse\Azure.Analytics.Synapse.AccessControl\tests\AccessControlClientLiveTests.cs(46,10): error CS0246: The type or namespace name 'Test' could not be found (are you missing a using directive or an assembly reference?)
C:\gh\azure-sdk-for-net\sdk\synapse\Azure.Analytics.Synapse.AccessControl\tests\AccessControlClientLiveTests.cs(32,10): error CS0246: The type or namespace name 'TestAttribute' could not be found (are you missing a using directive or an assembly reference?)
C:\gh\azure-sdk-for-net\sdk\synapse\Azure.Analytics.Synapse.AccessControl\tests\AccessControlClientLiveTests.cs(32,10): error CS0246: The type or namespace name 'Test' could not be found (are you missing a using directive or an assembly reference?)
C:\gh\azure-sdk-for-net\sdk\synapse\Azure.Analytics.Synapse.AccessControl\tests\AccessControlClientLiveTests.cs(10,7): error CS0246: The type or namespace name 'Newtonsoft' could not be found (are you missing a using directive or an assembly reference?)
C:\gh\azure-sdk-for-net\sdk\synapse\Azure.Analytics.Synapse.AccessControl\tests\AccessControlClientLiveTests.cs(11,7): error CS0246: The type or namespace name 'NUnit' could not be found (are you missing a using directive or an assembly reference?)
C:\gh\azure-sdk-for-net\sdk\synapse\Azure.Analytics.Synapse.AccessControl\tests\AccessControlClientTestBase.cs(6,7): error CS0246: The type or namespace name 'NUnit' could not be found (are you missing a using directive or an assembly reference?)
C:\gh\azure-sdk-for-net\sdk\synapse\Azure.Analytics.Synapse.AccessControl\tests\samples\Sample1_HelloWorld.cs(10,13): error CS0234: The type or namespace name 'Identity' does not exist in the namespace 'Azure' (are you missing an assembly reference?)
C:\gh\azure-sdk-for-net\sdk\synapse\Azure.Analytics.Synapse.AccessControl\tests\samples\Sample1_HelloWorld.cs(11,7): error CS0246: The type or namespace name 'NUnit' could not be found (are you missing a using directive or an assembly reference?)
C:\gh\azure-sdk-for-net\sdk\synapse\Azure.Analytics.Synapse.Shared\tests\SampleFixture.cs(6,7): error CS0246: The type or namespace name 'NUnit' could not be found (are you missing a using directive or an assembly reference?)
C:\gh\azure-sdk-for-net\sdk\synapse\Azure.Analytics.Synapse.Shared\tests\SynapseTestEventListener.cs(6,18): error CS0234: The type or namespace name 'Diagnostics' does not exist in the namespace 'Azure.Core' (are you missing an assembly reference?)
C:\gh\azure-sdk-for-net\sdk\synapse\Azure.Analytics.Synapse.Shared\tests\SampleFixture.cs(10,6): error CS0012: The type 'NUnitAttribute' is defined in an assembly that is not referenced. You must add a reference to assembly 'nunit.framework, Version=3.12.0.0, Culture=neutral, PublicKeyToken=2638cd05610744eb'.
C:\gh\azure-sdk-for-net\sdk\synapse\Azure.Analytics.Synapse.Shared\tests\SampleFixture.cs(11,6): error CS0246: The type or namespace name 'NonParallelizableAttribute' could not be found (are you missing a using directive or an assembly reference?)
C:\gh\azure-sdk-for-net\sdk\synapse\Azure.Analytics.Synapse.Shared\tests\SampleFixture.cs(11,6): error CS0246: The type or namespace name 'NonParallelizable' could not be found (are you missing a using directive or an assembly reference?)
C:\gh\azure-sdk-for-net\sdk\synapse\Azure.Analytics.Synapse.AccessControl\tests\samples\Sample1_HelloWorld.cs(20,10): error CS0246: The type or namespace name 'TestAttribute' could not be found (are you missing a using directive or an assembly reference?)
C:\gh\azure-sdk-for-net\sdk\synapse\Azure.Analytics.Synapse.AccessControl\tests\samples\Sample1_HelloWorld.cs(20,10): error CS0246: The type or namespace name 'Test' could not be found (are you missing a using directive or an assembly reference?)
C:\gh\azure-sdk-for-net\sdk\synapse\Azure.Analytics.Synapse.Shared\tests\SampleFixture.cs(16,10): error CS0246: The type or namespace name 'SetUpAttribute' could not be found (are you missing a using directive or an assembly reference?)
C:\gh\azure-sdk-for-net\sdk\synapse\Azure.Analytics.Synapse.Shared\tests\SampleFixture.cs(16,10): error CS0246: The type or namespace name 'SetUp' could not be found (are you missing a using directive or an assembly reference?)
C:\gh\azure-sdk-for-net\sdk\synapse\Azure.Analytics.Synapse.Shared\tests\SampleFixture.cs(19,10): error CS0246: The type or namespace name 'TearDownAttribute' could not be found (are you missing a using directive or an assembly reference?)
C:\gh\azure-sdk-for-net\sdk\synapse\Azure.Analytics.Synapse.Shared\tests\SampleFixture.cs(19,10): error CS0246: The type or namespace name 'TearDown' could not be found (are you missing a using directive or an assembly reference?)
C:\gh\azure-sdk-for-net\sdk\synapse\Azure.Analytics.Synapse.Shared\tests\SynapseTestEventListener.cs(25,29): error CS0103: The name 'AzureEventSourceListener' does not exist in the current context
C:\gh\azure-sdk-for-net\sdk\synapse\Azure.Analytics.Synapse.AccessControl\tests\AccessControlClientTestBase.cs(37,13): error CS0246: The type or namespace name 'TestContext' could not be found (are you missing a using directive or an assembly reference?)
C:\gh\azure-sdk-for-net\sdk\synapse\Azure.Analytics.Synapse.AccessControl\tests\AccessControlClientTestBase.cs(37,51): error CS0103: The name 'TestContext' does not exist in the current context
C:\gh\azure-sdk-for-net\sdk\synapse\Azure.Analytics.Synapse.AccessControl\tests\AccessControlClientTestBase.cs(43,33): error CS0103: The name 'TestContext' does not exist in the current context
C:\gh\azure-sdk-for-net\sdk\synapse\Azure.Analytics.Synapse.AccessControl\tests\AccessControlClientLiveTests.cs(35,45): error CS0246: The type or namespace name 'AsyncPageable<>' could not be found (are you missing a using directive or an assembly reference?)
C:\gh\azure-sdk-for-net\sdk\synapse\Azure.Analytics.Synapse.AccessControl\tests\AccessControlClientLiveTests.cs(36,13): error CS0103: The name 'CollectionAssert' does not exist in the current context
C:\gh\azure-sdk-for-net\sdk\synapse\Azure.Analytics.Synapse.AccessControl\tests\AccessControlClientLiveTests.cs(39,108): error CS0518: Predefined type 'System.String' is not defined or imported
C:\gh\azure-sdk-for-net\sdk\synapse\Azure.Analytics.Synapse.AccessControl\tests\AccessControlClientLiveTests.cs(39,48): error CS0246: The type or namespace name 'Task<>' could not be found (are you missing a using directive or an assembly reference?)
C:\gh\azure-sdk-for-net\sdk\synapse\Azure.Analytics.Synapse.AccessControl\tests\AccessControlClientLiveTests.cs(40,17): error CS0103: The name 'Assert' does not exist in the current context
C:\gh\azure-sdk-for-net\sdk\synapse\Azure.Analytics.Synapse.AccessControl\tests\AccessControlClientLiveTests.cs(40,46): error CS0518: Predefined type 'System.String' is not defined or imported
C:\gh\azure-sdk-for-net\sdk\synapse\Azure.Analytics.Synapse.AccessControl\tests\AccessControlClientLiveTests.cs(40,63): error CS0518: Predefined type 'System.String' is not defined or imported
C:\gh\azure-sdk-for-net\sdk\synapse\Azure.Analytics.Synapse.AccessControl\tests\AccessControlClientLiveTests.cs(41,17): error CS0103: The name 'Assert' does not exist in the current context
C:\gh\azure-sdk-for-net\sdk\synapse\Azure.Analytics.Synapse.AccessControl\tests\AccessControlClientLiveTests.cs(41,46): error CS0518: Predefined type 'System.String' is not defined or imported
C:\gh\azure-sdk-for-net\sdk\synapse\Azure.Analytics.Synapse.AccessControl\tests\AccessControlClientLiveTests.cs(41,61): error CS0518: Predefined type 'System.String' is not defined or imported
C:\gh\azure-sdk-for-net\sdk\synapse\Azure.Analytics.Synapse.AccessControl\tests\AccessControlClientLiveTests.cs(42,17): error CS0103: The name 'Assert' does not exist in the current context
C:\gh\azure-sdk-for-net\sdk\synapse\Azure.Analytics.Synapse.AccessControl\tests\AccessControlClientLiveTests.cs(42,46): error CS0518: Predefined type 'System.Boolean' is not defined or imported
C:\gh\azure-sdk-for-net\sdk\synapse\Azure.Analytics.Synapse.AccessControl\tests\AccessControlClientLiveTests.cs(42,68): error CS0518: Predefined type 'System.Boolean' is not defined or imported
C:\gh\azure-sdk-for-net\sdk\synapse\Azure.Analytics.Synapse.AccessControl\tests\AccessControlClientTestBase.cs(50,33): error CS0012: The type 'TokenCredential' is defined in an assembly that is not referenced. You must add a reference to assembly 'Azure.Core, Version=1.4.1.0, Culture=neutral, PublicKeyToken=92742159e12e44c8'.
C:\gh\azure-sdk-for-net\sdk\synapse\Azure.Analytics.Synapse.AccessControl\tests\AccessControlClientTestBase.cs(51,45): error CS0518: Predefined type 'System.Void' is not defined or imported
C:\gh\azure-sdk-for-net\sdk\synapse\Azure.Analytics.Synapse.AccessControl\tests\AccessControlClientTestBase.cs(48,41): error CS0518: Predefined type 'System.Void' is not defined or imported
C:\gh\azure-sdk-for-net\sdk\synapse\Azure.Analytics.Synapse.AccessControl\tests\AccessControlClientLiveTests.cs(49,75): error CS0246: The type or namespace name 'Task<>' could not be found (are you missing a using directive or an assembly reference?)
C:\gh\azure-sdk-for-net\sdk\synapse\Azure.Analytics.Synapse.AccessControl\tests\AccessControlClientLiveTests.cs(50,13): error CS0103: The name 'CollectionAssert' does not exist in the current context
C:\gh\azure-sdk-for-net\sdk\synapse\Azure.Analytics.Synapse.AccessControl\tests\AccessControlClientLiveTests.cs(53,138): error CS0518: Predefined type 'System.String' is not defined or imported
C:\gh\azure-sdk-for-net\sdk\synapse\Azure.Analytics.Synapse.AccessControl\tests\AccessControlClientLiveTests.cs(53,68): error CS0246: The type or namespace name 'Task<>' could not be found (are you missing a using directive or an assembly reference?)
C:\gh\azure-sdk-for-net\sdk\synapse\Azure.Analytics.Synapse.AccessControl\tests\AccessControlClientLiveTests.cs(54,17): error CS0103: The name 'Assert' does not exist in the current context
C:\gh\azure-sdk-for-net\sdk\synapse\Azure.Analytics.Synapse.AccessControl\tests\AccessControlClientLiveTests.cs(54,56): error CS0518: Predefined type 'System.String' is not defined or imported
C:\gh\azure-sdk-for-net\sdk\synapse\Azure.Analytics.Synapse.AccessControl\tests\AccessControlClientLiveTests.cs(54,81): error CS0518: Predefined type 'System.String' is not defined or imported
C:\gh\azure-sdk-for-net\sdk\synapse\Azure.Analytics.Synapse.AccessControl\tests\AccessControlClientLiveTests.cs(55,17): error CS0103: The name 'Assert' does not exist in the current context
C:\gh\azure-sdk-for-net\sdk\synapse\Azure.Analytics.Synapse.AccessControl\tests\AccessControlClientLiveTests.cs(55,56): error CS0518: Predefined type 'System.String' is not defined or imported
C:\gh\azure-sdk-for-net\sdk\synapse\Azure.Analytics.Synapse.AccessControl\tests\AccessControlClientLiveTests.cs(55,90): error CS0518: Predefined type 'System.String' is not defined or imported
C:\gh\azure-sdk-for-net\sdk\synapse\Azure.Analytics.Synapse.AccessControl\tests\AccessControlClientLiveTests.cs(56,17): error CS0103: The name 'Assert' does not exist in the current context
C:\gh\azure-sdk-for-net\sdk\synapse\Azure.Analytics.Synapse.AccessControl\tests\AccessControlClientLiveTests.cs(56,56): error CS0518: Predefined type 'System.String' is not defined or imported
C:\gh\azure-sdk-for-net\sdk\synapse\Azure.Analytics.Synapse.AccessControl\tests\AccessControlClientLiveTests.cs(56,85): error CS0518: Predefined type 'System.String' is not defined or imported
C:\gh\azure-sdk-for-net\sdk\synapse\Azure.Analytics.Synapse.AccessControl\tests\samples\Sample1_HelloWorld.cs(28,89): error CS0246: The type or namespace name 'DefaultAzureCredential' could not be found (are you missing a using directive or an assembly reference?)
C:\gh\azure-sdk-for-net\sdk\synapse\Azure.Analytics.Synapse.AccessControl\tests\samples\Sample1_HelloWorld.cs(28,46): error CS0518: Predefined type 'System.Void' is not defined or imported
C:\gh\azure-sdk-for-net\sdk\synapse\Azure.Analytics.Synapse.AccessControl\tests\samples\Sample1_HelloWorld.cs(32,13): error CS0246: The type or namespace name 'Pageable<>' could not be found (are you missing a using directive or an assembly reference?)
C:\gh\azure-sdk-for-net\sdk\synapse\Azure.Analytics.Synapse.AccessControl\tests\samples\Sample1_HelloWorld.cs(32,43): error CS0246: The type or namespace name 'Pageable<>' could not be found (are you missing a using directive or an assembly reference?)
C:\gh\azure-sdk-for-net\sdk\synapse\Azure.Analytics.Synapse.AccessControl\tests\samples\Sample1_HelloWorld.cs(34,34): error CS0518: Predefined type 'System.String' is not defined or imported
C:\gh\azure-sdk-for-net\sdk\synapse\Azure.Analytics.Synapse.AccessControl\tests\samples\Sample1_HelloWorld.cs(42,49): error CS0518: Predefined type 'System.Void' is not defined or imported
C:\gh\azure-sdk-for-net\sdk\synapse\Azure.Analytics.Synapse.AccessControl\tests\samples\Sample1_HelloWorld.cs(43,13): error CS0246: The type or namespace name 'Response<>' could not be found (are you missing a using directive or an assembly reference?)
C:\gh\azure-sdk-for-net\sdk\synapse\Azure.Analytics.Synapse.AccessControl\tests\samples\Sample1_HelloWorld.cs(43,56): error CS0246: The type or namespace name 'Response<>' could not be found (are you missing a using directive or an assembly reference?)
C:\gh\azure-sdk-for-net\sdk\synapse\Azure.Analytics.Synapse.AccessControl\tests\samples\Sample1_HelloWorld.cs(48,101): error CS0518: Predefined type 'System.String' is not defined or imported
C:\gh\azure-sdk-for-net\sdk\synapse\Azure.Analytics.Synapse.AccessControl\tests\samples\Sample1_HelloWorld.cs(48,52): error CS0246: The type or namespace name 'Response<>' could not be found (are you missing a using directive or an assembly reference?)
C:\gh\azure-sdk-for-net\sdk\synapse\Azure.Analytics.Synapse.AccessControl\tests\samples\Sample1_HelloWorld.cs(49,54): error CS0518: Predefined type 'System.String' is not defined or imported
C:\gh\azure-sdk-for-net\sdk\synapse\Azure.Analytics.Synapse.AccessControl\tests\samples\Sample1_HelloWorld.cs(49,93): error CS0518: Predefined type 'System.String' is not defined or imported
C:\gh\azure-sdk-for-net\sdk\synapse\Azure.Analytics.Synapse.AccessControl\tests\samples\Sample1_HelloWorld.cs(53,13): error CS0246: The type or namespace name 'Response<>' could not be found (are you missing a using directive or an assembly reference?)
C:\gh\azure-sdk-for-net\sdk\synapse\Azure.Analytics.Synapse.AccessControl\tests\samples\Sample1_HelloWorld.cs(53,78): error CS0246: The type or namespace name 'Response<>' could not be found (are you missing a using directive or an assembly reference?)
C:\gh\azure-sdk-for-net\sdk\synapse\Azure.Analytics.Synapse.AccessControl\tests\samples\Sample1_HelloWorld.cs(56,46): error CS0518: Predefined type 'System.String' is not defined or imported
C:\gh\azure-sdk-for-net\sdk\synapse\Azure.Analytics.Synapse.AccessControl\tests\samples\Sample1_HelloWorld.cs(61,60): error CS0518: Predefined type 'System.String' is not defined or imported
C:\gh\azure-sdk-for-net\sdk\synapse\Azure.Analytics.Synapse.AccessControl\tests\samples\Sample1_HelloWorld.cs(61,13): error CS0246: The type or namespace name 'Response' could not be found (are you missing a using directive or an assembly reference?)
C:\gh\azure-sdk-for-net\sdk\synapse\Azure.Analytics.Synapse.AccessControl\tests\AccessControlClientLiveTests.cs(67,114): error CS0518: Predefined type 'System.Void' is not defined or imported
C:\gh\azure-sdk-for-net\sdk\synapse\Azure.Analytics.Synapse.AccessControl\tests\AccessControlClientLiveTests.cs(67,64): error CS0246: The type or namespace name 'Task<>' could not be found (are you missing a using directive or an assembly reference?)
C:\gh\azure-sdk-for-net\sdk\synapse\Azure.Analytics.Synapse.AccessControl\tests\AccessControlClientLiveTests.cs(70,13): error CS0103: The name 'Assert' does not exist in the current context
C:\gh\azure-sdk-for-net\sdk\synapse\Azure.Analytics.Synapse.AccessControl\tests\AccessControlClientLiveTests.cs(71,13): error CS0103: The name 'Assert' does not exist in the current context
C:\gh\azure-sdk-for-net\sdk\synapse\Azure.Analytics.Synapse.AccessControl\tests\AccessControlClientLiveTests.cs(71,66): error CS0518: Predefined type 'System.String' is not defined or imported
C:\gh\azure-sdk-for-net\sdk\synapse\Azure.Analytics.Synapse.AccessControl\tests\AccessControlClientLiveTests.cs(72,13): error CS0103: The name 'Assert' does not exist in the current context
C:\gh\azure-sdk-for-net\sdk\synapse\Azure.Analytics.Synapse.AccessControl\tests\AccessControlClientLiveTests.cs(72,63): error CS0518: Predefined type 'System.String' is not defined or imported
C:\gh\azure-sdk-for-net\sdk\synapse\Azure.Analytics.Synapse.AccessControl\tests\AccessControlClientLiveTests.cs(75,90): error CS0518: Predefined type 'System.String' is not defined or imported
C:\gh\azure-sdk-for-net\sdk\synapse\Azure.Analytics.Synapse.AccessControl\tests\AccessControlClientLiveTests.cs(75,19): error CS0246: The type or namespace name 'Task<>' could not be found (are you missing a using directive or an assembly reference?)
C:\gh\azure-sdk-for-net\sdk\synapse\Azure.Analytics.Synapse.AccessControl\tests\AccessControlClientLiveTests.cs(78,43): error CS0246: The type or namespace name 'Task<>' could not be found (are you missing a using directive or an assembly reference?)
C:\gh\azure-sdk-for-net\sdk\synapse\Azure.Analytics.Synapse.AccessControl\tests\AccessControlClientLiveTests.cs(79,13): error CS0103: The name 'Assert' does not exist in the current context
C:\gh\azure-sdk-for-net\sdk\synapse\Azure.Analytics.Synapse.AccessControl\tests\AccessControlClientLiveTests.cs(85,13): error CS0246: The type or namespace name 'Response<>' could not be found (are you missing a using directive or an assembly reference?)
C:\gh\azure-sdk-for-net\sdk\synapse\Azure.Analytics.Synapse.AccessControl\tests\AccessControlClientLiveTests.cs(85,67): error CS0246: The type or namespace name 'Task<>' could not be found (are you missing a using directive or an assembly reference?)
C:\gh\azure-sdk-for-net\sdk\synapse\Azure.Analytics.Synapse.AccessControl\tests\AccessControlClientLiveTests.cs(86,13): error CS0103: The name 'CollectionAssert' does not exist in the current context
C:\gh\azure-sdk-for-net\sdk\synapse\Azure.Analytics.Synapse.AccessControl\tests\samples\Sample1_HelloWorld.cs(11,1): hidden CS8019: Unnecessary using directive.
C:\gh\azure-sdk-for-net\artifacts\obj\Azure.Analytics.Synapse.AccessControl.Tests\Debug\net461\.NETFramework,Version=v4.6.1.AssemblyAttributes.cs(2,1): hidden CS8019: Unnecessary using directive.
C:\gh\azure-sdk-for-net\sdk\synapse\Azure.Analytics.Synapse.AccessControl\tests\samples\Sample1_HelloWorld.cs(6,1): hidden CS8019: Unnecessary using directive.
C:\gh\azure-sdk-for-net\sdk\synapse\Azure.Analytics.Synapse.AccessControl\tests\AccessControlClientTestBase.cs(6,1): hidden CS8019: Unnecessary using directive.
C:\gh\azure-sdk-for-net\artifacts\obj\Azure.Analytics.Synapse.AccessControl.Tests\Debug\net461\.NETFramework,Version=v4.6.1.AssemblyAttributes.cs(3,1): hidden CS8019: Unnecessary using directive.
C:\gh\azure-sdk-for-net\artifacts\obj\Azure.Analytics.Synapse.AccessControl.Tests\Debug\net461\Azure.Analytics.Synapse.AccessControl.Tests.AssemblyInfo.cs(12,1): hidden CS8019: Unnecessary using directive.
C:\gh\azure-sdk-for-net\sdk\synapse\Azure.Analytics.Synapse.AccessControl\tests\AccessControlClientLiveTests.cs(4,1): hidden CS8019: Unnecessary using directive.
C:\gh\azure-sdk-for-net\sdk\synapse\Azure.Analytics.Synapse.AccessControl\tests\AccessControlClientLiveTests.cs(11,1): hidden CS8019: Unnecessary using directive.
C:\gh\azure-sdk-for-net\sdk\synapse\Azure.Analytics.Synapse.AccessControl\tests\samples\Sample1_HelloWorld.cs(10,1): hidden CS8019: Unnecessary using directive.
C:\gh\azure-sdk-for-net\sdk\synapse\Azure.Analytics.Synapse.AccessControl\tests\AccessControlClientLiveTests.cs(10,1): hidden CS8019: Unnecessary using directive.
C:\gh\azure-sdk-for-net\sdk\synapse\Azure.Analytics.Synapse.Shared\tests\SynapseTestEventListener.cs(6,1): hidden CS8019: Unnecessary using directive.
C:\gh\azure-sdk-for-net\artifacts\obj\Azure.Analytics.Synapse.AccessControl.Tests\Debug\net461\Azure.Analytics.Synapse.AccessControl.Tests.AssemblyInfo.cs(11,1): hidden CS8019: Unnecessary using directive.
C:\gh\azure-sdk-for-net\sdk\synapse\Azure.Analytics.Synapse.Shared\tests\SampleFixture.cs(6,1): hidden CS8019: Unnecessary using directive.
