C:\gh\azure-sdk-for-net\sdk\core\System.Memory.Data\tests\BinaryDataTests.cs(525,10): error CS0246: The type or namespace name 'FactAttribute' could not be found (are you missing a using directive or an assembly reference?)
C:\gh\azure-sdk-for-net\sdk\core\System.Memory.Data\tests\BinaryDataTests.cs(525,10): error CS0246: The type or namespace name 'Fact' could not be found (are you missing a using directive or an assembly reference?)
C:\gh\azure-sdk-for-net\sdk\core\System.Memory.Data\tests\BinaryDataTests.cs(492,10): error CS0246: The type or namespace name 'FactAttribute' could not be found (are you missing a using directive or an assembly reference?)
C:\gh\azure-sdk-for-net\sdk\core\System.Memory.Data\tests\BinaryDataTests.cs(492,10): error CS0246: The type or namespace name 'Fact' could not be found (are you missing a using directive or an assembly reference?)
C:\gh\azure-sdk-for-net\sdk\core\System.Memory.Data\tests\BinaryDataTests.cs(452,10): error CS0246: The type or namespace name 'FactAttribute' could not be found (are you missing a using directive or an assembly reference?)
C:\gh\azure-sdk-for-net\sdk\core\System.Memory.Data\tests\BinaryDataTests.cs(452,10): error CS0246: The type or namespace name 'Fact' could not be found (are you missing a using directive or an assembly reference?)
C:\gh\azure-sdk-for-net\sdk\core\System.Memory.Data\tests\BinaryDataTests.cs(432,10): error CS0246: The type or namespace name 'FactAttribute' could not be found (are you missing a using directive or an assembly reference?)
C:\gh\azure-sdk-for-net\sdk\core\System.Memory.Data\tests\BinaryDataTests.cs(432,10): error CS0246: The type or namespace name 'Fact' could not be found (are you missing a using directive or an assembly reference?)
C:\gh\azure-sdk-for-net\sdk\core\System.Memory.Data\tests\BinaryDataTests.cs(358,10): error CS0246: The type or namespace name 'FactAttribute' could not be found (are you missing a using directive or an assembly reference?)
C:\gh\azure-sdk-for-net\sdk\core\System.Memory.Data\tests\BinaryDataTests.cs(358,10): error CS0246: The type or namespace name 'Fact' could not be found (are you missing a using directive or an assembly reference?)
C:\gh\azure-sdk-for-net\sdk\core\System.Memory.Data\tests\BinaryDataTests.cs(258,10): error CS0246: The type or namespace name 'TheoryAttribute' could not be found (are you missing a using directive or an assembly reference?)
C:\gh\azure-sdk-for-net\sdk\core\System.Memory.Data\tests\BinaryDataTests.cs(258,10): error CS0246: The type or namespace name 'Theory' could not be found (are you missing a using directive or an assembly reference?)
C:\gh\azure-sdk-for-net\sdk\core\System.Memory.Data\tests\BinaryDataTests.cs(259,10): error CS0246: The type or namespace name 'InlineDataAttribute' could not be found (are you missing a using directive or an assembly reference?)
C:\gh\azure-sdk-for-net\sdk\core\System.Memory.Data\tests\BinaryDataTests.cs(259,10): error CS0246: The type or namespace name 'InlineData' could not be found (are you missing a using directive or an assembly reference?)
C:\gh\azure-sdk-for-net\sdk\core\System.Memory.Data\tests\BinaryDataTests.cs(260,10): error CS0246: The type or namespace name 'InlineDataAttribute' could not be found (are you missing a using directive or an assembly reference?)
C:\gh\azure-sdk-for-net\sdk\core\System.Memory.Data\tests\BinaryDataTests.cs(260,10): error CS0246: The type or namespace name 'InlineData' could not be found (are you missing a using directive or an assembly reference?)
C:\gh\azure-sdk-for-net\sdk\core\System.Memory.Data\tests\BinaryDataTests.cs(261,10): error CS0246: The type or namespace name 'InlineDataAttribute' could not be found (are you missing a using directive or an assembly reference?)
C:\gh\azure-sdk-for-net\sdk\core\System.Memory.Data\tests\BinaryDataTests.cs(261,10): error CS0246: The type or namespace name 'InlineData' could not be found (are you missing a using directive or an assembly reference?)
C:\gh\azure-sdk-for-net\sdk\core\System.Memory.Data\tests\BinaryDataTests.cs(262,10): error CS0246: The type or namespace name 'InlineDataAttribute' could not be found (are you missing a using directive or an assembly reference?)
C:\gh\azure-sdk-for-net\sdk\core\System.Memory.Data\tests\BinaryDataTests.cs(262,10): error CS0246: The type or namespace name 'InlineData' could not be found (are you missing a using directive or an assembly reference?)
C:\gh\azure-sdk-for-net\sdk\core\System.Memory.Data\tests\BinaryDataTests.cs(235,10): error CS0246: The type or namespace name 'TheoryAttribute' could not be found (are you missing a using directive or an assembly reference?)
C:\gh\azure-sdk-for-net\sdk\core\System.Memory.Data\tests\BinaryDataTests.cs(235,10): error CS0246: The type or namespace name 'Theory' could not be found (are you missing a using directive or an assembly reference?)
C:\gh\azure-sdk-for-net\sdk\core\System.Memory.Data\tests\BinaryDataTests.cs(236,10): error CS0246: The type or namespace name 'InlineDataAttribute' could not be found (are you missing a using directive or an assembly reference?)
C:\gh\azure-sdk-for-net\sdk\core\System.Memory.Data\tests\BinaryDataTests.cs(236,10): error CS0246: The type or namespace name 'InlineData' could not be found (are you missing a using directive or an assembly reference?)
C:\gh\azure-sdk-for-net\sdk\core\System.Memory.Data\tests\BinaryDataTests.cs(237,10): error CS0246: The type or namespace name 'InlineDataAttribute' could not be found (are you missing a using directive or an assembly reference?)
C:\gh\azure-sdk-for-net\sdk\core\System.Memory.Data\tests\BinaryDataTests.cs(237,10): error CS0246: The type or namespace name 'InlineData' could not be found (are you missing a using directive or an assembly reference?)
C:\gh\azure-sdk-for-net\sdk\core\System.Memory.Data\tests\BinaryDataTests.cs(238,10): error CS0246: The type or namespace name 'InlineDataAttribute' could not be found (are you missing a using directive or an assembly reference?)
C:\gh\azure-sdk-for-net\sdk\core\System.Memory.Data\tests\BinaryDataTests.cs(238,10): error CS0246: The type or namespace name 'InlineData' could not be found (are you missing a using directive or an assembly reference?)
C:\gh\azure-sdk-for-net\sdk\core\System.Memory.Data\tests\BinaryDataTests.cs(239,10): error CS0246: The type or namespace name 'InlineDataAttribute' could not be found (are you missing a using directive or an assembly reference?)
C:\gh\azure-sdk-for-net\sdk\core\System.Memory.Data\tests\BinaryDataTests.cs(239,10): error CS0246: The type or namespace name 'InlineData' could not be found (are you missing a using directive or an assembly reference?)
C:\gh\azure-sdk-for-net\sdk\core\System.Memory.Data\tests\BinaryDataTests.cs(211,10): error CS0246: The type or namespace name 'FactAttribute' could not be found (are you missing a using directive or an assembly reference?)
C:\gh\azure-sdk-for-net\sdk\core\System.Memory.Data\tests\BinaryDataTests.cs(211,10): error CS0246: The type or namespace name 'Fact' could not be found (are you missing a using directive or an assembly reference?)
C:\gh\azure-sdk-for-net\sdk\core\System.Memory.Data\tests\BinaryDataTests.cs(189,10): error CS0246: The type or namespace name 'FactAttribute' could not be found (are you missing a using directive or an assembly reference?)
C:\gh\azure-sdk-for-net\sdk\core\System.Memory.Data\tests\BinaryDataTests.cs(189,10): error CS0246: The type or namespace name 'Fact' could not be found (are you missing a using directive or an assembly reference?)
C:\gh\azure-sdk-for-net\sdk\core\System.Memory.Data\tests\BinaryDataTests.cs(165,10): error CS0246: The type or namespace name 'FactAttribute' could not be found (are you missing a using directive or an assembly reference?)
C:\gh\azure-sdk-for-net\sdk\core\System.Memory.Data\tests\BinaryDataTests.cs(165,10): error CS0246: The type or namespace name 'Fact' could not be found (are you missing a using directive or an assembly reference?)
C:\gh\azure-sdk-for-net\sdk\core\System.Memory.Data\tests\BinaryDataTests.cs(143,10): error CS0246: The type or namespace name 'FactAttribute' could not be found (are you missing a using directive or an assembly reference?)
C:\gh\azure-sdk-for-net\sdk\core\System.Memory.Data\tests\BinaryDataTests.cs(143,10): error CS0246: The type or namespace name 'Fact' could not be found (are you missing a using directive or an assembly reference?)
C:\gh\azure-sdk-for-net\sdk\core\System.Memory.Data\tests\BinaryDataTests.cs(117,10): error CS0246: The type or namespace name 'FactAttribute' could not be found (are you missing a using directive or an assembly reference?)
C:\gh\azure-sdk-for-net\sdk\core\System.Memory.Data\tests\BinaryDataTests.cs(117,10): error CS0246: The type or namespace name 'Fact' could not be found (are you missing a using directive or an assembly reference?)
C:\gh\azure-sdk-for-net\sdk\core\System.Memory.Data\tests\BinaryDataTests.cs(106,10): error CS0246: The type or namespace name 'FactAttribute' could not be found (are you missing a using directive or an assembly reference?)
C:\gh\azure-sdk-for-net\sdk\core\System.Memory.Data\tests\BinaryDataTests.cs(106,10): error CS0246: The type or namespace name 'Fact' could not be found (are you missing a using directive or an assembly reference?)
C:\gh\azure-sdk-for-net\sdk\core\System.Memory.Data\tests\BinaryDataTests.cs(95,10): error CS0246: The type or namespace name 'FactAttribute' could not be found (are you missing a using directive or an assembly reference?)
C:\gh\azure-sdk-for-net\sdk\core\System.Memory.Data\tests\BinaryDataTests.cs(95,10): error CS0246: The type or namespace name 'Fact' could not be found (are you missing a using directive or an assembly reference?)
C:\gh\azure-sdk-for-net\sdk\core\System.Memory.Data\tests\BinaryDataTests.cs(80,10): error CS0246: The type or namespace name 'FactAttribute' could not be found (are you missing a using directive or an assembly reference?)
C:\gh\azure-sdk-for-net\sdk\core\System.Memory.Data\tests\BinaryDataTests.cs(80,10): error CS0246: The type or namespace name 'Fact' could not be found (are you missing a using directive or an assembly reference?)
C:\gh\azure-sdk-for-net\sdk\core\System.Memory.Data\tests\BinaryDataTests.cs(68,10): error CS0246: The type or namespace name 'FactAttribute' could not be found (are you missing a using directive or an assembly reference?)
C:\gh\azure-sdk-for-net\sdk\core\System.Memory.Data\tests\BinaryDataTests.cs(68,10): error CS0246: The type or namespace name 'Fact' could not be found (are you missing a using directive or an assembly reference?)
C:\gh\azure-sdk-for-net\sdk\core\System.Memory.Data\tests\BinaryDataTests.cs(10,7): error CS0246: The type or namespace name 'Xunit' could not be found (are you missing a using directive or an assembly reference?)
C:\gh\azure-sdk-for-net\sdk\core\System.Memory.Data\tests\samples\BinaryDataSamples.cs(7,7): error CS0246: The type or namespace name 'Xunit' could not be found (are you missing a using directive or an assembly reference?)
C:\gh\azure-sdk-for-net\sdk\core\System.Memory.Data\tests\samples\BinaryDataSamples.cs(13,10): error CS0246: The type or namespace name 'FactAttribute' could not be found (are you missing a using directive or an assembly reference?)
C:\gh\azure-sdk-for-net\sdk\core\System.Memory.Data\tests\samples\BinaryDataSamples.cs(13,10): error CS0246: The type or namespace name 'Fact' could not be found (are you missing a using directive or an assembly reference?)
C:\gh\azure-sdk-for-net\sdk\core\System.Memory.Data\tests\samples\BinaryDataSamples.cs(13,15): error CS0246: The type or namespace name 'Skip' could not be found (are you missing a using directive or an assembly reference?)
C:\gh\azure-sdk-for-net\sdk\core\System.Memory.Data\tests\BinaryDataTests.cs(16,10): error CS0246: The type or namespace name 'FactAttribute' could not be found (are you missing a using directive or an assembly reference?)
C:\gh\azure-sdk-for-net\sdk\core\System.Memory.Data\tests\BinaryDataTests.cs(16,10): error CS0246: The type or namespace name 'Fact' could not be found (are you missing a using directive or an assembly reference?)
C:\gh\azure-sdk-for-net\sdk\core\System.Memory.Data\tests\samples\BinaryDataSamples.cs(24,10): error CS0246: The type or namespace name 'FactAttribute' could not be found (are you missing a using directive or an assembly reference?)
C:\gh\azure-sdk-for-net\sdk\core\System.Memory.Data\tests\samples\BinaryDataSamples.cs(24,10): error CS0246: The type or namespace name 'Fact' could not be found (are you missing a using directive or an assembly reference?)
C:\gh\azure-sdk-for-net\sdk\core\System.Memory.Data\tests\samples\BinaryDataSamples.cs(24,15): error CS0246: The type or namespace name 'Skip' could not be found (are you missing a using directive or an assembly reference?)
C:\gh\azure-sdk-for-net\sdk\core\System.Memory.Data\tests\BinaryDataTests.cs(44,10): error CS0246: The type or namespace name 'FactAttribute' could not be found (are you missing a using directive or an assembly reference?)
C:\gh\azure-sdk-for-net\sdk\core\System.Memory.Data\tests\BinaryDataTests.cs(44,10): error CS0246: The type or namespace name 'Fact' could not be found (are you missing a using directive or an assembly reference?)
C:\gh\azure-sdk-for-net\sdk\core\System.Memory.Data\tests\BinaryDataTests.cs(55,10): error CS0246: The type or namespace name 'FactAttribute' could not be found (are you missing a using directive or an assembly reference?)
C:\gh\azure-sdk-for-net\sdk\core\System.Memory.Data\tests\BinaryDataTests.cs(55,10): error CS0246: The type or namespace name 'Fact' could not be found (are you missing a using directive or an assembly reference?)
C:\gh\azure-sdk-for-net\sdk\core\System.Memory.Data\tests\samples\BinaryDataSamples.cs(51,10): error CS0246: The type or namespace name 'FactAttribute' could not be found (are you missing a using directive or an assembly reference?)
C:\gh\azure-sdk-for-net\sdk\core\System.Memory.Data\tests\samples\BinaryDataSamples.cs(51,10): error CS0246: The type or namespace name 'Fact' could not be found (are you missing a using directive or an assembly reference?)
C:\gh\azure-sdk-for-net\sdk\core\System.Memory.Data\tests\samples\BinaryDataSamples.cs(51,15): error CS0246: The type or namespace name 'Skip' could not be found (are you missing a using directive or an assembly reference?)
C:\gh\azure-sdk-for-net\sdk\core\System.Memory.Data\tests\samples\BinaryDataSamples.cs(65,10): error CS0246: The type or namespace name 'FactAttribute' could not be found (are you missing a using directive or an assembly reference?)
C:\gh\azure-sdk-for-net\sdk\core\System.Memory.Data\tests\samples\BinaryDataSamples.cs(65,10): error CS0246: The type or namespace name 'Fact' could not be found (are you missing a using directive or an assembly reference?)
C:\gh\azure-sdk-for-net\sdk\core\System.Memory.Data\tests\samples\BinaryDataSamples.cs(65,15): error CS0246: The type or namespace name 'Skip' could not be found (are you missing a using directive or an assembly reference?)
C:\gh\azure-sdk-for-net\sdk\core\System.Memory.Data\tests\BinaryDataTests.cs(283,10): error CS0246: The type or namespace name 'FactAttribute' could not be found (are you missing a using directive or an assembly reference?)
C:\gh\azure-sdk-for-net\sdk\core\System.Memory.Data\tests\BinaryDataTests.cs(283,10): error CS0246: The type or namespace name 'Fact' could not be found (are you missing a using directive or an assembly reference?)
C:\gh\azure-sdk-for-net\sdk\core\System.Memory.Data\tests\BinaryDataTests.cs(293,10): error CS0246: The type or namespace name 'FactAttribute' could not be found (are you missing a using directive or an assembly reference?)
C:\gh\azure-sdk-for-net\sdk\core\System.Memory.Data\tests\BinaryDataTests.cs(293,10): error CS0246: The type or namespace name 'Fact' could not be found (are you missing a using directive or an assembly reference?)
C:\gh\azure-sdk-for-net\sdk\core\System.Memory.Data\tests\BinaryDataTests.cs(316,10): error CS0246: The type or namespace name 'FactAttribute' could not be found (are you missing a using directive or an assembly reference?)
C:\gh\azure-sdk-for-net\sdk\core\System.Memory.Data\tests\BinaryDataTests.cs(316,10): error CS0246: The type or namespace name 'Fact' could not be found (are you missing a using directive or an assembly reference?)
C:\gh\azure-sdk-for-net\sdk\core\System.Memory.Data\tests\BinaryDataTests.cs(337,10): error CS0246: The type or namespace name 'FactAttribute' could not be found (are you missing a using directive or an assembly reference?)
C:\gh\azure-sdk-for-net\sdk\core\System.Memory.Data\tests\BinaryDataTests.cs(337,10): error CS0246: The type or namespace name 'Fact' could not be found (are you missing a using directive or an assembly reference?)
C:\gh\azure-sdk-for-net\sdk\core\System.Memory.Data\tests\BinaryDataTests.cs(368,10): error CS0246: The type or namespace name 'FactAttribute' could not be found (are you missing a using directive or an assembly reference?)
C:\gh\azure-sdk-for-net\sdk\core\System.Memory.Data\tests\BinaryDataTests.cs(368,10): error CS0246: The type or namespace name 'Fact' could not be found (are you missing a using directive or an assembly reference?)
C:\gh\azure-sdk-for-net\sdk\core\System.Memory.Data\tests\BinaryDataTests.cs(379,10): error CS0246: The type or namespace name 'FactAttribute' could not be found (are you missing a using directive or an assembly reference?)
C:\gh\azure-sdk-for-net\sdk\core\System.Memory.Data\tests\BinaryDataTests.cs(379,10): error CS0246: The type or namespace name 'Fact' could not be found (are you missing a using directive or an assembly reference?)
C:\gh\azure-sdk-for-net\sdk\core\System.Memory.Data\tests\BinaryDataTests.cs(390,10): error CS0246: The type or namespace name 'FactAttribute' could not be found (are you missing a using directive or an assembly reference?)
C:\gh\azure-sdk-for-net\sdk\core\System.Memory.Data\tests\BinaryDataTests.cs(390,10): error CS0246: The type or namespace name 'Fact' could not be found (are you missing a using directive or an assembly reference?)
C:\gh\azure-sdk-for-net\sdk\core\System.Memory.Data\tests\BinaryDataTests.cs(398,10): error CS0246: The type or namespace name 'FactAttribute' could not be found (are you missing a using directive or an assembly reference?)
C:\gh\azure-sdk-for-net\sdk\core\System.Memory.Data\tests\BinaryDataTests.cs(398,10): error CS0246: The type or namespace name 'Fact' could not be found (are you missing a using directive or an assembly reference?)
C:\gh\azure-sdk-for-net\sdk\core\System.Memory.Data\tests\BinaryDataTests.cs(412,10): error CS0246: The type or namespace name 'FactAttribute' could not be found (are you missing a using directive or an assembly reference?)
C:\gh\azure-sdk-for-net\sdk\core\System.Memory.Data\tests\BinaryDataTests.cs(412,10): error CS0246: The type or namespace name 'Fact' could not be found (are you missing a using directive or an assembly reference?)
C:\gh\azure-sdk-for-net\sdk\core\System.Memory.Data\tests\BinaryDataTests.cs(473,10): error CS0246: The type or namespace name 'FactAttribute' could not be found (are you missing a using directive or an assembly reference?)
C:\gh\azure-sdk-for-net\sdk\core\System.Memory.Data\tests\BinaryDataTests.cs(473,10): error CS0246: The type or namespace name 'Fact' could not be found (are you missing a using directive or an assembly reference?)
C:\gh\azure-sdk-for-net\sdk\core\System.Memory.Data\tests\BinaryDataTests.cs(513,10): error CS0246: The type or namespace name 'FactAttribute' could not be found (are you missing a using directive or an assembly reference?)
C:\gh\azure-sdk-for-net\sdk\core\System.Memory.Data\tests\BinaryDataTests.cs(513,10): error CS0246: The type or namespace name 'Fact' could not be found (are you missing a using directive or an assembly reference?)
C:\gh\azure-sdk-for-net\sdk\core\System.Memory.Data\tests\BinaryDataTests.cs(542,10): error CS0246: The type or namespace name 'FactAttribute' could not be found (are you missing a using directive or an assembly reference?)
C:\gh\azure-sdk-for-net\sdk\core\System.Memory.Data\tests\BinaryDataTests.cs(542,10): error CS0246: The type or namespace name 'Fact' could not be found (are you missing a using directive or an assembly reference?)
C:\gh\azure-sdk-for-net\sdk\core\System.Memory.Data\tests\BinaryDataTests.cs(551,10): error CS0246: The type or namespace name 'FactAttribute' could not be found (are you missing a using directive or an assembly reference?)
C:\gh\azure-sdk-for-net\sdk\core\System.Memory.Data\tests\BinaryDataTests.cs(551,10): error CS0246: The type or namespace name 'Fact' could not be found (are you missing a using directive or an assembly reference?)
C:\gh\azure-sdk-for-net\sdk\core\System.Memory.Data\tests\samples\BinaryDataSamples.cs(38,13): error CS0246: The type or namespace name 'ReadOnlyMemory<>' could not be found (are you missing a using directive or an assembly reference?)
C:\gh\azure-sdk-for-net\sdk\core\System.Memory.Data\tests\samples\BinaryDataSamples.cs(41,13): error CS0246: The type or namespace name 'ReadOnlySpan<>' could not be found (are you missing a using directive or an assembly reference?)
C:\gh\azure-sdk-for-net\sdk\core\System.Memory.Data\tests\BinaryDataTests.cs(21,13): error CS0103: The name 'Assert' does not exist in the current context
C:\gh\azure-sdk-for-net\sdk\core\System.Memory.Data\tests\BinaryDataTests.cs(23,13): error CS0103: The name 'MemoryMarshal' does not exist in the current context
C:\gh\azure-sdk-for-net\sdk\core\System.Memory.Data\tests\BinaryDataTests.cs(24,13): error CS0103: The name 'Assert' does not exist in the current context
C:\gh\azure-sdk-for-net\sdk\core\System.Memory.Data\tests\BinaryDataTests.cs(27,13): error CS0246: The type or namespace name 'ReadOnlyMemory<>' could not be found (are you missing a using directive or an assembly reference?)
C:\gh\azure-sdk-for-net\sdk\core\System.Memory.Data\tests\BinaryDataTests.cs(28,13): error CS0103: The name 'Assert' does not exist in the current context
C:\gh\azure-sdk-for-net\sdk\core\System.Memory.Data\tests\BinaryDataTests.cs(31,13): error CS0246: The type or namespace name 'ReadOnlySpan<>' could not be found (are you missing a using directive or an assembly reference?)
C:\gh\azure-sdk-for-net\sdk\core\System.Memory.Data\tests\BinaryDataTests.cs(32,13): error CS0103: The name 'Assert' does not exist in the current context
C:\gh\azure-sdk-for-net\sdk\core\System.Memory.Data\tests\BinaryDataTests.cs(36,13): error CS0246: The type or namespace name 'ReadOnlyMemory<>' could not be found (are you missing a using directive or an assembly reference?)
C:\gh\azure-sdk-for-net\sdk\core\System.Memory.Data\tests\BinaryDataTests.cs(37,13): error CS0103: The name 'Assert' does not exist in the current context
C:\gh\azure-sdk-for-net\sdk\core\System.Memory.Data\tests\BinaryDataTests.cs(40,13): error CS0246: The type or namespace name 'ReadOnlySpan<>' could not be found (are you missing a using directive or an assembly reference?)
C:\gh\azure-sdk-for-net\sdk\core\System.Memory.Data\tests\BinaryDataTests.cs(41,13): error CS0103: The name 'Assert' does not exist in the current context
C:\gh\azure-sdk-for-net\sdk\core\System.Memory.Data\tests\BinaryDataTests.cs(49,13): error CS0103: The name 'Assert' does not exist in the current context
C:\gh\azure-sdk-for-net\sdk\core\System.Memory.Data\tests\BinaryDataTests.cs(52,13): error CS0103: The name 'Assert' does not exist in the current context
C:\gh\azure-sdk-for-net\sdk\core\System.Memory.Data\tests\BinaryDataTests.cs(61,52): error CS1503: Argument 1: cannot convert from 'System.ArraySegment<byte>' to 'ReadOnlyMemory<byte>'
C:\gh\azure-sdk-for-net\sdk\core\System.Memory.Data\tests\BinaryDataTests.cs(62,13): error CS0103: The name 'Assert' does not exist in the current context
C:\gh\azure-sdk-for-net\sdk\core\System.Memory.Data\tests\BinaryDataTests.cs(65,13): error CS0103: The name 'Assert' does not exist in the current context
C:\gh\azure-sdk-for-net\sdk\core\System.Memory.Data\tests\BinaryDataTests.cs(74,52): error CS1503: Argument 1: cannot convert from 'System.ArraySegment<byte>' to 'ReadOnlyMemory<byte>'
C:\gh\azure-sdk-for-net\sdk\core\System.Memory.Data\tests\BinaryDataTests.cs(77,13): error CS0103: The name 'Assert' does not exist in the current context
C:\gh\azure-sdk-for-net\sdk\core\System.Memory.Data\tests\BinaryDataTests.cs(87,13): error CS0103: The name 'Assert' does not exist in the current context
C:\gh\azure-sdk-for-net\sdk\core\System.Memory.Data\tests\BinaryDataTests.cs(88,19): error CS0103: The name 'Assert' does not exist in the current context
C:\gh\azure-sdk-for-net\sdk\core\System.Memory.Data\tests\BinaryDataTests.cs(89,13): error CS0103: The name 'Assert' does not exist in the current context
C:\gh\azure-sdk-for-net\sdk\core\System.Memory.Data\tests\BinaryDataTests.cs(90,13): error CS0103: The name 'Assert' does not exist in the current context
C:\gh\azure-sdk-for-net\sdk\core\System.Memory.Data\tests\BinaryDataTests.cs(92,13): error CS0103: The name 'Assert' does not exist in the current context
C:\gh\azure-sdk-for-net\sdk\core\System.Memory.Data\tests\BinaryDataTests.cs(103,13): error CS0103: The name 'Assert' does not exist in the current context
C:\gh\azure-sdk-for-net\sdk\core\System.Memory.Data\tests\BinaryDataTests.cs(114,13): error CS0103: The name 'Assert' does not exist in the current context
C:\gh\azure-sdk-for-net\sdk\core\System.Memory.Data\tests\BinaryDataTests.cs(123,13): error CS0103: The name 'Assert' does not exist in the current context
C:\gh\azure-sdk-for-net\sdk\core\System.Memory.Data\tests\BinaryDataTests.cs(128,13): error CS0103: The name 'Assert' does not exist in the current context
C:\gh\azure-sdk-for-net\sdk\core\System.Memory.Data\tests\BinaryDataTests.cs(132,13): error CS0103: The name 'Assert' does not exist in the current context
C:\gh\azure-sdk-for-net\sdk\core\System.Memory.Data\tests\BinaryDataTests.cs(136,13): error CS0103: The name 'Assert' does not exist in the current context
C:\gh\azure-sdk-for-net\sdk\core\System.Memory.Data\tests\BinaryDataTests.cs(140,13): error CS0103: The name 'Assert' does not exist in the current context
C:\gh\azure-sdk-for-net\sdk\core\System.Memory.Data\tests\BinaryDataTests.cs(149,13): error CS0103: The name 'Assert' does not exist in the current context
C:\gh\azure-sdk-for-net\sdk\core\System.Memory.Data\tests\BinaryDataTests.cs(154,13): error CS0103: The name 'Assert' does not exist in the current context
C:\gh\azure-sdk-for-net\sdk\core\System.Memory.Data\tests\BinaryDataTests.cs(158,13): error CS0103: The name 'Assert' does not exist in the current context
C:\gh\azure-sdk-for-net\sdk\core\System.Memory.Data\tests\BinaryDataTests.cs(162,13): error CS0103: The name 'Assert' does not exist in the current context
C:\gh\azure-sdk-for-net\sdk\core\System.Memory.Data\tests\BinaryDataTests.cs(173,13): error CS0103: The name 'Assert' does not exist in the current context
C:\gh\azure-sdk-for-net\sdk\core\System.Memory.Data\tests\BinaryDataTests.cs(178,13): error CS0103: The name 'Assert' does not exist in the current context
C:\gh\azure-sdk-for-net\sdk\core\System.Memory.Data\tests\BinaryDataTests.cs(182,13): error CS0103: The name 'Assert' does not exist in the current context
C:\gh\azure-sdk-for-net\sdk\core\System.Memory.Data\tests\BinaryDataTests.cs(186,13): error CS0103: The name 'Assert' does not exist in the current context
C:\gh\azure-sdk-for-net\sdk\core\System.Memory.Data\tests\BinaryDataTests.cs(195,13): error CS0103: The name 'Assert' does not exist in the current context
C:\gh\azure-sdk-for-net\sdk\core\System.Memory.Data\tests\BinaryDataTests.cs(200,13): error CS0103: The name 'Assert' does not exist in the current context
C:\gh\azure-sdk-for-net\sdk\core\System.Memory.Data\tests\BinaryDataTests.cs(204,13): error CS0103: The name 'Assert' does not exist in the current context
C:\gh\azure-sdk-for-net\sdk\core\System.Memory.Data\tests\BinaryDataTests.cs(208,13): error CS0103: The name 'Assert' does not exist in the current context
C:\gh\azure-sdk-for-net\sdk\core\System.Memory.Data\tests\BinaryDataTests.cs(219,13): error CS0103: The name 'Assert' does not exist in the current context
C:\gh\azure-sdk-for-net\sdk\core\System.Memory.Data\tests\BinaryDataTests.cs(224,13): error CS0103: The name 'Assert' does not exist in the current context
C:\gh\azure-sdk-for-net\sdk\core\System.Memory.Data\tests\BinaryDataTests.cs(228,13): error CS0103: The name 'Assert' does not exist in the current context
C:\gh\azure-sdk-for-net\sdk\core\System.Memory.Data\tests\BinaryDataTests.cs(232,13): error CS0103: The name 'Assert' does not exist in the current context
C:\gh\azure-sdk-for-net\sdk\core\System.Memory.Data\tests\BinaryDataTests.cs(245,31): error CS0246: The type or namespace name 'ReadOnlyMemory<>' could not be found (are you missing a using directive or an assembly reference?)
C:\gh\azure-sdk-for-net\sdk\core\System.Memory.Data\tests\BinaryDataTests.cs(249,13): error CS0103: The name 'Assert' does not exist in the current context
C:\gh\azure-sdk-for-net\sdk\core\System.Memory.Data\tests\BinaryDataTests.cs(250,13): error CS0103: The name 'Assert' does not exist in the current context
C:\gh\azure-sdk-for-net\sdk\core\System.Memory.Data\tests\BinaryDataTests.cs(254,13): error CS0103: The name 'Assert' does not exist in the current context
C:\gh\azure-sdk-for-net\sdk\core\System.Memory.Data\tests\BinaryDataTests.cs(255,13): error CS0103: The name 'Assert' does not exist in the current context
C:\gh\azure-sdk-for-net\sdk\core\System.Memory.Data\tests\BinaryDataTests.cs(270,31): error CS0246: The type or namespace name 'ReadOnlyMemory<>' could not be found (are you missing a using directive or an assembly reference?)
C:\gh\azure-sdk-for-net\sdk\core\System.Memory.Data\tests\BinaryDataTests.cs(274,13): error CS0103: The name 'Assert' does not exist in the current context
C:\gh\azure-sdk-for-net\sdk\core\System.Memory.Data\tests\BinaryDataTests.cs(275,13): error CS0103: The name 'Assert' does not exist in the current context
C:\gh\azure-sdk-for-net\sdk\core\System.Memory.Data\tests\BinaryDataTests.cs(279,13): error CS0103: The name 'Assert' does not exist in the current context
C:\gh\azure-sdk-for-net\sdk\core\System.Memory.Data\tests\BinaryDataTests.cs(280,13): error CS0103: The name 'Assert' does not exist in the current context
C:\gh\azure-sdk-for-net\sdk\core\System.Memory.Data\tests\BinaryDataTests.cs(286,13): error CS0103: The name 'Assert' does not exist in the current context
C:\gh\azure-sdk-for-net\sdk\core\System.Memory.Data\tests\BinaryDataTests.cs(299,70): error CS0234: The type or namespace name 'Json' does not exist in the namespace 'System.Text' (are you missing an assembly reference?)
C:\gh\azure-sdk-for-net\sdk\core\System.Memory.Data\tests\BinaryDataTests.cs(304,57): error CS0234: The type or namespace name 'Json' does not exist in the namespace 'System.Text' (are you missing an assembly reference?)
C:\gh\azure-sdk-for-net\sdk\core\System.Memory.Data\tests\BinaryDataTests.cs(309,17): error CS0103: The name 'Assert' does not exist in the current context
C:\gh\azure-sdk-for-net\sdk\core\System.Memory.Data\tests\BinaryDataTests.cs(310,17): error CS0103: The name 'Assert' does not exist in the current context
C:\gh\azure-sdk-for-net\sdk\core\System.Memory.Data\tests\BinaryDataTests.cs(311,17): error CS0103: The name 'Assert' does not exist in the current context
C:\gh\azure-sdk-for-net\sdk\core\System.Memory.Data\tests\BinaryDataTests.cs(312,17): error CS0103: The name 'Assert' does not exist in the current context
C:\gh\azure-sdk-for-net\sdk\core\System.Memory.Data\tests\BinaryDataTests.cs(320,13): error CS0103: The name 'Assert' does not exist in the current context
C:\gh\azure-sdk-for-net\sdk\core\System.Memory.Data\tests\BinaryDataTests.cs(322,13): error CS0103: The name 'Assert' does not exist in the current context
C:\gh\azure-sdk-for-net\sdk\core\System.Memory.Data\tests\BinaryDataTests.cs(325,13): error CS0103: The name 'Assert' does not exist in the current context
C:\gh\azure-sdk-for-net\sdk\core\System.Memory.Data\tests\BinaryDataTests.cs(328,13): error CS0103: The name 'Assert' does not exist in the current context
C:\gh\azure-sdk-for-net\sdk\core\System.Memory.Data\tests\BinaryDataTests.cs(331,13): error CS0103: The name 'Assert' does not exist in the current context
C:\gh\azure-sdk-for-net\sdk\core\System.Memory.Data\tests\BinaryDataTests.cs(334,13): error CS0103: The name 'Assert' does not exist in the current context
C:\gh\azure-sdk-for-net\sdk\core\System.Memory.Data\tests\BinaryDataTests.cs(343,13): error CS0103: The name 'Assert' does not exist in the current context
C:\gh\azure-sdk-for-net\sdk\core\System.Memory.Data\tests\BinaryDataTests.cs(346,13): error CS0103: The name 'Assert' does not exist in the current context
C:\gh\azure-sdk-for-net\sdk\core\System.Memory.Data\tests\BinaryDataTests.cs(349,13): error CS0103: The name 'Assert' does not exist in the current context
C:\gh\azure-sdk-for-net\sdk\core\System.Memory.Data\tests\BinaryDataTests.cs(352,13): error CS0103: The name 'Assert' does not exist in the current context
C:\gh\azure-sdk-for-net\sdk\core\System.Memory.Data\tests\BinaryDataTests.cs(355,13): error CS0103: The name 'Assert' does not exist in the current context
C:\gh\azure-sdk-for-net\sdk\core\System.Memory.Data\tests\BinaryDataTests.cs(361,22): error CS0103: The name 'Assert' does not exist in the current context
C:\gh\azure-sdk-for-net\sdk\core\System.Memory.Data\tests\BinaryDataTests.cs(362,13): error CS0103: The name 'Assert' does not exist in the current context
C:\gh\azure-sdk-for-net\sdk\core\System.Memory.Data\tests\BinaryDataTests.cs(364,24): error CS0103: The name 'Assert' does not exist in the current context
C:\gh\azure-sdk-for-net\sdk\core\System.Memory.Data\tests\BinaryDataTests.cs(365,13): error CS0103: The name 'Assert' does not exist in the current context
C:\gh\azure-sdk-for-net\sdk\core\System.Memory.Data\tests\BinaryDataTests.cs(372,22): error CS0103: The name 'Assert' does not exist in the current context
C:\gh\azure-sdk-for-net\sdk\core\System.Memory.Data\tests\BinaryDataTests.cs(373,13): error CS0103: The name 'Assert' does not exist in the current context
C:\gh\azure-sdk-for-net\sdk\core\System.Memory.Data\tests\BinaryDataTests.cs(375,18): error CS0103: The name 'Assert' does not exist in the current context
C:\gh\azure-sdk-for-net\sdk\core\System.Memory.Data\tests\BinaryDataTests.cs(376,13): error CS0103: The name 'Assert' does not exist in the current context
C:\gh\azure-sdk-for-net\sdk\core\System.Memory.Data\tests\BinaryDataTests.cs(383,22): error CS0103: The name 'Assert' does not exist in the current context
C:\gh\azure-sdk-for-net\sdk\core\System.Memory.Data\tests\BinaryDataTests.cs(384,13): error CS0103: The name 'Assert' does not exist in the current context
C:\gh\azure-sdk-for-net\sdk\core\System.Memory.Data\tests\BinaryDataTests.cs(386,18): error CS0103: The name 'Assert' does not exist in the current context
C:\gh\azure-sdk-for-net\sdk\core\System.Memory.Data\tests\BinaryDataTests.cs(387,13): error CS0103: The name 'Assert' does not exist in the current context
C:\gh\azure-sdk-for-net\sdk\core\System.Memory.Data\tests\BinaryDataTests.cs(395,13): error CS0103: The name 'Assert' does not exist in the current context
C:\gh\azure-sdk-for-net\sdk\core\System.Memory.Data\tests\BinaryDataTests.cs(404,13): error CS0103: The name 'Assert' does not exist in the current context
C:\gh\azure-sdk-for-net\sdk\core\System.Memory.Data\tests\BinaryDataTests.cs(407,13): error CS0103: The name 'Assert' does not exist in the current context
C:\gh\azure-sdk-for-net\sdk\core\System.Memory.Data\tests\BinaryDataTests.cs(409,13): error CS0103: The name 'Assert' does not exist in the current context
C:\gh\azure-sdk-for-net\sdk\core\System.Memory.Data\tests\BinaryDataTests.cs(423,13): error CS0103: The name 'Assert' does not exist in the current context
C:\gh\azure-sdk-for-net\sdk\core\System.Memory.Data\tests\BinaryDataTests.cs(427,13): error CS0103: The name 'Assert' does not exist in the current context
C:\gh\azure-sdk-for-net\sdk\core\System.Memory.Data\tests\BinaryDataTests.cs(429,13): error CS0103: The name 'Assert' does not exist in the current context
C:\gh\azure-sdk-for-net\sdk\core\System.Memory.Data\tests\BinaryDataTests.cs(440,13): error CS0103: The name 'Assert' does not exist in the current context
C:\gh\azure-sdk-for-net\sdk\core\System.Memory.Data\tests\BinaryDataTests.cs(445,13): error CS0103: The name 'Assert' does not exist in the current context
C:\gh\azure-sdk-for-net\sdk\core\System.Memory.Data\tests\BinaryDataTests.cs(460,13): error CS0103: The name 'Assert' does not exist in the current context
C:\gh\azure-sdk-for-net\sdk\core\System.Memory.Data\tests\BinaryDataTests.cs(460,33): error CS1061: 'byte[]' does not contain a definition for 'AsMemory' and no accessible extension method 'AsMemory' accepting a first argument of type 'byte[]' could be found (are you missing a using directive or an assembly reference?)
C:\gh\azure-sdk-for-net\sdk\core\System.Memory.Data\tests\BinaryDataTests.cs(460,77): error CS1061: 'byte[]' does not contain a definition for 'AsMemory' and no accessible extension method 'AsMemory' accepting a first argument of type 'byte[]' could be found (are you missing a using directive or an assembly reference?)
C:\gh\azure-sdk-for-net\sdk\core\System.Memory.Data\tests\BinaryDataTests.cs(465,13): error CS0103: The name 'Assert' does not exist in the current context
C:\gh\azure-sdk-for-net\sdk\core\System.Memory.Data\tests\BinaryDataTests.cs(465,33): error CS1061: 'byte[]' does not contain a definition for 'AsMemory' and no accessible extension method 'AsMemory' accepting a first argument of type 'byte[]' could be found (are you missing a using directive or an assembly reference?)
C:\gh\azure-sdk-for-net\sdk\core\System.Memory.Data\tests\BinaryDataTests.cs(465,77): error CS1061: 'byte[]' does not contain a definition for 'AsMemory' and no accessible extension method 'AsMemory' accepting a first argument of type 'byte[]' could be found (are you missing a using directive or an assembly reference?)
C:\gh\azure-sdk-for-net\sdk\core\System.Memory.Data\tests\BinaryDataTests.cs(470,13): error CS0103: The name 'Assert' does not exist in the current context
C:\gh\azure-sdk-for-net\sdk\core\System.Memory.Data\tests\BinaryDataTests.cs(484,13): error CS0103: The name 'Assert' does not exist in the current context
C:\gh\azure-sdk-for-net\sdk\core\System.Memory.Data\tests\BinaryDataTests.cs(488,13): error CS0103: The name 'Assert' does not exist in the current context
C:\gh\azure-sdk-for-net\sdk\core\System.Memory.Data\tests\BinaryDataTests.cs(489,13): error CS0103: The name 'Assert' does not exist in the current context
C:\gh\azure-sdk-for-net\sdk\core\System.Memory.Data\tests\BinaryDataTests.cs(499,13): error CS0103: The name 'Assert' does not exist in the current context
C:\gh\azure-sdk-for-net\sdk\core\System.Memory.Data\tests\BinaryDataTests.cs(501,13): error CS0103: The name 'Assert' does not exist in the current context
C:\gh\azure-sdk-for-net\sdk\core\System.Memory.Data\tests\BinaryDataTests.cs(503,13): error CS0103: The name 'Assert' does not exist in the current context
C:\gh\azure-sdk-for-net\sdk\core\System.Memory.Data\tests\BinaryDataTests.cs(504,13): error CS0103: The name 'Assert' does not exist in the current context
C:\gh\azure-sdk-for-net\sdk\core\System.Memory.Data\tests\BinaryDataTests.cs(508,13): error CS0103: The name 'Assert' does not exist in the current context
C:\gh\azure-sdk-for-net\sdk\core\System.Memory.Data\tests\BinaryDataTests.cs(509,21): error CS0246: The type or namespace name 'ReadOnlyMemory<>' could not be found (are you missing a using directive or an assembly reference?)
C:\gh\azure-sdk-for-net\sdk\core\System.Memory.Data\tests\BinaryDataTests.cs(519,13): error CS0103: The name 'Assert' does not exist in the current context
C:\gh\azure-sdk-for-net\sdk\core\System.Memory.Data\tests\BinaryDataTests.cs(521,13): error CS0103: The name 'Assert' does not exist in the current context
C:\gh\azure-sdk-for-net\sdk\core\System.Memory.Data\tests\BinaryDataTests.cs(522,13): error CS0103: The name 'Assert' does not exist in the current context
C:\gh\azure-sdk-for-net\sdk\core\System.Memory.Data\tests\BinaryDataTests.cs(532,19): error CS0103: The name 'Assert' does not exist in the current context
C:\gh\azure-sdk-for-net\sdk\core\System.Memory.Data\tests\BinaryDataTests.cs(533,19): error CS0103: The name 'Assert' does not exist in the current context
C:\gh\azure-sdk-for-net\sdk\core\System.Memory.Data\tests\BinaryDataTests.cs(534,19): error CS0103: The name 'Assert' does not exist in the current context
C:\gh\azure-sdk-for-net\sdk\core\System.Memory.Data\tests\BinaryDataTests.cs(535,19): error CS0103: The name 'Assert' does not exist in the current context
C:\gh\azure-sdk-for-net\sdk\core\System.Memory.Data\tests\BinaryDataTests.cs(537,13): error CS0103: The name 'Assert' does not exist in the current context
C:\gh\azure-sdk-for-net\sdk\core\System.Memory.Data\tests\BinaryDataTests.cs(538,21): error CS0246: The type or namespace name 'ReadOnlyMemory<>' could not be found (are you missing a using directive or an assembly reference?)
C:\gh\azure-sdk-for-net\sdk\core\System.Memory.Data\tests\BinaryDataTests.cs(547,13): error CS0103: The name 'Assert' does not exist in the current context
C:\gh\azure-sdk-for-net\sdk\core\System.Memory.Data\tests\BinaryDataTests.cs(548,13): error CS0103: The name 'Assert' does not exist in the current context
C:\gh\azure-sdk-for-net\sdk\core\System.Memory.Data\tests\BinaryDataTests.cs(557,13): error CS0103: The name 'Assert' does not exist in the current context
C:\gh\azure-sdk-for-net\sdk\core\System.Memory.Data\tests\BinaryDataTests.cs(558,13): error CS0103: The name 'Assert' does not exist in the current context
C:\gh\azure-sdk-for-net\sdk\core\System.Memory.Data\tests\BinaryDataTests.cs(559,13): error CS0103: The name 'Assert' does not exist in the current context
C:\gh\azure-sdk-for-net\sdk\core\System.Memory.Data\tests\BinaryDataTests.cs(560,13): error CS0103: The name 'Assert' does not exist in the current context
C:\gh\azure-sdk-for-net\sdk\core\System.Memory.Data\tests\BinaryDataTests.cs(561,13): error CS0103: The name 'Assert' does not exist in the current context
C:\gh\azure-sdk-for-net\sdk\core\System.Memory.Data\tests\BinaryDataTests.cs(562,13): error CS0103: The name 'Assert' does not exist in the current context
C:\gh\azure-sdk-for-net\sdk\core\System.Memory.Data\tests\BinaryDataTests.cs(563,13): error CS0103: The name 'Assert' does not exist in the current context
C:\gh\azure-sdk-for-net\sdk\core\System.Memory.Data\tests\BinaryDataTests.cs(564,13): error CS0103: The name 'Assert' does not exist in the current context
C:\gh\azure-sdk-for-net\sdk\core\System.Memory.Data\tests\BinaryDataTests.cs(565,13): error CS0103: The name 'Assert' does not exist in the current context
C:\gh\azure-sdk-for-net\sdk\core\System.Memory.Data\tests\BinaryDataTests.cs(6,1): hidden CS8019: Unnecessary using directive.
C:\gh\azure-sdk-for-net\artifacts\obj\System.Memory.Data.Tests\Debug\net461\.NETFramework,Version=v4.6.1.AssemblyAttributes.cs(2,1): hidden CS8019: Unnecessary using directive.
C:\gh\azure-sdk-for-net\sdk\core\System.Memory.Data\tests\samples\BinaryDataSamples.cs(7,1): hidden CS8019: Unnecessary using directive.
C:\gh\azure-sdk-for-net\artifacts\obj\System.Memory.Data.Tests\Debug\net461\System.Memory.Data.Tests.AssemblyInfo.cs(11,1): hidden CS8019: Unnecessary using directive.
C:\gh\azure-sdk-for-net\sdk\core\System.Memory.Data\tests\BinaryDataTests.cs(10,1): hidden CS8019: Unnecessary using directive.
C:\gh\azure-sdk-for-net\artifacts\obj\System.Memory.Data.Tests\Debug\net461\.NETFramework,Version=v4.6.1.AssemblyAttributes.cs(3,1): hidden CS8019: Unnecessary using directive.
C:\gh\azure-sdk-for-net\artifacts\obj\System.Memory.Data.Tests\Debug\net461\System.Memory.Data.Tests.AssemblyInfo.cs(12,1): hidden CS8019: Unnecessary using directive.
