C:\gh\azure-sdk-for-net\common\ManagementTestShared\Redesign\JsonHelper.cs(38,58): error CS0246: The type or namespace name 'IUtf8JsonSerializable' could not be found (are you missing a using directive or an assembly reference?)
C:\gh\azure-sdk-for-net\common\ManagementTestShared\Redesign\ManagementGroupCleanupPolicy.cs(11,49): error CS0246: The type or namespace name 'HttpPipelineSynchronousPolicy' could not be found (are you missing a using directive or an assembly reference?)
C:\gh\azure-sdk-for-net\common\ManagementTestShared\Redesign\ManagementGroupCleanupPolicy.cs(22,47): error CS0246: The type or namespace name 'HttpMessage' could not be found (are you missing a using directive or an assembly reference?)
C:\gh\azure-sdk-for-net\common\ManagementTestShared\Redesign\ResourceGroupCleanupPolicy.cs(12,47): error CS0246: The type or namespace name 'HttpPipelineSynchronousPolicy' could not be found (are you missing a using directive or an assembly reference?)
C:\gh\azure-sdk-for-net\common\ManagementTestShared\Redesign\ResourceGroupCleanupPolicy.cs(23,47): error CS0246: The type or namespace name 'HttpMessage' could not be found (are you missing a using directive or an assembly reference?)
C:\gh\azure-sdk-for-net\common\ManagementTestShared\Redesign\MockTestEnvironment.cs(20,17): error CS0246: The type or namespace name 'TokenCredential' could not be found (are you missing a using directive or an assembly reference?)
C:\gh\azure-sdk-for-net\common\ManagementTestShared\Redesign\JsonHelper.cs(14,33): error CS0246: The type or namespace name 'JsonWriterOptions' could not be found (are you missing a using directive or an assembly reference?)
C:\gh\azure-sdk-for-net\common\ManagementTestShared\Redesign\JsonHelper.cs(15,33): error CS0246: The type or namespace name 'JsonWriterOptions' could not be found (are you missing a using directive or an assembly reference?)
C:\gh\azure-sdk-for-net\common\ManagementTestShared\Redesign\ManagementRecordedTestBase.cs(34,17): error CS0246: The type or namespace name 'ArmClient' could not be found (are you missing a using directive or an assembly reference?)
C:\gh\azure-sdk-for-net\common\ManagementTestShared\Redesign\JsonHelper.cs(22,48): error CS0246: The type or namespace name 'IUtf8JsonSerializable' could not be found (are you missing a using directive or an assembly reference?)
C:\gh\azure-sdk-for-net\common\ManagementTestShared\Redesign\MockTestBase.cs(24,80): error CS0246: The type or namespace name 'ArmClientOptions' could not be found (are you missing a using directive or an assembly reference?)
C:\gh\azure-sdk-for-net\common\ManagementTestShared\Redesign\MockTestBase.cs(24,30): error CS0246: The type or namespace name 'ResourceGroupContainer' could not be found (are you missing a using directive or an assembly reference?)
C:\gh\azure-sdk-for-net\common\ManagementTestShared\Redesign\ManagementRecordedTestBase.cs(74,42): error CS0246: The type or namespace name 'ArmClientOptions' could not be found (are you missing a using directive or an assembly reference?)
C:\gh\azure-sdk-for-net\common\ManagementTestShared\Redesign\ManagementRecordedTestBase.cs(74,19): error CS0246: The type or namespace name 'ArmClient' could not be found (are you missing a using directive or an assembly reference?)
C:\gh\azure-sdk-for-net\common\ManagementTestShared\Redesign\ManagementRecordedTestBase.cs(59,17): error CS0246: The type or namespace name 'ArmClient' could not be found (are you missing a using directive or an assembly reference?)
C:\gh\azure-sdk-for-net\common\ManagementTestShared\Redesign\JsonHelper.cs(6,19): error CS0234: The type or namespace name 'Json' does not exist in the namespace 'System.Text' (are you missing an assembly reference?)
C:\gh\azure-sdk-for-net\common\ManagementTestShared\Redesign\JsonHelper.cs(8,7): error CS0246: The type or namespace name 'NUnit' could not be found (are you missing a using directive or an assembly reference?)
C:\gh\azure-sdk-for-net\common\ManagementTestShared\Redesign\ManagementRecordedTestBase.cs(7,7): error CS0246: The type or namespace name 'Castle' could not be found (are you missing a using directive or an assembly reference?)
C:\gh\azure-sdk-for-net\common\ManagementTestShared\Redesign\ManagementRecordedTestBase.cs(8,7): error CS0246: The type or namespace name 'NUnit' could not be found (are you missing a using directive or an assembly reference?)
C:\gh\azure-sdk-for-net\common\ManagementTestShared\Redesign\MockTestBase.cs(5,29): error CS0234: The type or namespace name 'Resources' does not exist in the namespace 'Azure.ResourceManager' (are you missing an assembly reference?)
C:\gh\azure-sdk-for-net\common\ManagementTestShared\Redesign\MockTestEnvironment.cs(22,41): error CS0012: The type 'TokenCredential' is defined in an assembly that is not referenced. You must add a reference to assembly 'Azure.Core, Version=1.17.0.0, Culture=neutral, PublicKeyToken=92742159e12e44c8'.
C:\gh\azure-sdk-for-net\common\ManagementTestShared\Redesign\MockTestEnvironment.cs(22,25): error CS0246: The type or namespace name 'TokenCredential' could not be found (are you missing a using directive or an assembly reference?)
C:\gh\azure-sdk-for-net\common\ManagementTestShared\Redesign\ManagementRecordedTestBase.cs(28,19): error CS0246: The type or namespace name 'ArmClient' could not be found (are you missing a using directive or an assembly reference?)
C:\gh\azure-sdk-for-net\common\ManagementTestShared\Redesign\ManagementRecordedTestBase.cs(92,10): error CS0246: The type or namespace name 'SetUpAttribute' could not be found (are you missing a using directive or an assembly reference?)
C:\gh\azure-sdk-for-net\common\ManagementTestShared\Redesign\ManagementRecordedTestBase.cs(92,10): error CS0246: The type or namespace name 'SetUp' could not be found (are you missing a using directive or an assembly reference?)
C:\gh\azure-sdk-for-net\common\ManagementTestShared\Redesign\ManagementRecordedTestBase.cs(98,10): error CS0246: The type or namespace name 'TearDownAttribute' could not be found (are you missing a using directive or an assembly reference?)
C:\gh\azure-sdk-for-net\common\ManagementTestShared\Redesign\ManagementRecordedTestBase.cs(98,10): error CS0246: The type or namespace name 'TearDown' could not be found (are you missing a using directive or an assembly reference?)
C:\gh\azure-sdk-for-net\common\ManagementTestShared\Redesign\ManagementRecordedTestBase.cs(155,10): error CS0246: The type or namespace name 'OneTimeSetUpAttribute' could not be found (are you missing a using directive or an assembly reference?)
C:\gh\azure-sdk-for-net\common\ManagementTestShared\Redesign\ManagementRecordedTestBase.cs(155,10): error CS0246: The type or namespace name 'OneTimeSetUp' could not be found (are you missing a using directive or an assembly reference?)
C:\gh\azure-sdk-for-net\common\ManagementTestShared\Redesign\ManagementRecordedTestBase.cs(197,10): error CS0246: The type or namespace name 'OneTimeTearDownAttribute' could not be found (are you missing a using directive or an assembly reference?)
C:\gh\azure-sdk-for-net\common\ManagementTestShared\Redesign\ManagementRecordedTestBase.cs(197,10): error CS0246: The type or namespace name 'OneTimeTearDown' could not be found (are you missing a using directive or an assembly reference?)
C:\gh\azure-sdk-for-net\common\ManagementTestShared\Redesign\JsonHelper.cs(14,75): error CS0246: The type or namespace name 'JsonWriterOptions' could not be found (are you missing a using directive or an assembly reference?)
C:\gh\azure-sdk-for-net\common\ManagementTestShared\Redesign\JsonHelper.cs(15,76): error CS0246: The type or namespace name 'JsonWriterOptions' could not be found (are you missing a using directive or an assembly reference?)
C:\gh\azure-sdk-for-net\common\ManagementTestShared\Redesign\JsonHelper.cs(25,13): error CS0246: The type or namespace name 'Utf8JsonWriter' could not be found (are you missing a using directive or an assembly reference?)
C:\gh\azure-sdk-for-net\common\ManagementTestShared\Redesign\JsonHelper.cs(41,13): error CS0246: The type or namespace name 'Utf8JsonWriter' could not be found (are you missing a using directive or an assembly reference?)
C:\gh\azure-sdk-for-net\common\ManagementTestShared\Redesign\ManagementGroupCleanupPolicy.cs(24,43): error CS0103: The name 'RequestMethod' does not exist in the current context
C:\gh\azure-sdk-for-net\common\ManagementTestShared\Redesign\ResourceGroupCleanupPolicy.cs(25,43): error CS0103: The name 'RequestMethod' does not exist in the current context
C:\gh\azure-sdk-for-net\common\ManagementTestShared\Redesign\ManagementRecordedTestBase.cs(54,40): error CS0246: The type or namespace name 'OperationInternals' could not be found (are you missing a using directive or an assembly reference?)
C:\gh\azure-sdk-for-net\common\ManagementTestShared\Redesign\ManagementRecordedTestBase.cs(63,28): error CS0246: The type or namespace name 'ArmClient' could not be found (are you missing a using directive or an assembly reference?)
C:\gh\azure-sdk-for-net\common\ManagementTestShared\Redesign\ManagementRecordedTestBase.cs(66,41): error CS0012: The type 'TokenCredential' is defined in an assembly that is not referenced. You must add a reference to assembly 'Azure.Core, Version=1.17.0.0, Culture=neutral, PublicKeyToken=92742159e12e44c8'.
C:\gh\azure-sdk-for-net\common\ManagementTestShared\Redesign\ManagementRecordedTestBase.cs(67,29): error CS0246: The type or namespace name 'ArmClientOptions' could not be found (are you missing a using directive or an assembly reference?)
C:\gh\azure-sdk-for-net\common\ManagementTestShared\Redesign\ManagementRecordedTestBase.cs(72,136): error CS0246: The type or namespace name 'IInterceptor' could not be found (are you missing a using directive or an assembly reference?)
C:\gh\azure-sdk-for-net\common\ManagementTestShared\Redesign\ManagementRecordedTestBase.cs(72,90): error CS0012: The type 'IInterceptor' is defined in an assembly that is not referenced. You must add a reference to assembly 'Castle.Core, Version=4.0.0.0, Culture=neutral, PublicKeyToken=407dd0808d44fbdc'.
C:\gh\azure-sdk-for-net\common\ManagementTestShared\Redesign\ManagementRecordedTestBase.cs(76,72): error CS0246: The type or namespace name 'ArmClientOptions' could not be found (are you missing a using directive or an assembly reference?)
C:\gh\azure-sdk-for-net\common\ManagementTestShared\Redesign\ManagementRecordedTestBase.cs(77,59): error CS0103: The name 'HttpPipelinePosition' does not exist in the current context
C:\gh\azure-sdk-for-net\common\ManagementTestShared\Redesign\ManagementRecordedTestBase.cs(77,21): error CS1061: 'T' does not contain a definition for 'AddPolicy' and no accessible extension method 'AddPolicy' accepting a first argument of type 'T' could be found (are you missing a using directive or an assembly reference?)
C:\gh\azure-sdk-for-net\common\ManagementTestShared\Redesign\ManagementRecordedTestBase.cs(78,61): error CS0103: The name 'HttpPipelinePosition' does not exist in the current context
C:\gh\azure-sdk-for-net\common\ManagementTestShared\Redesign\ManagementRecordedTestBase.cs(78,21): error CS1061: 'T' does not contain a definition for 'AddPolicy' and no accessible extension method 'AddPolicy' accepting a first argument of type 'T' could be found (are you missing a using directive or an assembly reference?)
C:\gh\azure-sdk-for-net\common\ManagementTestShared\Redesign\ManagementRecordedTestBase.cs(80,33): error CS0246: The type or namespace name 'ArmClient' could not be found (are you missing a using directive or an assembly reference?)
C:\gh\azure-sdk-for-net\common\ManagementTestShared\Redesign\ManagementRecordedTestBase.cs(83,33): error CS0012: The type 'TokenCredential' is defined in an assembly that is not referenced. You must add a reference to assembly 'Azure.Core, Version=1.17.0.0, Culture=neutral, PublicKeyToken=92742159e12e44c8'.
C:\gh\azure-sdk-for-net\common\ManagementTestShared\Redesign\ManagementRecordedTestBase.cs(110,28): error CS0246: The type or namespace name 'RequestFailedException' could not be found (are you missing a using directive or an assembly reference?)
C:\gh\azure-sdk-for-net\common\ManagementTestShared\Redesign\ManagementRecordedTestBase.cs(122,28): error CS0246: The type or namespace name 'RequestFailedException' could not be found (are you missing a using directive or an assembly reference?)
C:\gh\azure-sdk-for-net\common\ManagementTestShared\Redesign\ManagementRecordedTestBase.cs(133,13): error CS0246: The type or namespace name 'TestContext' could not be found (are you missing a using directive or an assembly reference?)
C:\gh\azure-sdk-for-net\common\ManagementTestShared\Redesign\ManagementRecordedTestBase.cs(133,44): error CS0103: The name 'TestContext' does not exist in the current context
C:\gh\azure-sdk-for-net\common\ManagementTestShared\Redesign\ManagementRecordedTestBase.cs(137,27): error CS0246: The type or namespace name 'IgnoreException' could not be found (are you missing a using directive or an assembly reference?)
C:\gh\azure-sdk-for-net\common\ManagementTestShared\Redesign\ManagementRecordedTestBase.cs(163,55): error CS0246: The type or namespace name 'ArmClientOptions' could not be found (are you missing a using directive or an assembly reference?)
C:\gh\azure-sdk-for-net\common\ManagementTestShared\Redesign\ManagementRecordedTestBase.cs(164,66): error CS0103: The name 'HttpPipelinePosition' does not exist in the current context
C:\gh\azure-sdk-for-net\common\ManagementTestShared\Redesign\ManagementRecordedTestBase.cs(164,21): error CS1061: 'T' does not contain a definition for 'AddPolicy' and no accessible extension method 'AddPolicy' accepting a first argument of type 'T' could be found (are you missing a using directive or an assembly reference?)
C:\gh\azure-sdk-for-net\common\ManagementTestShared\Redesign\ManagementRecordedTestBase.cs(165,68): error CS0103: The name 'HttpPipelinePosition' does not exist in the current context
C:\gh\azure-sdk-for-net\common\ManagementTestShared\Redesign\ManagementRecordedTestBase.cs(165,21): error CS1061: 'T' does not contain a definition for 'AddPolicy' and no accessible extension method 'AddPolicy' accepting a first argument of type 'T' could be found (are you missing a using directive or an assembly reference?)
C:\gh\azure-sdk-for-net\common\ManagementTestShared\Redesign\ManagementRecordedTestBase.cs(167,41): error CS0246: The type or namespace name 'ArmClient' could not be found (are you missing a using directive or an assembly reference?)
C:\gh\azure-sdk-for-net\common\ManagementTestShared\Redesign\ManagementRecordedTestBase.cs(170,36): error CS0012: The type 'TokenCredential' is defined in an assembly that is not referenced. You must add a reference to assembly 'Azure.Core, Version=1.17.0.0, Culture=neutral, PublicKeyToken=92742159e12e44c8'.
C:\gh\azure-sdk-for-net\common\ManagementTestShared\Redesign\ManagementRecordedTestBase.cs(190,33): error CS0246: The type or namespace name 'OneTimeSetUpAttribute' could not be found (are you missing a using directive or an assembly reference?)
C:\gh\azure-sdk-for-net\common\ManagementTestShared\Redesign\ManagementRecordedTestBase.cs(6,1): hidden CS8019: Unnecessary using directive.
C:\gh\azure-sdk-for-net\common\ManagementTestShared\Redesign\ResourceGroupCleanupPolicy.cs(8,1): hidden CS8019: Unnecessary using directive.
C:\gh\azure-sdk-for-net\common\ManagementTestShared\Redesign\MockTestEnvironment.cs(4,1): hidden CS8019: Unnecessary using directive.
C:\gh\azure-sdk-for-net\artifacts\obj\Azure.ResourceManager.Template.Tests\Debug\net461\Azure.ResourceManager.Template.Tests.AssemblyInfo.cs(12,1): hidden CS8019: Unnecessary using directive.
C:\gh\azure-sdk-for-net\common\ManagementTestShared\Redesign\ManagementGroupCleanupPolicy.cs(5,1): hidden CS8019: Unnecessary using directive.
C:\gh\azure-sdk-for-net\common\ManagementTestShared\Redesign\ManagementRecordedTestBase.cs(4,1): hidden CS8019: Unnecessary using directive.
C:\gh\azure-sdk-for-net\common\ManagementTestShared\Redesign\MockTestBase.cs(5,1): hidden CS8019: Unnecessary using directive.
C:\gh\azure-sdk-for-net\common\ManagementTestShared\Redesign\ManagementRecordedTestBase.cs(8,1): hidden CS8019: Unnecessary using directive.
C:\gh\azure-sdk-for-net\common\ManagementTestShared\Redesign\JsonHelper.cs(8,1): hidden CS8019: Unnecessary using directive.
C:\gh\azure-sdk-for-net\common\ManagementTestShared\Redesign\JsonHelper.cs(7,1): hidden CS8019: Unnecessary using directive.
C:\gh\azure-sdk-for-net\common\ManagementTestShared\Redesign\ResourceGroupCleanupPolicy.cs(7,1): hidden CS8019: Unnecessary using directive.
C:\gh\azure-sdk-for-net\common\ManagementTestShared\Redesign\JsonHelper.cs(6,1): hidden CS8019: Unnecessary using directive.
C:\gh\azure-sdk-for-net\common\ManagementTestShared\Redesign\ManagementGroupCleanupPolicy.cs(4,1): hidden CS8019: Unnecessary using directive.
C:\gh\azure-sdk-for-net\artifacts\obj\Azure.ResourceManager.Template.Tests\Debug\net461\.NETFramework,Version=v4.6.1.AssemblyAttributes.cs(2,1): hidden CS8019: Unnecessary using directive.
C:\gh\azure-sdk-for-net\common\ManagementTestShared\Redesign\ManagementRecordedTestBase.cs(7,1): hidden CS8019: Unnecessary using directive.
C:\gh\azure-sdk-for-net\artifacts\obj\Azure.ResourceManager.Template.Tests\Debug\net461\.NETFramework,Version=v4.6.1.AssemblyAttributes.cs(3,1): hidden CS8019: Unnecessary using directive.
C:\gh\azure-sdk-for-net\artifacts\obj\Azure.ResourceManager.Template.Tests\Debug\net461\Azure.ResourceManager.Template.Tests.AssemblyInfo.cs(11,1): hidden CS8019: Unnecessary using directive.
