C:\gh\azure-sdk-for-net\sdk\storage\Microsoft.Azure.WebJobs.Extensions.Storage.Scenario.Tests\tests\BlobTriggerEndToEndTests.cs(39,26): error CS0246: The type or namespace name 'BlobServiceClient' could not be found (are you missing a using directive or an assembly reference?)
C:\gh\azure-sdk-for-net\sdk\storage\Microsoft.Azure.WebJobs.Extensions.Storage.Scenario.Tests\tests\MultipleStorageAccountsEndToEndTests.cs(305,41): error CS0246: The type or namespace name 'BlobServiceClient' could not be found (are you missing a using directive or an assembly reference?)
C:\gh\azure-sdk-for-net\sdk\storage\Microsoft.Azure.WebJobs.Extensions.Storage.Scenario.Tests\tests\MultipleStorageAccountsEndToEndTests.cs(305,71): error CS0246: The type or namespace name 'QueueServiceClient' could not be found (are you missing a using directive or an assembly reference?)
C:\gh\azure-sdk-for-net\sdk\storage\Microsoft.Azure.WebJobs.Extensions.Storage.Scenario.Tests\tests\BlobBindingEndToEndTests.cs(817,62): error CS0246: The type or namespace name 'LeaseState' could not be found (are you missing a using directive or an assembly reference?)
C:\gh\azure-sdk-for-net\sdk\storage\Microsoft.Azure.WebJobs.Extensions.Storage.Scenario.Tests\tests\BlobBindingEndToEndTests.cs(817,80): error CS0246: The type or namespace name 'LeaseStatus' could not be found (are you missing a using directive or an assembly reference?)
C:\gh\azure-sdk-for-net\sdk\storage\Microsoft.Azure.WebJobs.Extensions.Storage.Common\tests\Shared\AzuriteNUnitFixture.cs(11,2): error CS0246: The type or namespace name 'SetUpFixtureAttribute' could not be found (are you missing a using directive or an assembly reference?)
C:\gh\azure-sdk-for-net\sdk\storage\Microsoft.Azure.WebJobs.Extensions.Storage.Common\tests\Shared\AzuriteNUnitFixture.cs(11,2): error CS0246: The type or namespace name 'SetUpFixture' could not be found (are you missing a using directive or an assembly reference?)
C:\gh\azure-sdk-for-net\sdk\storage\Microsoft.Azure.WebJobs.Extensions.Storage.Scenario.Tests\tests\BlobTriggerEndToEndTests.cs(61,75): error CS0246: The type or namespace name 'IWebJobsBuilder' could not be found (are you missing a using directive or an assembly reference?)
C:\gh\azure-sdk-for-net\sdk\storage\Microsoft.Azure.WebJobs.Extensions.Storage.Scenario.Tests\tests\BlobTriggerEndToEndTests.cs(61,16): error CS0246: The type or namespace name 'IHostBuilder' could not be found (are you missing a using directive or an assembly reference?)
C:\gh\azure-sdk-for-net\sdk\storage\Microsoft.Azure.WebJobs.Extensions.Storage.Scenario.Tests\tests\EventGridBlobTriggerEndToEndTests.cs(160,70): error CS0246: The type or namespace name 'IHost' could not be found (are you missing a using directive or an assembly reference?)
C:\gh\azure-sdk-for-net\sdk\storage\Microsoft.Azure.WebJobs.Extensions.Storage.Scenario.Tests\tests\ScenarioTests.cs(58,77): error CS0246: The type or namespace name 'BlobServiceClient' could not be found (are you missing a using directive or an assembly reference?)
C:\gh\azure-sdk-for-net\sdk\storage\Microsoft.Azure.WebJobs.Extensions.Storage.Scenario.Tests\tests\ScenarioTests.cs(58,35): error CS0246: The type or namespace name 'BlobContainerClient' could not be found (are you missing a using directive or an assembly reference?)
C:\gh\azure-sdk-for-net\sdk\storage\Microsoft.Azure.WebJobs.Extensions.Storage.Scenario.Tests\tests\BlobTriggerEndToEndTests.cs(278,10): error CS0246: The type or namespace name 'TestAttribute' could not be found (are you missing a using directive or an assembly reference?)
C:\gh\azure-sdk-for-net\sdk\storage\Microsoft.Azure.WebJobs.Extensions.Storage.Scenario.Tests\tests\BlobTriggerEndToEndTests.cs(278,10): error CS0246: The type or namespace name 'Test' could not be found (are you missing a using directive or an assembly reference?)
C:\gh\azure-sdk-for-net\sdk\storage\Microsoft.Azure.WebJobs.Extensions.Storage.Scenario.Tests\tests\ScenarioTests.cs(40,10): error CS0246: The type or namespace name 'TestAttribute' could not be found (are you missing a using directive or an assembly reference?)
C:\gh\azure-sdk-for-net\sdk\storage\Microsoft.Azure.WebJobs.Extensions.Storage.Scenario.Tests\tests\ScenarioTests.cs(40,10): error CS0246: The type or namespace name 'Test' could not be found (are you missing a using directive or an assembly reference?)
C:\gh\azure-sdk-for-net\sdk\storage\Microsoft.Azure.WebJobs.Extensions.Storage.Scenario.Tests\tests\ScenarioTests.cs(26,17): error CS0246: The type or namespace name 'BlobServiceClient' could not be found (are you missing a using directive or an assembly reference?)
C:\gh\azure-sdk-for-net\sdk\storage\Microsoft.Azure.WebJobs.Extensions.Storage.Scenario.Tests\tests\BlobTriggerEndToEndTests.cs(38,26): error CS0246: The type or namespace name 'BlobContainerClient' could not be found (are you missing a using directive or an assembly reference?)
C:\gh\azure-sdk-for-net\sdk\storage\Microsoft.Azure.WebJobs.Extensions.Storage.Scenario.Tests\tests\EventGridBlobTriggerEndToEndTests.cs(93,75): error CS0246: The type or namespace name 'IWebJobsBuilder' could not be found (are you missing a using directive or an assembly reference?)
C:\gh\azure-sdk-for-net\sdk\storage\Microsoft.Azure.WebJobs.Extensions.Storage.Scenario.Tests\tests\EventGridBlobTriggerEndToEndTests.cs(93,16): error CS0246: The type or namespace name 'IHostBuilder' could not be found (are you missing a using directive or an assembly reference?)
C:\gh\azure-sdk-for-net\sdk\storage\Microsoft.Azure.WebJobs.Extensions.Storage.Scenario.Tests\tests\ScenarioTests.cs(27,17): error CS0246: The type or namespace name 'QueueServiceClient' could not be found (are you missing a using directive or an assembly reference?)
C:\gh\azure-sdk-for-net\sdk\storage\Microsoft.Azure.WebJobs.Extensions.Storage.Scenario.Tests\tests\BlobTriggerEndToEndTests.cs(258,10): error CS0246: The type or namespace name 'TestAttribute' could not be found (are you missing a using directive or an assembly reference?)
C:\gh\azure-sdk-for-net\sdk\storage\Microsoft.Azure.WebJobs.Extensions.Storage.Scenario.Tests\tests\BlobTriggerEndToEndTests.cs(258,10): error CS0246: The type or namespace name 'Test' could not be found (are you missing a using directive or an assembly reference?)
C:\gh\azure-sdk-for-net\sdk\storage\Microsoft.Azure.WebJobs.Extensions.Storage.Scenario.Tests\tests\EventGridBlobTriggerEndToEndTests.cs(144,10): error CS0246: The type or namespace name 'TestAttribute' could not be found (are you missing a using directive or an assembly reference?)
C:\gh\azure-sdk-for-net\sdk\storage\Microsoft.Azure.WebJobs.Extensions.Storage.Scenario.Tests\tests\EventGridBlobTriggerEndToEndTests.cs(144,10): error CS0246: The type or namespace name 'Test' could not be found (are you missing a using directive or an assembly reference?)
C:\gh\azure-sdk-for-net\sdk\storage\Microsoft.Azure.WebJobs.Extensions.Storage.Scenario.Tests\tests\AzureStorageEndToEndTests.cs(350,44): error CS0518: Predefined type 'System.Object' is not defined or imported
C:\gh\azure-sdk-for-net\sdk\storage\Microsoft.Azure.WebJobs.Extensions.Storage.Scenario.Tests\tests\AzureStorageEndToEndTests.cs(357,71): error CS0246: The type or namespace name 'QueueMessage' could not be found (are you missing a using directive or an assembly reference?)
C:\gh\azure-sdk-for-net\sdk\storage\Microsoft.Azure.WebJobs.Extensions.Storage.Scenario.Tests\tests\EventGridBlobTriggerEndToEndTests.cs(125,10): error CS0246: The type or namespace name 'TestAttribute' could not be found (are you missing a using directive or an assembly reference?)
C:\gh\azure-sdk-for-net\sdk\storage\Microsoft.Azure.WebJobs.Extensions.Storage.Scenario.Tests\tests\EventGridBlobTriggerEndToEndTests.cs(125,10): error CS0246: The type or namespace name 'Test' could not be found (are you missing a using directive or an assembly reference?)
C:\gh\azure-sdk-for-net\sdk\storage\Microsoft.Azure.WebJobs.Extensions.Storage.Scenario.Tests\tests\AzureStorageEndToEndTests.cs(48,17): error CS0246: The type or namespace name 'QueueServiceClient' could not be found (are you missing a using directive or an assembly reference?)
C:\gh\azure-sdk-for-net\sdk\storage\Microsoft.Azure.WebJobs.Extensions.Storage.Scenario.Tests\tests\BlobTriggerEndToEndTests.cs(213,10): error CS0246: The type or namespace name 'TestAttribute' could not be found (are you missing a using directive or an assembly reference?)
C:\gh\azure-sdk-for-net\sdk\storage\Microsoft.Azure.WebJobs.Extensions.Storage.Scenario.Tests\tests\BlobTriggerEndToEndTests.cs(213,10): error CS0246: The type or namespace name 'Test' could not be found (are you missing a using directive or an assembly reference?)
C:\gh\azure-sdk-for-net\sdk\storage\Microsoft.Azure.WebJobs.Extensions.Storage.Scenario.Tests\tests\EventGridBlobTriggerEndToEndTests.cs(30,26): error CS0246: The type or namespace name 'BlobContainerClient' could not be found (are you missing a using directive or an assembly reference?)
C:\gh\azure-sdk-for-net\sdk\storage\Microsoft.Azure.WebJobs.Extensions.Storage.Scenario.Tests\tests\AzureStorageEndToEndTests.cs(49,17): error CS0246: The type or namespace name 'BlobServiceClient' could not be found (are you missing a using directive or an assembly reference?)
C:\gh\azure-sdk-for-net\sdk\storage\Microsoft.Azure.WebJobs.Extensions.Storage.Scenario.Tests\tests\EventGridBlobTriggerEndToEndTests.cs(111,10): error CS0246: The type or namespace name 'TestAttribute' could not be found (are you missing a using directive or an assembly reference?)
C:\gh\azure-sdk-for-net\sdk\storage\Microsoft.Azure.WebJobs.Extensions.Storage.Scenario.Tests\tests\EventGridBlobTriggerEndToEndTests.cs(111,10): error CS0246: The type or namespace name 'Test' could not be found (are you missing a using directive or an assembly reference?)
C:\gh\azure-sdk-for-net\sdk\storage\Microsoft.Azure.WebJobs.Extensions.Storage.Scenario.Tests\tests\MultipleStorageAccountsEndToEndTests.cs(192,42): error CS0246: The type or namespace name 'INameResolver' could not be found (are you missing a using directive or an assembly reference?)
C:\gh\azure-sdk-for-net\sdk\storage\Microsoft.Azure.WebJobs.Extensions.Storage.Scenario.Tests\tests\AzureStorageEndToEndTests.cs(222,10): error CS0246: The type or namespace name 'TestAttribute' could not be found (are you missing a using directive or an assembly reference?)
C:\gh\azure-sdk-for-net\sdk\storage\Microsoft.Azure.WebJobs.Extensions.Storage.Scenario.Tests\tests\AzureStorageEndToEndTests.cs(222,10): error CS0246: The type or namespace name 'Test' could not be found (are you missing a using directive or an assembly reference?)
C:\gh\azure-sdk-for-net\sdk\storage\Microsoft.Azure.WebJobs.Extensions.Storage.Scenario.Tests\tests\AzureStorageEndToEndTests.cs(223,10): error CS0246: The type or namespace name 'IgnoreAttribute' could not be found (are you missing a using directive or an assembly reference?)
C:\gh\azure-sdk-for-net\sdk\storage\Microsoft.Azure.WebJobs.Extensions.Storage.Scenario.Tests\tests\AzureStorageEndToEndTests.cs(223,10): error CS0246: The type or namespace name 'Ignore' could not be found (are you missing a using directive or an assembly reference?)
C:\gh\azure-sdk-for-net\sdk\storage\Microsoft.Azure.WebJobs.Extensions.Storage.Scenario.Tests\tests\EventGridBlobTriggerEndToEndTests.cs(31,26): error CS0246: The type or namespace name 'BlobServiceClient' could not be found (are you missing a using directive or an assembly reference?)
C:\gh\azure-sdk-for-net\sdk\storage\Microsoft.Azure.WebJobs.Extensions.Storage.Scenario.Tests\tests\MultipleStorageAccountsEndToEndTests.cs(134,10): error CS0246: The type or namespace name 'TestAttribute' could not be found (are you missing a using directive or an assembly reference?)
C:\gh\azure-sdk-for-net\sdk\storage\Microsoft.Azure.WebJobs.Extensions.Storage.Scenario.Tests\tests\MultipleStorageAccountsEndToEndTests.cs(134,10): error CS0246: The type or namespace name 'Test' could not be found (are you missing a using directive or an assembly reference?)
C:\gh\azure-sdk-for-net\sdk\storage\Microsoft.Azure.WebJobs.Extensions.Storage.Scenario.Tests\tests\MultipleStorageAccountsEndToEndTests.cs(105,10): error CS0246: The type or namespace name 'TestCaseAttribute' could not be found (are you missing a using directive or an assembly reference?)
C:\gh\azure-sdk-for-net\sdk\storage\Microsoft.Azure.WebJobs.Extensions.Storage.Scenario.Tests\tests\MultipleStorageAccountsEndToEndTests.cs(105,10): error CS0246: The type or namespace name 'TestCase' could not be found (are you missing a using directive or an assembly reference?)
C:\gh\azure-sdk-for-net\sdk\storage\Microsoft.Azure.WebJobs.Extensions.Storage.Scenario.Tests\tests\MultipleStorageAccountsEndToEndTests.cs(106,10): error CS0246: The type or namespace name 'TestCaseAttribute' could not be found (are you missing a using directive or an assembly reference?)
C:\gh\azure-sdk-for-net\sdk\storage\Microsoft.Azure.WebJobs.Extensions.Storage.Scenario.Tests\tests\MultipleStorageAccountsEndToEndTests.cs(106,10): error CS0246: The type or namespace name 'TestCase' could not be found (are you missing a using directive or an assembly reference?)
C:\gh\azure-sdk-for-net\sdk\storage\Microsoft.Azure.WebJobs.Extensions.Storage.Scenario.Tests\tests\MultipleStorageAccountsEndToEndTests.cs(91,10): error CS0246: The type or namespace name 'TestAttribute' could not be found (are you missing a using directive or an assembly reference?)
C:\gh\azure-sdk-for-net\sdk\storage\Microsoft.Azure.WebJobs.Extensions.Storage.Scenario.Tests\tests\MultipleStorageAccountsEndToEndTests.cs(91,10): error CS0246: The type or namespace name 'Test' could not be found (are you missing a using directive or an assembly reference?)
C:\gh\azure-sdk-for-net\sdk\storage\Microsoft.Azure.WebJobs.Extensions.Storage.Scenario.Tests\tests\BlobTriggerEndToEndTests.cs(113,58): error CS0246: The type or namespace name 'JObject' could not be found (are you missing a using directive or an assembly reference?)
C:\gh\azure-sdk-for-net\sdk\storage\Microsoft.Azure.WebJobs.Extensions.Storage.Scenario.Tests\tests\MultipleStorageAccountsEndToEndTests.cs(69,10): error CS0246: The type or namespace name 'TestAttribute' could not be found (are you missing a using directive or an assembly reference?)
C:\gh\azure-sdk-for-net\sdk\storage\Microsoft.Azure.WebJobs.Extensions.Storage.Scenario.Tests\tests\MultipleStorageAccountsEndToEndTests.cs(69,10): error CS0246: The type or namespace name 'Test' could not be found (are you missing a using directive or an assembly reference?)
C:\gh\azure-sdk-for-net\sdk\storage\Microsoft.Azure.WebJobs.Extensions.Storage.Scenario.Tests\tests\BlobTriggerEndToEndTests.cs(93,62): error CS0246: The type or namespace name 'JObject' could not be found (are you missing a using directive or an assembly reference?)
C:\gh\azure-sdk-for-net\sdk\storage\Microsoft.Azure.WebJobs.Extensions.Storage.Scenario.Tests\tests\MultipleStorageAccountsEndToEndTests.cs(47,10): error CS0246: The type or namespace name 'TestAttribute' could not be found (are you missing a using directive or an assembly reference?)
C:\gh\azure-sdk-for-net\sdk\storage\Microsoft.Azure.WebJobs.Extensions.Storage.Scenario.Tests\tests\MultipleStorageAccountsEndToEndTests.cs(47,10): error CS0246: The type or namespace name 'Test' could not be found (are you missing a using directive or an assembly reference?)
C:\gh\azure-sdk-for-net\sdk\storage\Microsoft.Azure.WebJobs.Extensions.Storage.Scenario.Tests\tests\AzureStorageEndToEndTests.cs(159,13): error CS0246: The type or namespace name 'TraceWriter' could not be found (are you missing a using directive or an assembly reference?)
C:\gh\azure-sdk-for-net\sdk\storage\Microsoft.Azure.WebJobs.Extensions.Storage.Scenario.Tests\tests\AzureStorageEndToEndTests.cs(146,46): error CS0246: The type or namespace name 'QueueMessage' could not be found (are you missing a using directive or an assembly reference?)
C:\gh\azure-sdk-for-net\sdk\storage\Microsoft.Azure.WebJobs.Extensions.Storage.Scenario.Tests\tests\AzureStorageEndToEndTests.cs(149,13): error CS0246: The type or namespace name 'TraceWriter' could not be found (are you missing a using directive or an assembly reference?)
C:\gh\azure-sdk-for-net\sdk\storage\Microsoft.Azure.WebJobs.Extensions.Storage.Scenario.Tests\tests\MultipleStorageAccountsEndToEndTests.cs(32,10): error CS0246: The type or namespace name 'OneTimeSetUpAttribute' could not be found (are you missing a using directive or an assembly reference?)
C:\gh\azure-sdk-for-net\sdk\storage\Microsoft.Azure.WebJobs.Extensions.Storage.Scenario.Tests\tests\MultipleStorageAccountsEndToEndTests.cs(32,10): error CS0246: The type or namespace name 'OneTimeSetUp' could not be found (are you missing a using directive or an assembly reference?)
C:\gh\azure-sdk-for-net\sdk\storage\Microsoft.Azure.WebJobs.Extensions.Storage.Scenario.Tests\tests\MultipleStorageAccountsEndToEndTests.cs(41,10): error CS0246: The type or namespace name 'OneTimeTearDownAttribute' could not be found (are you missing a using directive or an assembly reference?)
C:\gh\azure-sdk-for-net\sdk\storage\Microsoft.Azure.WebJobs.Extensions.Storage.Scenario.Tests\tests\MultipleStorageAccountsEndToEndTests.cs(41,10): error CS0246: The type or namespace name 'OneTimeTearDown' could not be found (are you missing a using directive or an assembly reference?)
C:\gh\azure-sdk-for-net\sdk\storage\Microsoft.Azure.WebJobs.Extensions.Storage.Scenario.Tests\tests\BlobBindingEndToEndTests.cs(526,10): error CS0246: The type or namespace name 'NoAutomaticTriggerAttribute' could not be found (are you missing a using directive or an assembly reference?)
C:\gh\azure-sdk-for-net\sdk\storage\Microsoft.Azure.WebJobs.Extensions.Storage.Scenario.Tests\tests\BlobBindingEndToEndTests.cs(526,10): error CS0246: The type or namespace name 'NoAutomaticTrigger' could not be found (are you missing a using directive or an assembly reference?)
C:\gh\azure-sdk-for-net\sdk\storage\Microsoft.Azure.WebJobs.Extensions.Storage.Scenario.Tests\tests\BlobBindingEndToEndTests.cs(528,47): error CS0246: The type or namespace name 'BlobClient' could not be found (are you missing a using directive or an assembly reference?)
C:\gh\azure-sdk-for-net\sdk\storage\Microsoft.Azure.WebJobs.Extensions.Storage.Scenario.Tests\tests\EventGridBlobTriggerEndToEndTests.cs(193,105): error CS0246: The type or namespace name 'PageBlobClient' could not be found (are you missing a using directive or an assembly reference?)
C:\gh\azure-sdk-for-net\sdk\storage\Microsoft.Azure.WebJobs.Extensions.Storage.Scenario.Tests\tests\BlobBindingEndToEndTests.cs(510,10): error CS0246: The type or namespace name 'NoAutomaticTriggerAttribute' could not be found (are you missing a using directive or an assembly reference?)
C:\gh\azure-sdk-for-net\sdk\storage\Microsoft.Azure.WebJobs.Extensions.Storage.Scenario.Tests\tests\BlobBindingEndToEndTests.cs(510,10): error CS0246: The type or namespace name 'NoAutomaticTrigger' could not be found (are you missing a using directive or an assembly reference?)
C:\gh\azure-sdk-for-net\sdk\storage\Microsoft.Azure.WebJobs.Extensions.Storage.Scenario.Tests\tests\BlobBindingEndToEndTests.cs(512,47): error CS0246: The type or namespace name 'BlobBaseClient' could not be found (are you missing a using directive or an assembly reference?)
C:\gh\azure-sdk-for-net\sdk\storage\Microsoft.Azure.WebJobs.Extensions.Storage.Scenario.Tests\tests\BlobTriggerEndToEndTests.cs(168,10): error CS0246: The type or namespace name 'TestAttribute' could not be found (are you missing a using directive or an assembly reference?)
C:\gh\azure-sdk-for-net\sdk\storage\Microsoft.Azure.WebJobs.Extensions.Storage.Scenario.Tests\tests\BlobTriggerEndToEndTests.cs(168,10): error CS0246: The type or namespace name 'Test' could not be found (are you missing a using directive or an assembly reference?)
C:\gh\azure-sdk-for-net\sdk\storage\Microsoft.Azure.WebJobs.Extensions.Storage.Scenario.Tests\tests\BlobTriggerEndToEndTests.cs(174,10): error CS0246: The type or namespace name 'TestAttribute' could not be found (are you missing a using directive or an assembly reference?)
C:\gh\azure-sdk-for-net\sdk\storage\Microsoft.Azure.WebJobs.Extensions.Storage.Scenario.Tests\tests\BlobTriggerEndToEndTests.cs(174,10): error CS0246: The type or namespace name 'Test' could not be found (are you missing a using directive or an assembly reference?)
C:\gh\azure-sdk-for-net\sdk\storage\Microsoft.Azure.WebJobs.Extensions.Storage.Scenario.Tests\tests\AzureStorageEndToEndTests.cs(172,10): error CS0246: The type or namespace name 'TestAttribute' could not be found (are you missing a using directive or an assembly reference?)
C:\gh\azure-sdk-for-net\sdk\storage\Microsoft.Azure.WebJobs.Extensions.Storage.Scenario.Tests\tests\AzureStorageEndToEndTests.cs(172,10): error CS0246: The type or namespace name 'Test' could not be found (are you missing a using directive or an assembly reference?)
C:\gh\azure-sdk-for-net\sdk\storage\Microsoft.Azure.WebJobs.Extensions.Storage.Scenario.Tests\tests\BlobBindingEndToEndTests.cs(460,10): error CS0246: The type or namespace name 'NoAutomaticTriggerAttribute' could not be found (are you missing a using directive or an assembly reference?)
C:\gh\azure-sdk-for-net\sdk\storage\Microsoft.Azure.WebJobs.Extensions.Storage.Scenario.Tests\tests\BlobBindingEndToEndTests.cs(460,10): error CS0246: The type or namespace name 'NoAutomaticTrigger' could not be found (are you missing a using directive or an assembly reference?)
C:\gh\azure-sdk-for-net\sdk\storage\Microsoft.Azure.WebJobs.Extensions.Storage.Scenario.Tests\tests\BlobBindingEndToEndTests.cs(462,57): error CS0246: The type or namespace name 'AppendBlobClient' could not be found (are you missing a using directive or an assembly reference?)
C:\gh\azure-sdk-for-net\sdk\storage\Microsoft.Azure.WebJobs.Extensions.Storage.Scenario.Tests\tests\BlobBindingEndToEndTests.cs(448,10): error CS0246: The type or namespace name 'NoAutomaticTriggerAttribute' could not be found (are you missing a using directive or an assembly reference?)
C:\gh\azure-sdk-for-net\sdk\storage\Microsoft.Azure.WebJobs.Extensions.Storage.Scenario.Tests\tests\BlobBindingEndToEndTests.cs(448,10): error CS0246: The type or namespace name 'NoAutomaticTrigger' could not be found (are you missing a using directive or an assembly reference?)
C:\gh\azure-sdk-for-net\sdk\storage\Microsoft.Azure.WebJobs.Extensions.Storage.Scenario.Tests\tests\BlobBindingEndToEndTests.cs(450,55): error CS0246: The type or namespace name 'PageBlobClient' could not be found (are you missing a using directive or an assembly reference?)
C:\gh\azure-sdk-for-net\sdk\storage\Microsoft.Azure.WebJobs.Extensions.Storage.Scenario.Tests\tests\BlobBindingEndToEndTests.cs(435,10): error CS0246: The type or namespace name 'NoAutomaticTriggerAttribute' could not be found (are you missing a using directive or an assembly reference?)
C:\gh\azure-sdk-for-net\sdk\storage\Microsoft.Azure.WebJobs.Extensions.Storage.Scenario.Tests\tests\BlobBindingEndToEndTests.cs(435,10): error CS0246: The type or namespace name 'NoAutomaticTrigger' could not be found (are you missing a using directive or an assembly reference?)
C:\gh\azure-sdk-for-net\sdk\storage\Microsoft.Azure.WebJobs.Extensions.Storage.Scenario.Tests\tests\BlobBindingEndToEndTests.cs(438,45): error CS0246: The type or namespace name 'BlockBlobClient' could not be found (are you missing a using directive or an assembly reference?)
C:\gh\azure-sdk-for-net\sdk\storage\Microsoft.Azure.WebJobs.Extensions.Storage.Scenario.Tests\tests\BlobBindingEndToEndTests.cs(423,10): error CS0246: The type or namespace name 'NoAutomaticTriggerAttribute' could not be found (are you missing a using directive or an assembly reference?)
C:\gh\azure-sdk-for-net\sdk\storage\Microsoft.Azure.WebJobs.Extensions.Storage.Scenario.Tests\tests\BlobBindingEndToEndTests.cs(423,10): error CS0246: The type or namespace name 'NoAutomaticTrigger' could not be found (are you missing a using directive or an assembly reference?)
C:\gh\azure-sdk-for-net\sdk\storage\Microsoft.Azure.WebJobs.Extensions.Storage.Scenario.Tests\tests\BlobBindingEndToEndTests.cs(425,72): error CS0246: The type or namespace name 'BlockBlobClient' could not be found (are you missing a using directive or an assembly reference?)
C:\gh\azure-sdk-for-net\sdk\storage\Microsoft.Azure.WebJobs.Extensions.Storage.Scenario.Tests\tests\BlobBindingEndToEndTests.cs(408,10): error CS0246: The type or namespace name 'NoAutomaticTriggerAttribute' could not be found (are you missing a using directive or an assembly reference?)
C:\gh\azure-sdk-for-net\sdk\storage\Microsoft.Azure.WebJobs.Extensions.Storage.Scenario.Tests\tests\BlobBindingEndToEndTests.cs(408,10): error CS0246: The type or namespace name 'NoAutomaticTrigger' could not be found (are you missing a using directive or an assembly reference?)
C:\gh\azure-sdk-for-net\sdk\storage\Microsoft.Azure.WebJobs.Extensions.Storage.Scenario.Tests\tests\BlobBindingEndToEndTests.cs(410,75): error CS0246: The type or namespace name 'BlockBlobClient' could not be found (are you missing a using directive or an assembly reference?)
C:\gh\azure-sdk-for-net\sdk\storage\Microsoft.Azure.WebJobs.Extensions.Storage.Scenario.Tests\tests\BlobBindingEndToEndTests.cs(403,56): error CS0246: The type or namespace name 'BlockBlobClient' could not be found (are you missing a using directive or an assembly reference?)
C:\gh\azure-sdk-for-net\sdk\storage\Microsoft.Azure.WebJobs.Extensions.Storage.Scenario.Tests\tests\BlobBindingEndToEndTests.cs(389,10): error CS0246: The type or namespace name 'NoAutomaticTriggerAttribute' could not be found (are you missing a using directive or an assembly reference?)
C:\gh\azure-sdk-for-net\sdk\storage\Microsoft.Azure.WebJobs.Extensions.Storage.Scenario.Tests\tests\BlobBindingEndToEndTests.cs(389,10): error CS0246: The type or namespace name 'NoAutomaticTrigger' could not be found (are you missing a using directive or an assembly reference?)
C:\gh\azure-sdk-for-net\sdk\storage\Microsoft.Azure.WebJobs.Extensions.Storage.Scenario.Tests\tests\BlobBindingEndToEndTests.cs(391,56): error CS0246: The type or namespace name 'BlockBlobClient' could not be found (are you missing a using directive or an assembly reference?)
C:\gh\azure-sdk-for-net\sdk\storage\Microsoft.Azure.WebJobs.Extensions.Storage.Scenario.Tests\tests\BlobBindingEndToEndTests.cs(375,27): error CS0246: The type or namespace name 'BlobContainerClient' could not be found (are you missing a using directive or an assembly reference?)
C:\gh\azure-sdk-for-net\sdk\storage\Microsoft.Azure.WebJobs.Extensions.Storage.Scenario.Tests\tests\BlobBindingEndToEndTests.cs(359,35): error CS0246: The type or namespace name 'BlobContainerClient' could not be found (are you missing a using directive or an assembly reference?)
C:\gh\azure-sdk-for-net\sdk\storage\Microsoft.Azure.WebJobs.Extensions.Storage.Scenario.Tests\tests\BlobBindingEndToEndTests.cs(335,10): error CS0246: The type or namespace name 'TestAttribute' could not be found (are you missing a using directive or an assembly reference?)
C:\gh\azure-sdk-for-net\sdk\storage\Microsoft.Azure.WebJobs.Extensions.Storage.Scenario.Tests\tests\BlobBindingEndToEndTests.cs(335,10): error CS0246: The type or namespace name 'Test' could not be found (are you missing a using directive or an assembly reference?)
C:\gh\azure-sdk-for-net\sdk\storage\Microsoft.Azure.WebJobs.Extensions.Storage.Scenario.Tests\tests\BlobBindingEndToEndTests.cs(314,10): error CS0246: The type or namespace name 'TestAttribute' could not be found (are you missing a using directive or an assembly reference?)
C:\gh\azure-sdk-for-net\sdk\storage\Microsoft.Azure.WebJobs.Extensions.Storage.Scenario.Tests\tests\BlobBindingEndToEndTests.cs(314,10): error CS0246: The type or namespace name 'Test' could not be found (are you missing a using directive or an assembly reference?)
C:\gh\azure-sdk-for-net\sdk\storage\Microsoft.Azure.WebJobs.Extensions.Storage.Scenario.Tests\tests\BlobBindingEndToEndTests.cs(287,10): error CS0246: The type or namespace name 'TestAttribute' could not be found (are you missing a using directive or an assembly reference?)
C:\gh\azure-sdk-for-net\sdk\storage\Microsoft.Azure.WebJobs.Extensions.Storage.Scenario.Tests\tests\BlobBindingEndToEndTests.cs(287,10): error CS0246: The type or namespace name 'Test' could not be found (are you missing a using directive or an assembly reference?)
C:\gh\azure-sdk-for-net\sdk\storage\Microsoft.Azure.WebJobs.Extensions.Storage.Scenario.Tests\tests\BlobBindingEndToEndTests.cs(261,10): error CS0246: The type or namespace name 'TestAttribute' could not be found (are you missing a using directive or an assembly reference?)
C:\gh\azure-sdk-for-net\sdk\storage\Microsoft.Azure.WebJobs.Extensions.Storage.Scenario.Tests\tests\BlobBindingEndToEndTests.cs(261,10): error CS0246: The type or namespace name 'Test' could not be found (are you missing a using directive or an assembly reference?)
C:\gh\azure-sdk-for-net\sdk\storage\Microsoft.Azure.WebJobs.Extensions.Storage.Scenario.Tests\tests\BlobBindingEndToEndTests.cs(251,10): error CS0246: The type or namespace name 'TestCaseAttribute' could not be found (are you missing a using directive or an assembly reference?)
C:\gh\azure-sdk-for-net\sdk\storage\Microsoft.Azure.WebJobs.Extensions.Storage.Scenario.Tests\tests\BlobBindingEndToEndTests.cs(251,10): error CS0246: The type or namespace name 'TestCase' could not be found (are you missing a using directive or an assembly reference?)
C:\gh\azure-sdk-for-net\sdk\storage\Microsoft.Azure.WebJobs.Extensions.Storage.Scenario.Tests\tests\BlobBindingEndToEndTests.cs(252,10): error CS0246: The type or namespace name 'TestCaseAttribute' could not be found (are you missing a using directive or an assembly reference?)
C:\gh\azure-sdk-for-net\sdk\storage\Microsoft.Azure.WebJobs.Extensions.Storage.Scenario.Tests\tests\BlobBindingEndToEndTests.cs(252,10): error CS0246: The type or namespace name 'TestCase' could not be found (are you missing a using directive or an assembly reference?)
C:\gh\azure-sdk-for-net\sdk\storage\Microsoft.Azure.WebJobs.Extensions.Storage.Scenario.Tests\tests\BlobBindingEndToEndTests.cs(253,10): error CS0246: The type or namespace name 'TestCaseAttribute' could not be found (are you missing a using directive or an assembly reference?)
C:\gh\azure-sdk-for-net\sdk\storage\Microsoft.Azure.WebJobs.Extensions.Storage.Scenario.Tests\tests\BlobBindingEndToEndTests.cs(253,10): error CS0246: The type or namespace name 'TestCase' could not be found (are you missing a using directive or an assembly reference?)
C:\gh\azure-sdk-for-net\sdk\storage\Microsoft.Azure.WebJobs.Extensions.Storage.Scenario.Tests\tests\BlobBindingEndToEndTests.cs(241,10): error CS0246: The type or namespace name 'TestCaseAttribute' could not be found (are you missing a using directive or an assembly reference?)
C:\gh\azure-sdk-for-net\sdk\storage\Microsoft.Azure.WebJobs.Extensions.Storage.Scenario.Tests\tests\BlobBindingEndToEndTests.cs(241,10): error CS0246: The type or namespace name 'TestCase' could not be found (are you missing a using directive or an assembly reference?)
C:\gh\azure-sdk-for-net\sdk\storage\Microsoft.Azure.WebJobs.Extensions.Storage.Scenario.Tests\tests\BlobBindingEndToEndTests.cs(242,10): error CS0246: The type or namespace name 'TestCaseAttribute' could not be found (are you missing a using directive or an assembly reference?)
C:\gh\azure-sdk-for-net\sdk\storage\Microsoft.Azure.WebJobs.Extensions.Storage.Scenario.Tests\tests\BlobBindingEndToEndTests.cs(242,10): error CS0246: The type or namespace name 'TestCase' could not be found (are you missing a using directive or an assembly reference?)
C:\gh\azure-sdk-for-net\sdk\storage\Microsoft.Azure.WebJobs.Extensions.Storage.Scenario.Tests\tests\BlobBindingEndToEndTests.cs(243,10): error CS0246: The type or namespace name 'TestCaseAttribute' could not be found (are you missing a using directive or an assembly reference?)
C:\gh\azure-sdk-for-net\sdk\storage\Microsoft.Azure.WebJobs.Extensions.Storage.Scenario.Tests\tests\BlobBindingEndToEndTests.cs(243,10): error CS0246: The type or namespace name 'TestCase' could not be found (are you missing a using directive or an assembly reference?)
C:\gh\azure-sdk-for-net\sdk\storage\Microsoft.Azure.WebJobs.Extensions.Storage.Scenario.Tests\tests\BlobBindingEndToEndTests.cs(161,10): error CS0246: The type or namespace name 'TestAttribute' could not be found (are you missing a using directive or an assembly reference?)
C:\gh\azure-sdk-for-net\sdk\storage\Microsoft.Azure.WebJobs.Extensions.Storage.Scenario.Tests\tests\BlobBindingEndToEndTests.cs(161,10): error CS0246: The type or namespace name 'Test' could not be found (are you missing a using directive or an assembly reference?)
C:\gh\azure-sdk-for-net\sdk\storage\Microsoft.Azure.WebJobs.Extensions.Storage.Scenario.Tests\tests\BlobBindingEndToEndTests.cs(81,10): error CS0246: The type or namespace name 'TestAttribute' could not be found (are you missing a using directive or an assembly reference?)
C:\gh\azure-sdk-for-net\sdk\storage\Microsoft.Azure.WebJobs.Extensions.Storage.Scenario.Tests\tests\BlobBindingEndToEndTests.cs(81,10): error CS0246: The type or namespace name 'Test' could not be found (are you missing a using directive or an assembly reference?)
C:\gh\azure-sdk-for-net\sdk\storage\Microsoft.Azure.WebJobs.Extensions.Storage.Scenario.Tests\tests\BlobBindingEndToEndTests.cs(66,10): error CS0246: The type or namespace name 'TestAttribute' could not be found (are you missing a using directive or an assembly reference?)
C:\gh\azure-sdk-for-net\sdk\storage\Microsoft.Azure.WebJobs.Extensions.Storage.Scenario.Tests\tests\BlobBindingEndToEndTests.cs(66,10): error CS0246: The type or namespace name 'Test' could not be found (are you missing a using directive or an assembly reference?)
C:\gh\azure-sdk-for-net\sdk\storage\Microsoft.Azure.WebJobs.Extensions.Storage.Scenario.Tests\tests\BlobBindingEndToEndTests.cs(37,10): error CS0246: The type or namespace name 'OneTimeSetUpAttribute' could not be found (are you missing a using directive or an assembly reference?)
C:\gh\azure-sdk-for-net\sdk\storage\Microsoft.Azure.WebJobs.Extensions.Storage.Scenario.Tests\tests\BlobBindingEndToEndTests.cs(37,10): error CS0246: The type or namespace name 'OneTimeSetUp' could not be found (are you missing a using directive or an assembly reference?)
C:\gh\azure-sdk-for-net\sdk\storage\Microsoft.Azure.WebJobs.Extensions.Storage.Scenario.Tests\tests\BlobBindingEndToEndTests.cs(46,10): error CS0246: The type or namespace name 'OneTimeTearDownAttribute' could not be found (are you missing a using directive or an assembly reference?)
C:\gh\azure-sdk-for-net\sdk\storage\Microsoft.Azure.WebJobs.Extensions.Storage.Scenario.Tests\tests\BlobBindingEndToEndTests.cs(46,10): error CS0246: The type or namespace name 'OneTimeTearDown' could not be found (are you missing a using directive or an assembly reference?)
C:\gh\azure-sdk-for-net\sdk\storage\Microsoft.Azure.WebJobs.Extensions.Storage.Scenario.Tests\tests\BlobBindingEndToEndTests.cs(58,10): error CS0246: The type or namespace name 'TestAttribute' could not be found (are you missing a using directive or an assembly reference?)
C:\gh\azure-sdk-for-net\sdk\storage\Microsoft.Azure.WebJobs.Extensions.Storage.Scenario.Tests\tests\BlobBindingEndToEndTests.cs(58,10): error CS0246: The type or namespace name 'Test' could not be found (are you missing a using directive or an assembly reference?)
C:\gh\azure-sdk-for-net\sdk\storage\Microsoft.Azure.WebJobs.Extensions.Storage.Scenario.Tests\tests\BlobBindingEndToEndTests.cs(129,10): error CS0246: The type or namespace name 'TestAttribute' could not be found (are you missing a using directive or an assembly reference?)
C:\gh\azure-sdk-for-net\sdk\storage\Microsoft.Azure.WebJobs.Extensions.Storage.Scenario.Tests\tests\BlobBindingEndToEndTests.cs(129,10): error CS0246: The type or namespace name 'Test' could not be found (are you missing a using directive or an assembly reference?)
C:\gh\azure-sdk-for-net\sdk\storage\Microsoft.Azure.WebJobs.Extensions.Storage.Scenario.Tests\tests\BlobBindingEndToEndTests.cs(137,10): error CS0246: The type or namespace name 'TestAttribute' could not be found (are you missing a using directive or an assembly reference?)
C:\gh\azure-sdk-for-net\sdk\storage\Microsoft.Azure.WebJobs.Extensions.Storage.Scenario.Tests\tests\BlobBindingEndToEndTests.cs(137,10): error CS0246: The type or namespace name 'Test' could not be found (are you missing a using directive or an assembly reference?)
C:\gh\azure-sdk-for-net\sdk\storage\Microsoft.Azure.WebJobs.Extensions.Storage.Scenario.Tests\tests\BlobBindingEndToEndTests.cs(145,10): error CS0246: The type or namespace name 'TestAttribute' could not be found (are you missing a using directive or an assembly reference?)
C:\gh\azure-sdk-for-net\sdk\storage\Microsoft.Azure.WebJobs.Extensions.Storage.Scenario.Tests\tests\BlobBindingEndToEndTests.cs(145,10): error CS0246: The type or namespace name 'Test' could not be found (are you missing a using directive or an assembly reference?)
C:\gh\azure-sdk-for-net\sdk\storage\Microsoft.Azure.WebJobs.Extensions.Storage.Scenario.Tests\tests\BlobBindingEndToEndTests.cs(153,10): error CS0246: The type or namespace name 'TestAttribute' could not be found (are you missing a using directive or an assembly reference?)
C:\gh\azure-sdk-for-net\sdk\storage\Microsoft.Azure.WebJobs.Extensions.Storage.Scenario.Tests\tests\BlobBindingEndToEndTests.cs(153,10): error CS0246: The type or namespace name 'Test' could not be found (are you missing a using directive or an assembly reference?)
C:\gh\azure-sdk-for-net\sdk\storage\Microsoft.Azure.WebJobs.Extensions.Storage.Scenario.Tests\tests\BlobBindingEndToEndTests.cs(177,10): error CS0246: The type or namespace name 'TestAttribute' could not be found (are you missing a using directive or an assembly reference?)
C:\gh\azure-sdk-for-net\sdk\storage\Microsoft.Azure.WebJobs.Extensions.Storage.Scenario.Tests\tests\BlobBindingEndToEndTests.cs(177,10): error CS0246: The type or namespace name 'Test' could not be found (are you missing a using directive or an assembly reference?)
C:\gh\azure-sdk-for-net\sdk\storage\Microsoft.Azure.WebJobs.Extensions.Storage.Scenario.Tests\tests\BlobBindingEndToEndTests.cs(185,10): error CS0246: The type or namespace name 'TestAttribute' could not be found (are you missing a using directive or an assembly reference?)
C:\gh\azure-sdk-for-net\sdk\storage\Microsoft.Azure.WebJobs.Extensions.Storage.Scenario.Tests\tests\BlobBindingEndToEndTests.cs(185,10): error CS0246: The type or namespace name 'Test' could not be found (are you missing a using directive or an assembly reference?)
C:\gh\azure-sdk-for-net\sdk\storage\Microsoft.Azure.WebJobs.Extensions.Storage.Scenario.Tests\tests\BlobBindingEndToEndTests.cs(193,10): error CS0246: The type or namespace name 'TestAttribute' could not be found (are you missing a using directive or an assembly reference?)
C:\gh\azure-sdk-for-net\sdk\storage\Microsoft.Azure.WebJobs.Extensions.Storage.Scenario.Tests\tests\BlobBindingEndToEndTests.cs(193,10): error CS0246: The type or namespace name 'Test' could not be found (are you missing a using directive or an assembly reference?)
C:\gh\azure-sdk-for-net\sdk\storage\Microsoft.Azure.WebJobs.Extensions.Storage.Scenario.Tests\tests\BlobBindingEndToEndTests.cs(201,10): error CS0246: The type or namespace name 'TestAttribute' could not be found (are you missing a using directive or an assembly reference?)
C:\gh\azure-sdk-for-net\sdk\storage\Microsoft.Azure.WebJobs.Extensions.Storage.Scenario.Tests\tests\BlobBindingEndToEndTests.cs(201,10): error CS0246: The type or namespace name 'Test' could not be found (are you missing a using directive or an assembly reference?)
C:\gh\azure-sdk-for-net\sdk\storage\Microsoft.Azure.WebJobs.Extensions.Storage.Scenario.Tests\tests\BlobBindingEndToEndTests.cs(209,10): error CS0246: The type or namespace name 'TestAttribute' could not be found (are you missing a using directive or an assembly reference?)
C:\gh\azure-sdk-for-net\sdk\storage\Microsoft.Azure.WebJobs.Extensions.Storage.Scenario.Tests\tests\BlobBindingEndToEndTests.cs(209,10): error CS0246: The type or namespace name 'Test' could not be found (are you missing a using directive or an assembly reference?)
C:\gh\azure-sdk-for-net\sdk\storage\Microsoft.Azure.WebJobs.Extensions.Storage.Scenario.Tests\tests\BlobBindingEndToEndTests.cs(217,10): error CS0246: The type or namespace name 'TestAttribute' could not be found (are you missing a using directive or an assembly reference?)
C:\gh\azure-sdk-for-net\sdk\storage\Microsoft.Azure.WebJobs.Extensions.Storage.Scenario.Tests\tests\BlobBindingEndToEndTests.cs(217,10): error CS0246: The type or namespace name 'Test' could not be found (are you missing a using directive or an assembly reference?)
C:\gh\azure-sdk-for-net\sdk\storage\Microsoft.Azure.WebJobs.Extensions.Storage.Scenario.Tests\tests\BlobBindingEndToEndTests.cs(225,10): error CS0246: The type or namespace name 'TestAttribute' could not be found (are you missing a using directive or an assembly reference?)
C:\gh\azure-sdk-for-net\sdk\storage\Microsoft.Azure.WebJobs.Extensions.Storage.Scenario.Tests\tests\BlobBindingEndToEndTests.cs(225,10): error CS0246: The type or namespace name 'Test' could not be found (are you missing a using directive or an assembly reference?)
C:\gh\azure-sdk-for-net\sdk\storage\Microsoft.Azure.WebJobs.Extensions.Storage.Scenario.Tests\tests\BlobBindingEndToEndTests.cs(233,10): error CS0246: The type or namespace name 'TestAttribute' could not be found (are you missing a using directive or an assembly reference?)
C:\gh\azure-sdk-for-net\sdk\storage\Microsoft.Azure.WebJobs.Extensions.Storage.Scenario.Tests\tests\BlobBindingEndToEndTests.cs(233,10): error CS0246: The type or namespace name 'Test' could not be found (are you missing a using directive or an assembly reference?)
C:\gh\azure-sdk-for-net\sdk\storage\Microsoft.Azure.WebJobs.Extensions.Storage.Scenario.Tests\tests\BlobBindingEndToEndTests.cs(345,10): error CS0246: The type or namespace name 'TestAttribute' could not be found (are you missing a using directive or an assembly reference?)
C:\gh\azure-sdk-for-net\sdk\storage\Microsoft.Azure.WebJobs.Extensions.Storage.Scenario.Tests\tests\BlobBindingEndToEndTests.cs(345,10): error CS0246: The type or namespace name 'Test' could not be found (are you missing a using directive or an assembly reference?)
C:\gh\azure-sdk-for-net\sdk\storage\Microsoft.Azure.WebJobs.Extensions.Storage.Scenario.Tests\tests\Properties\AssemblyInfo.cs(6,12): error CS0246: The type or namespace name 'NonParallelizableAttribute' could not be found (are you missing a using directive or an assembly reference?)
C:\gh\azure-sdk-for-net\sdk\storage\Microsoft.Azure.WebJobs.Extensions.Storage.Scenario.Tests\tests\Properties\AssemblyInfo.cs(6,12): error CS0246: The type or namespace name 'NonParallelizable' could not be found (are you missing a using directive or an assembly reference?)
C:\gh\azure-sdk-for-net\sdk\storage\Microsoft.Azure.WebJobs.Extensions.Storage.Scenario.Tests\tests\AzureStorageEndToEndTests.cs(10,13): error CS0234: The type or namespace name 'Storage' does not exist in the namespace 'Azure' (are you missing an assembly reference?)
C:\gh\azure-sdk-for-net\sdk\storage\Microsoft.Azure.WebJobs.Extensions.Storage.Scenario.Tests\tests\AzureStorageEndToEndTests.cs(11,13): error CS0234: The type or namespace name 'Storage' does not exist in the namespace 'Azure' (are you missing an assembly reference?)
C:\gh\azure-sdk-for-net\sdk\storage\Microsoft.Azure.WebJobs.Extensions.Storage.Scenario.Tests\tests\AzureStorageEndToEndTests.cs(12,13): error CS0234: The type or namespace name 'Storage' does not exist in the namespace 'Azure' (are you missing an assembly reference?)
C:\gh\azure-sdk-for-net\sdk\storage\Microsoft.Azure.WebJobs.Extensions.Storage.Scenario.Tests\tests\AzureStorageEndToEndTests.cs(13,13): error CS0234: The type or namespace name 'Storage' does not exist in the namespace 'Azure' (are you missing an assembly reference?)
C:\gh\azure-sdk-for-net\sdk\storage\Microsoft.Azure.WebJobs.Extensions.Storage.Scenario.Tests\tests\AzureStorageEndToEndTests.cs(17,28): error CS0234: The type or namespace name 'DependencyInjection' does not exist in the namespace 'Microsoft.Extensions' (are you missing an assembly reference?)
C:\gh\azure-sdk-for-net\sdk\storage\Microsoft.Azure.WebJobs.Extensions.Storage.Scenario.Tests\tests\AzureStorageEndToEndTests.cs(19,7): error CS0246: The type or namespace name 'Newtonsoft' could not be found (are you missing a using directive or an assembly reference?)
C:\gh\azure-sdk-for-net\sdk\storage\Microsoft.Azure.WebJobs.Extensions.Storage.Scenario.Tests\tests\AzureStorageEndToEndTests.cs(20,7): error CS0246: The type or namespace name 'NUnit' could not be found (are you missing a using directive or an assembly reference?)
C:\gh\azure-sdk-for-net\sdk\storage\Microsoft.Azure.WebJobs.Extensions.Storage.Scenario.Tests\tests\BlobBindingEndToEndTests.cs(12,13): error CS0234: The type or namespace name 'Storage' does not exist in the namespace 'Azure' (are you missing an assembly reference?)
C:\gh\azure-sdk-for-net\sdk\storage\Microsoft.Azure.WebJobs.Extensions.Storage.Scenario.Tests\tests\BlobBindingEndToEndTests.cs(13,13): error CS0234: The type or namespace name 'Storage' does not exist in the namespace 'Azure' (are you missing an assembly reference?)
C:\gh\azure-sdk-for-net\sdk\storage\Microsoft.Azure.WebJobs.Extensions.Storage.Scenario.Tests\tests\BlobBindingEndToEndTests.cs(14,13): error CS0234: The type or namespace name 'Storage' does not exist in the namespace 'Azure' (are you missing an assembly reference?)
C:\gh\azure-sdk-for-net\sdk\storage\Microsoft.Azure.WebJobs.Extensions.Storage.Scenario.Tests\tests\BlobBindingEndToEndTests.cs(17,36): error CS0234: The type or namespace name 'Executors' does not exist in the namespace 'Microsoft.Azure.WebJobs.Host' (are you missing an assembly reference?)
C:\gh\azure-sdk-for-net\sdk\storage\Microsoft.Azure.WebJobs.Extensions.Storage.Scenario.Tests\tests\BlobBindingEndToEndTests.cs(18,28): error CS0234: The type or namespace name 'DependencyInjection' does not exist in the namespace 'Microsoft.Extensions' (are you missing an assembly reference?)
C:\gh\azure-sdk-for-net\sdk\storage\Microsoft.Azure.WebJobs.Extensions.Storage.Scenario.Tests\tests\BlobBindingEndToEndTests.cs(20,7): error CS0246: The type or namespace name 'Newtonsoft' could not be found (are you missing a using directive or an assembly reference?)
C:\gh\azure-sdk-for-net\sdk\storage\Microsoft.Azure.WebJobs.Extensions.Storage.Scenario.Tests\tests\BlobBindingEndToEndTests.cs(21,7): error CS0246: The type or namespace name 'NUnit' could not be found (are you missing a using directive or an assembly reference?)
C:\gh\azure-sdk-for-net\sdk\storage\Microsoft.Azure.WebJobs.Extensions.Storage.Scenario.Tests\tests\BlobTriggerEndToEndTests.cs(11,13): error CS0234: The type or namespace name 'Storage' does not exist in the namespace 'Azure' (are you missing an assembly reference?)
C:\gh\azure-sdk-for-net\sdk\storage\Microsoft.Azure.WebJobs.Extensions.Storage.Scenario.Tests\tests\BlobTriggerEndToEndTests.cs(12,13): error CS0234: The type or namespace name 'Storage' does not exist in the namespace 'Azure' (are you missing an assembly reference?)
C:\gh\azure-sdk-for-net\sdk\storage\Microsoft.Azure.WebJobs.Extensions.Storage.Scenario.Tests\tests\BlobTriggerEndToEndTests.cs(15,28): error CS0234: The type or namespace name 'DependencyInjection' does not exist in the namespace 'Microsoft.Extensions' (are you missing an assembly reference?)
C:\gh\azure-sdk-for-net\sdk\storage\Microsoft.Azure.WebJobs.Extensions.Storage.Scenario.Tests\tests\BlobTriggerEndToEndTests.cs(17,7): error CS0246: The type or namespace name 'Newtonsoft' could not be found (are you missing a using directive or an assembly reference?)
C:\gh\azure-sdk-for-net\sdk\storage\Microsoft.Azure.WebJobs.Extensions.Storage.Scenario.Tests\tests\BlobTriggerEndToEndTests.cs(18,7): error CS0246: The type or namespace name 'NUnit' could not be found (are you missing a using directive or an assembly reference?)
C:\gh\azure-sdk-for-net\sdk\storage\Microsoft.Azure.WebJobs.Extensions.Storage.Scenario.Tests\tests\EventGridBlobTriggerEndToEndTests.cs(11,13): error CS0234: The type or namespace name 'Storage' does not exist in the namespace 'Azure' (are you missing an assembly reference?)
C:\gh\azure-sdk-for-net\sdk\storage\Microsoft.Azure.WebJobs.Extensions.Storage.Scenario.Tests\tests\EventGridBlobTriggerEndToEndTests.cs(12,13): error CS0234: The type or namespace name 'Storage' does not exist in the namespace 'Azure' (are you missing an assembly reference?)
C:\gh\azure-sdk-for-net\sdk\storage\Microsoft.Azure.WebJobs.Extensions.Storage.Scenario.Tests\tests\EventGridBlobTriggerEndToEndTests.cs(16,36): error CS0234: The type or namespace name 'Config' does not exist in the namespace 'Microsoft.Azure.WebJobs.Host' (are you missing an assembly reference?)
C:\gh\azure-sdk-for-net\sdk\storage\Microsoft.Azure.WebJobs.Extensions.Storage.Scenario.Tests\tests\EventGridBlobTriggerEndToEndTests.cs(17,28): error CS0234: The type or namespace name 'DependencyInjection' does not exist in the namespace 'Microsoft.Extensions' (are you missing an assembly reference?)
C:\gh\azure-sdk-for-net\sdk\storage\Microsoft.Azure.WebJobs.Extensions.Storage.Scenario.Tests\tests\EventGridBlobTriggerEndToEndTests.cs(19,7): error CS0246: The type or namespace name 'NUnit' could not be found (are you missing a using directive or an assembly reference?)
C:\gh\azure-sdk-for-net\sdk\storage\Microsoft.Azure.WebJobs.Extensions.Storage.Scenario.Tests\tests\MultipleStorageAccountsEndToEndTests.cs(9,13): error CS0234: The type or namespace name 'Storage' does not exist in the namespace 'Azure' (are you missing an assembly reference?)
C:\gh\azure-sdk-for-net\sdk\storage\Microsoft.Azure.WebJobs.Extensions.Storage.Scenario.Tests\tests\MultipleStorageAccountsEndToEndTests.cs(10,13): error CS0234: The type or namespace name 'Storage' does not exist in the namespace 'Azure' (are you missing an assembly reference?)
C:\gh\azure-sdk-for-net\sdk\storage\Microsoft.Azure.WebJobs.Extensions.Storage.Scenario.Tests\tests\MultipleStorageAccountsEndToEndTests.cs(11,13): error CS0234: The type or namespace name 'Storage' does not exist in the namespace 'Azure' (are you missing an assembly reference?)
C:\gh\azure-sdk-for-net\sdk\storage\Microsoft.Azure.WebJobs.Extensions.Storage.Scenario.Tests\tests\MultipleStorageAccountsEndToEndTests.cs(12,13): error CS0234: The type or namespace name 'Storage' does not exist in the namespace 'Azure' (are you missing an assembly reference?)
C:\gh\azure-sdk-for-net\sdk\storage\Microsoft.Azure.WebJobs.Extensions.Storage.Scenario.Tests\tests\MultipleStorageAccountsEndToEndTests.cs(15,28): error CS0234: The type or namespace name 'DependencyInjection' does not exist in the namespace 'Microsoft.Extensions' (are you missing an assembly reference?)
C:\gh\azure-sdk-for-net\sdk\storage\Microsoft.Azure.WebJobs.Extensions.Storage.Scenario.Tests\tests\MultipleStorageAccountsEndToEndTests.cs(17,7): error CS0246: The type or namespace name 'Newtonsoft' could not be found (are you missing a using directive or an assembly reference?)
C:\gh\azure-sdk-for-net\sdk\storage\Microsoft.Azure.WebJobs.Extensions.Storage.Scenario.Tests\tests\MultipleStorageAccountsEndToEndTests.cs(18,7): error CS0246: The type or namespace name 'NUnit' could not be found (are you missing a using directive or an assembly reference?)
C:\gh\azure-sdk-for-net\sdk\storage\Microsoft.Azure.WebJobs.Extensions.Storage.Scenario.Tests\tests\Properties\AssemblyInfo.cs(4,7): error CS0246: The type or namespace name 'NUnit' could not be found (are you missing a using directive or an assembly reference?)
C:\gh\azure-sdk-for-net\sdk\storage\Microsoft.Azure.WebJobs.Extensions.Storage.Scenario.Tests\tests\ScenarioTests.cs(8,13): error CS0234: The type or namespace name 'Storage' does not exist in the namespace 'Azure' (are you missing an assembly reference?)
C:\gh\azure-sdk-for-net\sdk\storage\Microsoft.Azure.WebJobs.Extensions.Storage.Scenario.Tests\tests\ScenarioTests.cs(9,13): error CS0234: The type or namespace name 'Storage' does not exist in the namespace 'Azure' (are you missing an assembly reference?)
C:\gh\azure-sdk-for-net\sdk\storage\Microsoft.Azure.WebJobs.Extensions.Storage.Scenario.Tests\tests\ScenarioTests.cs(10,13): error CS0234: The type or namespace name 'Storage' does not exist in the namespace 'Azure' (are you missing an assembly reference?)
C:\gh\azure-sdk-for-net\sdk\storage\Microsoft.Azure.WebJobs.Extensions.Storage.Scenario.Tests\tests\ScenarioTests.cs(12,28): error CS0234: The type or namespace name 'Azure' does not exist in the namespace 'Microsoft.Extensions' (are you missing an assembly reference?)
C:\gh\azure-sdk-for-net\sdk\storage\Microsoft.Azure.WebJobs.Extensions.Storage.Scenario.Tests\tests\ScenarioTests.cs(14,7): error CS0246: The type or namespace name 'NUnit' could not be found (are you missing a using directive or an assembly reference?)
C:\gh\azure-sdk-for-net\sdk\storage\Microsoft.Azure.WebJobs.Extensions.Storage.Common\tests\Shared\AzuriteNUnitFixture.cs(7,7): error CS0246: The type or namespace name 'NUnit' could not be found (are you missing a using directive or an assembly reference?)
C:\gh\azure-sdk-for-net\sdk\storage\Microsoft.Azure.WebJobs.Extensions.Storage.Common\tests\Shared\ServicePointManagerSetup.cs(7,7): error CS0246: The type or namespace name 'NUnit' could not be found (are you missing a using directive or an assembly reference?)
C:\gh\azure-sdk-for-net\sdk\storage\Microsoft.Azure.WebJobs.Extensions.Storage.Common\tests\Shared\ServicePointManagerSetup.cs(11,2): error CS0246: The type or namespace name 'SetUpFixtureAttribute' could not be found (are you missing a using directive or an assembly reference?)
C:\gh\azure-sdk-for-net\sdk\storage\Microsoft.Azure.WebJobs.Extensions.Storage.Common\tests\Shared\ServicePointManagerSetup.cs(11,2): error CS0246: The type or namespace name 'SetUpFixture' could not be found (are you missing a using directive or an assembly reference?)
C:\gh\azure-sdk-for-net\sdk\storage\Microsoft.Azure.WebJobs.Extensions.Storage.Common\tests\Shared\ServicePointManagerSetup.cs(14,6): error CS0246: The type or namespace name 'OneTimeSetUpAttribute' could not be found (are you missing a using directive or an assembly reference?)
C:\gh\azure-sdk-for-net\sdk\storage\Microsoft.Azure.WebJobs.Extensions.Storage.Common\tests\Shared\ServicePointManagerSetup.cs(14,6): error CS0246: The type or namespace name 'OneTimeSetUp' could not be found (are you missing a using directive or an assembly reference?)
C:\gh\azure-sdk-for-net\sdk\storage\Microsoft.Azure.WebJobs.Extensions.Storage.Common\tests\Shared\AzuriteNUnitFixture.cs(16,6): error CS0246: The type or namespace name 'OneTimeSetUpAttribute' could not be found (are you missing a using directive or an assembly reference?)
C:\gh\azure-sdk-for-net\sdk\storage\Microsoft.Azure.WebJobs.Extensions.Storage.Common\tests\Shared\AzuriteNUnitFixture.cs(16,6): error CS0246: The type or namespace name 'OneTimeSetUp' could not be found (are you missing a using directive or an assembly reference?)
C:\gh\azure-sdk-for-net\sdk\storage\Microsoft.Azure.WebJobs.Extensions.Storage.Scenario.Tests\tests\ScenarioTests.cs(29,10): error CS0246: The type or namespace name 'SetUpAttribute' could not be found (are you missing a using directive or an assembly reference?)
C:\gh\azure-sdk-for-net\sdk\storage\Microsoft.Azure.WebJobs.Extensions.Storage.Scenario.Tests\tests\ScenarioTests.cs(29,10): error CS0246: The type or namespace name 'SetUp' could not be found (are you missing a using directive or an assembly reference?)
C:\gh\azure-sdk-for-net\sdk\storage\Microsoft.Azure.WebJobs.Extensions.Storage.Common\tests\Shared\AzuriteNUnitFixture.cs(39,6): error CS0246: The type or namespace name 'OneTimeTearDownAttribute' could not be found (are you missing a using directive or an assembly reference?)
C:\gh\azure-sdk-for-net\sdk\storage\Microsoft.Azure.WebJobs.Extensions.Storage.Common\tests\Shared\AzuriteNUnitFixture.cs(39,6): error CS0246: The type or namespace name 'OneTimeTearDown' could not be found (are you missing a using directive or an assembly reference?)
C:\gh\azure-sdk-for-net\sdk\storage\Microsoft.Azure.WebJobs.Extensions.Storage.Scenario.Tests\tests\ScenarioTests.cs(89,41): error CS0246: The type or namespace name 'Attribute' could not be found (are you missing a using directive or an assembly reference?)
C:\gh\azure-sdk-for-net\sdk\storage\Microsoft.Azure.WebJobs.Extensions.Storage.Scenario.Tests\tests\ScenarioTests.cs(89,41): error CS0518: Predefined type 'System.Void' is not defined or imported
C:\gh\azure-sdk-for-net\sdk\storage\Microsoft.Azure.WebJobs.Extensions.Storage.Scenario.Tests\tests\BlobTriggerEndToEndTests.cs(85,18): error CS0246: The type or namespace name 'Attribute' could not be found (are you missing a using directive or an assembly reference?)
C:\gh\azure-sdk-for-net\sdk\storage\Microsoft.Azure.WebJobs.Extensions.Storage.Scenario.Tests\tests\BlobTriggerEndToEndTests.cs(85,18): error CS0518: Predefined type 'System.Void' is not defined or imported
C:\gh\azure-sdk-for-net\sdk\storage\Microsoft.Azure.WebJobs.Extensions.Storage.Scenario.Tests\tests\BlobTriggerEndToEndTests.cs(93,18): error CS0246: The type or namespace name 'Attribute' could not be found (are you missing a using directive or an assembly reference?)
C:\gh\azure-sdk-for-net\sdk\storage\Microsoft.Azure.WebJobs.Extensions.Storage.Scenario.Tests\tests\BlobTriggerEndToEndTests.cs(93,18): error CS0518: Predefined type 'System.Void' is not defined or imported
C:\gh\azure-sdk-for-net\sdk\storage\Microsoft.Azure.WebJobs.Extensions.Storage.Scenario.Tests\tests\ScenarioTests.cs(89,83): error CS0404: Cannot apply attribute class 'Queue<T>' because it is generic
C:\gh\azure-sdk-for-net\sdk\storage\Microsoft.Azure.WebJobs.Extensions.Storage.Scenario.Tests\tests\EventGridBlobTriggerEndToEndTests.cs(181,14): error CS0246: The type or namespace name 'FunctionNameAttribute' could not be found (are you missing a using directive or an assembly reference?)
C:\gh\azure-sdk-for-net\sdk\storage\Microsoft.Azure.WebJobs.Extensions.Storage.Scenario.Tests\tests\EventGridBlobTriggerEndToEndTests.cs(181,14): error CS0246: The type or namespace name 'FunctionName' could not be found (are you missing a using directive or an assembly reference?)
C:\gh\azure-sdk-for-net\sdk\storage\Microsoft.Azure.WebJobs.Extensions.Storage.Scenario.Tests\tests\ScenarioTests.cs(100,41): error CS0246: The type or namespace name 'Attribute' could not be found (are you missing a using directive or an assembly reference?)
C:\gh\azure-sdk-for-net\sdk\storage\Microsoft.Azure.WebJobs.Extensions.Storage.Scenario.Tests\tests\ScenarioTests.cs(100,41): error CS0518: Predefined type 'System.Void' is not defined or imported
C:\gh\azure-sdk-for-net\sdk\storage\Microsoft.Azure.WebJobs.Extensions.Storage.Scenario.Tests\tests\MultipleStorageAccountsEndToEndTests.cs(149,14): error CS0246: The type or namespace name 'Attribute' could not be found (are you missing a using directive or an assembly reference?)
C:\gh\azure-sdk-for-net\sdk\storage\Microsoft.Azure.WebJobs.Extensions.Storage.Scenario.Tests\tests\MultipleStorageAccountsEndToEndTests.cs(149,14): error CS0518: Predefined type 'System.Void' is not defined or imported
C:\gh\azure-sdk-for-net\sdk\storage\Microsoft.Azure.WebJobs.Extensions.Storage.Scenario.Tests\tests\EventGridBlobTriggerEndToEndTests.cs(183,18): error CS0246: The type or namespace name 'Attribute' could not be found (are you missing a using directive or an assembly reference?)
C:\gh\azure-sdk-for-net\sdk\storage\Microsoft.Azure.WebJobs.Extensions.Storage.Scenario.Tests\tests\EventGridBlobTriggerEndToEndTests.cs(183,18): error CS0518: Predefined type 'System.Void' is not defined or imported
C:\gh\azure-sdk-for-net\sdk\storage\Microsoft.Azure.WebJobs.Extensions.Storage.Scenario.Tests\tests\ScenarioTests.cs(101,18): error CS0246: The type or namespace name 'Attribute' could not be found (are you missing a using directive or an assembly reference?)
C:\gh\azure-sdk-for-net\sdk\storage\Microsoft.Azure.WebJobs.Extensions.Storage.Scenario.Tests\tests\ScenarioTests.cs(101,18): error CS0518: Predefined type 'System.Void' is not defined or imported
C:\gh\azure-sdk-for-net\sdk\storage\Microsoft.Azure.WebJobs.Extensions.Storage.Scenario.Tests\tests\MultipleStorageAccountsEndToEndTests.cs(150,14): error CS0246: The type or namespace name 'Attribute' could not be found (are you missing a using directive or an assembly reference?)
C:\gh\azure-sdk-for-net\sdk\storage\Microsoft.Azure.WebJobs.Extensions.Storage.Scenario.Tests\tests\MultipleStorageAccountsEndToEndTests.cs(150,39): error CS0518: Predefined type 'System.String' is not defined or imported
C:\gh\azure-sdk-for-net\sdk\storage\Microsoft.Azure.WebJobs.Extensions.Storage.Scenario.Tests\tests\MultipleStorageAccountsEndToEndTests.cs(150,14): error CS0518: Predefined type 'System.Void' is not defined or imported
C:\gh\azure-sdk-for-net\sdk\storage\Microsoft.Azure.WebJobs.Extensions.Storage.Scenario.Tests\tests\MultipleStorageAccountsEndToEndTests.cs(156,14): error CS0246: The type or namespace name 'Attribute' could not be found (are you missing a using directive or an assembly reference?)
C:\gh\azure-sdk-for-net\sdk\storage\Microsoft.Azure.WebJobs.Extensions.Storage.Scenario.Tests\tests\MultipleStorageAccountsEndToEndTests.cs(156,45): error CS0518: Predefined type 'System.String' is not defined or imported
C:\gh\azure-sdk-for-net\sdk\storage\Microsoft.Azure.WebJobs.Extensions.Storage.Scenario.Tests\tests\MultipleStorageAccountsEndToEndTests.cs(156,14): error CS0518: Predefined type 'System.Void' is not defined or imported
C:\gh\azure-sdk-for-net\sdk\storage\Microsoft.Azure.WebJobs.Extensions.Storage.Scenario.Tests\tests\ScenarioTests.cs(101,73): error CS0404: Cannot apply attribute class 'Queue<T>' because it is generic
C:\gh\azure-sdk-for-net\sdk\storage\Microsoft.Azure.WebJobs.Extensions.Storage.Scenario.Tests\tests\AzureStorageEndToEndTests.cs(57,10): error CS0246: The type or namespace name 'OneTimeSetUpAttribute' could not be found (are you missing a using directive or an assembly reference?)
C:\gh\azure-sdk-for-net\sdk\storage\Microsoft.Azure.WebJobs.Extensions.Storage.Scenario.Tests\tests\AzureStorageEndToEndTests.cs(57,10): error CS0246: The type or namespace name 'OneTimeSetUp' could not be found (are you missing a using directive or an assembly reference?)
C:\gh\azure-sdk-for-net\sdk\storage\Microsoft.Azure.WebJobs.Extensions.Storage.Scenario.Tests\tests\MultipleStorageAccountsEndToEndTests.cs(157,14): error CS0246: The type or namespace name 'Attribute' could not be found (are you missing a using directive or an assembly reference?)
C:\gh\azure-sdk-for-net\sdk\storage\Microsoft.Azure.WebJobs.Extensions.Storage.Scenario.Tests\tests\MultipleStorageAccountsEndToEndTests.cs(157,14): error CS0518: Predefined type 'System.Void' is not defined or imported
C:\gh\azure-sdk-for-net\sdk\storage\Microsoft.Azure.WebJobs.Extensions.Storage.Scenario.Tests\tests\MultipleStorageAccountsEndToEndTests.cs(163,14): error CS0246: The type or namespace name 'Attribute' could not be found (are you missing a using directive or an assembly reference?)
C:\gh\azure-sdk-for-net\sdk\storage\Microsoft.Azure.WebJobs.Extensions.Storage.Scenario.Tests\tests\MultipleStorageAccountsEndToEndTests.cs(163,14): error CS0518: Predefined type 'System.Void' is not defined or imported
C:\gh\azure-sdk-for-net\sdk\storage\Microsoft.Azure.WebJobs.Extensions.Storage.Scenario.Tests\tests\ScenarioTests.cs(108,43): error CS0246: The type or namespace name 'Attribute' could not be found (are you missing a using directive or an assembly reference?)
C:\gh\azure-sdk-for-net\sdk\storage\Microsoft.Azure.WebJobs.Extensions.Storage.Scenario.Tests\tests\ScenarioTests.cs(108,43): error CS0518: Predefined type 'System.Void' is not defined or imported
C:\gh\azure-sdk-for-net\sdk\storage\Microsoft.Azure.WebJobs.Extensions.Storage.Scenario.Tests\tests\BlobTriggerEndToEndTests.cs(103,18): error CS0246: The type or namespace name 'StorageAccountAttribute' could not be found (are you missing a using directive or an assembly reference?)
C:\gh\azure-sdk-for-net\sdk\storage\Microsoft.Azure.WebJobs.Extensions.Storage.Scenario.Tests\tests\BlobTriggerEndToEndTests.cs(103,18): error CS0246: The type or namespace name 'StorageAccount' could not be found (are you missing a using directive or an assembly reference?)
C:\gh\azure-sdk-for-net\sdk\storage\Microsoft.Azure.WebJobs.Extensions.Storage.Scenario.Tests\tests\BlobTriggerEndToEndTests.cs(104,14): error CS0246: The type or namespace name 'Attribute' could not be found (are you missing a using directive or an assembly reference?)
C:\gh\azure-sdk-for-net\sdk\storage\Microsoft.Azure.WebJobs.Extensions.Storage.Scenario.Tests\tests\BlobTriggerEndToEndTests.cs(104,14): error CS0518: Predefined type 'System.Void' is not defined or imported
C:\gh\azure-sdk-for-net\sdk\storage\Microsoft.Azure.WebJobs.Extensions.Storage.Scenario.Tests\tests\MultipleStorageAccountsEndToEndTests.cs(164,14): error CS0246: The type or namespace name 'Attribute' could not be found (are you missing a using directive or an assembly reference?)
C:\gh\azure-sdk-for-net\sdk\storage\Microsoft.Azure.WebJobs.Extensions.Storage.Scenario.Tests\tests\MultipleStorageAccountsEndToEndTests.cs(164,28): error CS0518: Predefined type 'System.String' is not defined or imported
C:\gh\azure-sdk-for-net\sdk\storage\Microsoft.Azure.WebJobs.Extensions.Storage.Scenario.Tests\tests\MultipleStorageAccountsEndToEndTests.cs(164,14): error CS0518: Predefined type 'System.Void' is not defined or imported
C:\gh\azure-sdk-for-net\sdk\storage\Microsoft.Azure.WebJobs.Extensions.Storage.Scenario.Tests\tests\AzureStorageEndToEndTests.cs(65,10): error CS0246: The type or namespace name 'OneTimeTearDownAttribute' could not be found (are you missing a using directive or an assembly reference?)
C:\gh\azure-sdk-for-net\sdk\storage\Microsoft.Azure.WebJobs.Extensions.Storage.Scenario.Tests\tests\AzureStorageEndToEndTests.cs(65,10): error CS0246: The type or namespace name 'OneTimeTearDown' could not be found (are you missing a using directive or an assembly reference?)
C:\gh\azure-sdk-for-net\sdk\storage\Microsoft.Azure.WebJobs.Extensions.Storage.Scenario.Tests\tests\MultipleStorageAccountsEndToEndTests.cs(169,10): error CS0246: The type or namespace name 'NoAutomaticTriggerAttribute' could not be found (are you missing a using directive or an assembly reference?)
C:\gh\azure-sdk-for-net\sdk\storage\Microsoft.Azure.WebJobs.Extensions.Storage.Scenario.Tests\tests\MultipleStorageAccountsEndToEndTests.cs(169,10): error CS0246: The type or namespace name 'NoAutomaticTrigger' could not be found (are you missing a using directive or an assembly reference?)
C:\gh\azure-sdk-for-net\sdk\storage\Microsoft.Azure.WebJobs.Extensions.Storage.Scenario.Tests\tests\AzureStorageEndToEndTests.cs(75,14): error CS0246: The type or namespace name 'Attribute' could not be found (are you missing a using directive or an assembly reference?)
C:\gh\azure-sdk-for-net\sdk\storage\Microsoft.Azure.WebJobs.Extensions.Storage.Scenario.Tests\tests\AzureStorageEndToEndTests.cs(75,14): error CS0518: Predefined type 'System.Void' is not defined or imported
C:\gh\azure-sdk-for-net\sdk\storage\Microsoft.Azure.WebJobs.Extensions.Storage.Scenario.Tests\tests\MultipleStorageAccountsEndToEndTests.cs(171,14): error CS0246: The type or namespace name 'Attribute' could not be found (are you missing a using directive or an assembly reference?)
C:\gh\azure-sdk-for-net\sdk\storage\Microsoft.Azure.WebJobs.Extensions.Storage.Scenario.Tests\tests\MultipleStorageAccountsEndToEndTests.cs(171,14): error CS0518: Predefined type 'System.Void' is not defined or imported
C:\gh\azure-sdk-for-net\sdk\storage\Microsoft.Azure.WebJobs.Extensions.Storage.Scenario.Tests\tests\BlobTriggerEndToEndTests.cs(112,18): error CS0246: The type or namespace name 'StorageAccountAttribute' could not be found (are you missing a using directive or an assembly reference?)
C:\gh\azure-sdk-for-net\sdk\storage\Microsoft.Azure.WebJobs.Extensions.Storage.Scenario.Tests\tests\BlobTriggerEndToEndTests.cs(112,18): error CS0246: The type or namespace name 'StorageAccount' could not be found (are you missing a using directive or an assembly reference?)
C:\gh\azure-sdk-for-net\sdk\storage\Microsoft.Azure.WebJobs.Extensions.Storage.Scenario.Tests\tests\BlobTriggerEndToEndTests.cs(113,14): error CS0246: The type or namespace name 'Attribute' could not be found (are you missing a using directive or an assembly reference?)
C:\gh\azure-sdk-for-net\sdk\storage\Microsoft.Azure.WebJobs.Extensions.Storage.Scenario.Tests\tests\BlobTriggerEndToEndTests.cs(113,14): error CS0518: Predefined type 'System.Void' is not defined or imported
C:\gh\azure-sdk-for-net\sdk\storage\Microsoft.Azure.WebJobs.Extensions.Storage.Scenario.Tests\tests\AzureStorageEndToEndTests.cs(88,14): error CS0246: The type or namespace name 'Attribute' could not be found (are you missing a using directive or an assembly reference?)
C:\gh\azure-sdk-for-net\sdk\storage\Microsoft.Azure.WebJobs.Extensions.Storage.Scenario.Tests\tests\AzureStorageEndToEndTests.cs(88,14): error CS0518: Predefined type 'System.Void' is not defined or imported
C:\gh\azure-sdk-for-net\sdk\storage\Microsoft.Azure.WebJobs.Extensions.Storage.Scenario.Tests\tests\MultipleStorageAccountsEndToEndTests.cs(172,14): error CS0246: The type or namespace name 'Attribute' could not be found (are you missing a using directive or an assembly reference?)
C:\gh\azure-sdk-for-net\sdk\storage\Microsoft.Azure.WebJobs.Extensions.Storage.Scenario.Tests\tests\MultipleStorageAccountsEndToEndTests.cs(172,39): error CS0518: Predefined type 'System.String' is not defined or imported
C:\gh\azure-sdk-for-net\sdk\storage\Microsoft.Azure.WebJobs.Extensions.Storage.Scenario.Tests\tests\MultipleStorageAccountsEndToEndTests.cs(172,14): error CS0518: Predefined type 'System.Void' is not defined or imported
C:\gh\azure-sdk-for-net\sdk\storage\Microsoft.Azure.WebJobs.Extensions.Storage.Scenario.Tests\tests\EventGridBlobTriggerEndToEndTests.cs(191,14): error CS0246: The type or namespace name 'FunctionNameAttribute' could not be found (are you missing a using directive or an assembly reference?)
C:\gh\azure-sdk-for-net\sdk\storage\Microsoft.Azure.WebJobs.Extensions.Storage.Scenario.Tests\tests\EventGridBlobTriggerEndToEndTests.cs(191,14): error CS0246: The type or namespace name 'FunctionName' could not be found (are you missing a using directive or an assembly reference?)
C:\gh\azure-sdk-for-net\sdk\storage\Microsoft.Azure.WebJobs.Extensions.Storage.Scenario.Tests\tests\AzureStorageEndToEndTests.cs(90,14): error CS0246: The type or namespace name 'Attribute' could not be found (are you missing a using directive or an assembly reference?)
C:\gh\azure-sdk-for-net\sdk\storage\Microsoft.Azure.WebJobs.Extensions.Storage.Scenario.Tests\tests\AzureStorageEndToEndTests.cs(90,14): error CS0518: Predefined type 'System.Void' is not defined or imported
C:\gh\azure-sdk-for-net\sdk\storage\Microsoft.Azure.WebJobs.Extensions.Storage.Scenario.Tests\tests\BlobTriggerEndToEndTests.cs(129,18): error CS0246: The type or namespace name 'Attribute' could not be found (are you missing a using directive or an assembly reference?)
C:\gh\azure-sdk-for-net\sdk\storage\Microsoft.Azure.WebJobs.Extensions.Storage.Scenario.Tests\tests\BlobTriggerEndToEndTests.cs(129,18): error CS0518: Predefined type 'System.Void' is not defined or imported
C:\gh\azure-sdk-for-net\sdk\storage\Microsoft.Azure.WebJobs.Extensions.Storage.Scenario.Tests\tests\AzureStorageEndToEndTests.cs(112,14): error CS0246: The type or namespace name 'Attribute' could not be found (are you missing a using directive or an assembly reference?)
C:\gh\azure-sdk-for-net\sdk\storage\Microsoft.Azure.WebJobs.Extensions.Storage.Scenario.Tests\tests\AzureStorageEndToEndTests.cs(112,14): error CS0518: Predefined type 'System.Void' is not defined or imported
C:\gh\azure-sdk-for-net\sdk\storage\Microsoft.Azure.WebJobs.Extensions.Storage.Scenario.Tests\tests\BlobBindingEndToEndTests.cs(52,10): error CS0246: The type or namespace name 'SetUpAttribute' could not be found (are you missing a using directive or an assembly reference?)
C:\gh\azure-sdk-for-net\sdk\storage\Microsoft.Azure.WebJobs.Extensions.Storage.Scenario.Tests\tests\BlobBindingEndToEndTests.cs(52,10): error CS0246: The type or namespace name 'SetUp' could not be found (are you missing a using directive or an assembly reference?)
C:\gh\azure-sdk-for-net\sdk\storage\Microsoft.Azure.WebJobs.Extensions.Storage.Scenario.Tests\tests\AzureStorageEndToEndTests.cs(113,14): error CS0246: The type or namespace name 'Attribute' could not be found (are you missing a using directive or an assembly reference?)
C:\gh\azure-sdk-for-net\sdk\storage\Microsoft.Azure.WebJobs.Extensions.Storage.Scenario.Tests\tests\AzureStorageEndToEndTests.cs(113,14): error CS0518: Predefined type 'System.Void' is not defined or imported
C:\gh\azure-sdk-for-net\sdk\storage\Microsoft.Azure.WebJobs.Extensions.Storage.Scenario.Tests\tests\EventGridBlobTriggerEndToEndTests.cs(193,18): error CS0246: The type or namespace name 'Attribute' could not be found (are you missing a using directive or an assembly reference?)
C:\gh\azure-sdk-for-net\sdk\storage\Microsoft.Azure.WebJobs.Extensions.Storage.Scenario.Tests\tests\EventGridBlobTriggerEndToEndTests.cs(193,18): error CS0518: Predefined type 'System.Void' is not defined or imported
C:\gh\azure-sdk-for-net\sdk\storage\Microsoft.Azure.WebJobs.Extensions.Storage.Scenario.Tests\tests\BlobTriggerEndToEndTests.cs(145,18): error CS0246: The type or namespace name 'Attribute' could not be found (are you missing a using directive or an assembly reference?)
C:\gh\azure-sdk-for-net\sdk\storage\Microsoft.Azure.WebJobs.Extensions.Storage.Scenario.Tests\tests\BlobTriggerEndToEndTests.cs(145,18): error CS0518: Predefined type 'System.Void' is not defined or imported
C:\gh\azure-sdk-for-net\sdk\storage\Microsoft.Azure.WebJobs.Extensions.Storage.Scenario.Tests\tests\AzureStorageEndToEndTests.cs(125,14): error CS0246: The type or namespace name 'Attribute' could not be found (are you missing a using directive or an assembly reference?)
C:\gh\azure-sdk-for-net\sdk\storage\Microsoft.Azure.WebJobs.Extensions.Storage.Scenario.Tests\tests\AzureStorageEndToEndTests.cs(125,14): error CS0518: Predefined type 'System.Void' is not defined or imported
C:\gh\azure-sdk-for-net\sdk\storage\Microsoft.Azure.WebJobs.Extensions.Storage.Scenario.Tests\tests\BlobTriggerEndToEndTests.cs(146,18): error CS0246: The type or namespace name 'Attribute' could not be found (are you missing a using directive or an assembly reference?)
C:\gh\azure-sdk-for-net\sdk\storage\Microsoft.Azure.WebJobs.Extensions.Storage.Scenario.Tests\tests\BlobTriggerEndToEndTests.cs(146,18): error CS0518: Predefined type 'System.Void' is not defined or imported
C:\gh\azure-sdk-for-net\sdk\storage\Microsoft.Azure.WebJobs.Extensions.Storage.Scenario.Tests\tests\AzureStorageEndToEndTests.cs(126,14): error CS0246: The type or namespace name 'Attribute' could not be found (are you missing a using directive or an assembly reference?)
C:\gh\azure-sdk-for-net\sdk\storage\Microsoft.Azure.WebJobs.Extensions.Storage.Scenario.Tests\tests\AzureStorageEndToEndTests.cs(126,14): error CS0518: Predefined type 'System.Void' is not defined or imported
C:\gh\azure-sdk-for-net\sdk\storage\Microsoft.Azure.WebJobs.Extensions.Storage.Scenario.Tests\tests\AzureStorageEndToEndTests.cs(136,14): error CS0246: The type or namespace name 'Attribute' could not be found (are you missing a using directive or an assembly reference?)
C:\gh\azure-sdk-for-net\sdk\storage\Microsoft.Azure.WebJobs.Extensions.Storage.Scenario.Tests\tests\AzureStorageEndToEndTests.cs(136,14): error CS0518: Predefined type 'System.Void' is not defined or imported
C:\gh\azure-sdk-for-net\sdk\storage\Microsoft.Azure.WebJobs.Extensions.Storage.Scenario.Tests\tests\MultipleStorageAccountsEndToEndTests.cs(177,10): error CS0246: The type or namespace name 'NoAutomaticTriggerAttribute' could not be found (are you missing a using directive or an assembly reference?)
C:\gh\azure-sdk-for-net\sdk\storage\Microsoft.Azure.WebJobs.Extensions.Storage.Scenario.Tests\tests\MultipleStorageAccountsEndToEndTests.cs(177,10): error CS0246: The type or namespace name 'NoAutomaticTrigger' could not be found (are you missing a using directive or an assembly reference?)
C:\gh\azure-sdk-for-net\sdk\storage\Microsoft.Azure.WebJobs.Extensions.Storage.Scenario.Tests\tests\BlobTriggerEndToEndTests.cs(153,18): error CS0246: The type or namespace name 'Attribute' could not be found (are you missing a using directive or an assembly reference?)
C:\gh\azure-sdk-for-net\sdk\storage\Microsoft.Azure.WebJobs.Extensions.Storage.Scenario.Tests\tests\BlobTriggerEndToEndTests.cs(153,18): error CS0518: Predefined type 'System.Void' is not defined or imported
C:\gh\azure-sdk-for-net\sdk\storage\Microsoft.Azure.WebJobs.Extensions.Storage.Scenario.Tests\tests\AzureStorageEndToEndTests.cs(146,14): error CS0246: The type or namespace name 'Attribute' could not be found (are you missing a using directive or an assembly reference?)
C:\gh\azure-sdk-for-net\sdk\storage\Microsoft.Azure.WebJobs.Extensions.Storage.Scenario.Tests\tests\AzureStorageEndToEndTests.cs(146,14): error CS0518: Predefined type 'System.Void' is not defined or imported
C:\gh\azure-sdk-for-net\sdk\storage\Microsoft.Azure.WebJobs.Extensions.Storage.Scenario.Tests\tests\MultipleStorageAccountsEndToEndTests.cs(179,14): error CS0246: The type or namespace name 'Attribute' could not be found (are you missing a using directive or an assembly reference?)
C:\gh\azure-sdk-for-net\sdk\storage\Microsoft.Azure.WebJobs.Extensions.Storage.Scenario.Tests\tests\MultipleStorageAccountsEndToEndTests.cs(179,14): error CS0518: Predefined type 'System.Void' is not defined or imported
C:\gh\azure-sdk-for-net\sdk\storage\Microsoft.Azure.WebJobs.Extensions.Storage.Scenario.Tests\tests\AzureStorageEndToEndTests.cs(147,14): error CS0246: The type or namespace name 'Attribute' could not be found (are you missing a using directive or an assembly reference?)
C:\gh\azure-sdk-for-net\sdk\storage\Microsoft.Azure.WebJobs.Extensions.Storage.Scenario.Tests\tests\AzureStorageEndToEndTests.cs(147,14): error CS0518: Predefined type 'System.Void' is not defined or imported
C:\gh\azure-sdk-for-net\sdk\storage\Microsoft.Azure.WebJobs.Extensions.Storage.Scenario.Tests\tests\BlobTriggerEndToEndTests.cs(154,18): error CS0246: The type or namespace name 'Attribute' could not be found (are you missing a using directive or an assembly reference?)
C:\gh\azure-sdk-for-net\sdk\storage\Microsoft.Azure.WebJobs.Extensions.Storage.Scenario.Tests\tests\BlobTriggerEndToEndTests.cs(154,18): error CS0518: Predefined type 'System.Void' is not defined or imported
C:\gh\azure-sdk-for-net\sdk\storage\Microsoft.Azure.WebJobs.Extensions.Storage.Scenario.Tests\tests\AzureStorageEndToEndTests.cs(157,14): error CS0246: The type or namespace name 'Attribute' could not be found (are you missing a using directive or an assembly reference?)
C:\gh\azure-sdk-for-net\sdk\storage\Microsoft.Azure.WebJobs.Extensions.Storage.Scenario.Tests\tests\AzureStorageEndToEndTests.cs(157,14): error CS0518: Predefined type 'System.Void' is not defined or imported
C:\gh\azure-sdk-for-net\sdk\storage\Microsoft.Azure.WebJobs.Extensions.Storage.Scenario.Tests\tests\MultipleStorageAccountsEndToEndTests.cs(180,14): error CS0246: The type or namespace name 'Attribute' could not be found (are you missing a using directive or an assembly reference?)
C:\gh\azure-sdk-for-net\sdk\storage\Microsoft.Azure.WebJobs.Extensions.Storage.Scenario.Tests\tests\MultipleStorageAccountsEndToEndTests.cs(180,39): error CS0518: Predefined type 'System.String' is not defined or imported
C:\gh\azure-sdk-for-net\sdk\storage\Microsoft.Azure.WebJobs.Extensions.Storage.Scenario.Tests\tests\MultipleStorageAccountsEndToEndTests.cs(180,14): error CS0518: Predefined type 'System.Void' is not defined or imported
C:\gh\azure-sdk-for-net\sdk\storage\Microsoft.Azure.WebJobs.Extensions.Storage.Scenario.Tests\tests\MultipleStorageAccountsEndToEndTests.cs(186,14): error CS0246: The type or namespace name 'Attribute' could not be found (are you missing a using directive or an assembly reference?)
C:\gh\azure-sdk-for-net\sdk\storage\Microsoft.Azure.WebJobs.Extensions.Storage.Scenario.Tests\tests\MultipleStorageAccountsEndToEndTests.cs(186,34): error CS0518: Predefined type 'System.String' is not defined or imported
C:\gh\azure-sdk-for-net\sdk\storage\Microsoft.Azure.WebJobs.Extensions.Storage.Scenario.Tests\tests\MultipleStorageAccountsEndToEndTests.cs(186,14): error CS0518: Predefined type 'System.Void' is not defined or imported
C:\gh\azure-sdk-for-net\sdk\storage\Microsoft.Azure.WebJobs.Extensions.Storage.Scenario.Tests\tests\BlobTriggerEndToEndTests.cs(155,18): error CS0404: Cannot apply attribute class 'Queue<T>' because it is generic
C:\gh\azure-sdk-for-net\sdk\storage\Microsoft.Azure.WebJobs.Extensions.Storage.Scenario.Tests\tests\BlobBindingEndToEndTests.cs(97,10): error CS0246: The type or namespace name 'TestAttribute' could not be found (are you missing a using directive or an assembly reference?)
C:\gh\azure-sdk-for-net\sdk\storage\Microsoft.Azure.WebJobs.Extensions.Storage.Scenario.Tests\tests\BlobBindingEndToEndTests.cs(97,10): error CS0246: The type or namespace name 'Test' could not be found (are you missing a using directive or an assembly reference?)
C:\gh\azure-sdk-for-net\sdk\storage\Microsoft.Azure.WebJobs.Extensions.Storage.Scenario.Tests\tests\MultipleStorageAccountsEndToEndTests.cs(187,14): error CS0246: The type or namespace name 'Attribute' could not be found (are you missing a using directive or an assembly reference?)
C:\gh\azure-sdk-for-net\sdk\storage\Microsoft.Azure.WebJobs.Extensions.Storage.Scenario.Tests\tests\MultipleStorageAccountsEndToEndTests.cs(187,14): error CS0518: Predefined type 'System.Void' is not defined or imported
C:\gh\azure-sdk-for-net\sdk\storage\Microsoft.Azure.WebJobs.Extensions.Storage.Scenario.Tests\tests\BlobTriggerEndToEndTests.cs(162,45): error CS0246: The type or namespace name 'Attribute' could not be found (are you missing a using directive or an assembly reference?)
C:\gh\azure-sdk-for-net\sdk\storage\Microsoft.Azure.WebJobs.Extensions.Storage.Scenario.Tests\tests\BlobTriggerEndToEndTests.cs(162,45): error CS0518: Predefined type 'System.Void' is not defined or imported
C:\gh\azure-sdk-for-net\sdk\storage\Microsoft.Azure.WebJobs.Extensions.Storage.Scenario.Tests\tests\AzureStorageEndToEndTests.cs(382,20): error CS0246: The type or namespace name 'QueueServiceClient' could not be found (are you missing a using directive or an assembly reference?)
C:\gh\azure-sdk-for-net\sdk\storage\Microsoft.Azure.WebJobs.Extensions.Storage.Scenario.Tests\tests\AzureStorageEndToEndTests.cs(388,20): error CS0246: The type or namespace name 'BlobServiceClient' could not be found (are you missing a using directive or an assembly reference?)
C:\gh\azure-sdk-for-net\sdk\storage\Microsoft.Azure.WebJobs.Extensions.Storage.Scenario.Tests\tests\MultipleStorageAccountsEndToEndTests.cs(266,20): error CS0305: Using the generic type 'JobHost<TProgram>' requires 1 type arguments
C:\gh\azure-sdk-for-net\sdk\storage\Microsoft.Azure.WebJobs.Extensions.Storage.Scenario.Tests\tests\MultipleStorageAccountsEndToEndTests.cs(268,20): error CS0246: The type or namespace name 'IHost' could not be found (are you missing a using directive or an assembly reference?)
C:\gh\azure-sdk-for-net\sdk\storage\Microsoft.Azure.WebJobs.Extensions.Storage.Scenario.Tests\tests\MultipleStorageAccountsEndToEndTests.cs(274,20): error CS0246: The type or namespace name 'BlobServiceClient' could not be found (are you missing a using directive or an assembly reference?)
C:\gh\azure-sdk-for-net\sdk\storage\Microsoft.Azure.WebJobs.Extensions.Storage.Scenario.Tests\tests\MultipleStorageAccountsEndToEndTests.cs(275,20): error CS0246: The type or namespace name 'BlobServiceClient' could not be found (are you missing a using directive or an assembly reference?)
C:\gh\azure-sdk-for-net\sdk\storage\Microsoft.Azure.WebJobs.Extensions.Storage.Scenario.Tests\tests\MultipleStorageAccountsEndToEndTests.cs(277,20): error CS0246: The type or namespace name 'QueueServiceClient' could not be found (are you missing a using directive or an assembly reference?)
C:\gh\azure-sdk-for-net\sdk\storage\Microsoft.Azure.WebJobs.Extensions.Storage.Scenario.Tests\tests\MultipleStorageAccountsEndToEndTests.cs(278,20): error CS0246: The type or namespace name 'QueueServiceClient' could not be found (are you missing a using directive or an assembly reference?)
C:\gh\azure-sdk-for-net\sdk\storage\Microsoft.Azure.WebJobs.Extensions.Storage.Scenario.Tests\tests\MultipleStorageAccountsEndToEndTests.cs(280,20): error CS0246: The type or namespace name 'BlobContainerClient' could not be found (are you missing a using directive or an assembly reference?)
C:\gh\azure-sdk-for-net\sdk\storage\Microsoft.Azure.WebJobs.Extensions.Storage.Scenario.Tests\tests\MultipleStorageAccountsEndToEndTests.cs(282,20): error CS0246: The type or namespace name 'BlobContainerClient' could not be found (are you missing a using directive or an assembly reference?)
C:\gh\azure-sdk-for-net\sdk\storage\Microsoft.Azure.WebJobs.Extensions.Storage.Scenario.Tests\tests\MultipleStorageAccountsEndToEndTests.cs(284,20): error CS0246: The type or namespace name 'QueueClient' could not be found (are you missing a using directive or an assembly reference?)
C:\gh\azure-sdk-for-net\sdk\storage\Microsoft.Azure.WebJobs.Extensions.Storage.Scenario.Tests\tests\MultipleStorageAccountsEndToEndTests.cs(286,20): error CS0246: The type or namespace name 'QueueClient' could not be found (are you missing a using directive or an assembly reference?)
C:\gh\azure-sdk-for-net\sdk\storage\Microsoft.Azure.WebJobs.Extensions.Storage.Scenario.Tests\tests\BlobBindingEndToEndTests.cs(112,10): error CS0246: The type or namespace name 'TestAttribute' could not be found (are you missing a using directive or an assembly reference?)
C:\gh\azure-sdk-for-net\sdk\storage\Microsoft.Azure.WebJobs.Extensions.Storage.Scenario.Tests\tests\BlobBindingEndToEndTests.cs(112,10): error CS0246: The type or namespace name 'Test' could not be found (are you missing a using directive or an assembly reference?)
C:\gh\azure-sdk-for-net\sdk\storage\Microsoft.Azure.WebJobs.Extensions.Storage.Scenario.Tests\tests\BlobBindingEndToEndTests.cs(276,10): error CS0246: The type or namespace name 'TestCaseAttribute' could not be found (are you missing a using directive or an assembly reference?)
C:\gh\azure-sdk-for-net\sdk\storage\Microsoft.Azure.WebJobs.Extensions.Storage.Scenario.Tests\tests\BlobBindingEndToEndTests.cs(276,10): error CS0246: The type or namespace name 'TestCase' could not be found (are you missing a using directive or an assembly reference?)
C:\gh\azure-sdk-for-net\sdk\storage\Microsoft.Azure.WebJobs.Extensions.Storage.Scenario.Tests\tests\BlobBindingEndToEndTests.cs(277,10): error CS0246: The type or namespace name 'TestCaseAttribute' could not be found (are you missing a using directive or an assembly reference?)
C:\gh\azure-sdk-for-net\sdk\storage\Microsoft.Azure.WebJobs.Extensions.Storage.Scenario.Tests\tests\BlobBindingEndToEndTests.cs(277,10): error CS0246: The type or namespace name 'TestCase' could not be found (are you missing a using directive or an assembly reference?)
C:\gh\azure-sdk-for-net\sdk\storage\Microsoft.Azure.WebJobs.Extensions.Storage.Scenario.Tests\tests\BlobBindingEndToEndTests.cs(303,10): error CS0246: The type or namespace name 'TestCaseAttribute' could not be found (are you missing a using directive or an assembly reference?)
C:\gh\azure-sdk-for-net\sdk\storage\Microsoft.Azure.WebJobs.Extensions.Storage.Scenario.Tests\tests\BlobBindingEndToEndTests.cs(303,10): error CS0246: The type or namespace name 'TestCase' could not be found (are you missing a using directive or an assembly reference?)
C:\gh\azure-sdk-for-net\sdk\storage\Microsoft.Azure.WebJobs.Extensions.Storage.Scenario.Tests\tests\BlobBindingEndToEndTests.cs(304,10): error CS0246: The type or namespace name 'TestCaseAttribute' could not be found (are you missing a using directive or an assembly reference?)
C:\gh\azure-sdk-for-net\sdk\storage\Microsoft.Azure.WebJobs.Extensions.Storage.Scenario.Tests\tests\BlobBindingEndToEndTests.cs(304,10): error CS0246: The type or namespace name 'TestCase' could not be found (are you missing a using directive or an assembly reference?)
C:\gh\azure-sdk-for-net\sdk\storage\Microsoft.Azure.WebJobs.Extensions.Storage.Scenario.Tests\tests\BlobBindingEndToEndTests.cs(353,45): error CS0246: The type or namespace name 'Attribute' could not be found (are you missing a using directive or an assembly reference?)
C:\gh\azure-sdk-for-net\sdk\storage\Microsoft.Azure.WebJobs.Extensions.Storage.Scenario.Tests\tests\BlobBindingEndToEndTests.cs(353,45): error CS0518: Predefined type 'System.Void' is not defined or imported
C:\gh\azure-sdk-for-net\sdk\storage\Microsoft.Azure.WebJobs.Extensions.Storage.Scenario.Tests\tests\BlobBindingEndToEndTests.cs(357,10): error CS0246: The type or namespace name 'NoAutomaticTriggerAttribute' could not be found (are you missing a using directive or an assembly reference?)
C:\gh\azure-sdk-for-net\sdk\storage\Microsoft.Azure.WebJobs.Extensions.Storage.Scenario.Tests\tests\BlobBindingEndToEndTests.cs(357,10): error CS0246: The type or namespace name 'NoAutomaticTrigger' could not be found (are you missing a using directive or an assembly reference?)
C:\gh\azure-sdk-for-net\sdk\storage\Microsoft.Azure.WebJobs.Extensions.Storage.Scenario.Tests\tests\BlobBindingEndToEndTests.cs(359,14): error CS0246: The type or namespace name 'Attribute' could not be found (are you missing a using directive or an assembly reference?)
C:\gh\azure-sdk-for-net\sdk\storage\Microsoft.Azure.WebJobs.Extensions.Storage.Scenario.Tests\tests\BlobBindingEndToEndTests.cs(359,14): error CS0518: Predefined type 'System.Void' is not defined or imported
C:\gh\azure-sdk-for-net\sdk\storage\Microsoft.Azure.WebJobs.Extensions.Storage.Scenario.Tests\tests\BlobBindingEndToEndTests.cs(372,10): error CS0246: The type or namespace name 'NoAutomaticTriggerAttribute' could not be found (are you missing a using directive or an assembly reference?)
C:\gh\azure-sdk-for-net\sdk\storage\Microsoft.Azure.WebJobs.Extensions.Storage.Scenario.Tests\tests\BlobBindingEndToEndTests.cs(372,10): error CS0246: The type or namespace name 'NoAutomaticTrigger' could not be found (are you missing a using directive or an assembly reference?)
C:\gh\azure-sdk-for-net\sdk\storage\Microsoft.Azure.WebJobs.Extensions.Storage.Scenario.Tests\tests\BlobBindingEndToEndTests.cs(374,14): error CS0246: The type or namespace name 'Attribute' could not be found (are you missing a using directive or an assembly reference?)
C:\gh\azure-sdk-for-net\sdk\storage\Microsoft.Azure.WebJobs.Extensions.Storage.Scenario.Tests\tests\BlobBindingEndToEndTests.cs(374,14): error CS0518: Predefined type 'System.Void' is not defined or imported
C:\gh\azure-sdk-for-net\sdk\storage\Microsoft.Azure.WebJobs.Extensions.Storage.Scenario.Tests\tests\BlobBindingEndToEndTests.cs(375,14): error CS0246: The type or namespace name 'Attribute' could not be found (are you missing a using directive or an assembly reference?)
C:\gh\azure-sdk-for-net\sdk\storage\Microsoft.Azure.WebJobs.Extensions.Storage.Scenario.Tests\tests\BlobBindingEndToEndTests.cs(375,14): error CS0518: Predefined type 'System.Void' is not defined or imported
C:\gh\azure-sdk-for-net\sdk\storage\Microsoft.Azure.WebJobs.Extensions.Storage.Scenario.Tests\tests\BlobBindingEndToEndTests.cs(380,10): error CS0246: The type or namespace name 'NoAutomaticTriggerAttribute' could not be found (are you missing a using directive or an assembly reference?)
C:\gh\azure-sdk-for-net\sdk\storage\Microsoft.Azure.WebJobs.Extensions.Storage.Scenario.Tests\tests\BlobBindingEndToEndTests.cs(380,10): error CS0246: The type or namespace name 'NoAutomaticTrigger' could not be found (are you missing a using directive or an assembly reference?)
C:\gh\azure-sdk-for-net\sdk\storage\Microsoft.Azure.WebJobs.Extensions.Storage.Scenario.Tests\tests\BlobBindingEndToEndTests.cs(382,14): error CS0246: The type or namespace name 'Attribute' could not be found (are you missing a using directive or an assembly reference?)
C:\gh\azure-sdk-for-net\sdk\storage\Microsoft.Azure.WebJobs.Extensions.Storage.Scenario.Tests\tests\BlobBindingEndToEndTests.cs(382,14): error CS0518: Predefined type 'System.Void' is not defined or imported
C:\gh\azure-sdk-for-net\sdk\storage\Microsoft.Azure.WebJobs.Extensions.Storage.Scenario.Tests\tests\BlobBindingEndToEndTests.cs(383,14): error CS0246: The type or namespace name 'Attribute' could not be found (are you missing a using directive or an assembly reference?)
C:\gh\azure-sdk-for-net\sdk\storage\Microsoft.Azure.WebJobs.Extensions.Storage.Scenario.Tests\tests\BlobBindingEndToEndTests.cs(383,14): error CS0518: Predefined type 'System.Void' is not defined or imported
C:\gh\azure-sdk-for-net\sdk\storage\Microsoft.Azure.WebJobs.Extensions.Storage.Scenario.Tests\tests\BlobBindingEndToEndTests.cs(391,14): error CS0246: The type or namespace name 'Attribute' could not be found (are you missing a using directive or an assembly reference?)
C:\gh\azure-sdk-for-net\sdk\storage\Microsoft.Azure.WebJobs.Extensions.Storage.Scenario.Tests\tests\BlobBindingEndToEndTests.cs(391,14): error CS0518: Predefined type 'System.Void' is not defined or imported
C:\gh\azure-sdk-for-net\sdk\storage\Microsoft.Azure.WebJobs.Extensions.Storage.Scenario.Tests\tests\BlobBindingEndToEndTests.cs(401,10): error CS0246: The type or namespace name 'NoAutomaticTriggerAttribute' could not be found (are you missing a using directive or an assembly reference?)
C:\gh\azure-sdk-for-net\sdk\storage\Microsoft.Azure.WebJobs.Extensions.Storage.Scenario.Tests\tests\BlobBindingEndToEndTests.cs(401,10): error CS0246: The type or namespace name 'NoAutomaticTrigger' could not be found (are you missing a using directive or an assembly reference?)
C:\gh\azure-sdk-for-net\sdk\storage\Microsoft.Azure.WebJobs.Extensions.Storage.Scenario.Tests\tests\BlobBindingEndToEndTests.cs(403,14): error CS0246: The type or namespace name 'Attribute' could not be found (are you missing a using directive or an assembly reference?)
C:\gh\azure-sdk-for-net\sdk\storage\Microsoft.Azure.WebJobs.Extensions.Storage.Scenario.Tests\tests\BlobBindingEndToEndTests.cs(403,14): error CS0518: Predefined type 'System.Void' is not defined or imported
C:\gh\azure-sdk-for-net\sdk\storage\Microsoft.Azure.WebJobs.Extensions.Storage.Scenario.Tests\tests\BlobBindingEndToEndTests.cs(410,14): error CS0246: The type or namespace name 'Attribute' could not be found (are you missing a using directive or an assembly reference?)
C:\gh\azure-sdk-for-net\sdk\storage\Microsoft.Azure.WebJobs.Extensions.Storage.Scenario.Tests\tests\BlobBindingEndToEndTests.cs(410,14): error CS0518: Predefined type 'System.Void' is not defined or imported
C:\gh\azure-sdk-for-net\sdk\storage\Microsoft.Azure.WebJobs.Extensions.Storage.Scenario.Tests\tests\BlobBindingEndToEndTests.cs(425,14): error CS0246: The type or namespace name 'Attribute' could not be found (are you missing a using directive or an assembly reference?)
C:\gh\azure-sdk-for-net\sdk\storage\Microsoft.Azure.WebJobs.Extensions.Storage.Scenario.Tests\tests\BlobBindingEndToEndTests.cs(425,14): error CS0518: Predefined type 'System.Void' is not defined or imported
C:\gh\azure-sdk-for-net\sdk\storage\Microsoft.Azure.WebJobs.Extensions.Storage.Scenario.Tests\tests\BlobBindingEndToEndTests.cs(437,14): error CS0246: The type or namespace name 'Attribute' could not be found (are you missing a using directive or an assembly reference?)
C:\gh\azure-sdk-for-net\sdk\storage\Microsoft.Azure.WebJobs.Extensions.Storage.Scenario.Tests\tests\BlobBindingEndToEndTests.cs(437,14): error CS0518: Predefined type 'System.Void' is not defined or imported
C:\gh\azure-sdk-for-net\sdk\storage\Microsoft.Azure.WebJobs.Extensions.Storage.Scenario.Tests\tests\BlobBindingEndToEndTests.cs(438,14): error CS0246: The type or namespace name 'Attribute' could not be found (are you missing a using directive or an assembly reference?)
C:\gh\azure-sdk-for-net\sdk\storage\Microsoft.Azure.WebJobs.Extensions.Storage.Scenario.Tests\tests\BlobBindingEndToEndTests.cs(438,14): error CS0518: Predefined type 'System.Void' is not defined or imported
C:\gh\azure-sdk-for-net\sdk\storage\Microsoft.Azure.WebJobs.Extensions.Storage.Scenario.Tests\tests\BlobBindingEndToEndTests.cs(450,14): error CS0246: The type or namespace name 'Attribute' could not be found (are you missing a using directive or an assembly reference?)
C:\gh\azure-sdk-for-net\sdk\storage\Microsoft.Azure.WebJobs.Extensions.Storage.Scenario.Tests\tests\BlobBindingEndToEndTests.cs(450,14): error CS0518: Predefined type 'System.Void' is not defined or imported
C:\gh\azure-sdk-for-net\sdk\storage\Microsoft.Azure.WebJobs.Extensions.Storage.Scenario.Tests\tests\BlobBindingEndToEndTests.cs(462,14): error CS0246: The type or namespace name 'Attribute' could not be found (are you missing a using directive or an assembly reference?)
C:\gh\azure-sdk-for-net\sdk\storage\Microsoft.Azure.WebJobs.Extensions.Storage.Scenario.Tests\tests\BlobBindingEndToEndTests.cs(462,14): error CS0518: Predefined type 'System.Void' is not defined or imported
C:\gh\azure-sdk-for-net\sdk\storage\Microsoft.Azure.WebJobs.Extensions.Storage.Scenario.Tests\tests\BlobBindingEndToEndTests.cs(472,10): error CS0246: The type or namespace name 'NoAutomaticTriggerAttribute' could not be found (are you missing a using directive or an assembly reference?)
C:\gh\azure-sdk-for-net\sdk\storage\Microsoft.Azure.WebJobs.Extensions.Storage.Scenario.Tests\tests\BlobBindingEndToEndTests.cs(472,10): error CS0246: The type or namespace name 'NoAutomaticTrigger' could not be found (are you missing a using directive or an assembly reference?)
C:\gh\azure-sdk-for-net\sdk\storage\Microsoft.Azure.WebJobs.Extensions.Storage.Scenario.Tests\tests\BlobBindingEndToEndTests.cs(474,14): error CS0246: The type or namespace name 'Attribute' could not be found (are you missing a using directive or an assembly reference?)
C:\gh\azure-sdk-for-net\sdk\storage\Microsoft.Azure.WebJobs.Extensions.Storage.Scenario.Tests\tests\BlobBindingEndToEndTests.cs(474,14): error CS0518: Predefined type 'System.Void' is not defined or imported
C:\gh\azure-sdk-for-net\sdk\storage\Microsoft.Azure.WebJobs.Extensions.Storage.Scenario.Tests\tests\BlobBindingEndToEndTests.cs(483,10): error CS0246: The type or namespace name 'NoAutomaticTriggerAttribute' could not be found (are you missing a using directive or an assembly reference?)
C:\gh\azure-sdk-for-net\sdk\storage\Microsoft.Azure.WebJobs.Extensions.Storage.Scenario.Tests\tests\BlobBindingEndToEndTests.cs(483,10): error CS0246: The type or namespace name 'NoAutomaticTrigger' could not be found (are you missing a using directive or an assembly reference?)
C:\gh\azure-sdk-for-net\sdk\storage\Microsoft.Azure.WebJobs.Extensions.Storage.Scenario.Tests\tests\BlobBindingEndToEndTests.cs(485,14): error CS0246: The type or namespace name 'Attribute' could not be found (are you missing a using directive or an assembly reference?)
C:\gh\azure-sdk-for-net\sdk\storage\Microsoft.Azure.WebJobs.Extensions.Storage.Scenario.Tests\tests\BlobBindingEndToEndTests.cs(485,14): error CS0518: Predefined type 'System.Void' is not defined or imported
C:\gh\azure-sdk-for-net\sdk\storage\Microsoft.Azure.WebJobs.Extensions.Storage.Scenario.Tests\tests\BlobBindingEndToEndTests.cs(498,10): error CS0246: The type or namespace name 'NoAutomaticTriggerAttribute' could not be found (are you missing a using directive or an assembly reference?)
C:\gh\azure-sdk-for-net\sdk\storage\Microsoft.Azure.WebJobs.Extensions.Storage.Scenario.Tests\tests\BlobBindingEndToEndTests.cs(498,10): error CS0246: The type or namespace name 'NoAutomaticTrigger' could not be found (are you missing a using directive or an assembly reference?)
C:\gh\azure-sdk-for-net\sdk\storage\Microsoft.Azure.WebJobs.Extensions.Storage.Scenario.Tests\tests\BlobBindingEndToEndTests.cs(500,14): error CS0246: The type or namespace name 'Attribute' could not be found (are you missing a using directive or an assembly reference?)
C:\gh\azure-sdk-for-net\sdk\storage\Microsoft.Azure.WebJobs.Extensions.Storage.Scenario.Tests\tests\BlobBindingEndToEndTests.cs(500,14): error CS0518: Predefined type 'System.Void' is not defined or imported
C:\gh\azure-sdk-for-net\sdk\storage\Microsoft.Azure.WebJobs.Extensions.Storage.Scenario.Tests\tests\BlobBindingEndToEndTests.cs(512,14): error CS0246: The type or namespace name 'Attribute' could not be found (are you missing a using directive or an assembly reference?)
C:\gh\azure-sdk-for-net\sdk\storage\Microsoft.Azure.WebJobs.Extensions.Storage.Scenario.Tests\tests\BlobBindingEndToEndTests.cs(512,14): error CS0518: Predefined type 'System.Void' is not defined or imported
C:\gh\azure-sdk-for-net\sdk\storage\Microsoft.Azure.WebJobs.Extensions.Storage.Scenario.Tests\tests\BlobBindingEndToEndTests.cs(528,14): error CS0246: The type or namespace name 'Attribute' could not be found (are you missing a using directive or an assembly reference?)
C:\gh\azure-sdk-for-net\sdk\storage\Microsoft.Azure.WebJobs.Extensions.Storage.Scenario.Tests\tests\BlobBindingEndToEndTests.cs(528,14): error CS0518: Predefined type 'System.Void' is not defined or imported
C:\gh\azure-sdk-for-net\sdk\storage\Microsoft.Azure.WebJobs.Extensions.Storage.Scenario.Tests\tests\BlobBindingEndToEndTests.cs(542,10): error CS0246: The type or namespace name 'NoAutomaticTriggerAttribute' could not be found (are you missing a using directive or an assembly reference?)
C:\gh\azure-sdk-for-net\sdk\storage\Microsoft.Azure.WebJobs.Extensions.Storage.Scenario.Tests\tests\BlobBindingEndToEndTests.cs(542,10): error CS0246: The type or namespace name 'NoAutomaticTrigger' could not be found (are you missing a using directive or an assembly reference?)
C:\gh\azure-sdk-for-net\sdk\storage\Microsoft.Azure.WebJobs.Extensions.Storage.Scenario.Tests\tests\BlobBindingEndToEndTests.cs(544,14): error CS0246: The type or namespace name 'Attribute' could not be found (are you missing a using directive or an assembly reference?)
C:\gh\azure-sdk-for-net\sdk\storage\Microsoft.Azure.WebJobs.Extensions.Storage.Scenario.Tests\tests\BlobBindingEndToEndTests.cs(544,14): error CS0518: Predefined type 'System.Void' is not defined or imported
C:\gh\azure-sdk-for-net\sdk\storage\Microsoft.Azure.WebJobs.Extensions.Storage.Scenario.Tests\tests\BlobBindingEndToEndTests.cs(550,10): error CS0246: The type or namespace name 'NoAutomaticTriggerAttribute' could not be found (are you missing a using directive or an assembly reference?)
C:\gh\azure-sdk-for-net\sdk\storage\Microsoft.Azure.WebJobs.Extensions.Storage.Scenario.Tests\tests\BlobBindingEndToEndTests.cs(550,10): error CS0246: The type or namespace name 'NoAutomaticTrigger' could not be found (are you missing a using directive or an assembly reference?)
C:\gh\azure-sdk-for-net\sdk\storage\Microsoft.Azure.WebJobs.Extensions.Storage.Scenario.Tests\tests\BlobBindingEndToEndTests.cs(552,14): error CS0246: The type or namespace name 'Attribute' could not be found (are you missing a using directive or an assembly reference?)
C:\gh\azure-sdk-for-net\sdk\storage\Microsoft.Azure.WebJobs.Extensions.Storage.Scenario.Tests\tests\BlobBindingEndToEndTests.cs(552,14): error CS0518: Predefined type 'System.Void' is not defined or imported
C:\gh\azure-sdk-for-net\sdk\storage\Microsoft.Azure.WebJobs.Extensions.Storage.Scenario.Tests\tests\BlobBindingEndToEndTests.cs(559,10): error CS0246: The type or namespace name 'NoAutomaticTriggerAttribute' could not be found (are you missing a using directive or an assembly reference?)
C:\gh\azure-sdk-for-net\sdk\storage\Microsoft.Azure.WebJobs.Extensions.Storage.Scenario.Tests\tests\BlobBindingEndToEndTests.cs(559,10): error CS0246: The type or namespace name 'NoAutomaticTrigger' could not be found (are you missing a using directive or an assembly reference?)
C:\gh\azure-sdk-for-net\sdk\storage\Microsoft.Azure.WebJobs.Extensions.Storage.Scenario.Tests\tests\BlobBindingEndToEndTests.cs(561,14): error CS0246: The type or namespace name 'Attribute' could not be found (are you missing a using directive or an assembly reference?)
C:\gh\azure-sdk-for-net\sdk\storage\Microsoft.Azure.WebJobs.Extensions.Storage.Scenario.Tests\tests\BlobBindingEndToEndTests.cs(561,14): error CS0518: Predefined type 'System.Void' is not defined or imported
C:\gh\azure-sdk-for-net\sdk\storage\Microsoft.Azure.WebJobs.Extensions.Storage.Scenario.Tests\tests\BlobBindingEndToEndTests.cs(567,10): error CS0246: The type or namespace name 'NoAutomaticTriggerAttribute' could not be found (are you missing a using directive or an assembly reference?)
C:\gh\azure-sdk-for-net\sdk\storage\Microsoft.Azure.WebJobs.Extensions.Storage.Scenario.Tests\tests\BlobBindingEndToEndTests.cs(567,10): error CS0246: The type or namespace name 'NoAutomaticTrigger' could not be found (are you missing a using directive or an assembly reference?)
C:\gh\azure-sdk-for-net\sdk\storage\Microsoft.Azure.WebJobs.Extensions.Storage.Scenario.Tests\tests\BlobBindingEndToEndTests.cs(569,14): error CS0246: The type or namespace name 'Attribute' could not be found (are you missing a using directive or an assembly reference?)
C:\gh\azure-sdk-for-net\sdk\storage\Microsoft.Azure.WebJobs.Extensions.Storage.Scenario.Tests\tests\BlobBindingEndToEndTests.cs(569,14): error CS0518: Predefined type 'System.Void' is not defined or imported
C:\gh\azure-sdk-for-net\sdk\storage\Microsoft.Azure.WebJobs.Extensions.Storage.Scenario.Tests\tests\BlobBindingEndToEndTests.cs(574,10): error CS0246: The type or namespace name 'NoAutomaticTriggerAttribute' could not be found (are you missing a using directive or an assembly reference?)
C:\gh\azure-sdk-for-net\sdk\storage\Microsoft.Azure.WebJobs.Extensions.Storage.Scenario.Tests\tests\BlobBindingEndToEndTests.cs(574,10): error CS0246: The type or namespace name 'NoAutomaticTrigger' could not be found (are you missing a using directive or an assembly reference?)
C:\gh\azure-sdk-for-net\sdk\storage\Microsoft.Azure.WebJobs.Extensions.Storage.Scenario.Tests\tests\BlobBindingEndToEndTests.cs(576,14): error CS0246: The type or namespace name 'Attribute' could not be found (are you missing a using directive or an assembly reference?)
C:\gh\azure-sdk-for-net\sdk\storage\Microsoft.Azure.WebJobs.Extensions.Storage.Scenario.Tests\tests\BlobBindingEndToEndTests.cs(576,14): error CS0518: Predefined type 'System.Void' is not defined or imported
C:\gh\azure-sdk-for-net\sdk\storage\Microsoft.Azure.WebJobs.Extensions.Storage.Scenario.Tests\tests\BlobBindingEndToEndTests.cs(582,10): error CS0246: The type or namespace name 'NoAutomaticTriggerAttribute' could not be found (are you missing a using directive or an assembly reference?)
C:\gh\azure-sdk-for-net\sdk\storage\Microsoft.Azure.WebJobs.Extensions.Storage.Scenario.Tests\tests\BlobBindingEndToEndTests.cs(582,10): error CS0246: The type or namespace name 'NoAutomaticTrigger' could not be found (are you missing a using directive or an assembly reference?)
C:\gh\azure-sdk-for-net\sdk\storage\Microsoft.Azure.WebJobs.Extensions.Storage.Scenario.Tests\tests\BlobBindingEndToEndTests.cs(584,14): error CS0246: The type or namespace name 'Attribute' could not be found (are you missing a using directive or an assembly reference?)
C:\gh\azure-sdk-for-net\sdk\storage\Microsoft.Azure.WebJobs.Extensions.Storage.Scenario.Tests\tests\BlobBindingEndToEndTests.cs(584,14): error CS0518: Predefined type 'System.Void' is not defined or imported
C:\gh\azure-sdk-for-net\sdk\storage\Microsoft.Azure.WebJobs.Extensions.Storage.Scenario.Tests\tests\BlobBindingEndToEndTests.cs(590,10): error CS0246: The type or namespace name 'NoAutomaticTriggerAttribute' could not be found (are you missing a using directive or an assembly reference?)
C:\gh\azure-sdk-for-net\sdk\storage\Microsoft.Azure.WebJobs.Extensions.Storage.Scenario.Tests\tests\BlobBindingEndToEndTests.cs(590,10): error CS0246: The type or namespace name 'NoAutomaticTrigger' could not be found (are you missing a using directive or an assembly reference?)
C:\gh\azure-sdk-for-net\sdk\storage\Microsoft.Azure.WebJobs.Extensions.Storage.Scenario.Tests\tests\BlobBindingEndToEndTests.cs(592,14): error CS0246: The type or namespace name 'Attribute' could not be found (are you missing a using directive or an assembly reference?)
C:\gh\azure-sdk-for-net\sdk\storage\Microsoft.Azure.WebJobs.Extensions.Storage.Scenario.Tests\tests\BlobBindingEndToEndTests.cs(592,14): error CS0518: Predefined type 'System.Void' is not defined or imported
C:\gh\azure-sdk-for-net\sdk\storage\Microsoft.Azure.WebJobs.Extensions.Storage.Scenario.Tests\tests\BlobBindingEndToEndTests.cs(598,10): error CS0246: The type or namespace name 'NoAutomaticTriggerAttribute' could not be found (are you missing a using directive or an assembly reference?)
C:\gh\azure-sdk-for-net\sdk\storage\Microsoft.Azure.WebJobs.Extensions.Storage.Scenario.Tests\tests\BlobBindingEndToEndTests.cs(598,10): error CS0246: The type or namespace name 'NoAutomaticTrigger' could not be found (are you missing a using directive or an assembly reference?)
C:\gh\azure-sdk-for-net\sdk\storage\Microsoft.Azure.WebJobs.Extensions.Storage.Scenario.Tests\tests\BlobBindingEndToEndTests.cs(600,14): error CS0246: The type or namespace name 'Attribute' could not be found (are you missing a using directive or an assembly reference?)
C:\gh\azure-sdk-for-net\sdk\storage\Microsoft.Azure.WebJobs.Extensions.Storage.Scenario.Tests\tests\BlobBindingEndToEndTests.cs(600,14): error CS0518: Predefined type 'System.Void' is not defined or imported
C:\gh\azure-sdk-for-net\sdk\storage\Microsoft.Azure.WebJobs.Extensions.Storage.Scenario.Tests\tests\BlobBindingEndToEndTests.cs(605,10): error CS0246: The type or namespace name 'NoAutomaticTriggerAttribute' could not be found (are you missing a using directive or an assembly reference?)
C:\gh\azure-sdk-for-net\sdk\storage\Microsoft.Azure.WebJobs.Extensions.Storage.Scenario.Tests\tests\BlobBindingEndToEndTests.cs(605,10): error CS0246: The type or namespace name 'NoAutomaticTrigger' could not be found (are you missing a using directive or an assembly reference?)
C:\gh\azure-sdk-for-net\sdk\storage\Microsoft.Azure.WebJobs.Extensions.Storage.Scenario.Tests\tests\BlobBindingEndToEndTests.cs(607,14): error CS0246: The type or namespace name 'Attribute' could not be found (are you missing a using directive or an assembly reference?)
C:\gh\azure-sdk-for-net\sdk\storage\Microsoft.Azure.WebJobs.Extensions.Storage.Scenario.Tests\tests\BlobBindingEndToEndTests.cs(607,14): error CS0518: Predefined type 'System.Void' is not defined or imported
C:\gh\azure-sdk-for-net\sdk\storage\Microsoft.Azure.WebJobs.Extensions.Storage.Scenario.Tests\tests\BlobBindingEndToEndTests.cs(612,10): error CS0246: The type or namespace name 'NoAutomaticTriggerAttribute' could not be found (are you missing a using directive or an assembly reference?)
C:\gh\azure-sdk-for-net\sdk\storage\Microsoft.Azure.WebJobs.Extensions.Storage.Scenario.Tests\tests\BlobBindingEndToEndTests.cs(612,10): error CS0246: The type or namespace name 'NoAutomaticTrigger' could not be found (are you missing a using directive or an assembly reference?)
C:\gh\azure-sdk-for-net\sdk\storage\Microsoft.Azure.WebJobs.Extensions.Storage.Scenario.Tests\tests\BlobBindingEndToEndTests.cs(614,14): error CS0246: The type or namespace name 'Attribute' could not be found (are you missing a using directive or an assembly reference?)
C:\gh\azure-sdk-for-net\sdk\storage\Microsoft.Azure.WebJobs.Extensions.Storage.Scenario.Tests\tests\BlobBindingEndToEndTests.cs(614,14): error CS0518: Predefined type 'System.Void' is not defined or imported
C:\gh\azure-sdk-for-net\sdk\storage\Microsoft.Azure.WebJobs.Extensions.Storage.Scenario.Tests\tests\BlobBindingEndToEndTests.cs(624,10): error CS0246: The type or namespace name 'NoAutomaticTriggerAttribute' could not be found (are you missing a using directive or an assembly reference?)
C:\gh\azure-sdk-for-net\sdk\storage\Microsoft.Azure.WebJobs.Extensions.Storage.Scenario.Tests\tests\BlobBindingEndToEndTests.cs(624,10): error CS0246: The type or namespace name 'NoAutomaticTrigger' could not be found (are you missing a using directive or an assembly reference?)
C:\gh\azure-sdk-for-net\sdk\storage\Microsoft.Azure.WebJobs.Extensions.Storage.Scenario.Tests\tests\BlobBindingEndToEndTests.cs(626,14): error CS0246: The type or namespace name 'Attribute' could not be found (are you missing a using directive or an assembly reference?)
C:\gh\azure-sdk-for-net\sdk\storage\Microsoft.Azure.WebJobs.Extensions.Storage.Scenario.Tests\tests\BlobBindingEndToEndTests.cs(626,14): error CS0518: Predefined type 'System.Void' is not defined or imported
C:\gh\azure-sdk-for-net\sdk\storage\Microsoft.Azure.WebJobs.Extensions.Storage.Scenario.Tests\tests\BlobBindingEndToEndTests.cs(636,10): error CS0246: The type or namespace name 'NoAutomaticTriggerAttribute' could not be found (are you missing a using directive or an assembly reference?)
C:\gh\azure-sdk-for-net\sdk\storage\Microsoft.Azure.WebJobs.Extensions.Storage.Scenario.Tests\tests\BlobBindingEndToEndTests.cs(636,10): error CS0246: The type or namespace name 'NoAutomaticTrigger' could not be found (are you missing a using directive or an assembly reference?)
C:\gh\azure-sdk-for-net\sdk\storage\Microsoft.Azure.WebJobs.Extensions.Storage.Scenario.Tests\tests\BlobBindingEndToEndTests.cs(638,14): error CS0246: The type or namespace name 'Attribute' could not be found (are you missing a using directive or an assembly reference?)
C:\gh\azure-sdk-for-net\sdk\storage\Microsoft.Azure.WebJobs.Extensions.Storage.Scenario.Tests\tests\BlobBindingEndToEndTests.cs(638,14): error CS0518: Predefined type 'System.Void' is not defined or imported
C:\gh\azure-sdk-for-net\sdk\storage\Microsoft.Azure.WebJobs.Extensions.Storage.Scenario.Tests\tests\BlobBindingEndToEndTests.cs(648,10): error CS0246: The type or namespace name 'NoAutomaticTriggerAttribute' could not be found (are you missing a using directive or an assembly reference?)
C:\gh\azure-sdk-for-net\sdk\storage\Microsoft.Azure.WebJobs.Extensions.Storage.Scenario.Tests\tests\BlobBindingEndToEndTests.cs(648,10): error CS0246: The type or namespace name 'NoAutomaticTrigger' could not be found (are you missing a using directive or an assembly reference?)
C:\gh\azure-sdk-for-net\sdk\storage\Microsoft.Azure.WebJobs.Extensions.Storage.Scenario.Tests\tests\BlobBindingEndToEndTests.cs(650,14): error CS0246: The type or namespace name 'Attribute' could not be found (are you missing a using directive or an assembly reference?)
C:\gh\azure-sdk-for-net\sdk\storage\Microsoft.Azure.WebJobs.Extensions.Storage.Scenario.Tests\tests\BlobBindingEndToEndTests.cs(650,14): error CS0518: Predefined type 'System.Void' is not defined or imported
C:\gh\azure-sdk-for-net\sdk\storage\Microsoft.Azure.WebJobs.Extensions.Storage.Scenario.Tests\tests\BlobBindingEndToEndTests.cs(657,10): error CS0246: The type or namespace name 'NoAutomaticTriggerAttribute' could not be found (are you missing a using directive or an assembly reference?)
C:\gh\azure-sdk-for-net\sdk\storage\Microsoft.Azure.WebJobs.Extensions.Storage.Scenario.Tests\tests\BlobBindingEndToEndTests.cs(657,10): error CS0246: The type or namespace name 'NoAutomaticTrigger' could not be found (are you missing a using directive or an assembly reference?)
C:\gh\azure-sdk-for-net\sdk\storage\Microsoft.Azure.WebJobs.Extensions.Storage.Scenario.Tests\tests\BlobBindingEndToEndTests.cs(659,14): error CS0246: The type or namespace name 'Attribute' could not be found (are you missing a using directive or an assembly reference?)
C:\gh\azure-sdk-for-net\sdk\storage\Microsoft.Azure.WebJobs.Extensions.Storage.Scenario.Tests\tests\BlobBindingEndToEndTests.cs(659,14): error CS0518: Predefined type 'System.Void' is not defined or imported
C:\gh\azure-sdk-for-net\sdk\storage\Microsoft.Azure.WebJobs.Extensions.Storage.Scenario.Tests\tests\BlobBindingEndToEndTests.cs(666,10): error CS0246: The type or namespace name 'NoAutomaticTriggerAttribute' could not be found (are you missing a using directive or an assembly reference?)
C:\gh\azure-sdk-for-net\sdk\storage\Microsoft.Azure.WebJobs.Extensions.Storage.Scenario.Tests\tests\BlobBindingEndToEndTests.cs(666,10): error CS0246: The type or namespace name 'NoAutomaticTrigger' could not be found (are you missing a using directive or an assembly reference?)
C:\gh\azure-sdk-for-net\sdk\storage\Microsoft.Azure.WebJobs.Extensions.Storage.Scenario.Tests\tests\BlobBindingEndToEndTests.cs(668,14): error CS0246: The type or namespace name 'Attribute' could not be found (are you missing a using directive or an assembly reference?)
C:\gh\azure-sdk-for-net\sdk\storage\Microsoft.Azure.WebJobs.Extensions.Storage.Scenario.Tests\tests\BlobBindingEndToEndTests.cs(668,14): error CS0518: Predefined type 'System.Void' is not defined or imported
C:\gh\azure-sdk-for-net\sdk\storage\Microsoft.Azure.WebJobs.Extensions.Storage.Scenario.Tests\tests\BlobBindingEndToEndTests.cs(675,10): error CS0246: The type or namespace name 'NoAutomaticTriggerAttribute' could not be found (are you missing a using directive or an assembly reference?)
C:\gh\azure-sdk-for-net\sdk\storage\Microsoft.Azure.WebJobs.Extensions.Storage.Scenario.Tests\tests\BlobBindingEndToEndTests.cs(675,10): error CS0246: The type or namespace name 'NoAutomaticTrigger' could not be found (are you missing a using directive or an assembly reference?)
C:\gh\azure-sdk-for-net\sdk\storage\Microsoft.Azure.WebJobs.Extensions.Storage.Scenario.Tests\tests\BlobBindingEndToEndTests.cs(677,14): error CS0246: The type or namespace name 'Attribute' could not be found (are you missing a using directive or an assembly reference?)
C:\gh\azure-sdk-for-net\sdk\storage\Microsoft.Azure.WebJobs.Extensions.Storage.Scenario.Tests\tests\BlobBindingEndToEndTests.cs(677,14): error CS0518: Predefined type 'System.Void' is not defined or imported
C:\gh\azure-sdk-for-net\sdk\storage\Microsoft.Azure.WebJobs.Extensions.Storage.Scenario.Tests\tests\BlobBindingEndToEndTests.cs(689,10): error CS0246: The type or namespace name 'NoAutomaticTriggerAttribute' could not be found (are you missing a using directive or an assembly reference?)
C:\gh\azure-sdk-for-net\sdk\storage\Microsoft.Azure.WebJobs.Extensions.Storage.Scenario.Tests\tests\BlobBindingEndToEndTests.cs(689,10): error CS0246: The type or namespace name 'NoAutomaticTrigger' could not be found (are you missing a using directive or an assembly reference?)
C:\gh\azure-sdk-for-net\sdk\storage\Microsoft.Azure.WebJobs.Extensions.Storage.Scenario.Tests\tests\BlobBindingEndToEndTests.cs(691,14): error CS0246: The type or namespace name 'Attribute' could not be found (are you missing a using directive or an assembly reference?)
C:\gh\azure-sdk-for-net\sdk\storage\Microsoft.Azure.WebJobs.Extensions.Storage.Scenario.Tests\tests\BlobBindingEndToEndTests.cs(691,14): error CS0518: Predefined type 'System.Void' is not defined or imported
C:\gh\azure-sdk-for-net\sdk\storage\Microsoft.Azure.WebJobs.Extensions.Storage.Scenario.Tests\tests\BlobBindingEndToEndTests.cs(783,20): error CS0246: The type or namespace name 'IHost' could not be found (are you missing a using directive or an assembly reference?)
C:\gh\azure-sdk-for-net\sdk\storage\Microsoft.Azure.WebJobs.Extensions.Storage.Scenario.Tests\tests\BlobBindingEndToEndTests.cs(789,20): error CS0305: Using the generic type 'JobHost<TProgram>' requires 1 type arguments
C:\gh\azure-sdk-for-net\sdk\storage\Microsoft.Azure.WebJobs.Extensions.Storage.Scenario.Tests\tests\BlobBindingEndToEndTests.cs(795,20): error CS0246: The type or namespace name 'INameResolver' could not be found (are you missing a using directive or an assembly reference?)
C:\gh\azure-sdk-for-net\sdk\storage\Microsoft.Azure.WebJobs.Extensions.Storage.Scenario.Tests\tests\BlobBindingEndToEndTests.cs(799,20): error CS0246: The type or namespace name 'BlobServiceClient' could not be found (are you missing a using directive or an assembly reference?)
C:\gh\azure-sdk-for-net\sdk\storage\Microsoft.Azure.WebJobs.Extensions.Storage.Scenario.Tests\tests\BlobBindingEndToEndTests.cs(805,20): error CS0246: The type or namespace name 'BlobContainerClient' could not be found (are you missing a using directive or an assembly reference?)
C:\gh\azure-sdk-for-net\sdk\storage\Microsoft.Azure.WebJobs.Extensions.Storage.Scenario.Tests\tests\BlobBindingEndToEndTests.cs(811,20): error CS0246: The type or namespace name 'BlobContainerClient' could not be found (are you missing a using directive or an assembly reference?)
C:\gh\azure-sdk-for-net\sdk\storage\Microsoft.Azure.WebJobs.Extensions.Storage.Scenario.Tests\tests\BlobBindingEndToEndTests.cs(41,13): error CS0103: The name 'Assert' does not exist in the current context
C:\gh\azure-sdk-for-net\sdk\storage\Microsoft.Azure.WebJobs.Extensions.Storage.Scenario.Tests\tests\MultipleStorageAccountsEndToEndTests.cs(35,13): error CS0103: The name 'Assert' does not exist in the current context
C:\gh\azure-sdk-for-net\sdk\storage\Microsoft.Azure.WebJobs.Extensions.Storage.Scenario.Tests\tests\MultipleStorageAccountsEndToEndTests.cs(36,13): error CS0103: The name 'Assert' does not exist in the current context
C:\gh\azure-sdk-for-net\sdk\storage\Microsoft.Azure.WebJobs.Extensions.Storage.Scenario.Tests\tests\AzureStorageEndToEndTests.cs(94,31): error CS0103: The name 'JsonConvert' does not exist in the current context
C:\gh\azure-sdk-for-net\sdk\storage\Microsoft.Azure.WebJobs.Extensions.Storage.Scenario.Tests\tests\ScenarioTests.cs(32,33): error CS0012: The type 'BlobServiceClient' is defined in an assembly that is not referenced. You must add a reference to assembly 'Azure.Storage.Blobs, Version=12.9.0.0, Culture=neutral, PublicKeyToken=92742159e12e44c8'.
C:\gh\azure-sdk-for-net\sdk\storage\Microsoft.Azure.WebJobs.Extensions.Storage.Scenario.Tests\tests\ScenarioTests.cs(33,34): error CS0012: The type 'QueueServiceClient' is defined in an assembly that is not referenced. You must add a reference to assembly 'Azure.Storage.Queues, Version=12.7.0.0, Culture=neutral, PublicKeyToken=92742159e12e44c8'.
C:\gh\azure-sdk-for-net\sdk\storage\Microsoft.Azure.WebJobs.Extensions.Storage.Scenario.Tests\tests\BlobBindingEndToEndTests.cs(61,19): error CS0305: Using the generic type 'JobHost<TProgram>' requires 1 type arguments
C:\gh\azure-sdk-for-net\sdk\storage\Microsoft.Azure.WebJobs.Extensions.Storage.Scenario.Tests\tests\BlobBindingEndToEndTests.cs(63,13): error CS0103: The name 'Assert' does not exist in the current context
C:\gh\azure-sdk-for-net\sdk\storage\Microsoft.Azure.WebJobs.Extensions.Storage.Scenario.Tests\tests\BlobBindingEndToEndTests.cs(73,27): error CS0103: The name 'JsonConvert' does not exist in the current context
C:\gh\azure-sdk-for-net\sdk\storage\Microsoft.Azure.WebJobs.Extensions.Storage.Scenario.Tests\tests\BlobBindingEndToEndTests.cs(76,19): error CS0305: Using the generic type 'JobHost<TProgram>' requires 1 type arguments
C:\gh\azure-sdk-for-net\sdk\storage\Microsoft.Azure.WebJobs.Extensions.Storage.Scenario.Tests\tests\BlobBindingEndToEndTests.cs(78,13): error CS0103: The name 'Assert' does not exist in the current context
C:\gh\azure-sdk-for-net\sdk\storage\Microsoft.Azure.WebJobs.Extensions.Storage.Scenario.Tests\tests\BlobTriggerEndToEndTests.cs(49,28): error CS0246: The type or namespace name 'HostBuilder' could not be found (are you missing a using directive or an assembly reference?)
C:\gh\azure-sdk-for-net\sdk\storage\Microsoft.Azure.WebJobs.Extensions.Storage.Scenario.Tests\tests\BlobTriggerEndToEndTests.cs(55,38): error CS0246: The type or namespace name 'BlobServiceClient' could not be found (are you missing a using directive or an assembly reference?)
C:\gh\azure-sdk-for-net\sdk\storage\Microsoft.Azure.WebJobs.Extensions.Storage.Scenario.Tests\tests\BlobTriggerEndToEndTests.cs(56,86): error CS0246: The type or namespace name 'INameResolver' could not be found (are you missing a using directive or an assembly reference?)
C:\gh\azure-sdk-for-net\sdk\storage\Microsoft.Azure.WebJobs.Extensions.Storage.Scenario.Tests\tests\BlobTriggerEndToEndTests.cs(57,13): error CS0103: The name 'Assert' does not exist in the current context
C:\gh\azure-sdk-for-net\sdk\storage\Microsoft.Azure.WebJobs.Extensions.Storage.Scenario.Tests\tests\EventGridBlobTriggerEndToEndTests.cs(80,28): error CS0246: The type or namespace name 'HostBuilder' could not be found (are you missing a using directive or an assembly reference?)
C:\gh\azure-sdk-for-net\sdk\storage\Microsoft.Azure.WebJobs.Extensions.Storage.Scenario.Tests\tests\EventGridBlobTriggerEndToEndTests.cs(86,38): error CS0246: The type or namespace name 'BlobServiceClient' could not be found (are you missing a using directive or an assembly reference?)
C:\gh\azure-sdk-for-net\sdk\storage\Microsoft.Azure.WebJobs.Extensions.Storage.Scenario.Tests\tests\EventGridBlobTriggerEndToEndTests.cs(87,52): error CS0246: The type or namespace name 'INameResolver' could not be found (are you missing a using directive or an assembly reference?)
C:\gh\azure-sdk-for-net\sdk\storage\Microsoft.Azure.WebJobs.Extensions.Storage.Scenario.Tests\tests\EventGridBlobTriggerEndToEndTests.cs(89,13): error CS0103: The name 'Assert' does not exist in the current context
C:\gh\azure-sdk-for-net\sdk\storage\Microsoft.Azure.WebJobs.Extensions.Storage.Scenario.Tests\tests\ScenarioTests.cs(46,19): error CS0012: The type 'BlockBlobClient' is defined in an assembly that is not referenced. You must add a reference to assembly 'Azure.Storage.Blobs, Version=12.9.0.0, Culture=neutral, PublicKeyToken=92742159e12e44c8'.
C:\gh\azure-sdk-for-net\sdk\storage\Microsoft.Azure.WebJobs.Extensions.Storage.Scenario.Tests\tests\ScenarioTests.cs(46,19): error CS0012: The type 'AppendBlobClient' is defined in an assembly that is not referenced. You must add a reference to assembly 'Azure.Storage.Blobs, Version=12.9.0.0, Culture=neutral, PublicKeyToken=92742159e12e44c8'.
C:\gh\azure-sdk-for-net\sdk\storage\Microsoft.Azure.WebJobs.Extensions.Storage.Scenario.Tests\tests\ScenarioTests.cs(54,36): error CS0012: The type 'BlobBaseClient' is defined in an assembly that is not referenced. You must add a reference to assembly 'Azure.Storage.Blobs, Version=12.9.0.0, Culture=neutral, PublicKeyToken=92742159e12e44c8'.
C:\gh\azure-sdk-for-net\sdk\storage\Microsoft.Azure.WebJobs.Extensions.Storage.Scenario.Tests\tests\ScenarioTests.cs(55,13): error CS0103: The name 'Assert' does not exist in the current context
C:\gh\azure-sdk-for-net\sdk\storage\Microsoft.Azure.WebJobs.Extensions.Storage.Scenario.Tests\tests\MultipleStorageAccountsEndToEndTests.cs(50,13): error CS0246: The type or namespace name 'BlockBlobClient' could not be found (are you missing a using directive or an assembly reference?)
C:\gh\azure-sdk-for-net\sdk\storage\Microsoft.Azure.WebJobs.Extensions.Storage.Scenario.Tests\tests\MultipleStorageAccountsEndToEndTests.cs(64,33): error CS0012: The type 'BlobBaseClient' is defined in an assembly that is not referenced. You must add a reference to assembly 'Azure.Storage.Blobs, Version=12.9.0.0, Culture=neutral, PublicKeyToken=92742159e12e44c8'.
C:\gh\azure-sdk-for-net\sdk\storage\Microsoft.Azure.WebJobs.Extensions.Storage.Scenario.Tests\tests\MultipleStorageAccountsEndToEndTests.cs(65,13): error CS0103: The name 'Assert' does not exist in the current context
C:\gh\azure-sdk-for-net\sdk\storage\Microsoft.Azure.WebJobs.Extensions.Storage.Scenario.Tests\tests\MultipleStorageAccountsEndToEndTests.cs(66,13): error CS0103: The name 'Assert' does not exist in the current context
C:\gh\azure-sdk-for-net\sdk\storage\Microsoft.Azure.WebJobs.Extensions.Storage.Scenario.Tests\tests\BlobBindingEndToEndTests.cs(85,13): error CS0246: The type or namespace name 'BlockBlobClient' could not be found (are you missing a using directive or an assembly reference?)
C:\gh\azure-sdk-for-net\sdk\storage\Microsoft.Azure.WebJobs.Extensions.Storage.Scenario.Tests\tests\BlobBindingEndToEndTests.cs(90,27): error CS0103: The name 'JsonConvert' does not exist in the current context
C:\gh\azure-sdk-for-net\sdk\storage\Microsoft.Azure.WebJobs.Extensions.Storage.Scenario.Tests\tests\BlobBindingEndToEndTests.cs(92,19): error CS0305: Using the generic type 'JobHost<TProgram>' requires 1 type arguments
C:\gh\azure-sdk-for-net\sdk\storage\Microsoft.Azure.WebJobs.Extensions.Storage.Scenario.Tests\tests\BlobBindingEndToEndTests.cs(94,13): error CS0103: The name 'Assert' does not exist in the current context
C:\gh\azure-sdk-for-net\sdk\storage\Microsoft.Azure.WebJobs.Extensions.Storage.Scenario.Tests\tests\ScenarioTests.cs(68,26): error CS0246: The type or namespace name 'IWebJobsBuilder' could not be found (are you missing a using directive or an assembly reference?)
C:\gh\azure-sdk-for-net\sdk\storage\Microsoft.Azure.WebJobs.Extensions.Storage.Scenario.Tests\tests\BlobBindingEndToEndTests.cs(104,27): error CS0103: The name 'JsonConvert' does not exist in the current context
C:\gh\azure-sdk-for-net\sdk\storage\Microsoft.Azure.WebJobs.Extensions.Storage.Scenario.Tests\tests\BlobBindingEndToEndTests.cs(106,22): error CS0103: The name 'Assert' does not exist in the current context
C:\gh\azure-sdk-for-net\sdk\storage\Microsoft.Azure.WebJobs.Extensions.Storage.Scenario.Tests\tests\BlobBindingEndToEndTests.cs(106,41): error CS0246: The type or namespace name 'FunctionInvocationException' could not be found (are you missing a using directive or an assembly reference?)
C:\gh\azure-sdk-for-net\sdk\storage\Microsoft.Azure.WebJobs.Extensions.Storage.Scenario.Tests\tests\BlobBindingEndToEndTests.cs(109,13): error CS0103: The name 'Assert' does not exist in the current context
C:\gh\azure-sdk-for-net\sdk\storage\Microsoft.Azure.WebJobs.Extensions.Storage.Scenario.Tests\tests\ScenarioTests.cs(103,17): error CS0103: The name 'Assert' does not exist in the current context
C:\gh\azure-sdk-for-net\sdk\storage\Microsoft.Azure.WebJobs.Extensions.Storage.Scenario.Tests\tests\AzureStorageEndToEndTests.cs(183,13): error CS0246: The type or namespace name 'IHost' could not be found (are you missing a using directive or an assembly reference?)
C:\gh\azure-sdk-for-net\sdk\storage\Microsoft.Azure.WebJobs.Extensions.Storage.Scenario.Tests\tests\AzureStorageEndToEndTests.cs(183,30): error CS0246: The type or namespace name 'HostBuilder' could not be found (are you missing a using directive or an assembly reference?)
C:\gh\azure-sdk-for-net\sdk\storage\Microsoft.Azure.WebJobs.Extensions.Storage.Scenario.Tests\tests\AzureStorageEndToEndTests.cs(201,13): error CS0305: Using the generic type 'JobHost<TProgram>' requires 1 type arguments
C:\gh\azure-sdk-for-net\sdk\storage\Microsoft.Azure.WebJobs.Extensions.Storage.Scenario.Tests\tests\AzureStorageEndToEndTests.cs(201,31): error CS0305: Using the generic type 'JobHost<TProgram>' requires 1 type arguments
C:\gh\azure-sdk-for-net\sdk\storage\Microsoft.Azure.WebJobs.Extensions.Storage.Scenario.Tests\tests\AzureStorageEndToEndTests.cs(201,31): error CS0246: The type or namespace name 'IHost' could not be found (are you missing a using directive or an assembly reference?)
C:\gh\azure-sdk-for-net\sdk\storage\Microsoft.Azure.WebJobs.Extensions.Storage.Scenario.Tests\tests\AzureStorageEndToEndTests.cs(219,13): error CS0103: The name 'Assert' does not exist in the current context
C:\gh\azure-sdk-for-net\sdk\storage\Microsoft.Azure.WebJobs.Extensions.Storage.Scenario.Tests\tests\AzureStorageEndToEndTests.cs(219,156): error CS0246: The type or namespace name 'IHost' could not be found (are you missing a using directive or an assembly reference?)
C:\gh\azure-sdk-for-net\sdk\storage\Microsoft.Azure.WebJobs.Extensions.Storage.Scenario.Tests\tests\AzureStorageEndToEndTests.cs(219,185): error CS0246: The type or namespace name 'ILoggerProvider' could not be found (are you missing a using directive or an assembly reference?)
C:\gh\azure-sdk-for-net\sdk\storage\Microsoft.Azure.WebJobs.Extensions.Storage.Scenario.Tests\tests\BlobTriggerEndToEndTests.cs(64,23): error CS0246: The type or namespace name 'IJobActivator' could not be found (are you missing a using directive or an assembly reference?)
C:\gh\azure-sdk-for-net\sdk\storage\Microsoft.Azure.WebJobs.Extensions.Storage.Scenario.Tests\tests\BlobTriggerEndToEndTests.cs(66,24): error CS0246: The type or namespace name 'HostBuilder' could not be found (are you missing a using directive or an assembly reference?)
C:\gh\azure-sdk-for-net\sdk\storage\Microsoft.Azure.WebJobs.Extensions.Storage.Scenario.Tests\tests\MultipleStorageAccountsEndToEndTests.cs(72,13): error CS0246: The type or namespace name 'BlockBlobClient' could not be found (are you missing a using directive or an assembly reference?)
C:\gh\azure-sdk-for-net\sdk\storage\Microsoft.Azure.WebJobs.Extensions.Storage.Scenario.Tests\tests\MultipleStorageAccountsEndToEndTests.cs(86,33): error CS0012: The type 'BlobBaseClient' is defined in an assembly that is not referenced. You must add a reference to assembly 'Azure.Storage.Blobs, Version=12.9.0.0, Culture=neutral, PublicKeyToken=92742159e12e44c8'.
C:\gh\azure-sdk-for-net\sdk\storage\Microsoft.Azure.WebJobs.Extensions.Storage.Scenario.Tests\tests\MultipleStorageAccountsEndToEndTests.cs(87,13): error CS0103: The name 'Assert' does not exist in the current context
C:\gh\azure-sdk-for-net\sdk\storage\Microsoft.Azure.WebJobs.Extensions.Storage.Scenario.Tests\tests\MultipleStorageAccountsEndToEndTests.cs(88,13): error CS0103: The name 'Assert' does not exist in the current context
C:\gh\azure-sdk-for-net\sdk\storage\Microsoft.Azure.WebJobs.Extensions.Storage.Scenario.Tests\tests\EventGridBlobTriggerEndToEndTests.cs(96,23): error CS0246: The type or namespace name 'IJobActivator' could not be found (are you missing a using directive or an assembly reference?)
C:\gh\azure-sdk-for-net\sdk\storage\Microsoft.Azure.WebJobs.Extensions.Storage.Scenario.Tests\tests\EventGridBlobTriggerEndToEndTests.cs(98,24): error CS0246: The type or namespace name 'HostBuilder' could not be found (are you missing a using directive or an assembly reference?)
C:\gh\azure-sdk-for-net\sdk\storage\Microsoft.Azure.WebJobs.Extensions.Storage.Scenario.Tests\tests\BlobBindingEndToEndTests.cs(121,27): error CS0103: The name 'JsonConvert' does not exist in the current context
C:\gh\azure-sdk-for-net\sdk\storage\Microsoft.Azure.WebJobs.Extensions.Storage.Scenario.Tests\tests\BlobBindingEndToEndTests.cs(123,22): error CS0103: The name 'Assert' does not exist in the current context
C:\gh\azure-sdk-for-net\sdk\storage\Microsoft.Azure.WebJobs.Extensions.Storage.Scenario.Tests\tests\BlobBindingEndToEndTests.cs(123,41): error CS0246: The type or namespace name 'FunctionInvocationException' could not be found (are you missing a using directive or an assembly reference?)
C:\gh\azure-sdk-for-net\sdk\storage\Microsoft.Azure.WebJobs.Extensions.Storage.Scenario.Tests\tests\BlobBindingEndToEndTests.cs(126,13): error CS0103: The name 'Assert' does not exist in the current context
C:\gh\azure-sdk-for-net\sdk\storage\Microsoft.Azure.WebJobs.Extensions.Storage.Scenario.Tests\tests\EventGridBlobTriggerEndToEndTests.cs(121,17): error CS0103: The name 'Assert' does not exist in the current context
C:\gh\azure-sdk-for-net\sdk\storage\Microsoft.Azure.WebJobs.Extensions.Storage.Scenario.Tests\tests\BlobBindingEndToEndTests.cs(132,19): error CS0305: Using the generic type 'JobHost<TProgram>' requires 1 type arguments
C:\gh\azure-sdk-for-net\sdk\storage\Microsoft.Azure.WebJobs.Extensions.Storage.Scenario.Tests\tests\BlobBindingEndToEndTests.cs(134,13): error CS0103: The name 'Assert' does not exist in the current context
C:\gh\azure-sdk-for-net\sdk\storage\Microsoft.Azure.WebJobs.Extensions.Storage.Scenario.Tests\tests\MultipleStorageAccountsEndToEndTests.cs(94,13): error CS0246: The type or namespace name 'QueueMessage' could not be found (are you missing a using directive or an assembly reference?)
C:\gh\azure-sdk-for-net\sdk\storage\Microsoft.Azure.WebJobs.Extensions.Storage.Scenario.Tests\tests\MultipleStorageAccountsEndToEndTests.cs(102,13): error CS0103: The name 'Assert' does not exist in the current context
C:\gh\azure-sdk-for-net\sdk\storage\Microsoft.Azure.WebJobs.Extensions.Storage.Scenario.Tests\tests\BlobBindingEndToEndTests.cs(140,19): error CS0305: Using the generic type 'JobHost<TProgram>' requires 1 type arguments
C:\gh\azure-sdk-for-net\sdk\storage\Microsoft.Azure.WebJobs.Extensions.Storage.Scenario.Tests\tests\BlobBindingEndToEndTests.cs(142,13): error CS0103: The name 'Assert' does not exist in the current context
C:\gh\azure-sdk-for-net\sdk\storage\Microsoft.Azure.WebJobs.Extensions.Storage.Scenario.Tests\tests\BlobBindingEndToEndTests.cs(148,19): error CS0305: Using the generic type 'JobHost<TProgram>' requires 1 type arguments
C:\gh\azure-sdk-for-net\sdk\storage\Microsoft.Azure.WebJobs.Extensions.Storage.Scenario.Tests\tests\BlobBindingEndToEndTests.cs(150,13): error CS0103: The name 'Assert' does not exist in the current context
C:\gh\azure-sdk-for-net\sdk\storage\Microsoft.Azure.WebJobs.Extensions.Storage.Scenario.Tests\tests\BlobBindingEndToEndTests.cs(156,19): error CS0305: Using the generic type 'JobHost<TProgram>' requires 1 type arguments
C:\gh\azure-sdk-for-net\sdk\storage\Microsoft.Azure.WebJobs.Extensions.Storage.Scenario.Tests\tests\BlobBindingEndToEndTests.cs(158,13): error CS0103: The name 'Assert' does not exist in the current context
C:\gh\azure-sdk-for-net\sdk\storage\Microsoft.Azure.WebJobs.Extensions.Storage.Scenario.Tests\tests\BlobBindingEndToEndTests.cs(169,27): error CS0103: The name 'JsonConvert' does not exist in the current context
C:\gh\azure-sdk-for-net\sdk\storage\Microsoft.Azure.WebJobs.Extensions.Storage.Scenario.Tests\tests\BlobBindingEndToEndTests.cs(172,19): error CS0305: Using the generic type 'JobHost<TProgram>' requires 1 type arguments
C:\gh\azure-sdk-for-net\sdk\storage\Microsoft.Azure.WebJobs.Extensions.Storage.Scenario.Tests\tests\BlobBindingEndToEndTests.cs(174,13): error CS0103: The name 'Assert' does not exist in the current context
C:\gh\azure-sdk-for-net\sdk\storage\Microsoft.Azure.WebJobs.Extensions.Storage.Scenario.Tests\tests\BlobTriggerEndToEndTests.cs(182,34): error CS0246: The type or namespace name 'BlobServiceClient' could not be found (are you missing a using directive or an assembly reference?)
C:\gh\azure-sdk-for-net\sdk\storage\Microsoft.Azure.WebJobs.Extensions.Storage.Scenario.Tests\tests\BlobTriggerEndToEndTests.cs(183,47): error CS0246: The type or namespace name 'INameResolver' could not be found (are you missing a using directive or an assembly reference?)
C:\gh\azure-sdk-for-net\sdk\storage\Microsoft.Azure.WebJobs.Extensions.Storage.Scenario.Tests\tests\BlobTriggerEndToEndTests.cs(189,19): error CS0012: The type 'BlockBlobClient' is defined in an assembly that is not referenced. You must add a reference to assembly 'Azure.Storage.Blobs, Version=12.9.0.0, Culture=neutral, PublicKeyToken=92742159e12e44c8'.
C:\gh\azure-sdk-for-net\sdk\storage\Microsoft.Azure.WebJobs.Extensions.Storage.Scenario.Tests\tests\BlobTriggerEndToEndTests.cs(189,19): error CS0012: The type 'AppendBlobClient' is defined in an assembly that is not referenced. You must add a reference to assembly 'Azure.Storage.Blobs, Version=12.9.0.0, Culture=neutral, PublicKeyToken=92742159e12e44c8'.
C:\gh\azure-sdk-for-net\sdk\storage\Microsoft.Azure.WebJobs.Extensions.Storage.Scenario.Tests\tests\EventGridBlobTriggerEndToEndTests.cs(129,19): error CS0012: The type 'BlockBlobClient' is defined in an assembly that is not referenced. You must add a reference to assembly 'Azure.Storage.Blobs, Version=12.9.0.0, Culture=neutral, PublicKeyToken=92742159e12e44c8'.
C:\gh\azure-sdk-for-net\sdk\storage\Microsoft.Azure.WebJobs.Extensions.Storage.Scenario.Tests\tests\EventGridBlobTriggerEndToEndTests.cs(129,19): error CS0012: The type 'AppendBlobClient' is defined in an assembly that is not referenced. You must add a reference to assembly 'Azure.Storage.Blobs, Version=12.9.0.0, Culture=neutral, PublicKeyToken=92742159e12e44c8'.
C:\gh\azure-sdk-for-net\sdk\storage\Microsoft.Azure.WebJobs.Extensions.Storage.Scenario.Tests\tests\EventGridBlobTriggerEndToEndTests.cs(139,17): error CS0103: The name 'Assert' does not exist in the current context
C:\gh\azure-sdk-for-net\sdk\storage\Microsoft.Azure.WebJobs.Extensions.Storage.Scenario.Tests\tests\EventGridBlobTriggerEndToEndTests.cs(140,17): error CS0103: The name 'Assert' does not exist in the current context
C:\gh\azure-sdk-for-net\sdk\storage\Microsoft.Azure.WebJobs.Extensions.Storage.Scenario.Tests\tests\BlobBindingEndToEndTests.cs(180,19): error CS0305: Using the generic type 'JobHost<TProgram>' requires 1 type arguments
C:\gh\azure-sdk-for-net\sdk\storage\Microsoft.Azure.WebJobs.Extensions.Storage.Scenario.Tests\tests\BlobBindingEndToEndTests.cs(182,13): error CS0103: The name 'Assert' does not exist in the current context
C:\gh\azure-sdk-for-net\sdk\storage\Microsoft.Azure.WebJobs.Extensions.Storage.Scenario.Tests\tests\BlobBindingEndToEndTests.cs(188,19): error CS0305: Using the generic type 'JobHost<TProgram>' requires 1 type arguments
C:\gh\azure-sdk-for-net\sdk\storage\Microsoft.Azure.WebJobs.Extensions.Storage.Scenario.Tests\tests\BlobBindingEndToEndTests.cs(190,13): error CS0103: The name 'Assert' does not exist in the current context
C:\gh\azure-sdk-for-net\sdk\storage\Microsoft.Azure.WebJobs.Extensions.Storage.Scenario.Tests\tests\MultipleStorageAccountsEndToEndTests.cs(111,13): error CS0246: The type or namespace name 'JObject' could not be found (are you missing a using directive or an assembly reference?)
C:\gh\azure-sdk-for-net\sdk\storage\Microsoft.Azure.WebJobs.Extensions.Storage.Scenario.Tests\tests\MultipleStorageAccountsEndToEndTests.cs(111,35): error CS0246: The type or namespace name 'JObject' could not be found (are you missing a using directive or an assembly reference?)
C:\gh\azure-sdk-for-net\sdk\storage\Microsoft.Azure.WebJobs.Extensions.Storage.Scenario.Tests\tests\MultipleStorageAccountsEndToEndTests.cs(116,19): error CS0305: Using the generic type 'JobHost<TProgram>' requires 1 type arguments
C:\gh\azure-sdk-for-net\sdk\storage\Microsoft.Azure.WebJobs.Extensions.Storage.Scenario.Tests\tests\MultipleStorageAccountsEndToEndTests.cs(131,13): error CS0103: The name 'Assert' does not exist in the current context
C:\gh\azure-sdk-for-net\sdk\storage\Microsoft.Azure.WebJobs.Extensions.Storage.Scenario.Tests\tests\BlobBindingEndToEndTests.cs(196,19): error CS0305: Using the generic type 'JobHost<TProgram>' requires 1 type arguments
C:\gh\azure-sdk-for-net\sdk\storage\Microsoft.Azure.WebJobs.Extensions.Storage.Scenario.Tests\tests\BlobBindingEndToEndTests.cs(198,13): error CS0103: The name 'Assert' does not exist in the current context
C:\gh\azure-sdk-for-net\sdk\storage\Microsoft.Azure.WebJobs.Extensions.Storage.Scenario.Tests\tests\BlobBindingEndToEndTests.cs(204,19): error CS0305: Using the generic type 'JobHost<TProgram>' requires 1 type arguments
C:\gh\azure-sdk-for-net\sdk\storage\Microsoft.Azure.WebJobs.Extensions.Storage.Scenario.Tests\tests\BlobBindingEndToEndTests.cs(206,13): error CS0103: The name 'Assert' does not exist in the current context
C:\gh\azure-sdk-for-net\sdk\storage\Microsoft.Azure.WebJobs.Extensions.Storage.Scenario.Tests\tests\BlobBindingEndToEndTests.cs(212,19): error CS0305: Using the generic type 'JobHost<TProgram>' requires 1 type arguments
C:\gh\azure-sdk-for-net\sdk\storage\Microsoft.Azure.WebJobs.Extensions.Storage.Scenario.Tests\tests\BlobBindingEndToEndTests.cs(214,13): error CS0103: The name 'Assert' does not exist in the current context
C:\gh\azure-sdk-for-net\sdk\storage\Microsoft.Azure.WebJobs.Extensions.Storage.Scenario.Tests\tests\BlobBindingEndToEndTests.cs(220,19): error CS0305: Using the generic type 'JobHost<TProgram>' requires 1 type arguments
C:\gh\azure-sdk-for-net\sdk\storage\Microsoft.Azure.WebJobs.Extensions.Storage.Scenario.Tests\tests\BlobBindingEndToEndTests.cs(222,13): error CS0103: The name 'Assert' does not exist in the current context
C:\gh\azure-sdk-for-net\sdk\storage\Microsoft.Azure.WebJobs.Extensions.Storage.Scenario.Tests\tests\MultipleStorageAccountsEndToEndTests.cs(137,13): error CS0246: The type or namespace name 'QueueMessage' could not be found (are you missing a using directive or an assembly reference?)
C:\gh\azure-sdk-for-net\sdk\storage\Microsoft.Azure.WebJobs.Extensions.Storage.Scenario.Tests\tests\MultipleStorageAccountsEndToEndTests.cs(145,13): error CS0103: The name 'Assert' does not exist in the current context
C:\gh\azure-sdk-for-net\sdk\storage\Microsoft.Azure.WebJobs.Extensions.Storage.Scenario.Tests\tests\BlobBindingEndToEndTests.cs(228,19): error CS0305: Using the generic type 'JobHost<TProgram>' requires 1 type arguments
C:\gh\azure-sdk-for-net\sdk\storage\Microsoft.Azure.WebJobs.Extensions.Storage.Scenario.Tests\tests\BlobBindingEndToEndTests.cs(230,13): error CS0103: The name 'Assert' does not exist in the current context
C:\gh\azure-sdk-for-net\sdk\storage\Microsoft.Azure.WebJobs.Extensions.Storage.Scenario.Tests\tests\EventGridBlobTriggerEndToEndTests.cs(154,27): error CS0246: The type or namespace name 'IHost' could not be found (are you missing a using directive or an assembly reference?)
C:\gh\azure-sdk-for-net\sdk\storage\Microsoft.Azure.WebJobs.Extensions.Storage.Scenario.Tests\tests\EventGridBlobTriggerEndToEndTests.cs(154,56): error CS0246: The type or namespace name 'ILoggerProvider' could not be found (are you missing a using directive or an assembly reference?)
C:\gh\azure-sdk-for-net\sdk\storage\Microsoft.Azure.WebJobs.Extensions.Storage.Scenario.Tests\tests\EventGridBlobTriggerEndToEndTests.cs(155,44): error CS0122: 'LogLevel' is inaccessible due to its protection level
C:\gh\azure-sdk-for-net\sdk\storage\Microsoft.Azure.WebJobs.Extensions.Storage.Scenario.Tests\tests\EventGridBlobTriggerEndToEndTests.cs(155,53): error CS0234: The type or namespace name 'Logging' does not exist in the namespace 'Microsoft.Extensions' (are you missing an assembly reference?)
C:\gh\azure-sdk-for-net\sdk\storage\Microsoft.Azure.WebJobs.Extensions.Storage.Scenario.Tests\tests\EventGridBlobTriggerEndToEndTests.cs(156,17): error CS0103: The name 'Assert' does not exist in the current context
C:\gh\azure-sdk-for-net\sdk\storage\Microsoft.Azure.WebJobs.Extensions.Storage.Scenario.Tests\tests\MultipleStorageAccountsEndToEndTests.cs(200,29): error CS0246: The type or namespace name 'INameResolver' could not be found (are you missing a using directive or an assembly reference?)
C:\gh\azure-sdk-for-net\sdk\storage\Microsoft.Azure.WebJobs.Extensions.Storage.Scenario.Tests\tests\BlobBindingEndToEndTests.cs(236,19): error CS0305: Using the generic type 'JobHost<TProgram>' requires 1 type arguments
C:\gh\azure-sdk-for-net\sdk\storage\Microsoft.Azure.WebJobs.Extensions.Storage.Scenario.Tests\tests\BlobBindingEndToEndTests.cs(238,13): error CS0103: The name 'Assert' does not exist in the current context
C:\gh\azure-sdk-for-net\sdk\storage\Microsoft.Azure.WebJobs.Extensions.Storage.Scenario.Tests\tests\BlobBindingEndToEndTests.cs(246,19): error CS0305: Using the generic type 'JobHost<TProgram>' requires 1 type arguments
C:\gh\azure-sdk-for-net\sdk\storage\Microsoft.Azure.WebJobs.Extensions.Storage.Scenario.Tests\tests\BlobBindingEndToEndTests.cs(248,13): error CS0103: The name 'Assert' does not exist in the current context
C:\gh\azure-sdk-for-net\sdk\storage\Microsoft.Azure.WebJobs.Extensions.Storage.Scenario.Tests\tests\BlobBindingEndToEndTests.cs(256,19): error CS0305: Using the generic type 'JobHost<TProgram>' requires 1 type arguments
C:\gh\azure-sdk-for-net\sdk\storage\Microsoft.Azure.WebJobs.Extensions.Storage.Scenario.Tests\tests\BlobBindingEndToEndTests.cs(258,13): error CS0103: The name 'Assert' does not exist in the current context
C:\gh\azure-sdk-for-net\sdk\storage\Microsoft.Azure.WebJobs.Extensions.Storage.Scenario.Tests\tests\EventGridBlobTriggerEndToEndTests.cs(162,78): error CS0246: The type or namespace name 'IExtensionConfigProvider' could not be found (are you missing a using directive or an assembly reference?)
C:\gh\azure-sdk-for-net\sdk\storage\Microsoft.Azure.WebJobs.Extensions.Storage.Scenario.Tests\tests\EventGridBlobTriggerEndToEndTests.cs(165,58): error CS0246: The type or namespace name 'IAsyncConverter<,>' could not be found (are you missing a using directive or an assembly reference?)
C:\gh\azure-sdk-for-net\sdk\storage\Microsoft.Azure.WebJobs.Extensions.Storage.Scenario.Tests\tests\BlobBindingEndToEndTests.cs(265,13): error CS0103: The name 'Assert' does not exist in the current context
C:\gh\azure-sdk-for-net\sdk\storage\Microsoft.Azure.WebJobs.Extensions.Storage.Scenario.Tests\tests\BlobBindingEndToEndTests.cs(265,45): error CS0012: The type 'BlobBaseClient' is defined in an assembly that is not referenced. You must add a reference to assembly 'Azure.Storage.Blobs, Version=12.9.0.0, Culture=neutral, PublicKeyToken=92742159e12e44c8'.
C:\gh\azure-sdk-for-net\sdk\storage\Microsoft.Azure.WebJobs.Extensions.Storage.Scenario.Tests\tests\BlobBindingEndToEndTests.cs(266,19): error CS0305: Using the generic type 'JobHost<TProgram>' requires 1 type arguments
C:\gh\azure-sdk-for-net\sdk\storage\Microsoft.Azure.WebJobs.Extensions.Storage.Scenario.Tests\tests\BlobBindingEndToEndTests.cs(272,13): error CS0103: The name 'Assert' does not exist in the current context
C:\gh\azure-sdk-for-net\sdk\storage\Microsoft.Azure.WebJobs.Extensions.Storage.Scenario.Tests\tests\BlobBindingEndToEndTests.cs(273,19): error CS0012: The type 'BlockBlobClient' is defined in an assembly that is not referenced. You must add a reference to assembly 'Azure.Storage.Blobs, Version=12.9.0.0, Culture=neutral, PublicKeyToken=92742159e12e44c8'.
C:\gh\azure-sdk-for-net\sdk\storage\Microsoft.Azure.WebJobs.Extensions.Storage.Scenario.Tests\tests\BlobBindingEndToEndTests.cs(273,19): error CS0012: The type 'AppendBlobClient' is defined in an assembly that is not referenced. You must add a reference to assembly 'Azure.Storage.Blobs, Version=12.9.0.0, Culture=neutral, PublicKeyToken=92742159e12e44c8'.
C:\gh\azure-sdk-for-net\sdk\storage\Microsoft.Azure.WebJobs.Extensions.Storage.Scenario.Tests\tests\BlobBindingEndToEndTests.cs(280,22): error CS0103: The name 'Assert' does not exist in the current context
C:\gh\azure-sdk-for-net\sdk\storage\Microsoft.Azure.WebJobs.Extensions.Storage.Scenario.Tests\tests\BlobBindingEndToEndTests.cs(280,41): error CS0246: The type or namespace name 'FunctionInvocationException' could not be found (are you missing a using directive or an assembly reference?)
C:\gh\azure-sdk-for-net\sdk\storage\Microsoft.Azure.WebJobs.Extensions.Storage.Scenario.Tests\tests\BlobBindingEndToEndTests.cs(284,13): error CS0103: The name 'Assert' does not exist in the current context
C:\gh\azure-sdk-for-net\sdk\storage\Microsoft.Azure.WebJobs.Extensions.Storage.Scenario.Tests\tests\BlobTriggerEndToEndTests.cs(217,19): error CS0012: The type 'BlockBlobClient' is defined in an assembly that is not referenced. You must add a reference to assembly 'Azure.Storage.Blobs, Version=12.9.0.0, Culture=neutral, PublicKeyToken=92742159e12e44c8'.
C:\gh\azure-sdk-for-net\sdk\storage\Microsoft.Azure.WebJobs.Extensions.Storage.Scenario.Tests\tests\BlobTriggerEndToEndTests.cs(217,19): error CS0012: The type 'AppendBlobClient' is defined in an assembly that is not referenced. You must add a reference to assembly 'Azure.Storage.Blobs, Version=12.9.0.0, Culture=neutral, PublicKeyToken=92742159e12e44c8'.
C:\gh\azure-sdk-for-net\sdk\storage\Microsoft.Azure.WebJobs.Extensions.Storage.Scenario.Tests\tests\BlobTriggerEndToEndTests.cs(234,17): error CS0103: The name 'Assert' does not exist in the current context
C:\gh\azure-sdk-for-net\sdk\storage\Microsoft.Azure.WebJobs.Extensions.Storage.Scenario.Tests\tests\BlobTriggerEndToEndTests.cs(238,17): error CS0103: The name 'Assert' does not exist in the current context
C:\gh\azure-sdk-for-net\sdk\storage\Microsoft.Azure.WebJobs.Extensions.Storage.Scenario.Tests\tests\BlobTriggerEndToEndTests.cs(240,46): error CS0246: The type or namespace name 'IHost' could not be found (are you missing a using directive or an assembly reference?)
C:\gh\azure-sdk-for-net\sdk\storage\Microsoft.Azure.WebJobs.Extensions.Storage.Scenario.Tests\tests\BlobTriggerEndToEndTests.cs(240,75): error CS0246: The type or namespace name 'ILoggerProvider' could not be found (are you missing a using directive or an assembly reference?)
C:\gh\azure-sdk-for-net\sdk\storage\Microsoft.Azure.WebJobs.Extensions.Storage.Scenario.Tests\tests\BlobTriggerEndToEndTests.cs(246,17): error CS0103: The name 'Assert' does not exist in the current context
C:\gh\azure-sdk-for-net\sdk\storage\Microsoft.Azure.WebJobs.Extensions.Storage.Scenario.Tests\tests\BlobTriggerEndToEndTests.cs(247,17): error CS0103: The name 'StringAssert' does not exist in the current context
C:\gh\azure-sdk-for-net\sdk\storage\Microsoft.Azure.WebJobs.Extensions.Storage.Scenario.Tests\tests\BlobTriggerEndToEndTests.cs(252,17): error CS0103: The name 'Assert' does not exist in the current context
C:\gh\azure-sdk-for-net\sdk\storage\Microsoft.Azure.WebJobs.Extensions.Storage.Scenario.Tests\tests\BlobTriggerEndToEndTests.cs(255,13): error CS0103: The name 'Assert' does not exist in the current context
C:\gh\azure-sdk-for-net\sdk\storage\Microsoft.Azure.WebJobs.Extensions.Storage.Scenario.Tests\tests\BlobBindingEndToEndTests.cs(291,13): error CS0103: The name 'Assert' does not exist in the current context
C:\gh\azure-sdk-for-net\sdk\storage\Microsoft.Azure.WebJobs.Extensions.Storage.Scenario.Tests\tests\BlobBindingEndToEndTests.cs(291,45): error CS0012: The type 'BlobBaseClient' is defined in an assembly that is not referenced. You must add a reference to assembly 'Azure.Storage.Blobs, Version=12.9.0.0, Culture=neutral, PublicKeyToken=92742159e12e44c8'.
C:\gh\azure-sdk-for-net\sdk\storage\Microsoft.Azure.WebJobs.Extensions.Storage.Scenario.Tests\tests\BlobBindingEndToEndTests.cs(292,19): error CS0305: Using the generic type 'JobHost<TProgram>' requires 1 type arguments
C:\gh\azure-sdk-for-net\sdk\storage\Microsoft.Azure.WebJobs.Extensions.Storage.Scenario.Tests\tests\BlobBindingEndToEndTests.cs(299,13): error CS0103: The name 'Assert' does not exist in the current context
C:\gh\azure-sdk-for-net\sdk\storage\Microsoft.Azure.WebJobs.Extensions.Storage.Scenario.Tests\tests\BlobBindingEndToEndTests.cs(300,19): error CS0012: The type 'BlockBlobClient' is defined in an assembly that is not referenced. You must add a reference to assembly 'Azure.Storage.Blobs, Version=12.9.0.0, Culture=neutral, PublicKeyToken=92742159e12e44c8'.
C:\gh\azure-sdk-for-net\sdk\storage\Microsoft.Azure.WebJobs.Extensions.Storage.Scenario.Tests\tests\BlobBindingEndToEndTests.cs(300,19): error CS0012: The type 'AppendBlobClient' is defined in an assembly that is not referenced. You must add a reference to assembly 'Azure.Storage.Blobs, Version=12.9.0.0, Culture=neutral, PublicKeyToken=92742159e12e44c8'.
C:\gh\azure-sdk-for-net\sdk\storage\Microsoft.Azure.WebJobs.Extensions.Storage.Scenario.Tests\tests\MultipleStorageAccountsEndToEndTests.cs(210,28): error CS0246: The type or namespace name 'HostBuilder' could not be found (are you missing a using directive or an assembly reference?)
C:\gh\azure-sdk-for-net\sdk\storage\Microsoft.Azure.WebJobs.Extensions.Storage.Scenario.Tests\tests\MultipleStorageAccountsEndToEndTests.cs(221,42): error CS0246: The type or namespace name 'BlobServiceClient' could not be found (are you missing a using directive or an assembly reference?)
C:\gh\azure-sdk-for-net\sdk\storage\Microsoft.Azure.WebJobs.Extensions.Storage.Scenario.Tests\tests\MultipleStorageAccountsEndToEndTests.cs(222,42): error CS0246: The type or namespace name 'BlobServiceClient' could not be found (are you missing a using directive or an assembly reference?)
C:\gh\azure-sdk-for-net\sdk\storage\Microsoft.Azure.WebJobs.Extensions.Storage.Scenario.Tests\tests\MultipleStorageAccountsEndToEndTests.cs(223,40): error CS0246: The type or namespace name 'QueueClientOptions' could not be found (are you missing a using directive or an assembly reference?)
C:\gh\azure-sdk-for-net\sdk\storage\Microsoft.Azure.WebJobs.Extensions.Storage.Scenario.Tests\tests\MultipleStorageAccountsEndToEndTests.cs(223,81): error CS0103: The name 'QueueMessageEncoding' does not exist in the current context
C:\gh\azure-sdk-for-net\sdk\storage\Microsoft.Azure.WebJobs.Extensions.Storage.Scenario.Tests\tests\MultipleStorageAccountsEndToEndTests.cs(224,43): error CS0246: The type or namespace name 'QueueServiceClient' could not be found (are you missing a using directive or an assembly reference?)
C:\gh\azure-sdk-for-net\sdk\storage\Microsoft.Azure.WebJobs.Extensions.Storage.Scenario.Tests\tests\MultipleStorageAccountsEndToEndTests.cs(225,43): error CS0246: The type or namespace name 'QueueServiceClient' could not be found (are you missing a using directive or an assembly reference?)
C:\gh\azure-sdk-for-net\sdk\storage\Microsoft.Azure.WebJobs.Extensions.Storage.Scenario.Tests\tests\MultipleStorageAccountsEndToEndTests.cs(229,49): error CS0246: The type or namespace name 'INameResolver' could not be found (are you missing a using directive or an assembly reference?)
C:\gh\azure-sdk-for-net\sdk\storage\Microsoft.Azure.WebJobs.Extensions.Storage.Scenario.Tests\tests\MultipleStorageAccountsEndToEndTests.cs(232,50): error CS0246: The type or namespace name 'INameResolver' could not be found (are you missing a using directive or an assembly reference?)
C:\gh\azure-sdk-for-net\sdk\storage\Microsoft.Azure.WebJobs.Extensions.Storage.Scenario.Tests\tests\MultipleStorageAccountsEndToEndTests.cs(232,50): error CS1061: 'RandomNameResolver' does not contain a definition for 'ResolveWholeString' and no accessible extension method 'ResolveWholeString' accepting a first argument of type 'RandomNameResolver' could be found (are you missing a using directive or an assembly reference?)
C:\gh\azure-sdk-for-net\sdk\storage\Microsoft.Azure.WebJobs.Extensions.Storage.Scenario.Tests\tests\MultipleStorageAccountsEndToEndTests.cs(251,55): error CS0246: The type or namespace name 'INameResolver' could not be found (are you missing a using directive or an assembly reference?)
C:\gh\azure-sdk-for-net\sdk\storage\Microsoft.Azure.WebJobs.Extensions.Storage.Scenario.Tests\tests\MultipleStorageAccountsEndToEndTests.cs(251,55): error CS1061: 'RandomNameResolver' does not contain a definition for 'ResolveWholeString' and no accessible extension method 'ResolveWholeString' accepting a first argument of type 'RandomNameResolver' could be found (are you missing a using directive or an assembly reference?)
C:\gh\azure-sdk-for-net\sdk\storage\Microsoft.Azure.WebJobs.Extensions.Storage.Scenario.Tests\tests\MultipleStorageAccountsEndToEndTests.cs(254,17): error CS0246: The type or namespace name 'BlockBlobClient' could not be found (are you missing a using directive or an assembly reference?)
C:\gh\azure-sdk-for-net\sdk\storage\Microsoft.Azure.WebJobs.Extensions.Storage.Scenario.Tests\tests\MultipleStorageAccountsEndToEndTests.cs(255,23): error CS0012: The type 'BlockBlobClient' is defined in an assembly that is not referenced. You must add a reference to assembly 'Azure.Storage.Blobs, Version=12.9.0.0, Culture=neutral, PublicKeyToken=92742159e12e44c8'.
C:\gh\azure-sdk-for-net\sdk\storage\Microsoft.Azure.WebJobs.Extensions.Storage.Scenario.Tests\tests\MultipleStorageAccountsEndToEndTests.cs(255,23): error CS0012: The type 'AppendBlobClient' is defined in an assembly that is not referenced. You must add a reference to assembly 'Azure.Storage.Blobs, Version=12.9.0.0, Culture=neutral, PublicKeyToken=92742159e12e44c8'.
C:\gh\azure-sdk-for-net\sdk\storage\Microsoft.Azure.WebJobs.Extensions.Storage.Scenario.Tests\tests\MultipleStorageAccountsEndToEndTests.cs(257,23): error CS0012: The type 'BlockBlobClient' is defined in an assembly that is not referenced. You must add a reference to assembly 'Azure.Storage.Blobs, Version=12.9.0.0, Culture=neutral, PublicKeyToken=92742159e12e44c8'.
C:\gh\azure-sdk-for-net\sdk\storage\Microsoft.Azure.WebJobs.Extensions.Storage.Scenario.Tests\tests\MultipleStorageAccountsEndToEndTests.cs(257,23): error CS0012: The type 'AppendBlobClient' is defined in an assembly that is not referenced. You must add a reference to assembly 'Azure.Storage.Blobs, Version=12.9.0.0, Culture=neutral, PublicKeyToken=92742159e12e44c8'.
C:\gh\azure-sdk-for-net\sdk\storage\Microsoft.Azure.WebJobs.Extensions.Storage.Scenario.Tests\tests\MultipleStorageAccountsEndToEndTests.cs(266,39): error CS0305: Using the generic type 'JobHost<TProgram>' requires 1 type arguments
C:\gh\azure-sdk-for-net\sdk\storage\Microsoft.Azure.WebJobs.Extensions.Storage.Scenario.Tests\tests\MultipleStorageAccountsEndToEndTests.cs(266,39): error CS0246: The type or namespace name 'IHost' could not be found (are you missing a using directive or an assembly reference?)
C:\gh\azure-sdk-for-net\sdk\storage\Microsoft.Azure.WebJobs.Extensions.Storage.Scenario.Tests\tests\AzureStorageEndToEndTests.cs(235,13): error CS0246: The type or namespace name 'IHost' could not be found (are you missing a using directive or an assembly reference?)
C:\gh\azure-sdk-for-net\sdk\storage\Microsoft.Azure.WebJobs.Extensions.Storage.Scenario.Tests\tests\AzureStorageEndToEndTests.cs(235,30): error CS0246: The type or namespace name 'HostBuilder' could not be found (are you missing a using directive or an assembly reference?)
C:\gh\azure-sdk-for-net\sdk\storage\Microsoft.Azure.WebJobs.Extensions.Storage.Scenario.Tests\tests\AzureStorageEndToEndTests.cs(248,49): error CS0246: The type or namespace name 'IHost' could not be found (are you missing a using directive or an assembly reference?)
C:\gh\azure-sdk-for-net\sdk\storage\Microsoft.Azure.WebJobs.Extensions.Storage.Scenario.Tests\tests\AzureStorageEndToEndTests.cs(259,70): error CS0246: The type or namespace name 'INameResolver' could not be found (are you missing a using directive or an assembly reference?)
C:\gh\azure-sdk-for-net\sdk\storage\Microsoft.Azure.WebJobs.Extensions.Storage.Scenario.Tests\tests\AzureStorageEndToEndTests.cs(264,76): error CS0246: The type or namespace name 'INameResolver' could not be found (are you missing a using directive or an assembly reference?)
C:\gh\azure-sdk-for-net\sdk\storage\Microsoft.Azure.WebJobs.Extensions.Storage.Scenario.Tests\tests\AzureStorageEndToEndTests.cs(269,13): error CS0246: The type or namespace name 'QueueMessage' could not be found (are you missing a using directive or an assembly reference?)
C:\gh\azure-sdk-for-net\sdk\storage\Microsoft.Azure.WebJobs.Extensions.Storage.Scenario.Tests\tests\AzureStorageEndToEndTests.cs(285,83): error CS0246: The type or namespace name 'INameResolver' could not be found (are you missing a using directive or an assembly reference?)
C:\gh\azure-sdk-for-net\sdk\storage\Microsoft.Azure.WebJobs.Extensions.Storage.Scenario.Tests\tests\AzureStorageEndToEndTests.cs(287,25): error CS0246: The type or namespace name 'RequestFailedException' could not be found (are you missing a using directive or an assembly reference?)
C:\gh\azure-sdk-for-net\sdk\storage\Microsoft.Azure.WebJobs.Extensions.Storage.Scenario.Tests\tests\AzureStorageEndToEndTests.cs(287,53): error CS0103: The name 'Assert' does not exist in the current context
C:\gh\azure-sdk-for-net\sdk\storage\Microsoft.Azure.WebJobs.Extensions.Storage.Scenario.Tests\tests\AzureStorageEndToEndTests.cs(287,72): error CS0246: The type or namespace name 'RequestFailedException' could not be found (are you missing a using directive or an assembly reference?)
C:\gh\azure-sdk-for-net\sdk\storage\Microsoft.Azure.WebJobs.Extensions.Storage.Scenario.Tests\tests\AzureStorageEndToEndTests.cs(289,25): error CS0103: The name 'Assert' does not exist in the current context
C:\gh\azure-sdk-for-net\sdk\storage\Microsoft.Azure.WebJobs.Extensions.Storage.Scenario.Tests\tests\AzureStorageEndToEndTests.cs(292,43): error CS0246: The type or namespace name 'ILoggerProvider' could not be found (are you missing a using directive or an assembly reference?)
C:\gh\azure-sdk-for-net\sdk\storage\Microsoft.Azure.WebJobs.Extensions.Storage.Scenario.Tests\tests\AzureStorageEndToEndTests.cs(299,13): error CS0103: The name 'Assert' does not exist in the current context
C:\gh\azure-sdk-for-net\sdk\storage\Microsoft.Azure.WebJobs.Extensions.Storage.Scenario.Tests\tests\AzureStorageEndToEndTests.cs(300,13): error CS0103: The name 'Assert' does not exist in the current context
C:\gh\azure-sdk-for-net\sdk\storage\Microsoft.Azure.WebJobs.Extensions.Storage.Scenario.Tests\tests\AzureStorageEndToEndTests.cs(303,13): error CS0103: The name 'Assert' does not exist in the current context
C:\gh\azure-sdk-for-net\sdk\storage\Microsoft.Azure.WebJobs.Extensions.Storage.Scenario.Tests\tests\AzureStorageEndToEndTests.cs(304,13): error CS0103: The name 'Assert' does not exist in the current context
C:\gh\azure-sdk-for-net\sdk\storage\Microsoft.Azure.WebJobs.Extensions.Storage.Scenario.Tests\tests\AzureStorageEndToEndTests.cs(307,47): error CS0246: The type or namespace name 'ILoggerProvider' could not be found (are you missing a using directive or an assembly reference?)
C:\gh\azure-sdk-for-net\sdk\storage\Microsoft.Azure.WebJobs.Extensions.Storage.Scenario.Tests\tests\AzureStorageEndToEndTests.cs(307,80): error CS0122: 'LogLevel' is inaccessible due to its protection level
C:\gh\azure-sdk-for-net\sdk\storage\Microsoft.Azure.WebJobs.Extensions.Storage.Scenario.Tests\tests\AzureStorageEndToEndTests.cs(307,89): error CS0234: The type or namespace name 'Logging' does not exist in the namespace 'Microsoft.Extensions' (are you missing an assembly reference?)
C:\gh\azure-sdk-for-net\sdk\storage\Microsoft.Azure.WebJobs.Extensions.Storage.Scenario.Tests\tests\AzureStorageEndToEndTests.cs(308,13): error CS0103: The name 'Assert' does not exist in the current context
C:\gh\azure-sdk-for-net\sdk\storage\Microsoft.Azure.WebJobs.Extensions.Storage.Scenario.Tests\tests\BlobTriggerEndToEndTests.cs(262,85): error CS0246: The type or namespace name 'INameResolver' could not be found (are you missing a using directive or an assembly reference?)
C:\gh\azure-sdk-for-net\sdk\storage\Microsoft.Azure.WebJobs.Extensions.Storage.Scenario.Tests\tests\BlobTriggerEndToEndTests.cs(265,19): error CS0012: The type 'BlockBlobClient' is defined in an assembly that is not referenced. You must add a reference to assembly 'Azure.Storage.Blobs, Version=12.9.0.0, Culture=neutral, PublicKeyToken=92742159e12e44c8'.
C:\gh\azure-sdk-for-net\sdk\storage\Microsoft.Azure.WebJobs.Extensions.Storage.Scenario.Tests\tests\BlobTriggerEndToEndTests.cs(265,19): error CS0012: The type 'AppendBlobClient' is defined in an assembly that is not referenced. You must add a reference to assembly 'Azure.Storage.Blobs, Version=12.9.0.0, Culture=neutral, PublicKeyToken=92742159e12e44c8'.
C:\gh\azure-sdk-for-net\sdk\storage\Microsoft.Azure.WebJobs.Extensions.Storage.Scenario.Tests\tests\BlobTriggerEndToEndTests.cs(274,17): error CS0103: The name 'Assert' does not exist in the current context
C:\gh\azure-sdk-for-net\sdk\storage\Microsoft.Azure.WebJobs.Extensions.Storage.Scenario.Tests\tests\BlobBindingEndToEndTests.cs(307,22): error CS0103: The name 'Assert' does not exist in the current context
C:\gh\azure-sdk-for-net\sdk\storage\Microsoft.Azure.WebJobs.Extensions.Storage.Scenario.Tests\tests\BlobBindingEndToEndTests.cs(307,41): error CS0246: The type or namespace name 'FunctionInvocationException' could not be found (are you missing a using directive or an assembly reference?)
C:\gh\azure-sdk-for-net\sdk\storage\Microsoft.Azure.WebJobs.Extensions.Storage.Scenario.Tests\tests\BlobBindingEndToEndTests.cs(311,13): error CS0103: The name 'Assert' does not exist in the current context
C:\gh\azure-sdk-for-net\sdk\storage\Microsoft.Azure.WebJobs.Extensions.Storage.Scenario.Tests\tests\AzureStorageEndToEndTests.cs(313,50): error CS0246: The type or namespace name 'INameResolver' could not be found (are you missing a using directive or an assembly reference?)
C:\gh\azure-sdk-for-net\sdk\storage\Microsoft.Azure.WebJobs.Extensions.Storage.Scenario.Tests\tests\AzureStorageEndToEndTests.cs(326,44): error CS0103: The name 'JsonConvert' does not exist in the current context
C:\gh\azure-sdk-for-net\sdk\storage\Microsoft.Azure.WebJobs.Extensions.Storage.Scenario.Tests\tests\AzureStorageEndToEndTests.cs(326,19): error CS0012: The type 'BlockBlobClient' is defined in an assembly that is not referenced. You must add a reference to assembly 'Azure.Storage.Blobs, Version=12.9.0.0, Culture=neutral, PublicKeyToken=92742159e12e44c8'.
C:\gh\azure-sdk-for-net\sdk\storage\Microsoft.Azure.WebJobs.Extensions.Storage.Scenario.Tests\tests\AzureStorageEndToEndTests.cs(326,19): error CS0012: The type 'AppendBlobClient' is defined in an assembly that is not referenced. You must add a reference to assembly 'Azure.Storage.Blobs, Version=12.9.0.0, Culture=neutral, PublicKeyToken=92742159e12e44c8'.
C:\gh\azure-sdk-for-net\sdk\storage\Microsoft.Azure.WebJobs.Extensions.Storage.Scenario.Tests\tests\BlobBindingEndToEndTests.cs(321,19): error CS0305: Using the generic type 'JobHost<TProgram>' requires 1 type arguments
C:\gh\azure-sdk-for-net\sdk\storage\Microsoft.Azure.WebJobs.Extensions.Storage.Scenario.Tests\tests\BlobBindingEndToEndTests.cs(324,13): error CS0103: The name 'Assert' does not exist in the current context
C:\gh\azure-sdk-for-net\sdk\storage\Microsoft.Azure.WebJobs.Extensions.Storage.Scenario.Tests\tests\BlobBindingEndToEndTests.cs(328,19): error CS0305: Using the generic type 'JobHost<TProgram>' requires 1 type arguments
C:\gh\azure-sdk-for-net\sdk\storage\Microsoft.Azure.WebJobs.Extensions.Storage.Scenario.Tests\tests\BlobBindingEndToEndTests.cs(330,13): error CS0103: The name 'Assert' does not exist in the current context
C:\gh\azure-sdk-for-net\sdk\storage\Microsoft.Azure.WebJobs.Extensions.Storage.Scenario.Tests\tests\BlobBindingEndToEndTests.cs(331,35): error CS0012: The type 'BlobBaseClient' is defined in an assembly that is not referenced. You must add a reference to assembly 'Azure.Storage.Blobs, Version=12.9.0.0, Culture=neutral, PublicKeyToken=92742159e12e44c8'.
C:\gh\azure-sdk-for-net\sdk\storage\Microsoft.Azure.WebJobs.Extensions.Storage.Scenario.Tests\tests\BlobBindingEndToEndTests.cs(332,13): error CS0103: The name 'Assert' does not exist in the current context
C:\gh\azure-sdk-for-net\sdk\storage\Microsoft.Azure.WebJobs.Extensions.Storage.Scenario.Tests\tests\BlobBindingEndToEndTests.cs(340,19): error CS0305: Using the generic type 'JobHost<TProgram>' requires 1 type arguments
C:\gh\azure-sdk-for-net\sdk\storage\Microsoft.Azure.WebJobs.Extensions.Storage.Scenario.Tests\tests\BlobBindingEndToEndTests.cs(342,13): error CS0103: The name 'Assert' does not exist in the current context
C:\gh\azure-sdk-for-net\sdk\storage\Microsoft.Azure.WebJobs.Extensions.Storage.Scenario.Tests\tests\BlobBindingEndToEndTests.cs(348,79): error CS0103: The name 'LeaseState' does not exist in the current context
C:\gh\azure-sdk-for-net\sdk\storage\Microsoft.Azure.WebJobs.Extensions.Storage.Scenario.Tests\tests\BlobBindingEndToEndTests.cs(348,98): error CS0103: The name 'LeaseStatus' does not exist in the current context
C:\gh\azure-sdk-for-net\sdk\storage\Microsoft.Azure.WebJobs.Extensions.Storage.Scenario.Tests\tests\BlobTriggerEndToEndTests.cs(300,17): error CS0103: The name 'Assert' does not exist in the current context
C:\gh\azure-sdk-for-net\sdk\storage\Microsoft.Azure.WebJobs.Extensions.Storage.Scenario.Tests\tests\BlobTriggerEndToEndTests.cs(303,13): error CS0103: The name 'Assert' does not exist in the current context
C:\gh\azure-sdk-for-net\sdk\storage\Microsoft.Azure.WebJobs.Extensions.Storage.Scenario.Tests\tests\AzureStorageEndToEndTests.cs(333,47): error CS0246: The type or namespace name 'INameResolver' could not be found (are you missing a using directive or an assembly reference?)
C:\gh\azure-sdk-for-net\sdk\storage\Microsoft.Azure.WebJobs.Extensions.Storage.Scenario.Tests\tests\AzureStorageEndToEndTests.cs(335,13): error CS0246: The type or namespace name 'QueueClient' could not be found (are you missing a using directive or an assembly reference?)
C:\gh\azure-sdk-for-net\sdk\storage\Microsoft.Azure.WebJobs.Extensions.Storage.Scenario.Tests\tests\AzureStorageEndToEndTests.cs(353,19): error CS0518: Predefined type 'System.Void' is not defined or imported
C:\gh\azure-sdk-for-net\sdk\storage\Microsoft.Azure.WebJobs.Extensions.Storage.Scenario.Tests\tests\AzureStorageEndToEndTests.cs(362,24): error CS0246: The type or namespace name 'Task<>' could not be found (are you missing a using directive or an assembly reference?)
C:\gh\azure-sdk-for-net\sdk\storage\Microsoft.Azure.WebJobs.Extensions.Storage.Scenario.Tests\tests\BlobBindingEndToEndTests.cs(363,22): error CS0246: The type or namespace name 'BlobItem' could not be found (are you missing a using directive or an assembly reference?)
C:\gh\azure-sdk-for-net\sdk\storage\Microsoft.Azure.WebJobs.Extensions.Storage.Scenario.Tests\tests\BlobBindingEndToEndTests.cs(366,17): error CS0103: The name 'Assert' does not exist in the current context
C:\gh\azure-sdk-for-net\sdk\storage\Microsoft.Azure.WebJobs.Extensions.Storage.Scenario.Tests\tests\BlobBindingEndToEndTests.cs(385,13): error CS0103: The name 'Assert' does not exist in the current context
C:\gh\azure-sdk-for-net\sdk\storage\Microsoft.Azure.WebJobs.Extensions.Storage.Scenario.Tests\tests\BlobBindingEndToEndTests.cs(395,40): error CS0012: The type 'BlobBaseClient' is defined in an assembly that is not referenced. You must add a reference to assembly 'Azure.Storage.Blobs, Version=12.9.0.0, Culture=neutral, PublicKeyToken=92742159e12e44c8'.
C:\gh\azure-sdk-for-net\sdk\storage\Microsoft.Azure.WebJobs.Extensions.Storage.Scenario.Tests\tests\BlobBindingEndToEndTests.cs(396,17): error CS0103: The name 'Assert' does not exist in the current context
C:\gh\azure-sdk-for-net\sdk\storage\Microsoft.Azure.WebJobs.Extensions.Storage.Scenario.Tests\tests\BlobBindingEndToEndTests.cs(414,40): error CS0012: The type 'BlobBaseClient' is defined in an assembly that is not referenced. You must add a reference to assembly 'Azure.Storage.Blobs, Version=12.9.0.0, Culture=neutral, PublicKeyToken=92742159e12e44c8'.
C:\gh\azure-sdk-for-net\sdk\storage\Microsoft.Azure.WebJobs.Extensions.Storage.Scenario.Tests\tests\BlobBindingEndToEndTests.cs(415,17): error CS0103: The name 'Assert' does not exist in the current context
C:\gh\azure-sdk-for-net\sdk\storage\Microsoft.Azure.WebJobs.Extensions.Storage.Scenario.Tests\tests\AzureStorageEndToEndTests.cs(370,17): error CS0246: The type or namespace name 'IHost' could not be found (are you missing a using directive or an assembly reference?)
C:\gh\azure-sdk-for-net\sdk\storage\Microsoft.Azure.WebJobs.Extensions.Storage.Scenario.Tests\tests\AzureStorageEndToEndTests.cs(370,34): error CS0246: The type or namespace name 'HostBuilder' could not be found (are you missing a using directive or an assembly reference?)
C:\gh\azure-sdk-for-net\sdk\storage\Microsoft.Azure.WebJobs.Extensions.Storage.Scenario.Tests\tests\AzureStorageEndToEndTests.cs(377,40): error CS0246: The type or namespace name 'QueueClientOptions' could not be found (are you missing a using directive or an assembly reference?)
C:\gh\azure-sdk-for-net\sdk\storage\Microsoft.Azure.WebJobs.Extensions.Storage.Scenario.Tests\tests\AzureStorageEndToEndTests.cs(377,81): error CS0103: The name 'QueueMessageEncoding' does not exist in the current context
C:\gh\azure-sdk-for-net\sdk\storage\Microsoft.Azure.WebJobs.Extensions.Storage.Scenario.Tests\tests\AzureStorageEndToEndTests.cs(378,47): error CS0246: The type or namespace name 'QueueServiceClient' could not be found (are you missing a using directive or an assembly reference?)
C:\gh\azure-sdk-for-net\sdk\storage\Microsoft.Azure.WebJobs.Extensions.Storage.Scenario.Tests\tests\AzureStorageEndToEndTests.cs(379,46): error CS0246: The type or namespace name 'BlobServiceClient' could not be found (are you missing a using directive or an assembly reference?)
C:\gh\azure-sdk-for-net\sdk\storage\Microsoft.Azure.WebJobs.Extensions.Storage.Scenario.Tests\tests\BlobBindingEndToEndTests.cs(429,40): error CS0012: The type 'BlobBaseClient' is defined in an assembly that is not referenced. You must add a reference to assembly 'Azure.Storage.Blobs, Version=12.9.0.0, Culture=neutral, PublicKeyToken=92742159e12e44c8'.
C:\gh\azure-sdk-for-net\sdk\storage\Microsoft.Azure.WebJobs.Extensions.Storage.Scenario.Tests\tests\BlobBindingEndToEndTests.cs(430,17): error CS0103: The name 'Assert' does not exist in the current context
C:\gh\azure-sdk-for-net\sdk\storage\Microsoft.Azure.WebJobs.Extensions.Storage.Scenario.Tests\tests\BlobBindingEndToEndTests.cs(442,40): error CS0012: The type 'BlobBaseClient' is defined in an assembly that is not referenced. You must add a reference to assembly 'Azure.Storage.Blobs, Version=12.9.0.0, Culture=neutral, PublicKeyToken=92742159e12e44c8'.
C:\gh\azure-sdk-for-net\sdk\storage\Microsoft.Azure.WebJobs.Extensions.Storage.Scenario.Tests\tests\BlobBindingEndToEndTests.cs(443,17): error CS0103: The name 'Assert' does not exist in the current context
C:\gh\azure-sdk-for-net\sdk\storage\Microsoft.Azure.WebJobs.Extensions.Storage.Scenario.Tests\tests\AzureStorageEndToEndTests.cs(396,65): error CS1061: 'BlobServiceClient' does not contain a definition for 'GetBlobContainers' and no accessible extension method 'GetBlobContainers' accepting a first argument of type 'BlobServiceClient' could be found (are you missing a using directive or an assembly reference?)
C:\gh\azure-sdk-for-net\sdk\storage\Microsoft.Azure.WebJobs.Extensions.Storage.Scenario.Tests\tests\BlobBindingEndToEndTests.cs(454,40): error CS0012: The type 'BlobBaseClient' is defined in an assembly that is not referenced. You must add a reference to assembly 'Azure.Storage.Blobs, Version=12.9.0.0, Culture=neutral, PublicKeyToken=92742159e12e44c8'.
C:\gh\azure-sdk-for-net\sdk\storage\Microsoft.Azure.WebJobs.Extensions.Storage.Scenario.Tests\tests\BlobBindingEndToEndTests.cs(455,17): error CS0103: The name 'StringAssert' does not exist in the current context
C:\gh\azure-sdk-for-net\sdk\storage\Microsoft.Azure.WebJobs.Extensions.Storage.Scenario.Tests\tests\BlobBindingEndToEndTests.cs(466,40): error CS0012: The type 'BlobBaseClient' is defined in an assembly that is not referenced. You must add a reference to assembly 'Azure.Storage.Blobs, Version=12.9.0.0, Culture=neutral, PublicKeyToken=92742159e12e44c8'.
C:\gh\azure-sdk-for-net\sdk\storage\Microsoft.Azure.WebJobs.Extensions.Storage.Scenario.Tests\tests\BlobBindingEndToEndTests.cs(467,17): error CS0103: The name 'Assert' does not exist in the current context
C:\gh\azure-sdk-for-net\sdk\storage\Microsoft.Azure.WebJobs.Extensions.Storage.Scenario.Tests\tests\BlobBindingEndToEndTests.cs(478,17): error CS0103: The name 'Assert' does not exist in the current context
C:\gh\azure-sdk-for-net\sdk\storage\Microsoft.Azure.WebJobs.Extensions.Storage.Scenario.Tests\tests\BlobBindingEndToEndTests.cs(492,21): error CS0103: The name 'Assert' does not exist in the current context
C:\gh\azure-sdk-for-net\sdk\storage\Microsoft.Azure.WebJobs.Extensions.Storage.Scenario.Tests\tests\BlobBindingEndToEndTests.cs(505,17): error CS0103: The name 'Assert' does not exist in the current context
C:\gh\azure-sdk-for-net\sdk\storage\Microsoft.Azure.WebJobs.Extensions.Storage.Scenario.Tests\tests\BlobBindingEndToEndTests.cs(520,21): error CS0103: The name 'Assert' does not exist in the current context
C:\gh\azure-sdk-for-net\sdk\storage\Microsoft.Azure.WebJobs.Extensions.Storage.Scenario.Tests\tests\BlobBindingEndToEndTests.cs(536,21): error CS0103: The name 'Assert' does not exist in the current context
C:\gh\azure-sdk-for-net\sdk\storage\Microsoft.Azure.WebJobs.Extensions.Storage.Scenario.Tests\tests\BlobBindingEndToEndTests.cs(546,13): error CS0103: The name 'Assert' does not exist in the current context
C:\gh\azure-sdk-for-net\sdk\storage\Microsoft.Azure.WebJobs.Extensions.Storage.Scenario.Tests\tests\BlobBindingEndToEndTests.cs(555,13): error CS0103: The name 'Assert' does not exist in the current context
C:\gh\azure-sdk-for-net\sdk\storage\Microsoft.Azure.WebJobs.Extensions.Storage.Scenario.Tests\tests\BlobBindingEndToEndTests.cs(563,13): error CS0103: The name 'Assert' does not exist in the current context
C:\gh\azure-sdk-for-net\sdk\storage\Microsoft.Azure.WebJobs.Extensions.Storage.Scenario.Tests\tests\BlobBindingEndToEndTests.cs(619,17): error CS0103: The name 'Assert' does not exist in the current context
C:\gh\azure-sdk-for-net\sdk\storage\Microsoft.Azure.WebJobs.Extensions.Storage.Scenario.Tests\tests\BlobBindingEndToEndTests.cs(631,17): error CS0103: The name 'Assert' does not exist in the current context
C:\gh\azure-sdk-for-net\sdk\storage\Microsoft.Azure.WebJobs.Extensions.Storage.Scenario.Tests\tests\BlobBindingEndToEndTests.cs(643,17): error CS0103: The name 'Assert' does not exist in the current context
C:\gh\azure-sdk-for-net\sdk\storage\Microsoft.Azure.WebJobs.Extensions.Storage.Scenario.Tests\tests\BlobBindingEndToEndTests.cs(653,13): error CS0103: The name 'Assert' does not exist in the current context
C:\gh\azure-sdk-for-net\sdk\storage\Microsoft.Azure.WebJobs.Extensions.Storage.Scenario.Tests\tests\BlobBindingEndToEndTests.cs(662,13): error CS0103: The name 'Assert' does not exist in the current context
C:\gh\azure-sdk-for-net\sdk\storage\Microsoft.Azure.WebJobs.Extensions.Storage.Scenario.Tests\tests\BlobBindingEndToEndTests.cs(671,13): error CS0103: The name 'Assert' does not exist in the current context
C:\gh\azure-sdk-for-net\sdk\storage\Microsoft.Azure.WebJobs.Extensions.Storage.Scenario.Tests\tests\BlobBindingEndToEndTests.cs(694,13): error CS0103: The name 'Assert' does not exist in the current context
C:\gh\azure-sdk-for-net\sdk\storage\Microsoft.Azure.WebJobs.Extensions.Storage.Scenario.Tests\tests\BlobBindingEndToEndTests.cs(704,28): error CS0246: The type or namespace name 'HostBuilder' could not be found (are you missing a using directive or an assembly reference?)
C:\gh\azure-sdk-for-net\sdk\storage\Microsoft.Azure.WebJobs.Extensions.Storage.Scenario.Tests\tests\BlobBindingEndToEndTests.cs(716,27): error CS0305: Using the generic type 'JobHost<TProgram>' requires 1 type arguments
C:\gh\azure-sdk-for-net\sdk\storage\Microsoft.Azure.WebJobs.Extensions.Storage.Scenario.Tests\tests\BlobBindingEndToEndTests.cs(716,27): error CS0246: The type or namespace name 'IHost' could not be found (are you missing a using directive or an assembly reference?)
C:\gh\azure-sdk-for-net\sdk\storage\Microsoft.Azure.WebJobs.Extensions.Storage.Scenario.Tests\tests\BlobBindingEndToEndTests.cs(718,41): error CS0246: The type or namespace name 'BlobServiceClient' could not be found (are you missing a using directive or an assembly reference?)
C:\gh\azure-sdk-for-net\sdk\storage\Microsoft.Azure.WebJobs.Extensions.Storage.Scenario.Tests\tests\BlobBindingEndToEndTests.cs(720,87): error CS0246: The type or namespace name 'INameResolver' could not be found (are you missing a using directive or an assembly reference?)
C:\gh\azure-sdk-for-net\sdk\storage\Microsoft.Azure.WebJobs.Extensions.Storage.Scenario.Tests\tests\BlobBindingEndToEndTests.cs(720,51): error CS1061: 'BlobServiceClient' does not contain a definition for 'GetBlobContainerClient' and no accessible extension method 'GetBlobContainerClient' accepting a first argument of type 'BlobServiceClient' could be found (are you missing a using directive or an assembly reference?)
C:\gh\azure-sdk-for-net\sdk\storage\Microsoft.Azure.WebJobs.Extensions.Storage.Scenario.Tests\tests\BlobBindingEndToEndTests.cs(721,17): error CS0103: The name 'Assert' does not exist in the current context
C:\gh\azure-sdk-for-net\sdk\storage\Microsoft.Azure.WebJobs.Extensions.Storage.Scenario.Tests\tests\BlobBindingEndToEndTests.cs(724,93): error CS0246: The type or namespace name 'INameResolver' could not be found (are you missing a using directive or an assembly reference?)
C:\gh\azure-sdk-for-net\sdk\storage\Microsoft.Azure.WebJobs.Extensions.Storage.Scenario.Tests\tests\BlobBindingEndToEndTests.cs(724,57): error CS1061: 'BlobServiceClient' does not contain a definition for 'GetBlobContainerClient' and no accessible extension method 'GetBlobContainerClient' accepting a first argument of type 'BlobServiceClient' could be found (are you missing a using directive or an assembly reference?)
C:\gh\azure-sdk-for-net\sdk\storage\Microsoft.Azure.WebJobs.Extensions.Storage.Scenario.Tests\tests\BlobBindingEndToEndTests.cs(726,95): error CS0246: The type or namespace name 'INameResolver' could not be found (are you missing a using directive or an assembly reference?)
C:\gh\azure-sdk-for-net\sdk\storage\Microsoft.Azure.WebJobs.Extensions.Storage.Scenario.Tests\tests\BlobBindingEndToEndTests.cs(726,59): error CS1061: 'BlobServiceClient' does not contain a definition for 'GetBlobContainerClient' and no accessible extension method 'GetBlobContainerClient' accepting a first argument of type 'BlobServiceClient' could be found (are you missing a using directive or an assembly reference?)
C:\gh\azure-sdk-for-net\sdk\storage\Microsoft.Azure.WebJobs.Extensions.Storage.Scenario.Tests\tests\BlobBindingEndToEndTests.cs(727,17): error CS0103: The name 'Assert' does not exist in the current context
C:\gh\azure-sdk-for-net\sdk\storage\Microsoft.Azure.WebJobs.Extensions.Storage.Scenario.Tests\tests\BlobBindingEndToEndTests.cs(730,103): error CS0246: The type or namespace name 'INameResolver' could not be found (are you missing a using directive or an assembly reference?)
C:\gh\azure-sdk-for-net\sdk\storage\Microsoft.Azure.WebJobs.Extensions.Storage.Scenario.Tests\tests\BlobBindingEndToEndTests.cs(730,67): error CS1061: 'BlobServiceClient' does not contain a definition for 'GetBlobContainerClient' and no accessible extension method 'GetBlobContainerClient' accepting a first argument of type 'BlobServiceClient' could be found (are you missing a using directive or an assembly reference?)
C:\gh\azure-sdk-for-net\sdk\storage\Microsoft.Azure.WebJobs.Extensions.Storage.Scenario.Tests\tests\BlobBindingEndToEndTests.cs(731,17): error CS0103: The name 'Assert' does not exist in the current context
C:\gh\azure-sdk-for-net\sdk\storage\Microsoft.Azure.WebJobs.Extensions.Storage.Scenario.Tests\tests\BlobBindingEndToEndTests.cs(734,97): error CS0246: The type or namespace name 'INameResolver' could not be found (are you missing a using directive or an assembly reference?)
C:\gh\azure-sdk-for-net\sdk\storage\Microsoft.Azure.WebJobs.Extensions.Storage.Scenario.Tests\tests\BlobBindingEndToEndTests.cs(734,61): error CS1061: 'BlobServiceClient' does not contain a definition for 'GetBlobContainerClient' and no accessible extension method 'GetBlobContainerClient' accepting a first argument of type 'BlobServiceClient' could be found (are you missing a using directive or an assembly reference?)
C:\gh\azure-sdk-for-net\sdk\storage\Microsoft.Azure.WebJobs.Extensions.Storage.Scenario.Tests\tests\BlobBindingEndToEndTests.cs(735,17): error CS0103: The name 'Assert' does not exist in the current context
C:\gh\azure-sdk-for-net\sdk\storage\Microsoft.Azure.WebJobs.Extensions.Storage.Scenario.Tests\tests\BlobBindingEndToEndTests.cs(741,17): error CS0246: The type or namespace name 'BlockBlobClient' could not be found (are you missing a using directive or an assembly reference?)
C:\gh\azure-sdk-for-net\sdk\storage\Microsoft.Azure.WebJobs.Extensions.Storage.Scenario.Tests\tests\BlobBindingEndToEndTests.cs(742,23): error CS0012: The type 'BlockBlobClient' is defined in an assembly that is not referenced. You must add a reference to assembly 'Azure.Storage.Blobs, Version=12.9.0.0, Culture=neutral, PublicKeyToken=92742159e12e44c8'.
C:\gh\azure-sdk-for-net\sdk\storage\Microsoft.Azure.WebJobs.Extensions.Storage.Scenario.Tests\tests\BlobBindingEndToEndTests.cs(742,23): error CS0012: The type 'AppendBlobClient' is defined in an assembly that is not referenced. You must add a reference to assembly 'Azure.Storage.Blobs, Version=12.9.0.0, Culture=neutral, PublicKeyToken=92742159e12e44c8'.
C:\gh\azure-sdk-for-net\sdk\storage\Microsoft.Azure.WebJobs.Extensions.Storage.Scenario.Tests\tests\BlobBindingEndToEndTests.cs(744,23): error CS0012: The type 'BlockBlobClient' is defined in an assembly that is not referenced. You must add a reference to assembly 'Azure.Storage.Blobs, Version=12.9.0.0, Culture=neutral, PublicKeyToken=92742159e12e44c8'.
C:\gh\azure-sdk-for-net\sdk\storage\Microsoft.Azure.WebJobs.Extensions.Storage.Scenario.Tests\tests\BlobBindingEndToEndTests.cs(744,23): error CS0012: The type 'AppendBlobClient' is defined in an assembly that is not referenced. You must add a reference to assembly 'Azure.Storage.Blobs, Version=12.9.0.0, Culture=neutral, PublicKeyToken=92742159e12e44c8'.
C:\gh\azure-sdk-for-net\sdk\storage\Microsoft.Azure.WebJobs.Extensions.Storage.Scenario.Tests\tests\BlobBindingEndToEndTests.cs(746,23): error CS0012: The type 'BlockBlobClient' is defined in an assembly that is not referenced. You must add a reference to assembly 'Azure.Storage.Blobs, Version=12.9.0.0, Culture=neutral, PublicKeyToken=92742159e12e44c8'.
C:\gh\azure-sdk-for-net\sdk\storage\Microsoft.Azure.WebJobs.Extensions.Storage.Scenario.Tests\tests\BlobBindingEndToEndTests.cs(746,23): error CS0012: The type 'AppendBlobClient' is defined in an assembly that is not referenced. You must add a reference to assembly 'Azure.Storage.Blobs, Version=12.9.0.0, Culture=neutral, PublicKeyToken=92742159e12e44c8'.
C:\gh\azure-sdk-for-net\sdk\storage\Microsoft.Azure.WebJobs.Extensions.Storage.Scenario.Tests\tests\BlobBindingEndToEndTests.cs(748,23): error CS0012: The type 'BlockBlobClient' is defined in an assembly that is not referenced. You must add a reference to assembly 'Azure.Storage.Blobs, Version=12.9.0.0, Culture=neutral, PublicKeyToken=92742159e12e44c8'.
C:\gh\azure-sdk-for-net\sdk\storage\Microsoft.Azure.WebJobs.Extensions.Storage.Scenario.Tests\tests\BlobBindingEndToEndTests.cs(748,23): error CS0012: The type 'AppendBlobClient' is defined in an assembly that is not referenced. You must add a reference to assembly 'Azure.Storage.Blobs, Version=12.9.0.0, Culture=neutral, PublicKeyToken=92742159e12e44c8'.
C:\gh\azure-sdk-for-net\sdk\storage\Microsoft.Azure.WebJobs.Extensions.Storage.Scenario.Tests\tests\BlobBindingEndToEndTests.cs(750,23): error CS0012: The type 'BlockBlobClient' is defined in an assembly that is not referenced. You must add a reference to assembly 'Azure.Storage.Blobs, Version=12.9.0.0, Culture=neutral, PublicKeyToken=92742159e12e44c8'.
C:\gh\azure-sdk-for-net\sdk\storage\Microsoft.Azure.WebJobs.Extensions.Storage.Scenario.Tests\tests\BlobBindingEndToEndTests.cs(750,23): error CS0012: The type 'AppendBlobClient' is defined in an assembly that is not referenced. You must add a reference to assembly 'Azure.Storage.Blobs, Version=12.9.0.0, Culture=neutral, PublicKeyToken=92742159e12e44c8'.
C:\gh\azure-sdk-for-net\sdk\storage\Microsoft.Azure.WebJobs.Extensions.Storage.Scenario.Tests\tests\BlobBindingEndToEndTests.cs(752,23): error CS0012: The type 'BlockBlobClient' is defined in an assembly that is not referenced. You must add a reference to assembly 'Azure.Storage.Blobs, Version=12.9.0.0, Culture=neutral, PublicKeyToken=92742159e12e44c8'.
C:\gh\azure-sdk-for-net\sdk\storage\Microsoft.Azure.WebJobs.Extensions.Storage.Scenario.Tests\tests\BlobBindingEndToEndTests.cs(752,23): error CS0012: The type 'AppendBlobClient' is defined in an assembly that is not referenced. You must add a reference to assembly 'Azure.Storage.Blobs, Version=12.9.0.0, Culture=neutral, PublicKeyToken=92742159e12e44c8'.
C:\gh\azure-sdk-for-net\sdk\storage\Microsoft.Azure.WebJobs.Extensions.Storage.Scenario.Tests\tests\BlobBindingEndToEndTests.cs(756,23): error CS0012: The type 'BlockBlobClient' is defined in an assembly that is not referenced. You must add a reference to assembly 'Azure.Storage.Blobs, Version=12.9.0.0, Culture=neutral, PublicKeyToken=92742159e12e44c8'.
C:\gh\azure-sdk-for-net\sdk\storage\Microsoft.Azure.WebJobs.Extensions.Storage.Scenario.Tests\tests\BlobBindingEndToEndTests.cs(756,23): error CS0012: The type 'AppendBlobClient' is defined in an assembly that is not referenced. You must add a reference to assembly 'Azure.Storage.Blobs, Version=12.9.0.0, Culture=neutral, PublicKeyToken=92742159e12e44c8'.
C:\gh\azure-sdk-for-net\sdk\storage\Microsoft.Azure.WebJobs.Extensions.Storage.Scenario.Tests\tests\BlobBindingEndToEndTests.cs(758,23): error CS0012: The type 'BlockBlobClient' is defined in an assembly that is not referenced. You must add a reference to assembly 'Azure.Storage.Blobs, Version=12.9.0.0, Culture=neutral, PublicKeyToken=92742159e12e44c8'.
C:\gh\azure-sdk-for-net\sdk\storage\Microsoft.Azure.WebJobs.Extensions.Storage.Scenario.Tests\tests\BlobBindingEndToEndTests.cs(758,23): error CS0012: The type 'AppendBlobClient' is defined in an assembly that is not referenced. You must add a reference to assembly 'Azure.Storage.Blobs, Version=12.9.0.0, Culture=neutral, PublicKeyToken=92742159e12e44c8'.
C:\gh\azure-sdk-for-net\sdk\storage\Microsoft.Azure.WebJobs.Extensions.Storage.Scenario.Tests\tests\BlobBindingEndToEndTests.cs(760,23): error CS0012: The type 'BlockBlobClient' is defined in an assembly that is not referenced. You must add a reference to assembly 'Azure.Storage.Blobs, Version=12.9.0.0, Culture=neutral, PublicKeyToken=92742159e12e44c8'.
C:\gh\azure-sdk-for-net\sdk\storage\Microsoft.Azure.WebJobs.Extensions.Storage.Scenario.Tests\tests\BlobBindingEndToEndTests.cs(760,23): error CS0012: The type 'AppendBlobClient' is defined in an assembly that is not referenced. You must add a reference to assembly 'Azure.Storage.Blobs, Version=12.9.0.0, Culture=neutral, PublicKeyToken=92742159e12e44c8'.
C:\gh\azure-sdk-for-net\sdk\storage\Microsoft.Azure.WebJobs.Extensions.Storage.Scenario.Tests\tests\BlobBindingEndToEndTests.cs(762,23): error CS0012: The type 'BlockBlobClient' is defined in an assembly that is not referenced. You must add a reference to assembly 'Azure.Storage.Blobs, Version=12.9.0.0, Culture=neutral, PublicKeyToken=92742159e12e44c8'.
C:\gh\azure-sdk-for-net\sdk\storage\Microsoft.Azure.WebJobs.Extensions.Storage.Scenario.Tests\tests\BlobBindingEndToEndTests.cs(762,23): error CS0012: The type 'AppendBlobClient' is defined in an assembly that is not referenced. You must add a reference to assembly 'Azure.Storage.Blobs, Version=12.9.0.0, Culture=neutral, PublicKeyToken=92742159e12e44c8'.
C:\gh\azure-sdk-for-net\sdk\storage\Microsoft.Azure.WebJobs.Extensions.Storage.Scenario.Tests\tests\BlobBindingEndToEndTests.cs(770,17): error CS0246: The type or namespace name 'PageBlobClient' could not be found (are you missing a using directive or an assembly reference?)
C:\gh\azure-sdk-for-net\sdk\storage\Microsoft.Azure.WebJobs.Extensions.Storage.Scenario.Tests\tests\BlobBindingEndToEndTests.cs(771,23): error CS0012: The type 'PageBlobClient' is defined in an assembly that is not referenced. You must add a reference to assembly 'Azure.Storage.Blobs, Version=12.9.0.0, Culture=neutral, PublicKeyToken=92742159e12e44c8'.
C:\gh\azure-sdk-for-net\sdk\storage\Microsoft.Azure.WebJobs.Extensions.Storage.Scenario.Tests\tests\BlobBindingEndToEndTests.cs(773,23): error CS0012: The type 'PageBlobClient' is defined in an assembly that is not referenced. You must add a reference to assembly 'Azure.Storage.Blobs, Version=12.9.0.0, Culture=neutral, PublicKeyToken=92742159e12e44c8'.
C:\gh\azure-sdk-for-net\sdk\storage\Microsoft.Azure.WebJobs.Extensions.Storage.Scenario.Tests\tests\BlobBindingEndToEndTests.cs(775,17): error CS0246: The type or namespace name 'AppendBlobClient' could not be found (are you missing a using directive or an assembly reference?)
C:\gh\azure-sdk-for-net\sdk\storage\Microsoft.Azure.WebJobs.Extensions.Storage.Scenario.Tests\tests\BlobBindingEndToEndTests.cs(776,23): error CS0012: The type 'BlockBlobClient' is defined in an assembly that is not referenced. You must add a reference to assembly 'Azure.Storage.Blobs, Version=12.9.0.0, Culture=neutral, PublicKeyToken=92742159e12e44c8'.
C:\gh\azure-sdk-for-net\sdk\storage\Microsoft.Azure.WebJobs.Extensions.Storage.Scenario.Tests\tests\BlobBindingEndToEndTests.cs(776,23): error CS0012: The type 'AppendBlobClient' is defined in an assembly that is not referenced. You must add a reference to assembly 'Azure.Storage.Blobs, Version=12.9.0.0, Culture=neutral, PublicKeyToken=92742159e12e44c8'.
C:\gh\azure-sdk-for-net\sdk\storage\Microsoft.Azure.WebJobs.Extensions.Storage.Scenario.Tests\tests\BlobBindingEndToEndTests.cs(778,23): error CS0012: The type 'BlockBlobClient' is defined in an assembly that is not referenced. You must add a reference to assembly 'Azure.Storage.Blobs, Version=12.9.0.0, Culture=neutral, PublicKeyToken=92742159e12e44c8'.
C:\gh\azure-sdk-for-net\sdk\storage\Microsoft.Azure.WebJobs.Extensions.Storage.Scenario.Tests\tests\BlobBindingEndToEndTests.cs(778,23): error CS0012: The type 'AppendBlobClient' is defined in an assembly that is not referenced. You must add a reference to assembly 'Azure.Storage.Blobs, Version=12.9.0.0, Culture=neutral, PublicKeyToken=92742159e12e44c8'.
C:\gh\azure-sdk-for-net\sdk\storage\Microsoft.Azure.WebJobs.Extensions.Storage.Scenario.Tests\tests\BlobBindingEndToEndTests.cs(780,23): error CS0012: The type 'BlockBlobClient' is defined in an assembly that is not referenced. You must add a reference to assembly 'Azure.Storage.Blobs, Version=12.9.0.0, Culture=neutral, PublicKeyToken=92742159e12e44c8'.
C:\gh\azure-sdk-for-net\sdk\storage\Microsoft.Azure.WebJobs.Extensions.Storage.Scenario.Tests\tests\BlobBindingEndToEndTests.cs(780,23): error CS0012: The type 'AppendBlobClient' is defined in an assembly that is not referenced. You must add a reference to assembly 'Azure.Storage.Blobs, Version=12.9.0.0, Culture=neutral, PublicKeyToken=92742159e12e44c8'.
C:\gh\azure-sdk-for-net\sdk\storage\Microsoft.Azure.WebJobs.Extensions.Storage.Scenario.Tests\tests\BlobBindingEndToEndTests.cs(795,75): error CS0246: The type or namespace name 'INameResolver' could not be found (are you missing a using directive or an assembly reference?)
C:\gh\azure-sdk-for-net\sdk\storage\Microsoft.Azure.WebJobs.Extensions.Storage.Scenario.Tests\tests\BlobBindingEndToEndTests.cs(797,62): error CS0246: The type or namespace name 'IHostIdProvider' could not be found (are you missing a using directive or an assembly reference?)
C:\gh\azure-sdk-for-net\sdk\storage\Microsoft.Azure.WebJobs.Extensions.Storage.Scenario.Tests\tests\BlobBindingEndToEndTests.cs(819,51): error CS1061: 'BlobServiceClient' does not contain a definition for 'GetBlobContainerClient' and no accessible extension method 'GetBlobContainerClient' accepting a first argument of type 'BlobServiceClient' could be found (are you missing a using directive or an assembly reference?)
C:\gh\azure-sdk-for-net\sdk\storage\Microsoft.Azure.WebJobs.Extensions.Storage.Scenario.Tests\tests\BlobBindingEndToEndTests.cs(823,17): error CS0103: The name 'Assert' does not exist in the current context
C:\gh\azure-sdk-for-net\sdk\storage\Microsoft.Azure.WebJobs.Extensions.Storage.Scenario.Tests\tests\BlobBindingEndToEndTests.cs(824,17): error CS0246: The type or namespace name 'BlobProperties' could not be found (are you missing a using directive or an assembly reference?)
C:\gh\azure-sdk-for-net\sdk\storage\Microsoft.Azure.WebJobs.Extensions.Storage.Scenario.Tests\tests\BlobBindingEndToEndTests.cs(826,17): error CS0103: The name 'Assert' does not exist in the current context
C:\gh\azure-sdk-for-net\sdk\storage\Microsoft.Azure.WebJobs.Extensions.Storage.Scenario.Tests\tests\BlobBindingEndToEndTests.cs(827,17): error CS0103: The name 'Assert' does not exist in the current context
C:\gh\azure-sdk-for-net\sdk\storage\Microsoft.Azure.WebJobs.Extensions.Storage.Scenario.Tests\tests\BlobBindingEndToEndTests.cs(837,72): error CS0103: The name 'LeaseState' does not exist in the current context
C:\gh\azure-sdk-for-net\sdk\storage\Microsoft.Azure.WebJobs.Extensions.Storage.Scenario.Tests\tests\BlobBindingEndToEndTests.cs(837,94): error CS0103: The name 'LeaseStatus' does not exist in the current context
C:\gh\azure-sdk-for-net\sdk\storage\Microsoft.Azure.WebJobs.Extensions.Storage.Scenario.Tests\tests\BlobBindingEndToEndTests.cs(839,75): error CS1061: 'BlobServiceClient' does not contain a definition for 'GetBlobContainersAsync' and no accessible extension method 'GetBlobContainersAsync' accepting a first argument of type 'BlobServiceClient' could be found (are you missing a using directive or an assembly reference?)
C:\gh\azure-sdk-for-net\sdk\storage\Microsoft.Azure.WebJobs.Extensions.Storage.Scenario.Tests\tests\BlobBindingEndToEndTests.cs(841,49): error CS1061: 'BlobServiceClient' does not contain a definition for 'GetBlobContainerClient' and no accessible extension method 'GetBlobContainerClient' accepting a first argument of type 'BlobServiceClient' could be found (are you missing a using directive or an assembly reference?)
C:\gh\azure-sdk-for-net\artifacts\obj\Microsoft.Azure.WebJobs.Extensions.Storage.Scenario.Tests\Debug\net461\Microsoft.Azure.WebJobs.Extensions.Storage.Scenario.Tests.AssemblyInfo.cs(12,1): hidden CS8019: Unnecessary using directive.
C:\gh\azure-sdk-for-net\sdk\storage\Microsoft.Azure.WebJobs.Extensions.Storage.Scenario.Tests\tests\MultipleStorageAccountsEndToEndTests.cs(10,1): hidden CS8019: Unnecessary using directive.
C:\gh\azure-sdk-for-net\sdk\storage\Microsoft.Azure.WebJobs.Extensions.Storage.Scenario.Tests\tests\BlobBindingEndToEndTests.cs(18,1): hidden CS8019: Unnecessary using directive.
C:\gh\azure-sdk-for-net\sdk\storage\Microsoft.Azure.WebJobs.Extensions.Storage.Scenario.Tests\tests\MultipleStorageAccountsEndToEndTests.cs(11,1): hidden CS8019: Unnecessary using directive.
C:\gh\azure-sdk-for-net\sdk\storage\Microsoft.Azure.WebJobs.Extensions.Storage.Scenario.Tests\tests\MultipleStorageAccountsEndToEndTests.cs(17,1): hidden CS8019: Unnecessary using directive.
C:\gh\azure-sdk-for-net\sdk\storage\Microsoft.Azure.WebJobs.Extensions.Storage.Scenario.Tests\tests\AzureStorageEndToEndTests.cs(11,1): hidden CS8019: Unnecessary using directive.
C:\gh\azure-sdk-for-net\sdk\storage\Microsoft.Azure.WebJobs.Extensions.Storage.Scenario.Tests\tests\AzureStorageEndToEndTests.cs(12,1): hidden CS8019: Unnecessary using directive.
C:\gh\azure-sdk-for-net\sdk\storage\Microsoft.Azure.WebJobs.Extensions.Storage.Scenario.Tests\tests\EventGridBlobTriggerEndToEndTests.cs(16,1): hidden CS8019: Unnecessary using directive.
C:\gh\azure-sdk-for-net\sdk\storage\Microsoft.Azure.WebJobs.Extensions.Storage.Scenario.Tests\tests\BlobTriggerEndToEndTests.cs(12,1): hidden CS8019: Unnecessary using directive.
C:\gh\azure-sdk-for-net\sdk\storage\Microsoft.Azure.WebJobs.Extensions.Storage.Scenario.Tests\tests\ScenarioTests.cs(12,1): hidden CS8019: Unnecessary using directive.
C:\gh\azure-sdk-for-net\sdk\storage\Microsoft.Azure.WebJobs.Extensions.Storage.Scenario.Tests\tests\BlobBindingEndToEndTests.cs(12,1): hidden CS8019: Unnecessary using directive.
C:\gh\azure-sdk-for-net\sdk\storage\Microsoft.Azure.WebJobs.Extensions.Storage.Common\tests\Shared\ServicePointManagerSetup.cs(6,1): hidden CS8019: Unnecessary using directive.
C:\gh\azure-sdk-for-net\sdk\storage\Microsoft.Azure.WebJobs.Extensions.Storage.Scenario.Tests\tests\BlobTriggerEndToEndTests.cs(18,1): hidden CS8019: Unnecessary using directive.
C:\gh\azure-sdk-for-net\sdk\storage\Microsoft.Azure.WebJobs.Extensions.Storage.Scenario.Tests\tests\EventGridBlobTriggerEndToEndTests.cs(15,1): hidden CS8019: Unnecessary using directive.
C:\gh\azure-sdk-for-net\sdk\storage\Microsoft.Azure.WebJobs.Extensions.Storage.Scenario.Tests\tests\BlobTriggerEndToEndTests.cs(15,1): hidden CS8019: Unnecessary using directive.
C:\gh\azure-sdk-for-net\sdk\storage\Microsoft.Azure.WebJobs.Extensions.Storage.Scenario.Tests\tests\AzureStorageEndToEndTests.cs(8,1): hidden CS8019: Unnecessary using directive.
C:\gh\azure-sdk-for-net\sdk\storage\Microsoft.Azure.WebJobs.Extensions.Storage.Scenario.Tests\tests\BlobBindingEndToEndTests.cs(14,1): hidden CS8019: Unnecessary using directive.
C:\gh\azure-sdk-for-net\artifacts\obj\Microsoft.Azure.WebJobs.Extensions.Storage.Scenario.Tests\Debug\net461\Microsoft.Azure.WebJobs.Extensions.Storage.Scenario.Tests.AssemblyInfo.cs(11,1): hidden CS8019: Unnecessary using directive.
C:\gh\azure-sdk-for-net\sdk\storage\Microsoft.Azure.WebJobs.Extensions.Storage.Scenario.Tests\tests\ScenarioTests.cs(9,1): hidden CS8019: Unnecessary using directive.
C:\gh\azure-sdk-for-net\sdk\storage\Microsoft.Azure.WebJobs.Extensions.Storage.Scenario.Tests\tests\EventGridBlobTriggerEndToEndTests.cs(11,1): hidden CS8019: Unnecessary using directive.
C:\gh\azure-sdk-for-net\sdk\storage\Microsoft.Azure.WebJobs.Extensions.Storage.Scenario.Tests\tests\EventGridBlobTriggerEndToEndTests.cs(17,1): hidden CS8019: Unnecessary using directive.
C:\gh\azure-sdk-for-net\sdk\storage\Microsoft.Azure.WebJobs.Extensions.Storage.Scenario.Tests\tests\AzureStorageEndToEndTests.cs(19,1): hidden CS8019: Unnecessary using directive.
C:\gh\azure-sdk-for-net\sdk\storage\Microsoft.Azure.WebJobs.Extensions.Storage.Scenario.Tests\tests\BlobTriggerEndToEndTests.cs(14,1): hidden CS8019: Unnecessary using directive.
C:\gh\azure-sdk-for-net\sdk\storage\Microsoft.Azure.WebJobs.Extensions.Storage.Common\tests\Shared\ServicePointManagerSetup.cs(4,1): hidden CS8019: Unnecessary using directive.
C:\gh\azure-sdk-for-net\sdk\storage\Microsoft.Azure.WebJobs.Extensions.Storage.Scenario.Tests\tests\Properties\AssemblyInfo.cs(4,1): hidden CS8019: Unnecessary using directive.
C:\gh\azure-sdk-for-net\sdk\storage\Microsoft.Azure.WebJobs.Extensions.Storage.Common\tests\Shared\ServicePointManagerSetup.cs(7,1): hidden CS8019: Unnecessary using directive.
C:\gh\azure-sdk-for-net\sdk\storage\Microsoft.Azure.WebJobs.Extensions.Storage.Scenario.Tests\tests\ScenarioTests.cs(10,1): hidden CS8019: Unnecessary using directive.
C:\gh\azure-sdk-for-net\sdk\storage\Microsoft.Azure.WebJobs.Extensions.Storage.Scenario.Tests\tests\BlobBindingEndToEndTests.cs(20,1): hidden CS8019: Unnecessary using directive.
C:\gh\azure-sdk-for-net\artifacts\obj\Microsoft.Azure.WebJobs.Extensions.Storage.Scenario.Tests\Debug\net461\.NETFramework,Version=v4.6.1.AssemblyAttributes.cs(3,1): hidden CS8019: Unnecessary using directive.
C:\gh\azure-sdk-for-net\sdk\storage\Microsoft.Azure.WebJobs.Extensions.Storage.Scenario.Tests\tests\MultipleStorageAccountsEndToEndTests.cs(18,1): hidden CS8019: Unnecessary using directive.
C:\gh\azure-sdk-for-net\sdk\storage\Microsoft.Azure.WebJobs.Extensions.Storage.Scenario.Tests\tests\BlobBindingEndToEndTests.cs(17,1): hidden CS8019: Unnecessary using directive.
C:\gh\azure-sdk-for-net\sdk\storage\Microsoft.Azure.WebJobs.Extensions.Storage.Scenario.Tests\tests\BlobBindingEndToEndTests.cs(13,1): hidden CS8019: Unnecessary using directive.
C:\gh\azure-sdk-for-net\sdk\storage\Microsoft.Azure.WebJobs.Extensions.Storage.Scenario.Tests\tests\MultipleStorageAccountsEndToEndTests.cs(9,1): hidden CS8019: Unnecessary using directive.
C:\gh\azure-sdk-for-net\sdk\storage\Microsoft.Azure.WebJobs.Extensions.Storage.Scenario.Tests\tests\AzureStorageEndToEndTests.cs(20,1): hidden CS8019: Unnecessary using directive.
C:\gh\azure-sdk-for-net\sdk\storage\Microsoft.Azure.WebJobs.Extensions.Storage.Scenario.Tests\tests\MultipleStorageAccountsEndToEndTests.cs(12,1): hidden CS8019: Unnecessary using directive.
C:\gh\azure-sdk-for-net\sdk\storage\Microsoft.Azure.WebJobs.Extensions.Storage.Scenario.Tests\tests\AzureStorageEndToEndTests.cs(10,1): hidden CS8019: Unnecessary using directive.
C:\gh\azure-sdk-for-net\sdk\storage\Microsoft.Azure.WebJobs.Extensions.Storage.Scenario.Tests\tests\MultipleStorageAccountsEndToEndTests.cs(15,1): hidden CS8019: Unnecessary using directive.
C:\gh\azure-sdk-for-net\sdk\storage\Microsoft.Azure.WebJobs.Extensions.Storage.Scenario.Tests\tests\BlobTriggerEndToEndTests.cs(11,1): hidden CS8019: Unnecessary using directive.
C:\gh\azure-sdk-for-net\sdk\storage\Microsoft.Azure.WebJobs.Extensions.Storage.Scenario.Tests\tests\AzureStorageEndToEndTests.cs(13,1): hidden CS8019: Unnecessary using directive.
C:\gh\azure-sdk-for-net\sdk\storage\Microsoft.Azure.WebJobs.Extensions.Storage.Scenario.Tests\tests\EventGridBlobTriggerEndToEndTests.cs(12,1): hidden CS8019: Unnecessary using directive.
C:\gh\azure-sdk-for-net\sdk\storage\Microsoft.Azure.WebJobs.Extensions.Storage.Scenario.Tests\tests\BlobBindingEndToEndTests.cs(16,1): hidden CS8019: Unnecessary using directive.
C:\gh\azure-sdk-for-net\sdk\storage\Microsoft.Azure.WebJobs.Extensions.Storage.Scenario.Tests\tests\BlobTriggerEndToEndTests.cs(17,1): hidden CS8019: Unnecessary using directive.
C:\gh\azure-sdk-for-net\artifacts\obj\Microsoft.Azure.WebJobs.Extensions.Storage.Scenario.Tests\Debug\net461\.NETFramework,Version=v4.6.1.AssemblyAttributes.cs(2,1): hidden CS8019: Unnecessary using directive.
C:\gh\azure-sdk-for-net\sdk\storage\Microsoft.Azure.WebJobs.Extensions.Storage.Scenario.Tests\tests\BlobBindingEndToEndTests.cs(21,1): hidden CS8019: Unnecessary using directive.
C:\gh\azure-sdk-for-net\sdk\storage\Microsoft.Azure.WebJobs.Extensions.Storage.Scenario.Tests\tests\MultipleStorageAccountsEndToEndTests.cs(14,1): hidden CS8019: Unnecessary using directive.
C:\gh\azure-sdk-for-net\sdk\storage\Microsoft.Azure.WebJobs.Extensions.Storage.Scenario.Tests\tests\EventGridBlobTriggerEndToEndTests.cs(19,1): hidden CS8019: Unnecessary using directive.
C:\gh\azure-sdk-for-net\sdk\storage\Microsoft.Azure.WebJobs.Extensions.Storage.Scenario.Tests\tests\AzureStorageEndToEndTests.cs(15,1): hidden CS8019: Unnecessary using directive.
C:\gh\azure-sdk-for-net\sdk\storage\Microsoft.Azure.WebJobs.Extensions.Storage.Scenario.Tests\tests\ScenarioTests.cs(14,1): hidden CS8019: Unnecessary using directive.
C:\gh\azure-sdk-for-net\sdk\storage\Microsoft.Azure.WebJobs.Extensions.Storage.Scenario.Tests\tests\ScenarioTests.cs(8,1): hidden CS8019: Unnecessary using directive.
C:\gh\azure-sdk-for-net\sdk\storage\Microsoft.Azure.WebJobs.Extensions.Storage.Common\tests\Shared\AzuriteNUnitFixture.cs(7,1): hidden CS8019: Unnecessary using directive.
C:\gh\azure-sdk-for-net\sdk\storage\Microsoft.Azure.WebJobs.Extensions.Storage.Scenario.Tests\tests\AzureStorageEndToEndTests.cs(17,1): hidden CS8019: Unnecessary using directive.
