C:\gh\azure-sdk-for-net\sdk\netapp\Microsoft.Azure.Management.NetApp\tests\ResourceTests\BackupTests.cs(17,7): error CS0246: The type or namespace name 'Polly' could not be found (are you missing a using directive or an assembly reference?)
C:\gh\azure-sdk-for-net\sdk\netapp\Microsoft.Azure.Management.NetApp\tests\ResourceTests\BackupTests.cs(18,7): error CS0246: The type or namespace name 'Polly' could not be found (are you missing a using directive or an assembly reference?)
C:\gh\azure-sdk-for-net\sdk\netapp\Microsoft.Azure.Management.NetApp\tests\ResourceTests\BackupTests.cs(114,64): error CS1061: 'IBackupsOperations' does not contain a definition for 'GetStatus' and no accessible extension method 'GetStatus' accepting a first argument of type 'IBackupsOperations' could be found (are you missing a using directive or an assembly reference?)
C:\gh\azure-sdk-for-net\sdk\netapp\Microsoft.Azure.Management.NetApp\tests\ResourceTests\BackupTests.cs(159,25): error CS0103: The name 'Backoff' does not exist in the current context
C:\gh\azure-sdk-for-net\sdk\netapp\Microsoft.Azure.Management.NetApp\tests\ResourceTests\BackupTests.cs(162,26): error CS0103: The name 'Policy' does not exist in the current context
C:\gh\azure-sdk-for-net\sdk\netapp\Microsoft.Azure.Management.NetApp\tests\ResourceTests\BackupTests.cs(179,25): error CS0103: The name 'Backoff' does not exist in the current context
C:\gh\azure-sdk-for-net\sdk\netapp\Microsoft.Azure.Management.NetApp\tests\ResourceTests\BackupTests.cs(181,26): error CS0103: The name 'Policy' does not exist in the current context
C:\gh\azure-sdk-for-net\sdk\netapp\Microsoft.Azure.Management.NetApp\tests\ResourceTests\ResourceAvailabilityTests.cs(10,1): hidden CS8019: Unnecessary using directive.
C:\gh\azure-sdk-for-net\sdk\netapp\Microsoft.Azure.Management.NetApp\tests\ResourceTests\BackupTests.cs(13,1): hidden CS8019: Unnecessary using directive.
C:\gh\azure-sdk-for-net\artifacts\obj\Microsoft.Azure.Management.NetApp.Tests\Debug\netcoreapp2.0\Microsoft.Azure.Management.NetApp.Tests.AssemblyInfo.cs(11,1): hidden CS8019: Unnecessary using directive.
C:\gh\azure-sdk-for-net\sdk\netapp\Microsoft.Azure.Management.NetApp\tests\ResourceTests\ResourceAvailabilityTests.cs(5,1): hidden CS8019: Unnecessary using directive.
C:\gh\azure-sdk-for-net\artifacts\obj\Microsoft.Azure.Management.NetApp.Tests\Debug\netcoreapp2.0\Microsoft.Azure.Management.NetApp.Tests.Program.cs(2,1): hidden CS8019: Unnecessary using directive.
C:\gh\azure-sdk-for-net\sdk\netapp\Microsoft.Azure.Management.NetApp\tests\ResourceTests\SnapshotTests.cs(11,1): hidden CS8019: Unnecessary using directive.
C:\gh\azure-sdk-for-net\sdk\netapp\Microsoft.Azure.Management.NetApp\tests\Helpers\NetAppManagementTestUtilities.cs(6,1): hidden CS8019: Unnecessary using directive.
C:\gh\azure-sdk-for-net\artifacts\obj\Microsoft.Azure.Management.NetApp.Tests\Debug\netcoreapp2.0\Microsoft.Azure.Management.NetApp.Tests.AssemblyInfo.cs(10,1): hidden CS8019: Unnecessary using directive.
C:\gh\azure-sdk-for-net\sdk\netapp\Microsoft.Azure.Management.NetApp\tests\ResourceTests\AccountTests.cs(11,1): hidden CS8019: Unnecessary using directive.
C:\gh\azure-sdk-for-net\sdk\netapp\Microsoft.Azure.Management.NetApp\tests\ResourceTests\ANFBackupPolicyTests.cs(14,1): hidden CS8019: Unnecessary using directive.
C:\gh\azure-sdk-for-net\sdk\netapp\Microsoft.Azure.Management.NetApp\tests\ResourceTests\ANFBackupPolicyTests.cs(15,1): hidden CS8019: Unnecessary using directive.
C:\gh\azure-sdk-for-net\sdk\netapp\Microsoft.Azure.Management.NetApp\tests\ResourceTests\ANFBackupPolicyTests.cs(12,1): hidden CS8019: Unnecessary using directive.
C:\gh\azure-sdk-for-net\artifacts\obj\Microsoft.Azure.Management.NetApp.Tests\Debug\netcoreapp2.0\.NETCoreApp,Version=v2.0.AssemblyAttributes.cs(3,1): hidden CS8019: Unnecessary using directive.
C:\gh\azure-sdk-for-net\sdk\netapp\Microsoft.Azure.Management.NetApp\tests\ResourceTests\BackupTests.cs(18,1): hidden CS8019: Unnecessary using directive.
C:\gh\azure-sdk-for-net\sdk\netapp\Microsoft.Azure.Management.NetApp\tests\Helpers\NetAppManagementTestUtilities.cs(2,1): hidden CS8019: Unnecessary using directive.
C:\gh\azure-sdk-for-net\eng\mgmt\DisableTestRunParallel.cs(4,1): hidden CS8019: Unnecessary using directive.
C:\gh\azure-sdk-for-net\sdk\netapp\Microsoft.Azure.Management.NetApp\tests\ResourceTests\SnapshotPolicyTests.cs(14,1): hidden CS8019: Unnecessary using directive.
C:\gh\azure-sdk-for-net\sdk\netapp\Microsoft.Azure.Management.NetApp\tests\ResourceTests\SnapshotPolicyTests.cs(15,1): hidden CS8019: Unnecessary using directive.
C:\gh\azure-sdk-for-net\sdk\netapp\Microsoft.Azure.Management.NetApp\tests\Helpers\NetAppManagementTestUtilities.cs(4,1): hidden CS8019: Unnecessary using directive.
C:\gh\azure-sdk-for-net\sdk\netapp\Microsoft.Azure.Management.NetApp\tests\ResourceTests\BackupTests.cs(8,1): hidden CS8019: Unnecessary using directive.
C:\gh\azure-sdk-for-net\artifacts\obj\Microsoft.Azure.Management.NetApp.Tests\Debug\netcoreapp2.0\.NETCoreApp,Version=v2.0.AssemblyAttributes.cs(2,1): hidden CS8019: Unnecessary using directive.
C:\gh\azure-sdk-for-net\sdk\netapp\Microsoft.Azure.Management.NetApp\tests\ResourceTests\VolumeTests.cs(15,1): hidden CS8019: Unnecessary using directive.
C:\gh\azure-sdk-for-net\sdk\netapp\Microsoft.Azure.Management.NetApp\tests\ResourceTests\BackupTests.cs(17,1): hidden CS8019: Unnecessary using directive.
C:\gh\azure-sdk-for-net\sdk\netapp\Microsoft.Azure.Management.NetApp\tests\Properties\AssemblyInfo.cs(5,1): hidden CS8019: Unnecessary using directive.
C:\gh\azure-sdk-for-net\sdk\netapp\Microsoft.Azure.Management.NetApp\tests\ResourceTests\ResourceAvailabilityTests.cs(6,1): hidden CS8019: Unnecessary using directive.
