C:\gh\azure-sdk-for-net\sdk\schemaregistry\Azure.Data.SchemaRegistry\tests\SchemaRegistryClientLiveTest.cs(59,10): error CS0246: The type or namespace name 'TestAttribute' could not be found (are you missing a using directive or an assembly reference?)
C:\gh\azure-sdk-for-net\sdk\schemaregistry\Azure.Data.SchemaRegistry\tests\SchemaRegistryClientLiveTest.cs(59,10): error CS0246: The type or namespace name 'Test' could not be found (are you missing a using directive or an assembly reference?)
C:\gh\azure-sdk-for-net\sdk\schemaregistry\Azure.Data.SchemaRegistry\tests\SchemaRegistryClientLiveTest.cs(43,10): error CS0246: The type or namespace name 'TestAttribute' could not be found (are you missing a using directive or an assembly reference?)
C:\gh\azure-sdk-for-net\sdk\schemaregistry\Azure.Data.SchemaRegistry\tests\SchemaRegistryClientLiveTest.cs(43,10): error CS0246: The type or namespace name 'Test' could not be found (are you missing a using directive or an assembly reference?)
C:\gh\azure-sdk-for-net\sdk\schemaregistry\Azure.Data.SchemaRegistry\tests\SchemaRegistryClientLiveTest.cs(28,10): error CS0246: The type or namespace name 'TestAttribute' could not be found (are you missing a using directive or an assembly reference?)
C:\gh\azure-sdk-for-net\sdk\schemaregistry\Azure.Data.SchemaRegistry\tests\SchemaRegistryClientLiveTest.cs(28,10): error CS0246: The type or namespace name 'Test' could not be found (are you missing a using directive or an assembly reference?)
C:\gh\azure-sdk-for-net\sdk\schemaregistry\Azure.Data.SchemaRegistry\tests\Samples\Sample01_ReadmeSnippets.cs(6,13): error CS0234: The type or namespace name 'Identity' does not exist in the namespace 'Azure' (are you missing an assembly reference?)
C:\gh\azure-sdk-for-net\sdk\schemaregistry\Azure.Data.SchemaRegistry\tests\Samples\Sample01_ReadmeSnippets.cs(7,7): error CS0246: The type or namespace name 'NUnit' could not be found (are you missing a using directive or an assembly reference?)
C:\gh\azure-sdk-for-net\sdk\schemaregistry\Azure.Data.SchemaRegistry\tests\SchemaRegistryClientLiveTest.cs(8,7): error CS0246: The type or namespace name 'NUnit' could not be found (are you missing a using directive or an assembly reference?)
C:\gh\azure-sdk-for-net\sdk\schemaregistry\Azure.Data.SchemaRegistry\tests\Samples\Sample01_ReadmeSnippets.cs(18,10): error CS0246: The type or namespace name 'OneTimeSetUpAttribute' could not be found (are you missing a using directive or an assembly reference?)
C:\gh\azure-sdk-for-net\sdk\schemaregistry\Azure.Data.SchemaRegistry\tests\Samples\Sample01_ReadmeSnippets.cs(18,10): error CS0246: The type or namespace name 'OneTimeSetUp' could not be found (are you missing a using directive or an assembly reference?)
C:\gh\azure-sdk-for-net\sdk\schemaregistry\Azure.Data.SchemaRegistry\tests\Samples\Sample01_ReadmeSnippets.cs(33,10): error CS0246: The type or namespace name 'TestAttribute' could not be found (are you missing a using directive or an assembly reference?)
C:\gh\azure-sdk-for-net\sdk\schemaregistry\Azure.Data.SchemaRegistry\tests\Samples\Sample01_ReadmeSnippets.cs(33,10): error CS0246: The type or namespace name 'Test' could not be found (are you missing a using directive or an assembly reference?)
C:\gh\azure-sdk-for-net\sdk\schemaregistry\Azure.Data.SchemaRegistry\tests\Samples\Sample01_ReadmeSnippets.cs(34,10): error CS0246: The type or namespace name 'OrderAttribute' could not be found (are you missing a using directive or an assembly reference?)
C:\gh\azure-sdk-for-net\sdk\schemaregistry\Azure.Data.SchemaRegistry\tests\Samples\Sample01_ReadmeSnippets.cs(34,10): error CS0246: The type or namespace name 'Order' could not be found (are you missing a using directive or an assembly reference?)
C:\gh\azure-sdk-for-net\sdk\schemaregistry\Azure.Data.SchemaRegistry\tests\Samples\Sample01_ReadmeSnippets.cs(61,10): error CS0246: The type or namespace name 'TestAttribute' could not be found (are you missing a using directive or an assembly reference?)
C:\gh\azure-sdk-for-net\sdk\schemaregistry\Azure.Data.SchemaRegistry\tests\Samples\Sample01_ReadmeSnippets.cs(61,10): error CS0246: The type or namespace name 'Test' could not be found (are you missing a using directive or an assembly reference?)
C:\gh\azure-sdk-for-net\sdk\schemaregistry\Azure.Data.SchemaRegistry\tests\Samples\Sample01_ReadmeSnippets.cs(62,10): error CS0246: The type or namespace name 'OrderAttribute' could not be found (are you missing a using directive or an assembly reference?)
C:\gh\azure-sdk-for-net\sdk\schemaregistry\Azure.Data.SchemaRegistry\tests\Samples\Sample01_ReadmeSnippets.cs(62,10): error CS0246: The type or namespace name 'Order' could not be found (are you missing a using directive or an assembly reference?)
C:\gh\azure-sdk-for-net\sdk\schemaregistry\Azure.Data.SchemaRegistry\tests\Samples\Sample01_ReadmeSnippets.cs(89,10): error CS0246: The type or namespace name 'TestAttribute' could not be found (are you missing a using directive or an assembly reference?)
C:\gh\azure-sdk-for-net\sdk\schemaregistry\Azure.Data.SchemaRegistry\tests\Samples\Sample01_ReadmeSnippets.cs(89,10): error CS0246: The type or namespace name 'Test' could not be found (are you missing a using directive or an assembly reference?)
C:\gh\azure-sdk-for-net\sdk\schemaregistry\Azure.Data.SchemaRegistry\tests\Samples\Sample01_ReadmeSnippets.cs(90,10): error CS0246: The type or namespace name 'OrderAttribute' could not be found (are you missing a using directive or an assembly reference?)
C:\gh\azure-sdk-for-net\sdk\schemaregistry\Azure.Data.SchemaRegistry\tests\Samples\Sample01_ReadmeSnippets.cs(90,10): error CS0246: The type or namespace name 'Order' could not be found (are you missing a using directive or an assembly reference?)
C:\gh\azure-sdk-for-net\sdk\schemaregistry\Azure.Data.SchemaRegistry\tests\Samples\Sample01_ReadmeSnippets.cs(27,87): error CS0246: The type or namespace name 'DefaultAzureCredential' could not be found (are you missing a using directive or an assembly reference?)
C:\gh\azure-sdk-for-net\sdk\schemaregistry\Azure.Data.SchemaRegistry\tests\Samples\Sample01_ReadmeSnippets.cs(27,30): error CS0518: Predefined type 'System.Void' is not defined or imported
C:\gh\azure-sdk-for-net\sdk\schemaregistry\Azure.Data.SchemaRegistry\tests\SchemaRegistryClientLiveTest.cs(22,33): error CS0012: The type 'TokenCredential' is defined in an assembly that is not referenced. You must add a reference to assembly 'Azure.Core, Version=1.4.1.0, Culture=neutral, PublicKeyToken=92742159e12e44c8'.
C:\gh\azure-sdk-for-net\sdk\schemaregistry\Azure.Data.SchemaRegistry\tests\SchemaRegistryClientLiveTest.cs(23,45): error CS0518: Predefined type 'System.Void' is not defined or imported
C:\gh\azure-sdk-for-net\sdk\schemaregistry\Azure.Data.SchemaRegistry\tests\SchemaRegistryClientLiveTest.cs(20,34): error CS0518: Predefined type 'System.Void' is not defined or imported
C:\gh\azure-sdk-for-net\sdk\schemaregistry\Azure.Data.SchemaRegistry\tests\Samples\Sample01_ReadmeSnippets.cs(54,13): error CS0246: The type or namespace name 'Response<>' could not be found (are you missing a using directive or an assembly reference?)
C:\gh\azure-sdk-for-net\sdk\schemaregistry\Azure.Data.SchemaRegistry\tests\Samples\Sample01_ReadmeSnippets.cs(54,59): error CS0246: The type or namespace name 'Response<>' could not be found (are you missing a using directive or an assembly reference?)
C:\gh\azure-sdk-for-net\sdk\schemaregistry\Azure.Data.SchemaRegistry\tests\Samples\Sample01_ReadmeSnippets.cs(57,13): error CS0103: The name 'Assert' does not exist in the current context
C:\gh\azure-sdk-for-net\sdk\schemaregistry\Azure.Data.SchemaRegistry\tests\SchemaRegistryClientLiveTest.cs(36,42): error CS0246: The type or namespace name 'Task<>' could not be found (are you missing a using directive or an assembly reference?)
C:\gh\azure-sdk-for-net\sdk\schemaregistry\Azure.Data.SchemaRegistry\tests\SchemaRegistryClientLiveTest.cs(37,13): error CS0103: The name 'Assert' does not exist in the current context
C:\gh\azure-sdk-for-net\sdk\schemaregistry\Azure.Data.SchemaRegistry\tests\SchemaRegistryClientLiveTest.cs(38,13): error CS0103: The name 'Assert' does not exist in the current context
C:\gh\azure-sdk-for-net\sdk\schemaregistry\Azure.Data.SchemaRegistry\tests\SchemaRegistryClientLiveTest.cs(39,13): error CS0103: The name 'Assert' does not exist in the current context
C:\gh\azure-sdk-for-net\sdk\schemaregistry\Azure.Data.SchemaRegistry\tests\SchemaRegistryClientLiveTest.cs(40,13): error CS0103: The name 'Assert' does not exist in the current context
C:\gh\azure-sdk-for-net\sdk\schemaregistry\Azure.Data.SchemaRegistry\tests\Samples\Sample01_ReadmeSnippets.cs(82,13): error CS0246: The type or namespace name 'Response<>' could not be found (are you missing a using directive or an assembly reference?)
C:\gh\azure-sdk-for-net\sdk\schemaregistry\Azure.Data.SchemaRegistry\tests\Samples\Sample01_ReadmeSnippets.cs(82,59): error CS0246: The type or namespace name 'Response<>' could not be found (are you missing a using directive or an assembly reference?)
C:\gh\azure-sdk-for-net\sdk\schemaregistry\Azure.Data.SchemaRegistry\tests\Samples\Sample01_ReadmeSnippets.cs(86,13): error CS0103: The name 'Assert' does not exist in the current context
C:\gh\azure-sdk-for-net\sdk\schemaregistry\Azure.Data.SchemaRegistry\tests\Samples\Sample01_ReadmeSnippets.cs(86,47): error CS0518: Predefined type 'System.String' is not defined or imported
C:\gh\azure-sdk-for-net\sdk\schemaregistry\Azure.Data.SchemaRegistry\tests\Samples\Sample01_ReadmeSnippets.cs(93,46): error CS0518: Predefined type 'System.String' is not defined or imported
C:\gh\azure-sdk-for-net\sdk\schemaregistry\Azure.Data.SchemaRegistry\tests\Samples\Sample01_ReadmeSnippets.cs(96,13): error CS0246: The type or namespace name 'Response<>' could not be found (are you missing a using directive or an assembly reference?)
C:\gh\azure-sdk-for-net\sdk\schemaregistry\Azure.Data.SchemaRegistry\tests\Samples\Sample01_ReadmeSnippets.cs(96,59): error CS0246: The type or namespace name 'Response<>' could not be found (are you missing a using directive or an assembly reference?)
C:\gh\azure-sdk-for-net\sdk\schemaregistry\Azure.Data.SchemaRegistry\tests\Samples\Sample01_ReadmeSnippets.cs(100,13): error CS0103: The name 'Assert' does not exist in the current context
C:\gh\azure-sdk-for-net\sdk\schemaregistry\Azure.Data.SchemaRegistry\tests\Samples\Sample01_ReadmeSnippets.cs(100,61): error CS0518: Predefined type 'System.String' is not defined or imported
C:\gh\azure-sdk-for-net\sdk\schemaregistry\Azure.Data.SchemaRegistry\tests\SchemaRegistryClientLiveTest.cs(51,19): error CS0246: The type or namespace name 'Task<>' could not be found (are you missing a using directive or an assembly reference?)
C:\gh\azure-sdk-for-net\sdk\schemaregistry\Azure.Data.SchemaRegistry\tests\SchemaRegistryClientLiveTest.cs(52,42): error CS0246: The type or namespace name 'Task<>' could not be found (are you missing a using directive or an assembly reference?)
C:\gh\azure-sdk-for-net\sdk\schemaregistry\Azure.Data.SchemaRegistry\tests\SchemaRegistryClientLiveTest.cs(53,13): error CS0103: The name 'Assert' does not exist in the current context
C:\gh\azure-sdk-for-net\sdk\schemaregistry\Azure.Data.SchemaRegistry\tests\SchemaRegistryClientLiveTest.cs(54,13): error CS0103: The name 'Assert' does not exist in the current context
C:\gh\azure-sdk-for-net\sdk\schemaregistry\Azure.Data.SchemaRegistry\tests\SchemaRegistryClientLiveTest.cs(55,13): error CS0103: The name 'Assert' does not exist in the current context
C:\gh\azure-sdk-for-net\sdk\schemaregistry\Azure.Data.SchemaRegistry\tests\SchemaRegistryClientLiveTest.cs(56,13): error CS0103: The name 'Assert' does not exist in the current context
C:\gh\azure-sdk-for-net\sdk\schemaregistry\Azure.Data.SchemaRegistry\tests\SchemaRegistryClientLiveTest.cs(67,44): error CS0246: The type or namespace name 'Task<>' could not be found (are you missing a using directive or an assembly reference?)
C:\gh\azure-sdk-for-net\sdk\schemaregistry\Azure.Data.SchemaRegistry\tests\SchemaRegistryClientLiveTest.cs(68,13): error CS0103: The name 'Assert' does not exist in the current context
C:\gh\azure-sdk-for-net\sdk\schemaregistry\Azure.Data.SchemaRegistry\tests\SchemaRegistryClientLiveTest.cs(69,13): error CS0103: The name 'Assert' does not exist in the current context
C:\gh\azure-sdk-for-net\sdk\schemaregistry\Azure.Data.SchemaRegistry\tests\SchemaRegistryClientLiveTest.cs(71,42): error CS0246: The type or namespace name 'Task<>' could not be found (are you missing a using directive or an assembly reference?)
C:\gh\azure-sdk-for-net\sdk\schemaregistry\Azure.Data.SchemaRegistry\tests\SchemaRegistryClientLiveTest.cs(72,13): error CS0103: The name 'Assert' does not exist in the current context
C:\gh\azure-sdk-for-net\sdk\schemaregistry\Azure.Data.SchemaRegistry\tests\SchemaRegistryClientLiveTest.cs(73,13): error CS0103: The name 'Assert' does not exist in the current context
C:\gh\azure-sdk-for-net\sdk\schemaregistry\Azure.Data.SchemaRegistry\tests\SchemaRegistryClientLiveTest.cs(74,13): error CS0103: The name 'Assert' does not exist in the current context
C:\gh\azure-sdk-for-net\sdk\schemaregistry\Azure.Data.SchemaRegistry\tests\SchemaRegistryClientLiveTest.cs(75,13): error CS0103: The name 'Assert' does not exist in the current context
C:\gh\azure-sdk-for-net\artifacts\obj\Azure.Data.SchemaRegistry.Tests\Debug\net461\Azure.Data.SchemaRegistry.Tests.AssemblyInfo.cs(11,1): hidden CS8019: Unnecessary using directive.
C:\gh\azure-sdk-for-net\artifacts\obj\Azure.Data.SchemaRegistry.Tests\Debug\net461\.NETFramework,Version=v4.6.1.AssemblyAttributes.cs(3,1): hidden CS8019: Unnecessary using directive.
C:\gh\azure-sdk-for-net\sdk\schemaregistry\Azure.Data.SchemaRegistry\tests\SchemaRegistryClientLiveTest.cs(8,1): hidden CS8019: Unnecessary using directive.
C:\gh\azure-sdk-for-net\artifacts\obj\Azure.Data.SchemaRegistry.Tests\Debug\net461\Azure.Data.SchemaRegistry.Tests.AssemblyInfo.cs(12,1): hidden CS8019: Unnecessary using directive.
C:\gh\azure-sdk-for-net\sdk\schemaregistry\Azure.Data.SchemaRegistry\tests\Samples\Sample01_ReadmeSnippets.cs(7,1): hidden CS8019: Unnecessary using directive.
C:\gh\azure-sdk-for-net\sdk\schemaregistry\Azure.Data.SchemaRegistry\tests\Samples\Sample01_ReadmeSnippets.cs(6,1): hidden CS8019: Unnecessary using directive.
C:\gh\azure-sdk-for-net\artifacts\obj\Azure.Data.SchemaRegistry.Tests\Debug\net461\.NETFramework,Version=v4.6.1.AssemblyAttributes.cs(2,1): hidden CS8019: Unnecessary using directive.
