C:\gh\azure-sdk-for-net\sdk\keyvault\samples\keyvaultproxy\tests\TestFramework\MockRequest.cs(10,32): error CS0246: The type or namespace name 'Request' could not be found (are you missing a using directive or an assembly reference?)
C:\gh\azure-sdk-for-net\sdk\keyvault\samples\keyvaultproxy\tests\LiveFactAttribute.cs(13,38): error CS0246: The type or namespace name 'FactAttribute' could not be found (are you missing a using directive or an assembly reference?)
C:\gh\azure-sdk-for-net\sdk\keyvault\samples\keyvaultproxy\tests\TestFramework\MockRequest.cs(24,13): error CS0518: Predefined type 'System.Void' is not defined or imported
C:\gh\azure-sdk-for-net\sdk\keyvault\samples\keyvaultproxy\tests\TestFramework\MockRequest.cs(84,55): error CS0518: Predefined type 'System.Void' is not defined or imported
C:\gh\azure-sdk-for-net\sdk\keyvault\samples\keyvaultproxy\tests\KeyVaultProxyTests.cs(55,33): error CS0518: Predefined type 'System.String' is not defined or imported
C:\gh\azure-sdk-for-net\sdk\keyvault\samples\keyvaultproxy\tests\KeyVaultProxyTests.cs(55,45): error CS0518: Predefined type 'System.Boolean' is not defined or imported
C:\gh\azure-sdk-for-net\sdk\keyvault\samples\keyvaultproxy\tests\KeyVaultProxyTests.cs(55,16): error CS0518: Predefined type 'System.Void' is not defined or imported
C:\gh\azure-sdk-for-net\sdk\keyvault\samples\keyvaultproxy\tests\TestFramework\MockTransport.cs(12,34): error CS0246: The type or namespace name 'HttpPipelineTransport' could not be found (are you missing a using directive or an assembly reference?)
C:\gh\azure-sdk-for-net\sdk\keyvault\samples\keyvaultproxy\tests\KeyVaultProxyTests.Live.cs(16,47): error CS0246: The type or namespace name 'IClassFixture<>' could not be found (are you missing a using directive or an assembly reference?)
C:\gh\azure-sdk-for-net\sdk\keyvault\samples\keyvaultproxy\tests\KeyVaultProxyTests.Live.cs(16,78): error CS0246: The type or namespace name 'IDisposable' could not be found (are you missing a using directive or an assembly reference?)
C:\gh\azure-sdk-for-net\sdk\keyvault\samples\keyvaultproxy\tests\TestFramework\MockRequest.cs(86,25): error CS0518: Predefined type 'System.String' is not defined or imported
C:\gh\azure-sdk-for-net\sdk\keyvault\samples\keyvaultproxy\tests\LiveFactAttribute.cs(24,17): error CS0518: Predefined type 'System.Int32' is not defined or imported
C:\gh\azure-sdk-for-net\sdk\keyvault\samples\keyvaultproxy\tests\TestFramework\AsyncGate.cs(66,16): error CS0518: Predefined type 'System.Object' is not defined or imported
C:\gh\azure-sdk-for-net\sdk\keyvault\samples\keyvaultproxy\tests\TestFramework\AsyncGate.cs(66,16): error CS0246: The type or namespace name 'Task<>' could not be found (are you missing a using directive or an assembly reference?)
C:\gh\azure-sdk-for-net\sdk\keyvault\samples\keyvaultproxy\tests\TestFramework\AsyncGate.cs(13,17): error CS0518: Predefined type 'System.Object' is not defined or imported
C:\gh\azure-sdk-for-net\sdk\keyvault\samples\keyvaultproxy\tests\TestFramework\AsyncGate.cs(13,17): error CS0246: The type or namespace name 'TaskCompletionSource<>' could not be found (are you missing a using directive or an assembly reference?)
C:\gh\azure-sdk-for-net\sdk\keyvault\samples\keyvaultproxy\tests\KeyVaultProxyTests.Live.cs(123,10): error CS0518: Predefined type 'System.Object' is not defined or imported
C:\gh\azure-sdk-for-net\sdk\keyvault\samples\keyvaultproxy\tests\KeyVaultProxyTests.Live.cs(123,10): error CS0616: 'LiveFactAttribute' is not an attribute class
C:\gh\azure-sdk-for-net\sdk\keyvault\samples\keyvaultproxy\tests\KeyVaultProxyTests.Live.cs(123,35): error CS0518: Predefined type 'System.Object' is not defined or imported
C:\gh\azure-sdk-for-net\sdk\keyvault\samples\keyvaultproxy\tests\KeyVaultProxyTests.Live.cs(123,10): error CS0518: Predefined type 'System.Void' is not defined or imported
C:\gh\azure-sdk-for-net\sdk\keyvault\samples\keyvaultproxy\tests\KeyVaultProxyTests.Live.cs(124,46): error CS0518: Predefined type 'System.Boolean' is not defined or imported
C:\gh\azure-sdk-for-net\sdk\keyvault\samples\keyvaultproxy\tests\KeyVaultProxyTests.Live.cs(124,22): error CS0518: Predefined type 'System.Object' is not defined or imported
C:\gh\azure-sdk-for-net\sdk\keyvault\samples\keyvaultproxy\tests\KeyVaultProxyTests.Live.cs(124,22): error CS0246: The type or namespace name 'Task' could not be found (are you missing a using directive or an assembly reference?)
C:\gh\azure-sdk-for-net\sdk\keyvault\samples\keyvaultproxy\tests\TestFramework\MockRequest.cs(79,47): error CS0518: Predefined type 'System.Object' is not defined or imported
C:\gh\azure-sdk-for-net\sdk\keyvault\samples\keyvaultproxy\tests\TestFramework\MockRequest.cs(79,47): error CS0246: The type or namespace name 'IEnumerable<>' could not be found (are you missing a using directive or an assembly reference?)
C:\gh\azure-sdk-for-net\sdk\keyvault\samples\keyvaultproxy\tests\TestFramework\MockRequest.cs(79,59): error CS0518: Predefined type 'System.String' is not defined or imported
C:\gh\azure-sdk-for-net\sdk\keyvault\samples\keyvaultproxy\tests\TestFramework\MockRequest.cs(79,24): error CS0518: Predefined type 'System.String' is not defined or imported
C:\gh\azure-sdk-for-net\sdk\keyvault\samples\keyvaultproxy\tests\TestFramework\MockTransport.cs(61,40): error CS0518: Predefined type 'System.Object' is not defined or imported
C:\gh\azure-sdk-for-net\sdk\keyvault\samples\keyvaultproxy\tests\TestFramework\MockTransport.cs(61,40): error CS0246: The type or namespace name 'HttpMessage' could not be found (are you missing a using directive or an assembly reference?)
C:\gh\azure-sdk-for-net\sdk\keyvault\samples\keyvaultproxy\tests\TestFramework\MockTransport.cs(61,23): error CS0518: Predefined type 'System.Object' is not defined or imported
C:\gh\azure-sdk-for-net\sdk\keyvault\samples\keyvaultproxy\tests\TestFramework\MockTransport.cs(61,23): error CS0246: The type or namespace name 'Task' could not be found (are you missing a using directive or an assembly reference?)
C:\gh\azure-sdk-for-net\sdk\keyvault\samples\keyvaultproxy\tests\TestFramework\TaskExtensions.cs(16,59): error CS0518: Predefined type 'System.Object' is not defined or imported
C:\gh\azure-sdk-for-net\sdk\keyvault\samples\keyvaultproxy\tests\TestFramework\TaskExtensions.cs(16,59): error CS0246: The type or namespace name 'Task<>' could not be found (are you missing a using directive or an assembly reference?)
C:\gh\azure-sdk-for-net\sdk\keyvault\samples\keyvaultproxy\tests\TestFramework\TaskExtensions.cs(17,30): error CS0518: Predefined type 'System.String' is not defined or imported
C:\gh\azure-sdk-for-net\sdk\keyvault\samples\keyvaultproxy\tests\TestFramework\TaskExtensions.cs(18,32): error CS0518: Predefined type 'System.Int32' is not defined or imported
C:\gh\azure-sdk-for-net\sdk\keyvault\samples\keyvaultproxy\tests\TestFramework\TaskExtensions.cs(16,23): error CS0518: Predefined type 'System.Object' is not defined or imported
C:\gh\azure-sdk-for-net\sdk\keyvault\samples\keyvaultproxy\tests\TestFramework\TaskExtensions.cs(16,23): error CS0246: The type or namespace name 'Task<>' could not be found (are you missing a using directive or an assembly reference?)
C:\gh\azure-sdk-for-net\sdk\keyvault\samples\keyvaultproxy\tests\TestFramework\TaskExtensions.cs(16,54): error CS1110: Cannot define a new extension method because the compiler required type 'System.Runtime.CompilerServices.ExtensionAttribute' cannot be found. Are you missing a reference to System.Core.dll?
C:\gh\azure-sdk-for-net\sdk\keyvault\samples\keyvaultproxy\tests\LiveFactDiscoverer.cs(13,39): error CS0246: The type or namespace name 'IXunitTestCaseDiscoverer' could not be found (are you missing a using directive or an assembly reference?)
C:\gh\azure-sdk-for-net\sdk\keyvault\samples\keyvaultproxy\tests\LiveFactDiscoverer.cs(37,38): error CS0518: Predefined type 'System.Object' is not defined or imported
C:\gh\azure-sdk-for-net\sdk\keyvault\samples\keyvaultproxy\tests\LiveFactDiscoverer.cs(37,38): error CS0246: The type or namespace name 'XunitTestCase' could not be found (are you missing a using directive or an assembly reference?)
C:\gh\azure-sdk-for-net\sdk\keyvault\samples\keyvaultproxy\tests\TestFramework\TaskExtensions.cs(23,53): error CS0518: Predefined type 'System.Object' is not defined or imported
C:\gh\azure-sdk-for-net\sdk\keyvault\samples\keyvaultproxy\tests\TestFramework\TaskExtensions.cs(23,53): error CS0246: The type or namespace name 'Task' could not be found (are you missing a using directive or an assembly reference?)
C:\gh\azure-sdk-for-net\sdk\keyvault\samples\keyvaultproxy\tests\TestFramework\TaskExtensions.cs(24,30): error CS0518: Predefined type 'System.String' is not defined or imported
C:\gh\azure-sdk-for-net\sdk\keyvault\samples\keyvaultproxy\tests\TestFramework\TaskExtensions.cs(25,32): error CS0518: Predefined type 'System.Int32' is not defined or imported
C:\gh\azure-sdk-for-net\sdk\keyvault\samples\keyvaultproxy\tests\TestFramework\TaskExtensions.cs(23,23): error CS0518: Predefined type 'System.Object' is not defined or imported
C:\gh\azure-sdk-for-net\sdk\keyvault\samples\keyvaultproxy\tests\TestFramework\TaskExtensions.cs(23,23): error CS0246: The type or namespace name 'Task' could not be found (are you missing a using directive or an assembly reference?)
C:\gh\azure-sdk-for-net\sdk\keyvault\samples\keyvaultproxy\tests\TestFramework\TaskExtensions.cs(23,48): error CS1110: Cannot define a new extension method because the compiler required type 'System.Runtime.CompilerServices.ExtensionAttribute' cannot be found. Are you missing a reference to System.Core.dll?
C:\gh\azure-sdk-for-net\sdk\keyvault\samples\keyvaultproxy\tests\LiveFactDiscoverer.cs(74,46): error CS0518: Predefined type 'System.Object' is not defined or imported
C:\gh\azure-sdk-for-net\sdk\keyvault\samples\keyvaultproxy\tests\LiveFactDiscoverer.cs(74,46): error CS0246: The type or namespace name 'IXunitSerializationInfo' could not be found (are you missing a using directive or an assembly reference?)
C:\gh\azure-sdk-for-net\sdk\keyvault\samples\keyvaultproxy\tests\LiveFactDiscoverer.cs(74,29): error CS0518: Predefined type 'System.Void' is not defined or imported
C:\gh\azure-sdk-for-net\sdk\keyvault\samples\keyvaultproxy\tests\TestFramework\MockRequest.cs(17,26): error CS0518: Predefined type 'System.Object' is not defined or imported
C:\gh\azure-sdk-for-net\sdk\keyvault\samples\keyvaultproxy\tests\TestFramework\MockRequest.cs(17,26): error CS0246: The type or namespace name 'Dictionary<,>' could not be found (are you missing a using directive or an assembly reference?)
C:\gh\azure-sdk-for-net\sdk\keyvault\samples\keyvaultproxy\tests\TestFramework\MockRequest.cs(17,37): error CS0518: Predefined type 'System.String' is not defined or imported
C:\gh\azure-sdk-for-net\sdk\keyvault\samples\keyvaultproxy\tests\TestFramework\MockRequest.cs(17,45): error CS0518: Predefined type 'System.Object' is not defined or imported
C:\gh\azure-sdk-for-net\sdk\keyvault\samples\keyvaultproxy\tests\TestFramework\MockRequest.cs(17,45): error CS0246: The type or namespace name 'List<>' could not be found (are you missing a using directive or an assembly reference?)
C:\gh\azure-sdk-for-net\sdk\keyvault\samples\keyvaultproxy\tests\TestFramework\MockRequest.cs(17,50): error CS0518: Predefined type 'System.String' is not defined or imported
C:\gh\azure-sdk-for-net\sdk\keyvault\samples\keyvaultproxy\tests\TestFramework\TaskExtensions.cs(12,25): error CS0518: Predefined type 'System.Object' is not defined or imported
C:\gh\azure-sdk-for-net\sdk\keyvault\samples\keyvaultproxy\tests\TestFramework\TaskExtensions.cs(77,45): error CS0518: Predefined type 'System.Object' is not defined or imported
C:\gh\azure-sdk-for-net\sdk\keyvault\samples\keyvaultproxy\tests\TestFramework\TaskExtensions.cs(77,45): error CS0246: The type or namespace name 'TimeSpan' could not be found (are you missing a using directive or an assembly reference?)
C:\gh\azure-sdk-for-net\sdk\keyvault\samples\keyvaultproxy\tests\TestFramework\TaskExtensions.cs(77,63): error CS0518: Predefined type 'System.String' is not defined or imported
C:\gh\azure-sdk-for-net\sdk\keyvault\samples\keyvaultproxy\tests\TestFramework\TaskExtensions.cs(77,80): error CS0518: Predefined type 'System.Int32' is not defined or imported
C:\gh\azure-sdk-for-net\sdk\keyvault\samples\keyvaultproxy\tests\TestFramework\TaskExtensions.cs(77,24): error CS0518: Predefined type 'System.String' is not defined or imported
C:\gh\azure-sdk-for-net\sdk\keyvault\samples\keyvaultproxy\tests\TestFramework\AsyncValidatingStream.cs(11,44): error CS0246: The type or namespace name 'Stream' could not be found (are you missing a using directive or an assembly reference?)
C:\gh\azure-sdk-for-net\sdk\keyvault\samples\keyvaultproxy\tests\TestFramework\AsyncGate.cs(12,17): error CS0518: Predefined type 'System.Object' is not defined or imported
C:\gh\azure-sdk-for-net\sdk\keyvault\samples\keyvaultproxy\tests\TestFramework\AsyncGate.cs(12,17): error CS0246: The type or namespace name 'TaskCompletionSource<>' could not be found (are you missing a using directive or an assembly reference?)
C:\gh\azure-sdk-for-net\sdk\keyvault\samples\keyvaultproxy\tests\TestFramework\MockRequest.cs(77,28): error CS0518: Predefined type 'System.Object' is not defined or imported
C:\gh\azure-sdk-for-net\sdk\keyvault\samples\keyvaultproxy\tests\TestFramework\MockRequest.cs(77,28): error CS0246: The type or namespace name 'IEnumerable<>' could not be found (are you missing a using directive or an assembly reference?)
C:\gh\azure-sdk-for-net\sdk\keyvault\samples\keyvaultproxy\tests\TestFramework\MockRequest.cs(77,40): error CS0518: Predefined type 'System.Object' is not defined or imported
C:\gh\azure-sdk-for-net\sdk\keyvault\samples\keyvaultproxy\tests\TestFramework\MockRequest.cs(77,40): error CS0246: The type or namespace name 'HttpHeader' could not be found (are you missing a using directive or an assembly reference?)
C:\gh\azure-sdk-for-net\sdk\keyvault\samples\keyvaultproxy\tests\TestFramework\AsyncValidatingStream.cs(95,13): error CS0518: Predefined type 'System.Void' is not defined or imported
C:\gh\azure-sdk-for-net\sdk\keyvault\samples\keyvaultproxy\tests\TestFramework\MockResponse.cs(12,33): error CS0246: The type or namespace name 'Response' could not be found (are you missing a using directive or an assembly reference?)
C:\gh\azure-sdk-for-net\sdk\keyvault\samples\keyvaultproxy\tests\TestFramework\AsyncValidatingStream.cs(17,38): error CS0518: Predefined type 'System.Boolean' is not defined or imported
C:\gh\azure-sdk-for-net\sdk\keyvault\samples\keyvaultproxy\tests\TestFramework\AsyncValidatingStream.cs(17,52): error CS0518: Predefined type 'System.Object' is not defined or imported
C:\gh\azure-sdk-for-net\sdk\keyvault\samples\keyvaultproxy\tests\TestFramework\AsyncValidatingStream.cs(17,52): error CS0246: The type or namespace name 'Stream' could not be found (are you missing a using directive or an assembly reference?)
C:\gh\azure-sdk-for-net\sdk\keyvault\samples\keyvaultproxy\tests\TestFramework\AsyncValidatingStream.cs(17,9): error CS0518: Predefined type 'System.Void' is not defined or imported
C:\gh\azure-sdk-for-net\sdk\keyvault\samples\keyvaultproxy\tests\TestFramework\AsyncGate.cs(11,26): error CS0518: Predefined type 'System.Object' is not defined or imported
C:\gh\azure-sdk-for-net\sdk\keyvault\samples\keyvaultproxy\tests\TestFramework\MockResponse.cs(26,53): error CS0518: Predefined type 'System.Void' is not defined or imported
C:\gh\azure-sdk-for-net\sdk\keyvault\samples\keyvaultproxy\tests\TestFramework\MockResponse.cs(28,55): error CS0518: Predefined type 'System.Void' is not defined or imported
C:\gh\azure-sdk-for-net\sdk\keyvault\samples\keyvaultproxy\tests\LiveFactDiscoverer.cs(67,44): error CS0518: Predefined type 'System.Object' is not defined or imported
C:\gh\azure-sdk-for-net\sdk\keyvault\samples\keyvaultproxy\tests\LiveFactDiscoverer.cs(67,44): error CS0246: The type or namespace name 'IXunitSerializationInfo' could not be found (are you missing a using directive or an assembly reference?)
C:\gh\azure-sdk-for-net\sdk\keyvault\samples\keyvaultproxy\tests\LiveFactDiscoverer.cs(67,29): error CS0518: Predefined type 'System.Void' is not defined or imported
C:\gh\azure-sdk-for-net\sdk\keyvault\samples\keyvaultproxy\tests\TestFramework\MockRequest.cs(72,46): error CS0518: Predefined type 'System.String' is not defined or imported
C:\gh\azure-sdk-for-net\sdk\keyvault\samples\keyvaultproxy\tests\TestFramework\MockRequest.cs(72,28): error CS0518: Predefined type 'System.Boolean' is not defined or imported
C:\gh\azure-sdk-for-net\sdk\keyvault\samples\keyvaultproxy\tests\TestFramework\MockRequest.cs(67,48): error CS0518: Predefined type 'System.String' is not defined or imported
C:\gh\azure-sdk-for-net\sdk\keyvault\samples\keyvaultproxy\tests\TestFramework\MockRequest.cs(67,28): error CS0518: Predefined type 'System.Boolean' is not defined or imported
C:\gh\azure-sdk-for-net\sdk\keyvault\samples\keyvaultproxy\tests\TestFramework\AsyncGate.cs(50,17): error CS0518: Predefined type 'System.Object' is not defined or imported
C:\gh\azure-sdk-for-net\sdk\keyvault\samples\keyvaultproxy\tests\TestFramework\AsyncGate.cs(50,17): error CS0246: The type or namespace name 'TaskCompletionSource<>' could not be found (are you missing a using directive or an assembly reference?)
C:\gh\azure-sdk-for-net\sdk\keyvault\samples\keyvaultproxy\tests\TestFramework\TaskExtensions.cs(53,52): error CS0518: Predefined type 'System.Object' is not defined or imported
C:\gh\azure-sdk-for-net\sdk\keyvault\samples\keyvaultproxy\tests\TestFramework\TaskExtensions.cs(53,52): error CS0246: The type or namespace name 'Task' could not be found (are you missing a using directive or an assembly reference?)
C:\gh\azure-sdk-for-net\sdk\keyvault\samples\keyvaultproxy\tests\TestFramework\TaskExtensions.cs(53,63): error CS0518: Predefined type 'System.Object' is not defined or imported
C:\gh\azure-sdk-for-net\sdk\keyvault\samples\keyvaultproxy\tests\TestFramework\TaskExtensions.cs(53,63): error CS0246: The type or namespace name 'TimeSpan' could not be found (are you missing a using directive or an assembly reference?)
C:\gh\azure-sdk-for-net\sdk\keyvault\samples\keyvaultproxy\tests\TestFramework\TaskExtensions.cs(54,30): error CS0518: Predefined type 'System.String' is not defined or imported
C:\gh\azure-sdk-for-net\sdk\keyvault\samples\keyvaultproxy\tests\TestFramework\TaskExtensions.cs(55,32): error CS0518: Predefined type 'System.Int32' is not defined or imported
C:\gh\azure-sdk-for-net\sdk\keyvault\samples\keyvaultproxy\tests\TestFramework\TaskExtensions.cs(53,29): error CS0518: Predefined type 'System.Object' is not defined or imported
C:\gh\azure-sdk-for-net\sdk\keyvault\samples\keyvaultproxy\tests\TestFramework\TaskExtensions.cs(53,29): error CS0246: The type or namespace name 'Task' could not be found (are you missing a using directive or an assembly reference?)
C:\gh\azure-sdk-for-net\sdk\keyvault\samples\keyvaultproxy\tests\TestFramework\TaskExtensions.cs(53,47): error CS1110: Cannot define a new extension method because the compiler required type 'System.Runtime.CompilerServices.ExtensionAttribute' cannot be found. Are you missing a reference to System.Core.dll?
C:\gh\azure-sdk-for-net\sdk\keyvault\samples\keyvaultproxy\tests\TestFramework\MockRequest.cs(60,52): error CS0518: Predefined type 'System.String' is not defined or imported
C:\gh\azure-sdk-for-net\sdk\keyvault\samples\keyvaultproxy\tests\TestFramework\MockRequest.cs(60,69): error CS0518: Predefined type 'System.Object' is not defined or imported
C:\gh\azure-sdk-for-net\sdk\keyvault\samples\keyvaultproxy\tests\TestFramework\MockRequest.cs(60,69): error CS0246: The type or namespace name 'IEnumerable<>' could not be found (are you missing a using directive or an assembly reference?)
C:\gh\azure-sdk-for-net\sdk\keyvault\samples\keyvaultproxy\tests\TestFramework\MockRequest.cs(60,81): error CS0518: Predefined type 'System.String' is not defined or imported
C:\gh\azure-sdk-for-net\sdk\keyvault\samples\keyvaultproxy\tests\TestFramework\MockRequest.cs(60,28): error CS0518: Predefined type 'System.Boolean' is not defined or imported
C:\gh\azure-sdk-for-net\sdk\keyvault\samples\keyvaultproxy\tests\TestFramework\MockResponse.cs(78,47): error CS0518: Predefined type 'System.Object' is not defined or imported
C:\gh\azure-sdk-for-net\sdk\keyvault\samples\keyvaultproxy\tests\TestFramework\MockResponse.cs(78,47): error CS0246: The type or namespace name 'IEnumerable<>' could not be found (are you missing a using directive or an assembly reference?)
C:\gh\azure-sdk-for-net\sdk\keyvault\samples\keyvaultproxy\tests\TestFramework\MockResponse.cs(78,59): error CS0518: Predefined type 'System.String' is not defined or imported
C:\gh\azure-sdk-for-net\sdk\keyvault\samples\keyvaultproxy\tests\TestFramework\MockResponse.cs(78,24): error CS0518: Predefined type 'System.String' is not defined or imported
C:\gh\azure-sdk-for-net\sdk\keyvault\samples\keyvaultproxy\tests\TestFramework\MockTransport.cs(14,26): error CS0518: Predefined type 'System.Object' is not defined or imported
C:\gh\azure-sdk-for-net\sdk\keyvault\samples\keyvaultproxy\tests\TestFramework\MockTransport.cs(14,26): error CS0246: The type or namespace name 'Func<,>' could not be found (are you missing a using directive or an assembly reference?)
C:\gh\azure-sdk-for-net\sdk\keyvault\samples\keyvaultproxy\tests\TestFramework\MockTransport.cs(14,31): error CS0518: Predefined type 'System.Object' is not defined or imported
C:\gh\azure-sdk-for-net\sdk\keyvault\samples\keyvaultproxy\tests\TestFramework\MockTransport.cs(14,44): error CS0518: Predefined type 'System.Object' is not defined or imported
C:\gh\azure-sdk-for-net\sdk\keyvault\samples\keyvaultproxy\tests\LiveFactDiscoverer.cs(52,61): error CS0518: Predefined type 'System.Object' is not defined or imported
C:\gh\azure-sdk-for-net\sdk\keyvault\samples\keyvaultproxy\tests\LiveFactDiscoverer.cs(52,61): error CS0246: The type or namespace name 'IMessageSink' could not be found (are you missing a using directive or an assembly reference?)
C:\gh\azure-sdk-for-net\sdk\keyvault\samples\keyvaultproxy\tests\LiveFactDiscoverer.cs(52,97): error CS0518: Predefined type 'System.Object' is not defined or imported
C:\gh\azure-sdk-for-net\sdk\keyvault\samples\keyvaultproxy\tests\LiveFactDiscoverer.cs(52,97): error CS0246: The type or namespace name 'IMessageBus' could not be found (are you missing a using directive or an assembly reference?)
C:\gh\azure-sdk-for-net\sdk\keyvault\samples\keyvaultproxy\tests\LiveFactDiscoverer.cs(52,121): error CS0518: Predefined type 'System.Object' is not defined or imported
C:\gh\azure-sdk-for-net\sdk\keyvault\samples\keyvaultproxy\tests\LiveFactDiscoverer.cs(52,152): error CS0518: Predefined type 'System.Object' is not defined or imported
C:\gh\azure-sdk-for-net\sdk\keyvault\samples\keyvaultproxy\tests\LiveFactDiscoverer.cs(52,152): error CS0246: The type or namespace name 'ExceptionAggregator' could not be found (are you missing a using directive or an assembly reference?)
C:\gh\azure-sdk-for-net\sdk\keyvault\samples\keyvaultproxy\tests\LiveFactDiscoverer.cs(52,184): error CS0518: Predefined type 'System.Object' is not defined or imported
C:\gh\azure-sdk-for-net\sdk\keyvault\samples\keyvaultproxy\tests\LiveFactDiscoverer.cs(52,184): error CS0246: The type or namespace name 'CancellationTokenSource' could not be found (are you missing a using directive or an assembly reference?)
C:\gh\azure-sdk-for-net\sdk\keyvault\samples\keyvaultproxy\tests\LiveFactDiscoverer.cs(52,35): error CS0518: Predefined type 'System.Object' is not defined or imported
C:\gh\azure-sdk-for-net\sdk\keyvault\samples\keyvaultproxy\tests\LiveFactDiscoverer.cs(52,35): error CS0246: The type or namespace name 'Task<>' could not be found (are you missing a using directive or an assembly reference?)
C:\gh\azure-sdk-for-net\sdk\keyvault\samples\keyvaultproxy\tests\LiveFactDiscoverer.cs(52,40): error CS0518: Predefined type 'System.Object' is not defined or imported
C:\gh\azure-sdk-for-net\sdk\keyvault\samples\keyvaultproxy\tests\LiveFactDiscoverer.cs(52,40): error CS0246: The type or namespace name 'RunSummary' could not be found (are you missing a using directive or an assembly reference?)
C:\gh\azure-sdk-for-net\sdk\keyvault\samples\keyvaultproxy\tests\TestFramework\MockResponse.cs(14,26): error CS0518: Predefined type 'System.Object' is not defined or imported
C:\gh\azure-sdk-for-net\sdk\keyvault\samples\keyvaultproxy\tests\TestFramework\MockResponse.cs(14,26): error CS0246: The type or namespace name 'Dictionary<,>' could not be found (are you missing a using directive or an assembly reference?)
C:\gh\azure-sdk-for-net\sdk\keyvault\samples\keyvaultproxy\tests\TestFramework\MockResponse.cs(14,37): error CS0518: Predefined type 'System.String' is not defined or imported
C:\gh\azure-sdk-for-net\sdk\keyvault\samples\keyvaultproxy\tests\TestFramework\MockResponse.cs(14,45): error CS0518: Predefined type 'System.Object' is not defined or imported
C:\gh\azure-sdk-for-net\sdk\keyvault\samples\keyvaultproxy\tests\TestFramework\MockResponse.cs(14,45): error CS0246: The type or namespace name 'List<>' could not be found (are you missing a using directive or an assembly reference?)
C:\gh\azure-sdk-for-net\sdk\keyvault\samples\keyvaultproxy\tests\TestFramework\MockResponse.cs(14,50): error CS0518: Predefined type 'System.String' is not defined or imported
C:\gh\azure-sdk-for-net\sdk\keyvault\samples\keyvaultproxy\tests\KeyVaultProxyTests.Live.cs(18,26): error CS0518: Predefined type 'System.Object' is not defined or imported
C:\gh\azure-sdk-for-net\sdk\keyvault\samples\keyvaultproxy\tests\TestFramework\MockRequest.cs(48,46): error CS0518: Predefined type 'System.String' is not defined or imported
C:\gh\azure-sdk-for-net\sdk\keyvault\samples\keyvaultproxy\tests\TestFramework\MockRequest.cs(48,63): error CS0518: Predefined type 'System.String' is not defined or imported
C:\gh\azure-sdk-for-net\sdk\keyvault\samples\keyvaultproxy\tests\TestFramework\MockRequest.cs(48,28): error CS0518: Predefined type 'System.Boolean' is not defined or imported
C:\gh\azure-sdk-for-net\sdk\keyvault\samples\keyvaultproxy\tests\TestFramework\MockResponse.cs(76,28): error CS0518: Predefined type 'System.Object' is not defined or imported
C:\gh\azure-sdk-for-net\sdk\keyvault\samples\keyvaultproxy\tests\TestFramework\MockResponse.cs(76,28): error CS0246: The type or namespace name 'IEnumerable<>' could not be found (are you missing a using directive or an assembly reference?)
C:\gh\azure-sdk-for-net\sdk\keyvault\samples\keyvaultproxy\tests\TestFramework\MockResponse.cs(76,40): error CS0518: Predefined type 'System.Object' is not defined or imported
C:\gh\azure-sdk-for-net\sdk\keyvault\samples\keyvaultproxy\tests\TestFramework\MockResponse.cs(76,40): error CS0246: The type or namespace name 'HttpHeader' could not be found (are you missing a using directive or an assembly reference?)
C:\gh\azure-sdk-for-net\sdk\keyvault\samples\keyvaultproxy\tests\TestFramework\AsyncGate.cs(9,18): error CS0518: Predefined type 'System.Object' is not defined or imported
C:\gh\azure-sdk-for-net\sdk\keyvault\samples\keyvaultproxy\tests\TestFramework\MockResponse.cs(71,48): error CS0518: Predefined type 'System.String' is not defined or imported
C:\gh\azure-sdk-for-net\sdk\keyvault\samples\keyvaultproxy\tests\TestFramework\MockResponse.cs(71,28): error CS0518: Predefined type 'System.Boolean' is not defined or imported
C:\gh\azure-sdk-for-net\sdk\keyvault\samples\keyvaultproxy\tests\TestFramework\MockRequest.cs(38,43): error CS0518: Predefined type 'System.String' is not defined or imported
C:\gh\azure-sdk-for-net\sdk\keyvault\samples\keyvaultproxy\tests\TestFramework\MockRequest.cs(38,56): error CS0518: Predefined type 'System.String' is not defined or imported
C:\gh\azure-sdk-for-net\sdk\keyvault\samples\keyvaultproxy\tests\TestFramework\MockRequest.cs(38,28): error CS0518: Predefined type 'System.Void' is not defined or imported
C:\gh\azure-sdk-for-net\sdk\keyvault\samples\keyvaultproxy\tests\TestFramework\MockResponse.cs(64,52): error CS0518: Predefined type 'System.String' is not defined or imported
C:\gh\azure-sdk-for-net\sdk\keyvault\samples\keyvaultproxy\tests\TestFramework\MockResponse.cs(64,69): error CS0518: Predefined type 'System.Object' is not defined or imported
C:\gh\azure-sdk-for-net\sdk\keyvault\samples\keyvaultproxy\tests\TestFramework\MockResponse.cs(64,69): error CS0246: The type or namespace name 'IEnumerable<>' could not be found (are you missing a using directive or an assembly reference?)
C:\gh\azure-sdk-for-net\sdk\keyvault\samples\keyvaultproxy\tests\TestFramework\MockResponse.cs(64,81): error CS0518: Predefined type 'System.String' is not defined or imported
C:\gh\azure-sdk-for-net\sdk\keyvault\samples\keyvaultproxy\tests\TestFramework\MockResponse.cs(64,28): error CS0518: Predefined type 'System.Boolean' is not defined or imported
C:\gh\azure-sdk-for-net\sdk\keyvault\samples\keyvaultproxy\tests\SecretsFixture.cs(66,16): error CS0518: Predefined type 'System.Void' is not defined or imported
C:\gh\azure-sdk-for-net\sdk\keyvault\samples\keyvaultproxy\tests\TestFramework\AsyncGate.cs(42,42): error CS0518: Predefined type 'System.Object' is not defined or imported
C:\gh\azure-sdk-for-net\sdk\keyvault\samples\keyvaultproxy\tests\TestFramework\AsyncGate.cs(42,42): error CS0246: The type or namespace name 'Exception' could not be found (are you missing a using directive or an assembly reference?)
C:\gh\azure-sdk-for-net\sdk\keyvault\samples\keyvaultproxy\tests\TestFramework\AsyncGate.cs(42,16): error CS0518: Predefined type 'System.Void' is not defined or imported
C:\gh\azure-sdk-for-net\sdk\keyvault\samples\keyvaultproxy\tests\SecretsFixture.cs(165,40): error CS0518: Predefined type 'System.Object' is not defined or imported
C:\gh\azure-sdk-for-net\sdk\keyvault\samples\keyvaultproxy\tests\SecretsFixture.cs(165,40): error CS0246: The type or namespace name 'TokenCredential' could not be found (are you missing a using directive or an assembly reference?)
C:\gh\azure-sdk-for-net\sdk\keyvault\samples\keyvaultproxy\tests\SecretsFixture.cs(19,18): error CS0518: Predefined type 'System.Object' is not defined or imported
C:\gh\azure-sdk-for-net\sdk\keyvault\samples\keyvaultproxy\tests\SecretsFixture.cs(170,66): error CS0518: Predefined type 'System.Object' is not defined or imported
C:\gh\azure-sdk-for-net\sdk\keyvault\samples\keyvaultproxy\tests\SecretsFixture.cs(170,66): error CS0246: The type or namespace name 'TokenRequestContext' could not be found (are you missing a using directive or an assembly reference?)
C:\gh\azure-sdk-for-net\sdk\keyvault\samples\keyvaultproxy\tests\SecretsFixture.cs(170,102): error CS0518: Predefined type 'System.Object' is not defined or imported
C:\gh\azure-sdk-for-net\sdk\keyvault\samples\keyvaultproxy\tests\SecretsFixture.cs(170,102): error CS0246: The type or namespace name 'CancellationToken' could not be found (are you missing a using directive or an assembly reference?)
C:\gh\azure-sdk-for-net\sdk\keyvault\samples\keyvaultproxy\tests\SecretsFixture.cs(170,29): error CS0518: Predefined type 'System.Object' is not defined or imported
C:\gh\azure-sdk-for-net\sdk\keyvault\samples\keyvaultproxy\tests\SecretsFixture.cs(170,29): error CS0246: The type or namespace name 'ValueTask<>' could not be found (are you missing a using directive or an assembly reference?)
C:\gh\azure-sdk-for-net\sdk\keyvault\samples\keyvaultproxy\tests\SecretsFixture.cs(170,39): error CS0518: Predefined type 'System.Object' is not defined or imported
C:\gh\azure-sdk-for-net\sdk\keyvault\samples\keyvaultproxy\tests\SecretsFixture.cs(170,39): error CS0246: The type or namespace name 'AccessToken' could not be found (are you missing a using directive or an assembly reference?)
C:\gh\azure-sdk-for-net\sdk\keyvault\samples\keyvaultproxy\tests\SecretsFixture.cs(167,50): error CS0518: Predefined type 'System.Object' is not defined or imported
C:\gh\azure-sdk-for-net\sdk\keyvault\samples\keyvaultproxy\tests\SecretsFixture.cs(167,50): error CS0246: The type or namespace name 'TokenRequestContext' could not be found (are you missing a using directive or an assembly reference?)
C:\gh\azure-sdk-for-net\sdk\keyvault\samples\keyvaultproxy\tests\SecretsFixture.cs(167,86): error CS0518: Predefined type 'System.Object' is not defined or imported
C:\gh\azure-sdk-for-net\sdk\keyvault\samples\keyvaultproxy\tests\SecretsFixture.cs(167,86): error CS0246: The type or namespace name 'CancellationToken' could not be found (are you missing a using directive or an assembly reference?)
C:\gh\azure-sdk-for-net\sdk\keyvault\samples\keyvaultproxy\tests\SecretsFixture.cs(167,29): error CS0518: Predefined type 'System.Object' is not defined or imported
C:\gh\azure-sdk-for-net\sdk\keyvault\samples\keyvaultproxy\tests\SecretsFixture.cs(167,29): error CS0246: The type or namespace name 'AccessToken' could not be found (are you missing a using directive or an assembly reference?)
C:\gh\azure-sdk-for-net\sdk\keyvault\samples\keyvaultproxy\tests\TestFramework\MockTransport.cs(51,54): error CS0518: Predefined type 'System.Object' is not defined or imported
C:\gh\azure-sdk-for-net\sdk\keyvault\samples\keyvaultproxy\tests\TestFramework\MockTransport.cs(51,54): error CS0246: The type or namespace name 'HttpMessage' could not be found (are you missing a using directive or an assembly reference?)
C:\gh\azure-sdk-for-net\sdk\keyvault\samples\keyvaultproxy\tests\TestFramework\MockTransport.cs(51,31): error CS0518: Predefined type 'System.Object' is not defined or imported
C:\gh\azure-sdk-for-net\sdk\keyvault\samples\keyvaultproxy\tests\TestFramework\MockTransport.cs(51,31): error CS0246: The type or namespace name 'ValueTask' could not be found (are you missing a using directive or an assembly reference?)
C:\gh\azure-sdk-for-net\sdk\keyvault\samples\keyvaultproxy\tests\TestFramework\AsyncGate.cs(34,16): error CS0518: Predefined type 'System.Void' is not defined or imported
C:\gh\azure-sdk-for-net\sdk\keyvault\samples\keyvaultproxy\tests\TestFramework\TaskExtensions.cs(30,58): error CS0518: Predefined type 'System.Object' is not defined or imported
C:\gh\azure-sdk-for-net\sdk\keyvault\samples\keyvaultproxy\tests\TestFramework\TaskExtensions.cs(30,58): error CS0246: The type or namespace name 'Task<>' could not be found (are you missing a using directive or an assembly reference?)
C:\gh\azure-sdk-for-net\sdk\keyvault\samples\keyvaultproxy\tests\TestFramework\TaskExtensions.cs(30,72): error CS0518: Predefined type 'System.Object' is not defined or imported
C:\gh\azure-sdk-for-net\sdk\keyvault\samples\keyvaultproxy\tests\TestFramework\TaskExtensions.cs(30,72): error CS0246: The type or namespace name 'TimeSpan' could not be found (are you missing a using directive or an assembly reference?)
C:\gh\azure-sdk-for-net\sdk\keyvault\samples\keyvaultproxy\tests\TestFramework\TaskExtensions.cs(31,30): error CS0518: Predefined type 'System.String' is not defined or imported
C:\gh\azure-sdk-for-net\sdk\keyvault\samples\keyvaultproxy\tests\TestFramework\TaskExtensions.cs(32,32): error CS0518: Predefined type 'System.Int32' is not defined or imported
C:\gh\azure-sdk-for-net\sdk\keyvault\samples\keyvaultproxy\tests\TestFramework\TaskExtensions.cs(30,29): error CS0518: Predefined type 'System.Object' is not defined or imported
C:\gh\azure-sdk-for-net\sdk\keyvault\samples\keyvaultproxy\tests\TestFramework\TaskExtensions.cs(30,29): error CS0246: The type or namespace name 'Task<>' could not be found (are you missing a using directive or an assembly reference?)
C:\gh\azure-sdk-for-net\sdk\keyvault\samples\keyvaultproxy\tests\TestFramework\TaskExtensions.cs(30,53): error CS1110: Cannot define a new extension method because the compiler required type 'System.Runtime.CompilerServices.ExtensionAttribute' cannot be found. Are you missing a reference to System.Core.dll?
C:\gh\azure-sdk-for-net\sdk\keyvault\samples\keyvaultproxy\tests\TestFramework\AsyncGate.cs(27,51): error CS0518: Predefined type 'System.Object' is not defined or imported
C:\gh\azure-sdk-for-net\sdk\keyvault\samples\keyvaultproxy\tests\TestFramework\AsyncGate.cs(27,51): error CS0246: The type or namespace name 'Exception' could not be found (are you missing a using directive or an assembly reference?)
C:\gh\azure-sdk-for-net\sdk\keyvault\samples\keyvaultproxy\tests\TestFramework\AsyncGate.cs(27,22): error CS0518: Predefined type 'System.Object' is not defined or imported
C:\gh\azure-sdk-for-net\sdk\keyvault\samples\keyvaultproxy\tests\TestFramework\AsyncGate.cs(27,22): error CS0246: The type or namespace name 'Task<>' could not be found (are you missing a using directive or an assembly reference?)
C:\gh\azure-sdk-for-net\sdk\keyvault\samples\keyvaultproxy\tests\TestFramework\MockTransport.cs(41,38): error CS0518: Predefined type 'System.Object' is not defined or imported
C:\gh\azure-sdk-for-net\sdk\keyvault\samples\keyvaultproxy\tests\TestFramework\MockTransport.cs(41,38): error CS0246: The type or namespace name 'HttpMessage' could not be found (are you missing a using directive or an assembly reference?)
C:\gh\azure-sdk-for-net\sdk\keyvault\samples\keyvaultproxy\tests\TestFramework\MockTransport.cs(41,25): error CS0518: Predefined type 'System.Void' is not defined or imported
C:\gh\azure-sdk-for-net\sdk\keyvault\samples\keyvaultproxy\tests\LiveFactDiscoverer.cs(44,33): error CS0518: Predefined type 'System.Object' is not defined or imported
C:\gh\azure-sdk-for-net\sdk\keyvault\samples\keyvaultproxy\tests\LiveFactDiscoverer.cs(44,33): error CS0246: The type or namespace name 'IMessageSink' could not be found (are you missing a using directive or an assembly reference?)
C:\gh\azure-sdk-for-net\sdk\keyvault\samples\keyvaultproxy\tests\LiveFactDiscoverer.cs(44,69): error CS0518: Predefined type 'System.Object' is not defined or imported
C:\gh\azure-sdk-for-net\sdk\keyvault\samples\keyvaultproxy\tests\LiveFactDiscoverer.cs(44,69): error CS0246: The type or namespace name 'ITestFrameworkDiscoveryOptions' could not be found (are you missing a using directive or an assembly reference?)
C:\gh\azure-sdk-for-net\sdk\keyvault\samples\keyvaultproxy\tests\LiveFactDiscoverer.cs(44,118): error CS0518: Predefined type 'System.Object' is not defined or imported
C:\gh\azure-sdk-for-net\sdk\keyvault\samples\keyvaultproxy\tests\LiveFactDiscoverer.cs(44,118): error CS0246: The type or namespace name 'ITestMethod' could not be found (are you missing a using directive or an assembly reference?)
C:\gh\azure-sdk-for-net\sdk\keyvault\samples\keyvaultproxy\tests\LiveFactDiscoverer.cs(44,142): error CS0518: Predefined type 'System.Boolean' is not defined or imported
C:\gh\azure-sdk-for-net\sdk\keyvault\samples\keyvaultproxy\tests\LiveFactDiscoverer.cs(44,13): error CS0518: Predefined type 'System.Void' is not defined or imported
C:\gh\azure-sdk-for-net\sdk\keyvault\samples\keyvaultproxy\tests\TestFramework\AsyncGate.cs(15,22): error CS0518: Predefined type 'System.Object' is not defined or imported
C:\gh\azure-sdk-for-net\sdk\keyvault\samples\keyvaultproxy\tests\TestFramework\AsyncGate.cs(15,22): error CS0246: The type or namespace name 'Task<>' could not be found (are you missing a using directive or an assembly reference?)
C:\gh\azure-sdk-for-net\sdk\keyvault\samples\keyvaultproxy\tests\TestFramework\AsyncGate.cs(20,22): error CS0518: Predefined type 'System.Object' is not defined or imported
C:\gh\azure-sdk-for-net\sdk\keyvault\samples\keyvaultproxy\tests\TestFramework\AsyncGate.cs(20,22): error CS0246: The type or namespace name 'Task<>' could not be found (are you missing a using directive or an assembly reference?)
C:\gh\azure-sdk-for-net\sdk\keyvault\samples\keyvaultproxy\tests\TestFramework\MockRequest.cs(12,9): error CS0518: Predefined type 'System.Void' is not defined or imported
C:\gh\azure-sdk-for-net\sdk\keyvault\samples\keyvaultproxy\tests\TestFramework\MockTransport.cs(38,25): error CS0518: Predefined type 'System.Object' is not defined or imported
C:\gh\azure-sdk-for-net\sdk\keyvault\samples\keyvaultproxy\tests\TestFramework\MockTransport.cs(38,25): error CS0246: The type or namespace name 'Request' could not be found (are you missing a using directive or an assembly reference?)
C:\gh\azure-sdk-for-net\sdk\keyvault\samples\keyvaultproxy\tests\TestFramework\MockTransport.cs(33,30): error CS0518: Predefined type 'System.Object' is not defined or imported
C:\gh\azure-sdk-for-net\sdk\keyvault\samples\keyvaultproxy\tests\TestFramework\MockTransport.cs(33,30): error CS0246: The type or namespace name 'Func<,>' could not be found (are you missing a using directive or an assembly reference?)
C:\gh\azure-sdk-for-net\sdk\keyvault\samples\keyvaultproxy\tests\TestFramework\MockTransport.cs(33,35): error CS0518: Predefined type 'System.Object' is not defined or imported
C:\gh\azure-sdk-for-net\sdk\keyvault\samples\keyvaultproxy\tests\TestFramework\MockTransport.cs(33,48): error CS0518: Predefined type 'System.Object' is not defined or imported
C:\gh\azure-sdk-for-net\sdk\keyvault\samples\keyvaultproxy\tests\TestFramework\MockTransport.cs(33,9): error CS0518: Predefined type 'System.Void' is not defined or imported
C:\gh\azure-sdk-for-net\sdk\keyvault\samples\keyvaultproxy\tests\LiveFactDiscoverer.cs(22,53): error CS0518: Predefined type 'System.Object' is not defined or imported
C:\gh\azure-sdk-for-net\sdk\keyvault\samples\keyvaultproxy\tests\LiveFactDiscoverer.cs(22,53): error CS0246: The type or namespace name 'ITestFrameworkDiscoveryOptions' could not be found (are you missing a using directive or an assembly reference?)
C:\gh\azure-sdk-for-net\sdk\keyvault\samples\keyvaultproxy\tests\LiveFactDiscoverer.cs(22,102): error CS0518: Predefined type 'System.Object' is not defined or imported
C:\gh\azure-sdk-for-net\sdk\keyvault\samples\keyvaultproxy\tests\LiveFactDiscoverer.cs(22,102): error CS0246: The type or namespace name 'ITestMethod' could not be found (are you missing a using directive or an assembly reference?)
C:\gh\azure-sdk-for-net\sdk\keyvault\samples\keyvaultproxy\tests\LiveFactDiscoverer.cs(22,126): error CS0518: Predefined type 'System.Object' is not defined or imported
C:\gh\azure-sdk-for-net\sdk\keyvault\samples\keyvaultproxy\tests\LiveFactDiscoverer.cs(22,126): error CS0246: The type or namespace name 'IAttributeInfo' could not be found (are you missing a using directive or an assembly reference?)
C:\gh\azure-sdk-for-net\sdk\keyvault\samples\keyvaultproxy\tests\LiveFactDiscoverer.cs(22,16): error CS0518: Predefined type 'System.Object' is not defined or imported
C:\gh\azure-sdk-for-net\sdk\keyvault\samples\keyvaultproxy\tests\LiveFactDiscoverer.cs(22,16): error CS0246: The type or namespace name 'IEnumerable<>' could not be found (are you missing a using directive or an assembly reference?)
C:\gh\azure-sdk-for-net\sdk\keyvault\samples\keyvaultproxy\tests\LiveFactDiscoverer.cs(22,28): error CS0518: Predefined type 'System.Object' is not defined or imported
C:\gh\azure-sdk-for-net\sdk\keyvault\samples\keyvaultproxy\tests\LiveFactDiscoverer.cs(22,28): error CS0246: The type or namespace name 'IXunitTestCase' could not be found (are you missing a using directive or an assembly reference?)
C:\gh\azure-sdk-for-net\sdk\keyvault\samples\keyvaultproxy\tests\SecretsFixture.cs(136,45): error CS0518: Predefined type 'System.String' is not defined or imported
C:\gh\azure-sdk-for-net\sdk\keyvault\samples\keyvaultproxy\tests\SecretsFixture.cs(136,17): error CS0518: Predefined type 'System.Object' is not defined or imported
C:\gh\azure-sdk-for-net\sdk\keyvault\samples\keyvaultproxy\tests\LiveFactDiscoverer.cs(15,26): error CS0518: Predefined type 'System.Object' is not defined or imported
C:\gh\azure-sdk-for-net\sdk\keyvault\samples\keyvaultproxy\tests\LiveFactDiscoverer.cs(15,26): error CS0246: The type or namespace name 'IMessageSink' could not be found (are you missing a using directive or an assembly reference?)
C:\gh\azure-sdk-for-net\sdk\keyvault\samples\keyvaultproxy\tests\LiveFactDiscoverer.cs(39,13): error CS0518: Predefined type 'System.Void' is not defined or imported
C:\gh\azure-sdk-for-net\sdk\keyvault\samples\keyvaultproxy\tests\TestFramework\MockTransport.cs(27,37): error CS0518: Predefined type 'System.Object' is not defined or imported
C:\gh\azure-sdk-for-net\sdk\keyvault\samples\keyvaultproxy\tests\TestFramework\MockTransport.cs(27,30): error CS0656: Missing compiler required member 'System.ParamArrayAttribute..ctor'
C:\gh\azure-sdk-for-net\sdk\keyvault\samples\keyvaultproxy\tests\TestFramework\MockTransport.cs(27,9): error CS0518: Predefined type 'System.Void' is not defined or imported
C:\gh\azure-sdk-for-net\sdk\keyvault\samples\keyvaultproxy\tests\TestFramework\MockResponse.cs(42,31): error CS0518: Predefined type 'System.Object' is not defined or imported
C:\gh\azure-sdk-for-net\sdk\keyvault\samples\keyvaultproxy\tests\TestFramework\MockResponse.cs(42,31): error CS0246: The type or namespace name 'HttpHeader' could not be found (are you missing a using directive or an assembly reference?)
C:\gh\azure-sdk-for-net\sdk\keyvault\samples\keyvaultproxy\tests\TestFramework\MockResponse.cs(42,16): error CS0518: Predefined type 'System.Void' is not defined or imported
C:\gh\azure-sdk-for-net\sdk\keyvault\samples\keyvaultproxy\tests\TestFramework\AsyncValidatingStream.cs(15,26): error CS0518: Predefined type 'System.Object' is not defined or imported
C:\gh\azure-sdk-for-net\sdk\keyvault\samples\keyvaultproxy\tests\TestFramework\AsyncValidatingStream.cs(15,26): error CS0246: The type or namespace name 'Stream' could not be found (are you missing a using directive or an assembly reference?)
C:\gh\azure-sdk-for-net\sdk\keyvault\samples\keyvaultproxy\tests\LiveFactAttribute.cs(24,17): error CS0518: Predefined type 'System.Enum' is not defined or imported
C:\gh\azure-sdk-for-net\sdk\keyvault\samples\keyvaultproxy\tests\TestFramework\MockResponse.cs(52,46): error CS0518: Predefined type 'System.String' is not defined or imported
C:\gh\azure-sdk-for-net\sdk\keyvault\samples\keyvaultproxy\tests\TestFramework\MockResponse.cs(52,63): error CS0518: Predefined type 'System.String' is not defined or imported
C:\gh\azure-sdk-for-net\sdk\keyvault\samples\keyvaultproxy\tests\TestFramework\MockResponse.cs(52,28): error CS0518: Predefined type 'System.Boolean' is not defined or imported
C:\gh\azure-sdk-for-net\sdk\keyvault\samples\keyvaultproxy\tests\KeyVaultProxyTests.Live.cs(93,10): error CS0518: Predefined type 'System.Object' is not defined or imported
C:\gh\azure-sdk-for-net\sdk\keyvault\samples\keyvaultproxy\tests\KeyVaultProxyTests.Live.cs(93,10): error CS0616: 'LiveFactAttribute' is not an attribute class
C:\gh\azure-sdk-for-net\sdk\keyvault\samples\keyvaultproxy\tests\KeyVaultProxyTests.Live.cs(93,10): error CS0518: Predefined type 'System.Void' is not defined or imported
C:\gh\azure-sdk-for-net\sdk\keyvault\samples\keyvaultproxy\tests\KeyVaultProxyTests.Live.cs(94,47): error CS0518: Predefined type 'System.Boolean' is not defined or imported
C:\gh\azure-sdk-for-net\sdk\keyvault\samples\keyvaultproxy\tests\KeyVaultProxyTests.Live.cs(94,22): error CS0518: Predefined type 'System.Object' is not defined or imported
C:\gh\azure-sdk-for-net\sdk\keyvault\samples\keyvaultproxy\tests\KeyVaultProxyTests.Live.cs(94,22): error CS0246: The type or namespace name 'Task' could not be found (are you missing a using directive or an assembly reference?)
C:\gh\azure-sdk-for-net\sdk\keyvault\samples\keyvaultproxy\tests\TestFramework\AsyncValidatingStream.cs(77,42): error CS0518: Predefined type 'System.Object' is not defined or imported
C:\gh\azure-sdk-for-net\sdk\keyvault\samples\keyvaultproxy\tests\TestFramework\AsyncValidatingStream.cs(77,42): error CS0246: The type or namespace name 'Stream' could not be found (are you missing a using directive or an assembly reference?)
C:\gh\azure-sdk-for-net\sdk\keyvault\samples\keyvaultproxy\tests\TestFramework\AsyncValidatingStream.cs(77,62): error CS0518: Predefined type 'System.Int32' is not defined or imported
C:\gh\azure-sdk-for-net\sdk\keyvault\samples\keyvaultproxy\tests\TestFramework\AsyncValidatingStream.cs(77,78): error CS0518: Predefined type 'System.Object' is not defined or imported
C:\gh\azure-sdk-for-net\sdk\keyvault\samples\keyvaultproxy\tests\TestFramework\AsyncValidatingStream.cs(77,78): error CS0246: The type or namespace name 'CancellationToken' could not be found (are you missing a using directive or an assembly reference?)
C:\gh\azure-sdk-for-net\sdk\keyvault\samples\keyvaultproxy\tests\TestFramework\AsyncValidatingStream.cs(77,25): error CS0518: Predefined type 'System.Object' is not defined or imported
C:\gh\azure-sdk-for-net\sdk\keyvault\samples\keyvaultproxy\tests\TestFramework\AsyncValidatingStream.cs(77,25): error CS0246: The type or namespace name 'Task' could not be found (are you missing a using directive or an assembly reference?)
C:\gh\azure-sdk-for-net\sdk\keyvault\samples\keyvaultproxy\tests\LiveFactDiscoverer.cs(17,35): error CS0518: Predefined type 'System.Object' is not defined or imported
C:\gh\azure-sdk-for-net\sdk\keyvault\samples\keyvaultproxy\tests\LiveFactDiscoverer.cs(17,35): error CS0246: The type or namespace name 'IMessageSink' could not be found (are you missing a using directive or an assembly reference?)
C:\gh\azure-sdk-for-net\sdk\keyvault\samples\keyvaultproxy\tests\LiveFactDiscoverer.cs(17,9): error CS0518: Predefined type 'System.Void' is not defined or imported
C:\gh\azure-sdk-for-net\sdk\keyvault\samples\keyvaultproxy\tests\TestFramework\AsyncValidatingStream.cs(35,31): error CS0518: Predefined type 'System.Boolean' is not defined or imported
C:\gh\azure-sdk-for-net\sdk\keyvault\samples\keyvaultproxy\tests\TestFramework\AsyncValidatingStream.cs(35,17): error CS0518: Predefined type 'System.Void' is not defined or imported
C:\gh\azure-sdk-for-net\sdk\keyvault\samples\keyvaultproxy\tests\TestFramework\AsyncValidatingStream.cs(71,41): error CS0518: Predefined type 'System.Byte' is not defined or imported
C:\gh\azure-sdk-for-net\sdk\keyvault\samples\keyvaultproxy\tests\TestFramework\AsyncValidatingStream.cs(71,56): error CS0518: Predefined type 'System.Int32' is not defined or imported
C:\gh\azure-sdk-for-net\sdk\keyvault\samples\keyvaultproxy\tests\TestFramework\AsyncValidatingStream.cs(71,68): error CS0518: Predefined type 'System.Int32' is not defined or imported
C:\gh\azure-sdk-for-net\sdk\keyvault\samples\keyvaultproxy\tests\TestFramework\AsyncValidatingStream.cs(71,79): error CS0518: Predefined type 'System.Object' is not defined or imported
C:\gh\azure-sdk-for-net\sdk\keyvault\samples\keyvaultproxy\tests\TestFramework\AsyncValidatingStream.cs(71,79): error CS0246: The type or namespace name 'CancellationToken' could not be found (are you missing a using directive or an assembly reference?)
C:\gh\azure-sdk-for-net\sdk\keyvault\samples\keyvaultproxy\tests\TestFramework\AsyncValidatingStream.cs(71,25): error CS0518: Predefined type 'System.Object' is not defined or imported
C:\gh\azure-sdk-for-net\sdk\keyvault\samples\keyvaultproxy\tests\TestFramework\AsyncValidatingStream.cs(71,25): error CS0246: The type or namespace name 'Task' could not be found (are you missing a using directive or an assembly reference?)
C:\gh\azure-sdk-for-net\sdk\keyvault\samples\keyvaultproxy\tests\TestFramework\MockResponse.cs(37,32): error CS0518: Predefined type 'System.String' is not defined or imported
C:\gh\azure-sdk-for-net\sdk\keyvault\samples\keyvaultproxy\tests\TestFramework\MockResponse.cs(37,16): error CS0518: Predefined type 'System.Void' is not defined or imported
C:\gh\azure-sdk-for-net\sdk\keyvault\samples\keyvaultproxy\tests\KeyVaultProxyTests.cs(12,16): error CS0518: Predefined type 'System.Void' is not defined or imported
C:\gh\azure-sdk-for-net\sdk\keyvault\samples\keyvaultproxy\tests\TestFramework\MockResponse.cs(32,32): error CS0518: Predefined type 'System.Byte' is not defined or imported
C:\gh\azure-sdk-for-net\sdk\keyvault\samples\keyvaultproxy\tests\TestFramework\MockResponse.cs(32,16): error CS0518: Predefined type 'System.Void' is not defined or imported
C:\gh\azure-sdk-for-net\sdk\keyvault\samples\keyvaultproxy\tests\TestFramework\AsyncValidatingStream.cs(65,36): error CS0518: Predefined type 'System.Byte' is not defined or imported
C:\gh\azure-sdk-for-net\sdk\keyvault\samples\keyvaultproxy\tests\TestFramework\AsyncValidatingStream.cs(65,51): error CS0518: Predefined type 'System.Int32' is not defined or imported
C:\gh\azure-sdk-for-net\sdk\keyvault\samples\keyvaultproxy\tests\TestFramework\AsyncValidatingStream.cs(65,63): error CS0518: Predefined type 'System.Int32' is not defined or imported
C:\gh\azure-sdk-for-net\sdk\keyvault\samples\keyvaultproxy\tests\TestFramework\AsyncValidatingStream.cs(65,25): error CS0518: Predefined type 'System.Void' is not defined or imported
C:\gh\azure-sdk-for-net\sdk\keyvault\samples\keyvaultproxy\tests\KeyVaultProxyTests.Live.cs(55,10): error CS0518: Predefined type 'System.Object' is not defined or imported
C:\gh\azure-sdk-for-net\sdk\keyvault\samples\keyvaultproxy\tests\KeyVaultProxyTests.Live.cs(55,10): error CS0616: 'LiveFactAttribute' is not an attribute class
C:\gh\azure-sdk-for-net\sdk\keyvault\samples\keyvaultproxy\tests\KeyVaultProxyTests.Live.cs(55,10): error CS0518: Predefined type 'System.Void' is not defined or imported
C:\gh\azure-sdk-for-net\sdk\keyvault\samples\keyvaultproxy\tests\KeyVaultProxyTests.Live.cs(56,51): error CS0518: Predefined type 'System.Boolean' is not defined or imported
C:\gh\azure-sdk-for-net\sdk\keyvault\samples\keyvaultproxy\tests\KeyVaultProxyTests.Live.cs(56,22): error CS0518: Predefined type 'System.Object' is not defined or imported
C:\gh\azure-sdk-for-net\sdk\keyvault\samples\keyvaultproxy\tests\KeyVaultProxyTests.Live.cs(56,22): error CS0246: The type or namespace name 'Task' could not be found (are you missing a using directive or an assembly reference?)
C:\gh\azure-sdk-for-net\sdk\keyvault\samples\keyvaultproxy\tests\TestFramework\MockResponse.cs(16,29): error CS0518: Predefined type 'System.Int32' is not defined or imported
C:\gh\azure-sdk-for-net\sdk\keyvault\samples\keyvaultproxy\tests\TestFramework\MockResponse.cs(16,41): error CS0518: Predefined type 'System.String' is not defined or imported
C:\gh\azure-sdk-for-net\sdk\keyvault\samples\keyvaultproxy\tests\TestFramework\MockResponse.cs(16,9): error CS0518: Predefined type 'System.Void' is not defined or imported
C:\gh\azure-sdk-for-net\sdk\keyvault\samples\keyvaultproxy\tests\TestFramework\AsyncValidatingStream.cs(60,40): error CS0518: Predefined type 'System.Int64' is not defined or imported
C:\gh\azure-sdk-for-net\sdk\keyvault\samples\keyvaultproxy\tests\TestFramework\AsyncValidatingStream.cs(60,25): error CS0518: Predefined type 'System.Void' is not defined or imported
C:\gh\azure-sdk-for-net\sdk\keyvault\samples\keyvaultproxy\tests\TestFramework\AsyncValidatingStream.cs(55,35): error CS0518: Predefined type 'System.Int64' is not defined or imported
C:\gh\azure-sdk-for-net\sdk\keyvault\samples\keyvaultproxy\tests\TestFramework\AsyncValidatingStream.cs(55,48): error CS0518: Predefined type 'System.Object' is not defined or imported
C:\gh\azure-sdk-for-net\sdk\keyvault\samples\keyvaultproxy\tests\TestFramework\AsyncValidatingStream.cs(55,48): error CS0246: The type or namespace name 'SeekOrigin' could not be found (are you missing a using directive or an assembly reference?)
C:\gh\azure-sdk-for-net\sdk\keyvault\samples\keyvaultproxy\tests\TestFramework\AsyncValidatingStream.cs(55,25): error CS0518: Predefined type 'System.Int64' is not defined or imported
C:\gh\azure-sdk-for-net\sdk\keyvault\samples\keyvaultproxy\tests\TestFramework\AsyncValidatingStream.cs(49,45): error CS0518: Predefined type 'System.Byte' is not defined or imported
C:\gh\azure-sdk-for-net\sdk\keyvault\samples\keyvaultproxy\tests\TestFramework\AsyncValidatingStream.cs(49,60): error CS0518: Predefined type 'System.Int32' is not defined or imported
C:\gh\azure-sdk-for-net\sdk\keyvault\samples\keyvaultproxy\tests\TestFramework\AsyncValidatingStream.cs(49,72): error CS0518: Predefined type 'System.Int32' is not defined or imported
C:\gh\azure-sdk-for-net\sdk\keyvault\samples\keyvaultproxy\tests\TestFramework\AsyncValidatingStream.cs(49,83): error CS0518: Predefined type 'System.Object' is not defined or imported
C:\gh\azure-sdk-for-net\sdk\keyvault\samples\keyvaultproxy\tests\TestFramework\AsyncValidatingStream.cs(49,83): error CS0246: The type or namespace name 'CancellationToken' could not be found (are you missing a using directive or an assembly reference?)
C:\gh\azure-sdk-for-net\sdk\keyvault\samples\keyvaultproxy\tests\TestFramework\AsyncValidatingStream.cs(49,25): error CS0518: Predefined type 'System.Object' is not defined or imported
C:\gh\azure-sdk-for-net\sdk\keyvault\samples\keyvaultproxy\tests\TestFramework\AsyncValidatingStream.cs(49,25): error CS0246: The type or namespace name 'Task<>' could not be found (are you missing a using directive or an assembly reference?)
C:\gh\azure-sdk-for-net\sdk\keyvault\samples\keyvaultproxy\tests\TestFramework\AsyncValidatingStream.cs(49,30): error CS0518: Predefined type 'System.Int32' is not defined or imported
C:\gh\azure-sdk-for-net\sdk\keyvault\samples\keyvaultproxy\tests\TestFramework\AsyncValidatingStream.cs(43,34): error CS0518: Predefined type 'System.Byte' is not defined or imported
C:\gh\azure-sdk-for-net\sdk\keyvault\samples\keyvaultproxy\tests\TestFramework\AsyncValidatingStream.cs(43,49): error CS0518: Predefined type 'System.Int32' is not defined or imported
C:\gh\azure-sdk-for-net\sdk\keyvault\samples\keyvaultproxy\tests\TestFramework\AsyncValidatingStream.cs(43,61): error CS0518: Predefined type 'System.Int32' is not defined or imported
C:\gh\azure-sdk-for-net\sdk\keyvault\samples\keyvaultproxy\tests\TestFramework\AsyncValidatingStream.cs(43,25): error CS0518: Predefined type 'System.Int32' is not defined or imported
C:\gh\azure-sdk-for-net\sdk\keyvault\samples\keyvaultproxy\tests\TestFramework\AsyncValidatingStream.cs(13,26): error CS0518: Predefined type 'System.Boolean' is not defined or imported
C:\gh\azure-sdk-for-net\sdk\keyvault\samples\keyvaultproxy\tests\TestFramework\AsyncValidatingStream.cs(29,41): error CS0518: Predefined type 'System.Object' is not defined or imported
C:\gh\azure-sdk-for-net\sdk\keyvault\samples\keyvaultproxy\tests\TestFramework\AsyncValidatingStream.cs(29,41): error CS0246: The type or namespace name 'CancellationToken' could not be found (are you missing a using directive or an assembly reference?)
C:\gh\azure-sdk-for-net\sdk\keyvault\samples\keyvaultproxy\tests\TestFramework\AsyncValidatingStream.cs(29,25): error CS0518: Predefined type 'System.Object' is not defined or imported
C:\gh\azure-sdk-for-net\sdk\keyvault\samples\keyvaultproxy\tests\TestFramework\AsyncValidatingStream.cs(29,25): error CS0246: The type or namespace name 'Task' could not be found (are you missing a using directive or an assembly reference?)
C:\gh\azure-sdk-for-net\sdk\keyvault\samples\keyvaultproxy\tests\TestFramework\MockTransport.cs(22,9): error CS0518: Predefined type 'System.Void' is not defined or imported
C:\gh\azure-sdk-for-net\sdk\keyvault\samples\keyvaultproxy\tests\SecretsFixture.cs(72,45): error CS0518: Predefined type 'System.Object' is not defined or imported
C:\gh\azure-sdk-for-net\sdk\keyvault\samples\keyvaultproxy\tests\SecretsFixture.cs(72,17): error CS0518: Predefined type 'System.Object' is not defined or imported
C:\gh\azure-sdk-for-net\sdk\keyvault\samples\keyvaultproxy\tests\KeyVaultProxyTests.Live.cs(29,10): error CS0518: Predefined type 'System.Object' is not defined or imported
C:\gh\azure-sdk-for-net\sdk\keyvault\samples\keyvaultproxy\tests\KeyVaultProxyTests.Live.cs(29,10): error CS0616: 'LiveFactAttribute' is not an attribute class
C:\gh\azure-sdk-for-net\sdk\keyvault\samples\keyvaultproxy\tests\KeyVaultProxyTests.Live.cs(29,10): error CS0518: Predefined type 'System.Void' is not defined or imported
C:\gh\azure-sdk-for-net\sdk\keyvault\samples\keyvaultproxy\tests\KeyVaultProxyTests.Live.cs(30,46): error CS0518: Predefined type 'System.Boolean' is not defined or imported
C:\gh\azure-sdk-for-net\sdk\keyvault\samples\keyvaultproxy\tests\KeyVaultProxyTests.Live.cs(30,22): error CS0518: Predefined type 'System.Object' is not defined or imported
C:\gh\azure-sdk-for-net\sdk\keyvault\samples\keyvaultproxy\tests\KeyVaultProxyTests.Live.cs(30,22): error CS0246: The type or namespace name 'Task' could not be found (are you missing a using directive or an assembly reference?)
C:\gh\azure-sdk-for-net\sdk\keyvault\samples\keyvaultproxy\tests\SecretsFixture.cs(21,26): error CS0518: Predefined type 'System.Object' is not defined or imported
C:\gh\azure-sdk-for-net\sdk\keyvault\samples\keyvaultproxy\tests\SecretsFixture.cs(22,26): error CS0518: Predefined type 'System.Object' is not defined or imported
C:\gh\azure-sdk-for-net\sdk\keyvault\samples\keyvaultproxy\tests\SecretsFixture.cs(22,26): error CS0246: The type or namespace name 'TimeSpan' could not be found (are you missing a using directive or an assembly reference?)
C:\gh\azure-sdk-for-net\sdk\keyvault\samples\keyvaultproxy\tests\KeyVaultProxyTests.Live.cs(19,26): error CS0518: Predefined type 'System.Object' is not defined or imported
C:\gh\azure-sdk-for-net\sdk\keyvault\samples\keyvaultproxy\tests\KeyVaultProxyTests.Live.cs(19,26): error CS0246: The type or namespace name 'AzureEventSourceListener' could not be found (are you missing a using directive or an assembly reference?)
C:\gh\azure-sdk-for-net\sdk\keyvault\samples\keyvaultproxy\tests\KeyVaultProxyTests.Live.cs(27,16): error CS0518: Predefined type 'System.Void' is not defined or imported
C:\gh\azure-sdk-for-net\sdk\keyvault\samples\keyvaultproxy\tests\KeyVaultProxyTests.Live.cs(21,35): error CS0518: Predefined type 'System.Object' is not defined or imported
C:\gh\azure-sdk-for-net\sdk\keyvault\samples\keyvaultproxy\tests\KeyVaultProxyTests.Live.cs(21,9): error CS0518: Predefined type 'System.Void' is not defined or imported
C:\gh\azure-sdk-for-net\sdk\keyvault\samples\keyvaultproxy\tests\TestFramework\MockRequest.cs(88,25): error CS0518: Predefined type 'System.Void' is not defined or imported
C:\gh\azure-sdk-for-net\sdk\keyvault\samples\keyvaultproxy\tests\SecretsFixture.cs(60,13): error CS0518: Predefined type 'System.Void' is not defined or imported
C:\gh\azure-sdk-for-net\sdk\keyvault\samples\keyvaultproxy\tests\TestFramework\AsyncValidatingStream.cs(23,25): error CS0518: Predefined type 'System.Void' is not defined or imported
C:\gh\azure-sdk-for-net\sdk\keyvault\samples\keyvaultproxy\tests\SecretsFixture.cs(27,9): error CS0518: Predefined type 'System.Void' is not defined or imported
C:\gh\azure-sdk-for-net\sdk\keyvault\samples\keyvaultproxy\tests\TestFramework\MockResponse.cs(83,25): error CS0518: Predefined type 'System.Void' is not defined or imported
C:\gh\azure-sdk-for-net\sdk\keyvault\samples\keyvaultproxy\tests\TestFramework\AsyncValidatingStream.cs(83,25): error CS0518: Predefined type 'System.Void' is not defined or imported
C:\gh\azure-sdk-for-net\artifacts\obj\AzureSamples.Security.KeyVault.Proxy.Tests\Debug\netcoreapp2.1\.NETCoreApp,Version=v2.1.AssemblyAttributes.cs(4,20): error CS0400: The type or namespace name 'System' could not be found in the global namespace (are you missing an assembly reference?)
C:\gh\azure-sdk-for-net\artifacts\obj\AzureSamples.Security.KeyVault.Proxy.Tests\Debug\netcoreapp2.1\AzureSamples.Security.KeyVault.Proxy.Tests.AssemblyInfo.cs(14,12): error CS0246: The type or namespace name 'System' could not be found (are you missing a using directive or an assembly reference?)
C:\gh\azure-sdk-for-net\artifacts\obj\AzureSamples.Security.KeyVault.Proxy.Tests\Debug\netcoreapp2.1\AzureSamples.Security.KeyVault.Proxy.Tests.AssemblyInfo.cs(15,12): error CS0246: The type or namespace name 'System' could not be found (are you missing a using directive or an assembly reference?)
C:\gh\azure-sdk-for-net\artifacts\obj\AzureSamples.Security.KeyVault.Proxy.Tests\Debug\netcoreapp2.1\AzureSamples.Security.KeyVault.Proxy.Tests.AssemblyInfo.cs(16,12): error CS0246: The type or namespace name 'System' could not be found (are you missing a using directive or an assembly reference?)
C:\gh\azure-sdk-for-net\artifacts\obj\AzureSamples.Security.KeyVault.Proxy.Tests\Debug\netcoreapp2.1\AzureSamples.Security.KeyVault.Proxy.Tests.AssemblyInfo.cs(17,12): error CS0246: The type or namespace name 'System' could not be found (are you missing a using directive or an assembly reference?)
C:\gh\azure-sdk-for-net\artifacts\obj\AzureSamples.Security.KeyVault.Proxy.Tests\Debug\netcoreapp2.1\AzureSamples.Security.KeyVault.Proxy.Tests.AssemblyInfo.cs(18,12): error CS0246: The type or namespace name 'System' could not be found (are you missing a using directive or an assembly reference?)
C:\gh\azure-sdk-for-net\artifacts\obj\AzureSamples.Security.KeyVault.Proxy.Tests\Debug\netcoreapp2.1\AzureSamples.Security.KeyVault.Proxy.Tests.AssemblyInfo.cs(19,12): error CS0246: The type or namespace name 'System' could not be found (are you missing a using directive or an assembly reference?)
C:\gh\azure-sdk-for-net\artifacts\obj\AzureSamples.Security.KeyVault.Proxy.Tests\Debug\netcoreapp2.1\AzureSamples.Security.KeyVault.Proxy.Tests.AssemblyInfo.cs(20,12): error CS0246: The type or namespace name 'System' could not be found (are you missing a using directive or an assembly reference?)
C:\gh\azure-sdk-for-net\artifacts\obj\AzureSamples.Security.KeyVault.Proxy.Tests\Debug\netcoreapp2.1\AzureSamples.Security.KeyVault.Proxy.Tests.AssemblyInfo.cs(21,12): error CS0246: The type or namespace name 'System' could not be found (are you missing a using directive or an assembly reference?)
C:\gh\azure-sdk-for-net\artifacts\obj\AzureSamples.Security.KeyVault.Proxy.Tests\Debug\netcoreapp2.1\AzureSamples.Security.KeyVault.Proxy.Tests.AssemblyInfo.cs(22,12): error CS0246: The type or namespace name 'System' could not be found (are you missing a using directive or an assembly reference?)
C:\gh\azure-sdk-for-net\artifacts\obj\AzureSamples.Security.KeyVault.Proxy.Tests\Debug\netcoreapp2.1\AzureSamples.Security.KeyVault.Proxy.Tests.AssemblyInfo.cs(23,12): error CS0246: The type or namespace name 'System' could not be found (are you missing a using directive or an assembly reference?)
C:\gh\azure-sdk-for-net\artifacts\obj\AzureSamples.Security.KeyVault.Proxy.Tests\Debug\netcoreapp2.1\AzureSamples.Security.KeyVault.Proxy.Tests.AssemblyInfo.cs(24,12): error CS0246: The type or namespace name 'System' could not be found (are you missing a using directive or an assembly reference?)
C:\gh\azure-sdk-for-net\artifacts\obj\AzureSamples.Security.KeyVault.Proxy.Tests\Debug\netcoreapp2.1\.NETCoreApp,Version=v2.1.AssemblyAttributes.cs(4,71): error CS0518: Predefined type 'System.String' is not defined or imported
C:\gh\azure-sdk-for-net\artifacts\obj\AzureSamples.Security.KeyVault.Proxy.Tests\Debug\netcoreapp2.1\.NETCoreApp,Version=v2.1.AssemblyAttributes.cs(4,99): error CS0246: The type or namespace name 'FrameworkDisplayName' could not be found (are you missing a using directive or an assembly reference?)
C:\gh\azure-sdk-for-net\artifacts\obj\AzureSamples.Security.KeyVault.Proxy.Tests\Debug\netcoreapp2.1\.NETCoreApp,Version=v2.1.AssemblyAttributes.cs(4,122): error CS0518: Predefined type 'System.String' is not defined or imported
C:\gh\azure-sdk-for-net\artifacts\obj\AzureSamples.Security.KeyVault.Proxy.Tests\Debug\netcoreapp2.1\AzureSamples.Security.KeyVault.Proxy.Tests.AssemblyInfo.cs(14,56): error CS0518: Predefined type 'System.String' is not defined or imported
C:\gh\azure-sdk-for-net\artifacts\obj\AzureSamples.Security.KeyVault.Proxy.Tests\Debug\netcoreapp2.1\AzureSamples.Security.KeyVault.Proxy.Tests.AssemblyInfo.cs(14,70): error CS0518: Predefined type 'System.String' is not defined or imported
C:\gh\azure-sdk-for-net\artifacts\obj\AzureSamples.Security.KeyVault.Proxy.Tests\Debug\netcoreapp2.1\AzureSamples.Security.KeyVault.Proxy.Tests.AssemblyInfo.cs(15,55): error CS0518: Predefined type 'System.String' is not defined or imported
C:\gh\azure-sdk-for-net\artifacts\obj\AzureSamples.Security.KeyVault.Proxy.Tests\Debug\netcoreapp2.1\AzureSamples.Security.KeyVault.Proxy.Tests.AssemblyInfo.cs(16,61): error CS0518: Predefined type 'System.String' is not defined or imported
C:\gh\azure-sdk-for-net\artifacts\obj\AzureSamples.Security.KeyVault.Proxy.Tests\Debug\netcoreapp2.1\AzureSamples.Security.KeyVault.Proxy.Tests.AssemblyInfo.cs(17,57): error CS0518: Predefined type 'System.String' is not defined or imported
C:\gh\azure-sdk-for-net\artifacts\obj\AzureSamples.Security.KeyVault.Proxy.Tests\Debug\netcoreapp2.1\AzureSamples.Security.KeyVault.Proxy.Tests.AssemblyInfo.cs(18,59): error CS0518: Predefined type 'System.String' is not defined or imported
C:\gh\azure-sdk-for-net\artifacts\obj\AzureSamples.Security.KeyVault.Proxy.Tests\Debug\netcoreapp2.1\AzureSamples.Security.KeyVault.Proxy.Tests.AssemblyInfo.cs(19,68): error CS0518: Predefined type 'System.String' is not defined or imported
C:\gh\azure-sdk-for-net\artifacts\obj\AzureSamples.Security.KeyVault.Proxy.Tests\Debug\netcoreapp2.1\AzureSamples.Security.KeyVault.Proxy.Tests.AssemblyInfo.cs(20,55): error CS0518: Predefined type 'System.String' is not defined or imported
C:\gh\azure-sdk-for-net\artifacts\obj\AzureSamples.Security.KeyVault.Proxy.Tests\Debug\netcoreapp2.1\AzureSamples.Security.KeyVault.Proxy.Tests.AssemblyInfo.cs(21,53): error CS0518: Predefined type 'System.String' is not defined or imported
C:\gh\azure-sdk-for-net\artifacts\obj\AzureSamples.Security.KeyVault.Proxy.Tests\Debug\netcoreapp2.1\AzureSamples.Security.KeyVault.Proxy.Tests.AssemblyInfo.cs(22,55): error CS0518: Predefined type 'System.String' is not defined or imported
C:\gh\azure-sdk-for-net\artifacts\obj\AzureSamples.Security.KeyVault.Proxy.Tests\Debug\netcoreapp2.1\AzureSamples.Security.KeyVault.Proxy.Tests.AssemblyInfo.cs(23,56): error CS0518: Predefined type 'System.String' is not defined or imported
C:\gh\azure-sdk-for-net\artifacts\obj\AzureSamples.Security.KeyVault.Proxy.Tests\Debug\netcoreapp2.1\AzureSamples.Security.KeyVault.Proxy.Tests.AssemblyInfo.cs(23,73): error CS0518: Predefined type 'System.String' is not defined or imported
C:\gh\azure-sdk-for-net\artifacts\obj\AzureSamples.Security.KeyVault.Proxy.Tests\Debug\netcoreapp2.1\AzureSamples.Security.KeyVault.Proxy.Tests.AssemblyInfo.cs(24,63): error CS0518: Predefined type 'System.String' is not defined or imported
C:\gh\azure-sdk-for-net\sdk\keyvault\samples\keyvaultproxy\tests\KeyVaultProxyTests.cs(4,7): error CS0246: The type or namespace name 'System' could not be found (are you missing a using directive or an assembly reference?)
C:\gh\azure-sdk-for-net\sdk\keyvault\samples\keyvaultproxy\tests\KeyVaultProxyTests.cs(5,7): error CS0246: The type or namespace name 'Xunit' could not be found (are you missing a using directive or an assembly reference?)
C:\gh\azure-sdk-for-net\sdk\keyvault\samples\keyvaultproxy\tests\KeyVaultProxyTests.Live.cs(4,7): error CS0246: The type or namespace name 'System' could not be found (are you missing a using directive or an assembly reference?)
C:\gh\azure-sdk-for-net\sdk\keyvault\samples\keyvaultproxy\tests\KeyVaultProxyTests.Live.cs(5,7): error CS0246: The type or namespace name 'System' could not be found (are you missing a using directive or an assembly reference?)
C:\gh\azure-sdk-for-net\sdk\keyvault\samples\keyvaultproxy\tests\KeyVaultProxyTests.Live.cs(6,7): error CS0246: The type or namespace name 'System' could not be found (are you missing a using directive or an assembly reference?)
C:\gh\azure-sdk-for-net\sdk\keyvault\samples\keyvaultproxy\tests\KeyVaultProxyTests.Live.cs(7,7): error CS0246: The type or namespace name 'System' could not be found (are you missing a using directive or an assembly reference?)
C:\gh\azure-sdk-for-net\sdk\keyvault\samples\keyvaultproxy\tests\KeyVaultProxyTests.Live.cs(8,7): error CS0246: The type or namespace name 'System' could not be found (are you missing a using directive or an assembly reference?)
C:\gh\azure-sdk-for-net\sdk\keyvault\samples\keyvaultproxy\tests\KeyVaultProxyTests.Live.cs(10,18): error CS0234: The type or namespace name 'Diagnostics' does not exist in the namespace 'Azure.Core' (are you missing an assembly reference?)
C:\gh\azure-sdk-for-net\sdk\keyvault\samples\keyvaultproxy\tests\KeyVaultProxyTests.Live.cs(11,13): error CS0234: The type or namespace name 'Security' does not exist in the namespace 'Azure' (are you missing an assembly reference?)
C:\gh\azure-sdk-for-net\sdk\keyvault\samples\keyvaultproxy\tests\KeyVaultProxyTests.Live.cs(12,7): error CS0246: The type or namespace name 'Xunit' could not be found (are you missing a using directive or an assembly reference?)
C:\gh\azure-sdk-for-net\sdk\keyvault\samples\keyvaultproxy\tests\LiveFactAttribute.cs(4,7): error CS0246: The type or namespace name 'Xunit' could not be found (are you missing a using directive or an assembly reference?)
C:\gh\azure-sdk-for-net\sdk\keyvault\samples\keyvaultproxy\tests\LiveFactAttribute.cs(5,7): error CS0246: The type or namespace name 'Xunit' could not be found (are you missing a using directive or an assembly reference?)
C:\gh\azure-sdk-for-net\sdk\keyvault\samples\keyvaultproxy\tests\LiveFactDiscoverer.cs(4,7): error CS0246: The type or namespace name 'System' could not be found (are you missing a using directive or an assembly reference?)
C:\gh\azure-sdk-for-net\sdk\keyvault\samples\keyvaultproxy\tests\LiveFactDiscoverer.cs(5,7): error CS0246: The type or namespace name 'System' could not be found (are you missing a using directive or an assembly reference?)
C:\gh\azure-sdk-for-net\sdk\keyvault\samples\keyvaultproxy\tests\LiveFactDiscoverer.cs(6,7): error CS0246: The type or namespace name 'System' could not be found (are you missing a using directive or an assembly reference?)
C:\gh\azure-sdk-for-net\sdk\keyvault\samples\keyvaultproxy\tests\LiveFactDiscoverer.cs(7,7): error CS0246: The type or namespace name 'System' could not be found (are you missing a using directive or an assembly reference?)
C:\gh\azure-sdk-for-net\sdk\keyvault\samples\keyvaultproxy\tests\LiveFactDiscoverer.cs(8,7): error CS0246: The type or namespace name 'Xunit' could not be found (are you missing a using directive or an assembly reference?)
C:\gh\azure-sdk-for-net\sdk\keyvault\samples\keyvaultproxy\tests\LiveFactDiscoverer.cs(9,7): error CS0246: The type or namespace name 'Xunit' could not be found (are you missing a using directive or an assembly reference?)
C:\gh\azure-sdk-for-net\sdk\keyvault\samples\keyvaultproxy\tests\SecretsFixture.cs(4,7): error CS0246: The type or namespace name 'System' could not be found (are you missing a using directive or an assembly reference?)
C:\gh\azure-sdk-for-net\sdk\keyvault\samples\keyvaultproxy\tests\SecretsFixture.cs(5,7): error CS0246: The type or namespace name 'System' could not be found (are you missing a using directive or an assembly reference?)
C:\gh\azure-sdk-for-net\sdk\keyvault\samples\keyvaultproxy\tests\SecretsFixture.cs(6,7): error CS0246: The type or namespace name 'System' could not be found (are you missing a using directive or an assembly reference?)
C:\gh\azure-sdk-for-net\sdk\keyvault\samples\keyvaultproxy\tests\SecretsFixture.cs(7,7): error CS0246: The type or namespace name 'System' could not be found (are you missing a using directive or an assembly reference?)
C:\gh\azure-sdk-for-net\sdk\keyvault\samples\keyvaultproxy\tests\SecretsFixture.cs(8,7): error CS0246: The type or namespace name 'System' could not be found (are you missing a using directive or an assembly reference?)
C:\gh\azure-sdk-for-net\sdk\keyvault\samples\keyvaultproxy\tests\SecretsFixture.cs(9,7): error CS0246: The type or namespace name 'System' could not be found (are you missing a using directive or an assembly reference?)
C:\gh\azure-sdk-for-net\sdk\keyvault\samples\keyvaultproxy\tests\SecretsFixture.cs(12,13): error CS0234: The type or namespace name 'Security' does not exist in the namespace 'Azure' (are you missing an assembly reference?)
C:\gh\azure-sdk-for-net\sdk\keyvault\samples\keyvaultproxy\tests\TestFramework\AsyncGate.cs(4,7): error CS0246: The type or namespace name 'System' could not be found (are you missing a using directive or an assembly reference?)
C:\gh\azure-sdk-for-net\sdk\keyvault\samples\keyvaultproxy\tests\TestFramework\AsyncGate.cs(5,7): error CS0246: The type or namespace name 'System' could not be found (are you missing a using directive or an assembly reference?)
C:\gh\azure-sdk-for-net\sdk\keyvault\samples\keyvaultproxy\tests\TestFramework\AsyncValidatingStream.cs(4,7): error CS0246: The type or namespace name 'System' could not be found (are you missing a using directive or an assembly reference?)
C:\gh\azure-sdk-for-net\sdk\keyvault\samples\keyvaultproxy\tests\TestFramework\AsyncValidatingStream.cs(5,7): error CS0246: The type or namespace name 'System' could not be found (are you missing a using directive or an assembly reference?)
C:\gh\azure-sdk-for-net\sdk\keyvault\samples\keyvaultproxy\tests\TestFramework\AsyncValidatingStream.cs(6,7): error CS0246: The type or namespace name 'System' could not be found (are you missing a using directive or an assembly reference?)
C:\gh\azure-sdk-for-net\sdk\keyvault\samples\keyvaultproxy\tests\TestFramework\AsyncValidatingStream.cs(7,7): error CS0246: The type or namespace name 'System' could not be found (are you missing a using directive or an assembly reference?)
C:\gh\azure-sdk-for-net\sdk\keyvault\samples\keyvaultproxy\tests\TestFramework\MockRequest.cs(4,7): error CS0246: The type or namespace name 'System' could not be found (are you missing a using directive or an assembly reference?)
C:\gh\azure-sdk-for-net\sdk\keyvault\samples\keyvaultproxy\tests\TestFramework\MockRequest.cs(5,7): error CS0246: The type or namespace name 'System' could not be found (are you missing a using directive or an assembly reference?)
C:\gh\azure-sdk-for-net\sdk\keyvault\samples\keyvaultproxy\tests\TestFramework\MockRequest.cs(6,7): error CS0246: The type or namespace name 'System' could not be found (are you missing a using directive or an assembly reference?)
C:\gh\azure-sdk-for-net\sdk\keyvault\samples\keyvaultproxy\tests\TestFramework\MockResponse.cs(4,7): error CS0246: The type or namespace name 'System' could not be found (are you missing a using directive or an assembly reference?)
C:\gh\azure-sdk-for-net\sdk\keyvault\samples\keyvaultproxy\tests\TestFramework\MockResponse.cs(5,7): error CS0246: The type or namespace name 'System' could not be found (are you missing a using directive or an assembly reference?)
C:\gh\azure-sdk-for-net\sdk\keyvault\samples\keyvaultproxy\tests\TestFramework\MockResponse.cs(6,7): error CS0246: The type or namespace name 'System' could not be found (are you missing a using directive or an assembly reference?)
C:\gh\azure-sdk-for-net\sdk\keyvault\samples\keyvaultproxy\tests\TestFramework\MockResponse.cs(7,7): error CS0246: The type or namespace name 'System' could not be found (are you missing a using directive or an assembly reference?)
C:\gh\azure-sdk-for-net\sdk\keyvault\samples\keyvaultproxy\tests\TestFramework\MockResponse.cs(8,7): error CS0246: The type or namespace name 'System' could not be found (are you missing a using directive or an assembly reference?)
C:\gh\azure-sdk-for-net\sdk\keyvault\samples\keyvaultproxy\tests\TestFramework\MockTransport.cs(4,7): error CS0246: The type or namespace name 'System' could not be found (are you missing a using directive or an assembly reference?)
C:\gh\azure-sdk-for-net\sdk\keyvault\samples\keyvaultproxy\tests\TestFramework\MockTransport.cs(5,7): error CS0246: The type or namespace name 'System' could not be found (are you missing a using directive or an assembly reference?)
C:\gh\azure-sdk-for-net\sdk\keyvault\samples\keyvaultproxy\tests\TestFramework\MockTransport.cs(6,7): error CS0246: The type or namespace name 'System' could not be found (are you missing a using directive or an assembly reference?)
C:\gh\azure-sdk-for-net\sdk\keyvault\samples\keyvaultproxy\tests\TestFramework\MockTransport.cs(7,7): error CS0246: The type or namespace name 'System' could not be found (are you missing a using directive or an assembly reference?)
C:\gh\azure-sdk-for-net\sdk\keyvault\samples\keyvaultproxy\tests\TestFramework\MockTransport.cs(8,18): error CS0234: The type or namespace name 'Pipeline' does not exist in the namespace 'Azure.Core' (are you missing an assembly reference?)
C:\gh\azure-sdk-for-net\sdk\keyvault\samples\keyvaultproxy\tests\TestFramework\TaskExtensions.cs(4,7): error CS0246: The type or namespace name 'System' could not be found (are you missing a using directive or an assembly reference?)
C:\gh\azure-sdk-for-net\sdk\keyvault\samples\keyvaultproxy\tests\TestFramework\TaskExtensions.cs(5,7): error CS0246: The type or namespace name 'System' could not be found (are you missing a using directive or an assembly reference?)
C:\gh\azure-sdk-for-net\sdk\keyvault\samples\keyvaultproxy\tests\TestFramework\TaskExtensions.cs(6,7): error CS0246: The type or namespace name 'System' could not be found (are you missing a using directive or an assembly reference?)
C:\gh\azure-sdk-for-net\sdk\keyvault\samples\keyvaultproxy\tests\TestFramework\TaskExtensions.cs(7,7): error CS0246: The type or namespace name 'System' could not be found (are you missing a using directive or an assembly reference?)
C:\gh\azure-sdk-for-net\sdk\keyvault\samples\keyvaultproxy\tests\TestFramework\TaskExtensions.cs(8,7): error CS0246: The type or namespace name 'System' could not be found (are you missing a using directive or an assembly reference?)
C:\gh\azure-sdk-for-net\artifacts\obj\AzureSamples.Security.KeyVault.Proxy.Tests\Debug\netcoreapp2.1\.NETCoreApp,Version=v2.1.AssemblyAttributes.cs(2,7): error CS0246: The type or namespace name 'System' could not be found (are you missing a using directive or an assembly reference?)
C:\gh\azure-sdk-for-net\artifacts\obj\AzureSamples.Security.KeyVault.Proxy.Tests\Debug\netcoreapp2.1\.NETCoreApp,Version=v2.1.AssemblyAttributes.cs(3,7): error CS0246: The type or namespace name 'System' could not be found (are you missing a using directive or an assembly reference?)
C:\gh\azure-sdk-for-net\artifacts\obj\AzureSamples.Security.KeyVault.Proxy.Tests\Debug\netcoreapp2.1\AzureSamples.Security.KeyVault.Proxy.Tests.AssemblyInfo.cs(11,7): error CS0246: The type or namespace name 'System' could not be found (are you missing a using directive or an assembly reference?)
C:\gh\azure-sdk-for-net\artifacts\obj\AzureSamples.Security.KeyVault.Proxy.Tests\Debug\netcoreapp2.1\AzureSamples.Security.KeyVault.Proxy.Tests.AssemblyInfo.cs(12,7): error CS0246: The type or namespace name 'System' could not be found (are you missing a using directive or an assembly reference?)
C:\gh\azure-sdk-for-net\sdk\keyvault\samples\keyvaultproxy\tests\TestFramework\AsyncValidatingStream.cs(23,30): error CS0115: 'AsyncValidatingStream.Flush()': no suitable method found to override
C:\gh\azure-sdk-for-net\sdk\keyvault\samples\keyvaultproxy\tests\TestFramework\AsyncValidatingStream.cs(83,30): error CS0115: 'AsyncValidatingStream.Close()': no suitable method found to override
C:\gh\azure-sdk-for-net\sdk\keyvault\samples\keyvaultproxy\tests\TestFramework\AsyncValidatingStream.cs(88,30): error CS0115: 'AsyncValidatingStream.CanRead': no suitable method found to override
C:\gh\azure-sdk-for-net\sdk\keyvault\samples\keyvaultproxy\tests\TestFramework\AsyncValidatingStream.cs(89,30): error CS0115: 'AsyncValidatingStream.CanSeek': no suitable method found to override
C:\gh\azure-sdk-for-net\sdk\keyvault\samples\keyvaultproxy\tests\TestFramework\AsyncValidatingStream.cs(90,30): error CS0115: 'AsyncValidatingStream.CanWrite': no suitable method found to override
C:\gh\azure-sdk-for-net\sdk\keyvault\samples\keyvaultproxy\tests\TestFramework\AsyncValidatingStream.cs(91,30): error CS0115: 'AsyncValidatingStream.Length': no suitable method found to override
C:\gh\azure-sdk-for-net\sdk\keyvault\samples\keyvaultproxy\tests\TestFramework\AsyncValidatingStream.cs(92,30): error CS0115: 'AsyncValidatingStream.Position': no suitable method found to override
C:\gh\azure-sdk-for-net\sdk\keyvault\samples\keyvaultproxy\tests\LiveFactAttribute.cs(12,6): error CS0518: Predefined type 'System.Object' is not defined or imported
C:\gh\azure-sdk-for-net\sdk\keyvault\samples\keyvaultproxy\tests\LiveFactAttribute.cs(12,6): error CS0246: The type or namespace name 'XunitTestCaseDiscovererAttribute' could not be found (are you missing a using directive or an assembly reference?)
C:\gh\azure-sdk-for-net\sdk\keyvault\samples\keyvaultproxy\tests\LiveFactAttribute.cs(12,6): error CS0246: The type or namespace name 'XunitTestCaseDiscoverer' could not be found (are you missing a using directive or an assembly reference?)
C:\gh\azure-sdk-for-net\sdk\keyvault\samples\keyvaultproxy\tests\LiveFactAttribute.cs(12,30): error CS0518: Predefined type 'System.String' is not defined or imported
C:\gh\azure-sdk-for-net\sdk\keyvault\samples\keyvaultproxy\tests\LiveFactAttribute.cs(12,89): error CS0518: Predefined type 'System.String' is not defined or imported
C:\gh\azure-sdk-for-net\sdk\keyvault\samples\keyvaultproxy\tests\LiveFactAttribute.cs(18,51): error CS0518: Predefined type 'System.Void' is not defined or imported
C:\gh\azure-sdk-for-net\sdk\keyvault\samples\keyvaultproxy\tests\KeyVaultProxyTests.cs(11,10): error CS0518: Predefined type 'System.Object' is not defined or imported
C:\gh\azure-sdk-for-net\sdk\keyvault\samples\keyvaultproxy\tests\KeyVaultProxyTests.cs(11,10): error CS0246: The type or namespace name 'FactAttribute' could not be found (are you missing a using directive or an assembly reference?)
C:\gh\azure-sdk-for-net\sdk\keyvault\samples\keyvaultproxy\tests\KeyVaultProxyTests.cs(11,10): error CS0246: The type or namespace name 'Fact' could not be found (are you missing a using directive or an assembly reference?)
C:\gh\azure-sdk-for-net\sdk\keyvault\samples\keyvaultproxy\tests\TestFramework\MockResponse.cs(30,39): error CS0518: Predefined type 'System.Void' is not defined or imported
C:\gh\azure-sdk-for-net\sdk\keyvault\samples\keyvaultproxy\tests\TestFramework\MockResponse.cs(22,29): error CS0115: 'MockResponse.Status': no suitable method found to override
C:\gh\azure-sdk-for-net\sdk\keyvault\samples\keyvaultproxy\tests\TestFramework\MockResponse.cs(24,32): error CS0115: 'MockResponse.ReasonPhrase': no suitable method found to override
C:\gh\azure-sdk-for-net\sdk\keyvault\samples\keyvaultproxy\tests\TestFramework\MockResponse.cs(26,32): error CS0115: 'MockResponse.ContentStream': no suitable method found to override
C:\gh\azure-sdk-for-net\sdk\keyvault\samples\keyvaultproxy\tests\TestFramework\MockResponse.cs(28,32): error CS0115: 'MockResponse.ClientRequestId': no suitable method found to override
C:\gh\azure-sdk-for-net\sdk\keyvault\samples\keyvaultproxy\tests\TestFramework\MockResponse.cs(76,52): error CS0115: 'MockResponse.EnumerateHeaders()': no suitable method found to override
C:\gh\azure-sdk-for-net\sdk\keyvault\samples\keyvaultproxy\tests\TestFramework\MockResponse.cs(83,30): error CS0115: 'MockResponse.Dispose()': no suitable method found to override
C:\gh\azure-sdk-for-net\sdk\keyvault\samples\keyvaultproxy\tests\TestFramework\MockRequest.cs(19,39): error CS0518: Predefined type 'System.Void' is not defined or imported
C:\gh\azure-sdk-for-net\sdk\keyvault\samples\keyvaultproxy\tests\LiveFactDiscoverer.cs(50,40): error CS0518: Predefined type 'System.Void' is not defined or imported
C:\gh\azure-sdk-for-net\sdk\keyvault\samples\keyvaultproxy\tests\LiveFactAttribute.cs(18,16): error CS0518: Predefined type 'System.Object' is not defined or imported
C:\gh\azure-sdk-for-net\sdk\keyvault\samples\keyvaultproxy\tests\TestFramework\MockRequest.cs(21,40): error CS0115: 'MockRequest.Content': no suitable method found to override
C:\gh\azure-sdk-for-net\sdk\keyvault\samples\keyvaultproxy\tests\TestFramework\MockRequest.cs(77,52): error CS0115: 'MockRequest.EnumerateHeaders()': no suitable method found to override
C:\gh\azure-sdk-for-net\sdk\keyvault\samples\keyvaultproxy\tests\TestFramework\MockRequest.cs(84,32): error CS0115: 'MockRequest.ClientRequestId': no suitable method found to override
C:\gh\azure-sdk-for-net\sdk\keyvault\samples\keyvaultproxy\tests\TestFramework\MockRequest.cs(86,32): error CS0115: 'MockRequest.ToString()': no suitable method found to override
C:\gh\azure-sdk-for-net\sdk\keyvault\samples\keyvaultproxy\tests\TestFramework\MockRequest.cs(88,30): error CS0115: 'MockRequest.Dispose()': no suitable method found to override
C:\gh\azure-sdk-for-net\sdk\keyvault\samples\keyvaultproxy\tests\TestFramework\TaskExtensions.cs(14,23): error CS0518: Predefined type 'System.Object' is not defined or imported
C:\gh\azure-sdk-for-net\sdk\keyvault\samples\keyvaultproxy\tests\TestFramework\TaskExtensions.cs(14,23): error CS0246: The type or namespace name 'TimeSpan' could not be found (are you missing a using directive or an assembly reference?)
C:\gh\azure-sdk-for-net\sdk\keyvault\samples\keyvaultproxy\tests\TestFramework\AsyncValidatingStream.cs(49,125): error CS0518: Predefined type 'System.Object' is not defined or imported
C:\gh\azure-sdk-for-net\sdk\keyvault\samples\keyvaultproxy\tests\TestFramework\AsyncValidatingStream.cs(49,125): error CS0246: The type or namespace name 'CancellationToken' could not be found (are you missing a using directive or an assembly reference?)
C:\gh\azure-sdk-for-net\sdk\keyvault\samples\keyvaultproxy\tests\TestFramework\MockResponse.cs(22,25): error CS0518: Predefined type 'System.Int32' is not defined or imported
C:\gh\azure-sdk-for-net\sdk\keyvault\samples\keyvaultproxy\tests\TestFramework\MockRequest.cs(19,16): error CS0518: Predefined type 'System.Boolean' is not defined or imported
C:\gh\azure-sdk-for-net\sdk\keyvault\samples\keyvaultproxy\tests\TestFramework\MockResponse.cs(24,25): error CS0518: Predefined type 'System.String' is not defined or imported
C:\gh\azure-sdk-for-net\sdk\keyvault\samples\keyvaultproxy\tests\TestFramework\MockResponse.cs(26,25): error CS0518: Predefined type 'System.Object' is not defined or imported
C:\gh\azure-sdk-for-net\sdk\keyvault\samples\keyvaultproxy\tests\TestFramework\MockResponse.cs(26,25): error CS0246: The type or namespace name 'Stream' could not be found (are you missing a using directive or an assembly reference?)
C:\gh\azure-sdk-for-net\sdk\keyvault\samples\keyvaultproxy\tests\TestFramework\TaskExtensions.cs(17,14): error CS0518: Predefined type 'System.Object' is not defined or imported
C:\gh\azure-sdk-for-net\sdk\keyvault\samples\keyvaultproxy\tests\TestFramework\TaskExtensions.cs(17,14): error CS0246: The type or namespace name 'CallerFilePathAttribute' could not be found (are you missing a using directive or an assembly reference?)
C:\gh\azure-sdk-for-net\sdk\keyvault\samples\keyvaultproxy\tests\TestFramework\TaskExtensions.cs(17,14): error CS0246: The type or namespace name 'CallerFilePath' could not be found (are you missing a using directive or an assembly reference?)
C:\gh\azure-sdk-for-net\sdk\keyvault\samples\keyvaultproxy\tests\TestFramework\MockRequest.cs(21,25): error CS0518: Predefined type 'System.Object' is not defined or imported
C:\gh\azure-sdk-for-net\sdk\keyvault\samples\keyvaultproxy\tests\TestFramework\MockRequest.cs(21,25): error CS0246: The type or namespace name 'RequestContent' could not be found (are you missing a using directive or an assembly reference?)
C:\gh\azure-sdk-for-net\sdk\keyvault\samples\keyvaultproxy\tests\TestFramework\MockResponse.cs(28,25): error CS0518: Predefined type 'System.String' is not defined or imported
C:\gh\azure-sdk-for-net\sdk\keyvault\samples\keyvaultproxy\tests\TestFramework\AsyncValidatingStream.cs(71,121): error CS0518: Predefined type 'System.Object' is not defined or imported
C:\gh\azure-sdk-for-net\sdk\keyvault\samples\keyvaultproxy\tests\TestFramework\AsyncValidatingStream.cs(71,121): error CS0246: The type or namespace name 'CancellationToken' could not be found (are you missing a using directive or an assembly reference?)
C:\gh\azure-sdk-for-net\sdk\keyvault\samples\keyvaultproxy\tests\TestFramework\MockResponse.cs(30,16): error CS0518: Predefined type 'System.Boolean' is not defined or imported
C:\gh\azure-sdk-for-net\sdk\keyvault\samples\keyvaultproxy\tests\TestFramework\AsyncValidatingStream.cs(88,25): error CS0518: Predefined type 'System.Boolean' is not defined or imported
C:\gh\azure-sdk-for-net\sdk\keyvault\samples\keyvaultproxy\tests\TestFramework\MockRequest.cs(84,25): error CS0518: Predefined type 'System.String' is not defined or imported
C:\gh\azure-sdk-for-net\sdk\keyvault\samples\keyvaultproxy\tests\TestFramework\AsyncValidatingStream.cs(89,25): error CS0518: Predefined type 'System.Boolean' is not defined or imported
C:\gh\azure-sdk-for-net\sdk\keyvault\samples\keyvaultproxy\tests\TestFramework\AsyncValidatingStream.cs(90,25): error CS0518: Predefined type 'System.Boolean' is not defined or imported
C:\gh\azure-sdk-for-net\sdk\keyvault\samples\keyvaultproxy\tests\TestFramework\AsyncValidatingStream.cs(91,25): error CS0518: Predefined type 'System.Int64' is not defined or imported
C:\gh\azure-sdk-for-net\sdk\keyvault\samples\keyvaultproxy\tests\TestFramework\AsyncValidatingStream.cs(92,25): error CS0518: Predefined type 'System.Int64' is not defined or imported
C:\gh\azure-sdk-for-net\sdk\keyvault\samples\keyvaultproxy\tests\TestFramework\TaskExtensions.cs(18,14): error CS0518: Predefined type 'System.Object' is not defined or imported
C:\gh\azure-sdk-for-net\sdk\keyvault\samples\keyvaultproxy\tests\TestFramework\TaskExtensions.cs(18,14): error CS0246: The type or namespace name 'CallerLineNumberAttribute' could not be found (are you missing a using directive or an assembly reference?)
C:\gh\azure-sdk-for-net\sdk\keyvault\samples\keyvaultproxy\tests\TestFramework\TaskExtensions.cs(18,14): error CS0246: The type or namespace name 'CallerLineNumber' could not be found (are you missing a using directive or an assembly reference?)
C:\gh\azure-sdk-for-net\sdk\keyvault\samples\keyvaultproxy\tests\LiveFactDiscoverer.cs(39,14): error CS0518: Predefined type 'System.Object' is not defined or imported
C:\gh\azure-sdk-for-net\sdk\keyvault\samples\keyvaultproxy\tests\LiveFactDiscoverer.cs(39,14): error CS0246: The type or namespace name 'ObsoleteAttribute' could not be found (are you missing a using directive or an assembly reference?)
C:\gh\azure-sdk-for-net\sdk\keyvault\samples\keyvaultproxy\tests\LiveFactDiscoverer.cs(39,14): error CS0246: The type or namespace name 'Obsolete' could not be found (are you missing a using directive or an assembly reference?)
C:\gh\azure-sdk-for-net\sdk\keyvault\samples\keyvaultproxy\tests\LiveFactDiscoverer.cs(50,20): error CS0518: Predefined type 'System.Boolean' is not defined or imported
C:\gh\azure-sdk-for-net\sdk\keyvault\samples\keyvaultproxy\tests\TestFramework\MockTransport.cs(20,48): error CS0518: Predefined type 'System.Void' is not defined or imported
C:\gh\azure-sdk-for-net\sdk\keyvault\samples\keyvaultproxy\tests\TestFramework\TaskExtensions.cs(24,14): error CS0518: Predefined type 'System.Object' is not defined or imported
C:\gh\azure-sdk-for-net\sdk\keyvault\samples\keyvaultproxy\tests\TestFramework\TaskExtensions.cs(24,14): error CS0246: The type or namespace name 'CallerFilePathAttribute' could not be found (are you missing a using directive or an assembly reference?)
C:\gh\azure-sdk-for-net\sdk\keyvault\samples\keyvaultproxy\tests\TestFramework\TaskExtensions.cs(24,14): error CS0246: The type or namespace name 'CallerFilePath' could not be found (are you missing a using directive or an assembly reference?)
C:\gh\azure-sdk-for-net\sdk\keyvault\samples\keyvaultproxy\tests\TestFramework\MockTransport.cs(38,33): error CS0115: 'MockTransport.CreateRequest()': no suitable method found to override
C:\gh\azure-sdk-for-net\sdk\keyvault\samples\keyvaultproxy\tests\SecretsFixture.cs(47,16): error CS0518: Predefined type 'System.Object' is not defined or imported
C:\gh\azure-sdk-for-net\sdk\keyvault\samples\keyvaultproxy\tests\SecretsFixture.cs(47,16): error CS0246: The type or namespace name 'SecretClient' could not be found (are you missing a using directive or an assembly reference?)
C:\gh\azure-sdk-for-net\sdk\keyvault\samples\keyvaultproxy\tests\SecretsFixture.cs(52,16): error CS0518: Predefined type 'System.String' is not defined or imported
C:\gh\azure-sdk-for-net\sdk\keyvault\samples\keyvaultproxy\tests\SecretsFixture.cs(57,16): error CS0518: Predefined type 'System.Object' is not defined or imported
C:\gh\azure-sdk-for-net\sdk\keyvault\samples\keyvaultproxy\tests\SecretsFixture.cs(57,16): error CS0246: The type or namespace name 'TimeSpan' could not be found (are you missing a using directive or an assembly reference?)
C:\gh\azure-sdk-for-net\sdk\keyvault\samples\keyvaultproxy\tests\TestFramework\TaskExtensions.cs(25,14): error CS0518: Predefined type 'System.Object' is not defined or imported
C:\gh\azure-sdk-for-net\sdk\keyvault\samples\keyvaultproxy\tests\TestFramework\TaskExtensions.cs(25,14): error CS0246: The type or namespace name 'CallerLineNumberAttribute' could not be found (are you missing a using directive or an assembly reference?)
C:\gh\azure-sdk-for-net\sdk\keyvault\samples\keyvaultproxy\tests\TestFramework\TaskExtensions.cs(25,14): error CS0246: The type or namespace name 'CallerLineNumber' could not be found (are you missing a using directive or an assembly reference?)
C:\gh\azure-sdk-for-net\sdk\keyvault\samples\keyvaultproxy\tests\TestFramework\TaskExtensions.cs(31,14): error CS0518: Predefined type 'System.Object' is not defined or imported
C:\gh\azure-sdk-for-net\sdk\keyvault\samples\keyvaultproxy\tests\TestFramework\TaskExtensions.cs(31,14): error CS0246: The type or namespace name 'CallerFilePathAttribute' could not be found (are you missing a using directive or an assembly reference?)
C:\gh\azure-sdk-for-net\sdk\keyvault\samples\keyvaultproxy\tests\TestFramework\TaskExtensions.cs(31,14): error CS0246: The type or namespace name 'CallerFilePath' could not be found (are you missing a using directive or an assembly reference?)
C:\gh\azure-sdk-for-net\sdk\keyvault\samples\keyvaultproxy\tests\TestFramework\MockTransport.cs(16,16): error CS0518: Predefined type 'System.Object' is not defined or imported
C:\gh\azure-sdk-for-net\sdk\keyvault\samples\keyvaultproxy\tests\TestFramework\MockTransport.cs(16,26): error CS0518: Predefined type 'System.Object' is not defined or imported
C:\gh\azure-sdk-for-net\sdk\keyvault\samples\keyvaultproxy\tests\TestFramework\MockTransport.cs(16,39): error CS0518: Predefined type 'System.Object' is not defined or imported
C:\gh\azure-sdk-for-net\sdk\keyvault\samples\keyvaultproxy\tests\TestFramework\MockTransport.cs(18,16): error CS0518: Predefined type 'System.Object' is not defined or imported
C:\gh\azure-sdk-for-net\sdk\keyvault\samples\keyvaultproxy\tests\TestFramework\MockTransport.cs(18,16): error CS0246: The type or namespace name 'List<>' could not be found (are you missing a using directive or an assembly reference?)
C:\gh\azure-sdk-for-net\sdk\keyvault\samples\keyvaultproxy\tests\TestFramework\MockTransport.cs(18,21): error CS0518: Predefined type 'System.Object' is not defined or imported
C:\gh\azure-sdk-for-net\sdk\keyvault\samples\keyvaultproxy\tests\TestFramework\MockTransport.cs(20,16): error CS0518: Predefined type 'System.Boolean' is not defined or imported
C:\gh\azure-sdk-for-net\sdk\keyvault\samples\keyvaultproxy\tests\TestFramework\MockTransport.cs(20,16): error CS0518: Predefined type 'System.Nullable`1' is not defined or imported
C:\gh\azure-sdk-for-net\sdk\keyvault\samples\keyvaultproxy\tests\TestFramework\TaskExtensions.cs(32,14): error CS0518: Predefined type 'System.Object' is not defined or imported
C:\gh\azure-sdk-for-net\sdk\keyvault\samples\keyvaultproxy\tests\TestFramework\TaskExtensions.cs(32,14): error CS0246: The type or namespace name 'CallerLineNumberAttribute' could not be found (are you missing a using directive or an assembly reference?)
C:\gh\azure-sdk-for-net\sdk\keyvault\samples\keyvaultproxy\tests\TestFramework\TaskExtensions.cs(32,14): error CS0246: The type or namespace name 'CallerLineNumber' could not be found (are you missing a using directive or an assembly reference?)
C:\gh\azure-sdk-for-net\sdk\keyvault\samples\keyvaultproxy\tests\TestFramework\MockTransport.cs(85,16): error CS0518: Predefined type 'System.Object' is not defined or imported
C:\gh\azure-sdk-for-net\sdk\keyvault\samples\keyvaultproxy\tests\TestFramework\TaskExtensions.cs(54,14): error CS0518: Predefined type 'System.Object' is not defined or imported
C:\gh\azure-sdk-for-net\sdk\keyvault\samples\keyvaultproxy\tests\TestFramework\TaskExtensions.cs(54,14): error CS0246: The type or namespace name 'CallerFilePathAttribute' could not be found (are you missing a using directive or an assembly reference?)
C:\gh\azure-sdk-for-net\sdk\keyvault\samples\keyvaultproxy\tests\TestFramework\TaskExtensions.cs(54,14): error CS0246: The type or namespace name 'CallerFilePath' could not be found (are you missing a using directive or an assembly reference?)
C:\gh\azure-sdk-for-net\sdk\keyvault\samples\keyvaultproxy\tests\TestFramework\TaskExtensions.cs(55,14): error CS0518: Predefined type 'System.Object' is not defined or imported
C:\gh\azure-sdk-for-net\sdk\keyvault\samples\keyvaultproxy\tests\TestFramework\TaskExtensions.cs(55,14): error CS0246: The type or namespace name 'CallerLineNumberAttribute' could not be found (are you missing a using directive or an assembly reference?)
C:\gh\azure-sdk-for-net\sdk\keyvault\samples\keyvaultproxy\tests\TestFramework\TaskExtensions.cs(55,14): error CS0246: The type or namespace name 'CallerLineNumber' could not be found (are you missing a using directive or an assembly reference?)
C:\gh\azure-sdk-for-net\sdk\keyvault\samples\keyvaultproxy\tests\KeyVaultProxyTests.cs(18,10): error CS0518: Predefined type 'System.Object' is not defined or imported
C:\gh\azure-sdk-for-net\sdk\keyvault\samples\keyvaultproxy\tests\KeyVaultProxyTests.cs(18,10): error CS0246: The type or namespace name 'TheoryAttribute' could not be found (are you missing a using directive or an assembly reference?)
C:\gh\azure-sdk-for-net\sdk\keyvault\samples\keyvaultproxy\tests\KeyVaultProxyTests.cs(18,10): error CS0246: The type or namespace name 'Theory' could not be found (are you missing a using directive or an assembly reference?)
C:\gh\azure-sdk-for-net\sdk\keyvault\samples\keyvaultproxy\tests\KeyVaultProxyTests.cs(19,10): error CS0518: Predefined type 'System.Object' is not defined or imported
C:\gh\azure-sdk-for-net\sdk\keyvault\samples\keyvaultproxy\tests\KeyVaultProxyTests.cs(19,10): error CS0246: The type or namespace name 'InlineDataAttribute' could not be found (are you missing a using directive or an assembly reference?)
C:\gh\azure-sdk-for-net\sdk\keyvault\samples\keyvaultproxy\tests\KeyVaultProxyTests.cs(19,10): error CS0246: The type or namespace name 'InlineData' could not be found (are you missing a using directive or an assembly reference?)
C:\gh\azure-sdk-for-net\sdk\keyvault\samples\keyvaultproxy\tests\KeyVaultProxyTests.cs(20,10): error CS0518: Predefined type 'System.Object' is not defined or imported
C:\gh\azure-sdk-for-net\sdk\keyvault\samples\keyvaultproxy\tests\KeyVaultProxyTests.cs(20,10): error CS0246: The type or namespace name 'InlineDataAttribute' could not be found (are you missing a using directive or an assembly reference?)
C:\gh\azure-sdk-for-net\sdk\keyvault\samples\keyvaultproxy\tests\KeyVaultProxyTests.cs(20,10): error CS0246: The type or namespace name 'InlineData' could not be found (are you missing a using directive or an assembly reference?)
C:\gh\azure-sdk-for-net\sdk\keyvault\samples\keyvaultproxy\tests\KeyVaultProxyTests.cs(21,10): error CS0518: Predefined type 'System.Object' is not defined or imported
C:\gh\azure-sdk-for-net\sdk\keyvault\samples\keyvaultproxy\tests\KeyVaultProxyTests.cs(21,10): error CS0246: The type or namespace name 'InlineDataAttribute' could not be found (are you missing a using directive or an assembly reference?)
C:\gh\azure-sdk-for-net\sdk\keyvault\samples\keyvaultproxy\tests\KeyVaultProxyTests.cs(21,10): error CS0246: The type or namespace name 'InlineData' could not be found (are you missing a using directive or an assembly reference?)
C:\gh\azure-sdk-for-net\sdk\keyvault\samples\keyvaultproxy\tests\KeyVaultProxyTests.cs(22,10): error CS0518: Predefined type 'System.Object' is not defined or imported
C:\gh\azure-sdk-for-net\sdk\keyvault\samples\keyvaultproxy\tests\KeyVaultProxyTests.cs(22,10): error CS0246: The type or namespace name 'InlineDataAttribute' could not be found (are you missing a using directive or an assembly reference?)
C:\gh\azure-sdk-for-net\sdk\keyvault\samples\keyvaultproxy\tests\KeyVaultProxyTests.cs(22,10): error CS0246: The type or namespace name 'InlineData' could not be found (are you missing a using directive or an assembly reference?)
C:\gh\azure-sdk-for-net\sdk\keyvault\samples\keyvaultproxy\tests\KeyVaultProxyTests.cs(23,10): error CS0518: Predefined type 'System.Object' is not defined or imported
C:\gh\azure-sdk-for-net\sdk\keyvault\samples\keyvaultproxy\tests\KeyVaultProxyTests.cs(23,10): error CS0246: The type or namespace name 'InlineDataAttribute' could not be found (are you missing a using directive or an assembly reference?)
C:\gh\azure-sdk-for-net\sdk\keyvault\samples\keyvaultproxy\tests\KeyVaultProxyTests.cs(23,10): error CS0246: The type or namespace name 'InlineData' could not be found (are you missing a using directive or an assembly reference?)
C:\gh\azure-sdk-for-net\sdk\keyvault\samples\keyvaultproxy\tests\KeyVaultProxyTests.cs(24,10): error CS0518: Predefined type 'System.Object' is not defined or imported
C:\gh\azure-sdk-for-net\sdk\keyvault\samples\keyvaultproxy\tests\KeyVaultProxyTests.cs(24,10): error CS0246: The type or namespace name 'InlineDataAttribute' could not be found (are you missing a using directive or an assembly reference?)
C:\gh\azure-sdk-for-net\sdk\keyvault\samples\keyvaultproxy\tests\KeyVaultProxyTests.cs(24,10): error CS0246: The type or namespace name 'InlineData' could not be found (are you missing a using directive or an assembly reference?)
C:\gh\azure-sdk-for-net\sdk\keyvault\samples\keyvaultproxy\tests\KeyVaultProxyTests.cs(25,10): error CS0518: Predefined type 'System.Object' is not defined or imported
C:\gh\azure-sdk-for-net\sdk\keyvault\samples\keyvaultproxy\tests\KeyVaultProxyTests.cs(25,10): error CS0246: The type or namespace name 'InlineDataAttribute' could not be found (are you missing a using directive or an assembly reference?)
C:\gh\azure-sdk-for-net\sdk\keyvault\samples\keyvaultproxy\tests\KeyVaultProxyTests.cs(25,10): error CS0246: The type or namespace name 'InlineData' could not be found (are you missing a using directive or an assembly reference?)
C:\gh\azure-sdk-for-net\sdk\keyvault\samples\keyvaultproxy\tests\KeyVaultProxyTests.cs(26,10): error CS0518: Predefined type 'System.Object' is not defined or imported
C:\gh\azure-sdk-for-net\sdk\keyvault\samples\keyvaultproxy\tests\KeyVaultProxyTests.cs(26,10): error CS0246: The type or namespace name 'InlineDataAttribute' could not be found (are you missing a using directive or an assembly reference?)
C:\gh\azure-sdk-for-net\sdk\keyvault\samples\keyvaultproxy\tests\KeyVaultProxyTests.cs(26,10): error CS0246: The type or namespace name 'InlineData' could not be found (are you missing a using directive or an assembly reference?)
C:\gh\azure-sdk-for-net\sdk\keyvault\samples\keyvaultproxy\tests\KeyVaultProxyTests.cs(27,10): error CS0518: Predefined type 'System.Object' is not defined or imported
C:\gh\azure-sdk-for-net\sdk\keyvault\samples\keyvaultproxy\tests\KeyVaultProxyTests.cs(27,10): error CS0246: The type or namespace name 'InlineDataAttribute' could not be found (are you missing a using directive or an assembly reference?)
C:\gh\azure-sdk-for-net\sdk\keyvault\samples\keyvaultproxy\tests\KeyVaultProxyTests.cs(27,10): error CS0246: The type or namespace name 'InlineData' could not be found (are you missing a using directive or an assembly reference?)
C:\gh\azure-sdk-for-net\sdk\keyvault\samples\keyvaultproxy\tests\KeyVaultProxyTests.cs(28,10): error CS0518: Predefined type 'System.Object' is not defined or imported
C:\gh\azure-sdk-for-net\sdk\keyvault\samples\keyvaultproxy\tests\KeyVaultProxyTests.cs(28,10): error CS0246: The type or namespace name 'InlineDataAttribute' could not be found (are you missing a using directive or an assembly reference?)
C:\gh\azure-sdk-for-net\sdk\keyvault\samples\keyvaultproxy\tests\KeyVaultProxyTests.cs(28,10): error CS0246: The type or namespace name 'InlineData' could not be found (are you missing a using directive or an assembly reference?)
C:\gh\azure-sdk-for-net\sdk\keyvault\samples\keyvaultproxy\tests\KeyVaultProxyTests.cs(29,10): error CS0518: Predefined type 'System.Object' is not defined or imported
C:\gh\azure-sdk-for-net\sdk\keyvault\samples\keyvaultproxy\tests\KeyVaultProxyTests.cs(29,10): error CS0246: The type or namespace name 'InlineDataAttribute' could not be found (are you missing a using directive or an assembly reference?)
C:\gh\azure-sdk-for-net\sdk\keyvault\samples\keyvaultproxy\tests\KeyVaultProxyTests.cs(29,10): error CS0246: The type or namespace name 'InlineData' could not be found (are you missing a using directive or an assembly reference?)
C:\gh\azure-sdk-for-net\sdk\keyvault\samples\keyvaultproxy\tests\KeyVaultProxyTests.cs(30,10): error CS0518: Predefined type 'System.Object' is not defined or imported
C:\gh\azure-sdk-for-net\sdk\keyvault\samples\keyvaultproxy\tests\KeyVaultProxyTests.cs(30,10): error CS0246: The type or namespace name 'InlineDataAttribute' could not be found (are you missing a using directive or an assembly reference?)
C:\gh\azure-sdk-for-net\sdk\keyvault\samples\keyvaultproxy\tests\KeyVaultProxyTests.cs(30,10): error CS0246: The type or namespace name 'InlineData' could not be found (are you missing a using directive or an assembly reference?)
C:\gh\azure-sdk-for-net\sdk\keyvault\samples\keyvaultproxy\tests\KeyVaultProxyTests.cs(31,10): error CS0518: Predefined type 'System.Object' is not defined or imported
C:\gh\azure-sdk-for-net\sdk\keyvault\samples\keyvaultproxy\tests\KeyVaultProxyTests.cs(31,10): error CS0246: The type or namespace name 'InlineDataAttribute' could not be found (are you missing a using directive or an assembly reference?)
C:\gh\azure-sdk-for-net\sdk\keyvault\samples\keyvaultproxy\tests\KeyVaultProxyTests.cs(31,10): error CS0246: The type or namespace name 'InlineData' could not be found (are you missing a using directive or an assembly reference?)
C:\gh\azure-sdk-for-net\sdk\keyvault\samples\keyvaultproxy\tests\KeyVaultProxyTests.cs(32,10): error CS0518: Predefined type 'System.Object' is not defined or imported
C:\gh\azure-sdk-for-net\sdk\keyvault\samples\keyvaultproxy\tests\KeyVaultProxyTests.cs(32,10): error CS0246: The type or namespace name 'InlineDataAttribute' could not be found (are you missing a using directive or an assembly reference?)
C:\gh\azure-sdk-for-net\sdk\keyvault\samples\keyvaultproxy\tests\KeyVaultProxyTests.cs(32,10): error CS0246: The type or namespace name 'InlineData' could not be found (are you missing a using directive or an assembly reference?)
C:\gh\azure-sdk-for-net\sdk\keyvault\samples\keyvaultproxy\tests\KeyVaultProxyTests.cs(33,10): error CS0518: Predefined type 'System.Object' is not defined or imported
C:\gh\azure-sdk-for-net\sdk\keyvault\samples\keyvaultproxy\tests\KeyVaultProxyTests.cs(33,10): error CS0246: The type or namespace name 'InlineDataAttribute' could not be found (are you missing a using directive or an assembly reference?)
C:\gh\azure-sdk-for-net\sdk\keyvault\samples\keyvaultproxy\tests\KeyVaultProxyTests.cs(33,10): error CS0246: The type or namespace name 'InlineData' could not be found (are you missing a using directive or an assembly reference?)
C:\gh\azure-sdk-for-net\sdk\keyvault\samples\keyvaultproxy\tests\KeyVaultProxyTests.cs(34,10): error CS0518: Predefined type 'System.Object' is not defined or imported
C:\gh\azure-sdk-for-net\sdk\keyvault\samples\keyvaultproxy\tests\KeyVaultProxyTests.cs(34,10): error CS0246: The type or namespace name 'InlineDataAttribute' could not be found (are you missing a using directive or an assembly reference?)
C:\gh\azure-sdk-for-net\sdk\keyvault\samples\keyvaultproxy\tests\KeyVaultProxyTests.cs(34,10): error CS0246: The type or namespace name 'InlineData' could not be found (are you missing a using directive or an assembly reference?)
C:\gh\azure-sdk-for-net\sdk\keyvault\samples\keyvaultproxy\tests\KeyVaultProxyTests.cs(35,10): error CS0518: Predefined type 'System.Object' is not defined or imported
C:\gh\azure-sdk-for-net\sdk\keyvault\samples\keyvaultproxy\tests\KeyVaultProxyTests.cs(35,10): error CS0246: The type or namespace name 'InlineDataAttribute' could not be found (are you missing a using directive or an assembly reference?)
C:\gh\azure-sdk-for-net\sdk\keyvault\samples\keyvaultproxy\tests\KeyVaultProxyTests.cs(35,10): error CS0246: The type or namespace name 'InlineData' could not be found (are you missing a using directive or an assembly reference?)
C:\gh\azure-sdk-for-net\sdk\keyvault\samples\keyvaultproxy\tests\KeyVaultProxyTests.cs(36,10): error CS0518: Predefined type 'System.Object' is not defined or imported
C:\gh\azure-sdk-for-net\sdk\keyvault\samples\keyvaultproxy\tests\KeyVaultProxyTests.cs(36,10): error CS0246: The type or namespace name 'InlineDataAttribute' could not be found (are you missing a using directive or an assembly reference?)
C:\gh\azure-sdk-for-net\sdk\keyvault\samples\keyvaultproxy\tests\KeyVaultProxyTests.cs(36,10): error CS0246: The type or namespace name 'InlineData' could not be found (are you missing a using directive or an assembly reference?)
C:\gh\azure-sdk-for-net\sdk\keyvault\samples\keyvaultproxy\tests\KeyVaultProxyTests.cs(37,10): error CS0518: Predefined type 'System.Object' is not defined or imported
C:\gh\azure-sdk-for-net\sdk\keyvault\samples\keyvaultproxy\tests\KeyVaultProxyTests.cs(37,10): error CS0246: The type or namespace name 'InlineDataAttribute' could not be found (are you missing a using directive or an assembly reference?)
C:\gh\azure-sdk-for-net\sdk\keyvault\samples\keyvaultproxy\tests\KeyVaultProxyTests.cs(37,10): error CS0246: The type or namespace name 'InlineData' could not be found (are you missing a using directive or an assembly reference?)
C:\gh\azure-sdk-for-net\sdk\keyvault\samples\keyvaultproxy\tests\KeyVaultProxyTests.cs(38,10): error CS0518: Predefined type 'System.Object' is not defined or imported
C:\gh\azure-sdk-for-net\sdk\keyvault\samples\keyvaultproxy\tests\KeyVaultProxyTests.cs(38,10): error CS0246: The type or namespace name 'InlineDataAttribute' could not be found (are you missing a using directive or an assembly reference?)
C:\gh\azure-sdk-for-net\sdk\keyvault\samples\keyvaultproxy\tests\KeyVaultProxyTests.cs(38,10): error CS0246: The type or namespace name 'InlineData' could not be found (are you missing a using directive or an assembly reference?)
C:\gh\azure-sdk-for-net\sdk\keyvault\samples\keyvaultproxy\tests\KeyVaultProxyTests.cs(39,10): error CS0518: Predefined type 'System.Object' is not defined or imported
C:\gh\azure-sdk-for-net\sdk\keyvault\samples\keyvaultproxy\tests\KeyVaultProxyTests.cs(39,10): error CS0246: The type or namespace name 'InlineDataAttribute' could not be found (are you missing a using directive or an assembly reference?)
C:\gh\azure-sdk-for-net\sdk\keyvault\samples\keyvaultproxy\tests\KeyVaultProxyTests.cs(39,10): error CS0246: The type or namespace name 'InlineData' could not be found (are you missing a using directive or an assembly reference?)
C:\gh\azure-sdk-for-net\sdk\keyvault\samples\keyvaultproxy\tests\KeyVaultProxyTests.cs(40,10): error CS0518: Predefined type 'System.Object' is not defined or imported
C:\gh\azure-sdk-for-net\sdk\keyvault\samples\keyvaultproxy\tests\KeyVaultProxyTests.cs(40,10): error CS0246: The type or namespace name 'InlineDataAttribute' could not be found (are you missing a using directive or an assembly reference?)
C:\gh\azure-sdk-for-net\sdk\keyvault\samples\keyvaultproxy\tests\KeyVaultProxyTests.cs(40,10): error CS0246: The type or namespace name 'InlineData' could not be found (are you missing a using directive or an assembly reference?)
C:\gh\azure-sdk-for-net\sdk\keyvault\samples\keyvaultproxy\tests\KeyVaultProxyTests.cs(41,10): error CS0518: Predefined type 'System.Object' is not defined or imported
C:\gh\azure-sdk-for-net\sdk\keyvault\samples\keyvaultproxy\tests\KeyVaultProxyTests.cs(41,10): error CS0246: The type or namespace name 'InlineDataAttribute' could not be found (are you missing a using directive or an assembly reference?)
C:\gh\azure-sdk-for-net\sdk\keyvault\samples\keyvaultproxy\tests\KeyVaultProxyTests.cs(41,10): error CS0246: The type or namespace name 'InlineData' could not be found (are you missing a using directive or an assembly reference?)
C:\gh\azure-sdk-for-net\sdk\keyvault\samples\keyvaultproxy\tests\KeyVaultProxyTests.cs(42,10): error CS0518: Predefined type 'System.Object' is not defined or imported
C:\gh\azure-sdk-for-net\sdk\keyvault\samples\keyvaultproxy\tests\KeyVaultProxyTests.cs(42,10): error CS0246: The type or namespace name 'InlineDataAttribute' could not be found (are you missing a using directive or an assembly reference?)
C:\gh\azure-sdk-for-net\sdk\keyvault\samples\keyvaultproxy\tests\KeyVaultProxyTests.cs(42,10): error CS0246: The type or namespace name 'InlineData' could not be found (are you missing a using directive or an assembly reference?)
C:\gh\azure-sdk-for-net\sdk\keyvault\samples\keyvaultproxy\tests\KeyVaultProxyTests.cs(43,10): error CS0518: Predefined type 'System.Object' is not defined or imported
C:\gh\azure-sdk-for-net\sdk\keyvault\samples\keyvaultproxy\tests\KeyVaultProxyTests.cs(43,10): error CS0246: The type or namespace name 'InlineDataAttribute' could not be found (are you missing a using directive or an assembly reference?)
C:\gh\azure-sdk-for-net\sdk\keyvault\samples\keyvaultproxy\tests\KeyVaultProxyTests.cs(43,10): error CS0246: The type or namespace name 'InlineData' could not be found (are you missing a using directive or an assembly reference?)
C:\gh\azure-sdk-for-net\sdk\keyvault\samples\keyvaultproxy\tests\KeyVaultProxyTests.cs(44,10): error CS0518: Predefined type 'System.Object' is not defined or imported
C:\gh\azure-sdk-for-net\sdk\keyvault\samples\keyvaultproxy\tests\KeyVaultProxyTests.cs(44,10): error CS0246: The type or namespace name 'InlineDataAttribute' could not be found (are you missing a using directive or an assembly reference?)
C:\gh\azure-sdk-for-net\sdk\keyvault\samples\keyvaultproxy\tests\KeyVaultProxyTests.cs(44,10): error CS0246: The type or namespace name 'InlineData' could not be found (are you missing a using directive or an assembly reference?)
C:\gh\azure-sdk-for-net\sdk\keyvault\samples\keyvaultproxy\tests\KeyVaultProxyTests.cs(45,10): error CS0518: Predefined type 'System.Object' is not defined or imported
C:\gh\azure-sdk-for-net\sdk\keyvault\samples\keyvaultproxy\tests\KeyVaultProxyTests.cs(45,10): error CS0246: The type or namespace name 'InlineDataAttribute' could not be found (are you missing a using directive or an assembly reference?)
C:\gh\azure-sdk-for-net\sdk\keyvault\samples\keyvaultproxy\tests\KeyVaultProxyTests.cs(45,10): error CS0246: The type or namespace name 'InlineData' could not be found (are you missing a using directive or an assembly reference?)
C:\gh\azure-sdk-for-net\sdk\keyvault\samples\keyvaultproxy\tests\KeyVaultProxyTests.cs(46,10): error CS0518: Predefined type 'System.Object' is not defined or imported
C:\gh\azure-sdk-for-net\sdk\keyvault\samples\keyvaultproxy\tests\KeyVaultProxyTests.cs(46,10): error CS0246: The type or namespace name 'InlineDataAttribute' could not be found (are you missing a using directive or an assembly reference?)
C:\gh\azure-sdk-for-net\sdk\keyvault\samples\keyvaultproxy\tests\KeyVaultProxyTests.cs(46,10): error CS0246: The type or namespace name 'InlineData' could not be found (are you missing a using directive or an assembly reference?)
C:\gh\azure-sdk-for-net\sdk\keyvault\samples\keyvaultproxy\tests\KeyVaultProxyTests.cs(47,10): error CS0518: Predefined type 'System.Object' is not defined or imported
C:\gh\azure-sdk-for-net\sdk\keyvault\samples\keyvaultproxy\tests\KeyVaultProxyTests.cs(47,10): error CS0246: The type or namespace name 'InlineDataAttribute' could not be found (are you missing a using directive or an assembly reference?)
C:\gh\azure-sdk-for-net\sdk\keyvault\samples\keyvaultproxy\tests\KeyVaultProxyTests.cs(47,10): error CS0246: The type or namespace name 'InlineData' could not be found (are you missing a using directive or an assembly reference?)
C:\gh\azure-sdk-for-net\sdk\keyvault\samples\keyvaultproxy\tests\KeyVaultProxyTests.cs(48,10): error CS0518: Predefined type 'System.Object' is not defined or imported
C:\gh\azure-sdk-for-net\sdk\keyvault\samples\keyvaultproxy\tests\KeyVaultProxyTests.cs(48,10): error CS0246: The type or namespace name 'InlineDataAttribute' could not be found (are you missing a using directive or an assembly reference?)
C:\gh\azure-sdk-for-net\sdk\keyvault\samples\keyvaultproxy\tests\KeyVaultProxyTests.cs(48,10): error CS0246: The type or namespace name 'InlineData' could not be found (are you missing a using directive or an assembly reference?)
C:\gh\azure-sdk-for-net\sdk\keyvault\samples\keyvaultproxy\tests\KeyVaultProxyTests.cs(49,10): error CS0518: Predefined type 'System.Object' is not defined or imported
C:\gh\azure-sdk-for-net\sdk\keyvault\samples\keyvaultproxy\tests\KeyVaultProxyTests.cs(49,10): error CS0246: The type or namespace name 'InlineDataAttribute' could not be found (are you missing a using directive or an assembly reference?)
C:\gh\azure-sdk-for-net\sdk\keyvault\samples\keyvaultproxy\tests\KeyVaultProxyTests.cs(49,10): error CS0246: The type or namespace name 'InlineData' could not be found (are you missing a using directive or an assembly reference?)
C:\gh\azure-sdk-for-net\sdk\keyvault\samples\keyvaultproxy\tests\KeyVaultProxyTests.cs(50,10): error CS0518: Predefined type 'System.Object' is not defined or imported
C:\gh\azure-sdk-for-net\sdk\keyvault\samples\keyvaultproxy\tests\KeyVaultProxyTests.cs(50,10): error CS0246: The type or namespace name 'InlineDataAttribute' could not be found (are you missing a using directive or an assembly reference?)
C:\gh\azure-sdk-for-net\sdk\keyvault\samples\keyvaultproxy\tests\KeyVaultProxyTests.cs(50,10): error CS0246: The type or namespace name 'InlineData' could not be found (are you missing a using directive or an assembly reference?)
C:\gh\azure-sdk-for-net\sdk\keyvault\samples\keyvaultproxy\tests\KeyVaultProxyTests.cs(51,10): error CS0518: Predefined type 'System.Object' is not defined or imported
C:\gh\azure-sdk-for-net\sdk\keyvault\samples\keyvaultproxy\tests\KeyVaultProxyTests.cs(51,10): error CS0246: The type or namespace name 'InlineDataAttribute' could not be found (are you missing a using directive or an assembly reference?)
C:\gh\azure-sdk-for-net\sdk\keyvault\samples\keyvaultproxy\tests\KeyVaultProxyTests.cs(51,10): error CS0246: The type or namespace name 'InlineData' could not be found (are you missing a using directive or an assembly reference?)
C:\gh\azure-sdk-for-net\sdk\keyvault\samples\keyvaultproxy\tests\KeyVaultProxyTests.cs(52,10): error CS0518: Predefined type 'System.Object' is not defined or imported
C:\gh\azure-sdk-for-net\sdk\keyvault\samples\keyvaultproxy\tests\KeyVaultProxyTests.cs(52,10): error CS0246: The type or namespace name 'InlineDataAttribute' could not be found (are you missing a using directive or an assembly reference?)
C:\gh\azure-sdk-for-net\sdk\keyvault\samples\keyvaultproxy\tests\KeyVaultProxyTests.cs(52,10): error CS0246: The type or namespace name 'InlineData' could not be found (are you missing a using directive or an assembly reference?)
C:\gh\azure-sdk-for-net\sdk\keyvault\samples\keyvaultproxy\tests\KeyVaultProxyTests.cs(53,10): error CS0518: Predefined type 'System.Object' is not defined or imported
C:\gh\azure-sdk-for-net\sdk\keyvault\samples\keyvaultproxy\tests\KeyVaultProxyTests.cs(53,10): error CS0246: The type or namespace name 'InlineDataAttribute' could not be found (are you missing a using directive or an assembly reference?)
C:\gh\azure-sdk-for-net\sdk\keyvault\samples\keyvaultproxy\tests\KeyVaultProxyTests.cs(53,10): error CS0246: The type or namespace name 'InlineData' could not be found (are you missing a using directive or an assembly reference?)
C:\gh\azure-sdk-for-net\sdk\keyvault\samples\keyvaultproxy\tests\KeyVaultProxyTests.cs(54,10): error CS0518: Predefined type 'System.Object' is not defined or imported
C:\gh\azure-sdk-for-net\sdk\keyvault\samples\keyvaultproxy\tests\KeyVaultProxyTests.cs(54,10): error CS0246: The type or namespace name 'InlineDataAttribute' could not be found (are you missing a using directive or an assembly reference?)
C:\gh\azure-sdk-for-net\sdk\keyvault\samples\keyvaultproxy\tests\KeyVaultProxyTests.cs(54,10): error CS0246: The type or namespace name 'InlineData' could not be found (are you missing a using directive or an assembly reference?)
C:\gh\azure-sdk-for-net\sdk\keyvault\samples\keyvaultproxy\tests\KeyVaultProxyTests.cs(19,21): error CS0518: Predefined type 'System.String' is not defined or imported
C:\gh\azure-sdk-for-net\sdk\keyvault\samples\keyvaultproxy\tests\KeyVaultProxyTests.cs(19,62): error CS0518: Predefined type 'System.Boolean' is not defined or imported
C:\gh\azure-sdk-for-net\sdk\keyvault\samples\keyvaultproxy\tests\KeyVaultProxyTests.cs(20,21): error CS0518: Predefined type 'System.String' is not defined or imported
C:\gh\azure-sdk-for-net\sdk\keyvault\samples\keyvaultproxy\tests\KeyVaultProxyTests.cs(20,78): error CS0518: Predefined type 'System.Boolean' is not defined or imported
C:\gh\azure-sdk-for-net\sdk\keyvault\samples\keyvaultproxy\tests\KeyVaultProxyTests.cs(21,21): error CS0518: Predefined type 'System.String' is not defined or imported
C:\gh\azure-sdk-for-net\sdk\keyvault\samples\keyvaultproxy\tests\KeyVaultProxyTests.cs(21,73): error CS0518: Predefined type 'System.Boolean' is not defined or imported
C:\gh\azure-sdk-for-net\sdk\keyvault\samples\keyvaultproxy\tests\KeyVaultProxyTests.cs(22,21): error CS0518: Predefined type 'System.String' is not defined or imported
C:\gh\azure-sdk-for-net\sdk\keyvault\samples\keyvaultproxy\tests\KeyVaultProxyTests.cs(22,89): error CS0518: Predefined type 'System.Boolean' is not defined or imported
C:\gh\azure-sdk-for-net\sdk\keyvault\samples\keyvaultproxy\tests\KeyVaultProxyTests.cs(23,21): error CS0518: Predefined type 'System.String' is not defined or imported
C:\gh\azure-sdk-for-net\sdk\keyvault\samples\keyvaultproxy\tests\KeyVaultProxyTests.cs(23,81): error CS0518: Predefined type 'System.Boolean' is not defined or imported
C:\gh\azure-sdk-for-net\sdk\keyvault\samples\keyvaultproxy\tests\KeyVaultProxyTests.cs(24,21): error CS0518: Predefined type 'System.String' is not defined or imported
C:\gh\azure-sdk-for-net\sdk\keyvault\samples\keyvaultproxy\tests\KeyVaultProxyTests.cs(24,97): error CS0518: Predefined type 'System.Boolean' is not defined or imported
C:\gh\azure-sdk-for-net\sdk\keyvault\samples\keyvaultproxy\tests\KeyVaultProxyTests.cs(25,21): error CS0518: Predefined type 'System.String' is not defined or imported
C:\gh\azure-sdk-for-net\sdk\keyvault\samples\keyvaultproxy\tests\KeyVaultProxyTests.cs(25,59): error CS0518: Predefined type 'System.Boolean' is not defined or imported
C:\gh\azure-sdk-for-net\sdk\keyvault\samples\keyvaultproxy\tests\KeyVaultProxyTests.cs(26,21): error CS0518: Predefined type 'System.String' is not defined or imported
C:\gh\azure-sdk-for-net\sdk\keyvault\samples\keyvaultproxy\tests\KeyVaultProxyTests.cs(26,75): error CS0518: Predefined type 'System.Boolean' is not defined or imported
C:\gh\azure-sdk-for-net\sdk\keyvault\samples\keyvaultproxy\tests\KeyVaultProxyTests.cs(27,21): error CS0518: Predefined type 'System.String' is not defined or imported
C:\gh\azure-sdk-for-net\sdk\keyvault\samples\keyvaultproxy\tests\KeyVaultProxyTests.cs(27,67): error CS0518: Predefined type 'System.Boolean' is not defined or imported
C:\gh\azure-sdk-for-net\sdk\keyvault\samples\keyvaultproxy\tests\KeyVaultProxyTests.cs(28,21): error CS0518: Predefined type 'System.String' is not defined or imported
C:\gh\azure-sdk-for-net\sdk\keyvault\samples\keyvaultproxy\tests\KeyVaultProxyTests.cs(28,83): error CS0518: Predefined type 'System.Boolean' is not defined or imported
C:\gh\azure-sdk-for-net\sdk\keyvault\samples\keyvaultproxy\tests\KeyVaultProxyTests.cs(29,21): error CS0518: Predefined type 'System.String' is not defined or imported
C:\gh\azure-sdk-for-net\sdk\keyvault\samples\keyvaultproxy\tests\KeyVaultProxyTests.cs(29,75): error CS0518: Predefined type 'System.Boolean' is not defined or imported
C:\gh\azure-sdk-for-net\sdk\keyvault\samples\keyvaultproxy\tests\KeyVaultProxyTests.cs(30,21): error CS0518: Predefined type 'System.String' is not defined or imported
C:\gh\azure-sdk-for-net\sdk\keyvault\samples\keyvaultproxy\tests\KeyVaultProxyTests.cs(30,91): error CS0518: Predefined type 'System.Boolean' is not defined or imported
C:\gh\azure-sdk-for-net\sdk\keyvault\samples\keyvaultproxy\tests\KeyVaultProxyTests.cs(31,21): error CS0518: Predefined type 'System.String' is not defined or imported
C:\gh\azure-sdk-for-net\sdk\keyvault\samples\keyvaultproxy\tests\KeyVaultProxyTests.cs(31,67): error CS0518: Predefined type 'System.Boolean' is not defined or imported
C:\gh\azure-sdk-for-net\sdk\keyvault\samples\keyvaultproxy\tests\KeyVaultProxyTests.cs(32,21): error CS0518: Predefined type 'System.String' is not defined or imported
C:\gh\azure-sdk-for-net\sdk\keyvault\samples\keyvaultproxy\tests\KeyVaultProxyTests.cs(32,83): error CS0518: Predefined type 'System.Boolean' is not defined or imported
C:\gh\azure-sdk-for-net\sdk\keyvault\samples\keyvaultproxy\tests\KeyVaultProxyTests.cs(33,21): error CS0518: Predefined type 'System.String' is not defined or imported
C:\gh\azure-sdk-for-net\sdk\keyvault\samples\keyvaultproxy\tests\KeyVaultProxyTests.cs(33,83): error CS0518: Predefined type 'System.Boolean' is not defined or imported
C:\gh\azure-sdk-for-net\sdk\keyvault\samples\keyvaultproxy\tests\KeyVaultProxyTests.cs(34,21): error CS0518: Predefined type 'System.String' is not defined or imported
C:\gh\azure-sdk-for-net\sdk\keyvault\samples\keyvaultproxy\tests\KeyVaultProxyTests.cs(34,99): error CS0518: Predefined type 'System.Boolean' is not defined or imported
C:\gh\azure-sdk-for-net\sdk\keyvault\samples\keyvaultproxy\tests\KeyVaultProxyTests.cs(35,21): error CS0518: Predefined type 'System.String' is not defined or imported
C:\gh\azure-sdk-for-net\sdk\keyvault\samples\keyvaultproxy\tests\KeyVaultProxyTests.cs(35,91): error CS0518: Predefined type 'System.Boolean' is not defined or imported
C:\gh\azure-sdk-for-net\sdk\keyvault\samples\keyvaultproxy\tests\KeyVaultProxyTests.cs(36,21): error CS0518: Predefined type 'System.String' is not defined or imported
C:\gh\azure-sdk-for-net\sdk\keyvault\samples\keyvaultproxy\tests\KeyVaultProxyTests.cs(36,107): error CS0518: Predefined type 'System.Boolean' is not defined or imported
C:\gh\azure-sdk-for-net\sdk\keyvault\samples\keyvaultproxy\tests\KeyVaultProxyTests.cs(37,21): error CS0518: Predefined type 'System.String' is not defined or imported
C:\gh\azure-sdk-for-net\sdk\keyvault\samples\keyvaultproxy\tests\KeyVaultProxyTests.cs(37,69): error CS0518: Predefined type 'System.Boolean' is not defined or imported
C:\gh\azure-sdk-for-net\sdk\keyvault\samples\keyvaultproxy\tests\KeyVaultProxyTests.cs(38,21): error CS0518: Predefined type 'System.String' is not defined or imported
C:\gh\azure-sdk-for-net\sdk\keyvault\samples\keyvaultproxy\tests\KeyVaultProxyTests.cs(38,85): error CS0518: Predefined type 'System.Boolean' is not defined or imported
C:\gh\azure-sdk-for-net\sdk\keyvault\samples\keyvaultproxy\tests\KeyVaultProxyTests.cs(39,21): error CS0518: Predefined type 'System.String' is not defined or imported
C:\gh\azure-sdk-for-net\sdk\keyvault\samples\keyvaultproxy\tests\KeyVaultProxyTests.cs(39,80): error CS0518: Predefined type 'System.Boolean' is not defined or imported
C:\gh\azure-sdk-for-net\sdk\keyvault\samples\keyvaultproxy\tests\KeyVaultProxyTests.cs(40,21): error CS0518: Predefined type 'System.String' is not defined or imported
C:\gh\azure-sdk-for-net\sdk\keyvault\samples\keyvaultproxy\tests\KeyVaultProxyTests.cs(40,96): error CS0518: Predefined type 'System.Boolean' is not defined or imported
C:\gh\azure-sdk-for-net\sdk\keyvault\samples\keyvaultproxy\tests\KeyVaultProxyTests.cs(41,21): error CS0518: Predefined type 'System.String' is not defined or imported
C:\gh\azure-sdk-for-net\sdk\keyvault\samples\keyvaultproxy\tests\KeyVaultProxyTests.cs(41,88): error CS0518: Predefined type 'System.Boolean' is not defined or imported
C:\gh\azure-sdk-for-net\sdk\keyvault\samples\keyvaultproxy\tests\KeyVaultProxyTests.cs(42,21): error CS0518: Predefined type 'System.String' is not defined or imported
C:\gh\azure-sdk-for-net\sdk\keyvault\samples\keyvaultproxy\tests\KeyVaultProxyTests.cs(42,104): error CS0518: Predefined type 'System.Boolean' is not defined or imported
C:\gh\azure-sdk-for-net\sdk\keyvault\samples\keyvaultproxy\tests\KeyVaultProxyTests.cs(43,21): error CS0518: Predefined type 'System.String' is not defined or imported
C:\gh\azure-sdk-for-net\sdk\keyvault\samples\keyvaultproxy\tests\KeyVaultProxyTests.cs(43,66): error CS0518: Predefined type 'System.Boolean' is not defined or imported
C:\gh\azure-sdk-for-net\sdk\keyvault\samples\keyvaultproxy\tests\KeyVaultProxyTests.cs(44,21): error CS0518: Predefined type 'System.String' is not defined or imported
C:\gh\azure-sdk-for-net\sdk\keyvault\samples\keyvaultproxy\tests\KeyVaultProxyTests.cs(44,82): error CS0518: Predefined type 'System.Boolean' is not defined or imported
C:\gh\azure-sdk-for-net\sdk\keyvault\samples\keyvaultproxy\tests\KeyVaultProxyTests.cs(45,21): error CS0518: Predefined type 'System.String' is not defined or imported
C:\gh\azure-sdk-for-net\sdk\keyvault\samples\keyvaultproxy\tests\KeyVaultProxyTests.cs(45,74): error CS0518: Predefined type 'System.Boolean' is not defined or imported
C:\gh\azure-sdk-for-net\sdk\keyvault\samples\keyvaultproxy\tests\KeyVaultProxyTests.cs(46,21): error CS0518: Predefined type 'System.String' is not defined or imported
C:\gh\azure-sdk-for-net\sdk\keyvault\samples\keyvaultproxy\tests\KeyVaultProxyTests.cs(46,90): error CS0518: Predefined type 'System.Boolean' is not defined or imported
C:\gh\azure-sdk-for-net\sdk\keyvault\samples\keyvaultproxy\tests\KeyVaultProxyTests.cs(47,21): error CS0518: Predefined type 'System.String' is not defined or imported
C:\gh\azure-sdk-for-net\sdk\keyvault\samples\keyvaultproxy\tests\KeyVaultProxyTests.cs(47,82): error CS0518: Predefined type 'System.Boolean' is not defined or imported
C:\gh\azure-sdk-for-net\sdk\keyvault\samples\keyvaultproxy\tests\KeyVaultProxyTests.cs(48,21): error CS0518: Predefined type 'System.String' is not defined or imported
C:\gh\azure-sdk-for-net\sdk\keyvault\samples\keyvaultproxy\tests\KeyVaultProxyTests.cs(48,98): error CS0518: Predefined type 'System.Boolean' is not defined or imported
C:\gh\azure-sdk-for-net\sdk\keyvault\samples\keyvaultproxy\tests\KeyVaultProxyTests.cs(49,21): error CS0518: Predefined type 'System.String' is not defined or imported
C:\gh\azure-sdk-for-net\sdk\keyvault\samples\keyvaultproxy\tests\KeyVaultProxyTests.cs(49,74): error CS0518: Predefined type 'System.Boolean' is not defined or imported
C:\gh\azure-sdk-for-net\sdk\keyvault\samples\keyvaultproxy\tests\KeyVaultProxyTests.cs(50,21): error CS0518: Predefined type 'System.String' is not defined or imported
C:\gh\azure-sdk-for-net\sdk\keyvault\samples\keyvaultproxy\tests\KeyVaultProxyTests.cs(50,90): error CS0518: Predefined type 'System.Boolean' is not defined or imported
C:\gh\azure-sdk-for-net\sdk\keyvault\samples\keyvaultproxy\tests\KeyVaultProxyTests.cs(51,21): error CS0518: Predefined type 'System.String' is not defined or imported
C:\gh\azure-sdk-for-net\sdk\keyvault\samples\keyvaultproxy\tests\KeyVaultProxyTests.cs(51,90): error CS0518: Predefined type 'System.Boolean' is not defined or imported
C:\gh\azure-sdk-for-net\sdk\keyvault\samples\keyvaultproxy\tests\KeyVaultProxyTests.cs(52,21): error CS0518: Predefined type 'System.String' is not defined or imported
C:\gh\azure-sdk-for-net\sdk\keyvault\samples\keyvaultproxy\tests\KeyVaultProxyTests.cs(52,106): error CS0518: Predefined type 'System.Boolean' is not defined or imported
C:\gh\azure-sdk-for-net\sdk\keyvault\samples\keyvaultproxy\tests\KeyVaultProxyTests.cs(53,21): error CS0518: Predefined type 'System.String' is not defined or imported
C:\gh\azure-sdk-for-net\sdk\keyvault\samples\keyvaultproxy\tests\KeyVaultProxyTests.cs(53,98): error CS0518: Predefined type 'System.Boolean' is not defined or imported
C:\gh\azure-sdk-for-net\sdk\keyvault\samples\keyvaultproxy\tests\KeyVaultProxyTests.cs(54,21): error CS0518: Predefined type 'System.String' is not defined or imported
C:\gh\azure-sdk-for-net\sdk\keyvault\samples\keyvaultproxy\tests\KeyVaultProxyTests.cs(54,114): error CS0518: Predefined type 'System.Boolean' is not defined or imported
C:\gh\azure-sdk-for-net\sdk\keyvault\samples\keyvaultproxy\tests\TestFramework\MockTransport.cs(18,58): error CS0518: Predefined type 'System.Object' is not defined or imported
C:\gh\azure-sdk-for-net\sdk\keyvault\samples\keyvaultproxy\tests\TestFramework\MockTransport.cs(18,58): error CS0246: The type or namespace name 'List<>' could not be found (are you missing a using directive or an assembly reference?)
C:\gh\azure-sdk-for-net\sdk\keyvault\samples\keyvaultproxy\tests\TestFramework\MockTransport.cs(18,63): error CS0518: Predefined type 'System.Object' is not defined or imported
C:\gh\azure-sdk-for-net\sdk\keyvault\samples\keyvaultproxy\tests\TestFramework\TaskExtensions.cs(14,58): error CS0518: Predefined type 'System.Object' is not defined or imported
C:\gh\azure-sdk-for-net\sdk\keyvault\samples\keyvaultproxy\tests\TestFramework\TaskExtensions.cs(14,58): error CS0103: The name 'TimeSpan' does not exist in the current context
C:\gh\azure-sdk-for-net\sdk\keyvault\samples\keyvaultproxy\tests\TestFramework\TaskExtensions.cs(14,79): error CS0518: Predefined type 'System.Int32' is not defined or imported
C:\gh\azure-sdk-for-net\sdk\keyvault\samples\keyvaultproxy\tests\TestFramework\MockResponse.cs(14,74): error CS0518: Predefined type 'System.Object' is not defined or imported
C:\gh\azure-sdk-for-net\sdk\keyvault\samples\keyvaultproxy\tests\TestFramework\MockResponse.cs(14,74): error CS0246: The type or namespace name 'Dictionary<,>' could not be found (are you missing a using directive or an assembly reference?)
C:\gh\azure-sdk-for-net\sdk\keyvault\samples\keyvaultproxy\tests\TestFramework\MockResponse.cs(14,85): error CS0518: Predefined type 'System.String' is not defined or imported
C:\gh\azure-sdk-for-net\sdk\keyvault\samples\keyvaultproxy\tests\TestFramework\MockResponse.cs(14,93): error CS0518: Predefined type 'System.Object' is not defined or imported
C:\gh\azure-sdk-for-net\sdk\keyvault\samples\keyvaultproxy\tests\TestFramework\MockResponse.cs(14,93): error CS0246: The type or namespace name 'List<>' could not be found (are you missing a using directive or an assembly reference?)
C:\gh\azure-sdk-for-net\sdk\keyvault\samples\keyvaultproxy\tests\TestFramework\MockResponse.cs(14,98): error CS0518: Predefined type 'System.String' is not defined or imported
C:\gh\azure-sdk-for-net\sdk\keyvault\samples\keyvaultproxy\tests\TestFramework\MockResponse.cs(14,107): error CS0518: Predefined type 'System.Object' is not defined or imported
C:\gh\azure-sdk-for-net\sdk\keyvault\samples\keyvaultproxy\tests\TestFramework\MockResponse.cs(14,107): error CS0103: The name 'StringComparer' does not exist in the current context
C:\gh\azure-sdk-for-net\sdk\keyvault\samples\keyvaultproxy\tests\TestFramework\MockRequest.cs(17,74): error CS0518: Predefined type 'System.Object' is not defined or imported
C:\gh\azure-sdk-for-net\sdk\keyvault\samples\keyvaultproxy\tests\TestFramework\MockRequest.cs(17,74): error CS0246: The type or namespace name 'Dictionary<,>' could not be found (are you missing a using directive or an assembly reference?)
C:\gh\azure-sdk-for-net\sdk\keyvault\samples\keyvaultproxy\tests\TestFramework\MockRequest.cs(17,85): error CS0518: Predefined type 'System.String' is not defined or imported
C:\gh\azure-sdk-for-net\sdk\keyvault\samples\keyvaultproxy\tests\TestFramework\MockRequest.cs(17,93): error CS0518: Predefined type 'System.Object' is not defined or imported
C:\gh\azure-sdk-for-net\sdk\keyvault\samples\keyvaultproxy\tests\TestFramework\MockRequest.cs(17,93): error CS0246: The type or namespace name 'List<>' could not be found (are you missing a using directive or an assembly reference?)
C:\gh\azure-sdk-for-net\sdk\keyvault\samples\keyvaultproxy\tests\TestFramework\MockRequest.cs(17,98): error CS0518: Predefined type 'System.String' is not defined or imported
C:\gh\azure-sdk-for-net\sdk\keyvault\samples\keyvaultproxy\tests\TestFramework\MockRequest.cs(17,107): error CS0518: Predefined type 'System.Object' is not defined or imported
C:\gh\azure-sdk-for-net\sdk\keyvault\samples\keyvaultproxy\tests\TestFramework\MockRequest.cs(17,107): error CS0103: The name 'StringComparer' does not exist in the current context
C:\gh\azure-sdk-for-net\sdk\keyvault\samples\keyvaultproxy\tests\SecretsFixture.cs(52,45): error CS0518: Predefined type 'System.String' is not defined or imported
C:\gh\azure-sdk-for-net\sdk\keyvault\samples\keyvaultproxy\tests\LiveFactDiscoverer.cs(19,73): error CS0518: Predefined type 'System.Object' is not defined or imported
C:\gh\azure-sdk-for-net\sdk\keyvault\samples\keyvaultproxy\tests\LiveFactDiscoverer.cs(19,73): error CS0246: The type or namespace name 'ArgumentNullException' could not be found (are you missing a using directive or an assembly reference?)
C:\gh\azure-sdk-for-net\sdk\keyvault\samples\keyvaultproxy\tests\LiveFactDiscoverer.cs(19,69): error CS0518: Predefined type 'System.Exception' is not defined or imported
C:\gh\azure-sdk-for-net\sdk\keyvault\samples\keyvaultproxy\tests\TestFramework\AsyncGate.cs(11,45): error CS0518: Predefined type 'System.Object' is not defined or imported
C:\gh\azure-sdk-for-net\sdk\keyvault\samples\keyvaultproxy\tests\TestFramework\AsyncGate.cs(12,77): error CS0518: Predefined type 'System.Object' is not defined or imported
C:\gh\azure-sdk-for-net\sdk\keyvault\samples\keyvaultproxy\tests\TestFramework\AsyncGate.cs(12,77): error CS0246: The type or namespace name 'TaskCompletionSource<>' could not be found (are you missing a using directive or an assembly reference?)
C:\gh\azure-sdk-for-net\sdk\keyvault\samples\keyvaultproxy\tests\TestFramework\AsyncGate.cs(12,103): error CS0518: Predefined type 'System.Object' is not defined or imported
C:\gh\azure-sdk-for-net\sdk\keyvault\samples\keyvaultproxy\tests\TestFramework\AsyncGate.cs(12,103): error CS0103: The name 'TaskCreationOptions' does not exist in the current context
C:\gh\azure-sdk-for-net\sdk\keyvault\samples\keyvaultproxy\tests\TestFramework\AsyncGate.cs(13,79): error CS0518: Predefined type 'System.Object' is not defined or imported
C:\gh\azure-sdk-for-net\sdk\keyvault\samples\keyvaultproxy\tests\TestFramework\AsyncGate.cs(13,79): error CS0246: The type or namespace name 'TaskCompletionSource<>' could not be found (are you missing a using directive or an assembly reference?)
C:\gh\azure-sdk-for-net\sdk\keyvault\samples\keyvaultproxy\tests\TestFramework\AsyncGate.cs(13,106): error CS0518: Predefined type 'System.Object' is not defined or imported
C:\gh\azure-sdk-for-net\sdk\keyvault\samples\keyvaultproxy\tests\TestFramework\AsyncGate.cs(13,106): error CS0103: The name 'TaskCreationOptions' does not exist in the current context
C:\gh\azure-sdk-for-net\sdk\keyvault\samples\keyvaultproxy\tests\KeyVaultProxyTests.cs(14,13): error CS0518: Predefined type 'System.Object' is not defined or imported
C:\gh\azure-sdk-for-net\sdk\keyvault\samples\keyvaultproxy\tests\KeyVaultProxyTests.cs(14,39): error CS0518: Predefined type 'System.Object' is not defined or imported
C:\gh\azure-sdk-for-net\sdk\keyvault\samples\keyvaultproxy\tests\KeyVaultProxyTests.cs(14,39): error CS0518: Predefined type 'System.Void' is not defined or imported
C:\gh\azure-sdk-for-net\sdk\keyvault\samples\keyvaultproxy\tests\KeyVaultProxyTests.cs(15,13): error CS0518: Predefined type 'System.Object' is not defined or imported
C:\gh\azure-sdk-for-net\sdk\keyvault\samples\keyvaultproxy\tests\KeyVaultProxyTests.cs(15,13): error CS0103: The name 'Assert' does not exist in the current context
C:\gh\azure-sdk-for-net\sdk\keyvault\samples\keyvaultproxy\tests\KeyVaultProxyTests.cs(15,26): error CS0518: Predefined type 'System.Object' is not defined or imported
C:\gh\azure-sdk-for-net\sdk\keyvault\samples\keyvaultproxy\tests\KeyVaultProxyTests.cs(15,26): error CS0103: The name 'TimeSpan' does not exist in the current context
C:\gh\azure-sdk-for-net\sdk\keyvault\samples\keyvaultproxy\tests\KeyVaultProxyTests.cs(15,45): error CS0518: Predefined type 'System.Int32' is not defined or imported
C:\gh\azure-sdk-for-net\sdk\keyvault\samples\keyvaultproxy\tests\KeyVaultProxyTests.cs(15,55): error CS0246: The type or namespace name 'TimeSpan' could not be found (are you missing a using directive or an assembly reference?)
C:\gh\azure-sdk-for-net\sdk\keyvault\samples\keyvaultproxy\tests\TestFramework\MockRequest.cs(14,31): error CS0518: Predefined type 'System.Object' is not defined or imported
C:\gh\azure-sdk-for-net\sdk\keyvault\samples\keyvaultproxy\tests\TestFramework\MockRequest.cs(14,31): error CS0103: The name 'Guid' does not exist in the current context
C:\gh\azure-sdk-for-net\sdk\keyvault\samples\keyvaultproxy\tests\TestFramework\AsyncValidatingStream.cs(25,13): error CS0518: Predefined type 'System.Object' is not defined or imported
C:\gh\azure-sdk-for-net\sdk\keyvault\samples\keyvaultproxy\tests\TestFramework\AsyncValidatingStream.cs(25,22): error CS0518: Predefined type 'System.Boolean' is not defined or imported
C:\gh\azure-sdk-for-net\sdk\keyvault\samples\keyvaultproxy\tests\TestFramework\MockTransport.cs(24,31): error CS0518: Predefined type 'System.Object' is not defined or imported
C:\gh\azure-sdk-for-net\sdk\keyvault\samples\keyvaultproxy\tests\TestFramework\MockTransport.cs(24,41): error CS0518: Predefined type 'System.Object' is not defined or imported
C:\gh\azure-sdk-for-net\sdk\keyvault\samples\keyvaultproxy\tests\TestFramework\MockTransport.cs(24,54): error CS0518: Predefined type 'System.Object' is not defined or imported
C:\gh\azure-sdk-for-net\sdk\keyvault\samples\keyvaultproxy\tests\TestFramework\MockTransport.cs(24,31): error CS0518: Predefined type 'System.Void' is not defined or imported
C:\gh\azure-sdk-for-net\sdk\keyvault\samples\keyvaultproxy\tests\KeyVaultProxyTests.cs(55,63): error CS0518: Predefined type 'System.Object' is not defined or imported
C:\gh\azure-sdk-for-net\sdk\keyvault\samples\keyvaultproxy\tests\KeyVaultProxyTests.cs(55,63): error CS0103: The name 'Assert' does not exist in the current context
C:\gh\azure-sdk-for-net\sdk\keyvault\samples\keyvaultproxy\tests\KeyVaultProxyTests.cs(55,86): error CS0518: Predefined type 'System.Object' is not defined or imported
C:\gh\azure-sdk-for-net\sdk\keyvault\samples\keyvaultproxy\tests\KeyVaultProxyTests.cs(55,100): error CS0246: The type or namespace name 'HttpPipelinePolicy' could not be found (are you missing a using directive or an assembly reference?)
C:\gh\azure-sdk-for-net\sdk\keyvault\samples\keyvaultproxy\tests\KeyVaultProxyTests.cs(55,100): error CS0518: Predefined type 'System.Object' is not defined or imported
C:\gh\azure-sdk-for-net\sdk\keyvault\samples\keyvaultproxy\tests\KeyVaultProxyTests.cs(55,100): error CS0122: 'KeyVaultProxy.IsSupported(string)' is inaccessible due to its protection level
C:\gh\azure-sdk-for-net\sdk\keyvault\samples\keyvaultproxy\tests\TestFramework\MockResponse.cs(34,33): error CS0518: Predefined type 'System.Object' is not defined or imported
C:\gh\azure-sdk-for-net\sdk\keyvault\samples\keyvaultproxy\tests\TestFramework\MockResponse.cs(34,33): error CS0246: The type or namespace name 'MemoryStream' could not be found (are you missing a using directive or an assembly reference?)
C:\gh\azure-sdk-for-net\sdk\keyvault\samples\keyvaultproxy\tests\TestFramework\AsyncValidatingStream.cs(31,13): error CS0518: Predefined type 'System.Object' is not defined or imported
C:\gh\azure-sdk-for-net\sdk\keyvault\samples\keyvaultproxy\tests\TestFramework\AsyncValidatingStream.cs(31,22): error CS0518: Predefined type 'System.Boolean' is not defined or imported
C:\gh\azure-sdk-for-net\sdk\keyvault\samples\keyvaultproxy\tests\TestFramework\AsyncGate.cs(22,32): error CS0518: Predefined type 'System.Object' is not defined or imported
C:\gh\azure-sdk-for-net\sdk\keyvault\samples\keyvaultproxy\tests\TestFramework\AsyncGate.cs(23,13): error CS0518: Predefined type 'System.Object' is not defined or imported
C:\gh\azure-sdk-for-net\sdk\keyvault\samples\keyvaultproxy\tests\TestFramework\MockResponse.cs(39,13): error CS0518: Predefined type 'System.Object' is not defined or imported
C:\gh\azure-sdk-for-net\sdk\keyvault\samples\keyvaultproxy\tests\TestFramework\MockResponse.cs(39,24): error CS0518: Predefined type 'System.Object' is not defined or imported
C:\gh\azure-sdk-for-net\sdk\keyvault\samples\keyvaultproxy\tests\TestFramework\MockResponse.cs(39,24): error CS0103: The name 'Encoding' does not exist in the current context
C:\gh\azure-sdk-for-net\sdk\keyvault\samples\keyvaultproxy\tests\TestFramework\MockTransport.cs(29,32): error CS0518: Predefined type 'System.Int32' is not defined or imported
C:\gh\azure-sdk-for-net\sdk\keyvault\samples\keyvaultproxy\tests\TestFramework\AsyncValidatingStream.cs(37,17): error CS0518: Predefined type 'System.Boolean' is not defined or imported
C:\gh\azure-sdk-for-net\sdk\keyvault\samples\keyvaultproxy\tests\TestFramework\AsyncValidatingStream.cs(37,17): error CS0518: Predefined type 'System.Boolean' is not defined or imported
C:\gh\azure-sdk-for-net\sdk\keyvault\samples\keyvaultproxy\tests\TestFramework\AsyncValidatingStream.cs(39,27): error CS0518: Predefined type 'System.Object' is not defined or imported
C:\gh\azure-sdk-for-net\sdk\keyvault\samples\keyvaultproxy\tests\TestFramework\AsyncValidatingStream.cs(39,27): error CS0246: The type or namespace name 'InvalidOperationException' could not be found (are you missing a using directive or an assembly reference?)
C:\gh\azure-sdk-for-net\sdk\keyvault\samples\keyvaultproxy\tests\TestFramework\AsyncValidatingStream.cs(39,53): error CS0518: Predefined type 'System.String' is not defined or imported
C:\gh\azure-sdk-for-net\sdk\keyvault\samples\keyvaultproxy\tests\TestFramework\AsyncValidatingStream.cs(39,96): error CS0518: Predefined type 'System.Boolean' is not defined or imported
C:\gh\azure-sdk-for-net\sdk\keyvault\samples\keyvaultproxy\tests\TestFramework\AsyncValidatingStream.cs(39,107): error CS0518: Predefined type 'System.String' is not defined or imported
C:\gh\azure-sdk-for-net\sdk\keyvault\samples\keyvaultproxy\tests\TestFramework\AsyncValidatingStream.cs(39,117): error CS0518: Predefined type 'System.String' is not defined or imported
C:\gh\azure-sdk-for-net\sdk\keyvault\samples\keyvaultproxy\tests\TestFramework\AsyncValidatingStream.cs(39,127): error CS0518: Predefined type 'System.String' is not defined or imported
C:\gh\azure-sdk-for-net\sdk\keyvault\samples\keyvaultproxy\tests\TestFramework\AsyncValidatingStream.cs(39,143): error CS0518: Predefined type 'System.Boolean' is not defined or imported
C:\gh\azure-sdk-for-net\sdk\keyvault\samples\keyvaultproxy\tests\TestFramework\AsyncValidatingStream.cs(39,153): error CS0518: Predefined type 'System.String' is not defined or imported
C:\gh\azure-sdk-for-net\sdk\keyvault\samples\keyvaultproxy\tests\TestFramework\AsyncValidatingStream.cs(39,163): error CS0518: Predefined type 'System.String' is not defined or imported
C:\gh\azure-sdk-for-net\sdk\keyvault\samples\keyvaultproxy\tests\TestFramework\AsyncValidatingStream.cs(39,23): error CS0518: Predefined type 'System.Exception' is not defined or imported
C:\gh\azure-sdk-for-net\sdk\keyvault\samples\keyvaultproxy\tests\KeyVaultProxyTests.Live.cs(23,45): error CS0518: Predefined type 'System.Object' is not defined or imported
C:\gh\azure-sdk-for-net\sdk\keyvault\samples\keyvaultproxy\tests\KeyVaultProxyTests.Live.cs(23,45): error CS0246: The type or namespace name 'ArgumentNullException' could not be found (are you missing a using directive or an assembly reference?)
C:\gh\azure-sdk-for-net\sdk\keyvault\samples\keyvaultproxy\tests\KeyVaultProxyTests.Live.cs(23,41): error CS0518: Predefined type 'System.Exception' is not defined or imported
C:\gh\azure-sdk-for-net\sdk\keyvault\samples\keyvaultproxy\tests\KeyVaultProxyTests.Live.cs(24,23): error CS0518: Predefined type 'System.Object' is not defined or imported
C:\gh\azure-sdk-for-net\sdk\keyvault\samples\keyvaultproxy\tests\KeyVaultProxyTests.Live.cs(24,23): error CS0103: The name 'AzureEventSourceListener' does not exist in the current context
C:\gh\azure-sdk-for-net\sdk\keyvault\samples\keyvaultproxy\tests\KeyVaultProxyTests.Live.cs(24,68): error CS0518: Predefined type 'System.Object' is not defined or imported
C:\gh\azure-sdk-for-net\sdk\keyvault\samples\keyvaultproxy\tests\KeyVaultProxyTests.Live.cs(24,68): error CS0103: The name 'EventLevel' does not exist in the current context
C:\gh\azure-sdk-for-net\sdk\keyvault\samples\keyvaultproxy\tests\TestFramework\AsyncGate.cs(29,32): error CS0518: Predefined type 'System.Object' is not defined or imported
C:\gh\azure-sdk-for-net\sdk\keyvault\samples\keyvaultproxy\tests\TestFramework\AsyncGate.cs(30,13): error CS0518: Predefined type 'System.Object' is not defined or imported
C:\gh\azure-sdk-for-net\sdk\keyvault\samples\keyvaultproxy\tests\TestFramework\MockRequest.cs(26,21): error CS0518: Predefined type 'System.Boolean' is not defined or imported
C:\gh\azure-sdk-for-net\sdk\keyvault\samples\keyvaultproxy\tests\TestFramework\MockRequest.cs(26,65): error CS0518: Predefined type 'System.Int64' is not defined or imported
C:\gh\azure-sdk-for-net\sdk\keyvault\samples\keyvaultproxy\tests\TestFramework\MockRequest.cs(26,21): error CS0518: Predefined type 'System.Boolean' is not defined or imported
C:\gh\azure-sdk-for-net\sdk\keyvault\samples\keyvaultproxy\tests\TestFramework\MockRequest.cs(28,30): error CS0518: Predefined type 'System.String' is not defined or imported
C:\gh\azure-sdk-for-net\sdk\keyvault\samples\keyvaultproxy\tests\TestFramework\MockRequest.cs(28,54): error CS0518: Predefined type 'System.Object' is not defined or imported
C:\gh\azure-sdk-for-net\sdk\keyvault\samples\keyvaultproxy\tests\TestFramework\MockRequest.cs(28,54): error CS0246: The type or namespace name 'List<>' could not be found (are you missing a using directive or an assembly reference?)
C:\gh\azure-sdk-for-net\sdk\keyvault\samples\keyvaultproxy\tests\TestFramework\MockRequest.cs(28,59): error CS0518: Predefined type 'System.String' is not defined or imported
C:\gh\azure-sdk-for-net\sdk\keyvault\samples\keyvaultproxy\tests\TestFramework\MockRequest.cs(32,37): error CS0518: Predefined type 'System.String' is not defined or imported
C:\gh\azure-sdk-for-net\sdk\keyvault\samples\keyvaultproxy\tests\TestFramework\MockTransport.cs(39,20): error CS0518: Predefined type 'System.Object' is not defined or imported
C:\gh\azure-sdk-for-net\sdk\keyvault\samples\keyvaultproxy\tests\TestFramework\AsyncValidatingStream.cs(45,13): error CS0518: Predefined type 'System.Object' is not defined or imported
C:\gh\azure-sdk-for-net\sdk\keyvault\samples\keyvaultproxy\tests\TestFramework\AsyncValidatingStream.cs(45,22): error CS0518: Predefined type 'System.Boolean' is not defined or imported
C:\gh\azure-sdk-for-net\sdk\keyvault\samples\keyvaultproxy\tests\TestFramework\AsyncGate.cs(38,17): error CS0518: Predefined type 'System.Object' is not defined or imported
C:\gh\azure-sdk-for-net\sdk\keyvault\samples\keyvaultproxy\tests\TestFramework\TaskExtensions.cs(36,37): error CS0518: Predefined type 'System.Object' is not defined or imported
C:\gh\azure-sdk-for-net\sdk\keyvault\samples\keyvaultproxy\tests\TestFramework\TaskExtensions.cs(36,37): error CS0103: The name 'Debugger' does not exist in the current context
C:\gh\azure-sdk-for-net\sdk\keyvault\samples\keyvaultproxy\tests\TestFramework\TaskExtensions.cs(36,17): error CS0518: Predefined type 'System.Boolean' is not defined or imported
C:\gh\azure-sdk-for-net\sdk\keyvault\samples\keyvaultproxy\tests\TestFramework\TaskExtensions.cs(41,27): error CS0518: Predefined type 'System.Object' is not defined or imported
C:\gh\azure-sdk-for-net\sdk\keyvault\samples\keyvaultproxy\tests\TestFramework\TaskExtensions.cs(41,27): error CS0246: The type or namespace name 'CancellationTokenSource' could not be found (are you missing a using directive or an assembly reference?)
C:\gh\azure-sdk-for-net\sdk\keyvault\samples\keyvaultproxy\tests\TestFramework\TaskExtensions.cs(42,31): error CS0518: Predefined type 'System.Object' is not defined or imported
C:\gh\azure-sdk-for-net\sdk\keyvault\samples\keyvaultproxy\tests\TestFramework\TaskExtensions.cs(42,31): error CS0103: The name 'Task' does not exist in the current context
C:\gh\azure-sdk-for-net\sdk\keyvault\samples\keyvaultproxy\tests\TestFramework\TaskExtensions.cs(42,50): error CS0518: Predefined type 'System.Object' is not defined or imported
C:\gh\azure-sdk-for-net\sdk\keyvault\samples\keyvaultproxy\tests\TestFramework\TaskExtensions.cs(42,50): error CS0103: The name 'Task' does not exist in the current context
C:\gh\azure-sdk-for-net\sdk\keyvault\samples\keyvaultproxy\tests\TestFramework\TaskExtensions.cs(42,17): error CS0518: Predefined type 'System.Boolean' is not defined or imported
C:\gh\azure-sdk-for-net\sdk\keyvault\samples\keyvaultproxy\tests\TestFramework\TaskExtensions.cs(42,17): error CS0518: Predefined type 'System.Boolean' is not defined or imported
C:\gh\azure-sdk-for-net\sdk\keyvault\samples\keyvaultproxy\tests\TestFramework\TaskExtensions.cs(49,27): error CS0518: Predefined type 'System.Object' is not defined or imported
C:\gh\azure-sdk-for-net\sdk\keyvault\samples\keyvaultproxy\tests\TestFramework\TaskExtensions.cs(49,27): error CS0246: The type or namespace name 'TimeoutException' could not be found (are you missing a using directive or an assembly reference?)
C:\gh\azure-sdk-for-net\sdk\keyvault\samples\keyvaultproxy\tests\TestFramework\TaskExtensions.cs(49,44): error CS0518: Predefined type 'System.Object' is not defined or imported
C:\gh\azure-sdk-for-net\sdk\keyvault\samples\keyvaultproxy\tests\TestFramework\TaskExtensions.cs(49,23): error CS0518: Predefined type 'System.Exception' is not defined or imported
C:\gh\azure-sdk-for-net\sdk\keyvault\samples\keyvaultproxy\tests\TestFramework\MockResponse.cs(44,56): error CS0518: Predefined type 'System.Object' is not defined or imported
C:\gh\azure-sdk-for-net\sdk\keyvault\samples\keyvaultproxy\tests\TestFramework\MockResponse.cs(44,56): error CS0246: The type or namespace name 'List<>' could not be found (are you missing a using directive or an assembly reference?)
C:\gh\azure-sdk-for-net\sdk\keyvault\samples\keyvaultproxy\tests\TestFramework\MockResponse.cs(44,61): error CS0518: Predefined type 'System.String' is not defined or imported
C:\gh\azure-sdk-for-net\sdk\keyvault\samples\keyvaultproxy\tests\TestFramework\MockResponse.cs(44,17): error CS0518: Predefined type 'System.Boolean' is not defined or imported
C:\gh\azure-sdk-for-net\sdk\keyvault\samples\keyvaultproxy\tests\TestFramework\MockResponse.cs(46,54): error CS0518: Predefined type 'System.Object' is not defined or imported
C:\gh\azure-sdk-for-net\sdk\keyvault\samples\keyvaultproxy\tests\TestFramework\MockResponse.cs(46,54): error CS0246: The type or namespace name 'List<>' could not be found (are you missing a using directive or an assembly reference?)
C:\gh\azure-sdk-for-net\sdk\keyvault\samples\keyvaultproxy\tests\TestFramework\MockResponse.cs(46,59): error CS0518: Predefined type 'System.String' is not defined or imported
C:\gh\azure-sdk-for-net\sdk\keyvault\samples\keyvaultproxy\tests\LiveFactDiscoverer.cs(24,13): error CS0518: Predefined type 'System.Object' is not defined or imported
C:\gh\azure-sdk-for-net\sdk\keyvault\samples\keyvaultproxy\tests\LiveFactDiscoverer.cs(24,68): error CS0518: Predefined type 'System.Object' is not defined or imported
C:\gh\azure-sdk-for-net\sdk\keyvault\samples\keyvaultproxy\tests\LiveFactDiscoverer.cs(24,90): error CS0518: Predefined type 'System.Object' is not defined or imported
C:\gh\azure-sdk-for-net\sdk\keyvault\samples\keyvaultproxy\tests\LiveFactDiscoverer.cs(26,28): error CS0518: Predefined type 'System.Object' is not defined or imported
C:\gh\azure-sdk-for-net\sdk\keyvault\samples\keyvaultproxy\tests\LiveFactDiscoverer.cs(26,18): error CS0518: Predefined type 'System.Enum' is not defined or imported
C:\gh\azure-sdk-for-net\sdk\keyvault\samples\keyvaultproxy\tests\LiveFactDiscoverer.cs(26,59): error CS0518: Predefined type 'System.Int32' is not defined or imported
C:\gh\azure-sdk-for-net\sdk\keyvault\samples\keyvaultproxy\tests\LiveFactDiscoverer.cs(26,17): error CS0518: Predefined type 'System.Boolean' is not defined or imported
C:\gh\azure-sdk-for-net\sdk\keyvault\samples\keyvaultproxy\tests\LiveFactDiscoverer.cs(26,17): error CS0518: Predefined type 'System.Boolean' is not defined or imported
C:\gh\azure-sdk-for-net\sdk\keyvault\samples\keyvaultproxy\tests\LiveFactDiscoverer.cs(28,101): error CS0518: Predefined type 'System.Boolean' is not defined or imported
C:\gh\azure-sdk-for-net\sdk\keyvault\samples\keyvaultproxy\tests\LiveFactDiscoverer.cs(31,28): error CS0518: Predefined type 'System.Object' is not defined or imported
C:\gh\azure-sdk-for-net\sdk\keyvault\samples\keyvaultproxy\tests\LiveFactDiscoverer.cs(31,18): error CS0518: Predefined type 'System.Enum' is not defined or imported
C:\gh\azure-sdk-for-net\sdk\keyvault\samples\keyvaultproxy\tests\LiveFactDiscoverer.cs(31,58): error CS0518: Predefined type 'System.Int32' is not defined or imported
C:\gh\azure-sdk-for-net\sdk\keyvault\samples\keyvaultproxy\tests\LiveFactDiscoverer.cs(31,17): error CS0518: Predefined type 'System.Boolean' is not defined or imported
C:\gh\azure-sdk-for-net\sdk\keyvault\samples\keyvaultproxy\tests\LiveFactDiscoverer.cs(31,17): error CS0518: Predefined type 'System.Boolean' is not defined or imported
C:\gh\azure-sdk-for-net\sdk\keyvault\samples\keyvaultproxy\tests\LiveFactDiscoverer.cs(33,101): error CS0518: Predefined type 'System.Boolean' is not defined or imported
C:\gh\azure-sdk-for-net\sdk\keyvault\samples\keyvaultproxy\tests\TestFramework\AsyncGate.cs(46,17): error CS0518: Predefined type 'System.Object' is not defined or imported
C:\gh\azure-sdk-for-net\sdk\keyvault\samples\keyvaultproxy\tests\TestFramework\MockTransport.cs(43,39): error CS0518: Predefined type 'System.Boolean' is not defined or imported
C:\gh\azure-sdk-for-net\sdk\keyvault\samples\keyvaultproxy\tests\TestFramework\MockTransport.cs(43,17): error CS0518: Predefined type 'System.Boolean' is not defined or imported
C:\gh\azure-sdk-for-net\sdk\keyvault\samples\keyvaultproxy\tests\TestFramework\MockTransport.cs(43,17): error CS0518: Predefined type 'System.Boolean' is not defined or imported
C:\gh\azure-sdk-for-net\sdk\keyvault\samples\keyvaultproxy\tests\TestFramework\MockTransport.cs(45,27): error CS0518: Predefined type 'System.Object' is not defined or imported
C:\gh\azure-sdk-for-net\sdk\keyvault\samples\keyvaultproxy\tests\TestFramework\MockTransport.cs(45,27): error CS0246: The type or namespace name 'InvalidOperationException' could not be found (are you missing a using directive or an assembly reference?)
C:\gh\azure-sdk-for-net\sdk\keyvault\samples\keyvaultproxy\tests\TestFramework\MockTransport.cs(45,53): error CS0518: Predefined type 'System.String' is not defined or imported
C:\gh\azure-sdk-for-net\sdk\keyvault\samples\keyvaultproxy\tests\TestFramework\MockTransport.cs(45,23): error CS0518: Predefined type 'System.Exception' is not defined or imported
C:\gh\azure-sdk-for-net\sdk\keyvault\samples\keyvaultproxy\tests\TestFramework\MockTransport.cs(48,13): error CS0518: Predefined type 'System.Object' is not defined or imported
C:\gh\azure-sdk-for-net\sdk\keyvault\samples\keyvaultproxy\tests\TestFramework\MockRequest.cs(40,49): error CS0518: Predefined type 'System.Object' is not defined or imported
C:\gh\azure-sdk-for-net\sdk\keyvault\samples\keyvaultproxy\tests\TestFramework\MockRequest.cs(40,49): error CS0246: The type or namespace name 'List<>' could not be found (are you missing a using directive or an assembly reference?)
C:\gh\azure-sdk-for-net\sdk\keyvault\samples\keyvaultproxy\tests\TestFramework\MockRequest.cs(40,54): error CS0518: Predefined type 'System.String' is not defined or imported
C:\gh\azure-sdk-for-net\sdk\keyvault\samples\keyvaultproxy\tests\TestFramework\MockRequest.cs(40,17): error CS0518: Predefined type 'System.Boolean' is not defined or imported
C:\gh\azure-sdk-for-net\sdk\keyvault\samples\keyvaultproxy\tests\TestFramework\MockRequest.cs(42,47): error CS0518: Predefined type 'System.Object' is not defined or imported
C:\gh\azure-sdk-for-net\sdk\keyvault\samples\keyvaultproxy\tests\TestFramework\MockRequest.cs(42,47): error CS0246: The type or namespace name 'List<>' could not be found (are you missing a using directive or an assembly reference?)
C:\gh\azure-sdk-for-net\sdk\keyvault\samples\keyvaultproxy\tests\TestFramework\MockRequest.cs(42,52): error CS0518: Predefined type 'System.String' is not defined or imported
C:\gh\azure-sdk-for-net\sdk\keyvault\samples\keyvaultproxy\tests\TestFramework\AsyncValidatingStream.cs(51,13): error CS0518: Predefined type 'System.Object' is not defined or imported
C:\gh\azure-sdk-for-net\sdk\keyvault\samples\keyvaultproxy\tests\TestFramework\AsyncValidatingStream.cs(51,22): error CS0518: Predefined type 'System.Boolean' is not defined or imported
C:\gh\azure-sdk-for-net\sdk\keyvault\samples\keyvaultproxy\tests\TestFramework\MockTransport.cs(53,39): error CS0518: Predefined type 'System.Boolean' is not defined or imported
C:\gh\azure-sdk-for-net\sdk\keyvault\samples\keyvaultproxy\tests\TestFramework\MockTransport.cs(53,17): error CS0518: Predefined type 'System.Boolean' is not defined or imported
C:\gh\azure-sdk-for-net\sdk\keyvault\samples\keyvaultproxy\tests\TestFramework\MockTransport.cs(53,17): error CS0518: Predefined type 'System.Boolean' is not defined or imported
C:\gh\azure-sdk-for-net\sdk\keyvault\samples\keyvaultproxy\tests\TestFramework\MockTransport.cs(55,27): error CS0518: Predefined type 'System.Object' is not defined or imported
C:\gh\azure-sdk-for-net\sdk\keyvault\samples\keyvaultproxy\tests\TestFramework\MockTransport.cs(55,27): error CS0246: The type or namespace name 'InvalidOperationException' could not be found (are you missing a using directive or an assembly reference?)
C:\gh\azure-sdk-for-net\sdk\keyvault\samples\keyvaultproxy\tests\TestFramework\MockTransport.cs(55,53): error CS0518: Predefined type 'System.String' is not defined or imported
C:\gh\azure-sdk-for-net\sdk\keyvault\samples\keyvaultproxy\tests\TestFramework\MockTransport.cs(55,23): error CS0518: Predefined type 'System.Exception' is not defined or imported
C:\gh\azure-sdk-for-net\sdk\keyvault\samples\keyvaultproxy\tests\TestFramework\MockTransport.cs(58,19): error CS0518: Predefined type 'System.Object' is not defined or imported
C:\gh\azure-sdk-for-net\sdk\keyvault\samples\keyvaultproxy\tests\TestFramework\MockTransport.cs(51,41): error CS0161: 'MockTransport.ProcessAsync(HttpMessage)': not all code paths return a value
C:\gh\azure-sdk-for-net\sdk\keyvault\samples\keyvaultproxy\tests\TestFramework\MockResponse.cs(54,48): error CS0518: Predefined type 'System.Object' is not defined or imported
C:\gh\azure-sdk-for-net\sdk\keyvault\samples\keyvaultproxy\tests\TestFramework\MockResponse.cs(54,48): error CS0246: The type or namespace name 'List<>' could not be found (are you missing a using directive or an assembly reference?)
C:\gh\azure-sdk-for-net\sdk\keyvault\samples\keyvaultproxy\tests\TestFramework\MockResponse.cs(54,53): error CS0518: Predefined type 'System.String' is not defined or imported
C:\gh\azure-sdk-for-net\sdk\keyvault\samples\keyvaultproxy\tests\TestFramework\MockResponse.cs(54,17): error CS0518: Predefined type 'System.Boolean' is not defined or imported
C:\gh\azure-sdk-for-net\sdk\keyvault\samples\keyvaultproxy\tests\TestFramework\MockResponse.cs(56,25): error CS0518: Predefined type 'System.Object' is not defined or imported
C:\gh\azure-sdk-for-net\sdk\keyvault\samples\keyvaultproxy\tests\TestFramework\MockResponse.cs(57,24): error CS0518: Predefined type 'System.Boolean' is not defined or imported
C:\gh\azure-sdk-for-net\sdk\keyvault\samples\keyvaultproxy\tests\TestFramework\MockResponse.cs(61,20): error CS0518: Predefined type 'System.Boolean' is not defined or imported
C:\gh\azure-sdk-for-net\sdk\keyvault\samples\keyvaultproxy\tests\SecretsFixture.cs(29,13): error CS0518: Predefined type 'System.Object' is not defined or imported
C:\gh\azure-sdk-for-net\sdk\keyvault\samples\keyvaultproxy\tests\SecretsFixture.cs(29,13): error CS0246: The type or namespace name 'SecretClientOptions' could not be found (are you missing a using directive or an assembly reference?)
C:\gh\azure-sdk-for-net\sdk\keyvault\samples\keyvaultproxy\tests\SecretsFixture.cs(29,47): error CS0518: Predefined type 'System.Object' is not defined or imported
C:\gh\azure-sdk-for-net\sdk\keyvault\samples\keyvaultproxy\tests\SecretsFixture.cs(29,47): error CS0246: The type or namespace name 'SecretClientOptions' could not be found (are you missing a using directive or an assembly reference?)
C:\gh\azure-sdk-for-net\sdk\keyvault\samples\keyvaultproxy\tests\SecretsFixture.cs(33,47): error CS0518: Predefined type 'System.Boolean' is not defined or imported
C:\gh\azure-sdk-for-net\sdk\keyvault\samples\keyvaultproxy\tests\SecretsFixture.cs(35,33): error CS0518: Predefined type 'System.Object' is not defined or imported
C:\gh\azure-sdk-for-net\sdk\keyvault\samples\keyvaultproxy\tests\SecretsFixture.cs(35,47): error CS0518: Predefined type 'System.Object' is not defined or imported
C:\gh\azure-sdk-for-net\sdk\keyvault\samples\keyvaultproxy\tests\SecretsFixture.cs(35,47): error CS1503: Argument 1: cannot convert from 'method group' to 'MockResponse'
C:\gh\azure-sdk-for-net\sdk\keyvault\samples\keyvaultproxy\tests\SecretsFixture.cs(38,44): error CS0518: Predefined type 'System.Object' is not defined or imported
C:\gh\azure-sdk-for-net\sdk\keyvault\samples\keyvaultproxy\tests\SecretsFixture.cs(38,44): error CS0518: Predefined type 'System.Void' is not defined or imported
C:\gh\azure-sdk-for-net\sdk\keyvault\samples\keyvaultproxy\tests\SecretsFixture.cs(38,61): error CS0518: Predefined type 'System.Object' is not defined or imported
C:\gh\azure-sdk-for-net\sdk\keyvault\samples\keyvaultproxy\tests\SecretsFixture.cs(38,61): error CS0103: The name 'HttpPipelinePosition' does not exist in the current context
C:\gh\azure-sdk-for-net\sdk\keyvault\samples\keyvaultproxy\tests\SecretsFixture.cs(39,35): error CS0246: The type or namespace name 'TimeSpan' could not be found (are you missing a using directive or an assembly reference?)
C:\gh\azure-sdk-for-net\sdk\keyvault\samples\keyvaultproxy\tests\SecretsFixture.cs(41,26): error CS0518: Predefined type 'System.Object' is not defined or imported
C:\gh\azure-sdk-for-net\sdk\keyvault\samples\keyvaultproxy\tests\SecretsFixture.cs(41,26): error CS0246: The type or namespace name 'SecretClient' could not be found (are you missing a using directive or an assembly reference?)
C:\gh\azure-sdk-for-net\sdk\keyvault\samples\keyvaultproxy\tests\SecretsFixture.cs(41,43): error CS0518: Predefined type 'System.Object' is not defined or imported
C:\gh\azure-sdk-for-net\sdk\keyvault\samples\keyvaultproxy\tests\SecretsFixture.cs(41,43): error CS0246: The type or namespace name 'Uri' could not be found (are you missing a using directive or an assembly reference?)
C:\gh\azure-sdk-for-net\sdk\keyvault\samples\keyvaultproxy\tests\SecretsFixture.cs(41,47): error CS0518: Predefined type 'System.String' is not defined or imported
C:\gh\azure-sdk-for-net\sdk\keyvault\samples\keyvaultproxy\tests\SecretsFixture.cs(41,84): error CS0518: Predefined type 'System.Void' is not defined or imported
C:\gh\azure-sdk-for-net\sdk\keyvault\samples\keyvaultproxy\tests\SecretsFixture.cs(27,16): error CS1729: 'object' does not contain a constructor that takes 0 arguments
C:\gh\azure-sdk-for-net\sdk\keyvault\samples\keyvaultproxy\tests\LiveFactDiscoverer.cs(45,156): error CS0518: Predefined type 'System.Object' is not defined or imported
C:\gh\azure-sdk-for-net\sdk\keyvault\samples\keyvaultproxy\tests\LiveFactDiscoverer.cs(45,152): error CS0518: Predefined type 'System.Int32' is not defined or imported
C:\gh\azure-sdk-for-net\sdk\keyvault\samples\keyvaultproxy\tests\LiveFactDiscoverer.cs(45,19): error CS1729: 'XunitTestCase' does not contain a constructor that takes 5 arguments
C:\gh\azure-sdk-for-net\sdk\keyvault\samples\keyvaultproxy\tests\TestFramework\MockRequest.cs(50,48): error CS0518: Predefined type 'System.Object' is not defined or imported
C:\gh\azure-sdk-for-net\sdk\keyvault\samples\keyvaultproxy\tests\TestFramework\MockRequest.cs(50,48): error CS0246: The type or namespace name 'List<>' could not be found (are you missing a using directive or an assembly reference?)
C:\gh\azure-sdk-for-net\sdk\keyvault\samples\keyvaultproxy\tests\TestFramework\MockRequest.cs(50,53): error CS0518: Predefined type 'System.String' is not defined or imported
C:\gh\azure-sdk-for-net\sdk\keyvault\samples\keyvaultproxy\tests\TestFramework\MockRequest.cs(50,17): error CS0518: Predefined type 'System.Boolean' is not defined or imported
C:\gh\azure-sdk-for-net\sdk\keyvault\samples\keyvaultproxy\tests\TestFramework\MockRequest.cs(52,25): error CS0518: Predefined type 'System.Object' is not defined or imported
C:\gh\azure-sdk-for-net\sdk\keyvault\samples\keyvaultproxy\tests\TestFramework\MockRequest.cs(53,24): error CS0518: Predefined type 'System.Boolean' is not defined or imported
C:\gh\azure-sdk-for-net\sdk\keyvault\samples\keyvaultproxy\tests\TestFramework\MockRequest.cs(57,20): error CS0518: Predefined type 'System.Boolean' is not defined or imported
C:\gh\azure-sdk-for-net\sdk\keyvault\samples\keyvaultproxy\tests\SecretsFixture.cs(59,27): error CS0246: The type or namespace name 'TimeSpan' could not be found (are you missing a using directive or an assembly reference?)
C:\gh\azure-sdk-for-net\sdk\keyvault\samples\keyvaultproxy\tests\KeyVaultProxyTests.Live.cs(32,13): error CS0518: Predefined type 'System.Object' is not defined or imported
C:\gh\azure-sdk-for-net\sdk\keyvault\samples\keyvaultproxy\tests\KeyVaultProxyTests.Live.cs(32,13): error CS0246: The type or namespace name 'Response<>' could not be found (are you missing a using directive or an assembly reference?)
C:\gh\azure-sdk-for-net\sdk\keyvault\samples\keyvaultproxy\tests\KeyVaultProxyTests.Live.cs(32,22): error CS0518: Predefined type 'System.Object' is not defined or imported
C:\gh\azure-sdk-for-net\sdk\keyvault\samples\keyvaultproxy\tests\KeyVaultProxyTests.Live.cs(32,22): error CS0246: The type or namespace name 'KeyVaultSecret' could not be found (are you missing a using directive or an assembly reference?)
C:\gh\azure-sdk-for-net\sdk\keyvault\samples\keyvaultproxy\tests\KeyVaultProxyTests.Live.cs(33,17): error CS0518: Predefined type 'System.Boolean' is not defined or imported
C:\gh\azure-sdk-for-net\sdk\keyvault\samples\keyvaultproxy\tests\KeyVaultProxyTests.Live.cs(42,13): error CS0518: Predefined type 'System.String' is not defined or imported
C:\gh\azure-sdk-for-net\sdk\keyvault\samples\keyvaultproxy\tests\KeyVaultProxyTests.Live.cs(43,17): error CS0518: Predefined type 'System.Boolean' is not defined or imported
C:\gh\azure-sdk-for-net\sdk\keyvault\samples\keyvaultproxy\tests\KeyVaultProxyTests.Live.cs(52,13): error CS0518: Predefined type 'System.Object' is not defined or imported
C:\gh\azure-sdk-for-net\sdk\keyvault\samples\keyvaultproxy\tests\KeyVaultProxyTests.Live.cs(52,13): error CS0103: The name 'Assert' does not exist in the current context
C:\gh\azure-sdk-for-net\sdk\keyvault\samples\keyvaultproxy\tests\KeyVaultProxyTests.Live.cs(30,27): error CS0161: 'KeyVaultProxyTests.CachesSameResponse(bool)': not all code paths return a value
C:\gh\azure-sdk-for-net\sdk\keyvault\samples\keyvaultproxy\tests\TestFramework\AsyncGate.cs(54,21): error CS0518: Predefined type 'System.Boolean' is not defined or imported
C:\gh\azure-sdk-for-net\sdk\keyvault\samples\keyvaultproxy\tests\TestFramework\AsyncGate.cs(56,31): error CS0518: Predefined type 'System.Object' is not defined or imported
C:\gh\azure-sdk-for-net\sdk\keyvault\samples\keyvaultproxy\tests\TestFramework\AsyncGate.cs(56,31): error CS0246: The type or namespace name 'InvalidOperationException' could not be found (are you missing a using directive or an assembly reference?)
C:\gh\azure-sdk-for-net\sdk\keyvault\samples\keyvaultproxy\tests\TestFramework\AsyncGate.cs(56,57): error CS0518: Predefined type 'System.String' is not defined or imported
C:\gh\azure-sdk-for-net\sdk\keyvault\samples\keyvaultproxy\tests\TestFramework\AsyncGate.cs(56,27): error CS0518: Predefined type 'System.Exception' is not defined or imported
C:\gh\azure-sdk-for-net\sdk\keyvault\samples\keyvaultproxy\tests\TestFramework\AsyncGate.cs(59,17): error CS0518: Predefined type 'System.Object' is not defined or imported
C:\gh\azure-sdk-for-net\sdk\keyvault\samples\keyvaultproxy\tests\TestFramework\AsyncGate.cs(59,17): error CS0246: The type or namespace name 'TaskCompletionSource<>' could not be found (are you missing a using directive or an assembly reference?)
C:\gh\azure-sdk-for-net\sdk\keyvault\samples\keyvaultproxy\tests\TestFramework\AsyncGate.cs(60,52): error CS0518: Predefined type 'System.Object' is not defined or imported
C:\gh\azure-sdk-for-net\sdk\keyvault\samples\keyvaultproxy\tests\TestFramework\AsyncGate.cs(60,52): error CS0246: The type or namespace name 'TaskCompletionSource<>' could not be found (are you missing a using directive or an assembly reference?)
C:\gh\azure-sdk-for-net\sdk\keyvault\samples\keyvaultproxy\tests\TestFramework\AsyncGate.cs(60,79): error CS0518: Predefined type 'System.Object' is not defined or imported
C:\gh\azure-sdk-for-net\sdk\keyvault\samples\keyvaultproxy\tests\TestFramework\AsyncGate.cs(60,79): error CS0103: The name 'TaskCreationOptions' does not exist in the current context
C:\gh\azure-sdk-for-net\sdk\keyvault\samples\keyvaultproxy\tests\TestFramework\AsyncGate.cs(61,51): error CS0518: Predefined type 'System.Object' is not defined or imported
C:\gh\azure-sdk-for-net\sdk\keyvault\samples\keyvaultproxy\tests\TestFramework\AsyncGate.cs(61,51): error CS0246: The type or namespace name 'TaskCompletionSource<>' could not be found (are you missing a using directive or an assembly reference?)
C:\gh\azure-sdk-for-net\sdk\keyvault\samples\keyvaultproxy\tests\TestFramework\AsyncGate.cs(61,77): error CS0518: Predefined type 'System.Object' is not defined or imported
C:\gh\azure-sdk-for-net\sdk\keyvault\samples\keyvaultproxy\tests\TestFramework\AsyncGate.cs(61,77): error CS0103: The name 'TaskCreationOptions' does not exist in the current context
C:\gh\azure-sdk-for-net\sdk\keyvault\samples\keyvaultproxy\tests\SecretsFixture.cs(60,27): error CS0246: The type or namespace name 'TimeSpan' could not be found (are you missing a using directive or an assembly reference?)
C:\gh\azure-sdk-for-net\sdk\keyvault\samples\keyvaultproxy\tests\TestFramework\AsyncValidatingStream.cs(67,13): error CS0518: Predefined type 'System.Object' is not defined or imported
C:\gh\azure-sdk-for-net\sdk\keyvault\samples\keyvaultproxy\tests\TestFramework\AsyncValidatingStream.cs(67,22): error CS0518: Predefined type 'System.Boolean' is not defined or imported
C:\gh\azure-sdk-for-net\sdk\keyvault\samples\keyvaultproxy\tests\TestFramework\TaskExtensions.cs(59,37): error CS0518: Predefined type 'System.Object' is not defined or imported
C:\gh\azure-sdk-for-net\sdk\keyvault\samples\keyvaultproxy\tests\TestFramework\TaskExtensions.cs(59,37): error CS0103: The name 'Debugger' does not exist in the current context
C:\gh\azure-sdk-for-net\sdk\keyvault\samples\keyvaultproxy\tests\TestFramework\TaskExtensions.cs(59,17): error CS0518: Predefined type 'System.Boolean' is not defined or imported
C:\gh\azure-sdk-for-net\sdk\keyvault\samples\keyvaultproxy\tests\TestFramework\TaskExtensions.cs(62,17): error CS0126: An object of a type convertible to 'Task' is required
C:\gh\azure-sdk-for-net\sdk\keyvault\samples\keyvaultproxy\tests\TestFramework\TaskExtensions.cs(65,27): error CS0518: Predefined type 'System.Object' is not defined or imported
C:\gh\azure-sdk-for-net\sdk\keyvault\samples\keyvaultproxy\tests\TestFramework\TaskExtensions.cs(65,27): error CS0246: The type or namespace name 'CancellationTokenSource' could not be found (are you missing a using directive or an assembly reference?)
C:\gh\azure-sdk-for-net\sdk\keyvault\samples\keyvaultproxy\tests\TestFramework\TaskExtensions.cs(66,31): error CS0518: Predefined type 'System.Object' is not defined or imported
C:\gh\azure-sdk-for-net\sdk\keyvault\samples\keyvaultproxy\tests\TestFramework\TaskExtensions.cs(66,31): error CS0103: The name 'Task' does not exist in the current context
C:\gh\azure-sdk-for-net\sdk\keyvault\samples\keyvaultproxy\tests\TestFramework\TaskExtensions.cs(66,50): error CS0518: Predefined type 'System.Object' is not defined or imported
C:\gh\azure-sdk-for-net\sdk\keyvault\samples\keyvaultproxy\tests\TestFramework\TaskExtensions.cs(66,50): error CS0103: The name 'Task' does not exist in the current context
C:\gh\azure-sdk-for-net\sdk\keyvault\samples\keyvaultproxy\tests\TestFramework\TaskExtensions.cs(66,17): error CS0518: Predefined type 'System.Boolean' is not defined or imported
C:\gh\azure-sdk-for-net\sdk\keyvault\samples\keyvaultproxy\tests\TestFramework\TaskExtensions.cs(66,17): error CS0518: Predefined type 'System.Boolean' is not defined or imported
C:\gh\azure-sdk-for-net\sdk\keyvault\samples\keyvaultproxy\tests\TestFramework\TaskExtensions.cs(73,27): error CS0518: Predefined type 'System.Object' is not defined or imported
C:\gh\azure-sdk-for-net\sdk\keyvault\samples\keyvaultproxy\tests\TestFramework\TaskExtensions.cs(73,27): error CS0246: The type or namespace name 'TimeoutException' could not be found (are you missing a using directive or an assembly reference?)
C:\gh\azure-sdk-for-net\sdk\keyvault\samples\keyvaultproxy\tests\TestFramework\TaskExtensions.cs(73,44): error CS0518: Predefined type 'System.Object' is not defined or imported
C:\gh\azure-sdk-for-net\sdk\keyvault\samples\keyvaultproxy\tests\TestFramework\TaskExtensions.cs(73,23): error CS0518: Predefined type 'System.Exception' is not defined or imported
C:\gh\azure-sdk-for-net\sdk\keyvault\samples\keyvaultproxy\tests\TestFramework\TaskExtensions.cs(53,34): error CS0161: 'TaskExtensions.TimeoutAfter(Task, TimeSpan, string, int)': not all code paths return a value
C:\gh\azure-sdk-for-net\sdk\keyvault\samples\keyvaultproxy\tests\TestFramework\MockResponse.cs(66,57): error CS0518: Predefined type 'System.Object' is not defined or imported
C:\gh\azure-sdk-for-net\sdk\keyvault\samples\keyvaultproxy\tests\TestFramework\MockResponse.cs(66,57): error CS0246: The type or namespace name 'List<>' could not be found (are you missing a using directive or an assembly reference?)
C:\gh\azure-sdk-for-net\sdk\keyvault\samples\keyvaultproxy\tests\TestFramework\MockResponse.cs(66,62): error CS0518: Predefined type 'System.String' is not defined or imported
C:\gh\azure-sdk-for-net\sdk\keyvault\samples\keyvaultproxy\tests\SecretsFixture.cs(68,20): error CS0246: The type or namespace name 'HttpPipelinePolicy' could not be found (are you missing a using directive or an assembly reference?)
C:\gh\azure-sdk-for-net\sdk\keyvault\samples\keyvaultproxy\tests\SecretsFixture.cs(68,20): error CS0518: Predefined type 'System.Object' is not defined or imported
C:\gh\azure-sdk-for-net\sdk\keyvault\samples\keyvaultproxy\tests\SecretsFixture.cs(68,13): error CS0518: Predefined type 'System.Void' is not defined or imported
C:\gh\azure-sdk-for-net\sdk\keyvault\samples\keyvaultproxy\tests\SecretsFixture.cs(69,20): error CS0246: The type or namespace name 'TimeSpan' could not be found (are you missing a using directive or an assembly reference?)
C:\gh\azure-sdk-for-net\sdk\keyvault\samples\keyvaultproxy\tests\TestFramework\MockResponse.cs(73,20): error CS0518: Predefined type 'System.Object' is not defined or imported
C:\gh\azure-sdk-for-net\sdk\keyvault\samples\keyvaultproxy\tests\TestFramework\MockResponse.cs(73,49): error CS0518: Predefined type 'System.Object' is not defined or imported
C:\gh\azure-sdk-for-net\sdk\keyvault\samples\keyvaultproxy\tests\TestFramework\MockRequest.cs(62,57): error CS0518: Predefined type 'System.Object' is not defined or imported
C:\gh\azure-sdk-for-net\sdk\keyvault\samples\keyvaultproxy\tests\TestFramework\MockRequest.cs(62,57): error CS0246: The type or namespace name 'List<>' could not be found (are you missing a using directive or an assembly reference?)
C:\gh\azure-sdk-for-net\sdk\keyvault\samples\keyvaultproxy\tests\TestFramework\MockRequest.cs(62,62): error CS0518: Predefined type 'System.String' is not defined or imported
C:\gh\azure-sdk-for-net\sdk\keyvault\samples\keyvaultproxy\tests\TestFramework\AsyncGate.cs(9,18): error CS1729: 'object' does not contain a constructor that takes 0 arguments
C:\gh\azure-sdk-for-net\sdk\keyvault\samples\keyvaultproxy\tests\TestFramework\AsyncValidatingStream.cs(73,13): error CS0518: Predefined type 'System.Object' is not defined or imported
C:\gh\azure-sdk-for-net\sdk\keyvault\samples\keyvaultproxy\tests\TestFramework\AsyncValidatingStream.cs(73,22): error CS0518: Predefined type 'System.Boolean' is not defined or imported
C:\gh\azure-sdk-for-net\sdk\keyvault\samples\keyvaultproxy\tests\TestFramework\TaskExtensions.cs(78,16): error CS0518: Predefined type 'System.String' is not defined or imported
C:\gh\azure-sdk-for-net\sdk\keyvault\samples\keyvaultproxy\tests\TestFramework\TaskExtensions.cs(78,16): error CS0518: Predefined type 'System.Boolean' is not defined or imported
C:\gh\azure-sdk-for-net\sdk\keyvault\samples\keyvaultproxy\tests\TestFramework\TaskExtensions.cs(79,19): error CS0518: Predefined type 'System.String' is not defined or imported
C:\gh\azure-sdk-for-net\sdk\keyvault\samples\keyvaultproxy\tests\TestFramework\TaskExtensions.cs(79,19): error CS0518: Predefined type 'System.Object' is not defined or imported
C:\gh\azure-sdk-for-net\sdk\keyvault\samples\keyvaultproxy\tests\TestFramework\TaskExtensions.cs(79,19): error CS0518: Predefined type 'System.Int32' is not defined or imported
C:\gh\azure-sdk-for-net\sdk\keyvault\samples\keyvaultproxy\tests\TestFramework\TaskExtensions.cs(80,19): error CS0518: Predefined type 'System.String' is not defined or imported
C:\gh\azure-sdk-for-net\sdk\keyvault\samples\keyvaultproxy\tests\TestFramework\TaskExtensions.cs(80,19): error CS0518: Predefined type 'System.Object' is not defined or imported
C:\gh\azure-sdk-for-net\sdk\keyvault\samples\keyvaultproxy\tests\TestFramework\TaskExtensions.cs(80,19): error CS0518: Predefined type 'System.Int32' is not defined or imported
C:\gh\azure-sdk-for-net\sdk\keyvault\samples\keyvaultproxy\tests\TestFramework\MockRequest.cs(69,20): error CS0518: Predefined type 'System.Object' is not defined or imported
C:\gh\azure-sdk-for-net\sdk\keyvault\samples\keyvaultproxy\tests\TestFramework\MockRequest.cs(69,49): error CS0518: Predefined type 'System.Object' is not defined or imported
C:\gh\azure-sdk-for-net\sdk\keyvault\samples\keyvaultproxy\tests\TestFramework\AsyncValidatingStream.cs(79,13): error CS0518: Predefined type 'System.Object' is not defined or imported
C:\gh\azure-sdk-for-net\sdk\keyvault\samples\keyvaultproxy\tests\TestFramework\AsyncValidatingStream.cs(79,22): error CS0518: Predefined type 'System.Boolean' is not defined or imported
C:\gh\azure-sdk-for-net\sdk\keyvault\samples\keyvaultproxy\tests\LiveFactDiscoverer.cs(55,21): error CS0518: Predefined type 'System.Boolean' is not defined or imported
C:\gh\azure-sdk-for-net\sdk\keyvault\samples\keyvaultproxy\tests\LiveFactDiscoverer.cs(55,73): error CS0518: Predefined type 'System.Array' is not defined or imported
C:\gh\azure-sdk-for-net\sdk\keyvault\samples\keyvaultproxy\tests\LiveFactDiscoverer.cs(55,73): error CS0518: Predefined type 'System.Object' is not defined or imported
C:\gh\azure-sdk-for-net\sdk\keyvault\samples\keyvaultproxy\tests\LiveFactDiscoverer.cs(55,73): error CS1061: 'object[]' does not contain a definition for 'Length' and no accessible extension method 'Length' accepting a first argument of type 'object[]' could be found (are you missing a using directive or an assembly reference?)
C:\gh\azure-sdk-for-net\sdk\keyvault\samples\keyvaultproxy\tests\LiveFactDiscoverer.cs(55,83): error CS0518: Predefined type 'System.Int32' is not defined or imported
C:\gh\azure-sdk-for-net\sdk\keyvault\samples\keyvaultproxy\tests\LiveFactDiscoverer.cs(55,52): error CS0518: Predefined type 'System.Boolean' is not defined or imported
C:\gh\azure-sdk-for-net\sdk\keyvault\samples\keyvaultproxy\tests\LiveFactDiscoverer.cs(55,109): error CS0518: Predefined type 'System.Int32' is not defined or imported
C:\gh\azure-sdk-for-net\sdk\keyvault\samples\keyvaultproxy\tests\LiveFactDiscoverer.cs(55,115): error CS0518: Predefined type 'System.Object' is not defined or imported
C:\gh\azure-sdk-for-net\sdk\keyvault\samples\keyvaultproxy\tests\LiveFactDiscoverer.cs(55,88): error CS0518: Predefined type 'System.Boolean' is not defined or imported
C:\gh\azure-sdk-for-net\sdk\keyvault\samples\keyvaultproxy\tests\LiveFactDiscoverer.cs(55,21): error CS0518: Predefined type 'System.Boolean' is not defined or imported
C:\gh\azure-sdk-for-net\sdk\keyvault\samples\keyvaultproxy\tests\LiveFactDiscoverer.cs(57,29): error CS0518: Predefined type 'System.Object' is not defined or imported
C:\gh\azure-sdk-for-net\sdk\keyvault\samples\keyvaultproxy\tests\LiveFactDiscoverer.cs(61,40): error CS0518: Predefined type 'System.Object' is not defined or imported
C:\gh\azure-sdk-for-net\sdk\keyvault\samples\keyvaultproxy\tests\LiveFactDiscoverer.cs(61,40): error CS0246: The type or namespace name 'InvalidOperationException' could not be found (are you missing a using directive or an assembly reference?)
C:\gh\azure-sdk-for-net\sdk\keyvault\samples\keyvaultproxy\tests\LiveFactDiscoverer.cs(61,66): error CS0518: Predefined type 'System.String' is not defined or imported
C:\gh\azure-sdk-for-net\sdk\keyvault\samples\keyvaultproxy\tests\LiveFactDiscoverer.cs(61,66): error CS0518: Predefined type 'System.Object' is not defined or imported
C:\gh\azure-sdk-for-net\sdk\keyvault\samples\keyvaultproxy\tests\LiveFactDiscoverer.cs(61,66): error CS0518: Predefined type 'System.Int32' is not defined or imported
C:\gh\azure-sdk-for-net\sdk\keyvault\samples\keyvaultproxy\tests\LiveFactDiscoverer.cs(61,125): error CS0518: Predefined type 'System.Object' is not defined or imported
C:\gh\azure-sdk-for-net\sdk\keyvault\samples\keyvaultproxy\tests\LiveFactDiscoverer.cs(64,153): error CS0518: Predefined type 'System.Boolean' is not defined or imported
C:\gh\azure-sdk-for-net\sdk\keyvault\samples\keyvaultproxy\tests\TestFramework\MockResponse.cs(80,20): error CS0518: Predefined type 'System.String' is not defined or imported
C:\gh\azure-sdk-for-net\sdk\keyvault\samples\keyvaultproxy\tests\TestFramework\MockResponse.cs(80,32): error CS0518: Predefined type 'System.String' is not defined or imported
C:\gh\azure-sdk-for-net\sdk\keyvault\samples\keyvaultproxy\tests\TestFramework\MockTransport.cs(63,38): error CS0518: Predefined type 'System.Object' is not defined or imported
C:\gh\azure-sdk-for-net\sdk\keyvault\samples\keyvaultproxy\tests\TestFramework\MockTransport.cs(63,19): error CS0518: Predefined type 'System.Boolean' is not defined or imported
C:\gh\azure-sdk-for-net\sdk\keyvault\samples\keyvaultproxy\tests\TestFramework\MockTransport.cs(63,17): error CS0518: Predefined type 'System.Boolean' is not defined or imported
C:\gh\azure-sdk-for-net\sdk\keyvault\samples\keyvaultproxy\tests\TestFramework\MockTransport.cs(64,27): error CS0518: Predefined type 'System.Object' is not defined or imported
C:\gh\azure-sdk-for-net\sdk\keyvault\samples\keyvaultproxy\tests\TestFramework\MockTransport.cs(64,27): error CS0246: The type or namespace name 'InvalidOperationException' could not be found (are you missing a using directive or an assembly reference?)
C:\gh\azure-sdk-for-net\sdk\keyvault\samples\keyvaultproxy\tests\TestFramework\MockTransport.cs(64,53): error CS0518: Predefined type 'System.String' is not defined or imported
C:\gh\azure-sdk-for-net\sdk\keyvault\samples\keyvaultproxy\tests\TestFramework\MockTransport.cs(64,23): error CS0518: Predefined type 'System.Exception' is not defined or imported
C:\gh\azure-sdk-for-net\sdk\keyvault\samples\keyvaultproxy\tests\TestFramework\MockTransport.cs(68,17): error CS0518: Predefined type 'System.Object' is not defined or imported
C:\gh\azure-sdk-for-net\sdk\keyvault\samples\keyvaultproxy\tests\TestFramework\MockTransport.cs(68,17): error CS0518: Predefined type 'System.Boolean' is not defined or imported
C:\gh\azure-sdk-for-net\sdk\keyvault\samples\keyvaultproxy\tests\TestFramework\MockTransport.cs(70,54): error CS0518: Predefined type 'System.Object' is not defined or imported
C:\gh\azure-sdk-for-net\sdk\keyvault\samples\keyvaultproxy\tests\TestFramework\MockTransport.cs(74,36): error CS0518: Predefined type 'System.Object' is not defined or imported
C:\gh\azure-sdk-for-net\sdk\keyvault\samples\keyvaultproxy\tests\TestFramework\MockTransport.cs(74,36): error CS1955: Non-invocable member 'MockTransport._responseFactory' cannot be used like a method.
C:\gh\azure-sdk-for-net\sdk\keyvault\samples\keyvaultproxy\tests\TestFramework\MockTransport.cs(79,17): error CS0518: Predefined type 'System.Boolean' is not defined or imported
C:\gh\azure-sdk-for-net\sdk\keyvault\samples\keyvaultproxy\tests\TestFramework\MockTransport.cs(79,59): error CS0518: Predefined type 'System.Boolean' is not defined or imported
C:\gh\azure-sdk-for-net\sdk\keyvault\samples\keyvaultproxy\tests\TestFramework\MockTransport.cs(79,17): error CS0518: Predefined type 'System.Boolean' is not defined or imported
C:\gh\azure-sdk-for-net\sdk\keyvault\samples\keyvaultproxy\tests\TestFramework\MockTransport.cs(81,54): error CS0518: Predefined type 'System.Object' is not defined or imported
C:\gh\azure-sdk-for-net\sdk\keyvault\samples\keyvaultproxy\tests\TestFramework\MockTransport.cs(66,26): error CS0165: Use of unassigned local variable 'request'
C:\gh\azure-sdk-for-net\sdk\keyvault\samples\keyvaultproxy\tests\TestFramework\MockTransport.cs(61,28): error CS0161: 'MockTransport.ProcessCore(HttpMessage)': not all code paths return a value
C:\gh\azure-sdk-for-net\sdk\keyvault\samples\keyvaultproxy\tests\TestFramework\MockResponse.cs(85,26): error CS0518: Predefined type 'System.Boolean' is not defined or imported
C:\gh\azure-sdk-for-net\sdk\keyvault\samples\keyvaultproxy\tests\TestFramework\MockRequest.cs(81,20): error CS0518: Predefined type 'System.String' is not defined or imported
C:\gh\azure-sdk-for-net\sdk\keyvault\samples\keyvaultproxy\tests\TestFramework\MockRequest.cs(81,32): error CS0518: Predefined type 'System.String' is not defined or imported
C:\gh\azure-sdk-for-net\sdk\keyvault\samples\keyvaultproxy\tests\TestFramework\MockRequest.cs(86,46): error CS0518: Predefined type 'System.String' is not defined or imported
C:\gh\azure-sdk-for-net\sdk\keyvault\samples\keyvaultproxy\tests\TestFramework\MockRequest.cs(86,46): error CS0518: Predefined type 'System.Object' is not defined or imported
C:\gh\azure-sdk-for-net\sdk\keyvault\samples\keyvaultproxy\tests\TestFramework\MockRequest.cs(86,46): error CS0518: Predefined type 'System.Int32' is not defined or imported
C:\gh\azure-sdk-for-net\sdk\keyvault\samples\keyvaultproxy\tests\TestFramework\MockRequest.cs(86,49): error CS0518: Predefined type 'System.Object' is not defined or imported
C:\gh\azure-sdk-for-net\sdk\keyvault\samples\keyvaultproxy\tests\TestFramework\MockRequest.cs(86,49): error CS0103: The name 'Method' does not exist in the current context
C:\gh\azure-sdk-for-net\sdk\keyvault\samples\keyvaultproxy\tests\TestFramework\MockRequest.cs(86,58): error CS0518: Predefined type 'System.Object' is not defined or imported
C:\gh\azure-sdk-for-net\sdk\keyvault\samples\keyvaultproxy\tests\TestFramework\MockRequest.cs(86,58): error CS0103: The name 'Uri' does not exist in the current context
C:\gh\azure-sdk-for-net\sdk\keyvault\samples\keyvaultproxy\tests\SecretsFixture.cs(74,25): error CS0518: Predefined type 'System.Object' is not defined or imported
C:\gh\azure-sdk-for-net\sdk\keyvault\samples\keyvaultproxy\tests\SecretsFixture.cs(74,25): error CS1061: 'MockRequest' does not contain a definition for 'Method' and no accessible extension method 'Method' accepting a first argument of type 'MockRequest' could be found (are you missing a using directive or an assembly reference?)
C:\gh\azure-sdk-for-net\sdk\keyvault\samples\keyvaultproxy\tests\SecretsFixture.cs(74,35): error CS0518: Predefined type 'System.Object' is not defined or imported
C:\gh\azure-sdk-for-net\sdk\keyvault\samples\keyvaultproxy\tests\SecretsFixture.cs(74,35): error CS0103: The name 'RequestMethod' does not exist in the current context
C:\gh\azure-sdk-for-net\sdk\keyvault\samples\keyvaultproxy\tests\SecretsFixture.cs(74,17): error CS0518: Predefined type 'System.Boolean' is not defined or imported
C:\gh\azure-sdk-for-net\sdk\keyvault\samples\keyvaultproxy\tests\SecretsFixture.cs(74,17): error CS0518: Predefined type 'System.Boolean' is not defined or imported
C:\gh\azure-sdk-for-net\sdk\keyvault\samples\keyvaultproxy\tests\SecretsFixture.cs(76,17): error CS0518: Predefined type 'System.String' is not defined or imported
C:\gh\azure-sdk-for-net\sdk\keyvault\samples\keyvaultproxy\tests\SecretsFixture.cs(76,39): error CS0518: Predefined type 'System.Object' is not defined or imported
C:\gh\azure-sdk-for-net\sdk\keyvault\samples\keyvaultproxy\tests\SecretsFixture.cs(76,39): error CS1061: 'MockRequest' does not contain a definition for 'Uri' and no accessible extension method 'Uri' accepting a first argument of type 'MockRequest' could be found (are you missing a using directive or an assembly reference?)
C:\gh\azure-sdk-for-net\sdk\keyvault\samples\keyvaultproxy\tests\SecretsFixture.cs(77,37): error CS0518: Predefined type 'System.String' is not defined or imported
C:\gh\azure-sdk-for-net\sdk\keyvault\samples\keyvaultproxy\tests\SecretsFixture.cs(77,37): error CS0518: Predefined type 'System.Object' is not defined or imported
C:\gh\azure-sdk-for-net\sdk\keyvault\samples\keyvaultproxy\tests\SecretsFixture.cs(77,37): error CS0518: Predefined type 'System.Int32' is not defined or imported
C:\gh\azure-sdk-for-net\sdk\keyvault\samples\keyvaultproxy\tests\SecretsFixture.cs(77,96): error CS0518: Predefined type 'System.Object' is not defined or imported
C:\gh\azure-sdk-for-net\sdk\keyvault\samples\keyvaultproxy\tests\SecretsFixture.cs(77,96): error CS0103: The name 'StringComparison' does not exist in the current context
C:\gh\azure-sdk-for-net\sdk\keyvault\samples\keyvaultproxy\tests\SecretsFixture.cs(77,21): error CS0518: Predefined type 'System.Boolean' is not defined or imported
C:\gh\azure-sdk-for-net\sdk\keyvault\samples\keyvaultproxy\tests\SecretsFixture.cs(79,28): error CS0518: Predefined type 'System.Object' is not defined or imported
C:\gh\azure-sdk-for-net\sdk\keyvault\samples\keyvaultproxy\tests\SecretsFixture.cs(79,43): error CS0518: Predefined type 'System.String' is not defined or imported
C:\gh\azure-sdk-for-net\sdk\keyvault\samples\keyvaultproxy\tests\SecretsFixture.cs(79,43): error CS0518: Predefined type 'System.Object' is not defined or imported
C:\gh\azure-sdk-for-net\sdk\keyvault\samples\keyvaultproxy\tests\SecretsFixture.cs(79,43): error CS0518: Predefined type 'System.Int32' is not defined or imported
C:\gh\azure-sdk-for-net\sdk\keyvault\samples\keyvaultproxy\tests\SecretsFixture.cs(91,37): error CS0518: Predefined type 'System.String' is not defined or imported
C:\gh\azure-sdk-for-net\sdk\keyvault\samples\keyvaultproxy\tests\SecretsFixture.cs(91,37): error CS0518: Predefined type 'System.Object' is not defined or imported
C:\gh\azure-sdk-for-net\sdk\keyvault\samples\keyvaultproxy\tests\SecretsFixture.cs(91,37): error CS0518: Predefined type 'System.Int32' is not defined or imported
C:\gh\azure-sdk-for-net\sdk\keyvault\samples\keyvaultproxy\tests\SecretsFixture.cs(91,63): error CS0518: Predefined type 'System.Object' is not defined or imported
C:\gh\azure-sdk-for-net\sdk\keyvault\samples\keyvaultproxy\tests\SecretsFixture.cs(91,63): error CS0103: The name 'StringComparison' does not exist in the current context
C:\gh\azure-sdk-for-net\sdk\keyvault\samples\keyvaultproxy\tests\SecretsFixture.cs(91,21): error CS0518: Predefined type 'System.Boolean' is not defined or imported
C:\gh\azure-sdk-for-net\sdk\keyvault\samples\keyvaultproxy\tests\SecretsFixture.cs(93,28): error CS0518: Predefined type 'System.Object' is not defined or imported
C:\gh\azure-sdk-for-net\sdk\keyvault\samples\keyvaultproxy\tests\SecretsFixture.cs(93,43): error CS0518: Predefined type 'System.String' is not defined or imported
C:\gh\azure-sdk-for-net\sdk\keyvault\samples\keyvaultproxy\tests\SecretsFixture.cs(93,43): error CS0518: Predefined type 'System.Object' is not defined or imported
C:\gh\azure-sdk-for-net\sdk\keyvault\samples\keyvaultproxy\tests\SecretsFixture.cs(93,43): error CS0518: Predefined type 'System.Int32' is not defined or imported
C:\gh\azure-sdk-for-net\sdk\keyvault\samples\keyvaultproxy\tests\SecretsFixture.cs(105,37): error CS0518: Predefined type 'System.String' is not defined or imported
C:\gh\azure-sdk-for-net\sdk\keyvault\samples\keyvaultproxy\tests\SecretsFixture.cs(105,37): error CS0518: Predefined type 'System.Object' is not defined or imported
C:\gh\azure-sdk-for-net\sdk\keyvault\samples\keyvaultproxy\tests\SecretsFixture.cs(105,37): error CS0518: Predefined type 'System.Int32' is not defined or imported
C:\gh\azure-sdk-for-net\sdk\keyvault\samples\keyvaultproxy\tests\SecretsFixture.cs(105,50): error CS0518: Predefined type 'System.Object' is not defined or imported
C:\gh\azure-sdk-for-net\sdk\keyvault\samples\keyvaultproxy\tests\SecretsFixture.cs(105,50): error CS0103: The name 'StringComparison' does not exist in the current context
C:\gh\azure-sdk-for-net\sdk\keyvault\samples\keyvaultproxy\tests\SecretsFixture.cs(105,21): error CS0518: Predefined type 'System.Boolean' is not defined or imported
C:\gh\azure-sdk-for-net\sdk\keyvault\samples\keyvaultproxy\tests\SecretsFixture.cs(107,28): error CS0518: Predefined type 'System.Object' is not defined or imported
C:\gh\azure-sdk-for-net\sdk\keyvault\samples\keyvaultproxy\tests\SecretsFixture.cs(107,43): error CS0518: Predefined type 'System.String' is not defined or imported
C:\gh\azure-sdk-for-net\sdk\keyvault\samples\keyvaultproxy\tests\SecretsFixture.cs(107,43): error CS0518: Predefined type 'System.Object' is not defined or imported
C:\gh\azure-sdk-for-net\sdk\keyvault\samples\keyvaultproxy\tests\SecretsFixture.cs(107,43): error CS0518: Predefined type 'System.Int32' is not defined or imported
C:\gh\azure-sdk-for-net\sdk\keyvault\samples\keyvaultproxy\tests\SecretsFixture.cs(133,23): error CS0518: Predefined type 'System.Object' is not defined or imported
C:\gh\azure-sdk-for-net\sdk\keyvault\samples\keyvaultproxy\tests\SecretsFixture.cs(133,23): error CS0246: The type or namespace name 'NotImplementedException' could not be found (are you missing a using directive or an assembly reference?)
C:\gh\azure-sdk-for-net\sdk\keyvault\samples\keyvaultproxy\tests\SecretsFixture.cs(133,19): error CS0518: Predefined type 'System.Exception' is not defined or imported
C:\gh\azure-sdk-for-net\sdk\keyvault\samples\keyvaultproxy\tests\LiveFactDiscoverer.cs(78,41): error CS0518: Predefined type 'System.Boolean' is not defined or imported
C:\gh\azure-sdk-for-net\sdk\keyvault\samples\keyvaultproxy\tests\TestFramework\MockRequest.cs(90,26): error CS0518: Predefined type 'System.Boolean' is not defined or imported
C:\gh\azure-sdk-for-net\sdk\keyvault\samples\keyvaultproxy\tests\KeyVaultProxyTests.Live.cs(58,13): error CS0518: Predefined type 'System.String' is not defined or imported
C:\gh\azure-sdk-for-net\sdk\keyvault\samples\keyvaultproxy\tests\KeyVaultProxyTests.Live.cs(59,17): error CS0518: Predefined type 'System.Boolean' is not defined or imported
C:\gh\azure-sdk-for-net\sdk\keyvault\samples\keyvaultproxy\tests\KeyVaultProxyTests.Live.cs(61,17): error CS0518: Predefined type 'System.Object' is not defined or imported
C:\gh\azure-sdk-for-net\sdk\keyvault\samples\keyvaultproxy\tests\KeyVaultProxyTests.Live.cs(61,17): error CS0246: The type or namespace name 'Response<>' could not be found (are you missing a using directive or an assembly reference?)
C:\gh\azure-sdk-for-net\sdk\keyvault\samples\keyvaultproxy\tests\KeyVaultProxyTests.Live.cs(61,26): error CS0518: Predefined type 'System.Object' is not defined or imported
C:\gh\azure-sdk-for-net\sdk\keyvault\samples\keyvaultproxy\tests\KeyVaultProxyTests.Live.cs(61,26): error CS0246: The type or namespace name 'KeyVaultSecret' could not be found (are you missing a using directive or an assembly reference?)
C:\gh\azure-sdk-for-net\sdk\keyvault\samples\keyvaultproxy\tests\KeyVaultProxyTests.Live.cs(66,17): error CS0518: Predefined type 'System.Object' is not defined or imported
C:\gh\azure-sdk-for-net\sdk\keyvault\samples\keyvaultproxy\tests\KeyVaultProxyTests.Live.cs(66,17): error CS0246: The type or namespace name 'Response<>' could not be found (are you missing a using directive or an assembly reference?)
C:\gh\azure-sdk-for-net\sdk\keyvault\samples\keyvaultproxy\tests\KeyVaultProxyTests.Live.cs(66,26): error CS0518: Predefined type 'System.Object' is not defined or imported
C:\gh\azure-sdk-for-net\sdk\keyvault\samples\keyvaultproxy\tests\KeyVaultProxyTests.Live.cs(66,26): error CS0246: The type or namespace name 'KeyVaultSecret' could not be found (are you missing a using directive or an assembly reference?)
C:\gh\azure-sdk-for-net\sdk\keyvault\samples\keyvaultproxy\tests\KeyVaultProxyTests.Live.cs(70,13): error CS0518: Predefined type 'System.String' is not defined or imported
C:\gh\azure-sdk-for-net\sdk\keyvault\samples\keyvaultproxy\tests\KeyVaultProxyTests.Live.cs(71,17): error CS0518: Predefined type 'System.Boolean' is not defined or imported
C:\gh\azure-sdk-for-net\sdk\keyvault\samples\keyvaultproxy\tests\KeyVaultProxyTests.Live.cs(73,17): error CS0518: Predefined type 'System.Object' is not defined or imported
C:\gh\azure-sdk-for-net\sdk\keyvault\samples\keyvaultproxy\tests\KeyVaultProxyTests.Live.cs(73,17): error CS0246: The type or namespace name 'AsyncPageable<>' could not be found (are you missing a using directive or an assembly reference?)
C:\gh\azure-sdk-for-net\sdk\keyvault\samples\keyvaultproxy\tests\KeyVaultProxyTests.Live.cs(73,31): error CS0518: Predefined type 'System.Object' is not defined or imported
C:\gh\azure-sdk-for-net\sdk\keyvault\samples\keyvaultproxy\tests\KeyVaultProxyTests.Live.cs(73,31): error CS0246: The type or namespace name 'SecretProperties' could not be found (are you missing a using directive or an assembly reference?)
C:\gh\azure-sdk-for-net\sdk\keyvault\samples\keyvaultproxy\tests\KeyVaultProxyTests.Live.cs(74,32): error CS0518: Predefined type 'System.Object' is not defined or imported
C:\gh\azure-sdk-for-net\sdk\keyvault\samples\keyvaultproxy\tests\KeyVaultProxyTests.Live.cs(74,32): error CS0246: The type or namespace name 'Page<>' could not be found (are you missing a using directive or an assembly reference?)
C:\gh\azure-sdk-for-net\sdk\keyvault\samples\keyvaultproxy\tests\KeyVaultProxyTests.Live.cs(74,37): error CS0518: Predefined type 'System.Object' is not defined or imported
C:\gh\azure-sdk-for-net\sdk\keyvault\samples\keyvaultproxy\tests\KeyVaultProxyTests.Live.cs(74,37): error CS0246: The type or namespace name 'SecretProperties' could not be found (are you missing a using directive or an assembly reference?)
C:\gh\azure-sdk-for-net\sdk\keyvault\samples\keyvaultproxy\tests\KeyVaultProxyTests.Live.cs(82,17): error CS0518: Predefined type 'System.Object' is not defined or imported
C:\gh\azure-sdk-for-net\sdk\keyvault\samples\keyvaultproxy\tests\KeyVaultProxyTests.Live.cs(82,17): error CS0246: The type or namespace name 'Pageable<>' could not be found (are you missing a using directive or an assembly reference?)
C:\gh\azure-sdk-for-net\sdk\keyvault\samples\keyvaultproxy\tests\KeyVaultProxyTests.Live.cs(82,26): error CS0518: Predefined type 'System.Object' is not defined or imported
C:\gh\azure-sdk-for-net\sdk\keyvault\samples\keyvaultproxy\tests\KeyVaultProxyTests.Live.cs(82,26): error CS0246: The type or namespace name 'SecretProperties' could not be found (are you missing a using directive or an assembly reference?)
C:\gh\azure-sdk-for-net\sdk\keyvault\samples\keyvaultproxy\tests\KeyVaultProxyTests.Live.cs(83,26): error CS0518: Predefined type 'System.Object' is not defined or imported
C:\gh\azure-sdk-for-net\sdk\keyvault\samples\keyvaultproxy\tests\KeyVaultProxyTests.Live.cs(83,26): error CS0246: The type or namespace name 'Page<>' could not be found (are you missing a using directive or an assembly reference?)
C:\gh\azure-sdk-for-net\sdk\keyvault\samples\keyvaultproxy\tests\KeyVaultProxyTests.Live.cs(83,31): error CS0518: Predefined type 'System.Object' is not defined or imported
C:\gh\azure-sdk-for-net\sdk\keyvault\samples\keyvaultproxy\tests\KeyVaultProxyTests.Live.cs(83,31): error CS0246: The type or namespace name 'SecretProperties' could not be found (are you missing a using directive or an assembly reference?)
C:\gh\azure-sdk-for-net\sdk\keyvault\samples\keyvaultproxy\tests\KeyVaultProxyTests.Live.cs(90,13): error CS0518: Predefined type 'System.Object' is not defined or imported
C:\gh\azure-sdk-for-net\sdk\keyvault\samples\keyvaultproxy\tests\KeyVaultProxyTests.Live.cs(90,13): error CS0103: The name 'Assert' does not exist in the current context
C:\gh\azure-sdk-for-net\sdk\keyvault\samples\keyvaultproxy\tests\KeyVaultProxyTests.Live.cs(56,27): error CS0161: 'KeyVaultProxyTests.CachesDifferentResponse(bool)': not all code paths return a value
C:\gh\azure-sdk-for-net\sdk\keyvault\samples\keyvaultproxy\tests\KeyVaultProxyTests.Live.cs(96,28): error CS0518: Predefined type 'System.Object' is not defined or imported
C:\gh\azure-sdk-for-net\sdk\keyvault\samples\keyvaultproxy\tests\KeyVaultProxyTests.Live.cs(96,28): error CS0103: The name 'TimeSpan' does not exist in the current context
C:\gh\azure-sdk-for-net\sdk\keyvault\samples\keyvaultproxy\tests\KeyVaultProxyTests.Live.cs(96,54): error CS0518: Predefined type 'System.Int32' is not defined or imported
C:\gh\azure-sdk-for-net\sdk\keyvault\samples\keyvaultproxy\tests\KeyVaultProxyTests.Live.cs(98,13): error CS0518: Predefined type 'System.Object' is not defined or imported
C:\gh\azure-sdk-for-net\sdk\keyvault\samples\keyvaultproxy\tests\KeyVaultProxyTests.Live.cs(98,13): error CS0246: The type or namespace name 'Response<>' could not be found (are you missing a using directive or an assembly reference?)
C:\gh\azure-sdk-for-net\sdk\keyvault\samples\keyvaultproxy\tests\KeyVaultProxyTests.Live.cs(98,22): error CS0518: Predefined type 'System.Object' is not defined or imported
C:\gh\azure-sdk-for-net\sdk\keyvault\samples\keyvaultproxy\tests\KeyVaultProxyTests.Live.cs(98,22): error CS0246: The type or namespace name 'KeyVaultSecret' could not be found (are you missing a using directive or an assembly reference?)
C:\gh\azure-sdk-for-net\sdk\keyvault\samples\keyvaultproxy\tests\KeyVaultProxyTests.Live.cs(99,17): error CS0518: Predefined type 'System.Boolean' is not defined or imported
C:\gh\azure-sdk-for-net\sdk\keyvault\samples\keyvaultproxy\tests\KeyVaultProxyTests.Live.cs(108,13): error CS0518: Predefined type 'System.String' is not defined or imported
C:\gh\azure-sdk-for-net\sdk\keyvault\samples\keyvaultproxy\tests\KeyVaultProxyTests.Live.cs(109,19): error CS0518: Predefined type 'System.Object' is not defined or imported
C:\gh\azure-sdk-for-net\sdk\keyvault\samples\keyvaultproxy\tests\KeyVaultProxyTests.Live.cs(109,19): error CS0103: The name 'Task' does not exist in the current context
C:\gh\azure-sdk-for-net\sdk\keyvault\samples\keyvaultproxy\tests\KeyVaultProxyTests.Live.cs(109,30): error CS0518: Predefined type 'System.Int32' is not defined or imported
C:\gh\azure-sdk-for-net\sdk\keyvault\samples\keyvaultproxy\tests\KeyVaultProxyTests.Live.cs(111,17): error CS0518: Predefined type 'System.Boolean' is not defined or imported
C:\gh\azure-sdk-for-net\sdk\keyvault\samples\keyvaultproxy\tests\KeyVaultProxyTests.Live.cs(120,13): error CS0518: Predefined type 'System.Object' is not defined or imported
C:\gh\azure-sdk-for-net\sdk\keyvault\samples\keyvaultproxy\tests\KeyVaultProxyTests.Live.cs(120,13): error CS0103: The name 'Assert' does not exist in the current context
C:\gh\azure-sdk-for-net\sdk\keyvault\samples\keyvaultproxy\tests\KeyVaultProxyTests.Live.cs(94,27): error CS0161: 'KeyVaultProxyTests.RequestsWhenExpired(bool)': not all code paths return a value
C:\gh\azure-sdk-for-net\sdk\keyvault\samples\keyvaultproxy\tests\SecretsFixture.cs(138,13): error CS0518: Predefined type 'System.Byte' is not defined or imported
C:\gh\azure-sdk-for-net\sdk\keyvault\samples\keyvaultproxy\tests\SecretsFixture.cs(138,29): error CS0518: Predefined type 'System.Object' is not defined or imported
C:\gh\azure-sdk-for-net\sdk\keyvault\samples\keyvaultproxy\tests\SecretsFixture.cs(138,29): error CS0103: The name 'Encoding' does not exist in the current context
C:\gh\azure-sdk-for-net\sdk\keyvault\samples\keyvaultproxy\tests\SecretsFixture.cs(139,13): error CS0518: Predefined type 'System.Object' is not defined or imported
C:\gh\azure-sdk-for-net\sdk\keyvault\samples\keyvaultproxy\tests\SecretsFixture.cs(139,41): error CS0518: Predefined type 'System.Object' is not defined or imported
C:\gh\azure-sdk-for-net\sdk\keyvault\samples\keyvaultproxy\tests\SecretsFixture.cs(139,54): error CS0518: Predefined type 'System.Int32' is not defined or imported
C:\gh\azure-sdk-for-net\sdk\keyvault\samples\keyvaultproxy\tests\SecretsFixture.cs(141,35): error CS0518: Predefined type 'System.Object' is not defined or imported
C:\gh\azure-sdk-for-net\sdk\keyvault\samples\keyvaultproxy\tests\SecretsFixture.cs(141,35): error CS0103: The name 'Guid' does not exist in the current context
C:\gh\azure-sdk-for-net\sdk\keyvault\samples\keyvaultproxy\tests\SecretsFixture.cs(142,37): error CS0518: Predefined type 'System.Object' is not defined or imported
C:\gh\azure-sdk-for-net\sdk\keyvault\samples\keyvaultproxy\tests\SecretsFixture.cs(142,37): error CS0246: The type or namespace name 'MemoryStream' could not be found (are you missing a using directive or an assembly reference?)
C:\gh\azure-sdk-for-net\sdk\keyvault\samples\keyvaultproxy\tests\SecretsFixture.cs(146,22): error CS0518: Predefined type 'System.Object' is not defined or imported
C:\gh\azure-sdk-for-net\sdk\keyvault\samples\keyvaultproxy\tests\SecretsFixture.cs(146,36): error CS0518: Predefined type 'System.Object' is not defined or imported
C:\gh\azure-sdk-for-net\sdk\keyvault\samples\keyvaultproxy\tests\SecretsFixture.cs(146,36): error CS0246: The type or namespace name 'HttpHeader' could not be found (are you missing a using directive or an assembly reference?)
C:\gh\azure-sdk-for-net\sdk\keyvault\samples\keyvaultproxy\tests\SecretsFixture.cs(146,47): error CS0518: Predefined type 'System.String' is not defined or imported
C:\gh\azure-sdk-for-net\sdk\keyvault\samples\keyvaultproxy\tests\SecretsFixture.cs(146,64): error CS0518: Predefined type 'System.String' is not defined or imported
C:\gh\azure-sdk-for-net\sdk\keyvault\samples\keyvaultproxy\tests\SecretsFixture.cs(147,22): error CS0518: Predefined type 'System.Object' is not defined or imported
C:\gh\azure-sdk-for-net\sdk\keyvault\samples\keyvaultproxy\tests\SecretsFixture.cs(147,36): error CS0518: Predefined type 'System.Object' is not defined or imported
C:\gh\azure-sdk-for-net\sdk\keyvault\samples\keyvaultproxy\tests\SecretsFixture.cs(147,36): error CS0246: The type or namespace name 'HttpHeader' could not be found (are you missing a using directive or an assembly reference?)
C:\gh\azure-sdk-for-net\sdk\keyvault\samples\keyvaultproxy\tests\SecretsFixture.cs(147,47): error CS0518: Predefined type 'System.String' is not defined or imported
C:\gh\azure-sdk-for-net\sdk\keyvault\samples\keyvaultproxy\tests\SecretsFixture.cs(147,72): error CS0518: Predefined type 'System.Array' is not defined or imported
C:\gh\azure-sdk-for-net\sdk\keyvault\samples\keyvaultproxy\tests\SecretsFixture.cs(147,72): error CS0518: Predefined type 'System.Object' is not defined or imported
C:\gh\azure-sdk-for-net\sdk\keyvault\samples\keyvaultproxy\tests\SecretsFixture.cs(147,72): error CS1061: 'byte[]' does not contain a definition for 'Length' and no accessible extension method 'Length' accepting a first argument of type 'byte[]' could be found (are you missing a using directive or an assembly reference?)
C:\gh\azure-sdk-for-net\sdk\keyvault\samples\keyvaultproxy\tests\SecretsFixture.cs(147,88): error CS0518: Predefined type 'System.Object' is not defined or imported
C:\gh\azure-sdk-for-net\sdk\keyvault\samples\keyvaultproxy\tests\SecretsFixture.cs(147,88): error CS0103: The name 'CultureInfo' does not exist in the current context
C:\gh\azure-sdk-for-net\sdk\keyvault\samples\keyvaultproxy\tests\SecretsFixture.cs(148,22): error CS0518: Predefined type 'System.Object' is not defined or imported
C:\gh\azure-sdk-for-net\sdk\keyvault\samples\keyvaultproxy\tests\SecretsFixture.cs(148,36): error CS0518: Predefined type 'System.Object' is not defined or imported
C:\gh\azure-sdk-for-net\sdk\keyvault\samples\keyvaultproxy\tests\SecretsFixture.cs(148,36): error CS0246: The type or namespace name 'HttpHeader' could not be found (are you missing a using directive or an assembly reference?)
C:\gh\azure-sdk-for-net\sdk\keyvault\samples\keyvaultproxy\tests\SecretsFixture.cs(148,47): error CS0518: Predefined type 'System.String' is not defined or imported
C:\gh\azure-sdk-for-net\sdk\keyvault\samples\keyvaultproxy\tests\SecretsFixture.cs(148,63): error CS0518: Predefined type 'System.String' is not defined or imported
C:\gh\azure-sdk-for-net\sdk\keyvault\samples\keyvaultproxy\tests\SecretsFixture.cs(149,22): error CS0518: Predefined type 'System.Object' is not defined or imported
C:\gh\azure-sdk-for-net\sdk\keyvault\samples\keyvaultproxy\tests\SecretsFixture.cs(149,36): error CS0518: Predefined type 'System.Object' is not defined or imported
C:\gh\azure-sdk-for-net\sdk\keyvault\samples\keyvaultproxy\tests\SecretsFixture.cs(149,36): error CS0246: The type or namespace name 'HttpHeader' could not be found (are you missing a using directive or an assembly reference?)
C:\gh\azure-sdk-for-net\sdk\keyvault\samples\keyvaultproxy\tests\SecretsFixture.cs(149,47): error CS0518: Predefined type 'System.String' is not defined or imported
C:\gh\azure-sdk-for-net\sdk\keyvault\samples\keyvaultproxy\tests\SecretsFixture.cs(149,55): error CS0518: Predefined type 'System.Object' is not defined or imported
C:\gh\azure-sdk-for-net\sdk\keyvault\samples\keyvaultproxy\tests\SecretsFixture.cs(149,55): error CS0103: The name 'DateTimeOffset' does not exist in the current context
C:\gh\azure-sdk-for-net\sdk\keyvault\samples\keyvaultproxy\tests\SecretsFixture.cs(149,86): error CS0518: Predefined type 'System.String' is not defined or imported
C:\gh\azure-sdk-for-net\sdk\keyvault\samples\keyvaultproxy\tests\SecretsFixture.cs(149,91): error CS0518: Predefined type 'System.Object' is not defined or imported
C:\gh\azure-sdk-for-net\sdk\keyvault\samples\keyvaultproxy\tests\SecretsFixture.cs(149,91): error CS0103: The name 'CultureInfo' does not exist in the current context
C:\gh\azure-sdk-for-net\sdk\keyvault\samples\keyvaultproxy\tests\SecretsFixture.cs(150,22): error CS0518: Predefined type 'System.Object' is not defined or imported
C:\gh\azure-sdk-for-net\sdk\keyvault\samples\keyvaultproxy\tests\SecretsFixture.cs(150,36): error CS0518: Predefined type 'System.Object' is not defined or imported
C:\gh\azure-sdk-for-net\sdk\keyvault\samples\keyvaultproxy\tests\SecretsFixture.cs(150,36): error CS0246: The type or namespace name 'HttpHeader' could not be found (are you missing a using directive or an assembly reference?)
C:\gh\azure-sdk-for-net\sdk\keyvault\samples\keyvaultproxy\tests\SecretsFixture.cs(150,47): error CS0518: Predefined type 'System.String' is not defined or imported
C:\gh\azure-sdk-for-net\sdk\keyvault\samples\keyvaultproxy\tests\SecretsFixture.cs(150,58): error CS0518: Predefined type 'System.String' is not defined or imported
C:\gh\azure-sdk-for-net\sdk\keyvault\samples\keyvaultproxy\tests\SecretsFixture.cs(151,22): error CS0518: Predefined type 'System.Object' is not defined or imported
C:\gh\azure-sdk-for-net\sdk\keyvault\samples\keyvaultproxy\tests\SecretsFixture.cs(151,36): error CS0518: Predefined type 'System.Object' is not defined or imported
C:\gh\azure-sdk-for-net\sdk\keyvault\samples\keyvaultproxy\tests\SecretsFixture.cs(151,36): error CS0246: The type or namespace name 'HttpHeader' could not be found (are you missing a using directive or an assembly reference?)
C:\gh\azure-sdk-for-net\sdk\keyvault\samples\keyvaultproxy\tests\SecretsFixture.cs(151,47): error CS0518: Predefined type 'System.String' is not defined or imported
C:\gh\azure-sdk-for-net\sdk\keyvault\samples\keyvaultproxy\tests\SecretsFixture.cs(151,57): error CS0518: Predefined type 'System.String' is not defined or imported
C:\gh\azure-sdk-for-net\sdk\keyvault\samples\keyvaultproxy\tests\SecretsFixture.cs(152,22): error CS0518: Predefined type 'System.Object' is not defined or imported
C:\gh\azure-sdk-for-net\sdk\keyvault\samples\keyvaultproxy\tests\SecretsFixture.cs(152,36): error CS0518: Predefined type 'System.Object' is not defined or imported
C:\gh\azure-sdk-for-net\sdk\keyvault\samples\keyvaultproxy\tests\SecretsFixture.cs(152,36): error CS0246: The type or namespace name 'HttpHeader' could not be found (are you missing a using directive or an assembly reference?)
C:\gh\azure-sdk-for-net\sdk\keyvault\samples\keyvaultproxy\tests\SecretsFixture.cs(152,47): error CS0518: Predefined type 'System.String' is not defined or imported
C:\gh\azure-sdk-for-net\sdk\keyvault\samples\keyvaultproxy\tests\SecretsFixture.cs(152,57): error CS0518: Predefined type 'System.String' is not defined or imported
C:\gh\azure-sdk-for-net\sdk\keyvault\samples\keyvaultproxy\tests\SecretsFixture.cs(153,22): error CS0518: Predefined type 'System.Object' is not defined or imported
C:\gh\azure-sdk-for-net\sdk\keyvault\samples\keyvaultproxy\tests\SecretsFixture.cs(153,36): error CS0518: Predefined type 'System.Object' is not defined or imported
C:\gh\azure-sdk-for-net\sdk\keyvault\samples\keyvaultproxy\tests\SecretsFixture.cs(153,36): error CS0246: The type or namespace name 'HttpHeader' could not be found (are you missing a using directive or an assembly reference?)
C:\gh\azure-sdk-for-net\sdk\keyvault\samples\keyvaultproxy\tests\SecretsFixture.cs(153,47): error CS0518: Predefined type 'System.String' is not defined or imported
C:\gh\azure-sdk-for-net\sdk\keyvault\samples\keyvaultproxy\tests\SecretsFixture.cs(153,76): error CS0518: Predefined type 'System.String' is not defined or imported
C:\gh\azure-sdk-for-net\sdk\keyvault\samples\keyvaultproxy\tests\SecretsFixture.cs(154,22): error CS0518: Predefined type 'System.Object' is not defined or imported
C:\gh\azure-sdk-for-net\sdk\keyvault\samples\keyvaultproxy\tests\SecretsFixture.cs(154,36): error CS0518: Predefined type 'System.Object' is not defined or imported
C:\gh\azure-sdk-for-net\sdk\keyvault\samples\keyvaultproxy\tests\SecretsFixture.cs(154,36): error CS0246: The type or namespace name 'HttpHeader' could not be found (are you missing a using directive or an assembly reference?)
C:\gh\azure-sdk-for-net\sdk\keyvault\samples\keyvaultproxy\tests\SecretsFixture.cs(154,47): error CS0518: Predefined type 'System.String' is not defined or imported
C:\gh\azure-sdk-for-net\sdk\keyvault\samples\keyvaultproxy\tests\SecretsFixture.cs(154,67): error CS0518: Predefined type 'System.String' is not defined or imported
C:\gh\azure-sdk-for-net\sdk\keyvault\samples\keyvaultproxy\tests\SecretsFixture.cs(155,22): error CS0518: Predefined type 'System.Object' is not defined or imported
C:\gh\azure-sdk-for-net\sdk\keyvault\samples\keyvaultproxy\tests\SecretsFixture.cs(155,36): error CS0518: Predefined type 'System.Object' is not defined or imported
C:\gh\azure-sdk-for-net\sdk\keyvault\samples\keyvaultproxy\tests\SecretsFixture.cs(155,36): error CS0246: The type or namespace name 'HttpHeader' could not be found (are you missing a using directive or an assembly reference?)
C:\gh\azure-sdk-for-net\sdk\keyvault\samples\keyvaultproxy\tests\SecretsFixture.cs(155,47): error CS0518: Predefined type 'System.String' is not defined or imported
C:\gh\azure-sdk-for-net\sdk\keyvault\samples\keyvaultproxy\tests\SecretsFixture.cs(155,73): error CS0518: Predefined type 'System.String' is not defined or imported
C:\gh\azure-sdk-for-net\sdk\keyvault\samples\keyvaultproxy\tests\SecretsFixture.cs(156,22): error CS0518: Predefined type 'System.Object' is not defined or imported
C:\gh\azure-sdk-for-net\sdk\keyvault\samples\keyvaultproxy\tests\SecretsFixture.cs(156,36): error CS0518: Predefined type 'System.Object' is not defined or imported
C:\gh\azure-sdk-for-net\sdk\keyvault\samples\keyvaultproxy\tests\SecretsFixture.cs(156,36): error CS0246: The type or namespace name 'HttpHeader' could not be found (are you missing a using directive or an assembly reference?)
C:\gh\azure-sdk-for-net\sdk\keyvault\samples\keyvaultproxy\tests\SecretsFixture.cs(156,47): error CS0518: Predefined type 'System.String' is not defined or imported
C:\gh\azure-sdk-for-net\sdk\keyvault\samples\keyvaultproxy\tests\SecretsFixture.cs(156,77): error CS0518: Predefined type 'System.String' is not defined or imported
C:\gh\azure-sdk-for-net\sdk\keyvault\samples\keyvaultproxy\tests\SecretsFixture.cs(157,22): error CS0518: Predefined type 'System.Object' is not defined or imported
C:\gh\azure-sdk-for-net\sdk\keyvault\samples\keyvaultproxy\tests\SecretsFixture.cs(157,36): error CS0518: Predefined type 'System.Object' is not defined or imported
C:\gh\azure-sdk-for-net\sdk\keyvault\samples\keyvaultproxy\tests\SecretsFixture.cs(157,36): error CS0246: The type or namespace name 'HttpHeader' could not be found (are you missing a using directive or an assembly reference?)
C:\gh\azure-sdk-for-net\sdk\keyvault\samples\keyvaultproxy\tests\SecretsFixture.cs(157,47): error CS0518: Predefined type 'System.String' is not defined or imported
C:\gh\azure-sdk-for-net\sdk\keyvault\samples\keyvaultproxy\tests\SecretsFixture.cs(157,71): error CS0518: Predefined type 'System.String' is not defined or imported
C:\gh\azure-sdk-for-net\sdk\keyvault\samples\keyvaultproxy\tests\SecretsFixture.cs(158,22): error CS0518: Predefined type 'System.Object' is not defined or imported
C:\gh\azure-sdk-for-net\sdk\keyvault\samples\keyvaultproxy\tests\SecretsFixture.cs(158,36): error CS0518: Predefined type 'System.Object' is not defined or imported
C:\gh\azure-sdk-for-net\sdk\keyvault\samples\keyvaultproxy\tests\SecretsFixture.cs(158,36): error CS0246: The type or namespace name 'HttpHeader' could not be found (are you missing a using directive or an assembly reference?)
C:\gh\azure-sdk-for-net\sdk\keyvault\samples\keyvaultproxy\tests\SecretsFixture.cs(158,47): error CS0518: Predefined type 'System.String' is not defined or imported
C:\gh\azure-sdk-for-net\sdk\keyvault\samples\keyvaultproxy\tests\SecretsFixture.cs(158,80): error CS0518: Predefined type 'System.String' is not defined or imported
C:\gh\azure-sdk-for-net\sdk\keyvault\samples\keyvaultproxy\tests\SecretsFixture.cs(159,22): error CS0518: Predefined type 'System.Object' is not defined or imported
C:\gh\azure-sdk-for-net\sdk\keyvault\samples\keyvaultproxy\tests\SecretsFixture.cs(159,36): error CS0518: Predefined type 'System.Object' is not defined or imported
C:\gh\azure-sdk-for-net\sdk\keyvault\samples\keyvaultproxy\tests\SecretsFixture.cs(159,36): error CS0246: The type or namespace name 'HttpHeader' could not be found (are you missing a using directive or an assembly reference?)
C:\gh\azure-sdk-for-net\sdk\keyvault\samples\keyvaultproxy\tests\SecretsFixture.cs(159,47): error CS0518: Predefined type 'System.String' is not defined or imported
C:\gh\azure-sdk-for-net\sdk\keyvault\samples\keyvaultproxy\tests\SecretsFixture.cs(160,22): error CS0518: Predefined type 'System.Object' is not defined or imported
C:\gh\azure-sdk-for-net\sdk\keyvault\samples\keyvaultproxy\tests\SecretsFixture.cs(160,36): error CS0518: Predefined type 'System.Object' is not defined or imported
C:\gh\azure-sdk-for-net\sdk\keyvault\samples\keyvaultproxy\tests\SecretsFixture.cs(160,36): error CS0246: The type or namespace name 'HttpHeader' could not be found (are you missing a using directive or an assembly reference?)
C:\gh\azure-sdk-for-net\sdk\keyvault\samples\keyvaultproxy\tests\SecretsFixture.cs(160,47): error CS0518: Predefined type 'System.String' is not defined or imported
C:\gh\azure-sdk-for-net\sdk\keyvault\samples\keyvaultproxy\tests\SecretsFixture.cs(160,63): error CS0518: Predefined type 'System.String' is not defined or imported
C:\gh\azure-sdk-for-net\sdk\keyvault\samples\keyvaultproxy\tests\KeyVaultProxyTests.Live.cs(126,13): error CS0518: Predefined type 'System.Object' is not defined or imported
C:\gh\azure-sdk-for-net\sdk\keyvault\samples\keyvaultproxy\tests\KeyVaultProxyTests.Live.cs(126,13): error CS0246: The type or namespace name 'List<>' could not be found (are you missing a using directive or an assembly reference?)
C:\gh\azure-sdk-for-net\sdk\keyvault\samples\keyvaultproxy\tests\KeyVaultProxyTests.Live.cs(126,18): error CS0518: Predefined type 'System.Object' is not defined or imported
C:\gh\azure-sdk-for-net\sdk\keyvault\samples\keyvaultproxy\tests\KeyVaultProxyTests.Live.cs(126,18): error CS0246: The type or namespace name 'Task<>' could not be found (are you missing a using directive or an assembly reference?)
C:\gh\azure-sdk-for-net\sdk\keyvault\samples\keyvaultproxy\tests\KeyVaultProxyTests.Live.cs(126,23): error CS0518: Predefined type 'System.Object' is not defined or imported
C:\gh\azure-sdk-for-net\sdk\keyvault\samples\keyvaultproxy\tests\KeyVaultProxyTests.Live.cs(126,23): error CS0246: The type or namespace name 'Response<>' could not be found (are you missing a using directive or an assembly reference?)
C:\gh\azure-sdk-for-net\sdk\keyvault\samples\keyvaultproxy\tests\KeyVaultProxyTests.Live.cs(126,32): error CS0518: Predefined type 'System.Object' is not defined or imported
C:\gh\azure-sdk-for-net\sdk\keyvault\samples\keyvaultproxy\tests\KeyVaultProxyTests.Live.cs(126,32): error CS0246: The type or namespace name 'KeyVaultSecret' could not be found (are you missing a using directive or an assembly reference?)
C:\gh\azure-sdk-for-net\sdk\keyvault\samples\keyvaultproxy\tests\KeyVaultProxyTests.Live.cs(126,62): error CS0518: Predefined type 'System.Object' is not defined or imported
C:\gh\azure-sdk-for-net\sdk\keyvault\samples\keyvaultproxy\tests\KeyVaultProxyTests.Live.cs(126,62): error CS0246: The type or namespace name 'List<>' could not be found (are you missing a using directive or an assembly reference?)
C:\gh\azure-sdk-for-net\sdk\keyvault\samples\keyvaultproxy\tests\KeyVaultProxyTests.Live.cs(126,67): error CS0518: Predefined type 'System.Object' is not defined or imported
C:\gh\azure-sdk-for-net\sdk\keyvault\samples\keyvaultproxy\tests\KeyVaultProxyTests.Live.cs(126,67): error CS0246: The type or namespace name 'Task<>' could not be found (are you missing a using directive or an assembly reference?)
C:\gh\azure-sdk-for-net\sdk\keyvault\samples\keyvaultproxy\tests\KeyVaultProxyTests.Live.cs(126,72): error CS0518: Predefined type 'System.Object' is not defined or imported
C:\gh\azure-sdk-for-net\sdk\keyvault\samples\keyvaultproxy\tests\KeyVaultProxyTests.Live.cs(126,72): error CS0246: The type or namespace name 'Response<>' could not be found (are you missing a using directive or an assembly reference?)
C:\gh\azure-sdk-for-net\sdk\keyvault\samples\keyvaultproxy\tests\KeyVaultProxyTests.Live.cs(126,81): error CS0518: Predefined type 'System.Object' is not defined or imported
C:\gh\azure-sdk-for-net\sdk\keyvault\samples\keyvaultproxy\tests\KeyVaultProxyTests.Live.cs(126,81): error CS0246: The type or namespace name 'KeyVaultSecret' could not be found (are you missing a using directive or an assembly reference?)
C:\gh\azure-sdk-for-net\sdk\keyvault\samples\keyvaultproxy\tests\KeyVaultProxyTests.Live.cs(126,99): error CS0518: Predefined type 'System.Int32' is not defined or imported
C:\gh\azure-sdk-for-net\sdk\keyvault\samples\keyvaultproxy\tests\KeyVaultProxyTests.Live.cs(127,18): error CS0518: Predefined type 'System.Int32' is not defined or imported
C:\gh\azure-sdk-for-net\sdk\keyvault\samples\keyvaultproxy\tests\KeyVaultProxyTests.Live.cs(127,26): error CS0518: Predefined type 'System.Int32' is not defined or imported
C:\gh\azure-sdk-for-net\sdk\keyvault\samples\keyvaultproxy\tests\KeyVaultProxyTests.Live.cs(127,29): error CS0518: Predefined type 'System.Boolean' is not defined or imported
C:\gh\azure-sdk-for-net\sdk\keyvault\samples\keyvaultproxy\tests\KeyVaultProxyTests.Live.cs(127,29): error CS0518: Predefined type 'System.Boolean' is not defined or imported
C:\gh\azure-sdk-for-net\sdk\keyvault\samples\keyvaultproxy\tests\KeyVaultProxyTests.Live.cs(129,17): error CS0518: Predefined type 'System.Object' is not defined or imported
C:\gh\azure-sdk-for-net\sdk\keyvault\samples\keyvaultproxy\tests\KeyVaultProxyTests.Live.cs(129,17): error CS0246: The type or namespace name 'Task<>' could not be found (are you missing a using directive or an assembly reference?)
C:\gh\azure-sdk-for-net\sdk\keyvault\samples\keyvaultproxy\tests\KeyVaultProxyTests.Live.cs(129,22): error CS0518: Predefined type 'System.Object' is not defined or imported
C:\gh\azure-sdk-for-net\sdk\keyvault\samples\keyvaultproxy\tests\KeyVaultProxyTests.Live.cs(129,22): error CS0246: The type or namespace name 'Response<>' could not be found (are you missing a using directive or an assembly reference?)
C:\gh\azure-sdk-for-net\sdk\keyvault\samples\keyvaultproxy\tests\KeyVaultProxyTests.Live.cs(129,31): error CS0518: Predefined type 'System.Object' is not defined or imported
C:\gh\azure-sdk-for-net\sdk\keyvault\samples\keyvaultproxy\tests\KeyVaultProxyTests.Live.cs(129,31): error CS0246: The type or namespace name 'KeyVaultSecret' could not be found (are you missing a using directive or an assembly reference?)
C:\gh\azure-sdk-for-net\sdk\keyvault\samples\keyvaultproxy\tests\KeyVaultProxyTests.Live.cs(133,19): error CS0518: Predefined type 'System.Object' is not defined or imported
C:\gh\azure-sdk-for-net\sdk\keyvault\samples\keyvaultproxy\tests\KeyVaultProxyTests.Live.cs(133,19): error CS0103: The name 'Task' does not exist in the current context
C:\gh\azure-sdk-for-net\sdk\keyvault\samples\keyvaultproxy\tests\KeyVaultProxyTests.Live.cs(135,13): error CS0518: Predefined type 'System.String' is not defined or imported
C:\gh\azure-sdk-for-net\sdk\keyvault\samples\keyvaultproxy\tests\KeyVaultProxyTests.Live.cs(136,13): error CS0518: Predefined type 'System.Object' is not defined or imported
C:\gh\azure-sdk-for-net\sdk\keyvault\samples\keyvaultproxy\tests\KeyVaultProxyTests.Live.cs(136,13): error CS0103: The name 'Assert' does not exist in the current context
C:\gh\azure-sdk-for-net\sdk\keyvault\samples\keyvaultproxy\tests\KeyVaultProxyTests.Live.cs(124,27): error CS0161: 'KeyVaultProxyTests.ConcurrentRequests(bool)': not all code paths return a value
C:\gh\azure-sdk-for-net\sdk\keyvault\samples\keyvaultproxy\tests\SecretsFixture.cs(168,21): error CS0518: Predefined type 'System.Object' is not defined or imported
C:\gh\azure-sdk-for-net\sdk\keyvault\samples\keyvaultproxy\tests\SecretsFixture.cs(168,21): error CS0246: The type or namespace name 'AccessToken' could not be found (are you missing a using directive or an assembly reference?)
C:\gh\azure-sdk-for-net\sdk\keyvault\samples\keyvaultproxy\tests\SecretsFixture.cs(168,33): error CS0518: Predefined type 'System.String' is not defined or imported
C:\gh\azure-sdk-for-net\sdk\keyvault\samples\keyvaultproxy\tests\SecretsFixture.cs(168,46): error CS0518: Predefined type 'System.Object' is not defined or imported
C:\gh\azure-sdk-for-net\sdk\keyvault\samples\keyvaultproxy\tests\SecretsFixture.cs(168,46): error CS0103: The name 'DateTimeOffset' does not exist in the current context
C:\gh\azure-sdk-for-net\sdk\keyvault\samples\keyvaultproxy\tests\SecretsFixture.cs(171,21): error CS0518: Predefined type 'System.Object' is not defined or imported
C:\gh\azure-sdk-for-net\sdk\keyvault\samples\keyvaultproxy\tests\SecretsFixture.cs(171,21): error CS0246: The type or namespace name 'ValueTask<>' could not be found (are you missing a using directive or an assembly reference?)
C:\gh\azure-sdk-for-net\sdk\keyvault\samples\keyvaultproxy\tests\SecretsFixture.cs(171,31): error CS0518: Predefined type 'System.Object' is not defined or imported
C:\gh\azure-sdk-for-net\sdk\keyvault\samples\keyvaultproxy\tests\SecretsFixture.cs(171,31): error CS0246: The type or namespace name 'AccessToken' could not be found (are you missing a using directive or an assembly reference?)
C:\gh\azure-sdk-for-net\sdk\keyvault\samples\keyvaultproxy\tests\SecretsFixture.cs(171,44): error CS0518: Predefined type 'System.Object' is not defined or imported
C:\gh\azure-sdk-for-net\sdk\keyvault\samples\keyvaultproxy\tests\TestFramework\MockTransport.cs(6,1): hidden CS8019: Unnecessary using directive.
C:\gh\azure-sdk-for-net\sdk\keyvault\samples\keyvaultproxy\tests\TestFramework\MockResponse.cs(4,1): hidden CS8019: Unnecessary using directive.
C:\gh\azure-sdk-for-net\artifacts\obj\AzureSamples.Security.KeyVault.Proxy.Tests\Debug\netcoreapp2.1\.NETCoreApp,Version=v2.1.AssemblyAttributes.cs(3,1): hidden CS8019: Unnecessary using directive.
C:\gh\azure-sdk-for-net\sdk\keyvault\samples\keyvaultproxy\tests\LiveFactDiscoverer.cs(9,1): hidden CS8019: Unnecessary using directive.
C:\gh\azure-sdk-for-net\sdk\keyvault\samples\keyvaultproxy\tests\LiveFactDiscoverer.cs(6,1): hidden CS8019: Unnecessary using directive.
C:\gh\azure-sdk-for-net\sdk\keyvault\samples\keyvaultproxy\tests\KeyVaultProxyTests.Live.cs(8,1): hidden CS8019: Unnecessary using directive.
C:\gh\azure-sdk-for-net\sdk\keyvault\samples\keyvaultproxy\tests\SecretsFixture.cs(7,1): hidden CS8019: Unnecessary using directive.
C:\gh\azure-sdk-for-net\sdk\keyvault\samples\keyvaultproxy\tests\TestFramework\MockResponse.cs(5,1): hidden CS8019: Unnecessary using directive.
C:\gh\azure-sdk-for-net\sdk\keyvault\samples\keyvaultproxy\tests\TestFramework\AsyncGate.cs(4,1): hidden CS8019: Unnecessary using directive.
C:\gh\azure-sdk-for-net\sdk\keyvault\samples\keyvaultproxy\tests\TestFramework\MockTransport.cs(4,1): hidden CS8019: Unnecessary using directive.
C:\gh\azure-sdk-for-net\sdk\keyvault\samples\keyvaultproxy\tests\KeyVaultProxyTests.cs(4,1): hidden CS8019: Unnecessary using directive.
C:\gh\azure-sdk-for-net\sdk\keyvault\samples\keyvaultproxy\tests\KeyVaultProxyTests.Live.cs(12,1): hidden CS8019: Unnecessary using directive.
C:\gh\azure-sdk-for-net\sdk\keyvault\samples\keyvaultproxy\tests\LiveFactDiscoverer.cs(4,1): hidden CS8019: Unnecessary using directive.
C:\gh\azure-sdk-for-net\sdk\keyvault\samples\keyvaultproxy\tests\LiveFactDiscoverer.cs(7,1): hidden CS8019: Unnecessary using directive.
C:\gh\azure-sdk-for-net\sdk\keyvault\samples\keyvaultproxy\tests\TestFramework\AsyncGate.cs(5,1): hidden CS8019: Unnecessary using directive.
C:\gh\azure-sdk-for-net\sdk\keyvault\samples\keyvaultproxy\tests\TestFramework\MockTransport.cs(5,1): hidden CS8019: Unnecessary using directive.
C:\gh\azure-sdk-for-net\sdk\keyvault\samples\keyvaultproxy\tests\TestFramework\MockResponse.cs(8,1): hidden CS8019: Unnecessary using directive.
C:\gh\azure-sdk-for-net\sdk\keyvault\samples\keyvaultproxy\tests\TestFramework\TaskExtensions.cs(6,1): hidden CS8019: Unnecessary using directive.
C:\gh\azure-sdk-for-net\sdk\keyvault\samples\keyvaultproxy\tests\KeyVaultProxyTests.cs(5,1): hidden CS8019: Unnecessary using directive.
C:\gh\azure-sdk-for-net\sdk\keyvault\samples\keyvaultproxy\tests\SecretsFixture.cs(6,1): hidden CS8019: Unnecessary using directive.
C:\gh\azure-sdk-for-net\sdk\keyvault\samples\keyvaultproxy\tests\LiveFactDiscoverer.cs(5,1): hidden CS8019: Unnecessary using directive.
C:\gh\azure-sdk-for-net\artifacts\obj\AzureSamples.Security.KeyVault.Proxy.Tests\Debug\netcoreapp2.1\AzureSamples.Security.KeyVault.Proxy.Tests.AssemblyInfo.cs(11,1): hidden CS8019: Unnecessary using directive.
C:\gh\azure-sdk-for-net\sdk\keyvault\samples\keyvaultproxy\tests\KeyVaultProxyTests.Live.cs(9,1): hidden CS8019: Unnecessary using directive.
C:\gh\azure-sdk-for-net\sdk\keyvault\samples\keyvaultproxy\tests\LiveFactAttribute.cs(4,1): hidden CS8019: Unnecessary using directive.
C:\gh\azure-sdk-for-net\sdk\keyvault\samples\keyvaultproxy\tests\TestFramework\TaskExtensions.cs(4,1): hidden CS8019: Unnecessary using directive.
C:\gh\azure-sdk-for-net\sdk\keyvault\samples\keyvaultproxy\tests\KeyVaultProxyTests.Live.cs(7,1): hidden CS8019: Unnecessary using directive.
C:\gh\azure-sdk-for-net\sdk\keyvault\samples\keyvaultproxy\tests\TestFramework\TaskExtensions.cs(8,1): hidden CS8019: Unnecessary using directive.
C:\gh\azure-sdk-for-net\sdk\keyvault\samples\keyvaultproxy\tests\TestFramework\TaskExtensions.cs(5,1): hidden CS8019: Unnecessary using directive.
C:\gh\azure-sdk-for-net\sdk\keyvault\samples\keyvaultproxy\tests\LiveFactDiscoverer.cs(8,1): hidden CS8019: Unnecessary using directive.
C:\gh\azure-sdk-for-net\sdk\keyvault\samples\keyvaultproxy\tests\TestFramework\AsyncValidatingStream.cs(6,1): hidden CS8019: Unnecessary using directive.
C:\gh\azure-sdk-for-net\sdk\keyvault\samples\keyvaultproxy\tests\SecretsFixture.cs(4,1): hidden CS8019: Unnecessary using directive.
C:\gh\azure-sdk-for-net\sdk\keyvault\samples\keyvaultproxy\tests\TestFramework\TaskExtensions.cs(7,1): hidden CS8019: Unnecessary using directive.
C:\gh\azure-sdk-for-net\sdk\keyvault\samples\keyvaultproxy\tests\SecretsFixture.cs(12,1): hidden CS8019: Unnecessary using directive.
C:\gh\azure-sdk-for-net\sdk\keyvault\samples\keyvaultproxy\tests\TestFramework\MockTransport.cs(7,1): hidden CS8019: Unnecessary using directive.
C:\gh\azure-sdk-for-net\sdk\keyvault\samples\keyvaultproxy\tests\LiveFactAttribute.cs(5,1): hidden CS8019: Unnecessary using directive.
C:\gh\azure-sdk-for-net\sdk\keyvault\samples\keyvaultproxy\tests\KeyVaultProxyTests.Live.cs(10,1): hidden CS8019: Unnecessary using directive.
C:\gh\azure-sdk-for-net\sdk\keyvault\samples\keyvaultproxy\tests\TestFramework\MockRequest.cs(6,1): hidden CS8019: Unnecessary using directive.
C:\gh\azure-sdk-for-net\sdk\keyvault\samples\keyvaultproxy\tests\SecretsFixture.cs(9,1): hidden CS8019: Unnecessary using directive.
C:\gh\azure-sdk-for-net\sdk\keyvault\samples\keyvaultproxy\tests\SecretsFixture.cs(5,1): hidden CS8019: Unnecessary using directive.
C:\gh\azure-sdk-for-net\sdk\keyvault\samples\keyvaultproxy\tests\TestFramework\AsyncValidatingStream.cs(4,1): hidden CS8019: Unnecessary using directive.
C:\gh\azure-sdk-for-net\artifacts\obj\AzureSamples.Security.KeyVault.Proxy.Tests\Debug\netcoreapp2.1\AzureSamples.Security.KeyVault.Proxy.Tests.AssemblyInfo.cs(12,1): hidden CS8019: Unnecessary using directive.
C:\gh\azure-sdk-for-net\sdk\keyvault\samples\keyvaultproxy\tests\KeyVaultProxyTests.Live.cs(6,1): hidden CS8019: Unnecessary using directive.
C:\gh\azure-sdk-for-net\sdk\keyvault\samples\keyvaultproxy\tests\TestFramework\AsyncValidatingStream.cs(7,1): hidden CS8019: Unnecessary using directive.
C:\gh\azure-sdk-for-net\sdk\keyvault\samples\keyvaultproxy\tests\SecretsFixture.cs(8,1): hidden CS8019: Unnecessary using directive.
C:\gh\azure-sdk-for-net\sdk\keyvault\samples\keyvaultproxy\tests\TestFramework\AsyncValidatingStream.cs(5,1): hidden CS8019: Unnecessary using directive.
C:\gh\azure-sdk-for-net\sdk\keyvault\samples\keyvaultproxy\tests\TestFramework\MockRequest.cs(4,1): hidden CS8019: Unnecessary using directive.
C:\gh\azure-sdk-for-net\sdk\keyvault\samples\keyvaultproxy\tests\KeyVaultProxyTests.Live.cs(4,1): hidden CS8019: Unnecessary using directive.
C:\gh\azure-sdk-for-net\sdk\keyvault\samples\keyvaultproxy\tests\TestFramework\MockResponse.cs(6,1): hidden CS8019: Unnecessary using directive.
C:\gh\azure-sdk-for-net\sdk\keyvault\samples\keyvaultproxy\tests\TestFramework\MockResponse.cs(7,1): hidden CS8019: Unnecessary using directive.
C:\gh\azure-sdk-for-net\sdk\keyvault\samples\keyvaultproxy\tests\TestFramework\MockRequest.cs(5,1): hidden CS8019: Unnecessary using directive.
C:\gh\azure-sdk-for-net\sdk\keyvault\samples\keyvaultproxy\tests\KeyVaultProxyTests.Live.cs(11,1): hidden CS8019: Unnecessary using directive.
C:\gh\azure-sdk-for-net\sdk\keyvault\samples\keyvaultproxy\tests\TestFramework\MockTransport.cs(8,1): hidden CS8019: Unnecessary using directive.
C:\gh\azure-sdk-for-net\artifacts\obj\AzureSamples.Security.KeyVault.Proxy.Tests\Debug\netcoreapp2.1\.NETCoreApp,Version=v2.1.AssemblyAttributes.cs(2,1): hidden CS8019: Unnecessary using directive.
C:\gh\azure-sdk-for-net\sdk\keyvault\samples\keyvaultproxy\tests\SecretsFixture.cs(10,1): hidden CS8019: Unnecessary using directive.
C:\gh\azure-sdk-for-net\sdk\keyvault\samples\keyvaultproxy\tests\KeyVaultProxyTests.Live.cs(5,1): hidden CS8019: Unnecessary using directive.
