C:\gh\azure-sdk-for-net\sdk\batch\Microsoft.Azure.Batch.FileStaging\tests\Fixtures\PaasWindowsPoolFixture.cs(65,41): error CS0246: The type or namespace name 'ICollectionFixture<>' could not be found (are you missing a using directive or an assembly reference?)
C:\gh\azure-sdk-for-net\sdk\batch\Microsoft.Azure.Batch.FileStaging\tests\Fixtures\PoolFixture.cs(75,58): error CS0246: The type or namespace name 'BatchClient' could not be found (are you missing a using directive or an assembly reference?)
C:\gh\azure-sdk-for-net\sdk\batch\Microsoft.Azure.Batch.FileStaging\tests\Fixtures\PoolFixture.cs(75,26): error CS0246: The type or namespace name 'CloudPool' could not be found (are you missing a using directive or an assembly reference?)
C:\gh\azure-sdk-for-net\sdk\batch\Microsoft.Azure.Batch.FileStaging\tests\Infrastructure\LiveTestAttribute.cs(11,49): error CS0246: The type or namespace name 'ITraitAttribute' could not be found (are you missing a using directive or an assembly reference?)
C:\gh\azure-sdk-for-net\eng\mgmt\DisableTestRunParallel.cs(7,12): error CS0246: The type or namespace name 'CollectionBehaviorAttribute' could not be found (are you missing a using directive or an assembly reference?)
C:\gh\azure-sdk-for-net\eng\mgmt\DisableTestRunParallel.cs(7,12): error CS0246: The type or namespace name 'CollectionBehavior' could not be found (are you missing a using directive or an assembly reference?)
C:\gh\azure-sdk-for-net\eng\mgmt\DisableTestRunParallel.cs(7,31): error CS0246: The type or namespace name 'DisableTestParallelization' could not be found (are you missing a using directive or an assembly reference?)
C:\gh\azure-sdk-for-net\eng\mgmt\DisableTestRunParallel.cs(7,66): error CS0246: The type or namespace name 'MaxParallelThreads' could not be found (are you missing a using directive or an assembly reference?)
C:\gh\azure-sdk-for-net\sdk\batch\Microsoft.Azure.Batch.FileStaging\tests\Fixtures\PoolFixture.cs(36,28): error CS0246: The type or namespace name 'BatchClient' could not be found (are you missing a using directive or an assembly reference?)
C:\gh\azure-sdk-for-net\sdk\batch\Microsoft.Azure.Batch.FileStaging\tests\Fixtures\PaasWindowsPoolFixture.cs(30,19): error CS0246: The type or namespace name 'CloudPool' could not be found (are you missing a using directive or an assembly reference?)
C:\gh\azure-sdk-for-net\sdk\batch\Microsoft.Azure.Batch.FileStaging\tests\IntegrationTestUtilities\TestUtilities.cs(196,49): error CS0246: The type or namespace name 'BatchException' could not be found (are you missing a using directive or an assembly reference?)
C:\gh\azure-sdk-for-net\sdk\batch\Microsoft.Azure.Batch.FileStaging\tests\FileStagingIntegrationTests.cs(35,6): error CS0246: The type or namespace name 'CollectionAttribute' could not be found (are you missing a using directive or an assembly reference?)
C:\gh\azure-sdk-for-net\sdk\batch\Microsoft.Azure.Batch.FileStaging\tests\FileStagingIntegrationTests.cs(35,6): error CS0246: The type or namespace name 'Collection' could not be found (are you missing a using directive or an assembly reference?)
C:\gh\azure-sdk-for-net\sdk\batch\Microsoft.Azure.Batch.FileStaging\tests\FileStagingIntegrationTests.cs(262,13): error CS0246: The type or namespace name 'BatchClient' could not be found (are you missing a using directive or an assembly reference?)
C:\gh\azure-sdk-for-net\sdk\batch\Microsoft.Azure.Batch.FileStaging\tests\FileStagingIntegrationTests.cs(265,13): error CS0246: The type or namespace name 'BatchClientParallelOptions' could not be found (are you missing a using directive or an assembly reference?)
C:\gh\azure-sdk-for-net\sdk\batch\Microsoft.Azure.Batch.FileStaging\tests\FileStagingIntegrationTests.cs(266,18): error CS0246: The type or namespace name 'AddTaskResult' could not be found (are you missing a using directive or an assembly reference?)
C:\gh\azure-sdk-for-net\sdk\batch\Microsoft.Azure.Batch.FileStaging\tests\FileStagingIntegrationTests.cs(266,52): error CS0246: The type or namespace name 'AddTaskResultStatus' could not be found (are you missing a using directive or an assembly reference?)
C:\gh\azure-sdk-for-net\sdk\batch\Microsoft.Azure.Batch.FileStaging\tests\FileStagingIntegrationTests.cs(269,54): error CS0246: The type or namespace name 'IFileStagingArtifact' could not be found (are you missing a using directive or an assembly reference?)
C:\gh\azure-sdk-for-net\sdk\batch\Microsoft.Azure.Batch.FileStaging\tests\IntegrationTestUtilities\TestUtilities.cs(89,57): error CS0246: The type or namespace name 'BatchClient' could not be found (are you missing a using directive or an assembly reference?)
C:\gh\azure-sdk-for-net\sdk\batch\Microsoft.Azure.Batch.FileStaging\tests\IntegrationTestUtilities\TestUtilities.cs(191,49): error CS0246: The type or namespace name 'BatchException' could not be found (are you missing a using directive or an assembly reference?)
C:\gh\azure-sdk-for-net\sdk\batch\Microsoft.Azure.Batch.FileStaging\tests\FileStagingIntegrationTests.cs(38,26): error CS0246: The type or namespace name 'ITestOutputHelper' could not be found (are you missing a using directive or an assembly reference?)
C:\gh\azure-sdk-for-net\sdk\batch\Microsoft.Azure.Batch.FileStaging\tests\IntegrationTestUtilities\TestUtilities.cs(170,70): error CS0246: The type or namespace name 'IRefreshable' could not be found (are you missing a using directive or an assembly reference?)
C:\gh\azure-sdk-for-net\sdk\batch\Microsoft.Azure.Batch.FileStaging\tests\Fixtures\PoolFixture.cs(59,19): error CS0246: The type or namespace name 'CloudPool' could not be found (are you missing a using directive or an assembly reference?)
C:\gh\azure-sdk-for-net\sdk\batch\Microsoft.Azure.Batch.FileStaging\tests\IntegrationTestUtilities\TestUtilities.cs(153,63): error CS0246: The type or namespace name 'BatchClient' could not be found (are you missing a using directive or an assembly reference?)
C:\gh\azure-sdk-for-net\sdk\batch\Microsoft.Azure.Batch.FileStaging\tests\IntegrationTestUtilities\TestUtilities.cs(153,98): error CS0246: The type or namespace name 'AllocationState' could not be found (are you missing a using directive or an assembly reference?)
C:\gh\azure-sdk-for-net\sdk\batch\Microsoft.Azure.Batch.FileStaging\tests\IntegrationTestUtilities\TestUtilities.cs(134,65): error CS0246: The type or namespace name 'BatchClient' could not be found (are you missing a using directive or an assembly reference?)
C:\gh\azure-sdk-for-net\sdk\batch\Microsoft.Azure.Batch.FileStaging\tests\IntegrationTestUtilities\TestUtilities.cs(119,58): error CS0246: The type or namespace name 'BatchClient' could not be found (are you missing a using directive or an assembly reference?)
C:\gh\azure-sdk-for-net\sdk\batch\Microsoft.Azure.Batch.FileStaging\tests\IntegrationTestUtilities\TestUtilities.cs(57,23): error CS0246: The type or namespace name 'BatchClient' could not be found (are you missing a using directive or an assembly reference?)
C:\gh\azure-sdk-for-net\sdk\batch\Microsoft.Azure.Batch.FileStaging\tests\IntegrationTestUtilities\TestUtilities.cs(104,65): error CS0246: The type or namespace name 'BatchClient' could not be found (are you missing a using directive or an assembly reference?)
C:\gh\azure-sdk-for-net\sdk\batch\Microsoft.Azure.Batch.FileStaging\tests\FileStagingIntegrationTests.cs(221,18): error CS0246: The type or namespace name 'CloudTask' could not be found (are you missing a using directive or an assembly reference?)
C:\gh\azure-sdk-for-net\sdk\batch\Microsoft.Azure.Batch.FileStaging\tests\FileStagingIntegrationTests.cs(222,18): error CS0246: The type or namespace name 'CloudTask' could not be found (are you missing a using directive or an assembly reference?)
C:\gh\azure-sdk-for-net\sdk\batch\Microsoft.Azure.Batch.FileStaging\tests\IntegrationTestUtilities\TestUtilities.cs(29,23): error CS0246: The type or namespace name 'BatchSharedKeyCredentials' could not be found (are you missing a using directive or an assembly reference?)
C:\gh\azure-sdk-for-net\sdk\batch\Microsoft.Azure.Batch.FileStaging\tests\IntegrationTestUtilities\TestUtilities.cs(37,51): error CS0246: The type or namespace name 'BatchSharedKeyCredentials' could not be found (are you missing a using directive or an assembly reference?)
C:\gh\azure-sdk-for-net\sdk\batch\Microsoft.Azure.Batch.FileStaging\tests\IntegrationTestUtilities\TestUtilities.cs(37,23): error CS0246: The type or namespace name 'BatchClient' could not be found (are you missing a using directive or an assembly reference?)
C:\gh\azure-sdk-for-net\sdk\batch\Microsoft.Azure.Batch.FileStaging\tests\Infrastructure\LiveTestAttribute.cs(9,6): error CS0246: The type or namespace name 'TraitDiscovererAttribute' could not be found (are you missing a using directive or an assembly reference?)
C:\gh\azure-sdk-for-net\sdk\batch\Microsoft.Azure.Batch.FileStaging\tests\Infrastructure\LiveTestAttribute.cs(9,6): error CS0246: The type or namespace name 'TraitDiscoverer' could not be found (are you missing a using directive or an assembly reference?)
C:\gh\azure-sdk-for-net\sdk\batch\Microsoft.Azure.Batch.FileStaging\tests\FileStagingIntegrationTests.cs(157,10): error CS0246: The type or namespace name 'TheoryAttribute' could not be found (are you missing a using directive or an assembly reference?)
C:\gh\azure-sdk-for-net\sdk\batch\Microsoft.Azure.Batch.FileStaging\tests\FileStagingIntegrationTests.cs(157,10): error CS0246: The type or namespace name 'Theory' could not be found (are you missing a using directive or an assembly reference?)
C:\gh\azure-sdk-for-net\sdk\batch\Microsoft.Azure.Batch.FileStaging\tests\FileStagingIntegrationTests.cs(157,18): error CS0246: The type or namespace name 'InlineDataAttribute' could not be found (are you missing a using directive or an assembly reference?)
C:\gh\azure-sdk-for-net\sdk\batch\Microsoft.Azure.Batch.FileStaging\tests\FileStagingIntegrationTests.cs(157,18): error CS0246: The type or namespace name 'InlineData' could not be found (are you missing a using directive or an assembly reference?)
C:\gh\azure-sdk-for-net\sdk\batch\Microsoft.Azure.Batch.FileStaging\tests\FileStagingIntegrationTests.cs(157,37): error CS0246: The type or namespace name 'InlineDataAttribute' could not be found (are you missing a using directive or an assembly reference?)
C:\gh\azure-sdk-for-net\sdk\batch\Microsoft.Azure.Batch.FileStaging\tests\FileStagingIntegrationTests.cs(157,37): error CS0246: The type or namespace name 'InlineData' could not be found (are you missing a using directive or an assembly reference?)
C:\gh\azure-sdk-for-net\sdk\batch\Microsoft.Azure.Batch.FileStaging\tests\FileStagingIntegrationTests.cs(41,44): error CS0246: The type or namespace name 'ITestOutputHelper' could not be found (are you missing a using directive or an assembly reference?)
C:\gh\azure-sdk-for-net\eng\mgmt\DisableTestRunParallel.cs(5,7): error CS0246: The type or namespace name 'Xunit' could not be found (are you missing a using directive or an assembly reference?)
C:\gh\azure-sdk-for-net\sdk\batch\Microsoft.Azure.Batch.FileStaging\tests\FileStagingIntegrationTests.cs(33,45): error CS0234: The type or namespace name 'Constants' does not exist in the namespace 'Microsoft.Azure.Batch' (are you missing an assembly reference?)
C:\gh\azure-sdk-for-net\sdk\batch\Microsoft.Azure.Batch.FileStaging\tests\FileStagingIntegrationTests.cs(30,11): error CS0246: The type or namespace name 'Xunit' could not be found (are you missing a using directive or an assembly reference?)
C:\gh\azure-sdk-for-net\sdk\batch\Microsoft.Azure.Batch.FileStaging\tests\FileStagingIntegrationTests.cs(31,11): error CS0246: The type or namespace name 'Xunit' could not be found (are you missing a using directive or an assembly reference?)
C:\gh\azure-sdk-for-net\sdk\batch\Microsoft.Azure.Batch.FileStaging\tests\FileStagingUnitTests.cs(19,11): error CS0246: The type or namespace name 'Xunit' could not be found (are you missing a using directive or an assembly reference?)
C:\gh\azure-sdk-for-net\sdk\batch\Microsoft.Azure.Batch.FileStaging\tests\Infrastructure\LiveTestAttribute.cs(7,11): error CS0246: The type or namespace name 'Xunit' could not be found (are you missing a using directive or an assembly reference?)
C:\gh\azure-sdk-for-net\sdk\batch\Microsoft.Azure.Batch.FileStaging\tests\Fixtures\PaasWindowsPoolFixture.cs(20,11): error CS0246: The type or namespace name 'Xunit' could not be found (are you missing a using directive or an assembly reference?)
C:\gh\azure-sdk-for-net\sdk\batch\Microsoft.Azure.Batch.FileStaging\tests\Fixtures\PoolFixture.cs(22,33): error CS0234: The type or namespace name 'Common' does not exist in the namespace 'Microsoft.Azure.Batch' (are you missing an assembly reference?)
C:\gh\azure-sdk-for-net\sdk\batch\Microsoft.Azure.Batch.FileStaging\tests\Fixtures\PoolFixture.cs(24,11): error CS0246: The type or namespace name 'Xunit' could not be found (are you missing a using directive or an assembly reference?)
C:\gh\azure-sdk-for-net\sdk\batch\Microsoft.Azure.Batch.FileStaging\tests\Fixtures\PoolFixture.cs(25,11): error CS0246: The type or namespace name 'Xunit' could not be found (are you missing a using directive or an assembly reference?)
C:\gh\azure-sdk-for-net\sdk\batch\Microsoft.Azure.Batch.FileStaging\tests\FileStagingUnitTests.cs(23,10): error CS0246: The type or namespace name 'FactAttribute' could not be found (are you missing a using directive or an assembly reference?)
C:\gh\azure-sdk-for-net\sdk\batch\Microsoft.Azure.Batch.FileStaging\tests\FileStagingUnitTests.cs(23,10): error CS0246: The type or namespace name 'Fact' could not be found (are you missing a using directive or an assembly reference?)
C:\gh\azure-sdk-for-net\sdk\batch\Microsoft.Azure.Batch.FileStaging\tests\IntegrationTestUtilities\TestUtilities.cs(21,33): error CS0234: The type or namespace name 'Auth' does not exist in the namespace 'Microsoft.Azure.Batch' (are you missing an assembly reference?)
C:\gh\azure-sdk-for-net\sdk\batch\Microsoft.Azure.Batch.FileStaging\tests\IntegrationTestUtilities\TestUtilities.cs(22,33): error CS0234: The type or namespace name 'Common' does not exist in the namespace 'Microsoft.Azure.Batch' (are you missing an assembly reference?)
C:\gh\azure-sdk-for-net\sdk\batch\Microsoft.Azure.Batch.FileStaging\tests\Fixtures\PaasWindowsPoolFixture.cs(64,6): error CS0246: The type or namespace name 'CollectionDefinitionAttribute' could not be found (are you missing a using directive or an assembly reference?)
C:\gh\azure-sdk-for-net\sdk\batch\Microsoft.Azure.Batch.FileStaging\tests\Fixtures\PaasWindowsPoolFixture.cs(64,6): error CS0246: The type or namespace name 'CollectionDefinition' could not be found (are you missing a using directive or an assembly reference?)
C:\gh\azure-sdk-for-net\sdk\batch\Microsoft.Azure.Batch.FileStaging\tests\FileStagingUnitTests.cs(29,10): error CS0246: The type or namespace name 'FactAttribute' could not be found (are you missing a using directive or an assembly reference?)
C:\gh\azure-sdk-for-net\sdk\batch\Microsoft.Azure.Batch.FileStaging\tests\FileStagingUnitTests.cs(29,10): error CS0246: The type or namespace name 'Fact' could not be found (are you missing a using directive or an assembly reference?)
C:\gh\azure-sdk-for-net\sdk\batch\Microsoft.Azure.Batch.FileStaging\tests\FileStagingUnitTests.cs(35,10): error CS0246: The type or namespace name 'FactAttribute' could not be found (are you missing a using directive or an assembly reference?)
C:\gh\azure-sdk-for-net\sdk\batch\Microsoft.Azure.Batch.FileStaging\tests\FileStagingUnitTests.cs(35,10): error CS0246: The type or namespace name 'Fact' could not be found (are you missing a using directive or an assembly reference?)
C:\gh\azure-sdk-for-net\sdk\batch\Microsoft.Azure.Batch.FileStaging\tests\FileStagingUnitTests.cs(41,10): error CS0246: The type or namespace name 'FactAttribute' could not be found (are you missing a using directive or an assembly reference?)
C:\gh\azure-sdk-for-net\sdk\batch\Microsoft.Azure.Batch.FileStaging\tests\FileStagingUnitTests.cs(41,10): error CS0246: The type or namespace name 'Fact' could not be found (are you missing a using directive or an assembly reference?)
C:\gh\azure-sdk-for-net\sdk\batch\Microsoft.Azure.Batch.FileStaging\tests\FileStagingIntegrationTests.cs(48,10): error CS0246: The type or namespace name 'FactAttribute' could not be found (are you missing a using directive or an assembly reference?)
C:\gh\azure-sdk-for-net\sdk\batch\Microsoft.Azure.Batch.FileStaging\tests\FileStagingIntegrationTests.cs(48,10): error CS0246: The type or namespace name 'Fact' could not be found (are you missing a using directive or an assembly reference?)
C:\gh\azure-sdk-for-net\sdk\batch\Microsoft.Azure.Batch.FileStaging\tests\Fixtures\PoolFixture.cs(32,16): error CS0246: The type or namespace name 'CloudPool' could not be found (are you missing a using directive or an assembly reference?)
C:\gh\azure-sdk-for-net\sdk\batch\Microsoft.Azure.Batch.FileStaging\tests\IntegrationTestUtilities\TestUtilities.cs(31,24): error CS0246: The type or namespace name 'BatchSharedKeyCredentials' could not be found (are you missing a using directive or an assembly reference?)
C:\gh\azure-sdk-for-net\sdk\batch\Microsoft.Azure.Batch.FileStaging\tests\FileStagingUnitTests.cs(26,13): error CS0103: The name 'Assert' does not exist in the current context
C:\gh\azure-sdk-for-net\sdk\batch\Microsoft.Azure.Batch.FileStaging\tests\IntegrationTestUtilities\TestUtilities.cs(39,13): error CS0246: The type or namespace name 'BatchClient' could not be found (are you missing a using directive or an assembly reference?)
C:\gh\azure-sdk-for-net\sdk\batch\Microsoft.Azure.Batch.FileStaging\tests\IntegrationTestUtilities\TestUtilities.cs(39,34): error CS0103: The name 'BatchClient' does not exist in the current context
C:\gh\azure-sdk-for-net\sdk\batch\Microsoft.Azure.Batch.FileStaging\tests\IntegrationTestUtilities\TestUtilities.cs(51,44): error CS0103: The name 'RetryPolicyProvider' does not exist in the current context
C:\gh\azure-sdk-for-net\sdk\batch\Microsoft.Azure.Batch.FileStaging\tests\FileStagingUnitTests.cs(32,13): error CS0103: The name 'Assert' does not exist in the current context
C:\gh\azure-sdk-for-net\sdk\batch\Microsoft.Azure.Batch.FileStaging\tests\FileStagingUnitTests.cs(38,13): error CS0103: The name 'Assert' does not exist in the current context
C:\gh\azure-sdk-for-net\sdk\batch\Microsoft.Azure.Batch.FileStaging\tests\IntegrationTestUtilities\TestUtilities.cs(59,13): error CS0246: The type or namespace name 'BatchClient' could not be found (are you missing a using directive or an assembly reference?)
C:\gh\azure-sdk-for-net\sdk\batch\Microsoft.Azure.Batch.FileStaging\tests\Fixtures\PoolFixture.cs(62,18): error CS0246: The type or namespace name 'CloudPool' could not be found (are you missing a using directive or an assembly reference?)
C:\gh\azure-sdk-for-net\sdk\batch\Microsoft.Azure.Batch.FileStaging\tests\Fixtures\PoolFixture.cs(62,46): error CS0246: The type or namespace name 'CloudPool' could not be found (are you missing a using directive or an assembly reference?)
C:\gh\azure-sdk-for-net\sdk\batch\Microsoft.Azure.Batch.FileStaging\tests\Fixtures\PoolFixture.cs(64,22): error CS0246: The type or namespace name 'CloudPool' could not be found (are you missing a using directive or an assembly reference?)
C:\gh\azure-sdk-for-net\sdk\batch\Microsoft.Azure.Batch.FileStaging\tests\FileStagingUnitTests.cs(46,13): error CS0103: The name 'Assert' does not exist in the current context
C:\gh\azure-sdk-for-net\sdk\batch\Microsoft.Azure.Batch.FileStaging\tests\Fixtures\PaasWindowsPoolFixture.cs(32,13): error CS0246: The type or namespace name 'CloudPool' could not be found (are you missing a using directive or an assembly reference?)
C:\gh\azure-sdk-for-net\sdk\batch\Microsoft.Azure.Batch.FileStaging\tests\Fixtures\PaasWindowsPoolFixture.cs(37,17): error CS0246: The type or namespace name 'CloudServiceConfiguration' could not be found (are you missing a using directive or an assembly reference?)
C:\gh\azure-sdk-for-net\sdk\batch\Microsoft.Azure.Batch.FileStaging\tests\Fixtures\PaasWindowsPoolFixture.cs(37,67): error CS0246: The type or namespace name 'CloudServiceConfiguration' could not be found (are you missing a using directive or an assembly reference?)
C:\gh\azure-sdk-for-net\sdk\batch\Microsoft.Azure.Batch.FileStaging\tests\Fixtures\PaasWindowsPoolFixture.cs(45,17): error CS0246: The type or namespace name 'StartTask' could not be found (are you missing a using directive or an assembly reference?)
C:\gh\azure-sdk-for-net\sdk\batch\Microsoft.Azure.Batch.FileStaging\tests\Fixtures\PaasWindowsPoolFixture.cs(45,36): error CS0246: The type or namespace name 'StartTask' could not be found (are you missing a using directive or an assembly reference?)
C:\gh\azure-sdk-for-net\sdk\batch\Microsoft.Azure.Batch.FileStaging\tests\Fixtures\PaasWindowsPoolFixture.cs(48,51): error CS0246: The type or namespace name 'EnvironmentSetting' could not be found (are you missing a using directive or an assembly reference?)
C:\gh\azure-sdk-for-net\sdk\batch\Microsoft.Azure.Batch.FileStaging\tests\Fixtures\PaasWindowsPoolFixture.cs(50,29): error CS0246: The type or namespace name 'EnvironmentSetting' could not be found (are you missing a using directive or an assembly reference?)
C:\gh\azure-sdk-for-net\sdk\batch\Microsoft.Azure.Batch.FileStaging\tests\IntegrationTestUtilities\TestUtilities.cs(95,20): error CS0246: The type or namespace name 'BatchException' could not be found (are you missing a using directive or an assembly reference?)
C:\gh\azure-sdk-for-net\sdk\batch\Microsoft.Azure.Batch.FileStaging\tests\IntegrationTestUtilities\TestUtilities.cs(110,20): error CS0246: The type or namespace name 'BatchException' could not be found (are you missing a using directive or an assembly reference?)
C:\gh\azure-sdk-for-net\sdk\batch\Microsoft.Azure.Batch.FileStaging\tests\IntegrationTestUtilities\TestUtilities.cs(125,20): error CS0246: The type or namespace name 'BatchException' could not be found (are you missing a using directive or an assembly reference?)
C:\gh\azure-sdk-for-net\sdk\batch\Microsoft.Azure.Batch.FileStaging\tests\IntegrationTestUtilities\TestUtilities.cs(140,20): error CS0246: The type or namespace name 'BatchException' could not be found (are you missing a using directive or an assembly reference?)
C:\gh\azure-sdk-for-net\sdk\batch\Microsoft.Azure.Batch.FileStaging\tests\IntegrationTestUtilities\TestUtilities.cs(155,13): error CS0246: The type or namespace name 'CloudPool' could not be found (are you missing a using directive or an assembly reference?)
C:\gh\azure-sdk-for-net\sdk\batch\Microsoft.Azure.Batch.FileStaging\tests\Fixtures\PoolFixture.cs(77,13): error CS0246: The type or namespace name 'CloudPool' could not be found (are you missing a using directive or an assembly reference?)
C:\gh\azure-sdk-for-net\sdk\batch\Microsoft.Azure.Batch.FileStaging\tests\Fixtures\PoolFixture.cs(82,72): error CS0103: The name 'AllocationState' does not exist in the current context
C:\gh\azure-sdk-for-net\sdk\batch\Microsoft.Azure.Batch.FileStaging\tests\Fixtures\PoolFixture.cs(90,25): error CS0246: The type or namespace name 'ComputeNode' could not be found (are you missing a using directive or an assembly reference?)
C:\gh\azure-sdk-for-net\sdk\batch\Microsoft.Azure.Batch.FileStaging\tests\Fixtures\PoolFixture.cs(92,73): error CS0103: The name 'ComputeNodeState' does not exist in the current context
C:\gh\azure-sdk-for-net\sdk\batch\Microsoft.Azure.Batch.FileStaging\tests\FileStagingIntegrationTests.cs(53,20): error CS0246: The type or namespace name 'BatchClient' could not be found (are you missing a using directive or an assembly reference?)
C:\gh\azure-sdk-for-net\sdk\batch\Microsoft.Azure.Batch.FileStaging\tests\FileStagingIntegrationTests.cs(59,21): error CS0246: The type or namespace name 'CloudJob' could not be found (are you missing a using directive or an assembly reference?)
C:\gh\azure-sdk-for-net\sdk\batch\Microsoft.Azure.Batch.FileStaging\tests\FileStagingIntegrationTests.cs(59,80): error CS0246: The type or namespace name 'PoolInformation' could not be found (are you missing a using directive or an assembly reference?)
C:\gh\azure-sdk-for-net\sdk\batch\Microsoft.Azure.Batch.FileStaging\tests\FileStagingIntegrationTests.cs(61,21): error CS0246: The type or namespace name 'CloudJob' could not be found (are you missing a using directive or an assembly reference?)
C:\gh\azure-sdk-for-net\sdk\batch\Microsoft.Azure.Batch.FileStaging\tests\FileStagingIntegrationTests.cs(63,21): error CS0246: The type or namespace name 'CloudTask' could not be found (are you missing a using directive or an assembly reference?)
C:\gh\azure-sdk-for-net\sdk\batch\Microsoft.Azure.Batch.FileStaging\tests\FileStagingIntegrationTests.cs(63,44): error CS0246: The type or namespace name 'CloudTask' could not be found (are you missing a using directive or an assembly reference?)
C:\gh\azure-sdk-for-net\sdk\batch\Microsoft.Azure.Batch.FileStaging\tests\FileStagingIntegrationTests.cs(65,52): error CS0246: The type or namespace name 'IFileStagingProvider' could not be found (are you missing a using directive or an assembly reference?)
C:\gh\azure-sdk-for-net\sdk\batch\Microsoft.Azure.Batch.FileStaging\tests\FileStagingIntegrationTests.cs(67,29): error CS0246: The type or namespace name 'IFileStagingProvider' could not be found (are you missing a using directive or an assembly reference?)
C:\gh\azure-sdk-for-net\sdk\batch\Microsoft.Azure.Batch.FileStaging\tests\FileStagingIntegrationTests.cs(67,29): error CS1950: The best overloaded Add method 'List<IFileStagingProvider>.Add(IFileStagingProvider)' for the collection initializer has some invalid arguments
C:\gh\azure-sdk-for-net\sdk\batch\Microsoft.Azure.Batch.FileStaging\tests\FileStagingIntegrationTests.cs(67,29): error CS1503: Argument 1: cannot convert from 'Microsoft.Azure.Batch.FileStaging.FileToStage' to 'IFileStagingProvider'
C:\gh\azure-sdk-for-net\sdk\batch\Microsoft.Azure.Batch.FileStaging\tests\FileStagingIntegrationTests.cs(75,21): error CS0122: 'Assert' is inaccessible due to its protection level
C:\gh\azure-sdk-for-net\sdk\batch\Microsoft.Azure.Batch.FileStaging\tests\FileStagingIntegrationTests.cs(78,21): error CS0246: The type or namespace name 'CloudPool' could not be found (are you missing a using directive or an assembly reference?)
C:\gh\azure-sdk-for-net\sdk\batch\Microsoft.Azure.Batch.FileStaging\tests\FileStagingIntegrationTests.cs(81,21): error CS0246: The type or namespace name 'TaskStateMonitor' could not be found (are you missing a using directive or an assembly reference?)
C:\gh\azure-sdk-for-net\sdk\batch\Microsoft.Azure.Batch.FileStaging\tests\FileStagingIntegrationTests.cs(85,25): error CS0234: The type or namespace name 'Common' does not exist in the namespace 'Microsoft.Azure.Batch' (are you missing an assembly reference?)
C:\gh\azure-sdk-for-net\sdk\batch\Microsoft.Azure.Batch.FileStaging\tests\FileStagingIntegrationTests.cs(91,59): error CS0234: The type or namespace name 'Protocol' does not exist in the namespace 'Microsoft.Azure.Batch' (are you missing an assembly reference?)
C:\gh\azure-sdk-for-net\sdk\batch\Microsoft.Azure.Batch.FileStaging\tests\FileStagingIntegrationTests.cs(116,26): error CS0246: The type or namespace name 'CloudTask' could not be found (are you missing a using directive or an assembly reference?)
C:\gh\azure-sdk-for-net\sdk\batch\Microsoft.Azure.Batch.FileStaging\tests\FileStagingIntegrationTests.cs(117,21): error CS0246: The type or namespace name 'CloudTask' could not be found (are you missing a using directive or an assembly reference?)
C:\gh\azure-sdk-for-net\sdk\batch\Microsoft.Azure.Batch.FileStaging\tests\FileStagingIntegrationTests.cs(119,30): error CS0246: The type or namespace name 'CloudTask' could not be found (are you missing a using directive or an assembly reference?)
C:\gh\azure-sdk-for-net\sdk\batch\Microsoft.Azure.Batch.FileStaging\tests\FileStagingIntegrationTests.cs(139,30): error CS0246: The type or namespace name 'NodeFile' could not be found (are you missing a using directive or an assembly reference?)
C:\gh\azure-sdk-for-net\sdk\batch\Microsoft.Azure.Batch.FileStaging\tests\FileStagingIntegrationTests.cs(147,21): error CS0122: 'Assert' is inaccessible due to its protection level
C:\gh\azure-sdk-for-net\sdk\batch\Microsoft.Azure.Batch.FileStaging\tests\FileStagingIntegrationTests.cs(166,54): error CS0246: The type or namespace name 'IFileStagingArtifact' could not be found (are you missing a using directive or an assembly reference?)
C:\gh\azure-sdk-for-net\sdk\batch\Microsoft.Azure.Batch.FileStaging\tests\FileStagingIntegrationTests.cs(166,134): error CS0246: The type or namespace name 'IFileStagingArtifact' could not be found (are you missing a using directive or an assembly reference?)
C:\gh\azure-sdk-for-net\sdk\batch\Microsoft.Azure.Batch.FileStaging\tests\FileStagingIntegrationTests.cs(182,24): error CS0246: The type or namespace name 'BatchClient' could not be found (are you missing a using directive or an assembly reference?)
C:\gh\azure-sdk-for-net\sdk\batch\Microsoft.Azure.Batch.FileStaging\tests\FileStagingIntegrationTests.cs(188,46): error CS0246: The type or namespace name 'BatchClientParallelOptions' could not be found (are you missing a using directive or an assembly reference?)
C:\gh\azure-sdk-for-net\sdk\batch\Microsoft.Azure.Batch.FileStaging\tests\FileStagingIntegrationTests.cs(209,21): error CS0122: 'Assert' is inaccessible due to its protection level
C:\gh\azure-sdk-for-net\sdk\batch\Microsoft.Azure.Batch.FileStaging\tests\FileStagingIntegrationTests.cs(210,21): error CS0122: 'Assert' is inaccessible due to its protection level
C:\gh\azure-sdk-for-net\sdk\batch\Microsoft.Azure.Batch.FileStaging\tests\FileStagingIntegrationTests.cs(224,13): error CS0122: 'Assert' is inaccessible due to its protection level
C:\gh\azure-sdk-for-net\sdk\batch\Microsoft.Azure.Batch.FileStaging\tests\FileStagingIntegrationTests.cs(226,22): error CS0246: The type or namespace name 'CloudTask' could not be found (are you missing a using directive or an assembly reference?)
C:\gh\azure-sdk-for-net\sdk\batch\Microsoft.Azure.Batch.FileStaging\tests\FileStagingIntegrationTests.cs(228,17): error CS0246: The type or namespace name 'CloudTask' could not be found (are you missing a using directive or an assembly reference?)
C:\gh\azure-sdk-for-net\sdk\batch\Microsoft.Azure.Batch.FileStaging\tests\FileStagingIntegrationTests.cs(230,17): error CS0122: 'Assert' is inaccessible due to its protection level
C:\gh\azure-sdk-for-net\sdk\batch\Microsoft.Azure.Batch.FileStaging\tests\FileStagingIntegrationTests.cs(232,29): error CS0246: The type or namespace name 'ResourceFile' could not be found (are you missing a using directive or an assembly reference?)
C:\gh\azure-sdk-for-net\sdk\batch\Microsoft.Azure.Batch.FileStaging\tests\FileStagingIntegrationTests.cs(233,29): error CS0246: The type or namespace name 'ResourceFile' could not be found (are you missing a using directive or an assembly reference?)
C:\gh\azure-sdk-for-net\sdk\batch\Microsoft.Azure.Batch.FileStaging\tests\FileStagingIntegrationTests.cs(236,21): error CS0122: 'Assert' is inaccessible due to its protection level
C:\gh\azure-sdk-for-net\sdk\batch\Microsoft.Azure.Batch.FileStaging\tests\FileStagingIntegrationTests.cs(273,13): error CS0246: The type or namespace name 'JobOperations' could not be found (are you missing a using directive or an assembly reference?)
C:\gh\azure-sdk-for-net\sdk\batch\Microsoft.Azure.Batch.FileStaging\tests\FileStagingIntegrationTests.cs(279,17): error CS0246: The type or namespace name 'CloudJob' could not be found (are you missing a using directive or an assembly reference?)
C:\gh\azure-sdk-for-net\sdk\batch\Microsoft.Azure.Batch.FileStaging\tests\FileStagingIntegrationTests.cs(282,50): error CS0246: The type or namespace name 'PoolInformation' could not be found (are you missing a using directive or an assembly reference?)
C:\gh\azure-sdk-for-net\sdk\batch\Microsoft.Azure.Batch.FileStaging\tests\FileStagingIntegrationTests.cs(289,17): error CS0246: The type or namespace name 'CloudJob' could not be found (are you missing a using directive or an assembly reference?)
C:\gh\azure-sdk-for-net\sdk\batch\Microsoft.Azure.Batch.FileStaging\tests\FileStagingIntegrationTests.cs(295,22): error CS0246: The type or namespace name 'CloudTask' could not be found (are you missing a using directive or an assembly reference?)
C:\gh\azure-sdk-for-net\sdk\batch\Microsoft.Azure.Batch.FileStaging\tests\FileStagingIntegrationTests.cs(295,55): error CS0246: The type or namespace name 'CloudTask' could not be found (are you missing a using directive or an assembly reference?)
C:\gh\azure-sdk-for-net\sdk\batch\Microsoft.Azure.Batch.FileStaging\tests\FileStagingIntegrationTests.cs(296,22): error CS0246: The type or namespace name 'CloudTask' could not be found (are you missing a using directive or an assembly reference?)
C:\gh\azure-sdk-for-net\sdk\batch\Microsoft.Azure.Batch.FileStaging\tests\FileStagingIntegrationTests.cs(296,64): error CS0246: The type or namespace name 'CloudTask' could not be found (are you missing a using directive or an assembly reference?)
C:\gh\azure-sdk-for-net\sdk\batch\Microsoft.Azure.Batch.FileStaging\tests\FileStagingIntegrationTests.cs(297,23): error CS0246: The type or namespace name 'IFileStagingProvider' could not be found (are you missing a using directive or an assembly reference?)
C:\gh\azure-sdk-for-net\sdk\batch\Microsoft.Azure.Batch.FileStaging\tests\FileStagingIntegrationTests.cs(300,21): error CS0246: The type or namespace name 'CloudTask' could not be found (are you missing a using directive or an assembly reference?)
C:\gh\azure-sdk-for-net\sdk\batch\Microsoft.Azure.Batch.FileStaging\tests\FileStagingIntegrationTests.cs(300,44): error CS0246: The type or namespace name 'CloudTask' could not be found (are you missing a using directive or an assembly reference?)
C:\gh\azure-sdk-for-net\sdk\batch\Microsoft.Azure.Batch.FileStaging\tests\FileStagingIntegrationTests.cs(301,21): error CS0246: The type or namespace name 'CloudTask' could not be found (are you missing a using directive or an assembly reference?)
C:\gh\azure-sdk-for-net\sdk\batch\Microsoft.Azure.Batch.FileStaging\tests\FileStagingIntegrationTests.cs(301,59): error CS0246: The type or namespace name 'CloudTask' could not be found (are you missing a using directive or an assembly reference?)
C:\gh\azure-sdk-for-net\sdk\batch\Microsoft.Azure.Batch.FileStaging\tests\FileStagingIntegrationTests.cs(305,56): error CS0246: The type or namespace name 'IFileStagingProvider' could not be found (are you missing a using directive or an assembly reference?)
C:\gh\azure-sdk-for-net\sdk\batch\Microsoft.Azure.Batch.FileStaging\tests\FileStagingIntegrationTests.cs(309,71): error CS0246: The type or namespace name 'IFileStagingProvider' could not be found (are you missing a using directive or an assembly reference?)
C:\gh\azure-sdk-for-net\sdk\batch\Microsoft.Azure.Batch.FileStaging\tests\FileStagingIntegrationTests.cs(321,22): error CS0246: The type or namespace name 'BatchClientBehavior' could not be found (are you missing a using directive or an assembly reference?)
C:\gh\azure-sdk-for-net\sdk\batch\Microsoft.Azure.Batch.FileStaging\tests\FileStagingIntegrationTests.cs(321,64): error CS0246: The type or namespace name 'BatchClientBehavior' could not be found (are you missing a using directive or an assembly reference?)
C:\gh\azure-sdk-for-net\sdk\batch\Microsoft.Azure.Batch.FileStaging\tests\FileStagingIntegrationTests.cs(324,39): error CS0246: The type or namespace name 'AddTaskCollectionResultHandler' could not be found (are you missing a using directive or an assembly reference?)
C:\gh\azure-sdk-for-net\sdk\batch\Microsoft.Azure.Batch.FileStaging\tests\FileStagingIntegrationTests.cs(357,21): error CS0122: 'Assert' is inaccessible due to its protection level
C:\gh\azure-sdk-for-net\sdk\batch\Microsoft.Azure.Batch.FileStaging\tests\FileStagingIntegrationTests.cs(361,22): error CS0246: The type or namespace name 'CloudTask' could not be found (are you missing a using directive or an assembly reference?)
C:\gh\azure-sdk-for-net\artifacts\obj\Microsoft.Azure.Batch.FileStaging.Tests\Debug\net461\Microsoft.Azure.Batch.FileStaging.Tests.AssemblyInfo.cs(12,1): hidden CS8019: Unnecessary using directive.
C:\gh\azure-sdk-for-net\sdk\batch\Microsoft.Azure.Batch.FileStaging\tests\Fixtures\PoolFixture.cs(22,5): hidden CS8019: Unnecessary using directive.
C:\gh\azure-sdk-for-net\sdk\batch\Microsoft.Azure.Batch.FileStaging\tests\Fixtures\PoolFixture.cs(21,5): hidden CS8019: Unnecessary using directive.
C:\gh\azure-sdk-for-net\sdk\batch\Microsoft.Azure.Batch.FileStaging\tests\Infrastructure\LiveTestAttribute.cs(7,5): hidden CS8019: Unnecessary using directive.
C:\gh\azure-sdk-for-net\sdk\batch\Microsoft.Azure.Batch.FileStaging\tests\TestResources\Resources.cs(18,5): hidden CS8019: Unnecessary using directive.
C:\gh\azure-sdk-for-net\sdk\batch\Microsoft.Azure.Batch.FileStaging\tests\TestResources\Resources.cs(17,5): hidden CS8019: Unnecessary using directive.
C:\gh\azure-sdk-for-net\sdk\batch\Microsoft.Azure.Batch.FileStaging\tests\TestResources\Resources.cs(19,5): hidden CS8019: Unnecessary using directive.
C:\gh\azure-sdk-for-net\sdk\batch\Microsoft.Azure.Batch.FileStaging\tests\Fixtures\PoolFixture.cs(25,5): hidden CS8019: Unnecessary using directive.
C:\gh\azure-sdk-for-net\sdk\batch\Microsoft.Azure.Batch.FileStaging\tests\TestResources\Resources.cs(20,5): hidden CS8019: Unnecessary using directive.
C:\gh\azure-sdk-for-net\sdk\batch\Microsoft.Azure.Batch.FileStaging\tests\Fixtures\PaasWindowsPoolFixture.cs(20,5): hidden CS8019: Unnecessary using directive.
C:\gh\azure-sdk-for-net\sdk\batch\Microsoft.Azure.Batch.FileStaging\tests\IntegrationTestUtilities\TestUtilities.cs(21,5): hidden CS8019: Unnecessary using directive.
C:\gh\azure-sdk-for-net\eng\mgmt\DisableTestRunParallel.cs(5,1): hidden CS8019: Unnecessary using directive.
C:\gh\azure-sdk-for-net\eng\mgmt\DisableTestRunParallel.cs(4,1): hidden CS8019: Unnecessary using directive.
C:\gh\azure-sdk-for-net\sdk\batch\Microsoft.Azure.Batch.FileStaging\tests\Fixtures\PaasWindowsPoolFixture.cs(19,5): hidden CS8019: Unnecessary using directive.
C:\gh\azure-sdk-for-net\sdk\batch\Microsoft.Azure.Batch.FileStaging\tests\FileStagingIntegrationTests.cs(31,5): hidden CS8019: Unnecessary using directive.
C:\gh\azure-sdk-for-net\artifacts\obj\Microsoft.Azure.Batch.FileStaging.Tests\Debug\net461\Microsoft.Azure.Batch.FileStaging.Tests.AssemblyInfo.cs(11,1): hidden CS8019: Unnecessary using directive.
C:\gh\azure-sdk-for-net\sdk\batch\Microsoft.Azure.Batch.FileStaging\tests\TestResources\Resources.cs(21,5): hidden CS8019: Unnecessary using directive.
C:\gh\azure-sdk-for-net\sdk\batch\Microsoft.Azure.Batch.FileStaging\tests\IntegrationTestUtilities\TestUtilities.cs(20,5): hidden CS8019: Unnecessary using directive.
C:\gh\azure-sdk-for-net\artifacts\obj\Microsoft.Azure.Batch.FileStaging.Tests\Debug\net461\.NETFramework,Version=v4.6.1.AssemblyAttributes.cs(2,1): hidden CS8019: Unnecessary using directive.
C:\gh\azure-sdk-for-net\sdk\batch\Microsoft.Azure.Batch.FileStaging\tests\Fixtures\PoolFixture.cs(24,5): hidden CS8019: Unnecessary using directive.
C:\gh\azure-sdk-for-net\sdk\batch\Microsoft.Azure.Batch.FileStaging\tests\FileStagingIntegrationTests.cs(22,5): hidden CS8019: Unnecessary using directive.
C:\gh\azure-sdk-for-net\sdk\batch\Microsoft.Azure.Batch.FileStaging\tests\FileStagingUnitTests.cs(19,5): hidden CS8019: Unnecessary using directive.
C:\gh\azure-sdk-for-net\artifacts\obj\Microsoft.Azure.Batch.FileStaging.Tests\Debug\net461\.NETFramework,Version=v4.6.1.AssemblyAttributes.cs(3,1): hidden CS8019: Unnecessary using directive.
C:\gh\azure-sdk-for-net\sdk\batch\Microsoft.Azure.Batch.FileStaging\tests\IntegrationTestUtilities\TestUtilities.cs(22,5): hidden CS8019: Unnecessary using directive.
C:\gh\azure-sdk-for-net\sdk\batch\Microsoft.Azure.Batch.FileStaging\tests\FileStagingIntegrationTests.cs(30,5): hidden CS8019: Unnecessary using directive.
C:\gh\azure-sdk-for-net\sdk\batch\Microsoft.Azure.Batch.FileStaging\tests\FileStagingIntegrationTests.cs(26,5): hidden CS8019: Unnecessary using directive.
