C:\gh\azure-sdk-for-net\sdk\eventgrid\Microsoft.Azure.EventGrid\tests\TestHelper\EventGridManagementHelper.cs(82,58): error CS0246: The type or namespace name 'ResourceManagementClient' could not be found (are you missing a using directive or an assembly reference?)
C:\gh\azure-sdk-for-net\sdk\eventgrid\Microsoft.Azure.EventGrid\tests\Tests\ScenarioTests.cs(15,9): error CS0246: The type or namespace name 'EventGridManagementClient' could not be found (are you missing a using directive or an assembly reference?)
C:\gh\azure-sdk-for-net\sdk\eventgrid\Microsoft.Azure.EventGrid\tests\TestHelper\RecordedDelegatingHandler.cs(12,46): error CS0246: The type or namespace name 'DelegatingHandler' could not be found (are you missing a using directive or an assembly reference?)
C:\gh\azure-sdk-for-net\sdk\eventgrid\Microsoft.Azure.EventGrid\tests\Tests\ScenarioTests.cs(14,9): error CS0246: The type or namespace name 'ResourceManagementClient' could not be found (are you missing a using directive or an assembly reference?)
C:\gh\azure-sdk-for-net\sdk\eventgrid\Microsoft.Azure.EventGrid\tests\TestHelper\RecordedDelegatingHandler.cs(47,70): error CS0246: The type or namespace name 'HttpRequestMessage' could not be found (are you missing a using directive or an assembly reference?)
C:\gh\azure-sdk-for-net\sdk\eventgrid\Microsoft.Azure.EventGrid\tests\TestHelper\RecordedDelegatingHandler.cs(47,39): error CS0246: The type or namespace name 'HttpResponseMessage' could not be found (are you missing a using directive or an assembly reference?)
C:\gh\azure-sdk-for-net\sdk\eventgrid\Microsoft.Azure.EventGrid\tests\Tests\ScenarioTests.cs(20,42): error CS0246: The type or namespace name 'MockContext' could not be found (are you missing a using directive or an assembly reference?)
C:\gh\azure-sdk-for-net\sdk\eventgrid\Microsoft.Azure.EventGrid\tests\TestHelper\RecordedDelegatingHandler.cs(22,42): error CS0246: The type or namespace name 'HttpResponseMessage' could not be found (are you missing a using directive or an assembly reference?)
C:\gh\azure-sdk-for-net\sdk\eventgrid\Microsoft.Azure.EventGrid\tests\TestHelper\EventGridManagementHelper.cs(22,78): error CS0246: The type or namespace name 'MockContext' could not be found (are you missing a using directive or an assembly reference?)
C:\gh\azure-sdk-for-net\sdk\eventgrid\Microsoft.Azure.EventGrid\tests\TestHelper\EventGridManagementHelper.cs(22,23): error CS0246: The type or namespace name 'EventGridManagementClient' could not be found (are you missing a using directive or an assembly reference?)
C:\gh\azure-sdk-for-net\sdk\eventgrid\Microsoft.Azure.EventGrid\tests\TestHelper\EventGridManagementHelper.cs(52,76): error CS0246: The type or namespace name 'MockContext' could not be found (are you missing a using directive or an assembly reference?)
C:\gh\azure-sdk-for-net\sdk\eventgrid\Microsoft.Azure.EventGrid\tests\TestHelper\EventGridManagementHelper.cs(52,23): error CS0246: The type or namespace name 'ResourceManagementClient' could not be found (are you missing a using directive or an assembly reference?)
C:\gh\azure-sdk-for-net\sdk\eventgrid\Microsoft.Azure.EventGrid\tests\TestHelper\EventGridManagementHelper.cs(69,55): error CS0246: The type or namespace name 'ResourceManagementClient' could not be found (are you missing a using directive or an assembly reference?)
C:\gh\azure-sdk-for-net\sdk\eventgrid\Microsoft.Azure.EventGrid\tests\TestHelper\RecordedDelegatingHandler.cs(14,17): error CS0246: The type or namespace name 'HttpResponseMessage' could not be found (are you missing a using directive or an assembly reference?)
C:\gh\azure-sdk-for-net\sdk\eventgrid\Microsoft.Azure.EventGrid\tests\TestHelper\EventGridManagementHelper.cs(87,59): error CS0246: The type or namespace name 'ResourceManagementClient' could not be found (are you missing a using directive or an assembly reference?)
C:\gh\azure-sdk-for-net\sdk\eventgrid\Microsoft.Azure.EventGrid\tests\TestHelper\EventGridManagementHelper.cs(39,58): error CS0246: The type or namespace name 'MockContext' could not be found (are you missing a using directive or an assembly reference?)
C:\gh\azure-sdk-for-net\eng\mgmt\DisableTestRunParallel.cs(7,12): error CS0246: The type or namespace name 'CollectionBehaviorAttribute' could not be found (are you missing a using directive or an assembly reference?)
C:\gh\azure-sdk-for-net\eng\mgmt\DisableTestRunParallel.cs(7,12): error CS0246: The type or namespace name 'CollectionBehavior' could not be found (are you missing a using directive or an assembly reference?)
C:\gh\azure-sdk-for-net\eng\mgmt\DisableTestRunParallel.cs(7,31): error CS0246: The type or namespace name 'DisableTestParallelization' could not be found (are you missing a using directive or an assembly reference?)
C:\gh\azure-sdk-for-net\eng\mgmt\DisableTestRunParallel.cs(7,66): error CS0246: The type or namespace name 'MaxParallelThreads' could not be found (are you missing a using directive or an assembly reference?)
C:\gh\azure-sdk-for-net\sdk\eventgrid\Microsoft.Azure.EventGrid\tests\TestHelper\EventGridManagementHelper.cs(7,23): error CS0234: The type or namespace name 'Management' does not exist in the namespace 'Microsoft.Azure' (are you missing an assembly reference?)
C:\gh\azure-sdk-for-net\sdk\eventgrid\Microsoft.Azure.EventGrid\tests\TestHelper\EventGridManagementHelper.cs(8,23): error CS0234: The type or namespace name 'Management' does not exist in the namespace 'Microsoft.Azure' (are you missing an assembly reference?)
C:\gh\azure-sdk-for-net\sdk\eventgrid\Microsoft.Azure.EventGrid\tests\TestHelper\EventGridManagementHelper.cs(9,23): error CS0234: The type or namespace name 'Management' does not exist in the namespace 'Microsoft.Azure' (are you missing an assembly reference?)
C:\gh\azure-sdk-for-net\sdk\eventgrid\Microsoft.Azure.EventGrid\tests\TestHelper\EventGridManagementHelper.cs(10,17): error CS0234: The type or namespace name 'Rest' does not exist in the namespace 'Microsoft' (are you missing an assembly reference?)
C:\gh\azure-sdk-for-net\sdk\eventgrid\Microsoft.Azure.EventGrid\tests\TestHelper\RecordedDelegatingHandler.cs(6,18): error CS0234: The type or namespace name 'Http' does not exist in the namespace 'System.Net' (are you missing an assembly reference?)
C:\gh\azure-sdk-for-net\sdk\eventgrid\Microsoft.Azure.EventGrid\tests\TestHelper\RecordedDelegatingHandler.cs(7,18): error CS0234: The type or namespace name 'Http' does not exist in the namespace 'System.Net' (are you missing an assembly reference?)
C:\gh\azure-sdk-for-net\sdk\eventgrid\Microsoft.Azure.EventGrid\tests\Tests\ConsumeEventTests.cs(5,17): error CS0234: The type or namespace name 'Rest' does not exist in the namespace 'Microsoft' (are you missing an assembly reference?)
C:\gh\azure-sdk-for-net\sdk\eventgrid\Microsoft.Azure.EventGrid\tests\Tests\ConsumeEventTests.cs(6,7): error CS0246: The type or namespace name 'Newtonsoft' could not be found (are you missing a using directive or an assembly reference?)
C:\gh\azure-sdk-for-net\sdk\eventgrid\Microsoft.Azure.EventGrid\tests\Tests\ConsumeEventTests.cs(7,7): error CS0246: The type or namespace name 'Newtonsoft' could not be found (are you missing a using directive or an assembly reference?)
C:\gh\azure-sdk-for-net\sdk\eventgrid\Microsoft.Azure.EventGrid\tests\Tests\ConsumeEventTests.cs(12,7): error CS0246: The type or namespace name 'Xunit' could not be found (are you missing a using directive or an assembly reference?)
C:\gh\azure-sdk-for-net\sdk\eventgrid\Microsoft.Azure.EventGrid\tests\Tests\ContosoItemReceivedEventData.cs(4,7): error CS0246: The type or namespace name 'Newtonsoft' could not be found (are you missing a using directive or an assembly reference?)
C:\gh\azure-sdk-for-net\sdk\eventgrid\Microsoft.Azure.EventGrid\tests\Tests\ContosoItemSentEventData.cs(4,7): error CS0246: The type or namespace name 'Newtonsoft' could not be found (are you missing a using directive or an assembly reference?)
C:\gh\azure-sdk-for-net\sdk\eventgrid\Microsoft.Azure.EventGrid\tests\Tests\ScenarioTests.cs(5,23): error CS0234: The type or namespace name 'Management' does not exist in the namespace 'Microsoft.Azure' (are you missing an assembly reference?)
C:\gh\azure-sdk-for-net\sdk\eventgrid\Microsoft.Azure.EventGrid\tests\Tests\ScenarioTests.cs(6,23): error CS0234: The type or namespace name 'Management' does not exist in the namespace 'Microsoft.Azure' (are you missing an assembly reference?)
C:\gh\azure-sdk-for-net\sdk\eventgrid\Microsoft.Azure.EventGrid\tests\Tests\ScenarioTests.cs(7,17): error CS0234: The type or namespace name 'Rest' does not exist in the namespace 'Microsoft' (are you missing an assembly reference?)
C:\gh\azure-sdk-for-net\sdk\eventgrid\Microsoft.Azure.EventGrid\tests\Tests\ScenarioTests.PublishEvents.cs(7,23): error CS0234: The type or namespace name 'Management' does not exist in the namespace 'Microsoft.Azure' (are you missing an assembly reference?)
C:\gh\azure-sdk-for-net\sdk\eventgrid\Microsoft.Azure.EventGrid\tests\Tests\ScenarioTests.PublishEvents.cs(9,17): error CS0234: The type or namespace name 'Rest' does not exist in the namespace 'Microsoft' (are you missing an assembly reference?)
C:\gh\azure-sdk-for-net\sdk\eventgrid\Microsoft.Azure.EventGrid\tests\Tests\ScenarioTests.PublishEvents.cs(12,23): error CS0234: The type or namespace name 'Management' does not exist in the namespace 'Microsoft.Azure' (are you missing an assembly reference?)
C:\gh\azure-sdk-for-net\sdk\eventgrid\Microsoft.Azure.EventGrid\tests\Tests\ScenarioTests.PublishEvents.cs(13,23): error CS0234: The type or namespace name 'Test' does not exist in the namespace 'Microsoft.Azure' (are you missing an assembly reference?)
C:\gh\azure-sdk-for-net\sdk\eventgrid\Microsoft.Azure.EventGrid\tests\Tests\ScenarioTests.PublishEvents.cs(14,7): error CS0246: The type or namespace name 'Xunit' could not be found (are you missing a using directive or an assembly reference?)
C:\gh\azure-sdk-for-net\eng\mgmt\DisableTestRunParallel.cs(5,7): error CS0246: The type or namespace name 'Xunit' could not be found (are you missing a using directive or an assembly reference?)
C:\gh\azure-sdk-for-net\sdk\eventgrid\Microsoft.Azure.EventGrid\tests\Tests\ContosoItemSentEventData.cs(23,6): error CS0246: The type or namespace name 'JsonObjectAttribute' could not be found (are you missing a using directive or an assembly reference?)
C:\gh\azure-sdk-for-net\sdk\eventgrid\Microsoft.Azure.EventGrid\tests\Tests\ContosoItemSentEventData.cs(23,6): error CS0246: The type or namespace name 'JsonObject' could not be found (are you missing a using directive or an assembly reference?)
C:\gh\azure-sdk-for-net\sdk\eventgrid\Microsoft.Azure.EventGrid\tests\Tests\ContosoItemSentEventData.cs(30,6): error CS0246: The type or namespace name 'JsonObjectAttribute' could not be found (are you missing a using directive or an assembly reference?)
C:\gh\azure-sdk-for-net\sdk\eventgrid\Microsoft.Azure.EventGrid\tests\Tests\ContosoItemSentEventData.cs(30,6): error CS0246: The type or namespace name 'JsonObject' could not be found (are you missing a using directive or an assembly reference?)
C:\gh\azure-sdk-for-net\sdk\eventgrid\Microsoft.Azure.EventGrid\tests\Tests\ScenarioTests.cs(35,16): error CS0246: The type or namespace name 'ResourceManagementClient' could not be found (are you missing a using directive or an assembly reference?)
C:\gh\azure-sdk-for-net\sdk\eventgrid\Microsoft.Azure.EventGrid\tests\Tests\ScenarioTests.cs(43,16): error CS0246: The type or namespace name 'EventGridManagementClient' could not be found (are you missing a using directive or an assembly reference?)
C:\gh\azure-sdk-for-net\sdk\eventgrid\Microsoft.Azure.EventGrid\tests\Tests\ContosoItemSentEventData.cs(26,10): error CS0246: The type or namespace name 'JsonPropertyAttribute' could not be found (are you missing a using directive or an assembly reference?)
C:\gh\azure-sdk-for-net\sdk\eventgrid\Microsoft.Azure.EventGrid\tests\Tests\ContosoItemSentEventData.cs(10,10): error CS0246: The type or namespace name 'JsonPropertyAttribute' could not be found (are you missing a using directive or an assembly reference?)
C:\gh\azure-sdk-for-net\sdk\eventgrid\Microsoft.Azure.EventGrid\tests\Tests\ContosoItemSentEventData.cs(26,10): error CS0246: The type or namespace name 'JsonProperty' could not be found (are you missing a using directive or an assembly reference?)
C:\gh\azure-sdk-for-net\sdk\eventgrid\Microsoft.Azure.EventGrid\tests\Tests\ContosoItemSentEventData.cs(10,10): error CS0246: The type or namespace name 'JsonProperty' could not be found (are you missing a using directive or an assembly reference?)
C:\gh\azure-sdk-for-net\sdk\eventgrid\Microsoft.Azure.EventGrid\tests\Tests\ContosoItemSentEventData.cs(26,23): error CS0246: The type or namespace name 'PropertyName' could not be found (are you missing a using directive or an assembly reference?)
C:\gh\azure-sdk-for-net\sdk\eventgrid\Microsoft.Azure.EventGrid\tests\Tests\ContosoItemSentEventData.cs(10,23): error CS0246: The type or namespace name 'PropertyName' could not be found (are you missing a using directive or an assembly reference?)
C:\gh\azure-sdk-for-net\sdk\eventgrid\Microsoft.Azure.EventGrid\tests\Tests\ContosoItemSentEventData.cs(16,10): error CS0246: The type or namespace name 'JsonPropertyAttribute' could not be found (are you missing a using directive or an assembly reference?)
C:\gh\azure-sdk-for-net\sdk\eventgrid\Microsoft.Azure.EventGrid\tests\Tests\ContosoItemSentEventData.cs(16,10): error CS0246: The type or namespace name 'JsonProperty' could not be found (are you missing a using directive or an assembly reference?)
C:\gh\azure-sdk-for-net\sdk\eventgrid\Microsoft.Azure.EventGrid\tests\Tests\ContosoItemSentEventData.cs(16,23): error CS0246: The type or namespace name 'PropertyName' could not be found (are you missing a using directive or an assembly reference?)
C:\gh\azure-sdk-for-net\sdk\eventgrid\Microsoft.Azure.EventGrid\tests\Tests\ContosoItemReceivedEventData.cs(10,10): error CS0246: The type or namespace name 'JsonPropertyAttribute' could not be found (are you missing a using directive or an assembly reference?)
C:\gh\azure-sdk-for-net\sdk\eventgrid\Microsoft.Azure.EventGrid\tests\Tests\ContosoItemReceivedEventData.cs(10,10): error CS0246: The type or namespace name 'JsonProperty' could not be found (are you missing a using directive or an assembly reference?)
C:\gh\azure-sdk-for-net\sdk\eventgrid\Microsoft.Azure.EventGrid\tests\Tests\ContosoItemReceivedEventData.cs(10,23): error CS0246: The type or namespace name 'PropertyName' could not be found (are you missing a using directive or an assembly reference?)
C:\gh\azure-sdk-for-net\sdk\eventgrid\Microsoft.Azure.EventGrid\tests\Tests\ScenarioTests.PublishEvents.cs(20,10): error CS0246: The type or namespace name 'FactAttribute' could not be found (are you missing a using directive or an assembly reference?)
C:\gh\azure-sdk-for-net\sdk\eventgrid\Microsoft.Azure.EventGrid\tests\Tests\ScenarioTests.PublishEvents.cs(20,10): error CS0246: The type or namespace name 'Fact' could not be found (are you missing a using directive or an assembly reference?)
C:\gh\azure-sdk-for-net\sdk\eventgrid\Microsoft.Azure.EventGrid\tests\Tests\ContosoItemSentEventData.cs(19,10): error CS0246: The type or namespace name 'JsonPropertyAttribute' could not be found (are you missing a using directive or an assembly reference?)
C:\gh\azure-sdk-for-net\sdk\eventgrid\Microsoft.Azure.EventGrid\tests\Tests\ContosoItemSentEventData.cs(19,10): error CS0246: The type or namespace name 'JsonProperty' could not be found (are you missing a using directive or an assembly reference?)
C:\gh\azure-sdk-for-net\sdk\eventgrid\Microsoft.Azure.EventGrid\tests\Tests\ContosoItemSentEventData.cs(19,23): error CS0246: The type or namespace name 'PropertyName' could not be found (are you missing a using directive or an assembly reference?)
C:\gh\azure-sdk-for-net\sdk\eventgrid\Microsoft.Azure.EventGrid\tests\Tests\ContosoItemReceivedEventData.cs(13,10): error CS0246: The type or namespace name 'JsonPropertyAttribute' could not be found (are you missing a using directive or an assembly reference?)
C:\gh\azure-sdk-for-net\sdk\eventgrid\Microsoft.Azure.EventGrid\tests\Tests\ContosoItemReceivedEventData.cs(13,10): error CS0246: The type or namespace name 'JsonProperty' could not be found (are you missing a using directive or an assembly reference?)
C:\gh\azure-sdk-for-net\sdk\eventgrid\Microsoft.Azure.EventGrid\tests\Tests\ContosoItemReceivedEventData.cs(13,23): error CS0246: The type or namespace name 'PropertyName' could not be found (are you missing a using directive or an assembly reference?)
C:\gh\azure-sdk-for-net\sdk\eventgrid\Microsoft.Azure.EventGrid\tests\Tests\ContosoItemSentEventData.cs(33,10): error CS0246: The type or namespace name 'JsonPropertyAttribute' could not be found (are you missing a using directive or an assembly reference?)
C:\gh\azure-sdk-for-net\sdk\eventgrid\Microsoft.Azure.EventGrid\tests\Tests\ContosoItemSentEventData.cs(33,10): error CS0246: The type or namespace name 'JsonProperty' could not be found (are you missing a using directive or an assembly reference?)
C:\gh\azure-sdk-for-net\sdk\eventgrid\Microsoft.Azure.EventGrid\tests\Tests\ContosoItemSentEventData.cs(33,23): error CS0246: The type or namespace name 'PropertyName' could not be found (are you missing a using directive or an assembly reference?)
C:\gh\azure-sdk-for-net\sdk\eventgrid\Microsoft.Azure.EventGrid\tests\Tests\ScenarioTests.PublishEvents.cs(78,10): error CS0246: The type or namespace name 'FactAttribute' could not be found (are you missing a using directive or an assembly reference?)
C:\gh\azure-sdk-for-net\sdk\eventgrid\Microsoft.Azure.EventGrid\tests\Tests\ScenarioTests.PublishEvents.cs(78,10): error CS0246: The type or namespace name 'Fact' could not be found (are you missing a using directive or an assembly reference?)
C:\gh\azure-sdk-for-net\sdk\eventgrid\Microsoft.Azure.EventGrid\tests\Tests\ConsumeEventTests.cs(26,10): error CS0246: The type or namespace name 'FactAttribute' could not be found (are you missing a using directive or an assembly reference?)
C:\gh\azure-sdk-for-net\sdk\eventgrid\Microsoft.Azure.EventGrid\tests\Tests\ConsumeEventTests.cs(26,10): error CS0246: The type or namespace name 'Fact' could not be found (are you missing a using directive or an assembly reference?)
C:\gh\azure-sdk-for-net\sdk\eventgrid\Microsoft.Azure.EventGrid\tests\Tests\ConsumeEventTests.cs(38,10): error CS0246: The type or namespace name 'FactAttribute' could not be found (are you missing a using directive or an assembly reference?)
C:\gh\azure-sdk-for-net\sdk\eventgrid\Microsoft.Azure.EventGrid\tests\Tests\ConsumeEventTests.cs(38,10): error CS0246: The type or namespace name 'Fact' could not be found (are you missing a using directive or an assembly reference?)
C:\gh\azure-sdk-for-net\sdk\eventgrid\Microsoft.Azure.EventGrid\tests\Tests\ConsumeEventTests.cs(50,10): error CS0246: The type or namespace name 'FactAttribute' could not be found (are you missing a using directive or an assembly reference?)
C:\gh\azure-sdk-for-net\sdk\eventgrid\Microsoft.Azure.EventGrid\tests\Tests\ConsumeEventTests.cs(50,10): error CS0246: The type or namespace name 'Fact' could not be found (are you missing a using directive or an assembly reference?)
C:\gh\azure-sdk-for-net\sdk\eventgrid\Microsoft.Azure.EventGrid\tests\Tests\ConsumeEventTests.cs(63,10): error CS0246: The type or namespace name 'FactAttribute' could not be found (are you missing a using directive or an assembly reference?)
C:\gh\azure-sdk-for-net\sdk\eventgrid\Microsoft.Azure.EventGrid\tests\Tests\ConsumeEventTests.cs(63,10): error CS0246: The type or namespace name 'Fact' could not be found (are you missing a using directive or an assembly reference?)
C:\gh\azure-sdk-for-net\sdk\eventgrid\Microsoft.Azure.EventGrid\tests\Tests\ConsumeEventTests.cs(83,10): error CS0246: The type or namespace name 'FactAttribute' could not be found (are you missing a using directive or an assembly reference?)
C:\gh\azure-sdk-for-net\sdk\eventgrid\Microsoft.Azure.EventGrid\tests\Tests\ConsumeEventTests.cs(83,10): error CS0246: The type or namespace name 'Fact' could not be found (are you missing a using directive or an assembly reference?)
C:\gh\azure-sdk-for-net\sdk\eventgrid\Microsoft.Azure.EventGrid\tests\Tests\ConsumeEventTests.cs(100,10): error CS0246: The type or namespace name 'FactAttribute' could not be found (are you missing a using directive or an assembly reference?)
C:\gh\azure-sdk-for-net\sdk\eventgrid\Microsoft.Azure.EventGrid\tests\Tests\ConsumeEventTests.cs(100,10): error CS0246: The type or namespace name 'Fact' could not be found (are you missing a using directive or an assembly reference?)
C:\gh\azure-sdk-for-net\sdk\eventgrid\Microsoft.Azure.EventGrid\tests\Tests\ConsumeEventTests.cs(117,10): error CS0246: The type or namespace name 'FactAttribute' could not be found (are you missing a using directive or an assembly reference?)
C:\gh\azure-sdk-for-net\sdk\eventgrid\Microsoft.Azure.EventGrid\tests\Tests\ConsumeEventTests.cs(117,10): error CS0246: The type or namespace name 'Fact' could not be found (are you missing a using directive or an assembly reference?)
C:\gh\azure-sdk-for-net\sdk\eventgrid\Microsoft.Azure.EventGrid\tests\Tests\ConsumeEventTests.cs(134,10): error CS0246: The type or namespace name 'FactAttribute' could not be found (are you missing a using directive or an assembly reference?)
C:\gh\azure-sdk-for-net\sdk\eventgrid\Microsoft.Azure.EventGrid\tests\Tests\ConsumeEventTests.cs(134,10): error CS0246: The type or namespace name 'Fact' could not be found (are you missing a using directive or an assembly reference?)
C:\gh\azure-sdk-for-net\sdk\eventgrid\Microsoft.Azure.EventGrid\tests\Tests\ConsumeEventTests.cs(158,10): error CS0246: The type or namespace name 'FactAttribute' could not be found (are you missing a using directive or an assembly reference?)
C:\gh\azure-sdk-for-net\sdk\eventgrid\Microsoft.Azure.EventGrid\tests\Tests\ConsumeEventTests.cs(158,10): error CS0246: The type or namespace name 'Fact' could not be found (are you missing a using directive or an assembly reference?)
C:\gh\azure-sdk-for-net\sdk\eventgrid\Microsoft.Azure.EventGrid\tests\TestHelper\RecordedDelegatingHandler.cs(35,16): error CS0246: The type or namespace name 'HttpRequestHeaders' could not be found (are you missing a using directive or an assembly reference?)
C:\gh\azure-sdk-for-net\sdk\eventgrid\Microsoft.Azure.EventGrid\tests\TestHelper\RecordedDelegatingHandler.cs(37,16): error CS0246: The type or namespace name 'HttpContentHeaders' could not be found (are you missing a using directive or an assembly reference?)
C:\gh\azure-sdk-for-net\sdk\eventgrid\Microsoft.Azure.EventGrid\tests\TestHelper\RecordedDelegatingHandler.cs(39,16): error CS0246: The type or namespace name 'HttpMethod' could not be found (are you missing a using directive or an assembly reference?)
C:\gh\azure-sdk-for-net\sdk\eventgrid\Microsoft.Azure.EventGrid\tests\Tests\ConsumeEventTests.cs(175,10): error CS0246: The type or namespace name 'FactAttribute' could not be found (are you missing a using directive or an assembly reference?)
C:\gh\azure-sdk-for-net\sdk\eventgrid\Microsoft.Azure.EventGrid\tests\Tests\ConsumeEventTests.cs(175,10): error CS0246: The type or namespace name 'Fact' could not be found (are you missing a using directive or an assembly reference?)
C:\gh\azure-sdk-for-net\sdk\eventgrid\Microsoft.Azure.EventGrid\tests\Tests\ConsumeEventTests.cs(193,10): error CS0246: The type or namespace name 'FactAttribute' could not be found (are you missing a using directive or an assembly reference?)
C:\gh\azure-sdk-for-net\sdk\eventgrid\Microsoft.Azure.EventGrid\tests\Tests\ConsumeEventTests.cs(193,10): error CS0246: The type or namespace name 'Fact' could not be found (are you missing a using directive or an assembly reference?)
C:\gh\azure-sdk-for-net\sdk\eventgrid\Microsoft.Azure.EventGrid\tests\Tests\ConsumeEventTests.cs(209,10): error CS0246: The type or namespace name 'FactAttribute' could not be found (are you missing a using directive or an assembly reference?)
C:\gh\azure-sdk-for-net\sdk\eventgrid\Microsoft.Azure.EventGrid\tests\Tests\ConsumeEventTests.cs(209,10): error CS0246: The type or namespace name 'Fact' could not be found (are you missing a using directive or an assembly reference?)
C:\gh\azure-sdk-for-net\sdk\eventgrid\Microsoft.Azure.EventGrid\tests\Tests\ConsumeEventTests.cs(237,10): error CS0246: The type or namespace name 'FactAttribute' could not be found (are you missing a using directive or an assembly reference?)
C:\gh\azure-sdk-for-net\sdk\eventgrid\Microsoft.Azure.EventGrid\tests\Tests\ConsumeEventTests.cs(237,10): error CS0246: The type or namespace name 'Fact' could not be found (are you missing a using directive or an assembly reference?)
C:\gh\azure-sdk-for-net\sdk\eventgrid\Microsoft.Azure.EventGrid\tests\Tests\ConsumeEventTests.cs(252,10): error CS0246: The type or namespace name 'FactAttribute' could not be found (are you missing a using directive or an assembly reference?)
C:\gh\azure-sdk-for-net\sdk\eventgrid\Microsoft.Azure.EventGrid\tests\Tests\ConsumeEventTests.cs(252,10): error CS0246: The type or namespace name 'Fact' could not be found (are you missing a using directive or an assembly reference?)
C:\gh\azure-sdk-for-net\sdk\eventgrid\Microsoft.Azure.EventGrid\tests\Tests\ConsumeEventTests.cs(265,10): error CS0246: The type or namespace name 'FactAttribute' could not be found (are you missing a using directive or an assembly reference?)
C:\gh\azure-sdk-for-net\sdk\eventgrid\Microsoft.Azure.EventGrid\tests\Tests\ConsumeEventTests.cs(265,10): error CS0246: The type or namespace name 'Fact' could not be found (are you missing a using directive or an assembly reference?)
C:\gh\azure-sdk-for-net\sdk\eventgrid\Microsoft.Azure.EventGrid\tests\Tests\ConsumeEventTests.cs(278,10): error CS0246: The type or namespace name 'FactAttribute' could not be found (are you missing a using directive or an assembly reference?)
C:\gh\azure-sdk-for-net\sdk\eventgrid\Microsoft.Azure.EventGrid\tests\Tests\ConsumeEventTests.cs(278,10): error CS0246: The type or namespace name 'Fact' could not be found (are you missing a using directive or an assembly reference?)
C:\gh\azure-sdk-for-net\sdk\eventgrid\Microsoft.Azure.EventGrid\tests\Tests\ConsumeEventTests.cs(292,10): error CS0246: The type or namespace name 'FactAttribute' could not be found (are you missing a using directive or an assembly reference?)
C:\gh\azure-sdk-for-net\sdk\eventgrid\Microsoft.Azure.EventGrid\tests\Tests\ConsumeEventTests.cs(292,10): error CS0246: The type or namespace name 'Fact' could not be found (are you missing a using directive or an assembly reference?)
C:\gh\azure-sdk-for-net\sdk\eventgrid\Microsoft.Azure.EventGrid\tests\Tests\ConsumeEventTests.cs(305,10): error CS0246: The type or namespace name 'FactAttribute' could not be found (are you missing a using directive or an assembly reference?)
C:\gh\azure-sdk-for-net\sdk\eventgrid\Microsoft.Azure.EventGrid\tests\Tests\ConsumeEventTests.cs(305,10): error CS0246: The type or namespace name 'Fact' could not be found (are you missing a using directive or an assembly reference?)
C:\gh\azure-sdk-for-net\sdk\eventgrid\Microsoft.Azure.EventGrid\tests\Tests\ConsumeEventTests.cs(318,10): error CS0246: The type or namespace name 'FactAttribute' could not be found (are you missing a using directive or an assembly reference?)
C:\gh\azure-sdk-for-net\sdk\eventgrid\Microsoft.Azure.EventGrid\tests\Tests\ConsumeEventTests.cs(318,10): error CS0246: The type or namespace name 'Fact' could not be found (are you missing a using directive or an assembly reference?)
C:\gh\azure-sdk-for-net\sdk\eventgrid\Microsoft.Azure.EventGrid\tests\Tests\ConsumeEventTests.cs(331,10): error CS0246: The type or namespace name 'FactAttribute' could not be found (are you missing a using directive or an assembly reference?)
C:\gh\azure-sdk-for-net\sdk\eventgrid\Microsoft.Azure.EventGrid\tests\Tests\ConsumeEventTests.cs(331,10): error CS0246: The type or namespace name 'Fact' could not be found (are you missing a using directive or an assembly reference?)
C:\gh\azure-sdk-for-net\sdk\eventgrid\Microsoft.Azure.EventGrid\tests\Tests\ConsumeEventTests.cs(344,10): error CS0246: The type or namespace name 'FactAttribute' could not be found (are you missing a using directive or an assembly reference?)
C:\gh\azure-sdk-for-net\sdk\eventgrid\Microsoft.Azure.EventGrid\tests\Tests\ConsumeEventTests.cs(344,10): error CS0246: The type or namespace name 'Fact' could not be found (are you missing a using directive or an assembly reference?)
C:\gh\azure-sdk-for-net\sdk\eventgrid\Microsoft.Azure.EventGrid\tests\Tests\ConsumeEventTests.cs(358,10): error CS0246: The type or namespace name 'FactAttribute' could not be found (are you missing a using directive or an assembly reference?)
C:\gh\azure-sdk-for-net\sdk\eventgrid\Microsoft.Azure.EventGrid\tests\Tests\ConsumeEventTests.cs(358,10): error CS0246: The type or namespace name 'Fact' could not be found (are you missing a using directive or an assembly reference?)
C:\gh\azure-sdk-for-net\sdk\eventgrid\Microsoft.Azure.EventGrid\tests\Tests\ConsumeEventTests.cs(371,10): error CS0246: The type or namespace name 'FactAttribute' could not be found (are you missing a using directive or an assembly reference?)
C:\gh\azure-sdk-for-net\sdk\eventgrid\Microsoft.Azure.EventGrid\tests\Tests\ConsumeEventTests.cs(371,10): error CS0246: The type or namespace name 'Fact' could not be found (are you missing a using directive or an assembly reference?)
C:\gh\azure-sdk-for-net\sdk\eventgrid\Microsoft.Azure.EventGrid\tests\Tests\ConsumeEventTests.cs(385,10): error CS0246: The type or namespace name 'FactAttribute' could not be found (are you missing a using directive or an assembly reference?)
C:\gh\azure-sdk-for-net\sdk\eventgrid\Microsoft.Azure.EventGrid\tests\Tests\ConsumeEventTests.cs(385,10): error CS0246: The type or namespace name 'Fact' could not be found (are you missing a using directive or an assembly reference?)
C:\gh\azure-sdk-for-net\sdk\eventgrid\Microsoft.Azure.EventGrid\tests\Tests\ConsumeEventTests.cs(399,10): error CS0246: The type or namespace name 'FactAttribute' could not be found (are you missing a using directive or an assembly reference?)
C:\gh\azure-sdk-for-net\sdk\eventgrid\Microsoft.Azure.EventGrid\tests\Tests\ConsumeEventTests.cs(399,10): error CS0246: The type or namespace name 'Fact' could not be found (are you missing a using directive or an assembly reference?)
C:\gh\azure-sdk-for-net\sdk\eventgrid\Microsoft.Azure.EventGrid\tests\Tests\ConsumeEventTests.cs(420,10): error CS0246: The type or namespace name 'FactAttribute' could not be found (are you missing a using directive or an assembly reference?)
C:\gh\azure-sdk-for-net\sdk\eventgrid\Microsoft.Azure.EventGrid\tests\Tests\ConsumeEventTests.cs(420,10): error CS0246: The type or namespace name 'Fact' could not be found (are you missing a using directive or an assembly reference?)
C:\gh\azure-sdk-for-net\sdk\eventgrid\Microsoft.Azure.EventGrid\tests\Tests\ConsumeEventTests.cs(433,10): error CS0246: The type or namespace name 'FactAttribute' could not be found (are you missing a using directive or an assembly reference?)
C:\gh\azure-sdk-for-net\sdk\eventgrid\Microsoft.Azure.EventGrid\tests\Tests\ConsumeEventTests.cs(433,10): error CS0246: The type or namespace name 'Fact' could not be found (are you missing a using directive or an assembly reference?)
C:\gh\azure-sdk-for-net\sdk\eventgrid\Microsoft.Azure.EventGrid\tests\Tests\ConsumeEventTests.cs(446,10): error CS0246: The type or namespace name 'FactAttribute' could not be found (are you missing a using directive or an assembly reference?)
C:\gh\azure-sdk-for-net\sdk\eventgrid\Microsoft.Azure.EventGrid\tests\Tests\ConsumeEventTests.cs(446,10): error CS0246: The type or namespace name 'Fact' could not be found (are you missing a using directive or an assembly reference?)
C:\gh\azure-sdk-for-net\sdk\eventgrid\Microsoft.Azure.EventGrid\tests\Tests\ConsumeEventTests.cs(461,10): error CS0246: The type or namespace name 'FactAttribute' could not be found (are you missing a using directive or an assembly reference?)
C:\gh\azure-sdk-for-net\sdk\eventgrid\Microsoft.Azure.EventGrid\tests\Tests\ConsumeEventTests.cs(461,10): error CS0246: The type or namespace name 'Fact' could not be found (are you missing a using directive or an assembly reference?)
C:\gh\azure-sdk-for-net\sdk\eventgrid\Microsoft.Azure.EventGrid\tests\Tests\ConsumeEventTests.cs(474,10): error CS0246: The type or namespace name 'FactAttribute' could not be found (are you missing a using directive or an assembly reference?)
C:\gh\azure-sdk-for-net\sdk\eventgrid\Microsoft.Azure.EventGrid\tests\Tests\ConsumeEventTests.cs(474,10): error CS0246: The type or namespace name 'Fact' could not be found (are you missing a using directive or an assembly reference?)
C:\gh\azure-sdk-for-net\sdk\eventgrid\Microsoft.Azure.EventGrid\tests\Tests\ConsumeEventTests.cs(486,10): error CS0246: The type or namespace name 'FactAttribute' could not be found (are you missing a using directive or an assembly reference?)
C:\gh\azure-sdk-for-net\sdk\eventgrid\Microsoft.Azure.EventGrid\tests\Tests\ConsumeEventTests.cs(486,10): error CS0246: The type or namespace name 'Fact' could not be found (are you missing a using directive or an assembly reference?)
C:\gh\azure-sdk-for-net\sdk\eventgrid\Microsoft.Azure.EventGrid\tests\Tests\ConsumeEventTests.cs(498,10): error CS0246: The type or namespace name 'FactAttribute' could not be found (are you missing a using directive or an assembly reference?)
C:\gh\azure-sdk-for-net\sdk\eventgrid\Microsoft.Azure.EventGrid\tests\Tests\ConsumeEventTests.cs(498,10): error CS0246: The type or namespace name 'Fact' could not be found (are you missing a using directive or an assembly reference?)
C:\gh\azure-sdk-for-net\sdk\eventgrid\Microsoft.Azure.EventGrid\tests\Tests\ConsumeEventTests.cs(511,10): error CS0246: The type or namespace name 'FactAttribute' could not be found (are you missing a using directive or an assembly reference?)
C:\gh\azure-sdk-for-net\sdk\eventgrid\Microsoft.Azure.EventGrid\tests\Tests\ConsumeEventTests.cs(511,10): error CS0246: The type or namespace name 'Fact' could not be found (are you missing a using directive or an assembly reference?)
C:\gh\azure-sdk-for-net\sdk\eventgrid\Microsoft.Azure.EventGrid\tests\Tests\ConsumeEventTests.cs(524,10): error CS0246: The type or namespace name 'FactAttribute' could not be found (are you missing a using directive or an assembly reference?)
C:\gh\azure-sdk-for-net\sdk\eventgrid\Microsoft.Azure.EventGrid\tests\Tests\ConsumeEventTests.cs(524,10): error CS0246: The type or namespace name 'Fact' could not be found (are you missing a using directive or an assembly reference?)
C:\gh\azure-sdk-for-net\sdk\eventgrid\Microsoft.Azure.EventGrid\tests\Tests\ConsumeEventTests.cs(541,10): error CS0246: The type or namespace name 'FactAttribute' could not be found (are you missing a using directive or an assembly reference?)
C:\gh\azure-sdk-for-net\sdk\eventgrid\Microsoft.Azure.EventGrid\tests\Tests\ConsumeEventTests.cs(541,10): error CS0246: The type or namespace name 'Fact' could not be found (are you missing a using directive or an assembly reference?)
C:\gh\azure-sdk-for-net\sdk\eventgrid\Microsoft.Azure.EventGrid\tests\Tests\ConsumeEventTests.cs(555,10): error CS0246: The type or namespace name 'FactAttribute' could not be found (are you missing a using directive or an assembly reference?)
C:\gh\azure-sdk-for-net\sdk\eventgrid\Microsoft.Azure.EventGrid\tests\Tests\ConsumeEventTests.cs(555,10): error CS0246: The type or namespace name 'Fact' could not be found (are you missing a using directive or an assembly reference?)
C:\gh\azure-sdk-for-net\sdk\eventgrid\Microsoft.Azure.EventGrid\tests\Tests\ConsumeEventTests.cs(569,10): error CS0246: The type or namespace name 'FactAttribute' could not be found (are you missing a using directive or an assembly reference?)
C:\gh\azure-sdk-for-net\sdk\eventgrid\Microsoft.Azure.EventGrid\tests\Tests\ConsumeEventTests.cs(569,10): error CS0246: The type or namespace name 'Fact' could not be found (are you missing a using directive or an assembly reference?)
C:\gh\azure-sdk-for-net\sdk\eventgrid\Microsoft.Azure.EventGrid\tests\Tests\ConsumeEventTests.cs(583,10): error CS0246: The type or namespace name 'FactAttribute' could not be found (are you missing a using directive or an assembly reference?)
C:\gh\azure-sdk-for-net\sdk\eventgrid\Microsoft.Azure.EventGrid\tests\Tests\ConsumeEventTests.cs(583,10): error CS0246: The type or namespace name 'Fact' could not be found (are you missing a using directive or an assembly reference?)
C:\gh\azure-sdk-for-net\sdk\eventgrid\Microsoft.Azure.EventGrid\tests\Tests\ConsumeEventTests.cs(604,10): error CS0246: The type or namespace name 'FactAttribute' could not be found (are you missing a using directive or an assembly reference?)
C:\gh\azure-sdk-for-net\sdk\eventgrid\Microsoft.Azure.EventGrid\tests\Tests\ConsumeEventTests.cs(604,10): error CS0246: The type or namespace name 'Fact' could not be found (are you missing a using directive or an assembly reference?)
C:\gh\azure-sdk-for-net\sdk\eventgrid\Microsoft.Azure.EventGrid\tests\Tests\ConsumeEventTests.cs(627,10): error CS0246: The type or namespace name 'FactAttribute' could not be found (are you missing a using directive or an assembly reference?)
C:\gh\azure-sdk-for-net\sdk\eventgrid\Microsoft.Azure.EventGrid\tests\Tests\ConsumeEventTests.cs(627,10): error CS0246: The type or namespace name 'Fact' could not be found (are you missing a using directive or an assembly reference?)
C:\gh\azure-sdk-for-net\sdk\eventgrid\Microsoft.Azure.EventGrid\tests\Tests\ConsumeEventTests.cs(648,10): error CS0246: The type or namespace name 'FactAttribute' could not be found (are you missing a using directive or an assembly reference?)
C:\gh\azure-sdk-for-net\sdk\eventgrid\Microsoft.Azure.EventGrid\tests\Tests\ConsumeEventTests.cs(648,10): error CS0246: The type or namespace name 'Fact' could not be found (are you missing a using directive or an assembly reference?)
C:\gh\azure-sdk-for-net\sdk\eventgrid\Microsoft.Azure.EventGrid\tests\Tests\ConsumeEventTests.cs(663,10): error CS0246: The type or namespace name 'FactAttribute' could not be found (are you missing a using directive or an assembly reference?)
C:\gh\azure-sdk-for-net\sdk\eventgrid\Microsoft.Azure.EventGrid\tests\Tests\ConsumeEventTests.cs(663,10): error CS0246: The type or namespace name 'Fact' could not be found (are you missing a using directive or an assembly reference?)
C:\gh\azure-sdk-for-net\sdk\eventgrid\Microsoft.Azure.EventGrid\tests\Tests\ConsumeEventTests.cs(678,10): error CS0246: The type or namespace name 'FactAttribute' could not be found (are you missing a using directive or an assembly reference?)
C:\gh\azure-sdk-for-net\sdk\eventgrid\Microsoft.Azure.EventGrid\tests\Tests\ConsumeEventTests.cs(678,10): error CS0246: The type or namespace name 'Fact' could not be found (are you missing a using directive or an assembly reference?)
C:\gh\azure-sdk-for-net\sdk\eventgrid\Microsoft.Azure.EventGrid\tests\Tests\ConsumeEventTests.cs(696,10): error CS0246: The type or namespace name 'FactAttribute' could not be found (are you missing a using directive or an assembly reference?)
C:\gh\azure-sdk-for-net\sdk\eventgrid\Microsoft.Azure.EventGrid\tests\Tests\ConsumeEventTests.cs(696,10): error CS0246: The type or namespace name 'Fact' could not be found (are you missing a using directive or an assembly reference?)
C:\gh\azure-sdk-for-net\sdk\eventgrid\Microsoft.Azure.EventGrid\tests\Tests\ConsumeEventTests.cs(715,10): error CS0246: The type or namespace name 'FactAttribute' could not be found (are you missing a using directive or an assembly reference?)
C:\gh\azure-sdk-for-net\sdk\eventgrid\Microsoft.Azure.EventGrid\tests\Tests\ConsumeEventTests.cs(715,10): error CS0246: The type or namespace name 'Fact' could not be found (are you missing a using directive or an assembly reference?)
C:\gh\azure-sdk-for-net\sdk\eventgrid\Microsoft.Azure.EventGrid\tests\Tests\ConsumeEventTests.cs(730,10): error CS0246: The type or namespace name 'FactAttribute' could not be found (are you missing a using directive or an assembly reference?)
C:\gh\azure-sdk-for-net\sdk\eventgrid\Microsoft.Azure.EventGrid\tests\Tests\ConsumeEventTests.cs(730,10): error CS0246: The type or namespace name 'Fact' could not be found (are you missing a using directive or an assembly reference?)
C:\gh\azure-sdk-for-net\sdk\eventgrid\Microsoft.Azure.EventGrid\tests\Tests\ConsumeEventTests.cs(745,10): error CS0246: The type or namespace name 'FactAttribute' could not be found (are you missing a using directive or an assembly reference?)
C:\gh\azure-sdk-for-net\sdk\eventgrid\Microsoft.Azure.EventGrid\tests\Tests\ConsumeEventTests.cs(745,10): error CS0246: The type or namespace name 'Fact' could not be found (are you missing a using directive or an assembly reference?)
C:\gh\azure-sdk-for-net\sdk\eventgrid\Microsoft.Azure.EventGrid\tests\Tests\ConsumeEventTests.cs(763,10): error CS0246: The type or namespace name 'FactAttribute' could not be found (are you missing a using directive or an assembly reference?)
C:\gh\azure-sdk-for-net\sdk\eventgrid\Microsoft.Azure.EventGrid\tests\Tests\ConsumeEventTests.cs(763,10): error CS0246: The type or namespace name 'Fact' could not be found (are you missing a using directive or an assembly reference?)
C:\gh\azure-sdk-for-net\sdk\eventgrid\Microsoft.Azure.EventGrid\tests\Tests\ConsumeEventTests.cs(780,10): error CS0246: The type or namespace name 'FactAttribute' could not be found (are you missing a using directive or an assembly reference?)
C:\gh\azure-sdk-for-net\sdk\eventgrid\Microsoft.Azure.EventGrid\tests\Tests\ConsumeEventTests.cs(780,10): error CS0246: The type or namespace name 'Fact' could not be found (are you missing a using directive or an assembly reference?)
C:\gh\azure-sdk-for-net\sdk\eventgrid\Microsoft.Azure.EventGrid\tests\Tests\ConsumeEventTests.cs(792,10): error CS0246: The type or namespace name 'FactAttribute' could not be found (are you missing a using directive or an assembly reference?)
C:\gh\azure-sdk-for-net\sdk\eventgrid\Microsoft.Azure.EventGrid\tests\Tests\ConsumeEventTests.cs(792,10): error CS0246: The type or namespace name 'Fact' could not be found (are you missing a using directive or an assembly reference?)
C:\gh\azure-sdk-for-net\sdk\eventgrid\Microsoft.Azure.EventGrid\tests\Tests\ConsumeEventTests.cs(809,10): error CS0246: The type or namespace name 'FactAttribute' could not be found (are you missing a using directive or an assembly reference?)
C:\gh\azure-sdk-for-net\sdk\eventgrid\Microsoft.Azure.EventGrid\tests\Tests\ConsumeEventTests.cs(809,10): error CS0246: The type or namespace name 'Fact' could not be found (are you missing a using directive or an assembly reference?)
C:\gh\azure-sdk-for-net\sdk\eventgrid\Microsoft.Azure.EventGrid\tests\Tests\ConsumeEventTests.cs(832,10): error CS0246: The type or namespace name 'FactAttribute' could not be found (are you missing a using directive or an assembly reference?)
C:\gh\azure-sdk-for-net\sdk\eventgrid\Microsoft.Azure.EventGrid\tests\Tests\ConsumeEventTests.cs(832,10): error CS0246: The type or namespace name 'Fact' could not be found (are you missing a using directive or an assembly reference?)
C:\gh\azure-sdk-for-net\sdk\eventgrid\Microsoft.Azure.EventGrid\tests\Tests\ConsumeEventTests.cs(850,10): error CS0246: The type or namespace name 'FactAttribute' could not be found (are you missing a using directive or an assembly reference?)
C:\gh\azure-sdk-for-net\sdk\eventgrid\Microsoft.Azure.EventGrid\tests\Tests\ConsumeEventTests.cs(850,10): error CS0246: The type or namespace name 'Fact' could not be found (are you missing a using directive or an assembly reference?)
C:\gh\azure-sdk-for-net\sdk\eventgrid\Microsoft.Azure.EventGrid\tests\Tests\ConsumeEventTests.cs(867,10): error CS0246: The type or namespace name 'FactAttribute' could not be found (are you missing a using directive or an assembly reference?)
C:\gh\azure-sdk-for-net\sdk\eventgrid\Microsoft.Azure.EventGrid\tests\Tests\ConsumeEventTests.cs(867,10): error CS0246: The type or namespace name 'Fact' could not be found (are you missing a using directive or an assembly reference?)
C:\gh\azure-sdk-for-net\sdk\eventgrid\Microsoft.Azure.EventGrid\tests\Tests\ConsumeEventTests.cs(885,10): error CS0246: The type or namespace name 'FactAttribute' could not be found (are you missing a using directive or an assembly reference?)
C:\gh\azure-sdk-for-net\sdk\eventgrid\Microsoft.Azure.EventGrid\tests\Tests\ConsumeEventTests.cs(885,10): error CS0246: The type or namespace name 'Fact' could not be found (are you missing a using directive or an assembly reference?)
C:\gh\azure-sdk-for-net\sdk\eventgrid\Microsoft.Azure.EventGrid\tests\Tests\ConsumeEventTests.cs(909,10): error CS0246: The type or namespace name 'FactAttribute' could not be found (are you missing a using directive or an assembly reference?)
C:\gh\azure-sdk-for-net\sdk\eventgrid\Microsoft.Azure.EventGrid\tests\Tests\ConsumeEventTests.cs(909,10): error CS0246: The type or namespace name 'Fact' could not be found (are you missing a using directive or an assembly reference?)
C:\gh\azure-sdk-for-net\sdk\eventgrid\Microsoft.Azure.EventGrid\tests\Tests\ConsumeEventTests.cs(929,10): error CS0246: The type or namespace name 'FactAttribute' could not be found (are you missing a using directive or an assembly reference?)
C:\gh\azure-sdk-for-net\sdk\eventgrid\Microsoft.Azure.EventGrid\tests\Tests\ConsumeEventTests.cs(929,10): error CS0246: The type or namespace name 'Fact' could not be found (are you missing a using directive or an assembly reference?)
C:\gh\azure-sdk-for-net\sdk\eventgrid\Microsoft.Azure.EventGrid\tests\Tests\ConsumeEventTests.cs(942,10): error CS0246: The type or namespace name 'FactAttribute' could not be found (are you missing a using directive or an assembly reference?)
C:\gh\azure-sdk-for-net\sdk\eventgrid\Microsoft.Azure.EventGrid\tests\Tests\ConsumeEventTests.cs(942,10): error CS0246: The type or namespace name 'Fact' could not be found (are you missing a using directive or an assembly reference?)
C:\gh\azure-sdk-for-net\sdk\eventgrid\Microsoft.Azure.EventGrid\tests\Tests\ConsumeEventTests.cs(955,10): error CS0246: The type or namespace name 'FactAttribute' could not be found (are you missing a using directive or an assembly reference?)
C:\gh\azure-sdk-for-net\sdk\eventgrid\Microsoft.Azure.EventGrid\tests\Tests\ConsumeEventTests.cs(955,10): error CS0246: The type or namespace name 'Fact' could not be found (are you missing a using directive or an assembly reference?)
C:\gh\azure-sdk-for-net\sdk\eventgrid\Microsoft.Azure.EventGrid\tests\Tests\ConsumeEventTests.cs(968,10): error CS0246: The type or namespace name 'FactAttribute' could not be found (are you missing a using directive or an assembly reference?)
C:\gh\azure-sdk-for-net\sdk\eventgrid\Microsoft.Azure.EventGrid\tests\Tests\ConsumeEventTests.cs(968,10): error CS0246: The type or namespace name 'Fact' could not be found (are you missing a using directive or an assembly reference?)
C:\gh\azure-sdk-for-net\sdk\eventgrid\Microsoft.Azure.EventGrid\tests\Tests\ConsumeEventTests.cs(981,10): error CS0246: The type or namespace name 'FactAttribute' could not be found (are you missing a using directive or an assembly reference?)
C:\gh\azure-sdk-for-net\sdk\eventgrid\Microsoft.Azure.EventGrid\tests\Tests\ConsumeEventTests.cs(981,10): error CS0246: The type or namespace name 'Fact' could not be found (are you missing a using directive or an assembly reference?)
C:\gh\azure-sdk-for-net\sdk\eventgrid\Microsoft.Azure.EventGrid\tests\Tests\ConsumeEventTests.cs(994,10): error CS0246: The type or namespace name 'FactAttribute' could not be found (are you missing a using directive or an assembly reference?)
C:\gh\azure-sdk-for-net\sdk\eventgrid\Microsoft.Azure.EventGrid\tests\Tests\ConsumeEventTests.cs(994,10): error CS0246: The type or namespace name 'Fact' could not be found (are you missing a using directive or an assembly reference?)
C:\gh\azure-sdk-for-net\sdk\eventgrid\Microsoft.Azure.EventGrid\tests\Tests\ConsumeEventTests.cs(1007,10): error CS0246: The type or namespace name 'FactAttribute' could not be found (are you missing a using directive or an assembly reference?)
C:\gh\azure-sdk-for-net\sdk\eventgrid\Microsoft.Azure.EventGrid\tests\Tests\ConsumeEventTests.cs(1007,10): error CS0246: The type or namespace name 'Fact' could not be found (are you missing a using directive or an assembly reference?)
C:\gh\azure-sdk-for-net\sdk\eventgrid\Microsoft.Azure.EventGrid\tests\Tests\ConsumeEventTests.cs(1020,10): error CS0246: The type or namespace name 'FactAttribute' could not be found (are you missing a using directive or an assembly reference?)
C:\gh\azure-sdk-for-net\sdk\eventgrid\Microsoft.Azure.EventGrid\tests\Tests\ConsumeEventTests.cs(1020,10): error CS0246: The type or namespace name 'Fact' could not be found (are you missing a using directive or an assembly reference?)
C:\gh\azure-sdk-for-net\sdk\eventgrid\Microsoft.Azure.EventGrid\tests\Tests\ConsumeEventTests.cs(1033,10): error CS0246: The type or namespace name 'FactAttribute' could not be found (are you missing a using directive or an assembly reference?)
C:\gh\azure-sdk-for-net\sdk\eventgrid\Microsoft.Azure.EventGrid\tests\Tests\ConsumeEventTests.cs(1033,10): error CS0246: The type or namespace name 'Fact' could not be found (are you missing a using directive or an assembly reference?)
C:\gh\azure-sdk-for-net\sdk\eventgrid\Microsoft.Azure.EventGrid\tests\Tests\ConsumeEventTests.cs(1048,10): error CS0246: The type or namespace name 'FactAttribute' could not be found (are you missing a using directive or an assembly reference?)
C:\gh\azure-sdk-for-net\sdk\eventgrid\Microsoft.Azure.EventGrid\tests\Tests\ConsumeEventTests.cs(1048,10): error CS0246: The type or namespace name 'Fact' could not be found (are you missing a using directive or an assembly reference?)
C:\gh\azure-sdk-for-net\sdk\eventgrid\Microsoft.Azure.EventGrid\tests\Tests\ConsumeEventTests.cs(1061,10): error CS0246: The type or namespace name 'FactAttribute' could not be found (are you missing a using directive or an assembly reference?)
C:\gh\azure-sdk-for-net\sdk\eventgrid\Microsoft.Azure.EventGrid\tests\Tests\ConsumeEventTests.cs(1061,10): error CS0246: The type or namespace name 'Fact' could not be found (are you missing a using directive or an assembly reference?)
C:\gh\azure-sdk-for-net\sdk\eventgrid\Microsoft.Azure.EventGrid\tests\Tests\ConsumeEventTests.cs(1075,10): error CS0246: The type or namespace name 'FactAttribute' could not be found (are you missing a using directive or an assembly reference?)
C:\gh\azure-sdk-for-net\sdk\eventgrid\Microsoft.Azure.EventGrid\tests\Tests\ConsumeEventTests.cs(1075,10): error CS0246: The type or namespace name 'Fact' could not be found (are you missing a using directive or an assembly reference?)
C:\gh\azure-sdk-for-net\sdk\eventgrid\Microsoft.Azure.EventGrid\tests\Tests\ConsumeEventTests.cs(1088,10): error CS0246: The type or namespace name 'FactAttribute' could not be found (are you missing a using directive or an assembly reference?)
C:\gh\azure-sdk-for-net\sdk\eventgrid\Microsoft.Azure.EventGrid\tests\Tests\ConsumeEventTests.cs(1088,10): error CS0246: The type or namespace name 'Fact' could not be found (are you missing a using directive or an assembly reference?)
C:\gh\azure-sdk-for-net\sdk\eventgrid\Microsoft.Azure.EventGrid\tests\Tests\ConsumeEventTests.cs(1101,10): error CS0246: The type or namespace name 'FactAttribute' could not be found (are you missing a using directive or an assembly reference?)
C:\gh\azure-sdk-for-net\sdk\eventgrid\Microsoft.Azure.EventGrid\tests\Tests\ConsumeEventTests.cs(1101,10): error CS0246: The type or namespace name 'Fact' could not be found (are you missing a using directive or an assembly reference?)
C:\gh\azure-sdk-for-net\sdk\eventgrid\Microsoft.Azure.EventGrid\tests\Tests\ConsumeEventTests.cs(1114,10): error CS0246: The type or namespace name 'FactAttribute' could not be found (are you missing a using directive or an assembly reference?)
C:\gh\azure-sdk-for-net\sdk\eventgrid\Microsoft.Azure.EventGrid\tests\Tests\ConsumeEventTests.cs(1114,10): error CS0246: The type or namespace name 'Fact' could not be found (are you missing a using directive or an assembly reference?)
C:\gh\azure-sdk-for-net\sdk\eventgrid\Microsoft.Azure.EventGrid\tests\Tests\ConsumeEventTests.cs(1127,10): error CS0246: The type or namespace name 'FactAttribute' could not be found (are you missing a using directive or an assembly reference?)
C:\gh\azure-sdk-for-net\sdk\eventgrid\Microsoft.Azure.EventGrid\tests\Tests\ConsumeEventTests.cs(1127,10): error CS0246: The type or namespace name 'Fact' could not be found (are you missing a using directive or an assembly reference?)
C:\gh\azure-sdk-for-net\sdk\eventgrid\Microsoft.Azure.EventGrid\tests\Tests\ConsumeEventTests.cs(1140,10): error CS0246: The type or namespace name 'FactAttribute' could not be found (are you missing a using directive or an assembly reference?)
C:\gh\azure-sdk-for-net\sdk\eventgrid\Microsoft.Azure.EventGrid\tests\Tests\ConsumeEventTests.cs(1140,10): error CS0246: The type or namespace name 'Fact' could not be found (are you missing a using directive or an assembly reference?)
C:\gh\azure-sdk-for-net\sdk\eventgrid\Microsoft.Azure.EventGrid\tests\Tests\ConsumeEventTests.cs(1153,10): error CS0246: The type or namespace name 'FactAttribute' could not be found (are you missing a using directive or an assembly reference?)
C:\gh\azure-sdk-for-net\sdk\eventgrid\Microsoft.Azure.EventGrid\tests\Tests\ConsumeEventTests.cs(1153,10): error CS0246: The type or namespace name 'Fact' could not be found (are you missing a using directive or an assembly reference?)
C:\gh\azure-sdk-for-net\sdk\eventgrid\Microsoft.Azure.EventGrid\tests\Tests\ConsumeEventTests.cs(1167,10): error CS0246: The type or namespace name 'FactAttribute' could not be found (are you missing a using directive or an assembly reference?)
C:\gh\azure-sdk-for-net\sdk\eventgrid\Microsoft.Azure.EventGrid\tests\Tests\ConsumeEventTests.cs(1167,10): error CS0246: The type or namespace name 'Fact' could not be found (are you missing a using directive or an assembly reference?)
C:\gh\azure-sdk-for-net\sdk\eventgrid\Microsoft.Azure.EventGrid\tests\Tests\ConsumeEventTests.cs(1181,10): error CS0246: The type or namespace name 'FactAttribute' could not be found (are you missing a using directive or an assembly reference?)
C:\gh\azure-sdk-for-net\sdk\eventgrid\Microsoft.Azure.EventGrid\tests\Tests\ConsumeEventTests.cs(1181,10): error CS0246: The type or namespace name 'Fact' could not be found (are you missing a using directive or an assembly reference?)
C:\gh\azure-sdk-for-net\sdk\eventgrid\Microsoft.Azure.EventGrid\tests\Tests\ConsumeEventTests.cs(1195,10): error CS0246: The type or namespace name 'FactAttribute' could not be found (are you missing a using directive or an assembly reference?)
C:\gh\azure-sdk-for-net\sdk\eventgrid\Microsoft.Azure.EventGrid\tests\Tests\ConsumeEventTests.cs(1195,10): error CS0246: The type or namespace name 'Fact' could not be found (are you missing a using directive or an assembly reference?)
C:\gh\azure-sdk-for-net\sdk\eventgrid\Microsoft.Azure.EventGrid\tests\Tests\ConsumeEventTests.cs(1209,10): error CS0246: The type or namespace name 'FactAttribute' could not be found (are you missing a using directive or an assembly reference?)
C:\gh\azure-sdk-for-net\sdk\eventgrid\Microsoft.Azure.EventGrid\tests\Tests\ConsumeEventTests.cs(1209,10): error CS0246: The type or namespace name 'Fact' could not be found (are you missing a using directive or an assembly reference?)
C:\gh\azure-sdk-for-net\sdk\eventgrid\Microsoft.Azure.EventGrid\tests\Tests\ConsumeEventTests.cs(1223,10): error CS0246: The type or namespace name 'FactAttribute' could not be found (are you missing a using directive or an assembly reference?)
C:\gh\azure-sdk-for-net\sdk\eventgrid\Microsoft.Azure.EventGrid\tests\Tests\ConsumeEventTests.cs(1223,10): error CS0246: The type or namespace name 'Fact' could not be found (are you missing a using directive or an assembly reference?)
C:\gh\azure-sdk-for-net\sdk\eventgrid\Microsoft.Azure.EventGrid\tests\Tests\ConsumeEventTests.cs(1237,10): error CS0246: The type or namespace name 'FactAttribute' could not be found (are you missing a using directive or an assembly reference?)
C:\gh\azure-sdk-for-net\sdk\eventgrid\Microsoft.Azure.EventGrid\tests\Tests\ConsumeEventTests.cs(1237,10): error CS0246: The type or namespace name 'Fact' could not be found (are you missing a using directive or an assembly reference?)
C:\gh\azure-sdk-for-net\sdk\eventgrid\Microsoft.Azure.EventGrid\tests\Tests\ConsumeEventTests.cs(1251,10): error CS0246: The type or namespace name 'FactAttribute' could not be found (are you missing a using directive or an assembly reference?)
C:\gh\azure-sdk-for-net\sdk\eventgrid\Microsoft.Azure.EventGrid\tests\Tests\ConsumeEventTests.cs(1251,10): error CS0246: The type or namespace name 'Fact' could not be found (are you missing a using directive or an assembly reference?)
C:\gh\azure-sdk-for-net\sdk\eventgrid\Microsoft.Azure.EventGrid\tests\Tests\ConsumeEventTests.cs(1265,10): error CS0246: The type or namespace name 'FactAttribute' could not be found (are you missing a using directive or an assembly reference?)
C:\gh\azure-sdk-for-net\sdk\eventgrid\Microsoft.Azure.EventGrid\tests\Tests\ConsumeEventTests.cs(1265,10): error CS0246: The type or namespace name 'Fact' could not be found (are you missing a using directive or an assembly reference?)
C:\gh\azure-sdk-for-net\sdk\eventgrid\Microsoft.Azure.EventGrid\tests\Tests\ConsumeEventTests.cs(1279,10): error CS0246: The type or namespace name 'FactAttribute' could not be found (are you missing a using directive or an assembly reference?)
C:\gh\azure-sdk-for-net\sdk\eventgrid\Microsoft.Azure.EventGrid\tests\Tests\ConsumeEventTests.cs(1279,10): error CS0246: The type or namespace name 'Fact' could not be found (are you missing a using directive or an assembly reference?)
C:\gh\azure-sdk-for-net\sdk\eventgrid\Microsoft.Azure.EventGrid\tests\Tests\ConsumeEventTests.cs(1293,10): error CS0246: The type or namespace name 'FactAttribute' could not be found (are you missing a using directive or an assembly reference?)
C:\gh\azure-sdk-for-net\sdk\eventgrid\Microsoft.Azure.EventGrid\tests\Tests\ConsumeEventTests.cs(1293,10): error CS0246: The type or namespace name 'Fact' could not be found (are you missing a using directive or an assembly reference?)
C:\gh\azure-sdk-for-net\sdk\eventgrid\Microsoft.Azure.EventGrid\tests\Tests\ConsumeEventTests.cs(1307,10): error CS0246: The type or namespace name 'FactAttribute' could not be found (are you missing a using directive or an assembly reference?)
C:\gh\azure-sdk-for-net\sdk\eventgrid\Microsoft.Azure.EventGrid\tests\Tests\ConsumeEventTests.cs(1307,10): error CS0246: The type or namespace name 'Fact' could not be found (are you missing a using directive or an assembly reference?)
C:\gh\azure-sdk-for-net\sdk\eventgrid\Microsoft.Azure.EventGrid\tests\Tests\ConsumeEventTests.cs(1321,10): error CS0246: The type or namespace name 'FactAttribute' could not be found (are you missing a using directive or an assembly reference?)
C:\gh\azure-sdk-for-net\sdk\eventgrid\Microsoft.Azure.EventGrid\tests\Tests\ConsumeEventTests.cs(1321,10): error CS0246: The type or namespace name 'Fact' could not be found (are you missing a using directive or an assembly reference?)
C:\gh\azure-sdk-for-net\sdk\eventgrid\Microsoft.Azure.EventGrid\tests\TestHelper\EventGridManagementHelper.cs(27,17): error CS0246: The type or namespace name 'EventGridManagementClient' could not be found (are you missing a using directive or an assembly reference?)
C:\gh\azure-sdk-for-net\sdk\eventgrid\Microsoft.Azure.EventGrid\tests\TestHelper\EventGridManagementHelper.cs(27,96): error CS0246: The type or namespace name 'EventGridManagementClient' could not be found (are you missing a using directive or an assembly reference?)
C:\gh\azure-sdk-for-net\sdk\eventgrid\Microsoft.Azure.EventGrid\tests\TestHelper\EventGridManagementHelper.cs(44,17): error CS0246: The type or namespace name 'TestEnvironment' could not be found (are you missing a using directive or an assembly reference?)
C:\gh\azure-sdk-for-net\sdk\eventgrid\Microsoft.Azure.EventGrid\tests\TestHelper\EventGridManagementHelper.cs(44,51): error CS0103: The name 'TestEnvironmentFactory' does not exist in the current context
C:\gh\azure-sdk-for-net\sdk\eventgrid\Microsoft.Azure.EventGrid\tests\TestHelper\EventGridManagementHelper.cs(57,17): error CS0246: The type or namespace name 'ResourceManagementClient' could not be found (are you missing a using directive or an assembly reference?)
C:\gh\azure-sdk-for-net\sdk\eventgrid\Microsoft.Azure.EventGrid\tests\TestHelper\EventGridManagementHelper.cs(57,94): error CS0246: The type or namespace name 'ResourceManagementClient' could not be found (are you missing a using directive or an assembly reference?)
C:\gh\azure-sdk-for-net\sdk\eventgrid\Microsoft.Azure.EventGrid\tests\Tests\ConsumeEventTests.cs(32,13): error CS0103: The name 'Assert' does not exist in the current context
C:\gh\azure-sdk-for-net\sdk\eventgrid\Microsoft.Azure.EventGrid\tests\Tests\ConsumeEventTests.cs(33,13): error CS0103: The name 'Assert' does not exist in the current context
C:\gh\azure-sdk-for-net\sdk\eventgrid\Microsoft.Azure.EventGrid\tests\Tests\ConsumeEventTests.cs(35,13): error CS0103: The name 'Assert' does not exist in the current context
C:\gh\azure-sdk-for-net\sdk\eventgrid\Microsoft.Azure.EventGrid\tests\TestHelper\RecordedDelegatingHandler.cs(83,21): error CS0246: The type or namespace name 'HttpResponseMessage' could not be found (are you missing a using directive or an assembly reference?)
C:\gh\azure-sdk-for-net\sdk\eventgrid\Microsoft.Azure.EventGrid\tests\TestHelper\RecordedDelegatingHandler.cs(83,56): error CS0246: The type or namespace name 'HttpResponseMessage' could not be found (are you missing a using directive or an assembly reference?)
C:\gh\azure-sdk-for-net\sdk\eventgrid\Microsoft.Azure.EventGrid\tests\TestHelper\RecordedDelegatingHandler.cs(84,44): error CS0246: The type or namespace name 'StringContent' could not be found (are you missing a using directive or an assembly reference?)
C:\gh\azure-sdk-for-net\sdk\eventgrid\Microsoft.Azure.EventGrid\tests\Tests\ConsumeEventTests.cs(44,13): error CS0103: The name 'Assert' does not exist in the current context
C:\gh\azure-sdk-for-net\sdk\eventgrid\Microsoft.Azure.EventGrid\tests\Tests\ConsumeEventTests.cs(45,13): error CS0103: The name 'Assert' does not exist in the current context
C:\gh\azure-sdk-for-net\sdk\eventgrid\Microsoft.Azure.EventGrid\tests\Tests\ConsumeEventTests.cs(47,13): error CS0103: The name 'Assert' does not exist in the current context
C:\gh\azure-sdk-for-net\sdk\eventgrid\Microsoft.Azure.EventGrid\tests\Tests\ConsumeEventTests.cs(57,13): error CS0103: The name 'Assert' does not exist in the current context
C:\gh\azure-sdk-for-net\sdk\eventgrid\Microsoft.Azure.EventGrid\tests\Tests\ConsumeEventTests.cs(58,13): error CS0103: The name 'Assert' does not exist in the current context
C:\gh\azure-sdk-for-net\sdk\eventgrid\Microsoft.Azure.EventGrid\tests\Tests\ConsumeEventTests.cs(60,13): error CS0103: The name 'Assert' does not exist in the current context
C:\gh\azure-sdk-for-net\sdk\eventgrid\Microsoft.Azure.EventGrid\tests\TestHelper\EventGridManagementHelper.cs(84,91): error CS0246: The type or namespace name 'ResourceGroup' could not be found (are you missing a using directive or an assembly reference?)
C:\gh\azure-sdk-for-net\sdk\eventgrid\Microsoft.Azure.EventGrid\tests\Tests\ScenarioTests.PublishEvents.cs(23,20): error CS0246: The type or namespace name 'MockContext' could not be found (are you missing a using directive or an assembly reference?)
C:\gh\azure-sdk-for-net\sdk\eventgrid\Microsoft.Azure.EventGrid\tests\Tests\ScenarioTests.PublishEvents.cs(23,42): error CS0103: The name 'MockContext' does not exist in the current context
C:\gh\azure-sdk-for-net\sdk\eventgrid\Microsoft.Azure.EventGrid\tests\Tests\ScenarioTests.PublishEvents.cs(32,37): error CS0103: The name 'TestUtilities' does not exist in the current context
C:\gh\azure-sdk-for-net\sdk\eventgrid\Microsoft.Azure.EventGrid\tests\Tests\ScenarioTests.PublishEvents.cs(36,33): error CS0103: The name 'TestUtilities' does not exist in the current context
C:\gh\azure-sdk-for-net\sdk\eventgrid\Microsoft.Azure.EventGrid\tests\Tests\ScenarioTests.PublishEvents.cs(44,17): error CS0246: The type or namespace name 'Topic' could not be found (are you missing a using directive or an assembly reference?)
C:\gh\azure-sdk-for-net\sdk\eventgrid\Microsoft.Azure.EventGrid\tests\Tests\ScenarioTests.PublishEvents.cs(44,35): error CS0246: The type or namespace name 'Topic' could not be found (are you missing a using directive or an assembly reference?)
C:\gh\azure-sdk-for-net\sdk\eventgrid\Microsoft.Azure.EventGrid\tests\Tests\ScenarioTests.PublishEvents.cs(52,17): error CS0103: The name 'Assert' does not exist in the current context
C:\gh\azure-sdk-for-net\sdk\eventgrid\Microsoft.Azure.EventGrid\tests\Tests\ScenarioTests.PublishEvents.cs(53,17): error CS0103: The name 'Assert' does not exist in the current context
C:\gh\azure-sdk-for-net\sdk\eventgrid\Microsoft.Azure.EventGrid\tests\Tests\ScenarioTests.PublishEvents.cs(55,17): error CS0103: The name 'TestUtilities' does not exist in the current context
C:\gh\azure-sdk-for-net\sdk\eventgrid\Microsoft.Azure.EventGrid\tests\Tests\ScenarioTests.PublishEvents.cs(58,17): error CS0246: The type or namespace name 'TopicSharedAccessKeys' could not be found (are you missing a using directive or an assembly reference?)
C:\gh\azure-sdk-for-net\sdk\eventgrid\Microsoft.Azure.EventGrid\tests\Tests\ScenarioTests.PublishEvents.cs(70,24): error CS0246: The type or namespace name 'ServiceClient<>' could not be found (are you missing a using directive or an assembly reference?)
C:\gh\azure-sdk-for-net\sdk\eventgrid\Microsoft.Azure.EventGrid\tests\Tests\ScenarioTests.PublishEvents.cs(70,17): error CS0246: The type or namespace name 'ServiceClient<>' could not be found (are you missing a using directive or an assembly reference?)
C:\gh\azure-sdk-for-net\sdk\eventgrid\Microsoft.Azure.EventGrid\tests\Tests\ScenarioTests.PublishEvents.cs(70,17): error CS0246: The type or namespace name 'IAzureClient' could not be found (are you missing a using directive or an assembly reference?)
C:\gh\azure-sdk-for-net\sdk\eventgrid\Microsoft.Azure.EventGrid\tests\Tests\ConsumeEventTests.cs(76,13): error CS0103: The name 'Assert' does not exist in the current context
C:\gh\azure-sdk-for-net\sdk\eventgrid\Microsoft.Azure.EventGrid\tests\Tests\ConsumeEventTests.cs(77,13): error CS0103: The name 'Assert' does not exist in the current context
C:\gh\azure-sdk-for-net\sdk\eventgrid\Microsoft.Azure.EventGrid\tests\Tests\ConsumeEventTests.cs(78,13): error CS0103: The name 'Assert' does not exist in the current context
C:\gh\azure-sdk-for-net\sdk\eventgrid\Microsoft.Azure.EventGrid\tests\Tests\ConsumeEventTests.cs(80,13): error CS0103: The name 'Assert' does not exist in the current context
C:\gh\azure-sdk-for-net\sdk\eventgrid\Microsoft.Azure.EventGrid\tests\Tests\ConsumeEventTests.cs(93,13): error CS0103: The name 'Assert' does not exist in the current context
C:\gh\azure-sdk-for-net\sdk\eventgrid\Microsoft.Azure.EventGrid\tests\Tests\ConsumeEventTests.cs(94,13): error CS0103: The name 'Assert' does not exist in the current context
C:\gh\azure-sdk-for-net\sdk\eventgrid\Microsoft.Azure.EventGrid\tests\Tests\ConsumeEventTests.cs(95,13): error CS0103: The name 'Assert' does not exist in the current context
C:\gh\azure-sdk-for-net\sdk\eventgrid\Microsoft.Azure.EventGrid\tests\Tests\ConsumeEventTests.cs(97,13): error CS0103: The name 'Assert' does not exist in the current context
C:\gh\azure-sdk-for-net\sdk\eventgrid\Microsoft.Azure.EventGrid\tests\Tests\ConsumeEventTests.cs(110,13): error CS0103: The name 'Assert' does not exist in the current context
C:\gh\azure-sdk-for-net\sdk\eventgrid\Microsoft.Azure.EventGrid\tests\Tests\ConsumeEventTests.cs(111,13): error CS0103: The name 'Assert' does not exist in the current context
C:\gh\azure-sdk-for-net\sdk\eventgrid\Microsoft.Azure.EventGrid\tests\Tests\ConsumeEventTests.cs(112,13): error CS0103: The name 'Assert' does not exist in the current context
C:\gh\azure-sdk-for-net\sdk\eventgrid\Microsoft.Azure.EventGrid\tests\Tests\ConsumeEventTests.cs(114,13): error CS0103: The name 'Assert' does not exist in the current context
C:\gh\azure-sdk-for-net\sdk\eventgrid\Microsoft.Azure.EventGrid\tests\Tests\ScenarioTests.PublishEvents.cs(81,20): error CS0246: The type or namespace name 'MockContext' could not be found (are you missing a using directive or an assembly reference?)
C:\gh\azure-sdk-for-net\sdk\eventgrid\Microsoft.Azure.EventGrid\tests\Tests\ScenarioTests.PublishEvents.cs(81,42): error CS0103: The name 'MockContext' does not exist in the current context
C:\gh\azure-sdk-for-net\sdk\eventgrid\Microsoft.Azure.EventGrid\tests\Tests\ScenarioTests.PublishEvents.cs(90,37): error CS0103: The name 'TestUtilities' does not exist in the current context
C:\gh\azure-sdk-for-net\sdk\eventgrid\Microsoft.Azure.EventGrid\tests\Tests\ScenarioTests.PublishEvents.cs(94,34): error CS0103: The name 'TestUtilities' does not exist in the current context
C:\gh\azure-sdk-for-net\sdk\eventgrid\Microsoft.Azure.EventGrid\tests\Tests\ScenarioTests.PublishEvents.cs(101,17): error CS0246: The type or namespace name 'Domain' could not be found (are you missing a using directive or an assembly reference?)
C:\gh\azure-sdk-for-net\sdk\eventgrid\Microsoft.Azure.EventGrid\tests\Tests\ScenarioTests.PublishEvents.cs(101,37): error CS0246: The type or namespace name 'Domain' could not be found (are you missing a using directive or an assembly reference?)
C:\gh\azure-sdk-for-net\sdk\eventgrid\Microsoft.Azure.EventGrid\tests\Tests\ScenarioTests.PublishEvents.cs(109,17): error CS0103: The name 'Assert' does not exist in the current context
C:\gh\azure-sdk-for-net\sdk\eventgrid\Microsoft.Azure.EventGrid\tests\Tests\ScenarioTests.PublishEvents.cs(110,17): error CS0103: The name 'Assert' does not exist in the current context
C:\gh\azure-sdk-for-net\sdk\eventgrid\Microsoft.Azure.EventGrid\tests\Tests\ScenarioTests.PublishEvents.cs(112,17): error CS0103: The name 'TestUtilities' does not exist in the current context
C:\gh\azure-sdk-for-net\sdk\eventgrid\Microsoft.Azure.EventGrid\tests\Tests\ScenarioTests.PublishEvents.cs(115,17): error CS0246: The type or namespace name 'DomainSharedAccessKeys' could not be found (are you missing a using directive or an assembly reference?)
C:\gh\azure-sdk-for-net\sdk\eventgrid\Microsoft.Azure.EventGrid\tests\Tests\ScenarioTests.PublishEvents.cs(127,24): error CS0246: The type or namespace name 'ServiceClient<>' could not be found (are you missing a using directive or an assembly reference?)
C:\gh\azure-sdk-for-net\sdk\eventgrid\Microsoft.Azure.EventGrid\tests\Tests\ScenarioTests.PublishEvents.cs(127,17): error CS0246: The type or namespace name 'ServiceClient<>' could not be found (are you missing a using directive or an assembly reference?)
C:\gh\azure-sdk-for-net\sdk\eventgrid\Microsoft.Azure.EventGrid\tests\Tests\ScenarioTests.PublishEvents.cs(127,17): error CS0246: The type or namespace name 'IAzureClient' could not be found (are you missing a using directive or an assembly reference?)
C:\gh\azure-sdk-for-net\sdk\eventgrid\Microsoft.Azure.EventGrid\tests\Tests\ConsumeEventTests.cs(127,13): error CS0103: The name 'Assert' does not exist in the current context
C:\gh\azure-sdk-for-net\sdk\eventgrid\Microsoft.Azure.EventGrid\tests\Tests\ConsumeEventTests.cs(128,13): error CS0103: The name 'Assert' does not exist in the current context
C:\gh\azure-sdk-for-net\sdk\eventgrid\Microsoft.Azure.EventGrid\tests\Tests\ConsumeEventTests.cs(129,13): error CS0103: The name 'Assert' does not exist in the current context
C:\gh\azure-sdk-for-net\sdk\eventgrid\Microsoft.Azure.EventGrid\tests\Tests\ConsumeEventTests.cs(131,13): error CS0103: The name 'Assert' does not exist in the current context
C:\gh\azure-sdk-for-net\sdk\eventgrid\Microsoft.Azure.EventGrid\tests\Tests\ConsumeEventTests.cs(142,13): error CS0246: The type or namespace name 'JsonSerializer' could not be found (are you missing a using directive or an assembly reference?)
C:\gh\azure-sdk-for-net\sdk\eventgrid\Microsoft.Azure.EventGrid\tests\Tests\ConsumeEventTests.cs(142,49): error CS0246: The type or namespace name 'JsonSerializer' could not be found (are you missing a using directive or an assembly reference?)
C:\gh\azure-sdk-for-net\sdk\eventgrid\Microsoft.Azure.EventGrid\tests\Tests\ConsumeEventTests.cs(143,47): error CS0246: The type or namespace name 'PolymorphicDeserializeJsonConverter<>' could not be found (are you missing a using directive or an assembly reference?)
C:\gh\azure-sdk-for-net\sdk\eventgrid\Microsoft.Azure.EventGrid\tests\Tests\ConsumeEventTests.cs(145,26): error CS0246: The type or namespace name 'JsonSerializer' could not be found (are you missing a using directive or an assembly reference?)
C:\gh\azure-sdk-for-net\sdk\eventgrid\Microsoft.Azure.EventGrid\tests\Tests\ConsumeEventTests.cs(147,13): error CS0103: The name 'Assert' does not exist in the current context
C:\gh\azure-sdk-for-net\sdk\eventgrid\Microsoft.Azure.EventGrid\tests\Tests\ConsumeEventTests.cs(148,13): error CS0103: The name 'Assert' does not exist in the current context
C:\gh\azure-sdk-for-net\sdk\eventgrid\Microsoft.Azure.EventGrid\tests\Tests\ConsumeEventTests.cs(149,13): error CS0103: The name 'Assert' does not exist in the current context
C:\gh\azure-sdk-for-net\sdk\eventgrid\Microsoft.Azure.EventGrid\tests\Tests\ConsumeEventTests.cs(150,13): error CS0103: The name 'Assert' does not exist in the current context
C:\gh\azure-sdk-for-net\sdk\eventgrid\Microsoft.Azure.EventGrid\tests\Tests\ConsumeEventTests.cs(152,13): error CS0103: The name 'Assert' does not exist in the current context
C:\gh\azure-sdk-for-net\sdk\eventgrid\Microsoft.Azure.EventGrid\tests\Tests\ConsumeEventTests.cs(155,13): error CS0103: The name 'Assert' does not exist in the current context
C:\gh\azure-sdk-for-net\sdk\eventgrid\Microsoft.Azure.EventGrid\tests\Tests\ConsumeEventTests.cs(166,13): error CS0103: The name 'Assert' does not exist in the current context
C:\gh\azure-sdk-for-net\sdk\eventgrid\Microsoft.Azure.EventGrid\tests\Tests\ConsumeEventTests.cs(168,13): error CS0103: The name 'Assert' does not exist in the current context
C:\gh\azure-sdk-for-net\sdk\eventgrid\Microsoft.Azure.EventGrid\tests\Tests\ConsumeEventTests.cs(169,13): error CS0103: The name 'Assert' does not exist in the current context
C:\gh\azure-sdk-for-net\sdk\eventgrid\Microsoft.Azure.EventGrid\tests\Tests\ConsumeEventTests.cs(171,13): error CS0103: The name 'Assert' does not exist in the current context
C:\gh\azure-sdk-for-net\sdk\eventgrid\Microsoft.Azure.EventGrid\tests\Tests\ConsumeEventTests.cs(172,13): error CS0103: The name 'Assert' does not exist in the current context
C:\gh\azure-sdk-for-net\sdk\eventgrid\Microsoft.Azure.EventGrid\tests\Tests\ConsumeEventTests.cs(182,13): error CS0103: The name 'Assert' does not exist in the current context
C:\gh\azure-sdk-for-net\sdk\eventgrid\Microsoft.Azure.EventGrid\tests\Tests\ConsumeEventTests.cs(183,13): error CS0103: The name 'Assert' does not exist in the current context
C:\gh\azure-sdk-for-net\sdk\eventgrid\Microsoft.Azure.EventGrid\tests\Tests\ConsumeEventTests.cs(184,13): error CS0103: The name 'Assert' does not exist in the current context
C:\gh\azure-sdk-for-net\sdk\eventgrid\Microsoft.Azure.EventGrid\tests\Tests\ConsumeEventTests.cs(185,13): error CS0103: The name 'Assert' does not exist in the current context
C:\gh\azure-sdk-for-net\sdk\eventgrid\Microsoft.Azure.EventGrid\tests\Tests\ConsumeEventTests.cs(186,13): error CS0103: The name 'Assert' does not exist in the current context
C:\gh\azure-sdk-for-net\sdk\eventgrid\Microsoft.Azure.EventGrid\tests\Tests\ConsumeEventTests.cs(187,13): error CS0103: The name 'Assert' does not exist in the current context
C:\gh\azure-sdk-for-net\sdk\eventgrid\Microsoft.Azure.EventGrid\tests\Tests\ConsumeEventTests.cs(189,13): error CS0103: The name 'Assert' does not exist in the current context
C:\gh\azure-sdk-for-net\sdk\eventgrid\Microsoft.Azure.EventGrid\tests\Tests\ConsumeEventTests.cs(202,17): error CS0103: The name 'Assert' does not exist in the current context
C:\gh\azure-sdk-for-net\sdk\eventgrid\Microsoft.Azure.EventGrid\tests\Tests\ConsumeEventTests.cs(203,17): error CS0103: The name 'Assert' does not exist in the current context
C:\gh\azure-sdk-for-net\sdk\eventgrid\Microsoft.Azure.EventGrid\tests\Tests\ConsumeEventTests.cs(205,17): error CS0103: The name 'Assert' does not exist in the current context
C:\gh\azure-sdk-for-net\sdk\eventgrid\Microsoft.Azure.EventGrid\tests\Tests\ConsumeEventTests.cs(219,17): error CS0246: The type or namespace name 'JsonSerializer' could not be found (are you missing a using directive or an assembly reference?)
C:\gh\azure-sdk-for-net\sdk\eventgrid\Microsoft.Azure.EventGrid\tests\Tests\ConsumeEventTests.cs(219,53): error CS0246: The type or namespace name 'JsonSerializer' could not be found (are you missing a using directive or an assembly reference?)
C:\gh\azure-sdk-for-net\sdk\eventgrid\Microsoft.Azure.EventGrid\tests\Tests\ConsumeEventTests.cs(220,51): error CS0246: The type or namespace name 'PolymorphicDeserializeJsonConverter<>' could not be found (are you missing a using directive or an assembly reference?)
C:\gh\azure-sdk-for-net\sdk\eventgrid\Microsoft.Azure.EventGrid\tests\Tests\ConsumeEventTests.cs(222,30): error CS0246: The type or namespace name 'JsonSerializer' could not be found (are you missing a using directive or an assembly reference?)
C:\gh\azure-sdk-for-net\sdk\eventgrid\Microsoft.Azure.EventGrid\tests\Tests\ConsumeEventTests.cs(224,17): error CS0103: The name 'Assert' does not exist in the current context
C:\gh\azure-sdk-for-net\sdk\eventgrid\Microsoft.Azure.EventGrid\tests\Tests\ConsumeEventTests.cs(225,17): error CS0103: The name 'Assert' does not exist in the current context
C:\gh\azure-sdk-for-net\sdk\eventgrid\Microsoft.Azure.EventGrid\tests\Tests\ConsumeEventTests.cs(226,17): error CS0103: The name 'Assert' does not exist in the current context
C:\gh\azure-sdk-for-net\sdk\eventgrid\Microsoft.Azure.EventGrid\tests\Tests\ConsumeEventTests.cs(227,17): error CS0103: The name 'Assert' does not exist in the current context
C:\gh\azure-sdk-for-net\sdk\eventgrid\Microsoft.Azure.EventGrid\tests\Tests\ConsumeEventTests.cs(229,17): error CS0103: The name 'Assert' does not exist in the current context
C:\gh\azure-sdk-for-net\sdk\eventgrid\Microsoft.Azure.EventGrid\tests\Tests\ConsumeEventTests.cs(232,17): error CS0103: The name 'Assert' does not exist in the current context
C:\gh\azure-sdk-for-net\sdk\eventgrid\Microsoft.Azure.EventGrid\tests\Tests\ConsumeEventTests.cs(246,13): error CS0103: The name 'Assert' does not exist in the current context
C:\gh\azure-sdk-for-net\sdk\eventgrid\Microsoft.Azure.EventGrid\tests\Tests\ConsumeEventTests.cs(247,13): error CS0103: The name 'Assert' does not exist in the current context
C:\gh\azure-sdk-for-net\sdk\eventgrid\Microsoft.Azure.EventGrid\tests\Tests\ConsumeEventTests.cs(249,13): error CS0103: The name 'Assert' does not exist in the current context
C:\gh\azure-sdk-for-net\sdk\eventgrid\Microsoft.Azure.EventGrid\tests\Tests\ConsumeEventTests.cs(259,13): error CS0103: The name 'Assert' does not exist in the current context
C:\gh\azure-sdk-for-net\sdk\eventgrid\Microsoft.Azure.EventGrid\tests\Tests\ConsumeEventTests.cs(260,13): error CS0103: The name 'Assert' does not exist in the current context
C:\gh\azure-sdk-for-net\sdk\eventgrid\Microsoft.Azure.EventGrid\tests\Tests\ConsumeEventTests.cs(262,13): error CS0103: The name 'Assert' does not exist in the current context
C:\gh\azure-sdk-for-net\sdk\eventgrid\Microsoft.Azure.EventGrid\tests\Tests\ConsumeEventTests.cs(272,13): error CS0103: The name 'Assert' does not exist in the current context
C:\gh\azure-sdk-for-net\sdk\eventgrid\Microsoft.Azure.EventGrid\tests\Tests\ConsumeEventTests.cs(273,13): error CS0103: The name 'Assert' does not exist in the current context
C:\gh\azure-sdk-for-net\sdk\eventgrid\Microsoft.Azure.EventGrid\tests\Tests\ConsumeEventTests.cs(275,13): error CS0103: The name 'Assert' does not exist in the current context
C:\gh\azure-sdk-for-net\sdk\eventgrid\Microsoft.Azure.EventGrid\tests\Tests\ConsumeEventTests.cs(285,13): error CS0103: The name 'Assert' does not exist in the current context
C:\gh\azure-sdk-for-net\sdk\eventgrid\Microsoft.Azure.EventGrid\tests\Tests\ConsumeEventTests.cs(286,13): error CS0103: The name 'Assert' does not exist in the current context
C:\gh\azure-sdk-for-net\sdk\eventgrid\Microsoft.Azure.EventGrid\tests\Tests\ConsumeEventTests.cs(288,13): error CS0103: The name 'Assert' does not exist in the current context
C:\gh\azure-sdk-for-net\sdk\eventgrid\Microsoft.Azure.EventGrid\tests\Tests\ConsumeEventTests.cs(299,13): error CS0103: The name 'Assert' does not exist in the current context
C:\gh\azure-sdk-for-net\sdk\eventgrid\Microsoft.Azure.EventGrid\tests\Tests\ConsumeEventTests.cs(300,13): error CS0103: The name 'Assert' does not exist in the current context
C:\gh\azure-sdk-for-net\sdk\eventgrid\Microsoft.Azure.EventGrid\tests\Tests\ConsumeEventTests.cs(302,13): error CS0103: The name 'Assert' does not exist in the current context
C:\gh\azure-sdk-for-net\sdk\eventgrid\Microsoft.Azure.EventGrid\tests\Tests\ConsumeEventTests.cs(312,13): error CS0103: The name 'Assert' does not exist in the current context
C:\gh\azure-sdk-for-net\sdk\eventgrid\Microsoft.Azure.EventGrid\tests\Tests\ConsumeEventTests.cs(313,13): error CS0103: The name 'Assert' does not exist in the current context
C:\gh\azure-sdk-for-net\sdk\eventgrid\Microsoft.Azure.EventGrid\tests\Tests\ConsumeEventTests.cs(315,13): error CS0103: The name 'Assert' does not exist in the current context
C:\gh\azure-sdk-for-net\sdk\eventgrid\Microsoft.Azure.EventGrid\tests\Tests\ConsumeEventTests.cs(325,13): error CS0103: The name 'Assert' does not exist in the current context
C:\gh\azure-sdk-for-net\sdk\eventgrid\Microsoft.Azure.EventGrid\tests\Tests\ConsumeEventTests.cs(326,13): error CS0103: The name 'Assert' does not exist in the current context
C:\gh\azure-sdk-for-net\sdk\eventgrid\Microsoft.Azure.EventGrid\tests\Tests\ConsumeEventTests.cs(328,13): error CS0103: The name 'Assert' does not exist in the current context
C:\gh\azure-sdk-for-net\sdk\eventgrid\Microsoft.Azure.EventGrid\tests\Tests\ConsumeEventTests.cs(338,13): error CS0103: The name 'Assert' does not exist in the current context
C:\gh\azure-sdk-for-net\sdk\eventgrid\Microsoft.Azure.EventGrid\tests\Tests\ConsumeEventTests.cs(339,13): error CS0103: The name 'Assert' does not exist in the current context
C:\gh\azure-sdk-for-net\sdk\eventgrid\Microsoft.Azure.EventGrid\tests\Tests\ConsumeEventTests.cs(341,13): error CS0103: The name 'Assert' does not exist in the current context
C:\gh\azure-sdk-for-net\sdk\eventgrid\Microsoft.Azure.EventGrid\tests\Tests\ConsumeEventTests.cs(351,13): error CS0103: The name 'Assert' does not exist in the current context
C:\gh\azure-sdk-for-net\sdk\eventgrid\Microsoft.Azure.EventGrid\tests\Tests\ConsumeEventTests.cs(352,13): error CS0103: The name 'Assert' does not exist in the current context
C:\gh\azure-sdk-for-net\sdk\eventgrid\Microsoft.Azure.EventGrid\tests\Tests\ConsumeEventTests.cs(354,13): error CS0103: The name 'Assert' does not exist in the current context
C:\gh\azure-sdk-for-net\sdk\eventgrid\Microsoft.Azure.EventGrid\tests\Tests\ConsumeEventTests.cs(365,13): error CS0103: The name 'Assert' does not exist in the current context
C:\gh\azure-sdk-for-net\sdk\eventgrid\Microsoft.Azure.EventGrid\tests\Tests\ConsumeEventTests.cs(366,13): error CS0103: The name 'Assert' does not exist in the current context
C:\gh\azure-sdk-for-net\sdk\eventgrid\Microsoft.Azure.EventGrid\tests\Tests\ConsumeEventTests.cs(368,13): error CS0103: The name 'Assert' does not exist in the current context
C:\gh\azure-sdk-for-net\sdk\eventgrid\Microsoft.Azure.EventGrid\tests\Tests\ConsumeEventTests.cs(378,13): error CS0103: The name 'Assert' does not exist in the current context
C:\gh\azure-sdk-for-net\sdk\eventgrid\Microsoft.Azure.EventGrid\tests\Tests\ConsumeEventTests.cs(379,13): error CS0103: The name 'Assert' does not exist in the current context
C:\gh\azure-sdk-for-net\sdk\eventgrid\Microsoft.Azure.EventGrid\tests\Tests\ConsumeEventTests.cs(381,13): error CS0103: The name 'Assert' does not exist in the current context
C:\gh\azure-sdk-for-net\sdk\eventgrid\Microsoft.Azure.EventGrid\tests\Tests\ConsumeEventTests.cs(392,13): error CS0103: The name 'Assert' does not exist in the current context
C:\gh\azure-sdk-for-net\sdk\eventgrid\Microsoft.Azure.EventGrid\tests\Tests\ConsumeEventTests.cs(393,13): error CS0103: The name 'Assert' does not exist in the current context
C:\gh\azure-sdk-for-net\sdk\eventgrid\Microsoft.Azure.EventGrid\tests\Tests\ConsumeEventTests.cs(395,13): error CS0103: The name 'Assert' does not exist in the current context
C:\gh\azure-sdk-for-net\sdk\eventgrid\Microsoft.Azure.EventGrid\tests\Tests\ConsumeEventTests.cs(405,13): error CS0103: The name 'Assert' does not exist in the current context
C:\gh\azure-sdk-for-net\sdk\eventgrid\Microsoft.Azure.EventGrid\tests\Tests\ConsumeEventTests.cs(406,13): error CS0103: The name 'Assert' does not exist in the current context
C:\gh\azure-sdk-for-net\sdk\eventgrid\Microsoft.Azure.EventGrid\tests\Tests\ConsumeEventTests.cs(408,13): error CS0103: The name 'Assert' does not exist in the current context
C:\gh\azure-sdk-for-net\sdk\eventgrid\Microsoft.Azure.EventGrid\tests\Tests\ConsumeEventTests.cs(409,13): error CS0103: The name 'Assert' does not exist in the current context
C:\gh\azure-sdk-for-net\sdk\eventgrid\Microsoft.Azure.EventGrid\tests\Tests\ConsumeEventTests.cs(411,13): error CS0103: The name 'Assert' does not exist in the current context
C:\gh\azure-sdk-for-net\sdk\eventgrid\Microsoft.Azure.EventGrid\tests\Tests\ConsumeEventTests.cs(411,48): error CS0246: The type or namespace name 'JObject' could not be found (are you missing a using directive or an assembly reference?)
C:\gh\azure-sdk-for-net\sdk\eventgrid\Microsoft.Azure.EventGrid\tests\Tests\ConsumeEventTests.cs(412,25): error CS0246: The type or namespace name 'JObject' could not be found (are you missing a using directive or an assembly reference?)
C:\gh\azure-sdk-for-net\sdk\eventgrid\Microsoft.Azure.EventGrid\tests\Tests\ConsumeEventTests.cs(413,13): error CS0103: The name 'Assert' does not exist in the current context
C:\gh\azure-sdk-for-net\sdk\eventgrid\Microsoft.Azure.EventGrid\tests\Tests\ConsumeEventTests.cs(415,13): error CS0103: The name 'Assert' does not exist in the current context
C:\gh\azure-sdk-for-net\sdk\eventgrid\Microsoft.Azure.EventGrid\tests\Tests\ConsumeEventTests.cs(415,54): error CS0246: The type or namespace name 'JObject' could not be found (are you missing a using directive or an assembly reference?)
C:\gh\azure-sdk-for-net\sdk\eventgrid\Microsoft.Azure.EventGrid\tests\Tests\ConsumeEventTests.cs(416,31): error CS0246: The type or namespace name 'JObject' could not be found (are you missing a using directive or an assembly reference?)
C:\gh\azure-sdk-for-net\sdk\eventgrid\Microsoft.Azure.EventGrid\tests\Tests\ConsumeEventTests.cs(417,13): error CS0103: The name 'Assert' does not exist in the current context
C:\gh\azure-sdk-for-net\sdk\eventgrid\Microsoft.Azure.EventGrid\tests\Tests\ConsumeEventTests.cs(426,13): error CS0103: The name 'Assert' does not exist in the current context
C:\gh\azure-sdk-for-net\sdk\eventgrid\Microsoft.Azure.EventGrid\tests\Tests\ConsumeEventTests.cs(427,13): error CS0103: The name 'Assert' does not exist in the current context
C:\gh\azure-sdk-for-net\sdk\eventgrid\Microsoft.Azure.EventGrid\tests\Tests\ConsumeEventTests.cs(429,13): error CS0103: The name 'Assert' does not exist in the current context
C:\gh\azure-sdk-for-net\sdk\eventgrid\Microsoft.Azure.EventGrid\tests\Tests\ConsumeEventTests.cs(430,13): error CS0103: The name 'Assert' does not exist in the current context
C:\gh\azure-sdk-for-net\sdk\eventgrid\Microsoft.Azure.EventGrid\tests\Tests\ConsumeEventTests.cs(439,13): error CS0103: The name 'Assert' does not exist in the current context
C:\gh\azure-sdk-for-net\sdk\eventgrid\Microsoft.Azure.EventGrid\tests\Tests\ConsumeEventTests.cs(440,13): error CS0103: The name 'Assert' does not exist in the current context
C:\gh\azure-sdk-for-net\sdk\eventgrid\Microsoft.Azure.EventGrid\tests\Tests\ConsumeEventTests.cs(442,13): error CS0103: The name 'Assert' does not exist in the current context
C:\gh\azure-sdk-for-net\sdk\eventgrid\Microsoft.Azure.EventGrid\tests\Tests\ConsumeEventTests.cs(443,13): error CS0103: The name 'Assert' does not exist in the current context
C:\gh\azure-sdk-for-net\sdk\eventgrid\Microsoft.Azure.EventGrid\tests\Tests\ConsumeEventTests.cs(452,13): error CS0103: The name 'Assert' does not exist in the current context
C:\gh\azure-sdk-for-net\sdk\eventgrid\Microsoft.Azure.EventGrid\tests\Tests\ConsumeEventTests.cs(453,13): error CS0103: The name 'Assert' does not exist in the current context
C:\gh\azure-sdk-for-net\sdk\eventgrid\Microsoft.Azure.EventGrid\tests\Tests\ConsumeEventTests.cs(455,13): error CS0103: The name 'Assert' does not exist in the current context
C:\gh\azure-sdk-for-net\sdk\eventgrid\Microsoft.Azure.EventGrid\tests\Tests\ConsumeEventTests.cs(456,13): error CS0103: The name 'Assert' does not exist in the current context
C:\gh\azure-sdk-for-net\sdk\eventgrid\Microsoft.Azure.EventGrid\tests\Tests\ConsumeEventTests.cs(457,13): error CS0103: The name 'Assert' does not exist in the current context
C:\gh\azure-sdk-for-net\sdk\eventgrid\Microsoft.Azure.EventGrid\tests\Tests\ConsumeEventTests.cs(458,13): error CS0103: The name 'Assert' does not exist in the current context
C:\gh\azure-sdk-for-net\sdk\eventgrid\Microsoft.Azure.EventGrid\tests\Tests\ConsumeEventTests.cs(467,13): error CS0103: The name 'Assert' does not exist in the current context
C:\gh\azure-sdk-for-net\sdk\eventgrid\Microsoft.Azure.EventGrid\tests\Tests\ConsumeEventTests.cs(468,13): error CS0103: The name 'Assert' does not exist in the current context
C:\gh\azure-sdk-for-net\sdk\eventgrid\Microsoft.Azure.EventGrid\tests\Tests\ConsumeEventTests.cs(470,13): error CS0103: The name 'Assert' does not exist in the current context
C:\gh\azure-sdk-for-net\sdk\eventgrid\Microsoft.Azure.EventGrid\tests\Tests\ConsumeEventTests.cs(480,13): error CS0103: The name 'Assert' does not exist in the current context
C:\gh\azure-sdk-for-net\sdk\eventgrid\Microsoft.Azure.EventGrid\tests\Tests\ConsumeEventTests.cs(481,13): error CS0103: The name 'Assert' does not exist in the current context
C:\gh\azure-sdk-for-net\sdk\eventgrid\Microsoft.Azure.EventGrid\tests\Tests\ConsumeEventTests.cs(483,13): error CS0103: The name 'Assert' does not exist in the current context
C:\gh\azure-sdk-for-net\sdk\eventgrid\Microsoft.Azure.EventGrid\tests\Tests\ConsumeEventTests.cs(492,13): error CS0103: The name 'Assert' does not exist in the current context
C:\gh\azure-sdk-for-net\sdk\eventgrid\Microsoft.Azure.EventGrid\tests\Tests\ConsumeEventTests.cs(493,13): error CS0103: The name 'Assert' does not exist in the current context
C:\gh\azure-sdk-for-net\sdk\eventgrid\Microsoft.Azure.EventGrid\tests\Tests\ConsumeEventTests.cs(495,13): error CS0103: The name 'Assert' does not exist in the current context
C:\gh\azure-sdk-for-net\sdk\eventgrid\Microsoft.Azure.EventGrid\tests\Tests\ConsumeEventTests.cs(504,13): error CS0103: The name 'Assert' does not exist in the current context
C:\gh\azure-sdk-for-net\sdk\eventgrid\Microsoft.Azure.EventGrid\tests\Tests\ConsumeEventTests.cs(505,13): error CS0103: The name 'Assert' does not exist in the current context
C:\gh\azure-sdk-for-net\sdk\eventgrid\Microsoft.Azure.EventGrid\tests\Tests\ConsumeEventTests.cs(507,13): error CS0103: The name 'Assert' does not exist in the current context
C:\gh\azure-sdk-for-net\sdk\eventgrid\Microsoft.Azure.EventGrid\tests\Tests\ConsumeEventTests.cs(517,13): error CS0103: The name 'Assert' does not exist in the current context
C:\gh\azure-sdk-for-net\sdk\eventgrid\Microsoft.Azure.EventGrid\tests\Tests\ConsumeEventTests.cs(518,13): error CS0103: The name 'Assert' does not exist in the current context
C:\gh\azure-sdk-for-net\sdk\eventgrid\Microsoft.Azure.EventGrid\tests\Tests\ConsumeEventTests.cs(520,13): error CS0103: The name 'Assert' does not exist in the current context
C:\gh\azure-sdk-for-net\sdk\eventgrid\Microsoft.Azure.EventGrid\tests\Tests\ConsumeEventTests.cs(521,13): error CS0103: The name 'Assert' does not exist in the current context
C:\gh\azure-sdk-for-net\sdk\eventgrid\Microsoft.Azure.EventGrid\tests\Tests\ConsumeEventTests.cs(531,13): error CS0103: The name 'Assert' does not exist in the current context
C:\gh\azure-sdk-for-net\sdk\eventgrid\Microsoft.Azure.EventGrid\tests\Tests\ConsumeEventTests.cs(532,13): error CS0103: The name 'Assert' does not exist in the current context
C:\gh\azure-sdk-for-net\sdk\eventgrid\Microsoft.Azure.EventGrid\tests\Tests\ConsumeEventTests.cs(534,13): error CS0103: The name 'Assert' does not exist in the current context
C:\gh\azure-sdk-for-net\sdk\eventgrid\Microsoft.Azure.EventGrid\tests\Tests\ConsumeEventTests.cs(535,13): error CS0103: The name 'Assert' does not exist in the current context
C:\gh\azure-sdk-for-net\sdk\eventgrid\Microsoft.Azure.EventGrid\tests\Tests\ConsumeEventTests.cs(536,13): error CS0103: The name 'Assert' does not exist in the current context
C:\gh\azure-sdk-for-net\sdk\eventgrid\Microsoft.Azure.EventGrid\tests\Tests\ConsumeEventTests.cs(538,13): error CS0103: The name 'Assert' does not exist in the current context
C:\gh\azure-sdk-for-net\sdk\eventgrid\Microsoft.Azure.EventGrid\tests\Tests\ConsumeEventTests.cs(548,13): error CS0103: The name 'Assert' does not exist in the current context
C:\gh\azure-sdk-for-net\sdk\eventgrid\Microsoft.Azure.EventGrid\tests\Tests\ConsumeEventTests.cs(549,13): error CS0103: The name 'Assert' does not exist in the current context
C:\gh\azure-sdk-for-net\sdk\eventgrid\Microsoft.Azure.EventGrid\tests\Tests\ConsumeEventTests.cs(551,13): error CS0103: The name 'Assert' does not exist in the current context
C:\gh\azure-sdk-for-net\sdk\eventgrid\Microsoft.Azure.EventGrid\tests\Tests\ConsumeEventTests.cs(552,13): error CS0103: The name 'Assert' does not exist in the current context
C:\gh\azure-sdk-for-net\sdk\eventgrid\Microsoft.Azure.EventGrid\tests\Tests\ConsumeEventTests.cs(562,13): error CS0103: The name 'Assert' does not exist in the current context
C:\gh\azure-sdk-for-net\sdk\eventgrid\Microsoft.Azure.EventGrid\tests\Tests\ConsumeEventTests.cs(563,13): error CS0103: The name 'Assert' does not exist in the current context
C:\gh\azure-sdk-for-net\sdk\eventgrid\Microsoft.Azure.EventGrid\tests\Tests\ConsumeEventTests.cs(565,13): error CS0103: The name 'Assert' does not exist in the current context
C:\gh\azure-sdk-for-net\sdk\eventgrid\Microsoft.Azure.EventGrid\tests\Tests\ConsumeEventTests.cs(566,13): error CS0103: The name 'Assert' does not exist in the current context
C:\gh\azure-sdk-for-net\sdk\eventgrid\Microsoft.Azure.EventGrid\tests\Tests\ConsumeEventTests.cs(576,13): error CS0103: The name 'Assert' does not exist in the current context
C:\gh\azure-sdk-for-net\sdk\eventgrid\Microsoft.Azure.EventGrid\tests\Tests\ConsumeEventTests.cs(577,13): error CS0103: The name 'Assert' does not exist in the current context
C:\gh\azure-sdk-for-net\sdk\eventgrid\Microsoft.Azure.EventGrid\tests\Tests\ConsumeEventTests.cs(579,13): error CS0103: The name 'Assert' does not exist in the current context
C:\gh\azure-sdk-for-net\sdk\eventgrid\Microsoft.Azure.EventGrid\tests\Tests\ConsumeEventTests.cs(580,13): error CS0103: The name 'Assert' does not exist in the current context
C:\gh\azure-sdk-for-net\sdk\eventgrid\Microsoft.Azure.EventGrid\tests\Tests\ConsumeEventTests.cs(589,13): error CS0103: The name 'Assert' does not exist in the current context
C:\gh\azure-sdk-for-net\sdk\eventgrid\Microsoft.Azure.EventGrid\tests\Tests\ConsumeEventTests.cs(590,13): error CS0103: The name 'Assert' does not exist in the current context
C:\gh\azure-sdk-for-net\sdk\eventgrid\Microsoft.Azure.EventGrid\tests\Tests\ConsumeEventTests.cs(592,13): error CS0103: The name 'Assert' does not exist in the current context
C:\gh\azure-sdk-for-net\sdk\eventgrid\Microsoft.Azure.EventGrid\tests\Tests\ConsumeEventTests.cs(593,13): error CS0103: The name 'Assert' does not exist in the current context
C:\gh\azure-sdk-for-net\sdk\eventgrid\Microsoft.Azure.EventGrid\tests\Tests\ConsumeEventTests.cs(594,13): error CS0103: The name 'Assert' does not exist in the current context
C:\gh\azure-sdk-for-net\sdk\eventgrid\Microsoft.Azure.EventGrid\tests\Tests\ConsumeEventTests.cs(595,13): error CS0103: The name 'Assert' does not exist in the current context
C:\gh\azure-sdk-for-net\sdk\eventgrid\Microsoft.Azure.EventGrid\tests\Tests\ConsumeEventTests.cs(598,13): error CS0103: The name 'Assert' does not exist in the current context
C:\gh\azure-sdk-for-net\sdk\eventgrid\Microsoft.Azure.EventGrid\tests\Tests\ConsumeEventTests.cs(599,13): error CS0103: The name 'Assert' does not exist in the current context
C:\gh\azure-sdk-for-net\sdk\eventgrid\Microsoft.Azure.EventGrid\tests\Tests\ConsumeEventTests.cs(600,13): error CS0103: The name 'Assert' does not exist in the current context
C:\gh\azure-sdk-for-net\sdk\eventgrid\Microsoft.Azure.EventGrid\tests\Tests\ConsumeEventTests.cs(601,13): error CS0103: The name 'Assert' does not exist in the current context
C:\gh\azure-sdk-for-net\sdk\eventgrid\Microsoft.Azure.EventGrid\tests\Tests\ConsumeEventTests.cs(611,13): error CS0103: The name 'Assert' does not exist in the current context
C:\gh\azure-sdk-for-net\sdk\eventgrid\Microsoft.Azure.EventGrid\tests\Tests\ConsumeEventTests.cs(612,13): error CS0103: The name 'Assert' does not exist in the current context
C:\gh\azure-sdk-for-net\sdk\eventgrid\Microsoft.Azure.EventGrid\tests\Tests\ConsumeEventTests.cs(614,13): error CS0103: The name 'Assert' does not exist in the current context
C:\gh\azure-sdk-for-net\sdk\eventgrid\Microsoft.Azure.EventGrid\tests\Tests\ConsumeEventTests.cs(615,13): error CS0103: The name 'Assert' does not exist in the current context
C:\gh\azure-sdk-for-net\sdk\eventgrid\Microsoft.Azure.EventGrid\tests\Tests\ConsumeEventTests.cs(616,13): error CS0103: The name 'Assert' does not exist in the current context
C:\gh\azure-sdk-for-net\sdk\eventgrid\Microsoft.Azure.EventGrid\tests\Tests\ConsumeEventTests.cs(617,13): error CS0103: The name 'Assert' does not exist in the current context
C:\gh\azure-sdk-for-net\sdk\eventgrid\Microsoft.Azure.EventGrid\tests\Tests\ConsumeEventTests.cs(621,13): error CS0103: The name 'Assert' does not exist in the current context
C:\gh\azure-sdk-for-net\sdk\eventgrid\Microsoft.Azure.EventGrid\tests\Tests\ConsumeEventTests.cs(622,13): error CS0103: The name 'Assert' does not exist in the current context
C:\gh\azure-sdk-for-net\sdk\eventgrid\Microsoft.Azure.EventGrid\tests\Tests\ConsumeEventTests.cs(623,13): error CS0103: The name 'Assert' does not exist in the current context
C:\gh\azure-sdk-for-net\sdk\eventgrid\Microsoft.Azure.EventGrid\tests\Tests\ConsumeEventTests.cs(624,13): error CS0103: The name 'Assert' does not exist in the current context
C:\gh\azure-sdk-for-net\sdk\eventgrid\Microsoft.Azure.EventGrid\tests\Tests\ConsumeEventTests.cs(634,13): error CS0103: The name 'Assert' does not exist in the current context
C:\gh\azure-sdk-for-net\sdk\eventgrid\Microsoft.Azure.EventGrid\tests\Tests\ConsumeEventTests.cs(635,13): error CS0103: The name 'Assert' does not exist in the current context
C:\gh\azure-sdk-for-net\sdk\eventgrid\Microsoft.Azure.EventGrid\tests\Tests\ConsumeEventTests.cs(637,13): error CS0103: The name 'Assert' does not exist in the current context
C:\gh\azure-sdk-for-net\sdk\eventgrid\Microsoft.Azure.EventGrid\tests\Tests\ConsumeEventTests.cs(638,13): error CS0103: The name 'Assert' does not exist in the current context
C:\gh\azure-sdk-for-net\sdk\eventgrid\Microsoft.Azure.EventGrid\tests\Tests\ConsumeEventTests.cs(639,13): error CS0103: The name 'Assert' does not exist in the current context
C:\gh\azure-sdk-for-net\sdk\eventgrid\Microsoft.Azure.EventGrid\tests\Tests\ConsumeEventTests.cs(640,13): error CS0103: The name 'Assert' does not exist in the current context
C:\gh\azure-sdk-for-net\sdk\eventgrid\Microsoft.Azure.EventGrid\tests\Tests\ConsumeEventTests.cs(642,13): error CS0103: The name 'Assert' does not exist in the current context
C:\gh\azure-sdk-for-net\sdk\eventgrid\Microsoft.Azure.EventGrid\tests\Tests\ConsumeEventTests.cs(643,13): error CS0103: The name 'Assert' does not exist in the current context
C:\gh\azure-sdk-for-net\sdk\eventgrid\Microsoft.Azure.EventGrid\tests\Tests\ConsumeEventTests.cs(644,13): error CS0103: The name 'Assert' does not exist in the current context
C:\gh\azure-sdk-for-net\sdk\eventgrid\Microsoft.Azure.EventGrid\tests\Tests\ConsumeEventTests.cs(645,13): error CS0103: The name 'Assert' does not exist in the current context
C:\gh\azure-sdk-for-net\sdk\eventgrid\Microsoft.Azure.EventGrid\tests\Tests\ConsumeEventTests.cs(655,13): error CS0103: The name 'Assert' does not exist in the current context
C:\gh\azure-sdk-for-net\sdk\eventgrid\Microsoft.Azure.EventGrid\tests\Tests\ConsumeEventTests.cs(656,13): error CS0103: The name 'Assert' does not exist in the current context
C:\gh\azure-sdk-for-net\sdk\eventgrid\Microsoft.Azure.EventGrid\tests\Tests\ConsumeEventTests.cs(658,13): error CS0103: The name 'Assert' does not exist in the current context
C:\gh\azure-sdk-for-net\sdk\eventgrid\Microsoft.Azure.EventGrid\tests\Tests\ConsumeEventTests.cs(659,13): error CS0103: The name 'Assert' does not exist in the current context
C:\gh\azure-sdk-for-net\sdk\eventgrid\Microsoft.Azure.EventGrid\tests\Tests\ConsumeEventTests.cs(660,13): error CS0103: The name 'Assert' does not exist in the current context
C:\gh\azure-sdk-for-net\sdk\eventgrid\Microsoft.Azure.EventGrid\tests\Tests\ConsumeEventTests.cs(670,13): error CS0103: The name 'Assert' does not exist in the current context
C:\gh\azure-sdk-for-net\sdk\eventgrid\Microsoft.Azure.EventGrid\tests\Tests\ConsumeEventTests.cs(671,13): error CS0103: The name 'Assert' does not exist in the current context
C:\gh\azure-sdk-for-net\sdk\eventgrid\Microsoft.Azure.EventGrid\tests\Tests\ConsumeEventTests.cs(673,13): error CS0103: The name 'Assert' does not exist in the current context
C:\gh\azure-sdk-for-net\sdk\eventgrid\Microsoft.Azure.EventGrid\tests\Tests\ConsumeEventTests.cs(674,13): error CS0103: The name 'Assert' does not exist in the current context
C:\gh\azure-sdk-for-net\sdk\eventgrid\Microsoft.Azure.EventGrid\tests\Tests\ConsumeEventTests.cs(675,13): error CS0103: The name 'Assert' does not exist in the current context
C:\gh\azure-sdk-for-net\sdk\eventgrid\Microsoft.Azure.EventGrid\tests\Tests\ConsumeEventTests.cs(685,13): error CS0103: The name 'Assert' does not exist in the current context
C:\gh\azure-sdk-for-net\sdk\eventgrid\Microsoft.Azure.EventGrid\tests\Tests\ConsumeEventTests.cs(686,13): error CS0103: The name 'Assert' does not exist in the current context
C:\gh\azure-sdk-for-net\sdk\eventgrid\Microsoft.Azure.EventGrid\tests\Tests\ConsumeEventTests.cs(688,13): error CS0103: The name 'Assert' does not exist in the current context
C:\gh\azure-sdk-for-net\sdk\eventgrid\Microsoft.Azure.EventGrid\tests\Tests\ConsumeEventTests.cs(689,13): error CS0103: The name 'Assert' does not exist in the current context
C:\gh\azure-sdk-for-net\sdk\eventgrid\Microsoft.Azure.EventGrid\tests\Tests\ConsumeEventTests.cs(690,13): error CS0103: The name 'Assert' does not exist in the current context
C:\gh\azure-sdk-for-net\sdk\eventgrid\Microsoft.Azure.EventGrid\tests\Tests\ConsumeEventTests.cs(691,13): error CS0103: The name 'Assert' does not exist in the current context
C:\gh\azure-sdk-for-net\sdk\eventgrid\Microsoft.Azure.EventGrid\tests\Tests\ConsumeEventTests.cs(692,13): error CS0103: The name 'Assert' does not exist in the current context
C:\gh\azure-sdk-for-net\sdk\eventgrid\Microsoft.Azure.EventGrid\tests\Tests\ConsumeEventTests.cs(693,13): error CS0103: The name 'Assert' does not exist in the current context
C:\gh\azure-sdk-for-net\sdk\eventgrid\Microsoft.Azure.EventGrid\tests\Tests\ConsumeEventTests.cs(703,13): error CS0103: The name 'Assert' does not exist in the current context
C:\gh\azure-sdk-for-net\sdk\eventgrid\Microsoft.Azure.EventGrid\tests\Tests\ConsumeEventTests.cs(704,13): error CS0103: The name 'Assert' does not exist in the current context
C:\gh\azure-sdk-for-net\sdk\eventgrid\Microsoft.Azure.EventGrid\tests\Tests\ConsumeEventTests.cs(706,13): error CS0103: The name 'Assert' does not exist in the current context
C:\gh\azure-sdk-for-net\sdk\eventgrid\Microsoft.Azure.EventGrid\tests\Tests\ConsumeEventTests.cs(707,13): error CS0103: The name 'Assert' does not exist in the current context
C:\gh\azure-sdk-for-net\sdk\eventgrid\Microsoft.Azure.EventGrid\tests\Tests\ConsumeEventTests.cs(708,13): error CS0103: The name 'Assert' does not exist in the current context
C:\gh\azure-sdk-for-net\sdk\eventgrid\Microsoft.Azure.EventGrid\tests\Tests\ConsumeEventTests.cs(709,13): error CS0103: The name 'Assert' does not exist in the current context
C:\gh\azure-sdk-for-net\sdk\eventgrid\Microsoft.Azure.EventGrid\tests\Tests\ConsumeEventTests.cs(712,13): error CS0103: The name 'Assert' does not exist in the current context
C:\gh\azure-sdk-for-net\sdk\eventgrid\Microsoft.Azure.EventGrid\tests\Tests\ConsumeEventTests.cs(722,13): error CS0103: The name 'Assert' does not exist in the current context
C:\gh\azure-sdk-for-net\sdk\eventgrid\Microsoft.Azure.EventGrid\tests\Tests\ConsumeEventTests.cs(723,13): error CS0103: The name 'Assert' does not exist in the current context
C:\gh\azure-sdk-for-net\sdk\eventgrid\Microsoft.Azure.EventGrid\tests\Tests\ConsumeEventTests.cs(725,13): error CS0103: The name 'Assert' does not exist in the current context
C:\gh\azure-sdk-for-net\sdk\eventgrid\Microsoft.Azure.EventGrid\tests\Tests\ConsumeEventTests.cs(726,13): error CS0103: The name 'Assert' does not exist in the current context
C:\gh\azure-sdk-for-net\sdk\eventgrid\Microsoft.Azure.EventGrid\tests\Tests\ConsumeEventTests.cs(727,13): error CS0103: The name 'Assert' does not exist in the current context
C:\gh\azure-sdk-for-net\sdk\eventgrid\Microsoft.Azure.EventGrid\tests\Tests\ConsumeEventTests.cs(737,13): error CS0103: The name 'Assert' does not exist in the current context
C:\gh\azure-sdk-for-net\sdk\eventgrid\Microsoft.Azure.EventGrid\tests\Tests\ConsumeEventTests.cs(738,13): error CS0103: The name 'Assert' does not exist in the current context
C:\gh\azure-sdk-for-net\sdk\eventgrid\Microsoft.Azure.EventGrid\tests\Tests\ConsumeEventTests.cs(740,13): error CS0103: The name 'Assert' does not exist in the current context
C:\gh\azure-sdk-for-net\sdk\eventgrid\Microsoft.Azure.EventGrid\tests\Tests\ConsumeEventTests.cs(741,13): error CS0103: The name 'Assert' does not exist in the current context
C:\gh\azure-sdk-for-net\sdk\eventgrid\Microsoft.Azure.EventGrid\tests\Tests\ConsumeEventTests.cs(742,13): error CS0103: The name 'Assert' does not exist in the current context
C:\gh\azure-sdk-for-net\sdk\eventgrid\Microsoft.Azure.EventGrid\tests\Tests\ConsumeEventTests.cs(752,13): error CS0103: The name 'Assert' does not exist in the current context
C:\gh\azure-sdk-for-net\sdk\eventgrid\Microsoft.Azure.EventGrid\tests\Tests\ConsumeEventTests.cs(753,13): error CS0103: The name 'Assert' does not exist in the current context
C:\gh\azure-sdk-for-net\sdk\eventgrid\Microsoft.Azure.EventGrid\tests\Tests\ConsumeEventTests.cs(755,13): error CS0103: The name 'Assert' does not exist in the current context
C:\gh\azure-sdk-for-net\sdk\eventgrid\Microsoft.Azure.EventGrid\tests\Tests\ConsumeEventTests.cs(756,13): error CS0103: The name 'Assert' does not exist in the current context
C:\gh\azure-sdk-for-net\sdk\eventgrid\Microsoft.Azure.EventGrid\tests\Tests\ConsumeEventTests.cs(757,13): error CS0103: The name 'Assert' does not exist in the current context
C:\gh\azure-sdk-for-net\sdk\eventgrid\Microsoft.Azure.EventGrid\tests\Tests\ConsumeEventTests.cs(758,13): error CS0103: The name 'Assert' does not exist in the current context
C:\gh\azure-sdk-for-net\sdk\eventgrid\Microsoft.Azure.EventGrid\tests\Tests\ConsumeEventTests.cs(759,13): error CS0103: The name 'Assert' does not exist in the current context
C:\gh\azure-sdk-for-net\sdk\eventgrid\Microsoft.Azure.EventGrid\tests\Tests\ConsumeEventTests.cs(760,13): error CS0103: The name 'Assert' does not exist in the current context
C:\gh\azure-sdk-for-net\sdk\eventgrid\Microsoft.Azure.EventGrid\tests\Tests\ConsumeEventTests.cs(770,13): error CS0103: The name 'Assert' does not exist in the current context
C:\gh\azure-sdk-for-net\sdk\eventgrid\Microsoft.Azure.EventGrid\tests\Tests\ConsumeEventTests.cs(771,13): error CS0103: The name 'Assert' does not exist in the current context
C:\gh\azure-sdk-for-net\sdk\eventgrid\Microsoft.Azure.EventGrid\tests\Tests\ConsumeEventTests.cs(773,13): error CS0103: The name 'Assert' does not exist in the current context
C:\gh\azure-sdk-for-net\sdk\eventgrid\Microsoft.Azure.EventGrid\tests\Tests\ConsumeEventTests.cs(774,13): error CS0103: The name 'Assert' does not exist in the current context
C:\gh\azure-sdk-for-net\sdk\eventgrid\Microsoft.Azure.EventGrid\tests\Tests\ConsumeEventTests.cs(775,13): error CS0103: The name 'Assert' does not exist in the current context
C:\gh\azure-sdk-for-net\sdk\eventgrid\Microsoft.Azure.EventGrid\tests\Tests\ConsumeEventTests.cs(776,13): error CS0103: The name 'Assert' does not exist in the current context
C:\gh\azure-sdk-for-net\sdk\eventgrid\Microsoft.Azure.EventGrid\tests\Tests\ConsumeEventTests.cs(787,13): error CS0103: The name 'Assert' does not exist in the current context
C:\gh\azure-sdk-for-net\sdk\eventgrid\Microsoft.Azure.EventGrid\tests\Tests\ConsumeEventTests.cs(788,13): error CS0103: The name 'Assert' does not exist in the current context
C:\gh\azure-sdk-for-net\sdk\eventgrid\Microsoft.Azure.EventGrid\tests\Tests\ConsumeEventTests.cs(798,13): error CS0103: The name 'Assert' does not exist in the current context
C:\gh\azure-sdk-for-net\sdk\eventgrid\Microsoft.Azure.EventGrid\tests\Tests\ConsumeEventTests.cs(799,13): error CS0103: The name 'Assert' does not exist in the current context
C:\gh\azure-sdk-for-net\sdk\eventgrid\Microsoft.Azure.EventGrid\tests\Tests\ConsumeEventTests.cs(801,13): error CS0103: The name 'Assert' does not exist in the current context
C:\gh\azure-sdk-for-net\sdk\eventgrid\Microsoft.Azure.EventGrid\tests\Tests\ConsumeEventTests.cs(803,13): error CS0103: The name 'Assert' does not exist in the current context
C:\gh\azure-sdk-for-net\sdk\eventgrid\Microsoft.Azure.EventGrid\tests\Tests\ConsumeEventTests.cs(804,13): error CS0103: The name 'Assert' does not exist in the current context
C:\gh\azure-sdk-for-net\sdk\eventgrid\Microsoft.Azure.EventGrid\tests\Tests\ConsumeEventTests.cs(805,13): error CS0103: The name 'Assert' does not exist in the current context
C:\gh\azure-sdk-for-net\sdk\eventgrid\Microsoft.Azure.EventGrid\tests\Tests\ConsumeEventTests.cs(806,13): error CS0103: The name 'Assert' does not exist in the current context
C:\gh\azure-sdk-for-net\sdk\eventgrid\Microsoft.Azure.EventGrid\tests\Tests\ConsumeEventTests.cs(816,13): error CS0103: The name 'Assert' does not exist in the current context
C:\gh\azure-sdk-for-net\sdk\eventgrid\Microsoft.Azure.EventGrid\tests\Tests\ConsumeEventTests.cs(817,13): error CS0103: The name 'Assert' does not exist in the current context
C:\gh\azure-sdk-for-net\sdk\eventgrid\Microsoft.Azure.EventGrid\tests\Tests\ConsumeEventTests.cs(820,13): error CS0103: The name 'Assert' does not exist in the current context
C:\gh\azure-sdk-for-net\sdk\eventgrid\Microsoft.Azure.EventGrid\tests\Tests\ConsumeEventTests.cs(821,13): error CS0103: The name 'Assert' does not exist in the current context
C:\gh\azure-sdk-for-net\sdk\eventgrid\Microsoft.Azure.EventGrid\tests\Tests\ConsumeEventTests.cs(822,13): error CS0103: The name 'Assert' does not exist in the current context
C:\gh\azure-sdk-for-net\sdk\eventgrid\Microsoft.Azure.EventGrid\tests\Tests\ConsumeEventTests.cs(823,13): error CS0103: The name 'Assert' does not exist in the current context
C:\gh\azure-sdk-for-net\sdk\eventgrid\Microsoft.Azure.EventGrid\tests\Tests\ConsumeEventTests.cs(824,13): error CS0103: The name 'Assert' does not exist in the current context
C:\gh\azure-sdk-for-net\sdk\eventgrid\Microsoft.Azure.EventGrid\tests\Tests\ConsumeEventTests.cs(825,13): error CS0103: The name 'Assert' does not exist in the current context
C:\gh\azure-sdk-for-net\sdk\eventgrid\Microsoft.Azure.EventGrid\tests\Tests\ConsumeEventTests.cs(826,13): error CS0103: The name 'Assert' does not exist in the current context
C:\gh\azure-sdk-for-net\sdk\eventgrid\Microsoft.Azure.EventGrid\tests\Tests\ConsumeEventTests.cs(827,13): error CS0103: The name 'Assert' does not exist in the current context
C:\gh\azure-sdk-for-net\sdk\eventgrid\Microsoft.Azure.EventGrid\tests\Tests\ConsumeEventTests.cs(828,13): error CS0103: The name 'Assert' does not exist in the current context
C:\gh\azure-sdk-for-net\sdk\eventgrid\Microsoft.Azure.EventGrid\tests\Tests\ConsumeEventTests.cs(839,13): error CS0103: The name 'Assert' does not exist in the current context
C:\gh\azure-sdk-for-net\sdk\eventgrid\Microsoft.Azure.EventGrid\tests\Tests\ConsumeEventTests.cs(840,13): error CS0103: The name 'Assert' does not exist in the current context
C:\gh\azure-sdk-for-net\sdk\eventgrid\Microsoft.Azure.EventGrid\tests\Tests\ConsumeEventTests.cs(842,13): error CS0103: The name 'Assert' does not exist in the current context
C:\gh\azure-sdk-for-net\sdk\eventgrid\Microsoft.Azure.EventGrid\tests\Tests\ConsumeEventTests.cs(843,13): error CS0103: The name 'Assert' does not exist in the current context
C:\gh\azure-sdk-for-net\sdk\eventgrid\Microsoft.Azure.EventGrid\tests\Tests\ConsumeEventTests.cs(844,13): error CS0103: The name 'Assert' does not exist in the current context
C:\gh\azure-sdk-for-net\sdk\eventgrid\Microsoft.Azure.EventGrid\tests\Tests\ConsumeEventTests.cs(845,13): error CS0103: The name 'Assert' does not exist in the current context
C:\gh\azure-sdk-for-net\sdk\eventgrid\Microsoft.Azure.EventGrid\tests\Tests\ConsumeEventTests.cs(846,13): error CS0103: The name 'Assert' does not exist in the current context
C:\gh\azure-sdk-for-net\sdk\eventgrid\Microsoft.Azure.EventGrid\tests\Tests\ConsumeEventTests.cs(847,13): error CS0103: The name 'Assert' does not exist in the current context
C:\gh\azure-sdk-for-net\sdk\eventgrid\Microsoft.Azure.EventGrid\tests\Tests\ConsumeEventTests.cs(857,13): error CS0103: The name 'Assert' does not exist in the current context
C:\gh\azure-sdk-for-net\sdk\eventgrid\Microsoft.Azure.EventGrid\tests\Tests\ConsumeEventTests.cs(858,13): error CS0103: The name 'Assert' does not exist in the current context
C:\gh\azure-sdk-for-net\sdk\eventgrid\Microsoft.Azure.EventGrid\tests\Tests\ConsumeEventTests.cs(860,13): error CS0103: The name 'Assert' does not exist in the current context
C:\gh\azure-sdk-for-net\sdk\eventgrid\Microsoft.Azure.EventGrid\tests\Tests\ConsumeEventTests.cs(861,13): error CS0103: The name 'Assert' does not exist in the current context
C:\gh\azure-sdk-for-net\sdk\eventgrid\Microsoft.Azure.EventGrid\tests\Tests\ConsumeEventTests.cs(862,13): error CS0103: The name 'Assert' does not exist in the current context
C:\gh\azure-sdk-for-net\sdk\eventgrid\Microsoft.Azure.EventGrid\tests\Tests\ConsumeEventTests.cs(863,13): error CS0103: The name 'Assert' does not exist in the current context
C:\gh\azure-sdk-for-net\sdk\eventgrid\Microsoft.Azure.EventGrid\tests\Tests\ConsumeEventTests.cs(864,13): error CS0103: The name 'Assert' does not exist in the current context
C:\gh\azure-sdk-for-net\sdk\eventgrid\Microsoft.Azure.EventGrid\tests\Tests\ConsumeEventTests.cs(874,13): error CS0103: The name 'Assert' does not exist in the current context
C:\gh\azure-sdk-for-net\sdk\eventgrid\Microsoft.Azure.EventGrid\tests\Tests\ConsumeEventTests.cs(875,13): error CS0103: The name 'Assert' does not exist in the current context
C:\gh\azure-sdk-for-net\sdk\eventgrid\Microsoft.Azure.EventGrid\tests\Tests\ConsumeEventTests.cs(877,13): error CS0103: The name 'Assert' does not exist in the current context
C:\gh\azure-sdk-for-net\sdk\eventgrid\Microsoft.Azure.EventGrid\tests\Tests\ConsumeEventTests.cs(878,13): error CS0103: The name 'Assert' does not exist in the current context
C:\gh\azure-sdk-for-net\sdk\eventgrid\Microsoft.Azure.EventGrid\tests\Tests\ConsumeEventTests.cs(879,13): error CS0103: The name 'Assert' does not exist in the current context
C:\gh\azure-sdk-for-net\sdk\eventgrid\Microsoft.Azure.EventGrid\tests\Tests\ConsumeEventTests.cs(880,13): error CS0103: The name 'Assert' does not exist in the current context
C:\gh\azure-sdk-for-net\sdk\eventgrid\Microsoft.Azure.EventGrid\tests\Tests\ConsumeEventTests.cs(881,13): error CS0103: The name 'Assert' does not exist in the current context
C:\gh\azure-sdk-for-net\sdk\eventgrid\Microsoft.Azure.EventGrid\tests\Tests\ConsumeEventTests.cs(882,13): error CS0103: The name 'Assert' does not exist in the current context
C:\gh\azure-sdk-for-net\sdk\eventgrid\Microsoft.Azure.EventGrid\tests\Tests\ConsumeEventTests.cs(892,13): error CS0103: The name 'Assert' does not exist in the current context
C:\gh\azure-sdk-for-net\sdk\eventgrid\Microsoft.Azure.EventGrid\tests\Tests\ConsumeEventTests.cs(893,13): error CS0103: The name 'Assert' does not exist in the current context
C:\gh\azure-sdk-for-net\sdk\eventgrid\Microsoft.Azure.EventGrid\tests\Tests\ConsumeEventTests.cs(895,13): error CS0103: The name 'Assert' does not exist in the current context
C:\gh\azure-sdk-for-net\sdk\eventgrid\Microsoft.Azure.EventGrid\tests\Tests\ConsumeEventTests.cs(896,13): error CS0103: The name 'Assert' does not exist in the current context
C:\gh\azure-sdk-for-net\sdk\eventgrid\Microsoft.Azure.EventGrid\tests\Tests\ConsumeEventTests.cs(897,13): error CS0103: The name 'Assert' does not exist in the current context
C:\gh\azure-sdk-for-net\sdk\eventgrid\Microsoft.Azure.EventGrid\tests\Tests\ConsumeEventTests.cs(898,13): error CS0103: The name 'Assert' does not exist in the current context
C:\gh\azure-sdk-for-net\sdk\eventgrid\Microsoft.Azure.EventGrid\tests\Tests\ConsumeEventTests.cs(899,13): error CS0103: The name 'Assert' does not exist in the current context
C:\gh\azure-sdk-for-net\sdk\eventgrid\Microsoft.Azure.EventGrid\tests\Tests\ConsumeEventTests.cs(900,13): error CS0103: The name 'Assert' does not exist in the current context
C:\gh\azure-sdk-for-net\sdk\eventgrid\Microsoft.Azure.EventGrid\tests\Tests\ConsumeEventTests.cs(901,13): error CS0103: The name 'Assert' does not exist in the current context
C:\gh\azure-sdk-for-net\sdk\eventgrid\Microsoft.Azure.EventGrid\tests\Tests\ConsumeEventTests.cs(902,13): error CS0103: The name 'Assert' does not exist in the current context
C:\gh\azure-sdk-for-net\sdk\eventgrid\Microsoft.Azure.EventGrid\tests\Tests\ConsumeEventTests.cs(903,13): error CS0103: The name 'Assert' does not exist in the current context
C:\gh\azure-sdk-for-net\sdk\eventgrid\Microsoft.Azure.EventGrid\tests\Tests\ConsumeEventTests.cs(904,13): error CS0103: The name 'Assert' does not exist in the current context
C:\gh\azure-sdk-for-net\sdk\eventgrid\Microsoft.Azure.EventGrid\tests\Tests\ConsumeEventTests.cs(905,13): error CS0103: The name 'Assert' does not exist in the current context
C:\gh\azure-sdk-for-net\sdk\eventgrid\Microsoft.Azure.EventGrid\tests\Tests\ConsumeEventTests.cs(906,13): error CS0103: The name 'Assert' does not exist in the current context
C:\gh\azure-sdk-for-net\sdk\eventgrid\Microsoft.Azure.EventGrid\tests\Tests\ConsumeEventTests.cs(916,13): error CS0103: The name 'Assert' does not exist in the current context
C:\gh\azure-sdk-for-net\sdk\eventgrid\Microsoft.Azure.EventGrid\tests\Tests\ConsumeEventTests.cs(917,13): error CS0103: The name 'Assert' does not exist in the current context
C:\gh\azure-sdk-for-net\sdk\eventgrid\Microsoft.Azure.EventGrid\tests\Tests\ConsumeEventTests.cs(919,13): error CS0103: The name 'Assert' does not exist in the current context
C:\gh\azure-sdk-for-net\sdk\eventgrid\Microsoft.Azure.EventGrid\tests\Tests\ConsumeEventTests.cs(920,13): error CS0103: The name 'Assert' does not exist in the current context
C:\gh\azure-sdk-for-net\sdk\eventgrid\Microsoft.Azure.EventGrid\tests\Tests\ConsumeEventTests.cs(921,13): error CS0103: The name 'Assert' does not exist in the current context
C:\gh\azure-sdk-for-net\sdk\eventgrid\Microsoft.Azure.EventGrid\tests\Tests\ConsumeEventTests.cs(922,13): error CS0103: The name 'Assert' does not exist in the current context
C:\gh\azure-sdk-for-net\sdk\eventgrid\Microsoft.Azure.EventGrid\tests\Tests\ConsumeEventTests.cs(923,13): error CS0103: The name 'Assert' does not exist in the current context
C:\gh\azure-sdk-for-net\sdk\eventgrid\Microsoft.Azure.EventGrid\tests\Tests\ConsumeEventTests.cs(924,13): error CS0103: The name 'Assert' does not exist in the current context
C:\gh\azure-sdk-for-net\sdk\eventgrid\Microsoft.Azure.EventGrid\tests\Tests\ConsumeEventTests.cs(925,13): error CS0103: The name 'Assert' does not exist in the current context
C:\gh\azure-sdk-for-net\sdk\eventgrid\Microsoft.Azure.EventGrid\tests\Tests\ConsumeEventTests.cs(936,13): error CS0103: The name 'Assert' does not exist in the current context
C:\gh\azure-sdk-for-net\sdk\eventgrid\Microsoft.Azure.EventGrid\tests\Tests\ConsumeEventTests.cs(937,13): error CS0103: The name 'Assert' does not exist in the current context
C:\gh\azure-sdk-for-net\sdk\eventgrid\Microsoft.Azure.EventGrid\tests\Tests\ConsumeEventTests.cs(939,13): error CS0103: The name 'Assert' does not exist in the current context
C:\gh\azure-sdk-for-net\sdk\eventgrid\Microsoft.Azure.EventGrid\tests\Tests\ConsumeEventTests.cs(949,13): error CS0103: The name 'Assert' does not exist in the current context
C:\gh\azure-sdk-for-net\sdk\eventgrid\Microsoft.Azure.EventGrid\tests\Tests\ConsumeEventTests.cs(950,13): error CS0103: The name 'Assert' does not exist in the current context
C:\gh\azure-sdk-for-net\sdk\eventgrid\Microsoft.Azure.EventGrid\tests\Tests\ConsumeEventTests.cs(952,13): error CS0103: The name 'Assert' does not exist in the current context
C:\gh\azure-sdk-for-net\sdk\eventgrid\Microsoft.Azure.EventGrid\tests\Tests\ConsumeEventTests.cs(962,13): error CS0103: The name 'Assert' does not exist in the current context
C:\gh\azure-sdk-for-net\sdk\eventgrid\Microsoft.Azure.EventGrid\tests\Tests\ConsumeEventTests.cs(963,13): error CS0103: The name 'Assert' does not exist in the current context
C:\gh\azure-sdk-for-net\sdk\eventgrid\Microsoft.Azure.EventGrid\tests\Tests\ConsumeEventTests.cs(965,13): error CS0103: The name 'Assert' does not exist in the current context
C:\gh\azure-sdk-for-net\sdk\eventgrid\Microsoft.Azure.EventGrid\tests\Tests\ConsumeEventTests.cs(975,13): error CS0103: The name 'Assert' does not exist in the current context
C:\gh\azure-sdk-for-net\sdk\eventgrid\Microsoft.Azure.EventGrid\tests\Tests\ConsumeEventTests.cs(976,13): error CS0103: The name 'Assert' does not exist in the current context
C:\gh\azure-sdk-for-net\sdk\eventgrid\Microsoft.Azure.EventGrid\tests\Tests\ConsumeEventTests.cs(978,13): error CS0103: The name 'Assert' does not exist in the current context
C:\gh\azure-sdk-for-net\sdk\eventgrid\Microsoft.Azure.EventGrid\tests\Tests\ConsumeEventTests.cs(988,13): error CS0103: The name 'Assert' does not exist in the current context
C:\gh\azure-sdk-for-net\sdk\eventgrid\Microsoft.Azure.EventGrid\tests\Tests\ConsumeEventTests.cs(989,13): error CS0103: The name 'Assert' does not exist in the current context
C:\gh\azure-sdk-for-net\sdk\eventgrid\Microsoft.Azure.EventGrid\tests\Tests\ConsumeEventTests.cs(991,13): error CS0103: The name 'Assert' does not exist in the current context
C:\gh\azure-sdk-for-net\sdk\eventgrid\Microsoft.Azure.EventGrid\tests\Tests\ConsumeEventTests.cs(1001,13): error CS0103: The name 'Assert' does not exist in the current context
C:\gh\azure-sdk-for-net\sdk\eventgrid\Microsoft.Azure.EventGrid\tests\Tests\ConsumeEventTests.cs(1002,13): error CS0103: The name 'Assert' does not exist in the current context
C:\gh\azure-sdk-for-net\sdk\eventgrid\Microsoft.Azure.EventGrid\tests\Tests\ConsumeEventTests.cs(1004,13): error CS0103: The name 'Assert' does not exist in the current context
C:\gh\azure-sdk-for-net\sdk\eventgrid\Microsoft.Azure.EventGrid\tests\Tests\ConsumeEventTests.cs(1014,13): error CS0103: The name 'Assert' does not exist in the current context
C:\gh\azure-sdk-for-net\sdk\eventgrid\Microsoft.Azure.EventGrid\tests\Tests\ConsumeEventTests.cs(1015,13): error CS0103: The name 'Assert' does not exist in the current context
C:\gh\azure-sdk-for-net\sdk\eventgrid\Microsoft.Azure.EventGrid\tests\Tests\ConsumeEventTests.cs(1017,13): error CS0103: The name 'Assert' does not exist in the current context
C:\gh\azure-sdk-for-net\sdk\eventgrid\Microsoft.Azure.EventGrid\tests\Tests\ConsumeEventTests.cs(1027,13): error CS0103: The name 'Assert' does not exist in the current context
C:\gh\azure-sdk-for-net\sdk\eventgrid\Microsoft.Azure.EventGrid\tests\Tests\ConsumeEventTests.cs(1028,13): error CS0103: The name 'Assert' does not exist in the current context
C:\gh\azure-sdk-for-net\sdk\eventgrid\Microsoft.Azure.EventGrid\tests\Tests\ConsumeEventTests.cs(1030,13): error CS0103: The name 'Assert' does not exist in the current context
C:\gh\azure-sdk-for-net\sdk\eventgrid\Microsoft.Azure.EventGrid\tests\Tests\ConsumeEventTests.cs(1040,13): error CS0103: The name 'Assert' does not exist in the current context
C:\gh\azure-sdk-for-net\sdk\eventgrid\Microsoft.Azure.EventGrid\tests\Tests\ConsumeEventTests.cs(1041,13): error CS0103: The name 'Assert' does not exist in the current context
C:\gh\azure-sdk-for-net\sdk\eventgrid\Microsoft.Azure.EventGrid\tests\Tests\ConsumeEventTests.cs(1043,13): error CS0103: The name 'Assert' does not exist in the current context
C:\gh\azure-sdk-for-net\sdk\eventgrid\Microsoft.Azure.EventGrid\tests\Tests\ConsumeEventTests.cs(1055,13): error CS0103: The name 'Assert' does not exist in the current context
C:\gh\azure-sdk-for-net\sdk\eventgrid\Microsoft.Azure.EventGrid\tests\Tests\ConsumeEventTests.cs(1056,13): error CS0103: The name 'Assert' does not exist in the current context
C:\gh\azure-sdk-for-net\sdk\eventgrid\Microsoft.Azure.EventGrid\tests\Tests\ConsumeEventTests.cs(1058,13): error CS0103: The name 'Assert' does not exist in the current context
C:\gh\azure-sdk-for-net\sdk\eventgrid\Microsoft.Azure.EventGrid\tests\Tests\ConsumeEventTests.cs(1068,13): error CS0103: The name 'Assert' does not exist in the current context
C:\gh\azure-sdk-for-net\sdk\eventgrid\Microsoft.Azure.EventGrid\tests\Tests\ConsumeEventTests.cs(1069,13): error CS0103: The name 'Assert' does not exist in the current context
C:\gh\azure-sdk-for-net\sdk\eventgrid\Microsoft.Azure.EventGrid\tests\Tests\ConsumeEventTests.cs(1071,13): error CS0103: The name 'Assert' does not exist in the current context
C:\gh\azure-sdk-for-net\sdk\eventgrid\Microsoft.Azure.EventGrid\tests\Tests\ConsumeEventTests.cs(1082,13): error CS0103: The name 'Assert' does not exist in the current context
C:\gh\azure-sdk-for-net\sdk\eventgrid\Microsoft.Azure.EventGrid\tests\Tests\ConsumeEventTests.cs(1083,13): error CS0103: The name 'Assert' does not exist in the current context
C:\gh\azure-sdk-for-net\sdk\eventgrid\Microsoft.Azure.EventGrid\tests\Tests\ConsumeEventTests.cs(1085,13): error CS0103: The name 'Assert' does not exist in the current context
C:\gh\azure-sdk-for-net\sdk\eventgrid\Microsoft.Azure.EventGrid\tests\Tests\ConsumeEventTests.cs(1095,13): error CS0103: The name 'Assert' does not exist in the current context
C:\gh\azure-sdk-for-net\sdk\eventgrid\Microsoft.Azure.EventGrid\tests\Tests\ConsumeEventTests.cs(1096,13): error CS0103: The name 'Assert' does not exist in the current context
C:\gh\azure-sdk-for-net\sdk\eventgrid\Microsoft.Azure.EventGrid\tests\Tests\ConsumeEventTests.cs(1098,13): error CS0103: The name 'Assert' does not exist in the current context
C:\gh\azure-sdk-for-net\sdk\eventgrid\Microsoft.Azure.EventGrid\tests\Tests\ConsumeEventTests.cs(1108,13): error CS0103: The name 'Assert' does not exist in the current context
C:\gh\azure-sdk-for-net\sdk\eventgrid\Microsoft.Azure.EventGrid\tests\Tests\ConsumeEventTests.cs(1109,13): error CS0103: The name 'Assert' does not exist in the current context
C:\gh\azure-sdk-for-net\sdk\eventgrid\Microsoft.Azure.EventGrid\tests\Tests\ConsumeEventTests.cs(1111,13): error CS0103: The name 'Assert' does not exist in the current context
C:\gh\azure-sdk-for-net\sdk\eventgrid\Microsoft.Azure.EventGrid\tests\Tests\ConsumeEventTests.cs(1121,13): error CS0103: The name 'Assert' does not exist in the current context
C:\gh\azure-sdk-for-net\sdk\eventgrid\Microsoft.Azure.EventGrid\tests\Tests\ConsumeEventTests.cs(1122,13): error CS0103: The name 'Assert' does not exist in the current context
C:\gh\azure-sdk-for-net\sdk\eventgrid\Microsoft.Azure.EventGrid\tests\Tests\ConsumeEventTests.cs(1124,13): error CS0103: The name 'Assert' does not exist in the current context
C:\gh\azure-sdk-for-net\sdk\eventgrid\Microsoft.Azure.EventGrid\tests\Tests\ConsumeEventTests.cs(1134,13): error CS0103: The name 'Assert' does not exist in the current context
C:\gh\azure-sdk-for-net\sdk\eventgrid\Microsoft.Azure.EventGrid\tests\Tests\ConsumeEventTests.cs(1135,13): error CS0103: The name 'Assert' does not exist in the current context
C:\gh\azure-sdk-for-net\sdk\eventgrid\Microsoft.Azure.EventGrid\tests\Tests\ConsumeEventTests.cs(1137,13): error CS0103: The name 'Assert' does not exist in the current context
C:\gh\azure-sdk-for-net\sdk\eventgrid\Microsoft.Azure.EventGrid\tests\Tests\ConsumeEventTests.cs(1147,13): error CS0103: The name 'Assert' does not exist in the current context
C:\gh\azure-sdk-for-net\sdk\eventgrid\Microsoft.Azure.EventGrid\tests\Tests\ConsumeEventTests.cs(1148,13): error CS0103: The name 'Assert' does not exist in the current context
C:\gh\azure-sdk-for-net\sdk\eventgrid\Microsoft.Azure.EventGrid\tests\Tests\ConsumeEventTests.cs(1150,13): error CS0103: The name 'Assert' does not exist in the current context
C:\gh\azure-sdk-for-net\sdk\eventgrid\Microsoft.Azure.EventGrid\tests\Tests\ConsumeEventTests.cs(1161,13): error CS0103: The name 'Assert' does not exist in the current context
C:\gh\azure-sdk-for-net\sdk\eventgrid\Microsoft.Azure.EventGrid\tests\Tests\ConsumeEventTests.cs(1162,13): error CS0103: The name 'Assert' does not exist in the current context
C:\gh\azure-sdk-for-net\sdk\eventgrid\Microsoft.Azure.EventGrid\tests\Tests\ConsumeEventTests.cs(1164,13): error CS0103: The name 'Assert' does not exist in the current context
C:\gh\azure-sdk-for-net\sdk\eventgrid\Microsoft.Azure.EventGrid\tests\Tests\ConsumeEventTests.cs(1175,13): error CS0103: The name 'Assert' does not exist in the current context
C:\gh\azure-sdk-for-net\sdk\eventgrid\Microsoft.Azure.EventGrid\tests\Tests\ConsumeEventTests.cs(1176,13): error CS0103: The name 'Assert' does not exist in the current context
C:\gh\azure-sdk-for-net\sdk\eventgrid\Microsoft.Azure.EventGrid\tests\Tests\ConsumeEventTests.cs(1178,13): error CS0103: The name 'Assert' does not exist in the current context
C:\gh\azure-sdk-for-net\sdk\eventgrid\Microsoft.Azure.EventGrid\tests\Tests\ConsumeEventTests.cs(1189,13): error CS0103: The name 'Assert' does not exist in the current context
C:\gh\azure-sdk-for-net\sdk\eventgrid\Microsoft.Azure.EventGrid\tests\Tests\ConsumeEventTests.cs(1190,13): error CS0103: The name 'Assert' does not exist in the current context
C:\gh\azure-sdk-for-net\sdk\eventgrid\Microsoft.Azure.EventGrid\tests\Tests\ConsumeEventTests.cs(1192,13): error CS0103: The name 'Assert' does not exist in the current context
C:\gh\azure-sdk-for-net\sdk\eventgrid\Microsoft.Azure.EventGrid\tests\Tests\ConsumeEventTests.cs(1203,13): error CS0103: The name 'Assert' does not exist in the current context
C:\gh\azure-sdk-for-net\sdk\eventgrid\Microsoft.Azure.EventGrid\tests\Tests\ConsumeEventTests.cs(1204,13): error CS0103: The name 'Assert' does not exist in the current context
C:\gh\azure-sdk-for-net\sdk\eventgrid\Microsoft.Azure.EventGrid\tests\Tests\ConsumeEventTests.cs(1206,13): error CS0103: The name 'Assert' does not exist in the current context
C:\gh\azure-sdk-for-net\sdk\eventgrid\Microsoft.Azure.EventGrid\tests\Tests\ConsumeEventTests.cs(1217,13): error CS0103: The name 'Assert' does not exist in the current context
C:\gh\azure-sdk-for-net\sdk\eventgrid\Microsoft.Azure.EventGrid\tests\Tests\ConsumeEventTests.cs(1218,13): error CS0103: The name 'Assert' does not exist in the current context
C:\gh\azure-sdk-for-net\sdk\eventgrid\Microsoft.Azure.EventGrid\tests\Tests\ConsumeEventTests.cs(1220,13): error CS0103: The name 'Assert' does not exist in the current context
C:\gh\azure-sdk-for-net\sdk\eventgrid\Microsoft.Azure.EventGrid\tests\Tests\ConsumeEventTests.cs(1231,13): error CS0103: The name 'Assert' does not exist in the current context
C:\gh\azure-sdk-for-net\sdk\eventgrid\Microsoft.Azure.EventGrid\tests\Tests\ConsumeEventTests.cs(1232,13): error CS0103: The name 'Assert' does not exist in the current context
C:\gh\azure-sdk-for-net\sdk\eventgrid\Microsoft.Azure.EventGrid\tests\Tests\ConsumeEventTests.cs(1234,13): error CS0103: The name 'Assert' does not exist in the current context
C:\gh\azure-sdk-for-net\sdk\eventgrid\Microsoft.Azure.EventGrid\tests\Tests\ConsumeEventTests.cs(1245,13): error CS0103: The name 'Assert' does not exist in the current context
C:\gh\azure-sdk-for-net\sdk\eventgrid\Microsoft.Azure.EventGrid\tests\Tests\ConsumeEventTests.cs(1246,13): error CS0103: The name 'Assert' does not exist in the current context
C:\gh\azure-sdk-for-net\sdk\eventgrid\Microsoft.Azure.EventGrid\tests\Tests\ConsumeEventTests.cs(1248,13): error CS0103: The name 'Assert' does not exist in the current context
C:\gh\azure-sdk-for-net\sdk\eventgrid\Microsoft.Azure.EventGrid\tests\Tests\ConsumeEventTests.cs(1259,13): error CS0103: The name 'Assert' does not exist in the current context
C:\gh\azure-sdk-for-net\sdk\eventgrid\Microsoft.Azure.EventGrid\tests\Tests\ConsumeEventTests.cs(1260,13): error CS0103: The name 'Assert' does not exist in the current context
C:\gh\azure-sdk-for-net\sdk\eventgrid\Microsoft.Azure.EventGrid\tests\Tests\ConsumeEventTests.cs(1262,13): error CS0103: The name 'Assert' does not exist in the current context
C:\gh\azure-sdk-for-net\sdk\eventgrid\Microsoft.Azure.EventGrid\tests\Tests\ConsumeEventTests.cs(1273,13): error CS0103: The name 'Assert' does not exist in the current context
C:\gh\azure-sdk-for-net\sdk\eventgrid\Microsoft.Azure.EventGrid\tests\Tests\ConsumeEventTests.cs(1274,13): error CS0103: The name 'Assert' does not exist in the current context
C:\gh\azure-sdk-for-net\sdk\eventgrid\Microsoft.Azure.EventGrid\tests\Tests\ConsumeEventTests.cs(1276,13): error CS0103: The name 'Assert' does not exist in the current context
C:\gh\azure-sdk-for-net\sdk\eventgrid\Microsoft.Azure.EventGrid\tests\Tests\ConsumeEventTests.cs(1287,13): error CS0103: The name 'Assert' does not exist in the current context
C:\gh\azure-sdk-for-net\sdk\eventgrid\Microsoft.Azure.EventGrid\tests\Tests\ConsumeEventTests.cs(1288,13): error CS0103: The name 'Assert' does not exist in the current context
C:\gh\azure-sdk-for-net\sdk\eventgrid\Microsoft.Azure.EventGrid\tests\Tests\ConsumeEventTests.cs(1290,13): error CS0103: The name 'Assert' does not exist in the current context
C:\gh\azure-sdk-for-net\sdk\eventgrid\Microsoft.Azure.EventGrid\tests\Tests\ConsumeEventTests.cs(1301,13): error CS0103: The name 'Assert' does not exist in the current context
C:\gh\azure-sdk-for-net\sdk\eventgrid\Microsoft.Azure.EventGrid\tests\Tests\ConsumeEventTests.cs(1302,13): error CS0103: The name 'Assert' does not exist in the current context
C:\gh\azure-sdk-for-net\sdk\eventgrid\Microsoft.Azure.EventGrid\tests\Tests\ConsumeEventTests.cs(1304,13): error CS0103: The name 'Assert' does not exist in the current context
C:\gh\azure-sdk-for-net\sdk\eventgrid\Microsoft.Azure.EventGrid\tests\Tests\ConsumeEventTests.cs(1315,13): error CS0103: The name 'Assert' does not exist in the current context
C:\gh\azure-sdk-for-net\sdk\eventgrid\Microsoft.Azure.EventGrid\tests\Tests\ConsumeEventTests.cs(1316,13): error CS0103: The name 'Assert' does not exist in the current context
C:\gh\azure-sdk-for-net\sdk\eventgrid\Microsoft.Azure.EventGrid\tests\Tests\ConsumeEventTests.cs(1318,13): error CS0103: The name 'Assert' does not exist in the current context
C:\gh\azure-sdk-for-net\sdk\eventgrid\Microsoft.Azure.EventGrid\tests\Tests\ConsumeEventTests.cs(1329,13): error CS0103: The name 'Assert' does not exist in the current context
C:\gh\azure-sdk-for-net\sdk\eventgrid\Microsoft.Azure.EventGrid\tests\Tests\ConsumeEventTests.cs(1330,13): error CS0103: The name 'Assert' does not exist in the current context
C:\gh\azure-sdk-for-net\sdk\eventgrid\Microsoft.Azure.EventGrid\tests\Tests\ConsumeEventTests.cs(1332,13): error CS0103: The name 'Assert' does not exist in the current context
C:\gh\azure-sdk-for-net\sdk\eventgrid\Microsoft.Azure.EventGrid\tests\Tests\ScenarioTests.PublishEvents.cs(13,1): hidden CS8019: Unnecessary using directive.
C:\gh\azure-sdk-for-net\sdk\eventgrid\Microsoft.Azure.EventGrid\tests\Tests\ScenarioTests.PublishEvents.cs(7,1): hidden CS8019: Unnecessary using directive.
C:\gh\azure-sdk-for-net\sdk\eventgrid\Microsoft.Azure.EventGrid\tests\Tests\ScenarioTests.cs(5,1): hidden CS8019: Unnecessary using directive.
C:\gh\azure-sdk-for-net\eng\mgmt\DisableTestRunParallel.cs(5,1): hidden CS8019: Unnecessary using directive.
C:\gh\azure-sdk-for-net\eng\mgmt\DisableTestRunParallel.cs(4,1): hidden CS8019: Unnecessary using directive.
C:\gh\azure-sdk-for-net\sdk\eventgrid\Microsoft.Azure.EventGrid\tests\Tests\ConsumeEventTests.cs(6,1): hidden CS8019: Unnecessary using directive.
C:\gh\azure-sdk-for-net\sdk\eventgrid\Microsoft.Azure.EventGrid\tests\TestHelper\EventGridManagementHelper.cs(8,1): hidden CS8019: Unnecessary using directive.
C:\gh\azure-sdk-for-net\sdk\eventgrid\Microsoft.Azure.EventGrid\tests\Tests\ConsumeEventTests.cs(12,1): hidden CS8019: Unnecessary using directive.
C:\gh\azure-sdk-for-net\sdk\eventgrid\Microsoft.Azure.EventGrid\tests\TestHelper\RecordedDelegatingHandler.cs(6,1): hidden CS8019: Unnecessary using directive.
C:\gh\azure-sdk-for-net\sdk\eventgrid\Microsoft.Azure.EventGrid\tests\Tests\ConsumeEventTests.cs(7,1): hidden CS8019: Unnecessary using directive.
C:\gh\azure-sdk-for-net\sdk\eventgrid\Microsoft.Azure.EventGrid\tests\Tests\ScenarioTests.cs(7,1): hidden CS8019: Unnecessary using directive.
C:\gh\azure-sdk-for-net\sdk\eventgrid\Microsoft.Azure.EventGrid\tests\Tests\ContosoItemSentEventData.cs(4,1): hidden CS8019: Unnecessary using directive.
C:\gh\azure-sdk-for-net\sdk\eventgrid\Microsoft.Azure.EventGrid\tests\TestHelper\RecordedDelegatingHandler.cs(7,1): hidden CS8019: Unnecessary using directive.
C:\gh\azure-sdk-for-net\sdk\eventgrid\Microsoft.Azure.EventGrid\tests\Tests\ScenarioTests.PublishEvents.cs(12,1): hidden CS8019: Unnecessary using directive.
C:\gh\azure-sdk-for-net\sdk\eventgrid\Microsoft.Azure.EventGrid\tests\TestHelper\EventGridManagementHelper.cs(10,1): hidden CS8019: Unnecessary using directive.
C:\gh\azure-sdk-for-net\artifacts\obj\Microsoft.Azure.EventGrid.Tests\Debug\net461\Microsoft.Azure.EventGrid.Tests.AssemblyInfo.cs(11,1): hidden CS8019: Unnecessary using directive.
C:\gh\azure-sdk-for-net\sdk\eventgrid\Microsoft.Azure.EventGrid\tests\Tests\ConsumeEventTests.cs(5,1): hidden CS8019: Unnecessary using directive.
C:\gh\azure-sdk-for-net\sdk\eventgrid\Microsoft.Azure.EventGrid\tests\Tests\ContosoItemReceivedEventData.cs(4,1): hidden CS8019: Unnecessary using directive.
C:\gh\azure-sdk-for-net\sdk\eventgrid\Microsoft.Azure.EventGrid\tests\TestHelper\EventGridManagementHelper.cs(7,1): hidden CS8019: Unnecessary using directive.
C:\gh\azure-sdk-for-net\sdk\eventgrid\Microsoft.Azure.EventGrid\tests\Tests\EventSpecificData.cs(3,1): hidden CS8019: Unnecessary using directive.
C:\gh\azure-sdk-for-net\artifacts\obj\Microsoft.Azure.EventGrid.Tests\Debug\net461\.NETFramework,Version=v4.6.1.AssemblyAttributes.cs(2,1): hidden CS8019: Unnecessary using directive.
C:\gh\azure-sdk-for-net\sdk\eventgrid\Microsoft.Azure.EventGrid\tests\Tests\ScenarioTests.cs(6,1): hidden CS8019: Unnecessary using directive.
C:\gh\azure-sdk-for-net\sdk\eventgrid\Microsoft.Azure.EventGrid\tests\TestHelper\EventGridManagementHelper.cs(9,1): hidden CS8019: Unnecessary using directive.
C:\gh\azure-sdk-for-net\artifacts\obj\Microsoft.Azure.EventGrid.Tests\Debug\net461\.NETFramework,Version=v4.6.1.AssemblyAttributes.cs(3,1): hidden CS8019: Unnecessary using directive.
C:\gh\azure-sdk-for-net\sdk\eventgrid\Microsoft.Azure.EventGrid\tests\Tests\EventSpecificData.cs(1,1): hidden CS8019: Unnecessary using directive.
C:\gh\azure-sdk-for-net\artifacts\obj\Microsoft.Azure.EventGrid.Tests\Debug\net461\Microsoft.Azure.EventGrid.Tests.AssemblyInfo.cs(12,1): hidden CS8019: Unnecessary using directive.
C:\gh\azure-sdk-for-net\sdk\eventgrid\Microsoft.Azure.EventGrid\tests\Tests\ScenarioTests.PublishEvents.cs(14,1): hidden CS8019: Unnecessary using directive.
C:\gh\azure-sdk-for-net\sdk\eventgrid\Microsoft.Azure.EventGrid\tests\Tests\ScenarioTests.PublishEvents.cs(9,1): hidden CS8019: Unnecessary using directive.
C:\gh\azure-sdk-for-net\sdk\eventgrid\Microsoft.Azure.EventGrid\tests\Tests\EventSpecificData.cs(2,1): hidden CS8019: Unnecessary using directive.
