C:\gh\azure-sdk-for-net\sdk\communication\Azure.Communication.Sms\tests\SmsClientLiveTests.cs(19,10): error CS0246: The type or namespace name 'TestAttribute' could not be found (are you missing a using directive or an assembly reference?)
C:\gh\azure-sdk-for-net\sdk\communication\Azure.Communication.Sms\tests\SmsClientLiveTests.cs(19,10): error CS0246: The type or namespace name 'Test' could not be found (are you missing a using directive or an assembly reference?)
C:\gh\azure-sdk-for-net\sdk\communication\Azure.Communication.Sms\tests\SmsClientTest.cs(43,10): error CS0246: The type or namespace name 'TestCaseSourceAttribute' could not be found (are you missing a using directive or an assembly reference?)
C:\gh\azure-sdk-for-net\sdk\communication\Azure.Communication.Sms\tests\SmsClientTest.cs(43,10): error CS0246: The type or namespace name 'TestCaseSource' could not be found (are you missing a using directive or an assembly reference?)
C:\gh\azure-sdk-for-net\sdk\communication\Azure.Communication.Sms\tests\SmsClientTest.cs(17,10): error CS0246: The type or namespace name 'TestCaseSourceAttribute' could not be found (are you missing a using directive or an assembly reference?)
C:\gh\azure-sdk-for-net\sdk\communication\Azure.Communication.Sms\tests\SmsClientTest.cs(17,10): error CS0246: The type or namespace name 'TestCaseSource' could not be found (are you missing a using directive or an assembly reference?)
C:\gh\azure-sdk-for-net\sdk\communication\Azure.Communication.Sms\tests\SmsClientLiveTests.cs(10,7): error CS0246: The type or namespace name 'NUnit' could not be found (are you missing a using directive or an assembly reference?)
C:\gh\azure-sdk-for-net\sdk\communication\Azure.Communication.Sms\tests\SmsClientTest.cs(10,7): error CS0246: The type or namespace name 'Moq' could not be found (are you missing a using directive or an assembly reference?)
C:\gh\azure-sdk-for-net\sdk\communication\Azure.Communication.Sms\tests\SmsClientTest.cs(11,7): error CS0246: The type or namespace name 'NUnit' could not be found (are you missing a using directive or an assembly reference?)
C:\gh\azure-sdk-for-net\sdk\communication\Azure.Communication.Sms\tests\samples\Sample1_SmsClient.cs(15,36): error CS0518: Predefined type 'System.Void' is not defined or imported
C:\gh\azure-sdk-for-net\sdk\communication\Azure.Communication.Common\tests\CommunicationRecordedTestSanitizer.cs(33,37): error CS0103: The name 'HttpHeader' does not exist in the current context
C:\gh\azure-sdk-for-net\sdk\communication\Azure.Communication.Common\tests\CommunicationRecordedTestSanitizer.cs(35,25): error CS0103: The name 'HttpHeader' does not exist in the current context
C:\gh\azure-sdk-for-net\sdk\communication\Azure.Communication.Sms\tests\SmsClientLiveTests.cs(25,49): error CS0518: Predefined type 'System.Void' is not defined or imported
C:\gh\azure-sdk-for-net\sdk\communication\Azure.Communication.Sms\tests\SmsClientLiveTests.cs(23,21): error CS0518: Predefined type 'System.Void' is not defined or imported
C:\gh\azure-sdk-for-net\sdk\communication\Azure.Communication.Sms\tests\SmsClientLiveTests.cs(34,37): error CS0518: Predefined type 'System.Void' is not defined or imported
C:\gh\azure-sdk-for-net\sdk\communication\Azure.Communication.Sms\tests\SmsClientLiveTests.cs(35,35): error CS0518: Predefined type 'System.Void' is not defined or imported
C:\gh\azure-sdk-for-net\sdk\communication\Azure.Communication.Sms\tests\SmsClientLiveTests.cs(31,48): error CS0246: The type or namespace name 'Task<>' could not be found (are you missing a using directive or an assembly reference?)
C:\gh\azure-sdk-for-net\sdk\communication\Azure.Communication.Sms\tests\SmsClientLiveTests.cs(37,53): error CS0518: Predefined type 'System.String' is not defined or imported
C:\gh\azure-sdk-for-net\sdk\communication\Azure.Communication.Sms\tests\SmsClientLiveTests.cs(39,24): error CS0103: The name 'Assert' does not exist in the current context
C:\gh\azure-sdk-for-net\sdk\communication\Azure.Communication.Sms\tests\SmsClientLiveTests.cs(39,72): error CS0518: Predefined type 'System.String' is not defined or imported
C:\gh\azure-sdk-for-net\sdk\communication\Azure.Communication.Sms\tests\SmsClientLiveTests.cs(41,20): error CS0246: The type or namespace name 'RequestFailedException' could not be found (are you missing a using directive or an assembly reference?)
C:\gh\azure-sdk-for-net\sdk\communication\Azure.Communication.Sms\tests\SmsClientLiveTests.cs(48,17): error CS0103: The name 'Assert' does not exist in the current context
C:\gh\azure-sdk-for-net\sdk\communication\Azure.Communication.Sms\tests\SmsClientTest.cs(20,13): error CS0246: The type or namespace name 'Mock<>' could not be found (are you missing a using directive or an assembly reference?)
C:\gh\azure-sdk-for-net\sdk\communication\Azure.Communication.Sms\tests\SmsClientTest.cs(20,46): error CS0246: The type or namespace name 'Mock<>' could not be found (are you missing a using directive or an assembly reference?)
C:\gh\azure-sdk-for-net\sdk\communication\Azure.Communication.Sms\tests\SmsClientTest.cs(21,13): error CS0246: The type or namespace name 'Response<>' could not be found (are you missing a using directive or an assembly reference?)
C:\gh\azure-sdk-for-net\sdk\communication\Azure.Communication.Sms\tests\SmsClientTest.cs(23,67): error CS0103: The name 'It' does not exist in the current context
C:\gh\azure-sdk-for-net\sdk\communication\Azure.Communication.Sms\tests\SmsClientTest.cs(23,102): error CS0103: The name 'It' does not exist in the current context
C:\gh\azure-sdk-for-net\sdk\communication\Azure.Communication.Sms\tests\SmsClientTest.cs(23,150): error CS0103: The name 'It' does not exist in the current context
C:\gh\azure-sdk-for-net\sdk\communication\Azure.Communication.Sms\tests\SmsClientTest.cs(23,170): error CS0103: The name 'It' does not exist in the current context
C:\gh\azure-sdk-for-net\sdk\communication\Azure.Communication.Sms\tests\SmsClientTest.cs(23,198): error CS0103: The name 'It' does not exist in the current context
C:\gh\azure-sdk-for-net\sdk\communication\Azure.Communication.Sms\tests\SmsClientTest.cs(23,55): error CS0246: The type or namespace name 'Task<>' could not be found (are you missing a using directive or an assembly reference?)
C:\gh\azure-sdk-for-net\sdk\communication\Azure.Communication.Sms\tests\SmsClientTest.cs(37,13): error CS0246: The type or namespace name 'Response<>' could not be found (are you missing a using directive or an assembly reference?)
C:\gh\azure-sdk-for-net\sdk\communication\Azure.Communication.Sms\tests\SmsClientTest.cs(39,47): error CS0103: The name 'Times' does not exist in the current context
C:\gh\azure-sdk-for-net\sdk\communication\Azure.Communication.Sms\tests\SmsClientTest.cs(40,13): error CS0103: The name 'Assert' does not exist in the current context
C:\gh\azure-sdk-for-net\sdk\communication\Azure.Communication.Sms\tests\SmsClientTest.cs(46,13): error CS0246: The type or namespace name 'Mock<>' could not be found (are you missing a using directive or an assembly reference?)
C:\gh\azure-sdk-for-net\sdk\communication\Azure.Communication.Sms\tests\SmsClientTest.cs(46,46): error CS0246: The type or namespace name 'Mock<>' could not be found (are you missing a using directive or an assembly reference?)
C:\gh\azure-sdk-for-net\sdk\communication\Azure.Communication.Sms\tests\SmsClientTest.cs(47,13): error CS0246: The type or namespace name 'Response<>' could not be found (are you missing a using directive or an assembly reference?)
C:\gh\azure-sdk-for-net\sdk\communication\Azure.Communication.Sms\tests\SmsClientTest.cs(49,62): error CS0103: The name 'It' does not exist in the current context
C:\gh\azure-sdk-for-net\sdk\communication\Azure.Communication.Sms\tests\SmsClientTest.cs(49,97): error CS0103: The name 'It' does not exist in the current context
C:\gh\azure-sdk-for-net\sdk\communication\Azure.Communication.Sms\tests\SmsClientTest.cs(49,145): error CS0103: The name 'It' does not exist in the current context
C:\gh\azure-sdk-for-net\sdk\communication\Azure.Communication.Sms\tests\SmsClientTest.cs(49,165): error CS0103: The name 'It' does not exist in the current context
C:\gh\azure-sdk-for-net\sdk\communication\Azure.Communication.Sms\tests\SmsClientTest.cs(49,193): error CS0103: The name 'It' does not exist in the current context
C:\gh\azure-sdk-for-net\sdk\communication\Azure.Communication.Sms\tests\SmsClientTest.cs(49,55): error CS0246: The type or namespace name 'Response<>' could not be found (are you missing a using directive or an assembly reference?)
C:\gh\azure-sdk-for-net\sdk\communication\Azure.Communication.Sms\tests\SmsClientTest.cs(63,13): error CS0246: The type or namespace name 'Response<>' could not be found (are you missing a using directive or an assembly reference?)
C:\gh\azure-sdk-for-net\sdk\communication\Azure.Communication.Sms\tests\SmsClientTest.cs(65,47): error CS0103: The name 'Times' does not exist in the current context
C:\gh\azure-sdk-for-net\sdk\communication\Azure.Communication.Sms\tests\SmsClientTest.cs(66,13): error CS0103: The name 'Assert' does not exist in the current context
C:\gh\azure-sdk-for-net\sdk\communication\Azure.Communication.Sms\tests\SmsClientTest.cs(73,21): error CS0518: Predefined type 'System.Void' is not defined or imported
C:\gh\azure-sdk-for-net\sdk\communication\Azure.Communication.Sms\tests\SmsClientTest.cs(73,38): error CS0518: Predefined type 'System.Nullable`1' is not defined or imported
C:\gh\azure-sdk-for-net\sdk\communication\Azure.Communication.Sms\tests\SmsClientTest.cs(74,21): error CS0518: Predefined type 'System.Void' is not defined or imported
C:\gh\azure-sdk-for-net\sdk\communication\Azure.Communication.Sms\tests\SmsClientTest.cs(74,38): error CS0518: Predefined type 'System.Nullable`1' is not defined or imported
C:\gh\azure-sdk-for-net\sdk\communication\Azure.Communication.Sms\tests\SmsClientTest.cs(75,21): error CS0518: Predefined type 'System.Void' is not defined or imported
C:\gh\azure-sdk-for-net\sdk\communication\Azure.Communication.Sms\tests\SmsClientTest.cs(75,38): error CS0518: Predefined type 'System.Nullable`1' is not defined or imported
C:\gh\azure-sdk-for-net\sdk\communication\Azure.Communication.Sms\tests\SmsClientTest.cs(80,60): error CS0518: Predefined type 'System.Void' is not defined or imported
C:\gh\azure-sdk-for-net\sdk\communication\Azure.Communication.Sms\tests\SmsClientTest.cs(80,103): error CS0518: Predefined type 'System.Void' is not defined or imported
C:\gh\azure-sdk-for-net\sdk\communication\Azure.Communication.Common\tests\CommunicationRecordedTestSanitizer.cs(5,1): hidden CS8019: Unnecessary using directive.
C:\gh\azure-sdk-for-net\artifacts\obj\Azure.Communication.Sms.Tests\Debug\net461\Azure.Communication.Sms.Tests.AssemblyInfo.cs(11,1): hidden CS8019: Unnecessary using directive.
C:\gh\azure-sdk-for-net\artifacts\obj\Azure.Communication.Sms.Tests\Debug\net461\Azure.Communication.Sms.Tests.AssemblyInfo.cs(12,1): hidden CS8019: Unnecessary using directive.
C:\gh\azure-sdk-for-net\sdk\communication\Azure.Communication.Sms\tests\SmsClientLiveTests.cs(10,1): hidden CS8019: Unnecessary using directive.
C:\gh\azure-sdk-for-net\artifacts\obj\Azure.Communication.Sms.Tests\Debug\net461\.NETFramework,Version=v4.6.1.AssemblyAttributes.cs(2,1): hidden CS8019: Unnecessary using directive.
C:\gh\azure-sdk-for-net\sdk\communication\Azure.Communication.Sms\tests\SmsClientTest.cs(11,1): hidden CS8019: Unnecessary using directive.
C:\gh\azure-sdk-for-net\artifacts\obj\Azure.Communication.Sms.Tests\Debug\net461\.NETFramework,Version=v4.6.1.AssemblyAttributes.cs(3,1): hidden CS8019: Unnecessary using directive.
C:\gh\azure-sdk-for-net\sdk\communication\Azure.Communication.Sms\tests\SmsClientTest.cs(10,1): hidden CS8019: Unnecessary using directive.
