C:\gh\azure-sdk-for-net\sdk\hybridcompute\Microsoft.Azure.Management.HybridCompute\tests\HybridMachineExtensionTests.cs(18,23): error CS0518: Predefined type 'System.String' is not defined or imported
C:\gh\azure-sdk-for-net\sdk\hybridcompute\Microsoft.Azure.Management.HybridCompute\tests\HybridMachineExtensionTests.cs(19,23): error CS0518: Predefined type 'System.String' is not defined or imported
C:\gh\azure-sdk-for-net\sdk\hybridcompute\Microsoft.Azure.Management.HybridCompute\tests\HybridMachineExtensionTests.cs(20,23): error CS0518: Predefined type 'System.String' is not defined or imported
C:\gh\azure-sdk-for-net\sdk\hybridcompute\Microsoft.Azure.Management.HybridCompute\tests\HybridMachineExtensionTests.cs(21,23): error CS0518: Predefined type 'System.String' is not defined or imported
C:\gh\azure-sdk-for-net\sdk\hybridcompute\Microsoft.Azure.Management.HybridCompute\tests\HybridMachineExtensionTests.cs(16,48): error CS0246: The type or namespace name 'TestBase' could not be found (are you missing a using directive or an assembly reference?)
C:\gh\azure-sdk-for-net\sdk\hybridcompute\Microsoft.Azure.Management.HybridCompute\tests\HybridMachineExtensionTests.cs(16,57): error CS0246: The type or namespace name 'IDisposable' could not be found (are you missing a using directive or an assembly reference?)
C:\gh\azure-sdk-for-net\sdk\hybridcompute\Microsoft.Azure.Management.HybridCompute\tests\HybridMachineExtensionTests.cs(266,10): error CS0518: Predefined type 'System.Object' is not defined or imported
C:\gh\azure-sdk-for-net\sdk\hybridcompute\Microsoft.Azure.Management.HybridCompute\tests\HybridMachineExtensionTests.cs(266,10): error CS0246: The type or namespace name 'FactAttribute' could not be found (are you missing a using directive or an assembly reference?)
C:\gh\azure-sdk-for-net\sdk\hybridcompute\Microsoft.Azure.Management.HybridCompute\tests\HybridMachineExtensionTests.cs(266,10): error CS0246: The type or namespace name 'Fact' could not be found (are you missing a using directive or an assembly reference?)
C:\gh\azure-sdk-for-net\sdk\hybridcompute\Microsoft.Azure.Management.HybridCompute\tests\HybridMachineExtensionTests.cs(267,22): error CS0518: Predefined type 'System.Object' is not defined or imported
C:\gh\azure-sdk-for-net\sdk\hybridcompute\Microsoft.Azure.Management.HybridCompute\tests\HybridMachineExtensionTests.cs(267,22): error CS0246: The type or namespace name 'Task' could not be found (are you missing a using directive or an assembly reference?)
C:\gh\azure-sdk-for-net\sdk\hybridcompute\Microsoft.Azure.Management.HybridCompute\tests\HybridMachineExtensionTests.cs(24,17): error CS0518: Predefined type 'System.Object' is not defined or imported
C:\gh\azure-sdk-for-net\sdk\hybridcompute\Microsoft.Azure.Management.HybridCompute\tests\HybridMachineExtensionTests.cs(20,52): error CS0518: Predefined type 'System.String' is not defined or imported
C:\gh\azure-sdk-for-net\sdk\hybridcompute\Microsoft.Azure.Management.HybridCompute\tests\HybridMachineExtensionTests.cs(21,45): error CS0518: Predefined type 'System.String' is not defined or imported
C:\gh\azure-sdk-for-net\sdk\hybridcompute\Microsoft.Azure.Management.HybridCompute\tests\HybridMachineExtensionTests.cs(18,61): error CS0518: Predefined type 'System.String' is not defined or imported
C:\gh\azure-sdk-for-net\sdk\hybridcompute\Microsoft.Azure.Management.HybridCompute\tests\HybridMachineExtensionTests.cs(26,17): error CS0518: Predefined type 'System.Boolean' is not defined or imported
C:\gh\azure-sdk-for-net\sdk\hybridcompute\Microsoft.Azure.Management.HybridCompute\tests\HybridMachineExtensionTests.cs(35,17): error CS0518: Predefined type 'System.Void' is not defined or imported
C:\gh\azure-sdk-for-net\sdk\hybridcompute\Microsoft.Azure.Management.HybridCompute\tests\HybridMachineExtensionTests.cs(28,17): error CS0518: Predefined type 'System.Void' is not defined or imported
C:\gh\azure-sdk-for-net\sdk\hybridcompute\Microsoft.Azure.Management.HybridCompute\tests\HybridMachineExtensionTests.cs(22,17): error CS0518: Predefined type 'System.Object' is not defined or imported
C:\gh\azure-sdk-for-net\sdk\hybridcompute\Microsoft.Azure.Management.HybridCompute\tests\HybridMachineExtensionTests.cs(22,17): error CS0246: The type or namespace name 'MockContext' could not be found (are you missing a using directive or an assembly reference?)
C:\gh\azure-sdk-for-net\sdk\hybridcompute\Microsoft.Azure.Management.HybridCompute\tests\HybridMachineTests.cs(19,15): error CS0518: Predefined type 'System.String' is not defined or imported
C:\gh\azure-sdk-for-net\sdk\hybridcompute\Microsoft.Azure.Management.HybridCompute\tests\HybridMachineTests.cs(20,15): error CS0518: Predefined type 'System.String' is not defined or imported
C:\gh\azure-sdk-for-net\sdk\hybridcompute\Microsoft.Azure.Management.HybridCompute\tests\HybridMachineTests.cs(21,15): error CS0518: Predefined type 'System.String' is not defined or imported
C:\gh\azure-sdk-for-net\sdk\hybridcompute\Microsoft.Azure.Management.HybridCompute\tests\Helpers\HybridComputeHelper.cs(22,23): error CS0518: Predefined type 'System.String' is not defined or imported
C:\gh\azure-sdk-for-net\sdk\hybridcompute\Microsoft.Azure.Management.HybridCompute\tests\HybridMachineTests.cs(17,39): error CS0246: The type or namespace name 'TestBase' could not be found (are you missing a using directive or an assembly reference?)
C:\gh\azure-sdk-for-net\sdk\hybridcompute\Microsoft.Azure.Management.HybridCompute\tests\Helpers\HybridComputeHelper.cs(17,91): error CS0518: Predefined type 'System.Object' is not defined or imported
C:\gh\azure-sdk-for-net\sdk\hybridcompute\Microsoft.Azure.Management.HybridCompute\tests\Helpers\HybridComputeHelper.cs(17,91): error CS0246: The type or namespace name 'TestBase' could not be found (are you missing a using directive or an assembly reference?)
C:\gh\azure-sdk-for-net\sdk\hybridcompute\Microsoft.Azure.Management.HybridCompute\tests\Helpers\HybridComputeHelper.cs(17,110): error CS0518: Predefined type 'System.Object' is not defined or imported
C:\gh\azure-sdk-for-net\sdk\hybridcompute\Microsoft.Azure.Management.HybridCompute\tests\Helpers\HybridComputeHelper.cs(17,110): error CS0246: The type or namespace name 'MockContext' could not be found (are you missing a using directive or an assembly reference?)
C:\gh\azure-sdk-for-net\sdk\hybridcompute\Microsoft.Azure.Management.HybridCompute\tests\Helpers\HybridComputeHelper.cs(17,23): error CS0518: Predefined type 'System.Object' is not defined or imported
C:\gh\azure-sdk-for-net\sdk\hybridcompute\Microsoft.Azure.Management.HybridCompute\tests\Helpers\HybridComputeHelper.cs(17,86): error CS1110: Cannot define a new extension method because the compiler required type 'System.Runtime.CompilerServices.ExtensionAttribute' cannot be found. Are you missing a reference to System.Core.dll?
C:\gh\azure-sdk-for-net\sdk\hybridcompute\Microsoft.Azure.Management.HybridCompute\tests\HybridMachineExtensionTests.cs(246,16): error CS0518: Predefined type 'System.Void' is not defined or imported
C:\gh\azure-sdk-for-net\sdk\hybridcompute\Microsoft.Azure.Management.HybridCompute\tests\HybridMachineTests.cs(91,16): error CS0518: Predefined type 'System.Void' is not defined or imported
C:\gh\azure-sdk-for-net\sdk\hybridcompute\Microsoft.Azure.Management.HybridCompute\tests\HybridMachineTests.cs(62,16): error CS0518: Predefined type 'System.Void' is not defined or imported
C:\gh\azure-sdk-for-net\sdk\hybridcompute\Microsoft.Azure.Management.HybridCompute\tests\HybridMachineTests.cs(19,43): error CS0518: Predefined type 'System.String' is not defined or imported
C:\gh\azure-sdk-for-net\sdk\hybridcompute\Microsoft.Azure.Management.HybridCompute\tests\HybridMachineExtensionTests.cs(25,17): error CS0518: Predefined type 'System.Object' is not defined or imported
C:\gh\azure-sdk-for-net\sdk\hybridcompute\Microsoft.Azure.Management.HybridCompute\tests\HybridMachineTests.cs(20,37): error CS0518: Predefined type 'System.String' is not defined or imported
C:\gh\azure-sdk-for-net\sdk\hybridcompute\Microsoft.Azure.Management.HybridCompute\tests\HybridMachineExtensionTests.cs(189,10): error CS0518: Predefined type 'System.Object' is not defined or imported
C:\gh\azure-sdk-for-net\sdk\hybridcompute\Microsoft.Azure.Management.HybridCompute\tests\HybridMachineExtensionTests.cs(189,10): error CS0246: The type or namespace name 'FactAttribute' could not be found (are you missing a using directive or an assembly reference?)
C:\gh\azure-sdk-for-net\sdk\hybridcompute\Microsoft.Azure.Management.HybridCompute\tests\HybridMachineExtensionTests.cs(189,10): error CS0246: The type or namespace name 'Fact' could not be found (are you missing a using directive or an assembly reference?)
C:\gh\azure-sdk-for-net\sdk\hybridcompute\Microsoft.Azure.Management.HybridCompute\tests\HybridMachineExtensionTests.cs(190,22): error CS0518: Predefined type 'System.Object' is not defined or imported
C:\gh\azure-sdk-for-net\sdk\hybridcompute\Microsoft.Azure.Management.HybridCompute\tests\HybridMachineExtensionTests.cs(190,22): error CS0246: The type or namespace name 'Task' could not be found (are you missing a using directive or an assembly reference?)
C:\gh\azure-sdk-for-net\sdk\hybridcompute\Microsoft.Azure.Management.HybridCompute\tests\HybridMachineTests.cs(48,16): error CS0518: Predefined type 'System.Void' is not defined or imported
C:\gh\azure-sdk-for-net\sdk\hybridcompute\Microsoft.Azure.Management.HybridCompute\tests\HybridMachineTests.cs(21,34): error CS0518: Predefined type 'System.String' is not defined or imported
C:\gh\azure-sdk-for-net\sdk\hybridcompute\Microsoft.Azure.Management.HybridCompute\tests\HybridMachineTests.cs(35,10): error CS0518: Predefined type 'System.Object' is not defined or imported
C:\gh\azure-sdk-for-net\sdk\hybridcompute\Microsoft.Azure.Management.HybridCompute\tests\HybridMachineTests.cs(35,10): error CS0246: The type or namespace name 'FactAttribute' could not be found (are you missing a using directive or an assembly reference?)
C:\gh\azure-sdk-for-net\sdk\hybridcompute\Microsoft.Azure.Management.HybridCompute\tests\HybridMachineTests.cs(35,10): error CS0246: The type or namespace name 'Fact' could not be found (are you missing a using directive or an assembly reference?)
C:\gh\azure-sdk-for-net\sdk\hybridcompute\Microsoft.Azure.Management.HybridCompute\tests\HybridMachineTests.cs(36,22): error CS0518: Predefined type 'System.Object' is not defined or imported
C:\gh\azure-sdk-for-net\sdk\hybridcompute\Microsoft.Azure.Management.HybridCompute\tests\HybridMachineTests.cs(36,22): error CS0246: The type or namespace name 'Task' could not be found (are you missing a using directive or an assembly reference?)
C:\gh\azure-sdk-for-net\sdk\hybridcompute\Microsoft.Azure.Management.HybridCompute\tests\HybridMachineTests.cs(24,16): error CS0518: Predefined type 'System.Void' is not defined or imported
C:\gh\azure-sdk-for-net\sdk\hybridcompute\Microsoft.Azure.Management.HybridCompute\tests\HybridMachineExtensionTests.cs(154,16): error CS0518: Predefined type 'System.Void' is not defined or imported
C:\gh\azure-sdk-for-net\sdk\hybridcompute\Microsoft.Azure.Management.HybridCompute\tests\HybridMachineExtensionTests.cs(133,10): error CS0518: Predefined type 'System.Object' is not defined or imported
C:\gh\azure-sdk-for-net\sdk\hybridcompute\Microsoft.Azure.Management.HybridCompute\tests\HybridMachineExtensionTests.cs(133,10): error CS0246: The type or namespace name 'FactAttribute' could not be found (are you missing a using directive or an assembly reference?)
C:\gh\azure-sdk-for-net\sdk\hybridcompute\Microsoft.Azure.Management.HybridCompute\tests\HybridMachineExtensionTests.cs(133,10): error CS0246: The type or namespace name 'Fact' could not be found (are you missing a using directive or an assembly reference?)
C:\gh\azure-sdk-for-net\sdk\hybridcompute\Microsoft.Azure.Management.HybridCompute\tests\HybridMachineExtensionTests.cs(134,22): error CS0518: Predefined type 'System.Object' is not defined or imported
C:\gh\azure-sdk-for-net\sdk\hybridcompute\Microsoft.Azure.Management.HybridCompute\tests\HybridMachineExtensionTests.cs(134,22): error CS0246: The type or namespace name 'Task' could not be found (are you missing a using directive or an assembly reference?)
C:\gh\azure-sdk-for-net\sdk\hybridcompute\Microsoft.Azure.Management.HybridCompute\tests\HybridMachineExtensionTests.cs(19,64): error CS0518: Predefined type 'System.String' is not defined or imported
C:\gh\azure-sdk-for-net\sdk\hybridcompute\Microsoft.Azure.Management.HybridCompute\tests\HybridMachineExtensionTests.cs(114,16): error CS0518: Predefined type 'System.Void' is not defined or imported
C:\gh\azure-sdk-for-net\sdk\hybridcompute\Microsoft.Azure.Management.HybridCompute\tests\HybridMachineExtensionTests.cs(101,10): error CS0518: Predefined type 'System.Object' is not defined or imported
C:\gh\azure-sdk-for-net\sdk\hybridcompute\Microsoft.Azure.Management.HybridCompute\tests\HybridMachineExtensionTests.cs(101,10): error CS0246: The type or namespace name 'FactAttribute' could not be found (are you missing a using directive or an assembly reference?)
C:\gh\azure-sdk-for-net\sdk\hybridcompute\Microsoft.Azure.Management.HybridCompute\tests\HybridMachineExtensionTests.cs(101,10): error CS0246: The type or namespace name 'Fact' could not be found (are you missing a using directive or an assembly reference?)
C:\gh\azure-sdk-for-net\sdk\hybridcompute\Microsoft.Azure.Management.HybridCompute\tests\HybridMachineExtensionTests.cs(102,22): error CS0518: Predefined type 'System.Object' is not defined or imported
C:\gh\azure-sdk-for-net\sdk\hybridcompute\Microsoft.Azure.Management.HybridCompute\tests\HybridMachineExtensionTests.cs(102,22): error CS0246: The type or namespace name 'Task' could not be found (are you missing a using directive or an assembly reference?)
C:\gh\azure-sdk-for-net\sdk\hybridcompute\Microsoft.Azure.Management.HybridCompute\tests\HybridMachineExtensionTests.cs(90,16): error CS0518: Predefined type 'System.Void' is not defined or imported
C:\gh\azure-sdk-for-net\sdk\hybridcompute\Microsoft.Azure.Management.HybridCompute\tests\HybridMachineExtensionTests.cs(80,16): error CS0518: Predefined type 'System.Void' is not defined or imported
C:\gh\azure-sdk-for-net\sdk\hybridcompute\Microsoft.Azure.Management.HybridCompute\tests\HybridMachineExtensionTests.cs(226,16): error CS0518: Predefined type 'System.Void' is not defined or imported
C:\gh\azure-sdk-for-net\sdk\hybridcompute\Microsoft.Azure.Management.HybridCompute\tests\HybridMachineExtensionTests.cs(235,10): error CS0518: Predefined type 'System.Object' is not defined or imported
C:\gh\azure-sdk-for-net\sdk\hybridcompute\Microsoft.Azure.Management.HybridCompute\tests\HybridMachineExtensionTests.cs(235,10): error CS0246: The type or namespace name 'FactAttribute' could not be found (are you missing a using directive or an assembly reference?)
C:\gh\azure-sdk-for-net\sdk\hybridcompute\Microsoft.Azure.Management.HybridCompute\tests\HybridMachineExtensionTests.cs(235,10): error CS0246: The type or namespace name 'Fact' could not be found (are you missing a using directive or an assembly reference?)
C:\gh\azure-sdk-for-net\sdk\hybridcompute\Microsoft.Azure.Management.HybridCompute\tests\HybridMachineExtensionTests.cs(236,22): error CS0518: Predefined type 'System.Object' is not defined or imported
C:\gh\azure-sdk-for-net\sdk\hybridcompute\Microsoft.Azure.Management.HybridCompute\tests\HybridMachineExtensionTests.cs(236,22): error CS0246: The type or namespace name 'Task' could not be found (are you missing a using directive or an assembly reference?)
C:\gh\azure-sdk-for-net\eng\mgmt\DisableTestRunParallel.cs(7,12): error CS0246: The type or namespace name 'CollectionBehaviorAttribute' could not be found (are you missing a using directive or an assembly reference?)
C:\gh\azure-sdk-for-net\eng\mgmt\DisableTestRunParallel.cs(7,12): error CS0246: The type or namespace name 'CollectionBehavior' could not be found (are you missing a using directive or an assembly reference?)
C:\gh\azure-sdk-for-net\artifacts\obj\Microsoft.Azure.Management.HybridCompute.Tests\Debug\netcoreapp2.0\.NETCoreApp,Version=v2.0.AssemblyAttributes.cs(4,20): error CS0400: The type or namespace name 'System' could not be found in the global namespace (are you missing an assembly reference?)
C:\gh\azure-sdk-for-net\artifacts\obj\Microsoft.Azure.Management.HybridCompute.Tests\Debug\netcoreapp2.0\Microsoft.Azure.Management.HybridCompute.Tests.AssemblyInfo.cs(14,12): error CS0246: The type or namespace name 'System' could not be found (are you missing a using directive or an assembly reference?)
C:\gh\azure-sdk-for-net\artifacts\obj\Microsoft.Azure.Management.HybridCompute.Tests\Debug\netcoreapp2.0\Microsoft.Azure.Management.HybridCompute.Tests.AssemblyInfo.cs(16,12): error CS0246: The type or namespace name 'System' could not be found (are you missing a using directive or an assembly reference?)
C:\gh\azure-sdk-for-net\artifacts\obj\Microsoft.Azure.Management.HybridCompute.Tests\Debug\netcoreapp2.0\Microsoft.Azure.Management.HybridCompute.Tests.AssemblyInfo.cs(17,12): error CS0246: The type or namespace name 'System' could not be found (are you missing a using directive or an assembly reference?)
C:\gh\azure-sdk-for-net\eng\mgmt\DisableTestRunParallel.cs(7,31): error CS0246: The type or namespace name 'DisableTestParallelization' could not be found (are you missing a using directive or an assembly reference?)
C:\gh\azure-sdk-for-net\eng\mgmt\DisableTestRunParallel.cs(7,60): error CS0518: Predefined type 'System.Boolean' is not defined or imported
C:\gh\azure-sdk-for-net\eng\mgmt\DisableTestRunParallel.cs(7,66): error CS0246: The type or namespace name 'MaxParallelThreads' could not be found (are you missing a using directive or an assembly reference?)
C:\gh\azure-sdk-for-net\eng\mgmt\DisableTestRunParallel.cs(7,87): error CS0518: Predefined type 'System.Int32' is not defined or imported
C:\gh\azure-sdk-for-net\artifacts\obj\Microsoft.Azure.Management.HybridCompute.Tests\Debug\netcoreapp2.0\.NETCoreApp,Version=v2.0.AssemblyAttributes.cs(4,71): error CS0518: Predefined type 'System.String' is not defined or imported
C:\gh\azure-sdk-for-net\artifacts\obj\Microsoft.Azure.Management.HybridCompute.Tests\Debug\netcoreapp2.0\.NETCoreApp,Version=v2.0.AssemblyAttributes.cs(4,99): error CS0246: The type or namespace name 'FrameworkDisplayName' could not be found (are you missing a using directive or an assembly reference?)
C:\gh\azure-sdk-for-net\artifacts\obj\Microsoft.Azure.Management.HybridCompute.Tests\Debug\netcoreapp2.0\.NETCoreApp,Version=v2.0.AssemblyAttributes.cs(4,122): error CS0518: Predefined type 'System.String' is not defined or imported
C:\gh\azure-sdk-for-net\artifacts\obj\Microsoft.Azure.Management.HybridCompute.Tests\Debug\netcoreapp2.0\Microsoft.Azure.Management.HybridCompute.Tests.AssemblyInfo.cs(14,56): error CS0518: Predefined type 'System.String' is not defined or imported
C:\gh\azure-sdk-for-net\artifacts\obj\Microsoft.Azure.Management.HybridCompute.Tests\Debug\netcoreapp2.0\Microsoft.Azure.Management.HybridCompute.Tests.AssemblyInfo.cs(14,70): error CS0518: Predefined type 'System.String' is not defined or imported
C:\gh\azure-sdk-for-net\artifacts\obj\Microsoft.Azure.Management.HybridCompute.Tests\Debug\netcoreapp2.0\Microsoft.Azure.Management.HybridCompute.Tests.AssemblyInfo.cs(15,5): error CS0518: Predefined type 'System.String' is not defined or imported
C:\gh\azure-sdk-for-net\artifacts\obj\Microsoft.Azure.Management.HybridCompute.Tests\Debug\netcoreapp2.0\Microsoft.Azure.Management.HybridCompute.Tests.AssemblyInfo.cs(16,68): error CS0518: Predefined type 'System.String' is not defined or imported
C:\gh\azure-sdk-for-net\artifacts\obj\Microsoft.Azure.Management.HybridCompute.Tests\Debug\netcoreapp2.0\Microsoft.Azure.Management.HybridCompute.Tests.AssemblyInfo.cs(17,56): error CS0518: Predefined type 'System.String' is not defined or imported
C:\gh\azure-sdk-for-net\artifacts\obj\Microsoft.Azure.Management.HybridCompute.Tests\Debug\netcoreapp2.0\Microsoft.Azure.Management.HybridCompute.Tests.AssemblyInfo.cs(17,73): error CS0518: Predefined type 'System.String' is not defined or imported
C:\gh\azure-sdk-for-net\sdk\hybridcompute\Microsoft.Azure.Management.HybridCompute\tests\Helpers\HybridComputeHelper.cs(5,17): error CS0234: The type or namespace name 'Rest' does not exist in the namespace 'Microsoft' (are you missing an assembly reference?)
C:\gh\azure-sdk-for-net\sdk\hybridcompute\Microsoft.Azure.Management.HybridCompute\tests\HybridMachineExtensionTests.cs(4,7): error CS0246: The type or namespace name 'System' could not be found (are you missing a using directive or an assembly reference?)
C:\gh\azure-sdk-for-net\sdk\hybridcompute\Microsoft.Azure.Management.HybridCompute\tests\HybridMachineExtensionTests.cs(5,7): error CS0246: The type or namespace name 'System' could not be found (are you missing a using directive or an assembly reference?)
C:\gh\azure-sdk-for-net\sdk\hybridcompute\Microsoft.Azure.Management.HybridCompute\tests\HybridMachineExtensionTests.cs(6,7): error CS0246: The type or namespace name 'System' could not be found (are you missing a using directive or an assembly reference?)
C:\gh\azure-sdk-for-net\sdk\hybridcompute\Microsoft.Azure.Management.HybridCompute\tests\HybridMachineExtensionTests.cs(9,17): error CS0234: The type or namespace name 'Rest' does not exist in the namespace 'Microsoft' (are you missing an assembly reference?)
C:\gh\azure-sdk-for-net\sdk\hybridcompute\Microsoft.Azure.Management.HybridCompute\tests\HybridMachineExtensionTests.cs(10,17): error CS0234: The type or namespace name 'Rest' does not exist in the namespace 'Microsoft' (are you missing an assembly reference?)
C:\gh\azure-sdk-for-net\sdk\hybridcompute\Microsoft.Azure.Management.HybridCompute\tests\HybridMachineExtensionTests.cs(11,7): error CS0246: The type or namespace name 'Newtonsoft' could not be found (are you missing a using directive or an assembly reference?)
C:\gh\azure-sdk-for-net\sdk\hybridcompute\Microsoft.Azure.Management.HybridCompute\tests\HybridMachineExtensionTests.cs(12,7): error CS0246: The type or namespace name 'Xunit' could not be found (are you missing a using directive or an assembly reference?)
C:\gh\azure-sdk-for-net\sdk\hybridcompute\Microsoft.Azure.Management.HybridCompute\tests\HybridMachineTests.cs(4,7): error CS0246: The type or namespace name 'System' could not be found (are you missing a using directive or an assembly reference?)
C:\gh\azure-sdk-for-net\sdk\hybridcompute\Microsoft.Azure.Management.HybridCompute\tests\HybridMachineTests.cs(5,7): error CS0246: The type or namespace name 'System' could not be found (are you missing a using directive or an assembly reference?)
C:\gh\azure-sdk-for-net\sdk\hybridcompute\Microsoft.Azure.Management.HybridCompute\tests\HybridMachineTests.cs(6,7): error CS0246: The type or namespace name 'System' could not be found (are you missing a using directive or an assembly reference?)
C:\gh\azure-sdk-for-net\sdk\hybridcompute\Microsoft.Azure.Management.HybridCompute\tests\HybridMachineTests.cs(7,7): error CS0246: The type or namespace name 'System' could not be found (are you missing a using directive or an assembly reference?)
C:\gh\azure-sdk-for-net\sdk\hybridcompute\Microsoft.Azure.Management.HybridCompute\tests\HybridMachineTests.cs(11,17): error CS0234: The type or namespace name 'Rest' does not exist in the namespace 'Microsoft' (are you missing an assembly reference?)
C:\gh\azure-sdk-for-net\sdk\hybridcompute\Microsoft.Azure.Management.HybridCompute\tests\HybridMachineTests.cs(12,17): error CS0234: The type or namespace name 'Rest' does not exist in the namespace 'Microsoft' (are you missing an assembly reference?)
C:\gh\azure-sdk-for-net\sdk\hybridcompute\Microsoft.Azure.Management.HybridCompute\tests\HybridMachineTests.cs(13,7): error CS0246: The type or namespace name 'Xunit' could not be found (are you missing a using directive or an assembly reference?)
C:\gh\azure-sdk-for-net\eng\mgmt\DisableTestRunParallel.cs(4,7): error CS0246: The type or namespace name 'System' could not be found (are you missing a using directive or an assembly reference?)
C:\gh\azure-sdk-for-net\eng\mgmt\DisableTestRunParallel.cs(5,7): error CS0246: The type or namespace name 'Xunit' could not be found (are you missing a using directive or an assembly reference?)
C:\gh\azure-sdk-for-net\artifacts\obj\Microsoft.Azure.Management.HybridCompute.Tests\Debug\netcoreapp2.0\.NETCoreApp,Version=v2.0.AssemblyAttributes.cs(2,7): error CS0246: The type or namespace name 'System' could not be found (are you missing a using directive or an assembly reference?)
C:\gh\azure-sdk-for-net\artifacts\obj\Microsoft.Azure.Management.HybridCompute.Tests\Debug\netcoreapp2.0\.NETCoreApp,Version=v2.0.AssemblyAttributes.cs(3,7): error CS0246: The type or namespace name 'System' could not be found (are you missing a using directive or an assembly reference?)
C:\gh\azure-sdk-for-net\artifacts\obj\Microsoft.Azure.Management.HybridCompute.Tests\Debug\netcoreapp2.0\Microsoft.Azure.Management.HybridCompute.Tests.AssemblyInfo.cs(11,7): error CS0246: The type or namespace name 'System' could not be found (are you missing a using directive or an assembly reference?)
C:\gh\azure-sdk-for-net\artifacts\obj\Microsoft.Azure.Management.HybridCompute.Tests\Debug\netcoreapp2.0\Microsoft.Azure.Management.HybridCompute.Tests.AssemblyInfo.cs(12,7): error CS0246: The type or namespace name 'System' could not be found (are you missing a using directive or an assembly reference?)
C:\gh\azure-sdk-for-net\sdk\hybridcompute\Microsoft.Azure.Management.HybridCompute\tests\Helpers\HybridComputeHelper.cs(9,25): error CS0518: Predefined type 'System.Object' is not defined or imported
C:\gh\azure-sdk-for-net\sdk\hybridcompute\Microsoft.Azure.Management.HybridCompute\tests\HybridMachineTests.cs(23,10): error CS0518: Predefined type 'System.Object' is not defined or imported
C:\gh\azure-sdk-for-net\sdk\hybridcompute\Microsoft.Azure.Management.HybridCompute\tests\HybridMachineTests.cs(23,10): error CS0246: The type or namespace name 'FactAttribute' could not be found (are you missing a using directive or an assembly reference?)
C:\gh\azure-sdk-for-net\sdk\hybridcompute\Microsoft.Azure.Management.HybridCompute\tests\HybridMachineTests.cs(23,10): error CS0246: The type or namespace name 'Fact' could not be found (are you missing a using directive or an assembly reference?)
C:\gh\azure-sdk-for-net\sdk\hybridcompute\Microsoft.Azure.Management.HybridCompute\tests\HybridMachineExtensionTests.cs(89,10): error CS0518: Predefined type 'System.Object' is not defined or imported
C:\gh\azure-sdk-for-net\sdk\hybridcompute\Microsoft.Azure.Management.HybridCompute\tests\HybridMachineExtensionTests.cs(89,10): error CS0246: The type or namespace name 'FactAttribute' could not be found (are you missing a using directive or an assembly reference?)
C:\gh\azure-sdk-for-net\sdk\hybridcompute\Microsoft.Azure.Management.HybridCompute\tests\HybridMachineExtensionTests.cs(89,10): error CS0246: The type or namespace name 'Fact' could not be found (are you missing a using directive or an assembly reference?)
C:\gh\azure-sdk-for-net\sdk\hybridcompute\Microsoft.Azure.Management.HybridCompute\tests\HybridMachineTests.cs(47,10): error CS0518: Predefined type 'System.Object' is not defined or imported
C:\gh\azure-sdk-for-net\sdk\hybridcompute\Microsoft.Azure.Management.HybridCompute\tests\HybridMachineTests.cs(47,10): error CS0246: The type or namespace name 'FactAttribute' could not be found (are you missing a using directive or an assembly reference?)
C:\gh\azure-sdk-for-net\sdk\hybridcompute\Microsoft.Azure.Management.HybridCompute\tests\HybridMachineTests.cs(47,10): error CS0246: The type or namespace name 'Fact' could not be found (are you missing a using directive or an assembly reference?)
C:\gh\azure-sdk-for-net\sdk\hybridcompute\Microsoft.Azure.Management.HybridCompute\tests\HybridMachineExtensionTests.cs(113,10): error CS0518: Predefined type 'System.Object' is not defined or imported
C:\gh\azure-sdk-for-net\sdk\hybridcompute\Microsoft.Azure.Management.HybridCompute\tests\HybridMachineExtensionTests.cs(113,10): error CS0246: The type or namespace name 'FactAttribute' could not be found (are you missing a using directive or an assembly reference?)
C:\gh\azure-sdk-for-net\sdk\hybridcompute\Microsoft.Azure.Management.HybridCompute\tests\HybridMachineExtensionTests.cs(113,10): error CS0246: The type or namespace name 'Fact' could not be found (are you missing a using directive or an assembly reference?)
C:\gh\azure-sdk-for-net\sdk\hybridcompute\Microsoft.Azure.Management.HybridCompute\tests\HybridMachineTests.cs(61,10): error CS0518: Predefined type 'System.Object' is not defined or imported
C:\gh\azure-sdk-for-net\sdk\hybridcompute\Microsoft.Azure.Management.HybridCompute\tests\HybridMachineTests.cs(61,10): error CS0246: The type or namespace name 'FactAttribute' could not be found (are you missing a using directive or an assembly reference?)
C:\gh\azure-sdk-for-net\sdk\hybridcompute\Microsoft.Azure.Management.HybridCompute\tests\HybridMachineTests.cs(61,10): error CS0246: The type or namespace name 'Fact' could not be found (are you missing a using directive or an assembly reference?)
C:\gh\azure-sdk-for-net\sdk\hybridcompute\Microsoft.Azure.Management.HybridCompute\tests\HybridMachineExtensionTests.cs(153,10): error CS0518: Predefined type 'System.Object' is not defined or imported
C:\gh\azure-sdk-for-net\sdk\hybridcompute\Microsoft.Azure.Management.HybridCompute\tests\HybridMachineExtensionTests.cs(153,10): error CS0246: The type or namespace name 'FactAttribute' could not be found (are you missing a using directive or an assembly reference?)
C:\gh\azure-sdk-for-net\sdk\hybridcompute\Microsoft.Azure.Management.HybridCompute\tests\HybridMachineExtensionTests.cs(153,10): error CS0246: The type or namespace name 'Fact' could not be found (are you missing a using directive or an assembly reference?)
C:\gh\azure-sdk-for-net\sdk\hybridcompute\Microsoft.Azure.Management.HybridCompute\tests\HybridMachineTests.cs(90,10): error CS0518: Predefined type 'System.Object' is not defined or imported
C:\gh\azure-sdk-for-net\sdk\hybridcompute\Microsoft.Azure.Management.HybridCompute\tests\HybridMachineTests.cs(90,10): error CS0246: The type or namespace name 'FactAttribute' could not be found (are you missing a using directive or an assembly reference?)
C:\gh\azure-sdk-for-net\sdk\hybridcompute\Microsoft.Azure.Management.HybridCompute\tests\HybridMachineTests.cs(90,10): error CS0246: The type or namespace name 'Fact' could not be found (are you missing a using directive or an assembly reference?)
C:\gh\azure-sdk-for-net\sdk\hybridcompute\Microsoft.Azure.Management.HybridCompute\tests\HybridMachineExtensionTests.cs(225,10): error CS0518: Predefined type 'System.Object' is not defined or imported
C:\gh\azure-sdk-for-net\sdk\hybridcompute\Microsoft.Azure.Management.HybridCompute\tests\HybridMachineExtensionTests.cs(225,10): error CS0246: The type or namespace name 'FactAttribute' could not be found (are you missing a using directive or an assembly reference?)
C:\gh\azure-sdk-for-net\sdk\hybridcompute\Microsoft.Azure.Management.HybridCompute\tests\HybridMachineExtensionTests.cs(225,10): error CS0246: The type or namespace name 'Fact' could not be found (are you missing a using directive or an assembly reference?)
C:\gh\azure-sdk-for-net\sdk\hybridcompute\Microsoft.Azure.Management.HybridCompute\tests\HybridMachineExtensionTests.cs(245,10): error CS0518: Predefined type 'System.Object' is not defined or imported
C:\gh\azure-sdk-for-net\sdk\hybridcompute\Microsoft.Azure.Management.HybridCompute\tests\HybridMachineExtensionTests.cs(245,10): error CS0246: The type or namespace name 'FactAttribute' could not be found (are you missing a using directive or an assembly reference?)
C:\gh\azure-sdk-for-net\sdk\hybridcompute\Microsoft.Azure.Management.HybridCompute\tests\HybridMachineExtensionTests.cs(245,10): error CS0246: The type or namespace name 'Fact' could not be found (are you missing a using directive or an assembly reference?)
C:\gh\azure-sdk-for-net\sdk\hybridcompute\Microsoft.Azure.Management.HybridCompute\tests\Helpers\HybridComputeHelper.cs(19,45): error CS0518: Predefined type 'System.Object' is not defined or imported
C:\gh\azure-sdk-for-net\sdk\hybridcompute\Microsoft.Azure.Management.HybridCompute\tests\Helpers\HybridComputeHelper.cs(24,20): error CS0518: Predefined type 'System.Object' is not defined or imported
C:\gh\azure-sdk-for-net\sdk\hybridcompute\Microsoft.Azure.Management.HybridCompute\tests\Helpers\HybridComputeHelper.cs(24,20): error CS0103: The name 'TestUtilities' does not exist in the current context
C:\gh\azure-sdk-for-net\sdk\hybridcompute\Microsoft.Azure.Management.HybridCompute\tests\Helpers\HybridComputeHelper.cs(24,47): error CS0518: Predefined type 'System.String' is not defined or imported
C:\gh\azure-sdk-for-net\sdk\hybridcompute\Microsoft.Azure.Management.HybridCompute\tests\HybridMachineExtensionTests.cs(30,28): error CS0518: Predefined type 'System.Object' is not defined or imported
C:\gh\azure-sdk-for-net\sdk\hybridcompute\Microsoft.Azure.Management.HybridCompute\tests\HybridMachineExtensionTests.cs(31,24): error CS0518: Predefined type 'System.String' is not defined or imported
C:\gh\azure-sdk-for-net\sdk\hybridcompute\Microsoft.Azure.Management.HybridCompute\tests\HybridMachineExtensionTests.cs(32,33): error CS0518: Predefined type 'System.String' is not defined or imported
C:\gh\azure-sdk-for-net\sdk\hybridcompute\Microsoft.Azure.Management.HybridCompute\tests\HybridMachineExtensionTests.cs(32,48): error CS0518: Predefined type 'System.String' is not defined or imported
C:\gh\azure-sdk-for-net\sdk\hybridcompute\Microsoft.Azure.Management.HybridCompute\tests\HybridMachineExtensionTests.cs(32,57): error CS0518: Predefined type 'System.Object' is not defined or imported
C:\gh\azure-sdk-for-net\sdk\hybridcompute\Microsoft.Azure.Management.HybridCompute\tests\HybridMachineExtensionTests.cs(32,57): error CS0103: The name 'StringComparison' does not exist in the current context
C:\gh\azure-sdk-for-net\sdk\hybridcompute\Microsoft.Azure.Management.HybridCompute\tests\HybridMachineExtensionTests.cs(32,96): error CS0518: Predefined type 'System.Int32' is not defined or imported
C:\gh\azure-sdk-for-net\sdk\hybridcompute\Microsoft.Azure.Management.HybridCompute\tests\HybridMachineExtensionTests.cs(32,24): error CS0518: Predefined type 'System.Boolean' is not defined or imported
C:\gh\azure-sdk-for-net\sdk\hybridcompute\Microsoft.Azure.Management.HybridCompute\tests\HybridMachineTests.cs(26,13): error CS0518: Predefined type 'System.IDisposable' is not defined or imported
C:\gh\azure-sdk-for-net\sdk\hybridcompute\Microsoft.Azure.Management.HybridCompute\tests\HybridMachineTests.cs(26,20): error CS0518: Predefined type 'System.Object' is not defined or imported
C:\gh\azure-sdk-for-net\sdk\hybridcompute\Microsoft.Azure.Management.HybridCompute\tests\HybridMachineTests.cs(26,20): error CS0246: The type or namespace name 'MockContext' could not be found (are you missing a using directive or an assembly reference?)
C:\gh\azure-sdk-for-net\sdk\hybridcompute\Microsoft.Azure.Management.HybridCompute\tests\HybridMachineTests.cs(26,42): error CS0518: Predefined type 'System.Object' is not defined or imported
C:\gh\azure-sdk-for-net\sdk\hybridcompute\Microsoft.Azure.Management.HybridCompute\tests\HybridMachineTests.cs(26,42): error CS0103: The name 'MockContext' does not exist in the current context
C:\gh\azure-sdk-for-net\sdk\hybridcompute\Microsoft.Azure.Management.HybridCompute\tests\HybridMachineTests.cs(26,60): error CS0518: Predefined type 'System.Object' is not defined or imported
C:\gh\azure-sdk-for-net\sdk\hybridcompute\Microsoft.Azure.Management.HybridCompute\tests\HybridMachineTests.cs(26,60): error CS0103: The name 'GetType' does not exist in the current context
C:\gh\azure-sdk-for-net\sdk\hybridcompute\Microsoft.Azure.Management.HybridCompute\tests\HybridMachineTests.cs(28,35): error CS0518: Predefined type 'System.Object' is not defined or imported
C:\gh\azure-sdk-for-net\sdk\hybridcompute\Microsoft.Azure.Management.HybridCompute\tests\HybridMachineTests.cs(29,17): error CS0518: Predefined type 'System.Object' is not defined or imported
C:\gh\azure-sdk-for-net\sdk\hybridcompute\Microsoft.Azure.Management.HybridCompute\tests\HybridMachineTests.cs(29,41): error CS0518: Predefined type 'System.String' is not defined or imported
C:\gh\azure-sdk-for-net\sdk\hybridcompute\Microsoft.Azure.Management.HybridCompute\tests\HybridMachineTests.cs(30,17): error CS0518: Predefined type 'System.Object' is not defined or imported
C:\gh\azure-sdk-for-net\sdk\hybridcompute\Microsoft.Azure.Management.HybridCompute\tests\HybridMachineTests.cs(30,17): error CS0103: The name 'Assert' does not exist in the current context
C:\gh\azure-sdk-for-net\sdk\hybridcompute\Microsoft.Azure.Management.HybridCompute\tests\HybridMachineTests.cs(30,58): error CS0518: Predefined type 'System.String' is not defined or imported
C:\gh\azure-sdk-for-net\sdk\hybridcompute\Microsoft.Azure.Management.HybridCompute\tests\HybridMachineTests.cs(31,17): error CS0518: Predefined type 'System.Object' is not defined or imported
C:\gh\azure-sdk-for-net\sdk\hybridcompute\Microsoft.Azure.Management.HybridCompute\tests\HybridMachineTests.cs(31,17): error CS0103: The name 'Assert' does not exist in the current context
C:\gh\azure-sdk-for-net\sdk\hybridcompute\Microsoft.Azure.Management.HybridCompute\tests\HybridMachineTests.cs(31,55): error CS0518: Predefined type 'System.String' is not defined or imported
C:\gh\azure-sdk-for-net\sdk\hybridcompute\Microsoft.Azure.Management.HybridCompute\tests\HybridMachineExtensionTests.cs(38,17): error CS0518: Predefined type 'System.Boolean' is not defined or imported
C:\gh\azure-sdk-for-net\sdk\hybridcompute\Microsoft.Azure.Management.HybridCompute\tests\HybridMachineExtensionTests.cs(40,17): error CS0518: Predefined type 'System.Object' is not defined or imported
C:\gh\azure-sdk-for-net\sdk\hybridcompute\Microsoft.Azure.Management.HybridCompute\tests\HybridMachineExtensionTests.cs(40,50): error CS0518: Predefined type 'System.Object' is not defined or imported
C:\gh\azure-sdk-for-net\sdk\hybridcompute\Microsoft.Azure.Management.HybridCompute\tests\HybridMachineExtensionTests.cs(40,50): error CS0518: Predefined type 'System.Void' is not defined or imported
C:\gh\azure-sdk-for-net\sdk\hybridcompute\Microsoft.Azure.Management.HybridCompute\tests\HybridMachineExtensionTests.cs(42,21): error CS0518: Predefined type 'System.String' is not defined or imported
C:\gh\azure-sdk-for-net\sdk\hybridcompute\Microsoft.Azure.Management.HybridCompute\tests\HybridMachineExtensionTests.cs(42,41): error CS0518: Predefined type 'System.String' is not defined or imported
C:\gh\azure-sdk-for-net\sdk\hybridcompute\Microsoft.Azure.Management.HybridCompute\tests\HybridMachineExtensionTests.cs(43,21): error CS0518: Predefined type 'System.Object' is not defined or imported
C:\gh\azure-sdk-for-net\sdk\hybridcompute\Microsoft.Azure.Management.HybridCompute\tests\HybridMachineExtensionTests.cs(43,36): error CS0518: Predefined type 'System.Object' is not defined or imported
C:\gh\azure-sdk-for-net\sdk\hybridcompute\Microsoft.Azure.Management.HybridCompute\tests\HybridMachineExtensionTests.cs(43,36): error CS0246: The type or namespace name 'Hashtable' could not be found (are you missing a using directive or an assembly reference?)
C:\gh\azure-sdk-for-net\sdk\hybridcompute\Microsoft.Azure.Management.HybridCompute\tests\HybridMachineExtensionTests.cs(43,50): error CS0518: Predefined type 'System.String' is not defined or imported
C:\gh\azure-sdk-for-net\sdk\hybridcompute\Microsoft.Azure.Management.HybridCompute\tests\HybridMachineExtensionTests.cs(43,70): error CS0518: Predefined type 'System.String' is not defined or imported
C:\gh\azure-sdk-for-net\sdk\hybridcompute\Microsoft.Azure.Management.HybridCompute\tests\HybridMachineExtensionTests.cs(44,21): error CS0518: Predefined type 'System.String' is not defined or imported
C:\gh\azure-sdk-for-net\sdk\hybridcompute\Microsoft.Azure.Management.HybridCompute\tests\HybridMachineExtensionTests.cs(44,42): error CS0518: Predefined type 'System.String' is not defined or imported
C:\gh\azure-sdk-for-net\sdk\hybridcompute\Microsoft.Azure.Management.HybridCompute\tests\HybridMachineExtensionTests.cs(45,21): error CS0518: Predefined type 'System.String' is not defined or imported
C:\gh\azure-sdk-for-net\sdk\hybridcompute\Microsoft.Azure.Management.HybridCompute\tests\HybridMachineExtensionTests.cs(45,33): error CS0518: Predefined type 'System.String' is not defined or imported
C:\gh\azure-sdk-for-net\sdk\hybridcompute\Microsoft.Azure.Management.HybridCompute\tests\HybridMachineExtensionTests.cs(46,21): error CS0518: Predefined type 'System.String' is not defined or imported
C:\gh\azure-sdk-for-net\sdk\hybridcompute\Microsoft.Azure.Management.HybridCompute\tests\HybridMachineExtensionTests.cs(46,44): error CS0518: Predefined type 'System.String' is not defined or imported
C:\gh\azure-sdk-for-net\sdk\hybridcompute\Microsoft.Azure.Management.HybridCompute\tests\HybridMachineExtensionTests.cs(48,17): error CS0518: Predefined type 'System.String' is not defined or imported
C:\gh\azure-sdk-for-net\sdk\hybridcompute\Microsoft.Azure.Management.HybridCompute\tests\HybridMachineExtensionTests.cs(50,33): error CS0518: Predefined type 'System.Object' is not defined or imported
C:\gh\azure-sdk-for-net\sdk\hybridcompute\Microsoft.Azure.Management.HybridCompute\tests\HybridMachineExtensionTests.cs(50,33): error CS0518: Predefined type 'System.Void' is not defined or imported
C:\gh\azure-sdk-for-net\sdk\hybridcompute\Microsoft.Azure.Management.HybridCompute\tests\HybridMachineExtensionTests.cs(52,21): error CS0518: Predefined type 'System.String' is not defined or imported
C:\gh\azure-sdk-for-net\sdk\hybridcompute\Microsoft.Azure.Management.HybridCompute\tests\HybridMachineExtensionTests.cs(52,41): error CS0518: Predefined type 'System.String' is not defined or imported
C:\gh\azure-sdk-for-net\sdk\hybridcompute\Microsoft.Azure.Management.HybridCompute\tests\HybridMachineExtensionTests.cs(53,21): error CS0518: Predefined type 'System.String' is not defined or imported
C:\gh\azure-sdk-for-net\sdk\hybridcompute\Microsoft.Azure.Management.HybridCompute\tests\HybridMachineExtensionTests.cs(53,33): error CS0518: Predefined type 'System.String' is not defined or imported
C:\gh\azure-sdk-for-net\sdk\hybridcompute\Microsoft.Azure.Management.HybridCompute\tests\HybridMachineExtensionTests.cs(54,21): error CS0518: Predefined type 'System.String' is not defined or imported
C:\gh\azure-sdk-for-net\sdk\hybridcompute\Microsoft.Azure.Management.HybridCompute\tests\HybridMachineExtensionTests.cs(54,44): error CS0518: Predefined type 'System.String' is not defined or imported
C:\gh\azure-sdk-for-net\sdk\hybridcompute\Microsoft.Azure.Management.HybridCompute\tests\HybridMachineExtensionTests.cs(56,17): error CS0518: Predefined type 'System.String' is not defined or imported
C:\gh\azure-sdk-for-net\sdk\hybridcompute\Microsoft.Azure.Management.HybridCompute\tests\HybridMachineExtensionTests.cs(60,17): error CS0518: Predefined type 'System.Object' is not defined or imported
C:\gh\azure-sdk-for-net\sdk\hybridcompute\Microsoft.Azure.Management.HybridCompute\tests\HybridMachineExtensionTests.cs(60,50): error CS0518: Predefined type 'System.Object' is not defined or imported
C:\gh\azure-sdk-for-net\sdk\hybridcompute\Microsoft.Azure.Management.HybridCompute\tests\HybridMachineExtensionTests.cs(60,50): error CS0518: Predefined type 'System.Void' is not defined or imported
C:\gh\azure-sdk-for-net\sdk\hybridcompute\Microsoft.Azure.Management.HybridCompute\tests\HybridMachineExtensionTests.cs(62,21): error CS0518: Predefined type 'System.String' is not defined or imported
C:\gh\azure-sdk-for-net\sdk\hybridcompute\Microsoft.Azure.Management.HybridCompute\tests\HybridMachineExtensionTests.cs(62,41): error CS0518: Predefined type 'System.String' is not defined or imported
C:\gh\azure-sdk-for-net\sdk\hybridcompute\Microsoft.Azure.Management.HybridCompute\tests\HybridMachineExtensionTests.cs(63,21): error CS0518: Predefined type 'System.Object' is not defined or imported
C:\gh\azure-sdk-for-net\sdk\hybridcompute\Microsoft.Azure.Management.HybridCompute\tests\HybridMachineExtensionTests.cs(63,36): error CS0518: Predefined type 'System.Object' is not defined or imported
C:\gh\azure-sdk-for-net\sdk\hybridcompute\Microsoft.Azure.Management.HybridCompute\tests\HybridMachineExtensionTests.cs(63,36): error CS0246: The type or namespace name 'Hashtable' could not be found (are you missing a using directive or an assembly reference?)
C:\gh\azure-sdk-for-net\sdk\hybridcompute\Microsoft.Azure.Management.HybridCompute\tests\HybridMachineExtensionTests.cs(63,50): error CS0518: Predefined type 'System.String' is not defined or imported
C:\gh\azure-sdk-for-net\sdk\hybridcompute\Microsoft.Azure.Management.HybridCompute\tests\HybridMachineExtensionTests.cs(63,70): error CS0518: Predefined type 'System.String' is not defined or imported
C:\gh\azure-sdk-for-net\sdk\hybridcompute\Microsoft.Azure.Management.HybridCompute\tests\HybridMachineExtensionTests.cs(64,21): error CS0518: Predefined type 'System.String' is not defined or imported
C:\gh\azure-sdk-for-net\sdk\hybridcompute\Microsoft.Azure.Management.HybridCompute\tests\HybridMachineExtensionTests.cs(64,42): error CS0518: Predefined type 'System.String' is not defined or imported
C:\gh\azure-sdk-for-net\sdk\hybridcompute\Microsoft.Azure.Management.HybridCompute\tests\HybridMachineExtensionTests.cs(65,21): error CS0518: Predefined type 'System.String' is not defined or imported
C:\gh\azure-sdk-for-net\sdk\hybridcompute\Microsoft.Azure.Management.HybridCompute\tests\HybridMachineExtensionTests.cs(65,33): error CS0518: Predefined type 'System.String' is not defined or imported
C:\gh\azure-sdk-for-net\sdk\hybridcompute\Microsoft.Azure.Management.HybridCompute\tests\HybridMachineExtensionTests.cs(66,21): error CS0518: Predefined type 'System.String' is not defined or imported
C:\gh\azure-sdk-for-net\sdk\hybridcompute\Microsoft.Azure.Management.HybridCompute\tests\HybridMachineExtensionTests.cs(66,44): error CS0518: Predefined type 'System.String' is not defined or imported
C:\gh\azure-sdk-for-net\sdk\hybridcompute\Microsoft.Azure.Management.HybridCompute\tests\HybridMachineExtensionTests.cs(68,17): error CS0518: Predefined type 'System.String' is not defined or imported
C:\gh\azure-sdk-for-net\sdk\hybridcompute\Microsoft.Azure.Management.HybridCompute\tests\HybridMachineExtensionTests.cs(70,33): error CS0518: Predefined type 'System.Object' is not defined or imported
C:\gh\azure-sdk-for-net\sdk\hybridcompute\Microsoft.Azure.Management.HybridCompute\tests\HybridMachineExtensionTests.cs(70,33): error CS0518: Predefined type 'System.Void' is not defined or imported
C:\gh\azure-sdk-for-net\sdk\hybridcompute\Microsoft.Azure.Management.HybridCompute\tests\HybridMachineExtensionTests.cs(72,21): error CS0518: Predefined type 'System.String' is not defined or imported
C:\gh\azure-sdk-for-net\sdk\hybridcompute\Microsoft.Azure.Management.HybridCompute\tests\HybridMachineExtensionTests.cs(72,41): error CS0518: Predefined type 'System.String' is not defined or imported
C:\gh\azure-sdk-for-net\sdk\hybridcompute\Microsoft.Azure.Management.HybridCompute\tests\HybridMachineExtensionTests.cs(73,21): error CS0518: Predefined type 'System.String' is not defined or imported
C:\gh\azure-sdk-for-net\sdk\hybridcompute\Microsoft.Azure.Management.HybridCompute\tests\HybridMachineExtensionTests.cs(73,33): error CS0518: Predefined type 'System.String' is not defined or imported
C:\gh\azure-sdk-for-net\sdk\hybridcompute\Microsoft.Azure.Management.HybridCompute\tests\HybridMachineExtensionTests.cs(74,21): error CS0518: Predefined type 'System.String' is not defined or imported
C:\gh\azure-sdk-for-net\sdk\hybridcompute\Microsoft.Azure.Management.HybridCompute\tests\HybridMachineExtensionTests.cs(74,44): error CS0518: Predefined type 'System.String' is not defined or imported
C:\gh\azure-sdk-for-net\sdk\hybridcompute\Microsoft.Azure.Management.HybridCompute\tests\HybridMachineExtensionTests.cs(76,17): error CS0518: Predefined type 'System.String' is not defined or imported
C:\gh\azure-sdk-for-net\sdk\hybridcompute\Microsoft.Azure.Management.HybridCompute\tests\HybridMachineTests.cs(38,13): error CS0518: Predefined type 'System.IDisposable' is not defined or imported
C:\gh\azure-sdk-for-net\sdk\hybridcompute\Microsoft.Azure.Management.HybridCompute\tests\HybridMachineTests.cs(38,20): error CS0518: Predefined type 'System.Object' is not defined or imported
C:\gh\azure-sdk-for-net\sdk\hybridcompute\Microsoft.Azure.Management.HybridCompute\tests\HybridMachineTests.cs(38,20): error CS0246: The type or namespace name 'MockContext' could not be found (are you missing a using directive or an assembly reference?)
C:\gh\azure-sdk-for-net\sdk\hybridcompute\Microsoft.Azure.Management.HybridCompute\tests\HybridMachineTests.cs(38,42): error CS0518: Predefined type 'System.Object' is not defined or imported
C:\gh\azure-sdk-for-net\sdk\hybridcompute\Microsoft.Azure.Management.HybridCompute\tests\HybridMachineTests.cs(38,42): error CS0103: The name 'MockContext' does not exist in the current context
C:\gh\azure-sdk-for-net\sdk\hybridcompute\Microsoft.Azure.Management.HybridCompute\tests\HybridMachineTests.cs(38,60): error CS0518: Predefined type 'System.Object' is not defined or imported
C:\gh\azure-sdk-for-net\sdk\hybridcompute\Microsoft.Azure.Management.HybridCompute\tests\HybridMachineTests.cs(38,60): error CS0103: The name 'GetType' does not exist in the current context
C:\gh\azure-sdk-for-net\sdk\hybridcompute\Microsoft.Azure.Management.HybridCompute\tests\HybridMachineTests.cs(40,35): error CS0518: Predefined type 'System.Object' is not defined or imported
C:\gh\azure-sdk-for-net\sdk\hybridcompute\Microsoft.Azure.Management.HybridCompute\tests\HybridMachineTests.cs(41,17): error CS0518: Predefined type 'System.Object' is not defined or imported
C:\gh\azure-sdk-for-net\sdk\hybridcompute\Microsoft.Azure.Management.HybridCompute\tests\HybridMachineTests.cs(41,47): error CS0246: The type or namespace name 'Task<>' could not be found (are you missing a using directive or an assembly reference?)
C:\gh\azure-sdk-for-net\sdk\hybridcompute\Microsoft.Azure.Management.HybridCompute\tests\HybridMachineTests.cs(41,121): error CS0518: Predefined type 'System.Boolean' is not defined or imported
C:\gh\azure-sdk-for-net\sdk\hybridcompute\Microsoft.Azure.Management.HybridCompute\tests\HybridMachineTests.cs(42,17): error CS0518: Predefined type 'System.Object' is not defined or imported
C:\gh\azure-sdk-for-net\sdk\hybridcompute\Microsoft.Azure.Management.HybridCompute\tests\HybridMachineTests.cs(42,17): error CS0103: The name 'Assert' does not exist in the current context
C:\gh\azure-sdk-for-net\sdk\hybridcompute\Microsoft.Azure.Management.HybridCompute\tests\HybridMachineTests.cs(42,58): error CS0518: Predefined type 'System.String' is not defined or imported
C:\gh\azure-sdk-for-net\sdk\hybridcompute\Microsoft.Azure.Management.HybridCompute\tests\HybridMachineTests.cs(43,17): error CS0518: Predefined type 'System.Object' is not defined or imported
C:\gh\azure-sdk-for-net\sdk\hybridcompute\Microsoft.Azure.Management.HybridCompute\tests\HybridMachineTests.cs(43,17): error CS0103: The name 'Assert' does not exist in the current context
C:\gh\azure-sdk-for-net\sdk\hybridcompute\Microsoft.Azure.Management.HybridCompute\tests\HybridMachineTests.cs(43,55): error CS0518: Predefined type 'System.String' is not defined or imported
C:\gh\azure-sdk-for-net\sdk\hybridcompute\Microsoft.Azure.Management.HybridCompute\tests\HybridMachineTests.cs(36,27): error CS0161: 'HybridMachineTests.Machines_GetMachineAsync()': not all code paths return a value
C:\gh\azure-sdk-for-net\sdk\hybridcompute\Microsoft.Azure.Management.HybridCompute\tests\HybridMachineExtensionTests.cs(82,52): error CS0246: The type or namespace name 'IPage<>' could not be found (are you missing a using directive or an assembly reference?)
C:\gh\azure-sdk-for-net\sdk\hybridcompute\Microsoft.Azure.Management.HybridCompute\tests\HybridMachineExtensionTests.cs(82,52): error CS0246: The type or namespace name 'IEnumerable<>' could not be found (are you missing a using directive or an assembly reference?)
C:\gh\azure-sdk-for-net\sdk\hybridcompute\Microsoft.Azure.Management.HybridCompute\tests\HybridMachineExtensionTests.cs(82,22): error CS0518: Predefined type 'System.Object' is not defined or imported
C:\gh\azure-sdk-for-net\sdk\hybridcompute\Microsoft.Azure.Management.HybridCompute\tests\HybridMachineExtensionTests.cs(84,95): error CS0518: Predefined type 'System.String' is not defined or imported
C:\gh\azure-sdk-for-net\sdk\hybridcompute\Microsoft.Azure.Management.HybridCompute\tests\HybridMachineExtensionTests.cs(84,17): error CS0518: Predefined type 'System.Void' is not defined or imported
C:\gh\azure-sdk-for-net\sdk\hybridcompute\Microsoft.Azure.Management.HybridCompute\tests\HybridMachineExtensionTests.cs(92,24): error CS0518: Predefined type 'System.Object' is not defined or imported
C:\gh\azure-sdk-for-net\sdk\hybridcompute\Microsoft.Azure.Management.HybridCompute\tests\HybridMachineExtensionTests.cs(92,24): error CS0103: The name 'MockContext' does not exist in the current context
C:\gh\azure-sdk-for-net\sdk\hybridcompute\Microsoft.Azure.Management.HybridCompute\tests\HybridMachineExtensionTests.cs(92,42): error CS0518: Predefined type 'System.Object' is not defined or imported
C:\gh\azure-sdk-for-net\sdk\hybridcompute\Microsoft.Azure.Management.HybridCompute\tests\HybridMachineExtensionTests.cs(92,42): error CS0103: The name 'GetType' does not exist in the current context
C:\gh\azure-sdk-for-net\sdk\hybridcompute\Microsoft.Azure.Management.HybridCompute\tests\HybridMachineExtensionTests.cs(93,13): error CS0518: Predefined type 'System.Object' is not defined or imported
C:\gh\azure-sdk-for-net\sdk\hybridcompute\Microsoft.Azure.Management.HybridCompute\tests\HybridMachineExtensionTests.cs(94,13): error CS0518: Predefined type 'System.Object' is not defined or imported
C:\gh\azure-sdk-for-net\sdk\hybridcompute\Microsoft.Azure.Management.HybridCompute\tests\HybridMachineExtensionTests.cs(95,13): error CS0518: Predefined type 'System.Object' is not defined or imported
C:\gh\azure-sdk-for-net\sdk\hybridcompute\Microsoft.Azure.Management.HybridCompute\tests\HybridMachineExtensionTests.cs(95,42): error CS0518: Predefined type 'System.String' is not defined or imported
C:\gh\azure-sdk-for-net\sdk\hybridcompute\Microsoft.Azure.Management.HybridCompute\tests\HybridMachineExtensionTests.cs(96,13): error CS0518: Predefined type 'System.Object' is not defined or imported
C:\gh\azure-sdk-for-net\sdk\hybridcompute\Microsoft.Azure.Management.HybridCompute\tests\HybridMachineExtensionTests.cs(96,13): error CS0103: The name 'Assert' does not exist in the current context
C:\gh\azure-sdk-for-net\sdk\hybridcompute\Microsoft.Azure.Management.HybridCompute\tests\HybridMachineExtensionTests.cs(96,66): error CS0518: Predefined type 'System.String' is not defined or imported
C:\gh\azure-sdk-for-net\sdk\hybridcompute\Microsoft.Azure.Management.HybridCompute\tests\HybridMachineExtensionTests.cs(97,13): error CS0518: Predefined type 'System.Object' is not defined or imported
C:\gh\azure-sdk-for-net\sdk\hybridcompute\Microsoft.Azure.Management.HybridCompute\tests\HybridMachineExtensionTests.cs(97,13): error CS0103: The name 'Assert' does not exist in the current context
C:\gh\azure-sdk-for-net\sdk\hybridcompute\Microsoft.Azure.Management.HybridCompute\tests\HybridMachineExtensionTests.cs(97,35): error CS0518: Predefined type 'System.String' is not defined or imported
C:\gh\azure-sdk-for-net\sdk\hybridcompute\Microsoft.Azure.Management.HybridCompute\tests\HybridMachineExtensionTests.cs(97,55): error CS0518: Predefined type 'System.String' is not defined or imported
C:\gh\azure-sdk-for-net\sdk\hybridcompute\Microsoft.Azure.Management.HybridCompute\tests\HybridMachineExtensionTests.cs(98,13): error CS0518: Predefined type 'System.Object' is not defined or imported
C:\gh\azure-sdk-for-net\sdk\hybridcompute\Microsoft.Azure.Management.HybridCompute\tests\HybridMachineExtensionTests.cs(98,13): error CS0103: The name 'Assert' does not exist in the current context
C:\gh\azure-sdk-for-net\sdk\hybridcompute\Microsoft.Azure.Management.HybridCompute\tests\HybridMachineExtensionTests.cs(98,38): error CS0518: Predefined type 'System.Object' is not defined or imported
C:\gh\azure-sdk-for-net\sdk\hybridcompute\Microsoft.Azure.Management.HybridCompute\tests\HybridMachineTests.cs(50,13): error CS0518: Predefined type 'System.IDisposable' is not defined or imported
C:\gh\azure-sdk-for-net\sdk\hybridcompute\Microsoft.Azure.Management.HybridCompute\tests\HybridMachineTests.cs(50,20): error CS0518: Predefined type 'System.Object' is not defined or imported
C:\gh\azure-sdk-for-net\sdk\hybridcompute\Microsoft.Azure.Management.HybridCompute\tests\HybridMachineTests.cs(50,20): error CS0246: The type or namespace name 'MockContext' could not be found (are you missing a using directive or an assembly reference?)
C:\gh\azure-sdk-for-net\sdk\hybridcompute\Microsoft.Azure.Management.HybridCompute\tests\HybridMachineTests.cs(50,42): error CS0518: Predefined type 'System.Object' is not defined or imported
C:\gh\azure-sdk-for-net\sdk\hybridcompute\Microsoft.Azure.Management.HybridCompute\tests\HybridMachineTests.cs(50,42): error CS0103: The name 'MockContext' does not exist in the current context
C:\gh\azure-sdk-for-net\sdk\hybridcompute\Microsoft.Azure.Management.HybridCompute\tests\HybridMachineTests.cs(50,60): error CS0518: Predefined type 'System.Object' is not defined or imported
C:\gh\azure-sdk-for-net\sdk\hybridcompute\Microsoft.Azure.Management.HybridCompute\tests\HybridMachineTests.cs(50,60): error CS0103: The name 'GetType' does not exist in the current context
C:\gh\azure-sdk-for-net\sdk\hybridcompute\Microsoft.Azure.Management.HybridCompute\tests\HybridMachineTests.cs(52,35): error CS0518: Predefined type 'System.Object' is not defined or imported
C:\gh\azure-sdk-for-net\sdk\hybridcompute\Microsoft.Azure.Management.HybridCompute\tests\HybridMachineTests.cs(53,17): error CS0518: Predefined type 'System.Object' is not defined or imported
C:\gh\azure-sdk-for-net\sdk\hybridcompute\Microsoft.Azure.Management.HybridCompute\tests\HybridMachineTests.cs(53,35): error CS0246: The type or namespace name 'IPage<>' could not be found (are you missing a using directive or an assembly reference?)
C:\gh\azure-sdk-for-net\sdk\hybridcompute\Microsoft.Azure.Management.HybridCompute\tests\HybridMachineTests.cs(56,68): error CS0518: Predefined type 'System.String' is not defined or imported
C:\gh\azure-sdk-for-net\sdk\hybridcompute\Microsoft.Azure.Management.HybridCompute\tests\HybridMachineTests.cs(56,17): error CS0518: Predefined type 'System.Void' is not defined or imported
C:\gh\azure-sdk-for-net\sdk\hybridcompute\Microsoft.Azure.Management.HybridCompute\tests\HybridMachineTests.cs(57,17): error CS0518: Predefined type 'System.Object' is not defined or imported
C:\gh\azure-sdk-for-net\sdk\hybridcompute\Microsoft.Azure.Management.HybridCompute\tests\HybridMachineTests.cs(57,17): error CS0103: The name 'Assert' does not exist in the current context
C:\gh\azure-sdk-for-net\sdk\hybridcompute\Microsoft.Azure.Management.HybridCompute\tests\HybridMachineTests.cs(57,36): error CS0518: Predefined type 'System.Object' is not defined or imported
C:\gh\azure-sdk-for-net\sdk\hybridcompute\Microsoft.Azure.Management.HybridCompute\tests\HybridMachineTests.cs(57,36): error CS0246: The type or namespace name 'Exception' could not be found (are you missing a using directive or an assembly reference?)
C:\gh\azure-sdk-for-net\sdk\hybridcompute\Microsoft.Azure.Management.HybridCompute\tests\HybridMachineExtensionTests.cs(104,24): error CS0518: Predefined type 'System.Object' is not defined or imported
C:\gh\azure-sdk-for-net\sdk\hybridcompute\Microsoft.Azure.Management.HybridCompute\tests\HybridMachineExtensionTests.cs(104,24): error CS0103: The name 'MockContext' does not exist in the current context
C:\gh\azure-sdk-for-net\sdk\hybridcompute\Microsoft.Azure.Management.HybridCompute\tests\HybridMachineExtensionTests.cs(104,42): error CS0518: Predefined type 'System.Object' is not defined or imported
C:\gh\azure-sdk-for-net\sdk\hybridcompute\Microsoft.Azure.Management.HybridCompute\tests\HybridMachineExtensionTests.cs(104,42): error CS0103: The name 'GetType' does not exist in the current context
C:\gh\azure-sdk-for-net\sdk\hybridcompute\Microsoft.Azure.Management.HybridCompute\tests\HybridMachineExtensionTests.cs(105,13): error CS0518: Predefined type 'System.Object' is not defined or imported
C:\gh\azure-sdk-for-net\sdk\hybridcompute\Microsoft.Azure.Management.HybridCompute\tests\HybridMachineExtensionTests.cs(106,13): error CS0518: Predefined type 'System.Object' is not defined or imported
C:\gh\azure-sdk-for-net\sdk\hybridcompute\Microsoft.Azure.Management.HybridCompute\tests\HybridMachineExtensionTests.cs(107,13): error CS0518: Predefined type 'System.Object' is not defined or imported
C:\gh\azure-sdk-for-net\sdk\hybridcompute\Microsoft.Azure.Management.HybridCompute\tests\HybridMachineExtensionTests.cs(107,48): error CS0246: The type or namespace name 'Task<>' could not be found (are you missing a using directive or an assembly reference?)
C:\gh\azure-sdk-for-net\sdk\hybridcompute\Microsoft.Azure.Management.HybridCompute\tests\HybridMachineExtensionTests.cs(107,166): error CS0518: Predefined type 'System.Boolean' is not defined or imported
C:\gh\azure-sdk-for-net\sdk\hybridcompute\Microsoft.Azure.Management.HybridCompute\tests\HybridMachineExtensionTests.cs(108,13): error CS0518: Predefined type 'System.Object' is not defined or imported
C:\gh\azure-sdk-for-net\sdk\hybridcompute\Microsoft.Azure.Management.HybridCompute\tests\HybridMachineExtensionTests.cs(108,13): error CS0103: The name 'Assert' does not exist in the current context
C:\gh\azure-sdk-for-net\sdk\hybridcompute\Microsoft.Azure.Management.HybridCompute\tests\HybridMachineExtensionTests.cs(108,69): error CS0518: Predefined type 'System.String' is not defined or imported
C:\gh\azure-sdk-for-net\sdk\hybridcompute\Microsoft.Azure.Management.HybridCompute\tests\HybridMachineExtensionTests.cs(109,13): error CS0518: Predefined type 'System.Object' is not defined or imported
C:\gh\azure-sdk-for-net\sdk\hybridcompute\Microsoft.Azure.Management.HybridCompute\tests\HybridMachineExtensionTests.cs(109,13): error CS0103: The name 'Assert' does not exist in the current context
C:\gh\azure-sdk-for-net\sdk\hybridcompute\Microsoft.Azure.Management.HybridCompute\tests\HybridMachineExtensionTests.cs(109,35): error CS0518: Predefined type 'System.String' is not defined or imported
C:\gh\azure-sdk-for-net\sdk\hybridcompute\Microsoft.Azure.Management.HybridCompute\tests\HybridMachineExtensionTests.cs(109,55): error CS0518: Predefined type 'System.String' is not defined or imported
C:\gh\azure-sdk-for-net\sdk\hybridcompute\Microsoft.Azure.Management.HybridCompute\tests\HybridMachineExtensionTests.cs(110,13): error CS0518: Predefined type 'System.Object' is not defined or imported
C:\gh\azure-sdk-for-net\sdk\hybridcompute\Microsoft.Azure.Management.HybridCompute\tests\HybridMachineExtensionTests.cs(110,13): error CS0103: The name 'Assert' does not exist in the current context
C:\gh\azure-sdk-for-net\sdk\hybridcompute\Microsoft.Azure.Management.HybridCompute\tests\HybridMachineExtensionTests.cs(110,26): error CS0518: Predefined type 'System.String' is not defined or imported
C:\gh\azure-sdk-for-net\sdk\hybridcompute\Microsoft.Azure.Management.HybridCompute\tests\HybridMachineExtensionTests.cs(110,82): error CS0518: Predefined type 'System.String' is not defined or imported
C:\gh\azure-sdk-for-net\sdk\hybridcompute\Microsoft.Azure.Management.HybridCompute\tests\HybridMachineExtensionTests.cs(102,27): error CS0161: 'HybridMachineExtensionTests.MachineExtensions_GetAsync()': not all code paths return a value
C:\gh\azure-sdk-for-net\sdk\hybridcompute\Microsoft.Azure.Management.HybridCompute\tests\HybridMachineTests.cs(64,13): error CS0518: Predefined type 'System.IDisposable' is not defined or imported
C:\gh\azure-sdk-for-net\sdk\hybridcompute\Microsoft.Azure.Management.HybridCompute\tests\HybridMachineTests.cs(64,20): error CS0518: Predefined type 'System.Object' is not defined or imported
C:\gh\azure-sdk-for-net\sdk\hybridcompute\Microsoft.Azure.Management.HybridCompute\tests\HybridMachineTests.cs(64,20): error CS0246: The type or namespace name 'MockContext' could not be found (are you missing a using directive or an assembly reference?)
C:\gh\azure-sdk-for-net\sdk\hybridcompute\Microsoft.Azure.Management.HybridCompute\tests\HybridMachineTests.cs(64,42): error CS0518: Predefined type 'System.Object' is not defined or imported
C:\gh\azure-sdk-for-net\sdk\hybridcompute\Microsoft.Azure.Management.HybridCompute\tests\HybridMachineTests.cs(64,42): error CS0103: The name 'MockContext' does not exist in the current context
C:\gh\azure-sdk-for-net\sdk\hybridcompute\Microsoft.Azure.Management.HybridCompute\tests\HybridMachineTests.cs(64,60): error CS0518: Predefined type 'System.Object' is not defined or imported
C:\gh\azure-sdk-for-net\sdk\hybridcompute\Microsoft.Azure.Management.HybridCompute\tests\HybridMachineTests.cs(64,60): error CS0103: The name 'GetType' does not exist in the current context
C:\gh\azure-sdk-for-net\sdk\hybridcompute\Microsoft.Azure.Management.HybridCompute\tests\HybridMachineTests.cs(66,35): error CS0518: Predefined type 'System.Object' is not defined or imported
C:\gh\azure-sdk-for-net\sdk\hybridcompute\Microsoft.Azure.Management.HybridCompute\tests\HybridMachineTests.cs(67,17): error CS0518: Predefined type 'System.Int32' is not defined or imported
C:\gh\azure-sdk-for-net\sdk\hybridcompute\Microsoft.Azure.Management.HybridCompute\tests\HybridMachineTests.cs(67,29): error CS0518: Predefined type 'System.Int32' is not defined or imported
C:\gh\azure-sdk-for-net\sdk\hybridcompute\Microsoft.Azure.Management.HybridCompute\tests\HybridMachineTests.cs(68,17): error CS0518: Predefined type 'System.Object' is not defined or imported
C:\gh\azure-sdk-for-net\sdk\hybridcompute\Microsoft.Azure.Management.HybridCompute\tests\HybridMachineTests.cs(68,17): error CS0246: The type or namespace name 'IPage<>' could not be found (are you missing a using directive or an assembly reference?)
C:\gh\azure-sdk-for-net\sdk\hybridcompute\Microsoft.Azure.Management.HybridCompute\tests\HybridMachineTests.cs(68,23): error CS0518: Predefined type 'System.Object' is not defined or imported
C:\gh\azure-sdk-for-net\sdk\hybridcompute\Microsoft.Azure.Management.HybridCompute\tests\HybridMachineTests.cs(68,47): error CS0246: The type or namespace name 'IPage<>' could not be found (are you missing a using directive or an assembly reference?)
C:\gh\azure-sdk-for-net\sdk\hybridcompute\Microsoft.Azure.Management.HybridCompute\tests\HybridMachineTests.cs(69,17): error CS0518: Predefined type 'System.Object' is not defined or imported
C:\gh\azure-sdk-for-net\sdk\hybridcompute\Microsoft.Azure.Management.HybridCompute\tests\HybridMachineTests.cs(69,17): error CS0103: The name 'Assert' does not exist in the current context
C:\gh\azure-sdk-for-net\sdk\hybridcompute\Microsoft.Azure.Management.HybridCompute\tests\HybridMachineTests.cs(70,26): error CS0518: Predefined type 'System.Object' is not defined or imported
C:\gh\azure-sdk-for-net\sdk\hybridcompute\Microsoft.Azure.Management.HybridCompute\tests\HybridMachineTests.cs(75,17): error CS0518: Predefined type 'System.String' is not defined or imported
C:\gh\azure-sdk-for-net\sdk\hybridcompute\Microsoft.Azure.Management.HybridCompute\tests\HybridMachineTests.cs(76,25): error CS0518: Predefined type 'System.String' is not defined or imported
C:\gh\azure-sdk-for-net\sdk\hybridcompute\Microsoft.Azure.Management.HybridCompute\tests\HybridMachineTests.cs(76,24): error CS0518: Predefined type 'System.Boolean' is not defined or imported
C:\gh\azure-sdk-for-net\sdk\hybridcompute\Microsoft.Azure.Management.HybridCompute\tests\HybridMachineTests.cs(78,21): error CS0518: Predefined type 'System.Object' is not defined or imported
C:\gh\azure-sdk-for-net\sdk\hybridcompute\Microsoft.Azure.Management.HybridCompute\tests\HybridMachineTests.cs(78,21): error CS0246: The type or namespace name 'IPage<>' could not be found (are you missing a using directive or an assembly reference?)
C:\gh\azure-sdk-for-net\sdk\hybridcompute\Microsoft.Azure.Management.HybridCompute\tests\HybridMachineTests.cs(78,27): error CS0518: Predefined type 'System.Object' is not defined or imported
C:\gh\azure-sdk-for-net\sdk\hybridcompute\Microsoft.Azure.Management.HybridCompute\tests\HybridMachineTests.cs(78,55): error CS0246: The type or namespace name 'IPage<>' could not be found (are you missing a using directive or an assembly reference?)
C:\gh\azure-sdk-for-net\sdk\hybridcompute\Microsoft.Azure.Management.HybridCompute\tests\HybridMachineTests.cs(79,21): error CS0518: Predefined type 'System.Object' is not defined or imported
C:\gh\azure-sdk-for-net\sdk\hybridcompute\Microsoft.Azure.Management.HybridCompute\tests\HybridMachineTests.cs(79,21): error CS0103: The name 'Assert' does not exist in the current context
C:\gh\azure-sdk-for-net\sdk\hybridcompute\Microsoft.Azure.Management.HybridCompute\tests\HybridMachineTests.cs(80,30): error CS0518: Predefined type 'System.Object' is not defined or imported
C:\gh\azure-sdk-for-net\sdk\hybridcompute\Microsoft.Azure.Management.HybridCompute\tests\HybridMachineTests.cs(86,17): error CS0518: Predefined type 'System.Object' is not defined or imported
C:\gh\azure-sdk-for-net\sdk\hybridcompute\Microsoft.Azure.Management.HybridCompute\tests\HybridMachineTests.cs(86,17): error CS0103: The name 'Assert' does not exist in the current context
C:\gh\azure-sdk-for-net\sdk\hybridcompute\Microsoft.Azure.Management.HybridCompute\tests\HybridMachineTests.cs(86,38): error CS0518: Predefined type 'System.Int32' is not defined or imported
C:\gh\azure-sdk-for-net\sdk\hybridcompute\Microsoft.Azure.Management.HybridCompute\tests\HybridMachineTests.cs(86,29): error CS0518: Predefined type 'System.Boolean' is not defined or imported
C:\gh\azure-sdk-for-net\sdk\hybridcompute\Microsoft.Azure.Management.HybridCompute\tests\HybridMachineExtensionTests.cs(116,24): error CS0518: Predefined type 'System.Object' is not defined or imported
C:\gh\azure-sdk-for-net\sdk\hybridcompute\Microsoft.Azure.Management.HybridCompute\tests\HybridMachineExtensionTests.cs(116,24): error CS0103: The name 'MockContext' does not exist in the current context
C:\gh\azure-sdk-for-net\sdk\hybridcompute\Microsoft.Azure.Management.HybridCompute\tests\HybridMachineExtensionTests.cs(116,42): error CS0518: Predefined type 'System.Object' is not defined or imported
C:\gh\azure-sdk-for-net\sdk\hybridcompute\Microsoft.Azure.Management.HybridCompute\tests\HybridMachineExtensionTests.cs(116,42): error CS0103: The name 'GetType' does not exist in the current context
C:\gh\azure-sdk-for-net\sdk\hybridcompute\Microsoft.Azure.Management.HybridCompute\tests\HybridMachineExtensionTests.cs(117,13): error CS0518: Predefined type 'System.Object' is not defined or imported
C:\gh\azure-sdk-for-net\sdk\hybridcompute\Microsoft.Azure.Management.HybridCompute\tests\HybridMachineExtensionTests.cs(118,13): error CS0518: Predefined type 'System.Object' is not defined or imported
C:\gh\azure-sdk-for-net\sdk\hybridcompute\Microsoft.Azure.Management.HybridCompute\tests\HybridMachineExtensionTests.cs(119,13): error CS0518: Predefined type 'System.Object' is not defined or imported
C:\gh\azure-sdk-for-net\sdk\hybridcompute\Microsoft.Azure.Management.HybridCompute\tests\HybridMachineExtensionTests.cs(119,13): error CS0246: The type or namespace name 'IPage<>' could not be found (are you missing a using directive or an assembly reference?)
C:\gh\azure-sdk-for-net\sdk\hybridcompute\Microsoft.Azure.Management.HybridCompute\tests\HybridMachineExtensionTests.cs(119,19): error CS0518: Predefined type 'System.Object' is not defined or imported
C:\gh\azure-sdk-for-net\sdk\hybridcompute\Microsoft.Azure.Management.HybridCompute\tests\HybridMachineExtensionTests.cs(119,50): error CS0246: The type or namespace name 'IPage<>' could not be found (are you missing a using directive or an assembly reference?)
C:\gh\azure-sdk-for-net\sdk\hybridcompute\Microsoft.Azure.Management.HybridCompute\tests\HybridMachineExtensionTests.cs(119,50): error CS0246: The type or namespace name 'IEnumerable<>' could not be found (are you missing a using directive or an assembly reference?)
C:\gh\azure-sdk-for-net\sdk\hybridcompute\Microsoft.Azure.Management.HybridCompute\tests\HybridMachineExtensionTests.cs(120,13): error CS0518: Predefined type 'System.Object' is not defined or imported
C:\gh\azure-sdk-for-net\sdk\hybridcompute\Microsoft.Azure.Management.HybridCompute\tests\HybridMachineExtensionTests.cs(120,13): error CS0103: The name 'Assert' does not exist in the current context
C:\gh\azure-sdk-for-net\sdk\hybridcompute\Microsoft.Azure.Management.HybridCompute\tests\HybridMachineTests.cs(93,13): error CS0518: Predefined type 'System.IDisposable' is not defined or imported
C:\gh\azure-sdk-for-net\sdk\hybridcompute\Microsoft.Azure.Management.HybridCompute\tests\HybridMachineTests.cs(93,20): error CS0518: Predefined type 'System.Object' is not defined or imported
C:\gh\azure-sdk-for-net\sdk\hybridcompute\Microsoft.Azure.Management.HybridCompute\tests\HybridMachineTests.cs(93,20): error CS0246: The type or namespace name 'MockContext' could not be found (are you missing a using directive or an assembly reference?)
C:\gh\azure-sdk-for-net\sdk\hybridcompute\Microsoft.Azure.Management.HybridCompute\tests\HybridMachineTests.cs(93,42): error CS0518: Predefined type 'System.Object' is not defined or imported
C:\gh\azure-sdk-for-net\sdk\hybridcompute\Microsoft.Azure.Management.HybridCompute\tests\HybridMachineTests.cs(93,42): error CS0103: The name 'MockContext' does not exist in the current context
C:\gh\azure-sdk-for-net\sdk\hybridcompute\Microsoft.Azure.Management.HybridCompute\tests\HybridMachineTests.cs(93,60): error CS0518: Predefined type 'System.Object' is not defined or imported
C:\gh\azure-sdk-for-net\sdk\hybridcompute\Microsoft.Azure.Management.HybridCompute\tests\HybridMachineTests.cs(93,60): error CS0103: The name 'GetType' does not exist in the current context
C:\gh\azure-sdk-for-net\sdk\hybridcompute\Microsoft.Azure.Management.HybridCompute\tests\HybridMachineTests.cs(95,35): error CS0518: Predefined type 'System.Object' is not defined or imported
C:\gh\azure-sdk-for-net\sdk\hybridcompute\Microsoft.Azure.Management.HybridCompute\tests\HybridMachineTests.cs(96,17): error CS0518: Predefined type 'System.Object' is not defined or imported
C:\gh\azure-sdk-for-net\sdk\hybridcompute\Microsoft.Azure.Management.HybridCompute\tests\HybridMachineTests.cs(96,17): error CS0246: The type or namespace name 'IPage<>' could not be found (are you missing a using directive or an assembly reference?)
C:\gh\azure-sdk-for-net\sdk\hybridcompute\Microsoft.Azure.Management.HybridCompute\tests\HybridMachineTests.cs(96,23): error CS0518: Predefined type 'System.Object' is not defined or imported
C:\gh\azure-sdk-for-net\sdk\hybridcompute\Microsoft.Azure.Management.HybridCompute\tests\HybridMachineTests.cs(96,47): error CS0246: The type or namespace name 'IPage<>' could not be found (are you missing a using directive or an assembly reference?)
C:\gh\azure-sdk-for-net\sdk\hybridcompute\Microsoft.Azure.Management.HybridCompute\tests\HybridMachineTests.cs(97,17): error CS0518: Predefined type 'System.Object' is not defined or imported
C:\gh\azure-sdk-for-net\sdk\hybridcompute\Microsoft.Azure.Management.HybridCompute\tests\HybridMachineTests.cs(97,17): error CS0103: The name 'Assert' does not exist in the current context
C:\gh\azure-sdk-for-net\sdk\hybridcompute\Microsoft.Azure.Management.HybridCompute\tests\HybridMachineTests.cs(98,17): error CS0518: Predefined type 'System.Int32' is not defined or imported
C:\gh\azure-sdk-for-net\sdk\hybridcompute\Microsoft.Azure.Management.HybridCompute\tests\HybridMachineTests.cs(100,17): error CS0518: Predefined type 'System.String' is not defined or imported
C:\gh\azure-sdk-for-net\sdk\hybridcompute\Microsoft.Azure.Management.HybridCompute\tests\HybridMachineTests.cs(101,25): error CS0518: Predefined type 'System.String' is not defined or imported
C:\gh\azure-sdk-for-net\sdk\hybridcompute\Microsoft.Azure.Management.HybridCompute\tests\HybridMachineTests.cs(101,24): error CS0518: Predefined type 'System.Boolean' is not defined or imported
C:\gh\azure-sdk-for-net\sdk\hybridcompute\Microsoft.Azure.Management.HybridCompute\tests\HybridMachineTests.cs(103,21): error CS0518: Predefined type 'System.Object' is not defined or imported
C:\gh\azure-sdk-for-net\sdk\hybridcompute\Microsoft.Azure.Management.HybridCompute\tests\HybridMachineTests.cs(103,21): error CS0246: The type or namespace name 'IPage<>' could not be found (are you missing a using directive or an assembly reference?)
C:\gh\azure-sdk-for-net\sdk\hybridcompute\Microsoft.Azure.Management.HybridCompute\tests\HybridMachineTests.cs(103,27): error CS0518: Predefined type 'System.Object' is not defined or imported
C:\gh\azure-sdk-for-net\sdk\hybridcompute\Microsoft.Azure.Management.HybridCompute\tests\HybridMachineTests.cs(103,55): error CS0246: The type or namespace name 'IPage<>' could not be found (are you missing a using directive or an assembly reference?)
C:\gh\azure-sdk-for-net\sdk\hybridcompute\Microsoft.Azure.Management.HybridCompute\tests\HybridMachineTests.cs(104,21): error CS0518: Predefined type 'System.Object' is not defined or imported
C:\gh\azure-sdk-for-net\sdk\hybridcompute\Microsoft.Azure.Management.HybridCompute\tests\HybridMachineTests.cs(104,21): error CS0103: The name 'Assert' does not exist in the current context
C:\gh\azure-sdk-for-net\sdk\hybridcompute\Microsoft.Azure.Management.HybridCompute\tests\HybridMachineTests.cs(108,17): error CS0518: Predefined type 'System.Object' is not defined or imported
C:\gh\azure-sdk-for-net\sdk\hybridcompute\Microsoft.Azure.Management.HybridCompute\tests\HybridMachineTests.cs(108,17): error CS0103: The name 'Assert' does not exist in the current context
C:\gh\azure-sdk-for-net\sdk\hybridcompute\Microsoft.Azure.Management.HybridCompute\tests\HybridMachineTests.cs(108,38): error CS0518: Predefined type 'System.Int32' is not defined or imported
C:\gh\azure-sdk-for-net\sdk\hybridcompute\Microsoft.Azure.Management.HybridCompute\tests\HybridMachineTests.cs(108,29): error CS0518: Predefined type 'System.Boolean' is not defined or imported
C:\gh\azure-sdk-for-net\sdk\hybridcompute\Microsoft.Azure.Management.HybridCompute\tests\HybridMachineExtensionTests.cs(136,24): error CS0518: Predefined type 'System.Object' is not defined or imported
C:\gh\azure-sdk-for-net\sdk\hybridcompute\Microsoft.Azure.Management.HybridCompute\tests\HybridMachineExtensionTests.cs(136,24): error CS0103: The name 'MockContext' does not exist in the current context
C:\gh\azure-sdk-for-net\sdk\hybridcompute\Microsoft.Azure.Management.HybridCompute\tests\HybridMachineExtensionTests.cs(136,42): error CS0518: Predefined type 'System.Object' is not defined or imported
C:\gh\azure-sdk-for-net\sdk\hybridcompute\Microsoft.Azure.Management.HybridCompute\tests\HybridMachineExtensionTests.cs(136,42): error CS0103: The name 'GetType' does not exist in the current context
C:\gh\azure-sdk-for-net\sdk\hybridcompute\Microsoft.Azure.Management.HybridCompute\tests\HybridMachineExtensionTests.cs(137,13): error CS0518: Predefined type 'System.Object' is not defined or imported
C:\gh\azure-sdk-for-net\sdk\hybridcompute\Microsoft.Azure.Management.HybridCompute\tests\HybridMachineExtensionTests.cs(138,13): error CS0518: Predefined type 'System.Object' is not defined or imported
C:\gh\azure-sdk-for-net\sdk\hybridcompute\Microsoft.Azure.Management.HybridCompute\tests\HybridMachineExtensionTests.cs(139,13): error CS0518: Predefined type 'System.Object' is not defined or imported
C:\gh\azure-sdk-for-net\sdk\hybridcompute\Microsoft.Azure.Management.HybridCompute\tests\HybridMachineExtensionTests.cs(139,13): error CS0246: The type or namespace name 'IPage<>' could not be found (are you missing a using directive or an assembly reference?)
C:\gh\azure-sdk-for-net\sdk\hybridcompute\Microsoft.Azure.Management.HybridCompute\tests\HybridMachineExtensionTests.cs(139,19): error CS0518: Predefined type 'System.Object' is not defined or imported
C:\gh\azure-sdk-for-net\sdk\hybridcompute\Microsoft.Azure.Management.HybridCompute\tests\HybridMachineExtensionTests.cs(139,56): error CS0246: The type or namespace name 'Task<>' could not be found (are you missing a using directive or an assembly reference?)
C:\gh\azure-sdk-for-net\sdk\hybridcompute\Microsoft.Azure.Management.HybridCompute\tests\HybridMachineExtensionTests.cs(139,142): error CS0518: Predefined type 'System.Boolean' is not defined or imported
C:\gh\azure-sdk-for-net\sdk\hybridcompute\Microsoft.Azure.Management.HybridCompute\tests\HybridMachineExtensionTests.cs(140,13): error CS0518: Predefined type 'System.Object' is not defined or imported
C:\gh\azure-sdk-for-net\sdk\hybridcompute\Microsoft.Azure.Management.HybridCompute\tests\HybridMachineExtensionTests.cs(140,13): error CS0103: The name 'Assert' does not exist in the current context
C:\gh\azure-sdk-for-net\sdk\hybridcompute\Microsoft.Azure.Management.HybridCompute\tests\HybridMachineExtensionTests.cs(134,27): error CS0161: 'HybridMachineExtensionTests.MachineExtensions_ListAsync()': not all code paths return a value
C:\gh\azure-sdk-for-net\sdk\hybridcompute\Microsoft.Azure.Management.HybridCompute\tests\HybridMachineExtensionTests.cs(156,24): error CS0518: Predefined type 'System.Object' is not defined or imported
C:\gh\azure-sdk-for-net\sdk\hybridcompute\Microsoft.Azure.Management.HybridCompute\tests\HybridMachineExtensionTests.cs(156,24): error CS0103: The name 'MockContext' does not exist in the current context
C:\gh\azure-sdk-for-net\sdk\hybridcompute\Microsoft.Azure.Management.HybridCompute\tests\HybridMachineExtensionTests.cs(156,42): error CS0518: Predefined type 'System.Object' is not defined or imported
C:\gh\azure-sdk-for-net\sdk\hybridcompute\Microsoft.Azure.Management.HybridCompute\tests\HybridMachineExtensionTests.cs(156,42): error CS0103: The name 'GetType' does not exist in the current context
C:\gh\azure-sdk-for-net\sdk\hybridcompute\Microsoft.Azure.Management.HybridCompute\tests\HybridMachineExtensionTests.cs(157,13): error CS0518: Predefined type 'System.Object' is not defined or imported
C:\gh\azure-sdk-for-net\sdk\hybridcompute\Microsoft.Azure.Management.HybridCompute\tests\HybridMachineExtensionTests.cs(158,19): error CS0518: Predefined type 'System.String' is not defined or imported
C:\gh\azure-sdk-for-net\sdk\hybridcompute\Microsoft.Azure.Management.HybridCompute\tests\HybridMachineExtensionTests.cs(158,42): error CS0518: Predefined type 'System.String' is not defined or imported
C:\gh\azure-sdk-for-net\sdk\hybridcompute\Microsoft.Azure.Management.HybridCompute\tests\HybridMachineExtensionTests.cs(160,13): error CS0518: Predefined type 'System.Object' is not defined or imported
C:\gh\azure-sdk-for-net\sdk\hybridcompute\Microsoft.Azure.Management.HybridCompute\tests\HybridMachineExtensionTests.cs(160,42): error CS0518: Predefined type 'System.Boolean' is not defined or imported
C:\gh\azure-sdk-for-net\sdk\hybridcompute\Microsoft.Azure.Management.HybridCompute\tests\HybridMachineExtensionTests.cs(161,23): error CS0518: Predefined type 'System.Object' is not defined or imported
C:\gh\azure-sdk-for-net\sdk\hybridcompute\Microsoft.Azure.Management.HybridCompute\tests\HybridMachineExtensionTests.cs(161,23): error CS0518: Predefined type 'System.Void' is not defined or imported
C:\gh\azure-sdk-for-net\sdk\hybridcompute\Microsoft.Azure.Management.HybridCompute\tests\HybridMachineExtensionTests.cs(163,21): error CS0518: Predefined type 'System.String' is not defined or imported
C:\gh\azure-sdk-for-net\sdk\hybridcompute\Microsoft.Azure.Management.HybridCompute\tests\HybridMachineExtensionTests.cs(163,41): error CS0518: Predefined type 'System.String' is not defined or imported
C:\gh\azure-sdk-for-net\sdk\hybridcompute\Microsoft.Azure.Management.HybridCompute\tests\HybridMachineExtensionTests.cs(164,21): error CS0518: Predefined type 'System.Object' is not defined or imported
C:\gh\azure-sdk-for-net\sdk\hybridcompute\Microsoft.Azure.Management.HybridCompute\tests\HybridMachineExtensionTests.cs(164,36): error CS0518: Predefined type 'System.Object' is not defined or imported
C:\gh\azure-sdk-for-net\sdk\hybridcompute\Microsoft.Azure.Management.HybridCompute\tests\HybridMachineExtensionTests.cs(164,36): error CS0246: The type or namespace name 'Hashtable' could not be found (are you missing a using directive or an assembly reference?)
C:\gh\azure-sdk-for-net\sdk\hybridcompute\Microsoft.Azure.Management.HybridCompute\tests\HybridMachineExtensionTests.cs(164,50): error CS0518: Predefined type 'System.String' is not defined or imported
C:\gh\azure-sdk-for-net\sdk\hybridcompute\Microsoft.Azure.Management.HybridCompute\tests\HybridMachineExtensionTests.cs(164,70): error CS0518: Predefined type 'System.String' is not defined or imported
C:\gh\azure-sdk-for-net\sdk\hybridcompute\Microsoft.Azure.Management.HybridCompute\tests\HybridMachineExtensionTests.cs(165,21): error CS0518: Predefined type 'System.String' is not defined or imported
C:\gh\azure-sdk-for-net\sdk\hybridcompute\Microsoft.Azure.Management.HybridCompute\tests\HybridMachineExtensionTests.cs(165,42): error CS0518: Predefined type 'System.String' is not defined or imported
C:\gh\azure-sdk-for-net\sdk\hybridcompute\Microsoft.Azure.Management.HybridCompute\tests\HybridMachineExtensionTests.cs(166,21): error CS0518: Predefined type 'System.String' is not defined or imported
C:\gh\azure-sdk-for-net\sdk\hybridcompute\Microsoft.Azure.Management.HybridCompute\tests\HybridMachineExtensionTests.cs(166,33): error CS0518: Predefined type 'System.String' is not defined or imported
C:\gh\azure-sdk-for-net\sdk\hybridcompute\Microsoft.Azure.Management.HybridCompute\tests\HybridMachineExtensionTests.cs(167,21): error CS0518: Predefined type 'System.String' is not defined or imported
C:\gh\azure-sdk-for-net\sdk\hybridcompute\Microsoft.Azure.Management.HybridCompute\tests\HybridMachineExtensionTests.cs(167,44): error CS0518: Predefined type 'System.String' is not defined or imported
C:\gh\azure-sdk-for-net\sdk\hybridcompute\Microsoft.Azure.Management.HybridCompute\tests\HybridMachineExtensionTests.cs(169,23): error CS0518: Predefined type 'System.Object' is not defined or imported
C:\gh\azure-sdk-for-net\sdk\hybridcompute\Microsoft.Azure.Management.HybridCompute\tests\HybridMachineExtensionTests.cs(169,23): error CS0518: Predefined type 'System.Void' is not defined or imported
C:\gh\azure-sdk-for-net\sdk\hybridcompute\Microsoft.Azure.Management.HybridCompute\tests\HybridMachineExtensionTests.cs(171,21): error CS0518: Predefined type 'System.String' is not defined or imported
C:\gh\azure-sdk-for-net\sdk\hybridcompute\Microsoft.Azure.Management.HybridCompute\tests\HybridMachineExtensionTests.cs(171,41): error CS0518: Predefined type 'System.String' is not defined or imported
C:\gh\azure-sdk-for-net\sdk\hybridcompute\Microsoft.Azure.Management.HybridCompute\tests\HybridMachineExtensionTests.cs(172,21): error CS0518: Predefined type 'System.Object' is not defined or imported
C:\gh\azure-sdk-for-net\sdk\hybridcompute\Microsoft.Azure.Management.HybridCompute\tests\HybridMachineExtensionTests.cs(172,36): error CS0518: Predefined type 'System.Object' is not defined or imported
C:\gh\azure-sdk-for-net\sdk\hybridcompute\Microsoft.Azure.Management.HybridCompute\tests\HybridMachineExtensionTests.cs(172,36): error CS0246: The type or namespace name 'Hashtable' could not be found (are you missing a using directive or an assembly reference?)
C:\gh\azure-sdk-for-net\sdk\hybridcompute\Microsoft.Azure.Management.HybridCompute\tests\HybridMachineExtensionTests.cs(172,50): error CS0518: Predefined type 'System.String' is not defined or imported
C:\gh\azure-sdk-for-net\sdk\hybridcompute\Microsoft.Azure.Management.HybridCompute\tests\HybridMachineExtensionTests.cs(172,70): error CS0518: Predefined type 'System.String' is not defined or imported
C:\gh\azure-sdk-for-net\sdk\hybridcompute\Microsoft.Azure.Management.HybridCompute\tests\HybridMachineExtensionTests.cs(173,21): error CS0518: Predefined type 'System.String' is not defined or imported
C:\gh\azure-sdk-for-net\sdk\hybridcompute\Microsoft.Azure.Management.HybridCompute\tests\HybridMachineExtensionTests.cs(173,42): error CS0518: Predefined type 'System.String' is not defined or imported
C:\gh\azure-sdk-for-net\sdk\hybridcompute\Microsoft.Azure.Management.HybridCompute\tests\HybridMachineExtensionTests.cs(174,21): error CS0518: Predefined type 'System.String' is not defined or imported
C:\gh\azure-sdk-for-net\sdk\hybridcompute\Microsoft.Azure.Management.HybridCompute\tests\HybridMachineExtensionTests.cs(174,33): error CS0518: Predefined type 'System.String' is not defined or imported
C:\gh\azure-sdk-for-net\sdk\hybridcompute\Microsoft.Azure.Management.HybridCompute\tests\HybridMachineExtensionTests.cs(175,21): error CS0518: Predefined type 'System.String' is not defined or imported
C:\gh\azure-sdk-for-net\sdk\hybridcompute\Microsoft.Azure.Management.HybridCompute\tests\HybridMachineExtensionTests.cs(175,44): error CS0518: Predefined type 'System.String' is not defined or imported
C:\gh\azure-sdk-for-net\sdk\hybridcompute\Microsoft.Azure.Management.HybridCompute\tests\HybridMachineExtensionTests.cs(178,13): error CS0518: Predefined type 'System.Object' is not defined or imported
C:\gh\azure-sdk-for-net\sdk\hybridcompute\Microsoft.Azure.Management.HybridCompute\tests\HybridMachineExtensionTests.cs(178,52): error CS0518: Predefined type 'System.String' is not defined or imported
C:\gh\azure-sdk-for-net\sdk\hybridcompute\Microsoft.Azure.Management.HybridCompute\tests\HybridMachineExtensionTests.cs(179,13): error CS0518: Predefined type 'System.Object' is not defined or imported
C:\gh\azure-sdk-for-net\sdk\hybridcompute\Microsoft.Azure.Management.HybridCompute\tests\HybridMachineExtensionTests.cs(179,13): error CS0103: The name 'Assert' does not exist in the current context
C:\gh\azure-sdk-for-net\sdk\hybridcompute\Microsoft.Azure.Management.HybridCompute\tests\HybridMachineExtensionTests.cs(179,61): error CS0518: Predefined type 'System.String' is not defined or imported
C:\gh\azure-sdk-for-net\sdk\hybridcompute\Microsoft.Azure.Management.HybridCompute\tests\HybridMachineExtensionTests.cs(180,13): error CS0518: Predefined type 'System.Object' is not defined or imported
C:\gh\azure-sdk-for-net\sdk\hybridcompute\Microsoft.Azure.Management.HybridCompute\tests\HybridMachineExtensionTests.cs(180,13): error CS0103: The name 'Assert' does not exist in the current context
C:\gh\azure-sdk-for-net\sdk\hybridcompute\Microsoft.Azure.Management.HybridCompute\tests\HybridMachineExtensionTests.cs(180,35): error CS0518: Predefined type 'System.String' is not defined or imported
C:\gh\azure-sdk-for-net\sdk\hybridcompute\Microsoft.Azure.Management.HybridCompute\tests\HybridMachineExtensionTests.cs(180,65): error CS0518: Predefined type 'System.String' is not defined or imported
C:\gh\azure-sdk-for-net\sdk\hybridcompute\Microsoft.Azure.Management.HybridCompute\tests\HybridMachineExtensionTests.cs(181,13): error CS0518: Predefined type 'System.Object' is not defined or imported
C:\gh\azure-sdk-for-net\sdk\hybridcompute\Microsoft.Azure.Management.HybridCompute\tests\HybridMachineExtensionTests.cs(181,13): error CS0103: The name 'Assert' does not exist in the current context
C:\gh\azure-sdk-for-net\sdk\hybridcompute\Microsoft.Azure.Management.HybridCompute\tests\HybridMachineExtensionTests.cs(181,26): error CS0518: Predefined type 'System.String' is not defined or imported
C:\gh\azure-sdk-for-net\sdk\hybridcompute\Microsoft.Azure.Management.HybridCompute\tests\HybridMachineExtensionTests.cs(181,70): error CS0518: Predefined type 'System.Object' is not defined or imported
C:\gh\azure-sdk-for-net\sdk\hybridcompute\Microsoft.Azure.Management.HybridCompute\tests\HybridMachineExtensionTests.cs(181,41): error CS0518: Predefined type 'System.Object' is not defined or imported
C:\gh\azure-sdk-for-net\sdk\hybridcompute\Microsoft.Azure.Management.HybridCompute\tests\HybridMachineExtensionTests.cs(181,41): error CS0246: The type or namespace name 'JObject' could not be found (are you missing a using directive or an assembly reference?)
C:\gh\azure-sdk-for-net\sdk\hybridcompute\Microsoft.Azure.Management.HybridCompute\tests\HybridMachineExtensionTests.cs(181,86): error CS0518: Predefined type 'System.String' is not defined or imported
C:\gh\azure-sdk-for-net\sdk\hybridcompute\Microsoft.Azure.Management.HybridCompute\tests\HybridMachineExtensionTests.cs(181,94): error CS0518: Predefined type 'System.String' is not defined or imported
C:\gh\azure-sdk-for-net\sdk\hybridcompute\Microsoft.Azure.Management.HybridCompute\tests\HybridMachineExtensionTests.cs(183,13): error CS0518: Predefined type 'System.Object' is not defined or imported
C:\gh\azure-sdk-for-net\sdk\hybridcompute\Microsoft.Azure.Management.HybridCompute\tests\HybridMachineExtensionTests.cs(183,49): error CS0518: Predefined type 'System.String' is not defined or imported
C:\gh\azure-sdk-for-net\sdk\hybridcompute\Microsoft.Azure.Management.HybridCompute\tests\HybridMachineExtensionTests.cs(184,13): error CS0518: Predefined type 'System.Object' is not defined or imported
C:\gh\azure-sdk-for-net\sdk\hybridcompute\Microsoft.Azure.Management.HybridCompute\tests\HybridMachineExtensionTests.cs(184,13): error CS0103: The name 'Assert' does not exist in the current context
C:\gh\azure-sdk-for-net\sdk\hybridcompute\Microsoft.Azure.Management.HybridCompute\tests\HybridMachineExtensionTests.cs(184,58): error CS0518: Predefined type 'System.String' is not defined or imported
C:\gh\azure-sdk-for-net\sdk\hybridcompute\Microsoft.Azure.Management.HybridCompute\tests\HybridMachineExtensionTests.cs(185,13): error CS0518: Predefined type 'System.Object' is not defined or imported
C:\gh\azure-sdk-for-net\sdk\hybridcompute\Microsoft.Azure.Management.HybridCompute\tests\HybridMachineExtensionTests.cs(185,13): error CS0103: The name 'Assert' does not exist in the current context
C:\gh\azure-sdk-for-net\sdk\hybridcompute\Microsoft.Azure.Management.HybridCompute\tests\HybridMachineExtensionTests.cs(185,35): error CS0518: Predefined type 'System.String' is not defined or imported
C:\gh\azure-sdk-for-net\sdk\hybridcompute\Microsoft.Azure.Management.HybridCompute\tests\HybridMachineExtensionTests.cs(185,62): error CS0518: Predefined type 'System.String' is not defined or imported
C:\gh\azure-sdk-for-net\sdk\hybridcompute\Microsoft.Azure.Management.HybridCompute\tests\HybridMachineExtensionTests.cs(186,13): error CS0518: Predefined type 'System.Object' is not defined or imported
C:\gh\azure-sdk-for-net\sdk\hybridcompute\Microsoft.Azure.Management.HybridCompute\tests\HybridMachineExtensionTests.cs(186,13): error CS0103: The name 'Assert' does not exist in the current context
C:\gh\azure-sdk-for-net\sdk\hybridcompute\Microsoft.Azure.Management.HybridCompute\tests\HybridMachineExtensionTests.cs(186,26): error CS0518: Predefined type 'System.String' is not defined or imported
C:\gh\azure-sdk-for-net\sdk\hybridcompute\Microsoft.Azure.Management.HybridCompute\tests\HybridMachineExtensionTests.cs(186,67): error CS0518: Predefined type 'System.Object' is not defined or imported
C:\gh\azure-sdk-for-net\sdk\hybridcompute\Microsoft.Azure.Management.HybridCompute\tests\HybridMachineExtensionTests.cs(186,41): error CS0518: Predefined type 'System.Object' is not defined or imported
C:\gh\azure-sdk-for-net\sdk\hybridcompute\Microsoft.Azure.Management.HybridCompute\tests\HybridMachineExtensionTests.cs(186,41): error CS0246: The type or namespace name 'JObject' could not be found (are you missing a using directive or an assembly reference?)
C:\gh\azure-sdk-for-net\sdk\hybridcompute\Microsoft.Azure.Management.HybridCompute\tests\HybridMachineExtensionTests.cs(186,83): error CS0518: Predefined type 'System.String' is not defined or imported
C:\gh\azure-sdk-for-net\sdk\hybridcompute\Microsoft.Azure.Management.HybridCompute\tests\HybridMachineExtensionTests.cs(186,91): error CS0518: Predefined type 'System.String' is not defined or imported
C:\gh\azure-sdk-for-net\sdk\hybridcompute\Microsoft.Azure.Management.HybridCompute\tests\HybridMachineExtensionTests.cs(192,24): error CS0518: Predefined type 'System.Object' is not defined or imported
C:\gh\azure-sdk-for-net\sdk\hybridcompute\Microsoft.Azure.Management.HybridCompute\tests\HybridMachineExtensionTests.cs(192,24): error CS0103: The name 'MockContext' does not exist in the current context
C:\gh\azure-sdk-for-net\sdk\hybridcompute\Microsoft.Azure.Management.HybridCompute\tests\HybridMachineExtensionTests.cs(192,42): error CS0518: Predefined type 'System.Object' is not defined or imported
C:\gh\azure-sdk-for-net\sdk\hybridcompute\Microsoft.Azure.Management.HybridCompute\tests\HybridMachineExtensionTests.cs(192,42): error CS0103: The name 'GetType' does not exist in the current context
C:\gh\azure-sdk-for-net\sdk\hybridcompute\Microsoft.Azure.Management.HybridCompute\tests\HybridMachineExtensionTests.cs(193,13): error CS0518: Predefined type 'System.Object' is not defined or imported
C:\gh\azure-sdk-for-net\sdk\hybridcompute\Microsoft.Azure.Management.HybridCompute\tests\HybridMachineExtensionTests.cs(194,19): error CS0518: Predefined type 'System.String' is not defined or imported
C:\gh\azure-sdk-for-net\sdk\hybridcompute\Microsoft.Azure.Management.HybridCompute\tests\HybridMachineExtensionTests.cs(194,42): error CS0518: Predefined type 'System.String' is not defined or imported
C:\gh\azure-sdk-for-net\sdk\hybridcompute\Microsoft.Azure.Management.HybridCompute\tests\HybridMachineExtensionTests.cs(196,13): error CS0518: Predefined type 'System.Object' is not defined or imported
C:\gh\azure-sdk-for-net\sdk\hybridcompute\Microsoft.Azure.Management.HybridCompute\tests\HybridMachineExtensionTests.cs(196,42): error CS0518: Predefined type 'System.Boolean' is not defined or imported
C:\gh\azure-sdk-for-net\sdk\hybridcompute\Microsoft.Azure.Management.HybridCompute\tests\HybridMachineExtensionTests.cs(197,23): error CS0518: Predefined type 'System.Object' is not defined or imported
C:\gh\azure-sdk-for-net\sdk\hybridcompute\Microsoft.Azure.Management.HybridCompute\tests\HybridMachineExtensionTests.cs(197,23): error CS0518: Predefined type 'System.Void' is not defined or imported
C:\gh\azure-sdk-for-net\sdk\hybridcompute\Microsoft.Azure.Management.HybridCompute\tests\HybridMachineExtensionTests.cs(199,21): error CS0518: Predefined type 'System.String' is not defined or imported
C:\gh\azure-sdk-for-net\sdk\hybridcompute\Microsoft.Azure.Management.HybridCompute\tests\HybridMachineExtensionTests.cs(199,41): error CS0518: Predefined type 'System.String' is not defined or imported
C:\gh\azure-sdk-for-net\sdk\hybridcompute\Microsoft.Azure.Management.HybridCompute\tests\HybridMachineExtensionTests.cs(200,21): error CS0518: Predefined type 'System.Object' is not defined or imported
C:\gh\azure-sdk-for-net\sdk\hybridcompute\Microsoft.Azure.Management.HybridCompute\tests\HybridMachineExtensionTests.cs(200,36): error CS0518: Predefined type 'System.Object' is not defined or imported
C:\gh\azure-sdk-for-net\sdk\hybridcompute\Microsoft.Azure.Management.HybridCompute\tests\HybridMachineExtensionTests.cs(200,36): error CS0246: The type or namespace name 'Hashtable' could not be found (are you missing a using directive or an assembly reference?)
C:\gh\azure-sdk-for-net\sdk\hybridcompute\Microsoft.Azure.Management.HybridCompute\tests\HybridMachineExtensionTests.cs(200,50): error CS0518: Predefined type 'System.String' is not defined or imported
C:\gh\azure-sdk-for-net\sdk\hybridcompute\Microsoft.Azure.Management.HybridCompute\tests\HybridMachineExtensionTests.cs(200,70): error CS0518: Predefined type 'System.String' is not defined or imported
C:\gh\azure-sdk-for-net\sdk\hybridcompute\Microsoft.Azure.Management.HybridCompute\tests\HybridMachineExtensionTests.cs(201,21): error CS0518: Predefined type 'System.String' is not defined or imported
C:\gh\azure-sdk-for-net\sdk\hybridcompute\Microsoft.Azure.Management.HybridCompute\tests\HybridMachineExtensionTests.cs(201,42): error CS0518: Predefined type 'System.String' is not defined or imported
C:\gh\azure-sdk-for-net\sdk\hybridcompute\Microsoft.Azure.Management.HybridCompute\tests\HybridMachineExtensionTests.cs(202,21): error CS0518: Predefined type 'System.String' is not defined or imported
C:\gh\azure-sdk-for-net\sdk\hybridcompute\Microsoft.Azure.Management.HybridCompute\tests\HybridMachineExtensionTests.cs(202,33): error CS0518: Predefined type 'System.String' is not defined or imported
C:\gh\azure-sdk-for-net\sdk\hybridcompute\Microsoft.Azure.Management.HybridCompute\tests\HybridMachineExtensionTests.cs(203,21): error CS0518: Predefined type 'System.String' is not defined or imported
C:\gh\azure-sdk-for-net\sdk\hybridcompute\Microsoft.Azure.Management.HybridCompute\tests\HybridMachineExtensionTests.cs(203,44): error CS0518: Predefined type 'System.String' is not defined or imported
C:\gh\azure-sdk-for-net\sdk\hybridcompute\Microsoft.Azure.Management.HybridCompute\tests\HybridMachineExtensionTests.cs(205,23): error CS0518: Predefined type 'System.Object' is not defined or imported
C:\gh\azure-sdk-for-net\sdk\hybridcompute\Microsoft.Azure.Management.HybridCompute\tests\HybridMachineExtensionTests.cs(205,23): error CS0518: Predefined type 'System.Void' is not defined or imported
C:\gh\azure-sdk-for-net\sdk\hybridcompute\Microsoft.Azure.Management.HybridCompute\tests\HybridMachineExtensionTests.cs(207,21): error CS0518: Predefined type 'System.String' is not defined or imported
C:\gh\azure-sdk-for-net\sdk\hybridcompute\Microsoft.Azure.Management.HybridCompute\tests\HybridMachineExtensionTests.cs(207,41): error CS0518: Predefined type 'System.String' is not defined or imported
C:\gh\azure-sdk-for-net\sdk\hybridcompute\Microsoft.Azure.Management.HybridCompute\tests\HybridMachineExtensionTests.cs(208,21): error CS0518: Predefined type 'System.Object' is not defined or imported
C:\gh\azure-sdk-for-net\sdk\hybridcompute\Microsoft.Azure.Management.HybridCompute\tests\HybridMachineExtensionTests.cs(208,36): error CS0518: Predefined type 'System.Object' is not defined or imported
C:\gh\azure-sdk-for-net\sdk\hybridcompute\Microsoft.Azure.Management.HybridCompute\tests\HybridMachineExtensionTests.cs(208,36): error CS0246: The type or namespace name 'Hashtable' could not be found (are you missing a using directive or an assembly reference?)
C:\gh\azure-sdk-for-net\sdk\hybridcompute\Microsoft.Azure.Management.HybridCompute\tests\HybridMachineExtensionTests.cs(208,50): error CS0518: Predefined type 'System.String' is not defined or imported
C:\gh\azure-sdk-for-net\sdk\hybridcompute\Microsoft.Azure.Management.HybridCompute\tests\HybridMachineExtensionTests.cs(208,70): error CS0518: Predefined type 'System.String' is not defined or imported
C:\gh\azure-sdk-for-net\sdk\hybridcompute\Microsoft.Azure.Management.HybridCompute\tests\HybridMachineExtensionTests.cs(209,21): error CS0518: Predefined type 'System.String' is not defined or imported
C:\gh\azure-sdk-for-net\sdk\hybridcompute\Microsoft.Azure.Management.HybridCompute\tests\HybridMachineExtensionTests.cs(209,42): error CS0518: Predefined type 'System.String' is not defined or imported
C:\gh\azure-sdk-for-net\sdk\hybridcompute\Microsoft.Azure.Management.HybridCompute\tests\HybridMachineExtensionTests.cs(210,21): error CS0518: Predefined type 'System.String' is not defined or imported
C:\gh\azure-sdk-for-net\sdk\hybridcompute\Microsoft.Azure.Management.HybridCompute\tests\HybridMachineExtensionTests.cs(210,33): error CS0518: Predefined type 'System.String' is not defined or imported
C:\gh\azure-sdk-for-net\sdk\hybridcompute\Microsoft.Azure.Management.HybridCompute\tests\HybridMachineExtensionTests.cs(211,21): error CS0518: Predefined type 'System.String' is not defined or imported
C:\gh\azure-sdk-for-net\sdk\hybridcompute\Microsoft.Azure.Management.HybridCompute\tests\HybridMachineExtensionTests.cs(211,44): error CS0518: Predefined type 'System.String' is not defined or imported
C:\gh\azure-sdk-for-net\sdk\hybridcompute\Microsoft.Azure.Management.HybridCompute\tests\HybridMachineExtensionTests.cs(214,13): error CS0518: Predefined type 'System.Object' is not defined or imported
C:\gh\azure-sdk-for-net\sdk\hybridcompute\Microsoft.Azure.Management.HybridCompute\tests\HybridMachineExtensionTests.cs(214,58): error CS0246: The type or namespace name 'Task<>' could not be found (are you missing a using directive or an assembly reference?)
C:\gh\azure-sdk-for-net\sdk\hybridcompute\Microsoft.Azure.Management.HybridCompute\tests\HybridMachineExtensionTests.cs(214,180): error CS0518: Predefined type 'System.Boolean' is not defined or imported
C:\gh\azure-sdk-for-net\sdk\hybridcompute\Microsoft.Azure.Management.HybridCompute\tests\HybridMachineExtensionTests.cs(215,13): error CS0518: Predefined type 'System.Object' is not defined or imported
C:\gh\azure-sdk-for-net\sdk\hybridcompute\Microsoft.Azure.Management.HybridCompute\tests\HybridMachineExtensionTests.cs(215,13): error CS0103: The name 'Assert' does not exist in the current context
C:\gh\azure-sdk-for-net\sdk\hybridcompute\Microsoft.Azure.Management.HybridCompute\tests\HybridMachineExtensionTests.cs(215,61): error CS0518: Predefined type 'System.String' is not defined or imported
C:\gh\azure-sdk-for-net\sdk\hybridcompute\Microsoft.Azure.Management.HybridCompute\tests\HybridMachineExtensionTests.cs(216,13): error CS0518: Predefined type 'System.Object' is not defined or imported
C:\gh\azure-sdk-for-net\sdk\hybridcompute\Microsoft.Azure.Management.HybridCompute\tests\HybridMachineExtensionTests.cs(216,13): error CS0103: The name 'Assert' does not exist in the current context
C:\gh\azure-sdk-for-net\sdk\hybridcompute\Microsoft.Azure.Management.HybridCompute\tests\HybridMachineExtensionTests.cs(216,35): error CS0518: Predefined type 'System.String' is not defined or imported
C:\gh\azure-sdk-for-net\sdk\hybridcompute\Microsoft.Azure.Management.HybridCompute\tests\HybridMachineExtensionTests.cs(216,65): error CS0518: Predefined type 'System.String' is not defined or imported
C:\gh\azure-sdk-for-net\sdk\hybridcompute\Microsoft.Azure.Management.HybridCompute\tests\HybridMachineExtensionTests.cs(217,13): error CS0518: Predefined type 'System.Object' is not defined or imported
C:\gh\azure-sdk-for-net\sdk\hybridcompute\Microsoft.Azure.Management.HybridCompute\tests\HybridMachineExtensionTests.cs(217,13): error CS0103: The name 'Assert' does not exist in the current context
C:\gh\azure-sdk-for-net\sdk\hybridcompute\Microsoft.Azure.Management.HybridCompute\tests\HybridMachineExtensionTests.cs(217,26): error CS0518: Predefined type 'System.String' is not defined or imported
C:\gh\azure-sdk-for-net\sdk\hybridcompute\Microsoft.Azure.Management.HybridCompute\tests\HybridMachineExtensionTests.cs(217,70): error CS0518: Predefined type 'System.Object' is not defined or imported
C:\gh\azure-sdk-for-net\sdk\hybridcompute\Microsoft.Azure.Management.HybridCompute\tests\HybridMachineExtensionTests.cs(217,41): error CS0518: Predefined type 'System.Object' is not defined or imported
C:\gh\azure-sdk-for-net\sdk\hybridcompute\Microsoft.Azure.Management.HybridCompute\tests\HybridMachineExtensionTests.cs(217,41): error CS0246: The type or namespace name 'JObject' could not be found (are you missing a using directive or an assembly reference?)
C:\gh\azure-sdk-for-net\sdk\hybridcompute\Microsoft.Azure.Management.HybridCompute\tests\HybridMachineExtensionTests.cs(217,86): error CS0518: Predefined type 'System.String' is not defined or imported
C:\gh\azure-sdk-for-net\sdk\hybridcompute\Microsoft.Azure.Management.HybridCompute\tests\HybridMachineExtensionTests.cs(217,94): error CS0518: Predefined type 'System.String' is not defined or imported
C:\gh\azure-sdk-for-net\sdk\hybridcompute\Microsoft.Azure.Management.HybridCompute\tests\HybridMachineExtensionTests.cs(219,13): error CS0518: Predefined type 'System.Object' is not defined or imported
C:\gh\azure-sdk-for-net\sdk\hybridcompute\Microsoft.Azure.Management.HybridCompute\tests\HybridMachineExtensionTests.cs(219,55): error CS0246: The type or namespace name 'Task<>' could not be found (are you missing a using directive or an assembly reference?)
C:\gh\azure-sdk-for-net\sdk\hybridcompute\Microsoft.Azure.Management.HybridCompute\tests\HybridMachineExtensionTests.cs(219,155): error CS0518: Predefined type 'System.Boolean' is not defined or imported
C:\gh\azure-sdk-for-net\sdk\hybridcompute\Microsoft.Azure.Management.HybridCompute\tests\HybridMachineExtensionTests.cs(220,13): error CS0518: Predefined type 'System.Object' is not defined or imported
C:\gh\azure-sdk-for-net\sdk\hybridcompute\Microsoft.Azure.Management.HybridCompute\tests\HybridMachineExtensionTests.cs(220,13): error CS0103: The name 'Assert' does not exist in the current context
C:\gh\azure-sdk-for-net\sdk\hybridcompute\Microsoft.Azure.Management.HybridCompute\tests\HybridMachineExtensionTests.cs(220,58): error CS0518: Predefined type 'System.String' is not defined or imported
C:\gh\azure-sdk-for-net\sdk\hybridcompute\Microsoft.Azure.Management.HybridCompute\tests\HybridMachineExtensionTests.cs(221,13): error CS0518: Predefined type 'System.Object' is not defined or imported
C:\gh\azure-sdk-for-net\sdk\hybridcompute\Microsoft.Azure.Management.HybridCompute\tests\HybridMachineExtensionTests.cs(221,13): error CS0103: The name 'Assert' does not exist in the current context
C:\gh\azure-sdk-for-net\sdk\hybridcompute\Microsoft.Azure.Management.HybridCompute\tests\HybridMachineExtensionTests.cs(221,35): error CS0518: Predefined type 'System.String' is not defined or imported
C:\gh\azure-sdk-for-net\sdk\hybridcompute\Microsoft.Azure.Management.HybridCompute\tests\HybridMachineExtensionTests.cs(221,62): error CS0518: Predefined type 'System.String' is not defined or imported
C:\gh\azure-sdk-for-net\sdk\hybridcompute\Microsoft.Azure.Management.HybridCompute\tests\HybridMachineExtensionTests.cs(222,13): error CS0518: Predefined type 'System.Object' is not defined or imported
C:\gh\azure-sdk-for-net\sdk\hybridcompute\Microsoft.Azure.Management.HybridCompute\tests\HybridMachineExtensionTests.cs(222,13): error CS0103: The name 'Assert' does not exist in the current context
C:\gh\azure-sdk-for-net\sdk\hybridcompute\Microsoft.Azure.Management.HybridCompute\tests\HybridMachineExtensionTests.cs(222,26): error CS0518: Predefined type 'System.String' is not defined or imported
C:\gh\azure-sdk-for-net\sdk\hybridcompute\Microsoft.Azure.Management.HybridCompute\tests\HybridMachineExtensionTests.cs(222,67): error CS0518: Predefined type 'System.Object' is not defined or imported
C:\gh\azure-sdk-for-net\sdk\hybridcompute\Microsoft.Azure.Management.HybridCompute\tests\HybridMachineExtensionTests.cs(222,41): error CS0518: Predefined type 'System.Object' is not defined or imported
C:\gh\azure-sdk-for-net\sdk\hybridcompute\Microsoft.Azure.Management.HybridCompute\tests\HybridMachineExtensionTests.cs(222,41): error CS0246: The type or namespace name 'JObject' could not be found (are you missing a using directive or an assembly reference?)
C:\gh\azure-sdk-for-net\sdk\hybridcompute\Microsoft.Azure.Management.HybridCompute\tests\HybridMachineExtensionTests.cs(222,83): error CS0518: Predefined type 'System.String' is not defined or imported
C:\gh\azure-sdk-for-net\sdk\hybridcompute\Microsoft.Azure.Management.HybridCompute\tests\HybridMachineExtensionTests.cs(222,91): error CS0518: Predefined type 'System.String' is not defined or imported
C:\gh\azure-sdk-for-net\sdk\hybridcompute\Microsoft.Azure.Management.HybridCompute\tests\HybridMachineExtensionTests.cs(190,27): error CS0161: 'HybridMachineExtensionTests.MachineExtensions_CreateOrUpdateAsync()': not all code paths return a value
C:\gh\azure-sdk-for-net\sdk\hybridcompute\Microsoft.Azure.Management.HybridCompute\tests\HybridMachineExtensionTests.cs(228,24): error CS0518: Predefined type 'System.Object' is not defined or imported
C:\gh\azure-sdk-for-net\sdk\hybridcompute\Microsoft.Azure.Management.HybridCompute\tests\HybridMachineExtensionTests.cs(228,24): error CS0103: The name 'MockContext' does not exist in the current context
C:\gh\azure-sdk-for-net\sdk\hybridcompute\Microsoft.Azure.Management.HybridCompute\tests\HybridMachineExtensionTests.cs(228,42): error CS0518: Predefined type 'System.Object' is not defined or imported
C:\gh\azure-sdk-for-net\sdk\hybridcompute\Microsoft.Azure.Management.HybridCompute\tests\HybridMachineExtensionTests.cs(228,42): error CS0103: The name 'GetType' does not exist in the current context
C:\gh\azure-sdk-for-net\sdk\hybridcompute\Microsoft.Azure.Management.HybridCompute\tests\HybridMachineExtensionTests.cs(229,13): error CS0518: Predefined type 'System.Object' is not defined or imported
C:\gh\azure-sdk-for-net\sdk\hybridcompute\Microsoft.Azure.Management.HybridCompute\tests\HybridMachineExtensionTests.cs(230,13): error CS0518: Predefined type 'System.Object' is not defined or imported
C:\gh\azure-sdk-for-net\sdk\hybridcompute\Microsoft.Azure.Management.HybridCompute\tests\HybridMachineExtensionTests.cs(231,13): error CS0518: Predefined type 'System.Void' is not defined or imported
C:\gh\azure-sdk-for-net\sdk\hybridcompute\Microsoft.Azure.Management.HybridCompute\tests\HybridMachineExtensionTests.cs(232,13): error CS0518: Predefined type 'System.Object' is not defined or imported
C:\gh\azure-sdk-for-net\sdk\hybridcompute\Microsoft.Azure.Management.HybridCompute\tests\HybridMachineExtensionTests.cs(232,13): error CS0103: The name 'Assert' does not exist in the current context
C:\gh\azure-sdk-for-net\sdk\hybridcompute\Microsoft.Azure.Management.HybridCompute\tests\HybridMachineExtensionTests.cs(232,27): error CS0518: Predefined type 'System.Object' is not defined or imported
C:\gh\azure-sdk-for-net\sdk\hybridcompute\Microsoft.Azure.Management.HybridCompute\tests\HybridMachineExtensionTests.cs(232,27): error CS0246: The type or namespace name 'CloudException' could not be found (are you missing a using directive or an assembly reference?)
C:\gh\azure-sdk-for-net\sdk\hybridcompute\Microsoft.Azure.Management.HybridCompute\tests\HybridMachineExtensionTests.cs(238,24): error CS0518: Predefined type 'System.Object' is not defined or imported
C:\gh\azure-sdk-for-net\sdk\hybridcompute\Microsoft.Azure.Management.HybridCompute\tests\HybridMachineExtensionTests.cs(238,24): error CS0103: The name 'MockContext' does not exist in the current context
C:\gh\azure-sdk-for-net\sdk\hybridcompute\Microsoft.Azure.Management.HybridCompute\tests\HybridMachineExtensionTests.cs(238,42): error CS0518: Predefined type 'System.Object' is not defined or imported
C:\gh\azure-sdk-for-net\sdk\hybridcompute\Microsoft.Azure.Management.HybridCompute\tests\HybridMachineExtensionTests.cs(238,42): error CS0103: The name 'GetType' does not exist in the current context
C:\gh\azure-sdk-for-net\sdk\hybridcompute\Microsoft.Azure.Management.HybridCompute\tests\HybridMachineExtensionTests.cs(239,13): error CS0518: Predefined type 'System.Object' is not defined or imported
C:\gh\azure-sdk-for-net\sdk\hybridcompute\Microsoft.Azure.Management.HybridCompute\tests\HybridMachineExtensionTests.cs(240,13): error CS0518: Predefined type 'System.Object' is not defined or imported
C:\gh\azure-sdk-for-net\sdk\hybridcompute\Microsoft.Azure.Management.HybridCompute\tests\HybridMachineExtensionTests.cs(241,19): error CS0246: The type or namespace name 'Task' could not be found (are you missing a using directive or an assembly reference?)
C:\gh\azure-sdk-for-net\sdk\hybridcompute\Microsoft.Azure.Management.HybridCompute\tests\HybridMachineExtensionTests.cs(241,137): error CS0518: Predefined type 'System.Boolean' is not defined or imported
C:\gh\azure-sdk-for-net\sdk\hybridcompute\Microsoft.Azure.Management.HybridCompute\tests\HybridMachineExtensionTests.cs(242,13): error CS0518: Predefined type 'System.Object' is not defined or imported
C:\gh\azure-sdk-for-net\sdk\hybridcompute\Microsoft.Azure.Management.HybridCompute\tests\HybridMachineExtensionTests.cs(242,13): error CS0103: The name 'Assert' does not exist in the current context
C:\gh\azure-sdk-for-net\sdk\hybridcompute\Microsoft.Azure.Management.HybridCompute\tests\HybridMachineExtensionTests.cs(242,27): error CS0518: Predefined type 'System.Object' is not defined or imported
C:\gh\azure-sdk-for-net\sdk\hybridcompute\Microsoft.Azure.Management.HybridCompute\tests\HybridMachineExtensionTests.cs(242,27): error CS0246: The type or namespace name 'CloudException' could not be found (are you missing a using directive or an assembly reference?)
C:\gh\azure-sdk-for-net\sdk\hybridcompute\Microsoft.Azure.Management.HybridCompute\tests\HybridMachineExtensionTests.cs(236,27): error CS0161: 'HybridMachineExtensionTests.MachineExtensions_DeleteAsync()': not all code paths return a value
C:\gh\azure-sdk-for-net\sdk\hybridcompute\Microsoft.Azure.Management.HybridCompute\tests\HybridMachineExtensionTests.cs(248,24): error CS0518: Predefined type 'System.Object' is not defined or imported
C:\gh\azure-sdk-for-net\sdk\hybridcompute\Microsoft.Azure.Management.HybridCompute\tests\HybridMachineExtensionTests.cs(248,24): error CS0103: The name 'MockContext' does not exist in the current context
C:\gh\azure-sdk-for-net\sdk\hybridcompute\Microsoft.Azure.Management.HybridCompute\tests\HybridMachineExtensionTests.cs(248,42): error CS0518: Predefined type 'System.Object' is not defined or imported
C:\gh\azure-sdk-for-net\sdk\hybridcompute\Microsoft.Azure.Management.HybridCompute\tests\HybridMachineExtensionTests.cs(248,42): error CS0103: The name 'GetType' does not exist in the current context
C:\gh\azure-sdk-for-net\sdk\hybridcompute\Microsoft.Azure.Management.HybridCompute\tests\HybridMachineExtensionTests.cs(249,13): error CS0518: Predefined type 'System.Object' is not defined or imported
C:\gh\azure-sdk-for-net\sdk\hybridcompute\Microsoft.Azure.Management.HybridCompute\tests\HybridMachineExtensionTests.cs(250,13): error CS0518: Predefined type 'System.Object' is not defined or imported
C:\gh\azure-sdk-for-net\sdk\hybridcompute\Microsoft.Azure.Management.HybridCompute\tests\HybridMachineExtensionTests.cs(251,19): error CS0518: Predefined type 'System.String' is not defined or imported
C:\gh\azure-sdk-for-net\sdk\hybridcompute\Microsoft.Azure.Management.HybridCompute\tests\HybridMachineExtensionTests.cs(251,39): error CS0518: Predefined type 'System.String' is not defined or imported
C:\gh\azure-sdk-for-net\sdk\hybridcompute\Microsoft.Azure.Management.HybridCompute\tests\HybridMachineExtensionTests.cs(252,13): error CS0518: Predefined type 'System.Object' is not defined or imported
C:\gh\azure-sdk-for-net\sdk\hybridcompute\Microsoft.Azure.Management.HybridCompute\tests\HybridMachineExtensionTests.cs(252,54): error CS0518: Predefined type 'System.Boolean' is not defined or imported
C:\gh\azure-sdk-for-net\sdk\hybridcompute\Microsoft.Azure.Management.HybridCompute\tests\HybridMachineExtensionTests.cs(253,23): error CS0518: Predefined type 'System.Object' is not defined or imported
C:\gh\azure-sdk-for-net\sdk\hybridcompute\Microsoft.Azure.Management.HybridCompute\tests\HybridMachineExtensionTests.cs(253,23): error CS0518: Predefined type 'System.Void' is not defined or imported
C:\gh\azure-sdk-for-net\sdk\hybridcompute\Microsoft.Azure.Management.HybridCompute\tests\HybridMachineExtensionTests.cs(255,21): error CS0518: Predefined type 'System.Object' is not defined or imported
C:\gh\azure-sdk-for-net\sdk\hybridcompute\Microsoft.Azure.Management.HybridCompute\tests\HybridMachineExtensionTests.cs(255,36): error CS0518: Predefined type 'System.Object' is not defined or imported
C:\gh\azure-sdk-for-net\sdk\hybridcompute\Microsoft.Azure.Management.HybridCompute\tests\HybridMachineExtensionTests.cs(255,36): error CS0246: The type or namespace name 'Hashtable' could not be found (are you missing a using directive or an assembly reference?)
C:\gh\azure-sdk-for-net\sdk\hybridcompute\Microsoft.Azure.Management.HybridCompute\tests\HybridMachineExtensionTests.cs(255,50): error CS0518: Predefined type 'System.String' is not defined or imported
C:\gh\azure-sdk-for-net\sdk\hybridcompute\Microsoft.Azure.Management.HybridCompute\tests\HybridMachineExtensionTests.cs(257,23): error CS0518: Predefined type 'System.Object' is not defined or imported
C:\gh\azure-sdk-for-net\sdk\hybridcompute\Microsoft.Azure.Management.HybridCompute\tests\HybridMachineExtensionTests.cs(257,23): error CS0518: Predefined type 'System.Void' is not defined or imported
C:\gh\azure-sdk-for-net\sdk\hybridcompute\Microsoft.Azure.Management.HybridCompute\tests\HybridMachineExtensionTests.cs(259,21): error CS0518: Predefined type 'System.Object' is not defined or imported
C:\gh\azure-sdk-for-net\sdk\hybridcompute\Microsoft.Azure.Management.HybridCompute\tests\HybridMachineExtensionTests.cs(259,36): error CS0518: Predefined type 'System.Object' is not defined or imported
C:\gh\azure-sdk-for-net\sdk\hybridcompute\Microsoft.Azure.Management.HybridCompute\tests\HybridMachineExtensionTests.cs(259,36): error CS0246: The type or namespace name 'Hashtable' could not be found (are you missing a using directive or an assembly reference?)
C:\gh\azure-sdk-for-net\sdk\hybridcompute\Microsoft.Azure.Management.HybridCompute\tests\HybridMachineExtensionTests.cs(259,50): error CS0518: Predefined type 'System.String' is not defined or imported
C:\gh\azure-sdk-for-net\sdk\hybridcompute\Microsoft.Azure.Management.HybridCompute\tests\HybridMachineExtensionTests.cs(262,13): error CS0518: Predefined type 'System.Object' is not defined or imported
C:\gh\azure-sdk-for-net\sdk\hybridcompute\Microsoft.Azure.Management.HybridCompute\tests\HybridMachineExtensionTests.cs(262,42): error CS0518: Predefined type 'System.String' is not defined or imported
C:\gh\azure-sdk-for-net\sdk\hybridcompute\Microsoft.Azure.Management.HybridCompute\tests\HybridMachineExtensionTests.cs(263,13): error CS0518: Predefined type 'System.Object' is not defined or imported
C:\gh\azure-sdk-for-net\sdk\hybridcompute\Microsoft.Azure.Management.HybridCompute\tests\HybridMachineExtensionTests.cs(263,13): error CS0103: The name 'Assert' does not exist in the current context
C:\gh\azure-sdk-for-net\sdk\hybridcompute\Microsoft.Azure.Management.HybridCompute\tests\HybridMachineExtensionTests.cs(263,59): error CS0518: Predefined type 'System.Object' is not defined or imported
C:\gh\azure-sdk-for-net\sdk\hybridcompute\Microsoft.Azure.Management.HybridCompute\tests\HybridMachineExtensionTests.cs(263,40): error CS0518: Predefined type 'System.Object' is not defined or imported
C:\gh\azure-sdk-for-net\sdk\hybridcompute\Microsoft.Azure.Management.HybridCompute\tests\HybridMachineExtensionTests.cs(263,40): error CS0246: The type or namespace name 'JObject' could not be found (are you missing a using directive or an assembly reference?)
C:\gh\azure-sdk-for-net\sdk\hybridcompute\Microsoft.Azure.Management.HybridCompute\tests\HybridMachineExtensionTests.cs(263,75): error CS0518: Predefined type 'System.String' is not defined or imported
C:\gh\azure-sdk-for-net\sdk\hybridcompute\Microsoft.Azure.Management.HybridCompute\tests\HybridMachineExtensionTests.cs(263,83): error CS0518: Predefined type 'System.String' is not defined or imported
C:\gh\azure-sdk-for-net\sdk\hybridcompute\Microsoft.Azure.Management.HybridCompute\tests\HybridMachineExtensionTests.cs(269,24): error CS0518: Predefined type 'System.Object' is not defined or imported
C:\gh\azure-sdk-for-net\sdk\hybridcompute\Microsoft.Azure.Management.HybridCompute\tests\HybridMachineExtensionTests.cs(269,24): error CS0103: The name 'MockContext' does not exist in the current context
C:\gh\azure-sdk-for-net\sdk\hybridcompute\Microsoft.Azure.Management.HybridCompute\tests\HybridMachineExtensionTests.cs(269,42): error CS0518: Predefined type 'System.Object' is not defined or imported
C:\gh\azure-sdk-for-net\sdk\hybridcompute\Microsoft.Azure.Management.HybridCompute\tests\HybridMachineExtensionTests.cs(269,42): error CS0103: The name 'GetType' does not exist in the current context
C:\gh\azure-sdk-for-net\sdk\hybridcompute\Microsoft.Azure.Management.HybridCompute\tests\HybridMachineExtensionTests.cs(270,13): error CS0518: Predefined type 'System.Object' is not defined or imported
C:\gh\azure-sdk-for-net\sdk\hybridcompute\Microsoft.Azure.Management.HybridCompute\tests\HybridMachineExtensionTests.cs(271,13): error CS0518: Predefined type 'System.Object' is not defined or imported
C:\gh\azure-sdk-for-net\sdk\hybridcompute\Microsoft.Azure.Management.HybridCompute\tests\HybridMachineExtensionTests.cs(272,19): error CS0518: Predefined type 'System.String' is not defined or imported
C:\gh\azure-sdk-for-net\sdk\hybridcompute\Microsoft.Azure.Management.HybridCompute\tests\HybridMachineExtensionTests.cs(272,39): error CS0518: Predefined type 'System.String' is not defined or imported
C:\gh\azure-sdk-for-net\sdk\hybridcompute\Microsoft.Azure.Management.HybridCompute\tests\HybridMachineExtensionTests.cs(273,13): error CS0518: Predefined type 'System.Object' is not defined or imported
C:\gh\azure-sdk-for-net\sdk\hybridcompute\Microsoft.Azure.Management.HybridCompute\tests\HybridMachineExtensionTests.cs(273,54): error CS0518: Predefined type 'System.Boolean' is not defined or imported
C:\gh\azure-sdk-for-net\sdk\hybridcompute\Microsoft.Azure.Management.HybridCompute\tests\HybridMachineExtensionTests.cs(274,23): error CS0518: Predefined type 'System.Object' is not defined or imported
C:\gh\azure-sdk-for-net\sdk\hybridcompute\Microsoft.Azure.Management.HybridCompute\tests\HybridMachineExtensionTests.cs(274,23): error CS0518: Predefined type 'System.Void' is not defined or imported
C:\gh\azure-sdk-for-net\sdk\hybridcompute\Microsoft.Azure.Management.HybridCompute\tests\HybridMachineExtensionTests.cs(276,21): error CS0518: Predefined type 'System.Object' is not defined or imported
C:\gh\azure-sdk-for-net\sdk\hybridcompute\Microsoft.Azure.Management.HybridCompute\tests\HybridMachineExtensionTests.cs(276,36): error CS0518: Predefined type 'System.Object' is not defined or imported
C:\gh\azure-sdk-for-net\sdk\hybridcompute\Microsoft.Azure.Management.HybridCompute\tests\HybridMachineExtensionTests.cs(276,36): error CS0246: The type or namespace name 'Hashtable' could not be found (are you missing a using directive or an assembly reference?)
C:\gh\azure-sdk-for-net\sdk\hybridcompute\Microsoft.Azure.Management.HybridCompute\tests\HybridMachineExtensionTests.cs(276,50): error CS0518: Predefined type 'System.String' is not defined or imported
C:\gh\azure-sdk-for-net\sdk\hybridcompute\Microsoft.Azure.Management.HybridCompute\tests\HybridMachineExtensionTests.cs(278,23): error CS0518: Predefined type 'System.Object' is not defined or imported
C:\gh\azure-sdk-for-net\sdk\hybridcompute\Microsoft.Azure.Management.HybridCompute\tests\HybridMachineExtensionTests.cs(278,23): error CS0518: Predefined type 'System.Void' is not defined or imported
C:\gh\azure-sdk-for-net\sdk\hybridcompute\Microsoft.Azure.Management.HybridCompute\tests\HybridMachineExtensionTests.cs(280,21): error CS0518: Predefined type 'System.Object' is not defined or imported
C:\gh\azure-sdk-for-net\sdk\hybridcompute\Microsoft.Azure.Management.HybridCompute\tests\HybridMachineExtensionTests.cs(280,36): error CS0518: Predefined type 'System.Object' is not defined or imported
C:\gh\azure-sdk-for-net\sdk\hybridcompute\Microsoft.Azure.Management.HybridCompute\tests\HybridMachineExtensionTests.cs(280,36): error CS0246: The type or namespace name 'Hashtable' could not be found (are you missing a using directive or an assembly reference?)
C:\gh\azure-sdk-for-net\sdk\hybridcompute\Microsoft.Azure.Management.HybridCompute\tests\HybridMachineExtensionTests.cs(280,50): error CS0518: Predefined type 'System.String' is not defined or imported
C:\gh\azure-sdk-for-net\sdk\hybridcompute\Microsoft.Azure.Management.HybridCompute\tests\HybridMachineExtensionTests.cs(283,13): error CS0518: Predefined type 'System.Object' is not defined or imported
C:\gh\azure-sdk-for-net\sdk\hybridcompute\Microsoft.Azure.Management.HybridCompute\tests\HybridMachineExtensionTests.cs(283,48): error CS0246: The type or namespace name 'Task<>' could not be found (are you missing a using directive or an assembly reference?)
C:\gh\azure-sdk-for-net\sdk\hybridcompute\Microsoft.Azure.Management.HybridCompute\tests\HybridMachineExtensionTests.cs(283,183): error CS0518: Predefined type 'System.Boolean' is not defined or imported
C:\gh\azure-sdk-for-net\sdk\hybridcompute\Microsoft.Azure.Management.HybridCompute\tests\HybridMachineExtensionTests.cs(284,13): error CS0518: Predefined type 'System.Object' is not defined or imported
C:\gh\azure-sdk-for-net\sdk\hybridcompute\Microsoft.Azure.Management.HybridCompute\tests\HybridMachineExtensionTests.cs(284,13): error CS0103: The name 'Assert' does not exist in the current context
C:\gh\azure-sdk-for-net\sdk\hybridcompute\Microsoft.Azure.Management.HybridCompute\tests\HybridMachineExtensionTests.cs(284,59): error CS0518: Predefined type 'System.Object' is not defined or imported
C:\gh\azure-sdk-for-net\sdk\hybridcompute\Microsoft.Azure.Management.HybridCompute\tests\HybridMachineExtensionTests.cs(284,40): error CS0518: Predefined type 'System.Object' is not defined or imported
C:\gh\azure-sdk-for-net\sdk\hybridcompute\Microsoft.Azure.Management.HybridCompute\tests\HybridMachineExtensionTests.cs(284,40): error CS0246: The type or namespace name 'JObject' could not be found (are you missing a using directive or an assembly reference?)
C:\gh\azure-sdk-for-net\sdk\hybridcompute\Microsoft.Azure.Management.HybridCompute\tests\HybridMachineExtensionTests.cs(284,75): error CS0518: Predefined type 'System.String' is not defined or imported
C:\gh\azure-sdk-for-net\sdk\hybridcompute\Microsoft.Azure.Management.HybridCompute\tests\HybridMachineExtensionTests.cs(284,83): error CS0518: Predefined type 'System.String' is not defined or imported
C:\gh\azure-sdk-for-net\sdk\hybridcompute\Microsoft.Azure.Management.HybridCompute\tests\HybridMachineExtensionTests.cs(267,27): error CS0161: 'HybridMachineExtensionTests.MachineExtensions_UpdateAsync()': not all code paths return a value
C:\gh\azure-sdk-for-net\sdk\hybridcompute\Microsoft.Azure.Management.HybridCompute\tests\HybridMachineExtensionTests.cs(10,1): hidden CS8019: Unnecessary using directive.
C:\gh\azure-sdk-for-net\sdk\hybridcompute\Microsoft.Azure.Management.HybridCompute\tests\HybridMachineTests.cs(13,1): hidden CS8019: Unnecessary using directive.
C:\gh\azure-sdk-for-net\sdk\hybridcompute\Microsoft.Azure.Management.HybridCompute\tests\Helpers\HybridComputeHelper.cs(5,1): hidden CS8019: Unnecessary using directive.
C:\gh\azure-sdk-for-net\sdk\hybridcompute\Microsoft.Azure.Management.HybridCompute\tests\HybridMachineTests.cs(7,1): hidden CS8019: Unnecessary using directive.
C:\gh\azure-sdk-for-net\sdk\hybridcompute\Microsoft.Azure.Management.HybridCompute\tests\HybridMachineExtensionTests.cs(11,1): hidden CS8019: Unnecessary using directive.
C:\gh\azure-sdk-for-net\sdk\hybridcompute\Microsoft.Azure.Management.HybridCompute\tests\HybridMachineExtensionTests.cs(9,1): hidden CS8019: Unnecessary using directive.
C:\gh\azure-sdk-for-net\sdk\hybridcompute\Microsoft.Azure.Management.HybridCompute\tests\HybridMachineTests.cs(11,1): hidden CS8019: Unnecessary using directive.
C:\gh\azure-sdk-for-net\sdk\hybridcompute\Microsoft.Azure.Management.HybridCompute\tests\HybridMachineExtensionTests.cs(4,1): hidden CS8019: Unnecessary using directive.
C:\gh\azure-sdk-for-net\sdk\hybridcompute\Microsoft.Azure.Management.HybridCompute\tests\HybridMachineTests.cs(4,1): hidden CS8019: Unnecessary using directive.
C:\gh\azure-sdk-for-net\sdk\hybridcompute\Microsoft.Azure.Management.HybridCompute\tests\HybridMachineExtensionTests.cs(6,1): hidden CS8019: Unnecessary using directive.
C:\gh\azure-sdk-for-net\artifacts\obj\Microsoft.Azure.Management.HybridCompute.Tests\Debug\netcoreapp2.0\Microsoft.Azure.Management.HybridCompute.Tests.AssemblyInfo.cs(11,1): hidden CS8019: Unnecessary using directive.
C:\gh\azure-sdk-for-net\eng\mgmt\DisableTestRunParallel.cs(5,1): hidden CS8019: Unnecessary using directive.
C:\gh\azure-sdk-for-net\artifacts\obj\Microsoft.Azure.Management.HybridCompute.Tests\Debug\netcoreapp2.0\.NETCoreApp,Version=v2.0.AssemblyAttributes.cs(2,1): hidden CS8019: Unnecessary using directive.
C:\gh\azure-sdk-for-net\eng\mgmt\DisableTestRunParallel.cs(4,1): hidden CS8019: Unnecessary using directive.
C:\gh\azure-sdk-for-net\sdk\hybridcompute\Microsoft.Azure.Management.HybridCompute\tests\HybridMachineTests.cs(6,1): hidden CS8019: Unnecessary using directive.
C:\gh\azure-sdk-for-net\sdk\hybridcompute\Microsoft.Azure.Management.HybridCompute\tests\HybridMachineExtensionTests.cs(12,1): hidden CS8019: Unnecessary using directive.
C:\gh\azure-sdk-for-net\artifacts\obj\Microsoft.Azure.Management.HybridCompute.Tests\Debug\netcoreapp2.0\.NETCoreApp,Version=v2.0.AssemblyAttributes.cs(3,1): hidden CS8019: Unnecessary using directive.
C:\gh\azure-sdk-for-net\sdk\hybridcompute\Microsoft.Azure.Management.HybridCompute\tests\HybridMachineExtensionTests.cs(5,1): hidden CS8019: Unnecessary using directive.
C:\gh\azure-sdk-for-net\sdk\hybridcompute\Microsoft.Azure.Management.HybridCompute\tests\HybridMachineTests.cs(12,1): hidden CS8019: Unnecessary using directive.
C:\gh\azure-sdk-for-net\sdk\hybridcompute\Microsoft.Azure.Management.HybridCompute\tests\HybridMachineTests.cs(5,1): hidden CS8019: Unnecessary using directive.
C:\gh\azure-sdk-for-net\artifacts\obj\Microsoft.Azure.Management.HybridCompute.Tests\Debug\netcoreapp2.0\Microsoft.Azure.Management.HybridCompute.Tests.AssemblyInfo.cs(12,1): hidden CS8019: Unnecessary using directive.
C:\gh\azure-sdk-for-net\sdk\hybridcompute\Microsoft.Azure.Management.HybridCompute\tests\Helpers\HybridComputeHelper.cs(4,1): hidden CS8019: Unnecessary using directive.
