C:\gh\azure-sdk-for-net\sdk\monitor\Azure.Monitor.Query\tests\MetricsTestData.cs(77,52): error CS0246: The type or namespace name 'MetricsQueryClient' could not be found (are you missing a using directive or an assembly reference?)
C:\gh\azure-sdk-for-net\sdk\monitor\Azure.Monitor.Query\tests\LogsQueryClientClientLiveTests.cs(30,17): error CS0246: The type or namespace name 'LogsQueryClient' could not be found (are you missing a using directive or an assembly reference?)
C:\gh\azure-sdk-for-net\sdk\monitor\Azure.Monitor.Query\tests\MetricsQueryClientLiveTests.cs(22,17): error CS0246: The type or namespace name 'MetricsQueryClient' could not be found (are you missing a using directive or an assembly reference?)
C:\gh\azure-sdk-for-net\sdk\monitor\Azure.Monitor.Query\tests\LogsClientSamples.cs(28,13): error CS0246: The type or namespace name 'LogsQueryClient' could not be found (are you missing a using directive or an assembly reference?)
C:\gh\azure-sdk-for-net\sdk\monitor\Azure.Monitor.Query\tests\LogsClientSamples.cs(28,42): error CS0246: The type or namespace name 'LogsQueryClient' could not be found (are you missing a using directive or an assembly reference?)
error CS1705: Assembly 'Azure.Core.TestFramework' with identity 'Azure.Core.TestFramework, Version=1.0.0.0, Culture=neutral, PublicKeyToken=6a281e58f0dfecb7' uses 'Azure.Core, Version=1.15.0.0, Culture=neutral, PublicKeyToken=92742159e12e44c8' which has a higher version than referenced assembly 'Azure.Core' with identity 'Azure.Core, Version=1.14.0.0, Culture=neutral, PublicKeyToken=92742159e12e44c8'
error CS1705: Assembly 'Azure.Core.TestFramework' with identity 'Azure.Core.TestFramework, Version=1.0.0.0, Culture=neutral, PublicKeyToken=6a281e58f0dfecb7' uses 'Azure.Core, Version=1.15.0.0, Culture=neutral, PublicKeyToken=92742159e12e44c8' which has a higher version than referenced assembly 'Azure.Core' with identity 'Azure.Core, Version=1.14.0.0, Culture=neutral, PublicKeyToken=92742159e12e44c8'
C:\gh\azure-sdk-for-net\sdk\monitor\Azure.Monitor.Query\tests\LogsQueryClientClientTests.cs(18,33): error CS1705: Assembly 'Azure.Core.TestFramework' with identity 'Azure.Core.TestFramework, Version=1.0.0.0, Culture=neutral, PublicKeyToken=6a281e58f0dfecb7' uses 'Azure.Core, Version=1.15.0.0, Culture=neutral, PublicKeyToken=92742159e12e44c8' which has a higher version than referenced assembly 'Azure.Core' with identity 'Azure.Core, Version=1.14.0.0, Culture=neutral, PublicKeyToken=92742159e12e44c8'
C:\gh\azure-sdk-for-net\sdk\monitor\Azure.Monitor.Query\tests\LogsQueryClientClientTests.cs(26,30): error CS0246: The type or namespace name 'LogsQueryClient' could not be found (are you missing a using directive or an assembly reference?)
error CS1705: Assembly 'Azure.Core.TestFramework' with identity 'Azure.Core.TestFramework, Version=1.0.0.0, Culture=neutral, PublicKeyToken=6a281e58f0dfecb7' uses 'Azure.Core, Version=1.15.0.0, Culture=neutral, PublicKeyToken=92742159e12e44c8' which has a higher version than referenced assembly 'Azure.Core' with identity 'Azure.Core, Version=1.14.0.0, Culture=neutral, PublicKeyToken=92742159e12e44c8'
C:\gh\azure-sdk-for-net\sdk\monitor\Azure.Monitor.Query\tests\LogsQueryClientClientTests.cs(26,112): error CS0246: The type or namespace name 'LogsQueryClientOptions' could not be found (are you missing a using directive or an assembly reference?)
C:\gh\azure-sdk-for-net\sdk\monitor\Azure.Monitor.Query\tests\LogsQueryClientClientTests.cs(33,17): error CS0117: 'LogsQueryOptions' does not contain a definition for 'ServerTimeout'
C:\gh\azure-sdk-for-net\sdk\monitor\Azure.Monitor.Query\tests\LogsClientSamples.cs(54,13): error CS0246: The type or namespace name 'LogsQueryClient' could not be found (are you missing a using directive or an assembly reference?)
C:\gh\azure-sdk-for-net\sdk\monitor\Azure.Monitor.Query\tests\LogsClientSamples.cs(54,42): error CS0246: The type or namespace name 'LogsQueryClient' could not be found (are you missing a using directive or an assembly reference?)
error CS1705: Assembly 'Azure.Core.TestFramework' with identity 'Azure.Core.TestFramework, Version=1.0.0.0, Culture=neutral, PublicKeyToken=6a281e58f0dfecb7' uses 'Azure.Core, Version=1.15.0.0, Culture=neutral, PublicKeyToken=92742159e12e44c8' which has a higher version than referenced assembly 'Azure.Core' with identity 'Azure.Core, Version=1.14.0.0, Culture=neutral, PublicKeyToken=92742159e12e44c8'
C:\gh\azure-sdk-for-net\sdk\monitor\Azure.Monitor.Query\tests\MetricsQueryClientLiveTests.cs(24,41): error CS0246: The type or namespace name 'MetricsQueryClient' could not be found (are you missing a using directive or an assembly reference?)
error CS1705: Assembly 'Azure.Core.TestFramework' with identity 'Azure.Core.TestFramework, Version=1.0.0.0, Culture=neutral, PublicKeyToken=6a281e58f0dfecb7' uses 'Azure.Core, Version=1.15.0.0, Culture=neutral, PublicKeyToken=92742159e12e44c8' which has a higher version than referenced assembly 'Azure.Core' with identity 'Azure.Core, Version=1.14.0.0, Culture=neutral, PublicKeyToken=92742159e12e44c8'
C:\gh\azure-sdk-for-net\sdk\monitor\Azure.Monitor.Query\tests\MetricsQueryClientLiveTests.cs(27,45): error CS0246: The type or namespace name 'MetricsQueryClientOptions' could not be found (are you missing a using directive or an assembly reference?)
C:\gh\azure-sdk-for-net\sdk\monitor\Azure.Monitor.Query\tests\MetricsQueryClientLiveTests.cs(27,17): error CS1705: Assembly 'Azure.Core.TestFramework' with identity 'Azure.Core.TestFramework, Version=1.0.0.0, Culture=neutral, PublicKeyToken=6a281e58f0dfecb7' uses 'Azure.Core, Version=1.15.0.0, Culture=neutral, PublicKeyToken=92742159e12e44c8' which has a higher version than referenced assembly 'Azure.Core' with identity 'Azure.Core, Version=1.14.0.0, Culture=neutral, PublicKeyToken=92742159e12e44c8'
C:\gh\azure-sdk-for-net\sdk\monitor\Azure.Monitor.Query\tests\LogsClientSamples.cs(93,13): error CS0246: The type or namespace name 'LogsQueryClient' could not be found (are you missing a using directive or an assembly reference?)
C:\gh\azure-sdk-for-net\sdk\monitor\Azure.Monitor.Query\tests\LogsClientSamples.cs(93,42): error CS0246: The type or namespace name 'LogsQueryClient' could not be found (are you missing a using directive or an assembly reference?)
error CS1705: Assembly 'Azure.Core.TestFramework' with identity 'Azure.Core.TestFramework, Version=1.0.0.0, Culture=neutral, PublicKeyToken=6a281e58f0dfecb7' uses 'Azure.Core, Version=1.15.0.0, Culture=neutral, PublicKeyToken=92742159e12e44c8' which has a higher version than referenced assembly 'Azure.Core' with identity 'Azure.Core, Version=1.14.0.0, Culture=neutral, PublicKeyToken=92742159e12e44c8'
C:\gh\azure-sdk-for-net\sdk\monitor\Azure.Monitor.Query\tests\MetricsClientSamples.cs(28,37): error CS0246: The type or namespace name 'MetricsQueryClient' could not be found (are you missing a using directive or an assembly reference?)
error CS1705: Assembly 'Azure.Core.TestFramework' with identity 'Azure.Core.TestFramework, Version=1.0.0.0, Culture=neutral, PublicKeyToken=6a281e58f0dfecb7' uses 'Azure.Core, Version=1.15.0.0, Culture=neutral, PublicKeyToken=92742159e12e44c8' which has a higher version than referenced assembly 'Azure.Core' with identity 'Azure.Core, Version=1.14.0.0, Culture=neutral, PublicKeyToken=92742159e12e44c8'
C:\gh\azure-sdk-for-net\sdk\monitor\Azure.Monitor.Query\tests\MetricsClientSamples.cs(38,48): error CS1061: 'Metric' does not contain a definition for 'TimeSeries' and no accessible extension method 'TimeSeries' accepting a first argument of type 'Metric' could be found (are you missing a using directive or an assembly reference?)
C:\gh\azure-sdk-for-net\sdk\monitor\Azure.Monitor.Query\tests\LogsClientSamples.cs(113,13): error CS0246: The type or namespace name 'LogsQueryClient' could not be found (are you missing a using directive or an assembly reference?)
C:\gh\azure-sdk-for-net\sdk\monitor\Azure.Monitor.Query\tests\LogsClientSamples.cs(113,42): error CS0246: The type or namespace name 'LogsQueryClient' could not be found (are you missing a using directive or an assembly reference?)
error CS1705: Assembly 'Azure.Core.TestFramework' with identity 'Azure.Core.TestFramework, Version=1.0.0.0, Culture=neutral, PublicKeyToken=6a281e58f0dfecb7' uses 'Azure.Core, Version=1.15.0.0, Culture=neutral, PublicKeyToken=92742159e12e44c8' which has a higher version than referenced assembly 'Azure.Core' with identity 'Azure.Core, Version=1.14.0.0, Culture=neutral, PublicKeyToken=92742159e12e44c8'
C:\gh\azure-sdk-for-net\sdk\monitor\Azure.Monitor.Query\tests\LogsTestData.cs(122,34): error CS0246: The type or namespace name 'LogsQueryClient' could not be found (are you missing a using directive or an assembly reference?)
error CS1705: Assembly 'Azure.Core.TestFramework' with identity 'Azure.Core.TestFramework, Version=1.0.0.0, Culture=neutral, PublicKeyToken=6a281e58f0dfecb7' uses 'Azure.Core, Version=1.15.0.0, Culture=neutral, PublicKeyToken=92742159e12e44c8' which has a higher version than referenced assembly 'Azure.Core' with identity 'Azure.Core, Version=1.14.0.0, Culture=neutral, PublicKeyToken=92742159e12e44c8'
C:\gh\azure-sdk-for-net\sdk\monitor\Azure.Monitor.Query\tests\MetricsQueryClientLiveTests.cs(57,21): error CS0246: The type or namespace name 'MetricsQueryOptions' could not be found (are you missing a using directive or an assembly reference?)
C:\gh\azure-sdk-for-net\sdk\monitor\Azure.Monitor.Query\tests\MetricsQueryClientLiveTests.cs(64,47): error CS1503: Argument 2: cannot convert from 'method group' to 'object?'
C:\gh\azure-sdk-for-net\sdk\monitor\Azure.Monitor.Query\tests\MetricsQueryClientLiveTests.cs(66,48): error CS0019: Operator '!=' cannot be applied to operands of type 'method group' and '<null>'
C:\gh\azure-sdk-for-net\sdk\monitor\Azure.Monitor.Query\tests\MetricsTestData.cs(45,36): error CS0246: The type or namespace name 'MetricsQueryClient' could not be found (are you missing a using directive or an assembly reference?)
error CS1705: Assembly 'Azure.Core.TestFramework' with identity 'Azure.Core.TestFramework, Version=1.0.0.0, Culture=neutral, PublicKeyToken=6a281e58f0dfecb7' uses 'Azure.Core, Version=1.15.0.0, Culture=neutral, PublicKeyToken=92742159e12e44c8' which has a higher version than referenced assembly 'Azure.Core' with identity 'Azure.Core, Version=1.14.0.0, Culture=neutral, PublicKeyToken=92742159e12e44c8'
C:\gh\azure-sdk-for-net\sdk\monitor\Azure.Monitor.Query\tests\LogsClientSamples.cs(146,13): error CS0246: The type or namespace name 'LogsQueryClient' could not be found (are you missing a using directive or an assembly reference?)
C:\gh\azure-sdk-for-net\sdk\monitor\Azure.Monitor.Query\tests\LogsClientSamples.cs(146,42): error CS0246: The type or namespace name 'LogsQueryClient' could not be found (are you missing a using directive or an assembly reference?)
error CS1705: Assembly 'Azure.Core.TestFramework' with identity 'Azure.Core.TestFramework, Version=1.0.0.0, Culture=neutral, PublicKeyToken=6a281e58f0dfecb7' uses 'Azure.Core, Version=1.15.0.0, Culture=neutral, PublicKeyToken=92742159e12e44c8' which has a higher version than referenced assembly 'Azure.Core' with identity 'Azure.Core, Version=1.14.0.0, Culture=neutral, PublicKeyToken=92742159e12e44c8'
error CS1705: Assembly 'Azure.Core.TestFramework' with identity 'Azure.Core.TestFramework, Version=1.0.0.0, Culture=neutral, PublicKeyToken=6a281e58f0dfecb7' uses 'Azure.Core, Version=1.15.0.0, Culture=neutral, PublicKeyToken=92742159e12e44c8' which has a higher version than referenced assembly 'Azure.Core' with identity 'Azure.Core, Version=1.14.0.0, Culture=neutral, PublicKeyToken=92742159e12e44c8'
C:\gh\azure-sdk-for-net\sdk\monitor\Azure.Monitor.Query\tests\LogsQueryClientClientLiveTests.cs(32,41): error CS0246: The type or namespace name 'LogsQueryClient' could not be found (are you missing a using directive or an assembly reference?)
error CS1705: Assembly 'Azure.Core.TestFramework' with identity 'Azure.Core.TestFramework, Version=1.0.0.0, Culture=neutral, PublicKeyToken=6a281e58f0dfecb7' uses 'Azure.Core, Version=1.15.0.0, Culture=neutral, PublicKeyToken=92742159e12e44c8' which has a higher version than referenced assembly 'Azure.Core' with identity 'Azure.Core, Version=1.14.0.0, Culture=neutral, PublicKeyToken=92742159e12e44c8'
C:\gh\azure-sdk-for-net\sdk\monitor\Azure.Monitor.Query\tests\LogsQueryClientClientLiveTests.cs(35,45): error CS0246: The type or namespace name 'LogsQueryClientOptions' could not be found (are you missing a using directive or an assembly reference?)
C:\gh\azure-sdk-for-net\sdk\monitor\Azure.Monitor.Query\tests\LogsQueryClientClientLiveTests.cs(35,17): error CS1705: Assembly 'Azure.Core.TestFramework' with identity 'Azure.Core.TestFramework, Version=1.0.0.0, Culture=neutral, PublicKeyToken=6a281e58f0dfecb7' uses 'Azure.Core, Version=1.15.0.0, Culture=neutral, PublicKeyToken=92742159e12e44c8' which has a higher version than referenced assembly 'Azure.Core' with identity 'Azure.Core, Version=1.14.0.0, Culture=neutral, PublicKeyToken=92742159e12e44c8'
C:\gh\azure-sdk-for-net\sdk\monitor\Azure.Monitor.Query\tests\LogsClientSamples.cs(180,13): error CS0246: The type or namespace name 'LogsQueryClient' could not be found (are you missing a using directive or an assembly reference?)
C:\gh\azure-sdk-for-net\sdk\monitor\Azure.Monitor.Query\tests\LogsClientSamples.cs(180,42): error CS0246: The type or namespace name 'LogsQueryClient' could not be found (are you missing a using directive or an assembly reference?)
error CS1705: Assembly 'Azure.Core.TestFramework' with identity 'Azure.Core.TestFramework, Version=1.0.0.0, Culture=neutral, PublicKeyToken=6a281e58f0dfecb7' uses 'Azure.Core, Version=1.15.0.0, Culture=neutral, PublicKeyToken=92742159e12e44c8' which has a higher version than referenced assembly 'Azure.Core' with identity 'Azure.Core, Version=1.14.0.0, Culture=neutral, PublicKeyToken=92742159e12e44c8'
C:\gh\azure-sdk-for-net\sdk\monitor\Azure.Monitor.Query\tests\LogsClientSamples.cs(188,21): error CS0117: 'LogsQueryOptions' does not contain a definition for 'ServerTimeout'
C:\gh\azure-sdk-for-net\sdk\monitor\Azure.Monitor.Query\tests\LogsClientSamples.cs(211,13): error CS0246: The type or namespace name 'LogsQueryClient' could not be found (are you missing a using directive or an assembly reference?)
C:\gh\azure-sdk-for-net\sdk\monitor\Azure.Monitor.Query\tests\LogsClientSamples.cs(211,42): error CS0246: The type or namespace name 'LogsQueryClient' could not be found (are you missing a using directive or an assembly reference?)
error CS1705: Assembly 'Azure.Core.TestFramework' with identity 'Azure.Core.TestFramework, Version=1.0.0.0, Culture=neutral, PublicKeyToken=6a281e58f0dfecb7' uses 'Azure.Core, Version=1.15.0.0, Culture=neutral, PublicKeyToken=92742159e12e44c8' which has a higher version than referenced assembly 'Azure.Core' with identity 'Azure.Core, Version=1.14.0.0, Culture=neutral, PublicKeyToken=92742159e12e44c8'
C:\gh\azure-sdk-for-net\sdk\monitor\Azure.Monitor.Query\tests\MetricsTestData.cs(87,21): error CS0246: The type or namespace name 'MetricsQueryOptions' could not be found (are you missing a using directive or an assembly reference?)
C:\gh\azure-sdk-for-net\sdk\monitor\Azure.Monitor.Query\tests\MetricsTestData.cs(106,21): error CS0019: Operator '==' cannot be applied to operands of type 'method group' and '<null>'
C:\gh\azure-sdk-for-net\sdk\monitor\Azure.Monitor.Query\tests\MetricsQueryClientLiveTests.cs(78,21): error CS0246: The type or namespace name 'MetricsQueryOptions' could not be found (are you missing a using directive or an assembly reference?)
C:\gh\azure-sdk-for-net\sdk\monitor\Azure.Monitor.Query\tests\MetricsQueryClientLiveTests.cs(93,57): error CS1503: Argument 2: cannot convert from 'method group' to 'object?'
C:\gh\azure-sdk-for-net\sdk\monitor\Azure.Monitor.Query\tests\MetricsQueryClientLiveTests.cs(96,17): error CS0019: Operator '!=' cannot be applied to operands of type 'method group' and '<null>'
C:\gh\azure-sdk-for-net\sdk\monitor\Azure.Monitor.Query\tests\MetricsQueryClientLiveTests.cs(97,17): error CS0019: Operator '!=' cannot be applied to operands of type 'method group' and '<null>'
C:\gh\azure-sdk-for-net\sdk\monitor\Azure.Monitor.Query\tests\LogsQueryClientClientLiveTests.cs(87,21): error CS0117: 'LogsQueryOptions' does not contain a definition for 'AdditionalWorkspaces'
C:\gh\azure-sdk-for-net\sdk\monitor\Azure.Monitor.Query\tests\MetricsQueryClientLiveTests.cs(111,21): error CS0246: The type or namespace name 'MetricsQueryOptions' could not be found (are you missing a using directive or an assembly reference?)
C:\gh\azure-sdk-for-net\sdk\monitor\Azure.Monitor.Query\tests\MetricsQueryClientLiveTests.cs(118,57): error CS1503: Argument 2: cannot convert from 'method group' to 'object?'
C:\gh\azure-sdk-for-net\sdk\monitor\Azure.Monitor.Query\tests\MetricsQueryClientLiveTests.cs(131,21): error CS0246: The type or namespace name 'MetricsQueryOptions' could not be found (are you missing a using directive or an assembly reference?)
C:\gh\azure-sdk-for-net\sdk\monitor\Azure.Monitor.Query\tests\MetricsQueryClientLiveTests.cs(138,57): error CS1503: Argument 2: cannot convert from 'method group' to 'object?'
C:\gh\azure-sdk-for-net\sdk\monitor\Azure.Monitor.Query\tests\MetricsQueryClientLiveTests.cs(151,21): error CS0246: The type or namespace name 'MetricsQueryOptions' could not be found (are you missing a using directive or an assembly reference?)
C:\gh\azure-sdk-for-net\sdk\monitor\Azure.Monitor.Query\tests\MetricsQueryClientLiveTests.cs(158,57): error CS1503: Argument 2: cannot convert from 'method group' to 'object?'
C:\gh\azure-sdk-for-net\sdk\monitor\Azure.Monitor.Query\tests\MetricsQueryClientLiveTests.cs(171,21): error CS0246: The type or namespace name 'MetricsQueryOptions' could not be found (are you missing a using directive or an assembly reference?)
C:\gh\azure-sdk-for-net\sdk\monitor\Azure.Monitor.Query\tests\MetricsQueryClientLiveTests.cs(177,28): error CS1503: Argument 1: cannot convert from 'method group' to 'int'
C:\gh\azure-sdk-for-net\sdk\monitor\Azure.Monitor.Query\tests\MetricsQueryClientLiveTests.cs(188,21): error CS0246: The type or namespace name 'MetricsQueryOptions' could not be found (are you missing a using directive or an assembly reference?)
C:\gh\azure-sdk-for-net\sdk\monitor\Azure.Monitor.Query\tests\MetricsQueryClientLiveTests.cs(196,61): error CS1503: Argument 2: cannot convert from 'method group' to 'object?'
C:\gh\azure-sdk-for-net\sdk\monitor\Azure.Monitor.Query\tests\MetricsQueryClientLiveTests.cs(209,21): error CS0246: The type or namespace name 'MetricsQueryOptions' could not be found (are you missing a using directive or an assembly reference?)
C:\gh\azure-sdk-for-net\sdk\monitor\Azure.Monitor.Query\tests\MetricsQueryClientLiveTests.cs(232,21): error CS0246: The type or namespace name 'MetricsQueryOptions' could not be found (are you missing a using directive or an assembly reference?)
C:\gh\azure-sdk-for-net\sdk\monitor\Azure.Monitor.Query\tests\LogsQueryClientClientLiveTests.cs(511,17): error CS0117: 'LogsQueryOptions' does not contain a definition for 'ServerTimeout'
C:\gh\azure-sdk-for-net\artifacts\obj\Azure.Monitor.Query.Tests\Debug\net461\.NETFramework,Version=v4.6.1.AssemblyAttributes.cs(2,1): hidden CS8019: Unnecessary using directive.
C:\gh\azure-sdk-for-net\sdk\monitor\Azure.Monitor.Query\tests\MetricsSenderClient.cs(5,1): hidden CS8019: Unnecessary using directive.
C:\gh\azure-sdk-for-net\artifacts\obj\Azure.Monitor.Query.Tests\Debug\net461\Azure.Monitor.Query.Tests.AssemblyInfo.cs(11,1): hidden CS8019: Unnecessary using directive.
C:\gh\azure-sdk-for-net\sdk\monitor\Azure.Monitor.Query\tests\LogsTestData.cs(8,1): hidden CS8019: Unnecessary using directive.
C:\gh\azure-sdk-for-net\sdk\monitor\Azure.Monitor.Query\tests\MetricsQueryClientLiveTests.cs(7,1): hidden CS8019: Unnecessary using directive.
C:\gh\azure-sdk-for-net\sdk\monitor\Azure.Monitor.Query\tests\MetricsTestData.cs(7,1): hidden CS8019: Unnecessary using directive.
C:\gh\azure-sdk-for-net\artifacts\obj\Azure.Monitor.Query.Tests\Debug\net461\Azure.Monitor.Query.Tests.AssemblyInfo.cs(12,1): hidden CS8019: Unnecessary using directive.
C:\gh\azure-sdk-for-net\sdk\monitor\Azure.Monitor.Query\tests\LogsTestData.cs(10,1): hidden CS8019: Unnecessary using directive.
C:\gh\azure-sdk-for-net\artifacts\obj\Azure.Monitor.Query.Tests\Debug\net461\.NETFramework,Version=v4.6.1.AssemblyAttributes.cs(3,1): hidden CS8019: Unnecessary using directive.
