C:\gh\azure-sdk-for-net\sdk\core\Microsoft.Azure.Core.Spatial.NewtonsoftJson\tests\NewtonsoftJsonMicrosoftSpatialGeoJsonConverterTests.cs(107,10): error CS0246: The type or namespace name 'TestAttribute' could not be found (are you missing a using directive or an assembly reference?)
C:\gh\azure-sdk-for-net\sdk\core\Microsoft.Azure.Core.Spatial.NewtonsoftJson\tests\NewtonsoftJsonMicrosoftSpatialGeoJsonConverterTests.cs(107,10): error CS0246: The type or namespace name 'Test' could not be found (are you missing a using directive or an assembly reference?)
C:\gh\azure-sdk-for-net\sdk\core\Microsoft.Azure.Core.Spatial.NewtonsoftJson\tests\NewtonsoftJsonMicrosoftSpatialGeoJsonConverterTests.cs(78,10): error CS0246: The type or namespace name 'TestCaseSourceAttribute' could not be found (are you missing a using directive or an assembly reference?)
C:\gh\azure-sdk-for-net\sdk\core\Microsoft.Azure.Core.Spatial.NewtonsoftJson\tests\NewtonsoftJsonMicrosoftSpatialGeoJsonConverterTests.cs(78,10): error CS0246: The type or namespace name 'TestCaseSource' could not be found (are you missing a using directive or an assembly reference?)
C:\gh\azure-sdk-for-net\sdk\core\Microsoft.Azure.Core.Spatial.NewtonsoftJson\tests\NewtonsoftJsonMicrosoftSpatialGeoJsonConverterTests.cs(58,10): error CS0246: The type or namespace name 'TestAttribute' could not be found (are you missing a using directive or an assembly reference?)
C:\gh\azure-sdk-for-net\sdk\core\Microsoft.Azure.Core.Spatial.NewtonsoftJson\tests\NewtonsoftJsonMicrosoftSpatialGeoJsonConverterTests.cs(58,10): error CS0246: The type or namespace name 'Test' could not be found (are you missing a using directive or an assembly reference?)
C:\gh\azure-sdk-for-net\sdk\core\Microsoft.Azure.Core.Spatial.NewtonsoftJson\tests\Samples\Readme.cs(22,10): error CS0246: The type or namespace name 'TestAttribute' could not be found (are you missing a using directive or an assembly reference?)
C:\gh\azure-sdk-for-net\sdk\core\Microsoft.Azure.Core.Spatial.NewtonsoftJson\tests\Samples\Readme.cs(22,10): error CS0246: The type or namespace name 'Test' could not be found (are you missing a using directive or an assembly reference?)
C:\gh\azure-sdk-for-net\sdk\core\Microsoft.Azure.Core.Spatial.NewtonsoftJson\tests\Samples\Readme.cs(95,14): error CS0246: The type or namespace name 'SimpleFieldAttribute' could not be found (are you missing a using directive or an assembly reference?)
C:\gh\azure-sdk-for-net\sdk\core\Microsoft.Azure.Core.Spatial.NewtonsoftJson\tests\Samples\Readme.cs(95,14): error CS0246: The type or namespace name 'SimpleField' could not be found (are you missing a using directive or an assembly reference?)
C:\gh\azure-sdk-for-net\sdk\core\Microsoft.Azure.Core.Spatial.NewtonsoftJson\tests\Samples\Readme.cs(95,26): error CS0246: The type or namespace name 'IsFacetable' could not be found (are you missing a using directive or an assembly reference?)
C:\gh\azure-sdk-for-net\sdk\core\Microsoft.Azure.Core.Spatial.NewtonsoftJson\tests\Samples\Readme.cs(95,46): error CS0246: The type or namespace name 'IsFilterable' could not be found (are you missing a using directive or an assembly reference?)
C:\gh\azure-sdk-for-net\sdk\core\Microsoft.Azure.Core.Spatial.NewtonsoftJson\tests\NewtonsoftJsonMicrosoftSpatialGeoJsonConverterTests.cs(38,10): error CS0246: The type or namespace name 'TestAttribute' could not be found (are you missing a using directive or an assembly reference?)
C:\gh\azure-sdk-for-net\sdk\core\Microsoft.Azure.Core.Spatial.NewtonsoftJson\tests\NewtonsoftJsonMicrosoftSpatialGeoJsonConverterTests.cs(38,10): error CS0246: The type or namespace name 'Test' could not be found (are you missing a using directive or an assembly reference?)
C:\gh\azure-sdk-for-net\sdk\core\Microsoft.Azure.Core.Spatial.NewtonsoftJson\tests\Samples\Readme.cs(92,14): error CS0246: The type or namespace name 'SearchableFieldAttribute' could not be found (are you missing a using directive or an assembly reference?)
C:\gh\azure-sdk-for-net\sdk\core\Microsoft.Azure.Core.Spatial.NewtonsoftJson\tests\Samples\Readme.cs(92,14): error CS0246: The type or namespace name 'SearchableField' could not be found (are you missing a using directive or an assembly reference?)
C:\gh\azure-sdk-for-net\sdk\core\Microsoft.Azure.Core.Spatial.NewtonsoftJson\tests\Samples\Readme.cs(92,30): error CS0246: The type or namespace name 'IsSortable' could not be found (are you missing a using directive or an assembly reference?)
C:\gh\azure-sdk-for-net\sdk\core\Microsoft.Azure.Core.Spatial.NewtonsoftJson\tests\Samples\Readme.cs(92,49): error CS0246: The type or namespace name 'AnalyzerName' could not be found (are you missing a using directive or an assembly reference?)
C:\gh\azure-sdk-for-net\sdk\core\Microsoft.Azure.Core.Spatial.NewtonsoftJson\tests\Samples\Readme.cs(92,64): error CS0103: The name 'LexicalAnalyzerName' does not exist in the current context
C:\gh\azure-sdk-for-net\sdk\core\Microsoft.Azure.Core.Spatial.NewtonsoftJson\tests\NewtonsoftJsonMicrosoftSpatialGeoJsonConverterTests.cs(21,10): error CS0246: The type or namespace name 'TestAttribute' could not be found (are you missing a using directive or an assembly reference?)
C:\gh\azure-sdk-for-net\sdk\core\Microsoft.Azure.Core.Spatial.NewtonsoftJson\tests\NewtonsoftJsonMicrosoftSpatialGeoJsonConverterTests.cs(21,10): error CS0246: The type or namespace name 'Test' could not be found (are you missing a using directive or an assembly reference?)
C:\gh\azure-sdk-for-net\sdk\core\Microsoft.Azure.Core.Spatial.NewtonsoftJson\tests\NewtonsoftJsonMicrosoftSpatialGeoJsonConverterTests.cs(14,10): error CS0246: The type or namespace name 'TestAttribute' could not be found (are you missing a using directive or an assembly reference?)
C:\gh\azure-sdk-for-net\sdk\core\Microsoft.Azure.Core.Spatial.NewtonsoftJson\tests\NewtonsoftJsonMicrosoftSpatialGeoJsonConverterTests.cs(14,10): error CS0246: The type or namespace name 'Test' could not be found (are you missing a using directive or an assembly reference?)
C:\gh\azure-sdk-for-net\sdk\core\Microsoft.Azure.Core.Spatial.NewtonsoftJson\tests\NewtonsoftJsonMicrosoftSpatialGeoJsonConverterTests.cs(6,17): error CS0234: The type or namespace name 'Spatial' does not exist in the namespace 'Microsoft' (are you missing an assembly reference?)
C:\gh\azure-sdk-for-net\sdk\core\Microsoft.Azure.Core.Spatial.NewtonsoftJson\tests\NewtonsoftJsonMicrosoftSpatialGeoJsonConverterTests.cs(7,7): error CS0246: The type or namespace name 'Newtonsoft' could not be found (are you missing a using directive or an assembly reference?)
C:\gh\azure-sdk-for-net\sdk\core\Microsoft.Azure.Core.Spatial.NewtonsoftJson\tests\NewtonsoftJsonMicrosoftSpatialGeoJsonConverterTests.cs(8,7): error CS0246: The type or namespace name 'NUnit' could not be found (are you missing a using directive or an assembly reference?)
C:\gh\azure-sdk-for-net\sdk\core\Microsoft.Azure.Core.Spatial.NewtonsoftJson\tests\Samples\Readme.cs(9,13): error CS0234: The type or namespace name 'Search' does not exist in the namespace 'Azure' (are you missing an assembly reference?)
C:\gh\azure-sdk-for-net\sdk\core\Microsoft.Azure.Core.Spatial.NewtonsoftJson\tests\Samples\Readme.cs(10,13): error CS0234: The type or namespace name 'Search' does not exist in the namespace 'Azure' (are you missing an assembly reference?)
C:\gh\azure-sdk-for-net\sdk\core\Microsoft.Azure.Core.Spatial.NewtonsoftJson\tests\Samples\Readme.cs(11,13): error CS0234: The type or namespace name 'Search' does not exist in the namespace 'Azure' (are you missing an assembly reference?)
C:\gh\azure-sdk-for-net\sdk\core\Microsoft.Azure.Core.Spatial.NewtonsoftJson\tests\Samples\Readme.cs(12,13): error CS0234: The type or namespace name 'Search' does not exist in the namespace 'Azure' (are you missing an assembly reference?)
C:\gh\azure-sdk-for-net\sdk\core\Microsoft.Azure.Core.Spatial.NewtonsoftJson\tests\Samples\Readme.cs(13,17): error CS0234: The type or namespace name 'Spatial' does not exist in the namespace 'Microsoft' (are you missing an assembly reference?)
C:\gh\azure-sdk-for-net\sdk\core\Microsoft.Azure.Core.Spatial.NewtonsoftJson\tests\Samples\Readme.cs(14,7): error CS0246: The type or namespace name 'Newtonsoft' could not be found (are you missing a using directive or an assembly reference?)
C:\gh\azure-sdk-for-net\sdk\core\Microsoft.Azure.Core.Spatial.NewtonsoftJson\tests\Samples\Readme.cs(15,7): error CS0246: The type or namespace name 'Newtonsoft' could not be found (are you missing a using directive or an assembly reference?)
C:\gh\azure-sdk-for-net\sdk\core\Microsoft.Azure.Core.Spatial.NewtonsoftJson\tests\Samples\Readme.cs(16,7): error CS0246: The type or namespace name 'NUnit' could not be found (are you missing a using directive or an assembly reference?)
C:\gh\azure-sdk-for-net\sdk\core\Microsoft.Azure.Core.Spatial.NewtonsoftJson\tests\NewtonsoftJsonMicrosoftSpatialGeoJsonConverterTests.cs(93,36): error CS0246: The type or namespace name 'TestCaseData' could not be found (are you missing a using directive or an assembly reference?)
C:\gh\azure-sdk-for-net\sdk\core\Microsoft.Azure.Core.Spatial.NewtonsoftJson\tests\Samples\Readme.cs(89,14): error CS0246: The type or namespace name 'SimpleFieldAttribute' could not be found (are you missing a using directive or an assembly reference?)
C:\gh\azure-sdk-for-net\sdk\core\Microsoft.Azure.Core.Spatial.NewtonsoftJson\tests\Samples\Readme.cs(89,14): error CS0246: The type or namespace name 'SimpleField' could not be found (are you missing a using directive or an assembly reference?)
C:\gh\azure-sdk-for-net\sdk\core\Microsoft.Azure.Core.Spatial.NewtonsoftJson\tests\Samples\Readme.cs(89,26): error CS0246: The type or namespace name 'IsKey' could not be found (are you missing a using directive or an assembly reference?)
C:\gh\azure-sdk-for-net\sdk\core\Microsoft.Azure.Core.Spatial.NewtonsoftJson\tests\Samples\Readme.cs(96,20): error CS0246: The type or namespace name 'GeographyPoint' could not be found (are you missing a using directive or an assembly reference?)
C:\gh\azure-sdk-for-net\sdk\core\Microsoft.Azure.Core.Spatial.NewtonsoftJson\tests\NewtonsoftJsonMicrosoftSpatialGeoJsonConverterTests.cs(18,13): error CS0103: The name 'Assert' does not exist in the current context
C:\gh\azure-sdk-for-net\sdk\core\Microsoft.Azure.Core.Spatial.NewtonsoftJson\tests\NewtonsoftJsonMicrosoftSpatialGeoJsonConverterTests.cs(18,37): error CS0012: The type 'JsonConverter' is defined in an assembly that is not referenced. You must add a reference to assembly 'Newtonsoft.Json, Version=10.0.0.0, Culture=neutral, PublicKeyToken=30ad4fe6b2a6aeed'.
C:\gh\azure-sdk-for-net\sdk\core\Microsoft.Azure.Core.Spatial.NewtonsoftJson\tests\NewtonsoftJsonMicrosoftSpatialGeoJsonConverterTests.cs(18,55): error CS0246: The type or namespace name 'GeographyPoint' could not be found (are you missing a using directive or an assembly reference?)
C:\gh\azure-sdk-for-net\sdk\core\Microsoft.Azure.Core.Spatial.NewtonsoftJson\tests\NewtonsoftJsonMicrosoftSpatialGeoJsonConverterTests.cs(24,13): error CS0246: The type or namespace name 'JsonSerializerSettings' could not be found (are you missing a using directive or an assembly reference?)
C:\gh\azure-sdk-for-net\sdk\core\Microsoft.Azure.Core.Spatial.NewtonsoftJson\tests\NewtonsoftJsonMicrosoftSpatialGeoJsonConverterTests.cs(24,51): error CS0246: The type or namespace name 'JsonSerializerSettings' could not be found (are you missing a using directive or an assembly reference?)
C:\gh\azure-sdk-for-net\sdk\core\Microsoft.Azure.Core.Spatial.NewtonsoftJson\tests\NewtonsoftJsonMicrosoftSpatialGeoJsonConverterTests.cs(32,13): error CS0246: The type or namespace name 'GeographyPoint' could not be found (are you missing a using directive or an assembly reference?)
C:\gh\azure-sdk-for-net\sdk\core\Microsoft.Azure.Core.Spatial.NewtonsoftJson\tests\NewtonsoftJsonMicrosoftSpatialGeoJsonConverterTests.cs(32,36): error CS0103: The name 'JsonConvert' does not exist in the current context
C:\gh\azure-sdk-for-net\sdk\core\Microsoft.Azure.Core.Spatial.NewtonsoftJson\tests\NewtonsoftJsonMicrosoftSpatialGeoJsonConverterTests.cs(32,66): error CS0246: The type or namespace name 'GeographyPoint' could not be found (are you missing a using directive or an assembly reference?)
C:\gh\azure-sdk-for-net\sdk\core\Microsoft.Azure.Core.Spatial.NewtonsoftJson\tests\NewtonsoftJsonMicrosoftSpatialGeoJsonConverterTests.cs(34,13): error CS0103: The name 'Assert' does not exist in the current context
C:\gh\azure-sdk-for-net\sdk\core\Microsoft.Azure.Core.Spatial.NewtonsoftJson\tests\NewtonsoftJsonMicrosoftSpatialGeoJsonConverterTests.cs(35,13): error CS0103: The name 'Assert' does not exist in the current context
C:\gh\azure-sdk-for-net\sdk\core\Microsoft.Azure.Core.Spatial.NewtonsoftJson\tests\NewtonsoftJsonMicrosoftSpatialGeoJsonConverterTests.cs(41,13): error CS0246: The type or namespace name 'JsonSerializerSettings' could not be found (are you missing a using directive or an assembly reference?)
C:\gh\azure-sdk-for-net\sdk\core\Microsoft.Azure.Core.Spatial.NewtonsoftJson\tests\NewtonsoftJsonMicrosoftSpatialGeoJsonConverterTests.cs(41,51): error CS0246: The type or namespace name 'JsonSerializerSettings' could not be found (are you missing a using directive or an assembly reference?)
C:\gh\azure-sdk-for-net\sdk\core\Microsoft.Azure.Core.Spatial.NewtonsoftJson\tests\NewtonsoftJsonMicrosoftSpatialGeoJsonConverterTests.cs(49,13): error CS0246: The type or namespace name 'GeographyPoint' could not be found (are you missing a using directive or an assembly reference?)
C:\gh\azure-sdk-for-net\sdk\core\Microsoft.Azure.Core.Spatial.NewtonsoftJson\tests\NewtonsoftJsonMicrosoftSpatialGeoJsonConverterTests.cs(49,36): error CS0103: The name 'JsonConvert' does not exist in the current context
C:\gh\azure-sdk-for-net\sdk\core\Microsoft.Azure.Core.Spatial.NewtonsoftJson\tests\NewtonsoftJsonMicrosoftSpatialGeoJsonConverterTests.cs(49,66): error CS0246: The type or namespace name 'GeographyPoint' could not be found (are you missing a using directive or an assembly reference?)
C:\gh\azure-sdk-for-net\sdk\core\Microsoft.Azure.Core.Spatial.NewtonsoftJson\tests\NewtonsoftJsonMicrosoftSpatialGeoJsonConverterTests.cs(51,13): error CS0103: The name 'Assert' does not exist in the current context
C:\gh\azure-sdk-for-net\sdk\core\Microsoft.Azure.Core.Spatial.NewtonsoftJson\tests\NewtonsoftJsonMicrosoftSpatialGeoJsonConverterTests.cs(52,13): error CS0103: The name 'Assert' does not exist in the current context
C:\gh\azure-sdk-for-net\sdk\core\Microsoft.Azure.Core.Spatial.NewtonsoftJson\tests\NewtonsoftJsonMicrosoftSpatialGeoJsonConverterTests.cs(55,13): error CS0103: The name 'Assert' does not exist in the current context
C:\gh\azure-sdk-for-net\sdk\core\Microsoft.Azure.Core.Spatial.NewtonsoftJson\tests\Samples\Readme.cs(26,22): error CS0012: The type 'Response' is defined in an assembly that is not referenced. You must add a reference to assembly 'Azure.Core, Version=1.4.1.0, Culture=neutral, PublicKeyToken=92742159e12e44c8'.
C:\gh\azure-sdk-for-net\sdk\core\Microsoft.Azure.Core.Spatial.NewtonsoftJson\tests\Samples\Readme.cs(49,13): error CS0246: The type or namespace name 'AzureKeyCredential' could not be found (are you missing a using directive or an assembly reference?)
C:\gh\azure-sdk-for-net\sdk\core\Microsoft.Azure.Core.Spatial.NewtonsoftJson\tests\Samples\Readme.cs(49,49): error CS0246: The type or namespace name 'AzureKeyCredential' could not be found (are you missing a using directive or an assembly reference?)
C:\gh\azure-sdk-for-net\sdk\core\Microsoft.Azure.Core.Spatial.NewtonsoftJson\tests\Samples\Readme.cs(52,13): error CS0246: The type or namespace name 'JsonSerializerSettings' could not be found (are you missing a using directive or an assembly reference?)
C:\gh\azure-sdk-for-net\sdk\core\Microsoft.Azure.Core.Spatial.NewtonsoftJson\tests\Samples\Readme.cs(52,61): error CS0246: The type or namespace name 'JsonSerializerSettings' could not be found (are you missing a using directive or an assembly reference?)
C:\gh\azure-sdk-for-net\sdk\core\Microsoft.Azure.Core.Spatial.NewtonsoftJson\tests\Samples\Readme.cs(54,40): error CS0246: The type or namespace name 'CamelCasePropertyNamesContractResolver' could not be found (are you missing a using directive or an assembly reference?)
C:\gh\azure-sdk-for-net\sdk\core\Microsoft.Azure.Core.Spatial.NewtonsoftJson\tests\Samples\Readme.cs(61,13): error CS0246: The type or namespace name 'SearchClientOptions' could not be found (are you missing a using directive or an assembly reference?)
C:\gh\azure-sdk-for-net\sdk\core\Microsoft.Azure.Core.Spatial.NewtonsoftJson\tests\Samples\Readme.cs(61,53): error CS0246: The type or namespace name 'SearchClientOptions' could not be found (are you missing a using directive or an assembly reference?)
C:\gh\azure-sdk-for-net\sdk\core\Microsoft.Azure.Core.Spatial.NewtonsoftJson\tests\Samples\Readme.cs(63,40): error CS0012: The type 'Response' is defined in an assembly that is not referenced. You must add a reference to assembly 'Azure.Core, Version=1.4.1.0, Culture=neutral, PublicKeyToken=92742159e12e44c8'.
C:\gh\azure-sdk-for-net\sdk\core\Microsoft.Azure.Core.Spatial.NewtonsoftJson\tests\Samples\Readme.cs(64,34): error CS0012: The type 'JsonSerializerSettings' is defined in an assembly that is not referenced. You must add a reference to assembly 'Newtonsoft.Json, Version=10.0.0.0, Culture=neutral, PublicKeyToken=30ad4fe6b2a6aeed'.
C:\gh\azure-sdk-for-net\sdk\core\Microsoft.Azure.Core.Spatial.NewtonsoftJson\tests\Samples\Readme.cs(67,13): error CS0246: The type or namespace name 'SearchClient' could not be found (are you missing a using directive or an assembly reference?)
C:\gh\azure-sdk-for-net\sdk\core\Microsoft.Azure.Core.Spatial.NewtonsoftJson\tests\Samples\Readme.cs(67,39): error CS0246: The type or namespace name 'SearchClient' could not be found (are you missing a using directive or an assembly reference?)
C:\gh\azure-sdk-for-net\sdk\core\Microsoft.Azure.Core.Spatial.NewtonsoftJson\tests\Samples\Readme.cs(68,13): error CS0246: The type or namespace name 'Response<>' could not be found (are you missing a using directive or an assembly reference?)
C:\gh\azure-sdk-for-net\sdk\core\Microsoft.Azure.Core.Spatial.NewtonsoftJson\tests\Samples\Readme.cs(68,22): error CS0246: The type or namespace name 'SearchResults<>' could not be found (are you missing a using directive or an assembly reference?)
C:\gh\azure-sdk-for-net\sdk\core\Microsoft.Azure.Core.Spatial.NewtonsoftJson\tests\Samples\Readme.cs(70,22): error CS0246: The type or namespace name 'SearchResult<>' could not be found (are you missing a using directive or an assembly reference?)
C:\gh\azure-sdk-for-net\sdk\core\Microsoft.Azure.Core.Spatial.NewtonsoftJson\tests\Samples\Readme.cs(81,13): error CS0103: The name 'Assert' does not exist in the current context
C:\gh\azure-sdk-for-net\sdk\core\Microsoft.Azure.Core.Spatial.NewtonsoftJson\tests\Samples\Readme.cs(82,13): error CS0103: The name 'Assert' does not exist in the current context
C:\gh\azure-sdk-for-net\sdk\core\Microsoft.Azure.Core.Spatial.NewtonsoftJson\tests\Samples\Readme.cs(83,13): error CS0103: The name 'Assert' does not exist in the current context
C:\gh\azure-sdk-for-net\sdk\core\Microsoft.Azure.Core.Spatial.NewtonsoftJson\tests\NewtonsoftJsonMicrosoftSpatialGeoJsonConverterTests.cs(61,13): error CS0246: The type or namespace name 'JsonSerializerSettings' could not be found (are you missing a using directive or an assembly reference?)
C:\gh\azure-sdk-for-net\sdk\core\Microsoft.Azure.Core.Spatial.NewtonsoftJson\tests\NewtonsoftJsonMicrosoftSpatialGeoJsonConverterTests.cs(61,51): error CS0246: The type or namespace name 'JsonSerializerSettings' could not be found (are you missing a using directive or an assembly reference?)
C:\gh\azure-sdk-for-net\sdk\core\Microsoft.Azure.Core.Spatial.NewtonsoftJson\tests\NewtonsoftJsonMicrosoftSpatialGeoJsonConverterTests.cs(69,13): error CS0246: The type or namespace name 'GeographyPoint' could not be found (are you missing a using directive or an assembly reference?)
C:\gh\azure-sdk-for-net\sdk\core\Microsoft.Azure.Core.Spatial.NewtonsoftJson\tests\NewtonsoftJsonMicrosoftSpatialGeoJsonConverterTests.cs(69,36): error CS0103: The name 'JsonConvert' does not exist in the current context
C:\gh\azure-sdk-for-net\sdk\core\Microsoft.Azure.Core.Spatial.NewtonsoftJson\tests\NewtonsoftJsonMicrosoftSpatialGeoJsonConverterTests.cs(69,66): error CS0246: The type or namespace name 'GeographyPoint' could not be found (are you missing a using directive or an assembly reference?)
C:\gh\azure-sdk-for-net\sdk\core\Microsoft.Azure.Core.Spatial.NewtonsoftJson\tests\NewtonsoftJsonMicrosoftSpatialGeoJsonConverterTests.cs(71,13): error CS0103: The name 'Assert' does not exist in the current context
C:\gh\azure-sdk-for-net\sdk\core\Microsoft.Azure.Core.Spatial.NewtonsoftJson\tests\NewtonsoftJsonMicrosoftSpatialGeoJsonConverterTests.cs(72,13): error CS0103: The name 'Assert' does not exist in the current context
C:\gh\azure-sdk-for-net\sdk\core\Microsoft.Azure.Core.Spatial.NewtonsoftJson\tests\NewtonsoftJsonMicrosoftSpatialGeoJsonConverterTests.cs(75,13): error CS0103: The name 'Assert' does not exist in the current context
C:\gh\azure-sdk-for-net\sdk\core\Microsoft.Azure.Core.Spatial.NewtonsoftJson\tests\NewtonsoftJsonMicrosoftSpatialGeoJsonConverterTests.cs(81,13): error CS0246: The type or namespace name 'JsonSerializerSettings' could not be found (are you missing a using directive or an assembly reference?)
C:\gh\azure-sdk-for-net\sdk\core\Microsoft.Azure.Core.Spatial.NewtonsoftJson\tests\NewtonsoftJsonMicrosoftSpatialGeoJsonConverterTests.cs(81,51): error CS0246: The type or namespace name 'JsonSerializerSettings' could not be found (are you missing a using directive or an assembly reference?)
C:\gh\azure-sdk-for-net\sdk\core\Microsoft.Azure.Core.Spatial.NewtonsoftJson\tests\NewtonsoftJsonMicrosoftSpatialGeoJsonConverterTests.cs(89,13): error CS0246: The type or namespace name 'JsonSerializationException' could not be found (are you missing a using directive or an assembly reference?)
C:\gh\azure-sdk-for-net\sdk\core\Microsoft.Azure.Core.Spatial.NewtonsoftJson\tests\NewtonsoftJsonMicrosoftSpatialGeoJsonConverterTests.cs(89,60): error CS0103: The name 'Assert' does not exist in the current context
C:\gh\azure-sdk-for-net\sdk\core\Microsoft.Azure.Core.Spatial.NewtonsoftJson\tests\NewtonsoftJsonMicrosoftSpatialGeoJsonConverterTests.cs(89,74): error CS0246: The type or namespace name 'JsonSerializationException' could not be found (are you missing a using directive or an assembly reference?)
C:\gh\azure-sdk-for-net\sdk\core\Microsoft.Azure.Core.Spatial.NewtonsoftJson\tests\NewtonsoftJsonMicrosoftSpatialGeoJsonConverterTests.cs(90,13): error CS0103: The name 'Assert' does not exist in the current context
C:\gh\azure-sdk-for-net\sdk\core\Microsoft.Azure.Core.Spatial.NewtonsoftJson\tests\NewtonsoftJsonMicrosoftSpatialGeoJsonConverterTests.cs(95,17): error CS0246: The type or namespace name 'TestCaseData' could not be found (are you missing a using directive or an assembly reference?)
C:\gh\azure-sdk-for-net\sdk\core\Microsoft.Azure.Core.Spatial.NewtonsoftJson\tests\NewtonsoftJsonMicrosoftSpatialGeoJsonConverterTests.cs(95,88): error CS0103: The name 'JsonToken' does not exist in the current context
C:\gh\azure-sdk-for-net\sdk\core\Microsoft.Azure.Core.Spatial.NewtonsoftJson\tests\NewtonsoftJsonMicrosoftSpatialGeoJsonConverterTests.cs(96,17): error CS0246: The type or namespace name 'TestCaseData' could not be found (are you missing a using directive or an assembly reference?)
C:\gh\azure-sdk-for-net\sdk\core\Microsoft.Azure.Core.Spatial.NewtonsoftJson\tests\NewtonsoftJsonMicrosoftSpatialGeoJsonConverterTests.cs(97,17): error CS0246: The type or namespace name 'TestCaseData' could not be found (are you missing a using directive or an assembly reference?)
C:\gh\azure-sdk-for-net\sdk\core\Microsoft.Azure.Core.Spatial.NewtonsoftJson\tests\NewtonsoftJsonMicrosoftSpatialGeoJsonConverterTests.cs(98,17): error CS0246: The type or namespace name 'TestCaseData' could not be found (are you missing a using directive or an assembly reference?)
C:\gh\azure-sdk-for-net\sdk\core\Microsoft.Azure.Core.Spatial.NewtonsoftJson\tests\NewtonsoftJsonMicrosoftSpatialGeoJsonConverterTests.cs(99,17): error CS0246: The type or namespace name 'TestCaseData' could not be found (are you missing a using directive or an assembly reference?)
C:\gh\azure-sdk-for-net\sdk\core\Microsoft.Azure.Core.Spatial.NewtonsoftJson\tests\NewtonsoftJsonMicrosoftSpatialGeoJsonConverterTests.cs(100,17): error CS0246: The type or namespace name 'TestCaseData' could not be found (are you missing a using directive or an assembly reference?)
C:\gh\azure-sdk-for-net\sdk\core\Microsoft.Azure.Core.Spatial.NewtonsoftJson\tests\NewtonsoftJsonMicrosoftSpatialGeoJsonConverterTests.cs(101,17): error CS0246: The type or namespace name 'TestCaseData' could not be found (are you missing a using directive or an assembly reference?)
C:\gh\azure-sdk-for-net\sdk\core\Microsoft.Azure.Core.Spatial.NewtonsoftJson\tests\NewtonsoftJsonMicrosoftSpatialGeoJsonConverterTests.cs(101,134): error CS0103: The name 'JsonToken' does not exist in the current context
C:\gh\azure-sdk-for-net\sdk\core\Microsoft.Azure.Core.Spatial.NewtonsoftJson\tests\NewtonsoftJsonMicrosoftSpatialGeoJsonConverterTests.cs(102,17): error CS0246: The type or namespace name 'TestCaseData' could not be found (are you missing a using directive or an assembly reference?)
C:\gh\azure-sdk-for-net\sdk\core\Microsoft.Azure.Core.Spatial.NewtonsoftJson\tests\NewtonsoftJsonMicrosoftSpatialGeoJsonConverterTests.cs(102,125): error CS0103: The name 'JsonToken' does not exist in the current context
C:\gh\azure-sdk-for-net\sdk\core\Microsoft.Azure.Core.Spatial.NewtonsoftJson\tests\NewtonsoftJsonMicrosoftSpatialGeoJsonConverterTests.cs(103,17): error CS0246: The type or namespace name 'TestCaseData' could not be found (are you missing a using directive or an assembly reference?)
C:\gh\azure-sdk-for-net\sdk\core\Microsoft.Azure.Core.Spatial.NewtonsoftJson\tests\NewtonsoftJsonMicrosoftSpatialGeoJsonConverterTests.cs(103,132): error CS0103: The name 'JsonToken' does not exist in the current context
C:\gh\azure-sdk-for-net\sdk\core\Microsoft.Azure.Core.Spatial.NewtonsoftJson\tests\NewtonsoftJsonMicrosoftSpatialGeoJsonConverterTests.cs(104,17): error CS0246: The type or namespace name 'TestCaseData' could not be found (are you missing a using directive or an assembly reference?)
C:\gh\azure-sdk-for-net\sdk\core\Microsoft.Azure.Core.Spatial.NewtonsoftJson\tests\NewtonsoftJsonMicrosoftSpatialGeoJsonConverterTests.cs(104,136): error CS0103: The name 'JsonToken' does not exist in the current context
C:\gh\azure-sdk-for-net\sdk\core\Microsoft.Azure.Core.Spatial.NewtonsoftJson\tests\NewtonsoftJsonMicrosoftSpatialGeoJsonConverterTests.cs(110,13): error CS0246: The type or namespace name 'JsonSerializerSettings' could not be found (are you missing a using directive or an assembly reference?)
C:\gh\azure-sdk-for-net\sdk\core\Microsoft.Azure.Core.Spatial.NewtonsoftJson\tests\NewtonsoftJsonMicrosoftSpatialGeoJsonConverterTests.cs(110,51): error CS0246: The type or namespace name 'JsonSerializerSettings' could not be found (are you missing a using directive or an assembly reference?)
C:\gh\azure-sdk-for-net\sdk\core\Microsoft.Azure.Core.Spatial.NewtonsoftJson\tests\NewtonsoftJsonMicrosoftSpatialGeoJsonConverterTests.cs(118,13): error CS0246: The type or namespace name 'GeographyPoint' could not be found (are you missing a using directive or an assembly reference?)
C:\gh\azure-sdk-for-net\sdk\core\Microsoft.Azure.Core.Spatial.NewtonsoftJson\tests\NewtonsoftJsonMicrosoftSpatialGeoJsonConverterTests.cs(118,36): error CS0103: The name 'GeographyPoint' does not exist in the current context
C:\gh\azure-sdk-for-net\sdk\core\Microsoft.Azure.Core.Spatial.NewtonsoftJson\tests\NewtonsoftJsonMicrosoftSpatialGeoJsonConverterTests.cs(119,27): error CS0103: The name 'JsonConvert' does not exist in the current context
C:\gh\azure-sdk-for-net\sdk\core\Microsoft.Azure.Core.Spatial.NewtonsoftJson\tests\NewtonsoftJsonMicrosoftSpatialGeoJsonConverterTests.cs(122,13): error CS0103: The name 'StringAssert' does not exist in the current context
C:\gh\azure-sdk-for-net\sdk\core\Microsoft.Azure.Core.Spatial.NewtonsoftJson\tests\Samples\Readme.cs(12,1): hidden CS8019: Unnecessary using directive.
C:\gh\azure-sdk-for-net\artifacts\obj\Microsoft.Azure.Core.Spatial.NewtonsoftJson.Tests\Debug\net461\.NETFramework,Version=v4.6.1.AssemblyAttributes.cs(2,1): hidden CS8019: Unnecessary using directive.
C:\gh\azure-sdk-for-net\sdk\core\Microsoft.Azure.Core.Spatial.NewtonsoftJson\tests\NewtonsoftJsonMicrosoftSpatialGeoJsonConverterTests.cs(7,1): hidden CS8019: Unnecessary using directive.
C:\gh\azure-sdk-for-net\artifacts\obj\Microsoft.Azure.Core.Spatial.NewtonsoftJson.Tests\Debug\net461\Microsoft.Azure.Core.Spatial.NewtonsoftJson.Tests.AssemblyInfo.cs(11,1): hidden CS8019: Unnecessary using directive.
C:\gh\azure-sdk-for-net\sdk\core\Microsoft.Azure.Core.Spatial.NewtonsoftJson\tests\Samples\Readme.cs(15,1): hidden CS8019: Unnecessary using directive.
C:\gh\azure-sdk-for-net\sdk\core\Microsoft.Azure.Core.Spatial.NewtonsoftJson\tests\Samples\Readme.cs(13,1): hidden CS8019: Unnecessary using directive.
C:\gh\azure-sdk-for-net\sdk\core\Microsoft.Azure.Core.Spatial.NewtonsoftJson\tests\Samples\Readme.cs(11,1): hidden CS8019: Unnecessary using directive.
C:\gh\azure-sdk-for-net\sdk\core\Microsoft.Azure.Core.Spatial.NewtonsoftJson\tests\Samples\Readme.cs(16,1): hidden CS8019: Unnecessary using directive.
C:\gh\azure-sdk-for-net\sdk\core\Microsoft.Azure.Core.Spatial.NewtonsoftJson\tests\Samples\Readme.cs(6,1): hidden CS8019: Unnecessary using directive.
C:\gh\azure-sdk-for-net\artifacts\obj\Microsoft.Azure.Core.Spatial.NewtonsoftJson.Tests\Debug\net461\Microsoft.Azure.Core.Spatial.NewtonsoftJson.Tests.AssemblyInfo.cs(12,1): hidden CS8019: Unnecessary using directive.
C:\gh\azure-sdk-for-net\sdk\core\Microsoft.Azure.Core.Spatial.NewtonsoftJson\tests\Samples\Readme.cs(10,1): hidden CS8019: Unnecessary using directive.
C:\gh\azure-sdk-for-net\artifacts\obj\Microsoft.Azure.Core.Spatial.NewtonsoftJson.Tests\Debug\net461\.NETFramework,Version=v4.6.1.AssemblyAttributes.cs(3,1): hidden CS8019: Unnecessary using directive.
C:\gh\azure-sdk-for-net\sdk\core\Microsoft.Azure.Core.Spatial.NewtonsoftJson\tests\Samples\Readme.cs(14,1): hidden CS8019: Unnecessary using directive.
C:\gh\azure-sdk-for-net\sdk\core\Microsoft.Azure.Core.Spatial.NewtonsoftJson\tests\NewtonsoftJsonMicrosoftSpatialGeoJsonConverterTests.cs(6,1): hidden CS8019: Unnecessary using directive.
C:\gh\azure-sdk-for-net\sdk\core\Microsoft.Azure.Core.Spatial.NewtonsoftJson\tests\NewtonsoftJsonMicrosoftSpatialGeoJsonConverterTests.cs(8,1): hidden CS8019: Unnecessary using directive.
C:\gh\azure-sdk-for-net\sdk\core\Microsoft.Azure.Core.Spatial.NewtonsoftJson\tests\Samples\Readme.cs(9,1): hidden CS8019: Unnecessary using directive.
