C:\gh\azure-sdk-for-net\sdk\extensions\Azure.Extensions.AspNetCore.DataProtection.Keys\tests\Snippets.cs(16,43): error CS0246: The type or namespace name 'IServiceCollection' could not be found (are you missing a using directive or an assembly reference?)
C:\gh\azure-sdk-for-net\sdk\extensions\Azure.Extensions.AspNetCore.DataProtection.Keys\tests\TypeForwardingActivatorTests.cs(139,53): error CS0122: 'DecryptorTypeForwardingActivator' is inaccessible due to its protection level
C:\gh\azure-sdk-for-net\sdk\extensions\Azure.Extensions.AspNetCore.DataProtection.Keys\tests\DataProtectionKeysFunctionalTests.cs(105,42): error CS0246: The type or namespace name 'IXmlRepository' could not be found (are you missing a using directive or an assembly reference?)
C:\gh\azure-sdk-for-net\sdk\extensions\Azure.Extensions.AspNetCore.DataProtection.Keys\tests\DataProtectionKeysFunctionalTests.cs(58,10): error CS0246: The type or namespace name 'TestAttribute' could not be found (are you missing a using directive or an assembly reference?)
C:\gh\azure-sdk-for-net\sdk\extensions\Azure.Extensions.AspNetCore.DataProtection.Keys\tests\DataProtectionKeysFunctionalTests.cs(58,10): error CS0246: The type or namespace name 'Test' could not be found (are you missing a using directive or an assembly reference?)
C:\gh\azure-sdk-for-net\sdk\extensions\Azure.Extensions.AspNetCore.DataProtection.Keys\tests\DataProtectionKeysFunctionalTests.cs(22,10): error CS0246: The type or namespace name 'TestAttribute' could not be found (are you missing a using directive or an assembly reference?)
C:\gh\azure-sdk-for-net\sdk\extensions\Azure.Extensions.AspNetCore.DataProtection.Keys\tests\DataProtectionKeysFunctionalTests.cs(22,10): error CS0246: The type or namespace name 'Test' could not be found (are you missing a using directive or an assembly reference?)
C:\gh\azure-sdk-for-net\sdk\extensions\Azure.Extensions.AspNetCore.DataProtection.Keys\tests\AzureKeyVaultXmlEncryptorTests.cs(9,18): error CS0234: The type or namespace name 'Cryptography' does not exist in the namespace 'Azure.Core' (are you missing an assembly reference?)
C:\gh\azure-sdk-for-net\sdk\extensions\Azure.Extensions.AspNetCore.DataProtection.Keys\tests\AzureKeyVaultXmlEncryptorTests.cs(10,17): error CS0234: The type or namespace name 'Extensions' does not exist in the namespace 'Microsoft' (are you missing an assembly reference?)
C:\gh\azure-sdk-for-net\sdk\extensions\Azure.Extensions.AspNetCore.DataProtection.Keys\tests\AzureKeyVaultXmlEncryptorTests.cs(11,7): error CS0246: The type or namespace name 'Moq' could not be found (are you missing a using directive or an assembly reference?)
C:\gh\azure-sdk-for-net\sdk\extensions\Azure.Extensions.AspNetCore.DataProtection.Keys\tests\AzureKeyVaultXmlEncryptorTests.cs(12,7): error CS0246: The type or namespace name 'NUnit' could not be found (are you missing a using directive or an assembly reference?)
C:\gh\azure-sdk-for-net\sdk\extensions\Azure.Extensions.AspNetCore.DataProtection.Keys\tests\DataProtectionKeysFunctionalTests.cs(10,13): error CS0234: The type or namespace name 'Identity' does not exist in the namespace 'Azure' (are you missing an assembly reference?)
C:\gh\azure-sdk-for-net\sdk\extensions\Azure.Extensions.AspNetCore.DataProtection.Keys\tests\DataProtectionKeysFunctionalTests.cs(11,13): error CS0234: The type or namespace name 'Security' does not exist in the namespace 'Azure' (are you missing an assembly reference?)
C:\gh\azure-sdk-for-net\sdk\extensions\Azure.Extensions.AspNetCore.DataProtection.Keys\tests\DataProtectionKeysFunctionalTests.cs(13,43): error CS0234: The type or namespace name 'KeyManagement' does not exist in the namespace 'Microsoft.AspNetCore.DataProtection' (are you missing an assembly reference?)
C:\gh\azure-sdk-for-net\sdk\extensions\Azure.Extensions.AspNetCore.DataProtection.Keys\tests\DataProtectionKeysFunctionalTests.cs(14,43): error CS0234: The type or namespace name 'Repositories' does not exist in the namespace 'Microsoft.AspNetCore.DataProtection' (are you missing an assembly reference?)
C:\gh\azure-sdk-for-net\sdk\extensions\Azure.Extensions.AspNetCore.DataProtection.Keys\tests\DataProtectionKeysFunctionalTests.cs(15,17): error CS0234: The type or namespace name 'Extensions' does not exist in the namespace 'Microsoft' (are you missing an assembly reference?)
C:\gh\azure-sdk-for-net\sdk\extensions\Azure.Extensions.AspNetCore.DataProtection.Keys\tests\DataProtectionKeysFunctionalTests.cs(16,7): error CS0246: The type or namespace name 'NUnit' could not be found (are you missing a using directive or an assembly reference?)
C:\gh\azure-sdk-for-net\sdk\extensions\Azure.Extensions.AspNetCore.DataProtection.Keys\tests\Snippets.cs(5,13): error CS0234: The type or namespace name 'Identity' does not exist in the namespace 'Azure' (are you missing an assembly reference?)
C:\gh\azure-sdk-for-net\sdk\extensions\Azure.Extensions.AspNetCore.DataProtection.Keys\tests\Snippets.cs(7,17): error CS0234: The type or namespace name 'Extensions' does not exist in the namespace 'Microsoft' (are you missing an assembly reference?)
C:\gh\azure-sdk-for-net\sdk\extensions\Azure.Extensions.AspNetCore.DataProtection.Keys\tests\TypeForwardingActivatorTests.cs(8,13): error CS0234: The type or namespace name 'Identity' does not exist in the namespace 'Azure' (are you missing an assembly reference?)
C:\gh\azure-sdk-for-net\sdk\extensions\Azure.Extensions.AspNetCore.DataProtection.Keys\tests\TypeForwardingActivatorTests.cs(10,43): error CS0234: The type or namespace name 'Internal' does not exist in the namespace 'Microsoft.AspNetCore.DataProtection' (are you missing an assembly reference?)
C:\gh\azure-sdk-for-net\sdk\extensions\Azure.Extensions.AspNetCore.DataProtection.Keys\tests\TypeForwardingActivatorTests.cs(11,17): error CS0234: The type or namespace name 'Extensions' does not exist in the namespace 'Microsoft' (are you missing an assembly reference?)
C:\gh\azure-sdk-for-net\sdk\extensions\Azure.Extensions.AspNetCore.DataProtection.Keys\tests\TypeForwardingActivatorTests.cs(12,7): error CS0246: The type or namespace name 'NUnit' could not be found (are you missing a using directive or an assembly reference?)
C:\gh\azure-sdk-for-net\sdk\extensions\Azure.Extensions.AspNetCore.DataProtection.Keys\tests\AzureKeyVaultXmlEncryptorTests.cs(18,10): error CS0246: The type or namespace name 'TestAttribute' could not be found (are you missing a using directive or an assembly reference?)
C:\gh\azure-sdk-for-net\sdk\extensions\Azure.Extensions.AspNetCore.DataProtection.Keys\tests\AzureKeyVaultXmlEncryptorTests.cs(18,10): error CS0246: The type or namespace name 'Test' could not be found (are you missing a using directive or an assembly reference?)
C:\gh\azure-sdk-for-net\sdk\extensions\Azure.Extensions.AspNetCore.DataProtection.Keys\tests\AzureKeyVaultXmlEncryptorTests.cs(49,10): error CS0246: The type or namespace name 'TestAttribute' could not be found (are you missing a using directive or an assembly reference?)
C:\gh\azure-sdk-for-net\sdk\extensions\Azure.Extensions.AspNetCore.DataProtection.Keys\tests\AzureKeyVaultXmlEncryptorTests.cs(49,10): error CS0246: The type or namespace name 'Test' could not be found (are you missing a using directive or an assembly reference?)
C:\gh\azure-sdk-for-net\sdk\extensions\Azure.Extensions.AspNetCore.DataProtection.Keys\tests\TypeForwardingActivatorTests.cs(18,10): error CS0246: The type or namespace name 'TestAttribute' could not be found (are you missing a using directive or an assembly reference?)
C:\gh\azure-sdk-for-net\sdk\extensions\Azure.Extensions.AspNetCore.DataProtection.Keys\tests\TypeForwardingActivatorTests.cs(18,10): error CS0246: The type or namespace name 'Test' could not be found (are you missing a using directive or an assembly reference?)
C:\gh\azure-sdk-for-net\sdk\extensions\Azure.Extensions.AspNetCore.DataProtection.Keys\tests\TypeForwardingActivatorTests.cs(35,10): error CS0246: The type or namespace name 'TestAttribute' could not be found (are you missing a using directive or an assembly reference?)
C:\gh\azure-sdk-for-net\sdk\extensions\Azure.Extensions.AspNetCore.DataProtection.Keys\tests\TypeForwardingActivatorTests.cs(35,10): error CS0246: The type or namespace name 'Test' could not be found (are you missing a using directive or an assembly reference?)
C:\gh\azure-sdk-for-net\sdk\extensions\Azure.Extensions.AspNetCore.DataProtection.Keys\tests\TypeForwardingActivatorTests.cs(51,10): error CS0246: The type or namespace name 'TestCaseAttribute' could not be found (are you missing a using directive or an assembly reference?)
C:\gh\azure-sdk-for-net\sdk\extensions\Azure.Extensions.AspNetCore.DataProtection.Keys\tests\TypeForwardingActivatorTests.cs(51,10): error CS0246: The type or namespace name 'TestCase' could not be found (are you missing a using directive or an assembly reference?)
C:\gh\azure-sdk-for-net\sdk\extensions\Azure.Extensions.AspNetCore.DataProtection.Keys\tests\TypeForwardingActivatorTests.cs(52,10): error CS0246: The type or namespace name 'TestCaseAttribute' could not be found (are you missing a using directive or an assembly reference?)
C:\gh\azure-sdk-for-net\sdk\extensions\Azure.Extensions.AspNetCore.DataProtection.Keys\tests\TypeForwardingActivatorTests.cs(52,10): error CS0246: The type or namespace name 'TestCase' could not be found (are you missing a using directive or an assembly reference?)
C:\gh\azure-sdk-for-net\sdk\extensions\Azure.Extensions.AspNetCore.DataProtection.Keys\tests\TypeForwardingActivatorTests.cs(53,10): error CS0246: The type or namespace name 'TestCaseAttribute' could not be found (are you missing a using directive or an assembly reference?)
C:\gh\azure-sdk-for-net\sdk\extensions\Azure.Extensions.AspNetCore.DataProtection.Keys\tests\TypeForwardingActivatorTests.cs(53,10): error CS0246: The type or namespace name 'TestCase' could not be found (are you missing a using directive or an assembly reference?)
C:\gh\azure-sdk-for-net\sdk\extensions\Azure.Extensions.AspNetCore.DataProtection.Keys\tests\TypeForwardingActivatorTests.cs(54,10): error CS0246: The type or namespace name 'TestCaseAttribute' could not be found (are you missing a using directive or an assembly reference?)
C:\gh\azure-sdk-for-net\sdk\extensions\Azure.Extensions.AspNetCore.DataProtection.Keys\tests\TypeForwardingActivatorTests.cs(54,10): error CS0246: The type or namespace name 'TestCase' could not be found (are you missing a using directive or an assembly reference?)
C:\gh\azure-sdk-for-net\sdk\extensions\Azure.Extensions.AspNetCore.DataProtection.Keys\tests\TypeForwardingActivatorTests.cs(55,10): error CS0246: The type or namespace name 'TestCaseAttribute' could not be found (are you missing a using directive or an assembly reference?)
C:\gh\azure-sdk-for-net\sdk\extensions\Azure.Extensions.AspNetCore.DataProtection.Keys\tests\TypeForwardingActivatorTests.cs(55,10): error CS0246: The type or namespace name 'TestCase' could not be found (are you missing a using directive or an assembly reference?)
C:\gh\azure-sdk-for-net\sdk\extensions\Azure.Extensions.AspNetCore.DataProtection.Keys\tests\TypeForwardingActivatorTests.cs(56,10): error CS0246: The type or namespace name 'TestCaseAttribute' could not be found (are you missing a using directive or an assembly reference?)
C:\gh\azure-sdk-for-net\sdk\extensions\Azure.Extensions.AspNetCore.DataProtection.Keys\tests\TypeForwardingActivatorTests.cs(56,10): error CS0246: The type or namespace name 'TestCase' could not be found (are you missing a using directive or an assembly reference?)
C:\gh\azure-sdk-for-net\sdk\extensions\Azure.Extensions.AspNetCore.DataProtection.Keys\tests\TypeForwardingActivatorTests.cs(57,10): error CS0246: The type or namespace name 'TestCaseAttribute' could not be found (are you missing a using directive or an assembly reference?)
C:\gh\azure-sdk-for-net\sdk\extensions\Azure.Extensions.AspNetCore.DataProtection.Keys\tests\TypeForwardingActivatorTests.cs(57,10): error CS0246: The type or namespace name 'TestCase' could not be found (are you missing a using directive or an assembly reference?)
C:\gh\azure-sdk-for-net\sdk\extensions\Azure.Extensions.AspNetCore.DataProtection.Keys\tests\TypeForwardingActivatorTests.cs(68,10): error CS0246: The type or namespace name 'TestCaseAttribute' could not be found (are you missing a using directive or an assembly reference?)
C:\gh\azure-sdk-for-net\sdk\extensions\Azure.Extensions.AspNetCore.DataProtection.Keys\tests\TypeForwardingActivatorTests.cs(68,10): error CS0246: The type or namespace name 'TestCase' could not be found (are you missing a using directive or an assembly reference?)
C:\gh\azure-sdk-for-net\sdk\extensions\Azure.Extensions.AspNetCore.DataProtection.Keys\tests\TypeForwardingActivatorTests.cs(69,10): error CS0246: The type or namespace name 'TestCaseAttribute' could not be found (are you missing a using directive or an assembly reference?)
C:\gh\azure-sdk-for-net\sdk\extensions\Azure.Extensions.AspNetCore.DataProtection.Keys\tests\TypeForwardingActivatorTests.cs(69,10): error CS0246: The type or namespace name 'TestCase' could not be found (are you missing a using directive or an assembly reference?)
C:\gh\azure-sdk-for-net\sdk\extensions\Azure.Extensions.AspNetCore.DataProtection.Keys\tests\TypeForwardingActivatorTests.cs(80,10): error CS0246: The type or namespace name 'TestCaseAttribute' could not be found (are you missing a using directive or an assembly reference?)
C:\gh\azure-sdk-for-net\sdk\extensions\Azure.Extensions.AspNetCore.DataProtection.Keys\tests\TypeForwardingActivatorTests.cs(80,10): error CS0246: The type or namespace name 'TestCase' could not be found (are you missing a using directive or an assembly reference?)
C:\gh\azure-sdk-for-net\sdk\extensions\Azure.Extensions.AspNetCore.DataProtection.Keys\tests\TypeForwardingActivatorTests.cs(83,10): error CS0246: The type or namespace name 'TestCaseAttribute' could not be found (are you missing a using directive or an assembly reference?)
C:\gh\azure-sdk-for-net\sdk\extensions\Azure.Extensions.AspNetCore.DataProtection.Keys\tests\TypeForwardingActivatorTests.cs(83,10): error CS0246: The type or namespace name 'TestCase' could not be found (are you missing a using directive or an assembly reference?)
C:\gh\azure-sdk-for-net\sdk\extensions\Azure.Extensions.AspNetCore.DataProtection.Keys\tests\TypeForwardingActivatorTests.cs(86,10): error CS0246: The type or namespace name 'TestCaseAttribute' could not be found (are you missing a using directive or an assembly reference?)
C:\gh\azure-sdk-for-net\sdk\extensions\Azure.Extensions.AspNetCore.DataProtection.Keys\tests\TypeForwardingActivatorTests.cs(86,10): error CS0246: The type or namespace name 'TestCase' could not be found (are you missing a using directive or an assembly reference?)
C:\gh\azure-sdk-for-net\sdk\extensions\Azure.Extensions.AspNetCore.DataProtection.Keys\tests\TypeForwardingActivatorTests.cs(94,10): error CS0246: The type or namespace name 'TestCaseAttribute' could not be found (are you missing a using directive or an assembly reference?)
C:\gh\azure-sdk-for-net\sdk\extensions\Azure.Extensions.AspNetCore.DataProtection.Keys\tests\TypeForwardingActivatorTests.cs(94,10): error CS0246: The type or namespace name 'TestCase' could not be found (are you missing a using directive or an assembly reference?)
C:\gh\azure-sdk-for-net\sdk\extensions\Azure.Extensions.AspNetCore.DataProtection.Keys\tests\TypeForwardingActivatorTests.cs(95,10): error CS0246: The type or namespace name 'TestCaseAttribute' could not be found (are you missing a using directive or an assembly reference?)
C:\gh\azure-sdk-for-net\sdk\extensions\Azure.Extensions.AspNetCore.DataProtection.Keys\tests\TypeForwardingActivatorTests.cs(95,10): error CS0246: The type or namespace name 'TestCase' could not be found (are you missing a using directive or an assembly reference?)
C:\gh\azure-sdk-for-net\sdk\extensions\Azure.Extensions.AspNetCore.DataProtection.Keys\tests\TypeForwardingActivatorTests.cs(95,26): error CS0246: The type or namespace name 'TestAttribute' could not be found (are you missing a using directive or an assembly reference?)
C:\gh\azure-sdk-for-net\sdk\extensions\Azure.Extensions.AspNetCore.DataProtection.Keys\tests\TypeForwardingActivatorTests.cs(102,10): error CS0246: The type or namespace name 'TestCaseSourceAttribute' could not be found (are you missing a using directive or an assembly reference?)
C:\gh\azure-sdk-for-net\sdk\extensions\Azure.Extensions.AspNetCore.DataProtection.Keys\tests\TypeForwardingActivatorTests.cs(102,10): error CS0246: The type or namespace name 'TestCaseSource' could not be found (are you missing a using directive or an assembly reference?)
C:\gh\azure-sdk-for-net\sdk\extensions\Azure.Extensions.AspNetCore.DataProtection.Keys\tests\Snippets.cs(20,76): error CS0246: The type or namespace name 'DefaultAzureCredential' could not be found (are you missing a using directive or an assembly reference?)
C:\gh\azure-sdk-for-net\sdk\extensions\Azure.Extensions.AspNetCore.DataProtection.Keys\tests\TypeForwardingActivatorTests.cs(22,41): error CS0246: The type or namespace name 'ServiceCollection' could not be found (are you missing a using directive or an assembly reference?)
C:\gh\azure-sdk-for-net\sdk\extensions\Azure.Extensions.AspNetCore.DataProtection.Keys\tests\TypeForwardingActivatorTests.cs(23,113): error CS0246: The type or namespace name 'DefaultAzureCredential' could not be found (are you missing a using directive or an assembly reference?)
C:\gh\azure-sdk-for-net\sdk\extensions\Azure.Extensions.AspNetCore.DataProtection.Keys\tests\TypeForwardingActivatorTests.cs(25,57): error CS0246: The type or namespace name 'IActivator' could not be found (are you missing a using directive or an assembly reference?)
C:\gh\azure-sdk-for-net\sdk\extensions\Azure.Extensions.AspNetCore.DataProtection.Keys\tests\TypeForwardingActivatorTests.cs(32,13): error CS0103: The name 'Assert' does not exist in the current context
C:\gh\azure-sdk-for-net\sdk\extensions\Azure.Extensions.AspNetCore.DataProtection.Keys\tests\TypeForwardingActivatorTests.cs(32,81): error CS0122: 'AzureKeyVaultXmlDecryptor' is inaccessible due to its protection level
C:\gh\azure-sdk-for-net\sdk\extensions\Azure.Extensions.AspNetCore.DataProtection.Keys\tests\TypeForwardingActivatorTests.cs(39,41): error CS0246: The type or namespace name 'ServiceCollection' could not be found (are you missing a using directive or an assembly reference?)
C:\gh\azure-sdk-for-net\sdk\extensions\Azure.Extensions.AspNetCore.DataProtection.Keys\tests\TypeForwardingActivatorTests.cs(42,57): error CS0246: The type or namespace name 'IActivator' could not be found (are you missing a using directive or an assembly reference?)
C:\gh\azure-sdk-for-net\sdk\extensions\Azure.Extensions.AspNetCore.DataProtection.Keys\tests\TypeForwardingActivatorTests.cs(46,29): error CS0103: The name 'Assert' does not exist in the current context
C:\gh\azure-sdk-for-net\sdk\extensions\Azure.Extensions.AspNetCore.DataProtection.Keys\tests\TypeForwardingActivatorTests.cs(48,13): error CS0103: The name 'StringAssert' does not exist in the current context
C:\gh\azure-sdk-for-net\sdk\extensions\Azure.Extensions.AspNetCore.DataProtection.Keys\tests\TypeForwardingActivatorTests.cs(61,33): error CS0122: 'DecryptorTypeForwardingActivator' is inaccessible due to its protection level
C:\gh\azure-sdk-for-net\sdk\extensions\Azure.Extensions.AspNetCore.DataProtection.Keys\tests\TypeForwardingActivatorTests.cs(61,33): error CS0518: Predefined type 'System.Void' is not defined or imported
C:\gh\azure-sdk-for-net\sdk\extensions\Azure.Extensions.AspNetCore.DataProtection.Keys\tests\TypeForwardingActivatorTests.cs(65,13): error CS0103: The name 'Assert' does not exist in the current context
C:\gh\azure-sdk-for-net\sdk\extensions\Azure.Extensions.AspNetCore.DataProtection.Keys\tests\TypeForwardingActivatorTests.cs(65,49): error CS0246: The type or namespace name 'IActivator' could not be found (are you missing a using directive or an assembly reference?)
C:\gh\azure-sdk-for-net\sdk\extensions\Azure.Extensions.AspNetCore.DataProtection.Keys\tests\TypeForwardingActivatorTests.cs(65,49): error CS0122: 'DecryptorTypeForwardingActivator.CreateInstance(Type, string)' is inaccessible due to its protection level
C:\gh\azure-sdk-for-net\sdk\extensions\Azure.Extensions.AspNetCore.DataProtection.Keys\tests\TypeForwardingActivatorTests.cs(73,33): error CS0122: 'DecryptorTypeForwardingActivator' is inaccessible due to its protection level
C:\gh\azure-sdk-for-net\sdk\extensions\Azure.Extensions.AspNetCore.DataProtection.Keys\tests\TypeForwardingActivatorTests.cs(73,33): error CS0518: Predefined type 'System.Void' is not defined or imported
C:\gh\azure-sdk-for-net\sdk\extensions\Azure.Extensions.AspNetCore.DataProtection.Keys\tests\TypeForwardingActivatorTests.cs(77,13): error CS0103: The name 'Assert' does not exist in the current context
C:\gh\azure-sdk-for-net\sdk\extensions\Azure.Extensions.AspNetCore.DataProtection.Keys\tests\TypeForwardingActivatorTests.cs(91,13): error CS0103: The name 'Assert' does not exist in the current context
C:\gh\azure-sdk-for-net\sdk\extensions\Azure.Extensions.AspNetCore.DataProtection.Keys\tests\TypeForwardingActivatorTests.cs(98,17): error CS0122: 'DecryptorTypeForwardingActivator' is inaccessible due to its protection level
C:\gh\azure-sdk-for-net\sdk\extensions\Azure.Extensions.AspNetCore.DataProtection.Keys\tests\TypeForwardingActivatorTests.cs(98,17): error CS0518: Predefined type 'System.Void' is not defined or imported
C:\gh\azure-sdk-for-net\sdk\extensions\Azure.Extensions.AspNetCore.DataProtection.Keys\tests\TypeForwardingActivatorTests.cs(98,56): error CS0246: The type or namespace name 'IActivator' could not be found (are you missing a using directive or an assembly reference?)
C:\gh\azure-sdk-for-net\sdk\extensions\Azure.Extensions.AspNetCore.DataProtection.Keys\tests\TypeForwardingActivatorTests.cs(99,13): error CS0103: The name 'Assert' does not exist in the current context
C:\gh\azure-sdk-for-net\sdk\extensions\Azure.Extensions.AspNetCore.DataProtection.Keys\tests\DataProtectionKeysFunctionalTests.cs(25,30): error CS0246: The type or namespace name 'KeyClient' could not be found (are you missing a using directive or an assembly reference?)
C:\gh\azure-sdk-for-net\sdk\extensions\Azure.Extensions.AspNetCore.DataProtection.Keys\tests\DataProtectionKeysFunctionalTests.cs(25,94): error CS0012: The type 'TokenCredential' is defined in an assembly that is not referenced. You must add a reference to assembly 'Azure.Core, Version=1.4.1.0, Culture=neutral, PublicKeyToken=92742159e12e44c8'.
C:\gh\azure-sdk-for-net\sdk\extensions\Azure.Extensions.AspNetCore.DataProtection.Keys\tests\DataProtectionKeysFunctionalTests.cs(26,72): error CS0103: The name 'KeyType' does not exist in the current context
C:\gh\azure-sdk-for-net\sdk\extensions\Azure.Extensions.AspNetCore.DataProtection.Keys\tests\DataProtectionKeysFunctionalTests.cs(28,41): error CS0246: The type or namespace name 'ServiceCollection' could not be found (are you missing a using directive or an assembly reference?)
C:\gh\azure-sdk-for-net\sdk\extensions\Azure.Extensions.AspNetCore.DataProtection.Keys\tests\DataProtectionKeysFunctionalTests.cs(32,110): error CS0012: The type 'TokenCredential' is defined in an assembly that is not referenced. You must add a reference to assembly 'Azure.Core, Version=1.4.1.0, Culture=neutral, PublicKeyToken=92742159e12e44c8'.
C:\gh\azure-sdk-for-net\sdk\extensions\Azure.Extensions.AspNetCore.DataProtection.Keys\tests\DataProtectionKeysFunctionalTests.cs(34,41): error CS0246: The type or namespace name 'KeyManagementOptions' could not be found (are you missing a using directive or an assembly reference?)
C:\gh\azure-sdk-for-net\sdk\extensions\Azure.Extensions.AspNetCore.DataProtection.Keys\tests\DataProtectionKeysFunctionalTests.cs(41,53): error CS0246: The type or namespace name 'IDataProtectionProvider' could not be found (are you missing a using directive or an assembly reference?)
C:\gh\azure-sdk-for-net\sdk\extensions\Azure.Extensions.AspNetCore.DataProtection.Keys\tests\DataProtectionKeysFunctionalTests.cs(45,67): error CS0246: The type or namespace name 'IDataProtectionProvider' could not be found (are you missing a using directive or an assembly reference?)
C:\gh\azure-sdk-for-net\sdk\extensions\Azure.Extensions.AspNetCore.DataProtection.Keys\tests\DataProtectionKeysFunctionalTests.cs(48,13): error CS0103: The name 'Assert' does not exist in the current context
C:\gh\azure-sdk-for-net\sdk\extensions\Azure.Extensions.AspNetCore.DataProtection.Keys\tests\DataProtectionKeysFunctionalTests.cs(54,17): error CS0103: The name 'StringAssert' does not exist in the current context
C:\gh\azure-sdk-for-net\sdk\extensions\Azure.Extensions.AspNetCore.DataProtection.Keys\tests\TypeForwardingActivatorTests.cs(110,33): error CS0122: 'DecryptorTypeForwardingActivator' is inaccessible due to its protection level
C:\gh\azure-sdk-for-net\sdk\extensions\Azure.Extensions.AspNetCore.DataProtection.Keys\tests\TypeForwardingActivatorTests.cs(110,33): error CS0518: Predefined type 'System.Void' is not defined or imported
C:\gh\azure-sdk-for-net\sdk\extensions\Azure.Extensions.AspNetCore.DataProtection.Keys\tests\TypeForwardingActivatorTests.cs(119,13): error CS0103: The name 'Assert' does not exist in the current context
C:\gh\azure-sdk-for-net\sdk\extensions\Azure.Extensions.AspNetCore.DataProtection.Keys\tests\TypeForwardingActivatorTests.cs(120,13): error CS0103: The name 'Assert' does not exist in the current context
C:\gh\azure-sdk-for-net\sdk\extensions\Azure.Extensions.AspNetCore.DataProtection.Keys\tests\TypeForwardingActivatorTests.cs(120,71): error CS0246: The type or namespace name 'IActivator' could not be found (are you missing a using directive or an assembly reference?)
C:\gh\azure-sdk-for-net\sdk\extensions\Azure.Extensions.AspNetCore.DataProtection.Keys\tests\TypeForwardingActivatorTests.cs(120,71): error CS0122: 'DecryptorTypeForwardingActivator.CreateInstance(Type, string)' is inaccessible due to its protection level
C:\gh\azure-sdk-for-net\sdk\extensions\Azure.Extensions.AspNetCore.DataProtection.Keys\tests\TypeForwardingActivatorTests.cs(121,13): error CS0103: The name 'Assert' does not exist in the current context
C:\gh\azure-sdk-for-net\sdk\extensions\Azure.Extensions.AspNetCore.DataProtection.Keys\tests\AzureKeyVaultXmlEncryptorTests.cs(21,31): error CS0246: The type or namespace name 'Mock<>' could not be found (are you missing a using directive or an assembly reference?)
C:\gh\azure-sdk-for-net\sdk\extensions\Azure.Extensions.AspNetCore.DataProtection.Keys\tests\AzureKeyVaultXmlEncryptorTests.cs(21,36): error CS0246: The type or namespace name 'IKeyEncryptionKey' could not be found (are you missing a using directive or an assembly reference?)
C:\gh\azure-sdk-for-net\sdk\extensions\Azure.Extensions.AspNetCore.DataProtection.Keys\tests\AzureKeyVaultXmlEncryptorTests.cs(21,55): error CS0103: The name 'MockBehavior' does not exist in the current context
C:\gh\azure-sdk-for-net\sdk\extensions\Azure.Extensions.AspNetCore.DataProtection.Keys\tests\AzureKeyVaultXmlEncryptorTests.cs(23,42): error CS0246: The type or namespace name 'ReadOnlyMemory<>' could not be found (are you missing a using directive or an assembly reference?)
C:\gh\azure-sdk-for-net\sdk\extensions\Azure.Extensions.AspNetCore.DataProtection.Keys\tests\AzureKeyVaultXmlEncryptorTests.cs(28,28): error CS0246: The type or namespace name 'Mock<>' could not be found (are you missing a using directive or an assembly reference?)
C:\gh\azure-sdk-for-net\sdk\extensions\Azure.Extensions.AspNetCore.DataProtection.Keys\tests\AzureKeyVaultXmlEncryptorTests.cs(28,33): error CS0246: The type or namespace name 'IKeyEncryptionKeyResolver' could not be found (are you missing a using directive or an assembly reference?)
C:\gh\azure-sdk-for-net\sdk\extensions\Azure.Extensions.AspNetCore.DataProtection.Keys\tests\AzureKeyVaultXmlEncryptorTests.cs(33,33): error CS0122: 'AzureKeyVaultXmlEncryptor' is inaccessible due to its protection level
C:\gh\azure-sdk-for-net\sdk\extensions\Azure.Extensions.AspNetCore.DataProtection.Keys\tests\AzureKeyVaultXmlEncryptorTests.cs(33,33): error CS0518: Predefined type 'System.Void' is not defined or imported
C:\gh\azure-sdk-for-net\sdk\extensions\Azure.Extensions.AspNetCore.DataProtection.Keys\tests\AzureKeyVaultXmlEncryptorTests.cs(34,36): error CS0246: The type or namespace name 'IXmlEncryptor' could not be found (are you missing a using directive or an assembly reference?)
C:\gh\azure-sdk-for-net\sdk\extensions\Azure.Extensions.AspNetCore.DataProtection.Keys\tests\AzureKeyVaultXmlEncryptorTests.cs(34,36): error CS0122: 'AzureKeyVaultXmlEncryptor.Encrypt(XElement)' is inaccessible due to its protection level
C:\gh\azure-sdk-for-net\sdk\extensions\Azure.Extensions.AspNetCore.DataProtection.Keys\tests\AzureKeyVaultXmlEncryptorTests.cs(40,13): error CS0103: The name 'Assert' does not exist in the current context
C:\gh\azure-sdk-for-net\sdk\extensions\Azure.Extensions.AspNetCore.DataProtection.Keys\tests\AzureKeyVaultXmlEncryptorTests.cs(41,13): error CS0103: The name 'Assert' does not exist in the current context
C:\gh\azure-sdk-for-net\sdk\extensions\Azure.Extensions.AspNetCore.DataProtection.Keys\tests\AzureKeyVaultXmlEncryptorTests.cs(42,13): error CS0103: The name 'Assert' does not exist in the current context
C:\gh\azure-sdk-for-net\sdk\extensions\Azure.Extensions.AspNetCore.DataProtection.Keys\tests\AzureKeyVaultXmlEncryptorTests.cs(42,36): error CS0122: 'AzureKeyVaultXmlDecryptor' is inaccessible due to its protection level
C:\gh\azure-sdk-for-net\sdk\extensions\Azure.Extensions.AspNetCore.DataProtection.Keys\tests\AzureKeyVaultXmlEncryptorTests.cs(43,13): error CS0103: The name 'Assert' does not exist in the current context
C:\gh\azure-sdk-for-net\sdk\extensions\Azure.Extensions.AspNetCore.DataProtection.Keys\tests\AzureKeyVaultXmlEncryptorTests.cs(44,13): error CS0103: The name 'Assert' does not exist in the current context
C:\gh\azure-sdk-for-net\sdk\extensions\Azure.Extensions.AspNetCore.DataProtection.Keys\tests\AzureKeyVaultXmlEncryptorTests.cs(45,13): error CS0103: The name 'Assert' does not exist in the current context
C:\gh\azure-sdk-for-net\sdk\extensions\Azure.Extensions.AspNetCore.DataProtection.Keys\tests\AzureKeyVaultXmlEncryptorTests.cs(46,13): error CS0103: The name 'Assert' does not exist in the current context
C:\gh\azure-sdk-for-net\sdk\extensions\Azure.Extensions.AspNetCore.DataProtection.Keys\tests\TypeForwardingActivatorTests.cs(141,52): error CS0518: Predefined type 'System.Void' is not defined or imported
C:\gh\azure-sdk-for-net\sdk\extensions\Azure.Extensions.AspNetCore.DataProtection.Keys\tests\TypeForwardingActivatorTests.cs(141,52): error CS1729: 'DecryptorTypeForwardingActivator' does not contain a constructor that takes 1 arguments
C:\gh\azure-sdk-for-net\sdk\extensions\Azure.Extensions.AspNetCore.DataProtection.Keys\tests\TypeForwardingActivatorTests.cs(142,53): error CS0103: The name 'RemoveVersionFromAssemblyName' does not exist in the current context
C:\gh\azure-sdk-for-net\sdk\extensions\Azure.Extensions.AspNetCore.DataProtection.Keys\tests\DataProtectionKeysFunctionalTests.cs(61,30): error CS0246: The type or namespace name 'KeyClient' could not be found (are you missing a using directive or an assembly reference?)
C:\gh\azure-sdk-for-net\sdk\extensions\Azure.Extensions.AspNetCore.DataProtection.Keys\tests\DataProtectionKeysFunctionalTests.cs(61,94): error CS0012: The type 'TokenCredential' is defined in an assembly that is not referenced. You must add a reference to assembly 'Azure.Core, Version=1.4.1.0, Culture=neutral, PublicKeyToken=92742159e12e44c8'.
C:\gh\azure-sdk-for-net\sdk\extensions\Azure.Extensions.AspNetCore.DataProtection.Keys\tests\DataProtectionKeysFunctionalTests.cs(62,73): error CS0103: The name 'KeyType' does not exist in the current context
C:\gh\azure-sdk-for-net\sdk\extensions\Azure.Extensions.AspNetCore.DataProtection.Keys\tests\DataProtectionKeysFunctionalTests.cs(64,41): error CS0246: The type or namespace name 'ServiceCollection' could not be found (are you missing a using directive or an assembly reference?)
C:\gh\azure-sdk-for-net\sdk\extensions\Azure.Extensions.AspNetCore.DataProtection.Keys\tests\DataProtectionKeysFunctionalTests.cs(68,13): error CS0103: The name 'AzureDataProtectionBuilderExtensions' does not exist in the current context
C:\gh\azure-sdk-for-net\sdk\extensions\Azure.Extensions.AspNetCore.DataProtection.Keys\tests\DataProtectionKeysFunctionalTests.cs(74,41): error CS0246: The type or namespace name 'KeyManagementOptions' could not be found (are you missing a using directive or an assembly reference?)
C:\gh\azure-sdk-for-net\sdk\extensions\Azure.Extensions.AspNetCore.DataProtection.Keys\tests\DataProtectionKeysFunctionalTests.cs(81,44): error CS0246: The type or namespace name 'ServiceCollection' could not be found (are you missing a using directive or an assembly reference?)
C:\gh\azure-sdk-for-net\sdk\extensions\Azure.Extensions.AspNetCore.DataProtection.Keys\tests\DataProtectionKeysFunctionalTests.cs(82,113): error CS0012: The type 'TokenCredential' is defined in an assembly that is not referenced. You must add a reference to assembly 'Azure.Core, Version=1.4.1.0, Culture=neutral, PublicKeyToken=92742159e12e44c8'.
C:\gh\azure-sdk-for-net\sdk\extensions\Azure.Extensions.AspNetCore.DataProtection.Keys\tests\DataProtectionKeysFunctionalTests.cs(83,44): error CS0246: The type or namespace name 'KeyManagementOptions' could not be found (are you missing a using directive or an assembly reference?)
C:\gh\azure-sdk-for-net\sdk\extensions\Azure.Extensions.AspNetCore.DataProtection.Keys\tests\DataProtectionKeysFunctionalTests.cs(88,56): error CS0246: The type or namespace name 'IDataProtectionProvider' could not be found (are you missing a using directive or an assembly reference?)
C:\gh\azure-sdk-for-net\sdk\extensions\Azure.Extensions.AspNetCore.DataProtection.Keys\tests\DataProtectionKeysFunctionalTests.cs(92,68): error CS0246: The type or namespace name 'IDataProtectionProvider' could not be found (are you missing a using directive or an assembly reference?)
C:\gh\azure-sdk-for-net\sdk\extensions\Azure.Extensions.AspNetCore.DataProtection.Keys\tests\DataProtectionKeysFunctionalTests.cs(95,13): error CS0103: The name 'Assert' does not exist in the current context
C:\gh\azure-sdk-for-net\sdk\extensions\Azure.Extensions.AspNetCore.DataProtection.Keys\tests\DataProtectionKeysFunctionalTests.cs(101,17): error CS0103: The name 'StringAssert' does not exist in the current context
C:\gh\azure-sdk-for-net\sdk\extensions\Azure.Extensions.AspNetCore.DataProtection.Keys\tests\AzureKeyVaultXmlEncryptorTests.cs(52,31): error CS0246: The type or namespace name 'Mock<>' could not be found (are you missing a using directive or an assembly reference?)
C:\gh\azure-sdk-for-net\sdk\extensions\Azure.Extensions.AspNetCore.DataProtection.Keys\tests\AzureKeyVaultXmlEncryptorTests.cs(52,36): error CS0246: The type or namespace name 'IKeyEncryptionKey' could not be found (are you missing a using directive or an assembly reference?)
C:\gh\azure-sdk-for-net\sdk\extensions\Azure.Extensions.AspNetCore.DataProtection.Keys\tests\AzureKeyVaultXmlEncryptorTests.cs(52,55): error CS0103: The name 'MockBehavior' does not exist in the current context
C:\gh\azure-sdk-for-net\sdk\extensions\Azure.Extensions.AspNetCore.DataProtection.Keys\tests\AzureKeyVaultXmlEncryptorTests.cs(54,42): error CS0246: The type or namespace name 'ReadOnlyMemory<>' could not be found (are you missing a using directive or an assembly reference?)
C:\gh\azure-sdk-for-net\sdk\extensions\Azure.Extensions.AspNetCore.DataProtection.Keys\tests\AzureKeyVaultXmlEncryptorTests.cs(57,28): error CS0246: The type or namespace name 'Mock<>' could not be found (are you missing a using directive or an assembly reference?)
C:\gh\azure-sdk-for-net\sdk\extensions\Azure.Extensions.AspNetCore.DataProtection.Keys\tests\AzureKeyVaultXmlEncryptorTests.cs(57,33): error CS0246: The type or namespace name 'IKeyEncryptionKeyResolver' could not be found (are you missing a using directive or an assembly reference?)
C:\gh\azure-sdk-for-net\sdk\extensions\Azure.Extensions.AspNetCore.DataProtection.Keys\tests\AzureKeyVaultXmlEncryptorTests.cs(62,41): error CS0246: The type or namespace name 'ServiceCollection' could not be found (are you missing a using directive or an assembly reference?)
C:\gh\azure-sdk-for-net\sdk\extensions\Azure.Extensions.AspNetCore.DataProtection.Keys\tests\AzureKeyVaultXmlEncryptorTests.cs(65,33): error CS0122: 'AzureKeyVaultXmlDecryptor' is inaccessible due to its protection level
C:\gh\azure-sdk-for-net\sdk\extensions\Azure.Extensions.AspNetCore.DataProtection.Keys\tests\AzureKeyVaultXmlEncryptorTests.cs(65,33): error CS0518: Predefined type 'System.Void' is not defined or imported
C:\gh\azure-sdk-for-net\sdk\extensions\Azure.Extensions.AspNetCore.DataProtection.Keys\tests\AzureKeyVaultXmlEncryptorTests.cs(67,36): error CS0246: The type or namespace name 'IXmlDecryptor' could not be found (are you missing a using directive or an assembly reference?)
C:\gh\azure-sdk-for-net\sdk\extensions\Azure.Extensions.AspNetCore.DataProtection.Keys\tests\AzureKeyVaultXmlEncryptorTests.cs(67,36): error CS0122: 'AzureKeyVaultXmlDecryptor.Decrypt(XElement)' is inaccessible due to its protection level
C:\gh\azure-sdk-for-net\sdk\extensions\Azure.Extensions.AspNetCore.DataProtection.Keys\tests\AzureKeyVaultXmlEncryptorTests.cs(76,13): error CS0103: The name 'Assert' does not exist in the current context
C:\gh\azure-sdk-for-net\sdk\extensions\Azure.Extensions.AspNetCore.DataProtection.Keys\tests\AzureKeyVaultXmlEncryptorTests.cs(77,13): error CS0103: The name 'Assert' does not exist in the current context
C:\gh\azure-sdk-for-net\sdk\extensions\Azure.Extensions.AspNetCore.DataProtection.Keys\tests\AzureKeyVaultXmlEncryptorTests.cs(9,1): hidden CS8019: Unnecessary using directive.
C:\gh\azure-sdk-for-net\sdk\extensions\Azure.Extensions.AspNetCore.DataProtection.Keys\tests\AzureKeyVaultXmlEncryptorTests.cs(10,1): hidden CS8019: Unnecessary using directive.
C:\gh\azure-sdk-for-net\sdk\extensions\Azure.Extensions.AspNetCore.DataProtection.Keys\tests\DataProtectionKeysFunctionalTests.cs(11,1): hidden CS8019: Unnecessary using directive.
C:\gh\azure-sdk-for-net\sdk\extensions\Azure.Extensions.AspNetCore.DataProtection.Keys\tests\TypeForwardingActivatorTests.cs(11,1): hidden CS8019: Unnecessary using directive.
C:\gh\azure-sdk-for-net\sdk\extensions\Azure.Extensions.AspNetCore.DataProtection.Keys\tests\TypeForwardingActivatorTests.cs(12,1): hidden CS8019: Unnecessary using directive.
C:\gh\azure-sdk-for-net\sdk\extensions\Azure.Extensions.AspNetCore.DataProtection.Keys\tests\DataProtectionKeysFunctionalTests.cs(13,1): hidden CS8019: Unnecessary using directive.
C:\gh\azure-sdk-for-net\sdk\extensions\Azure.Extensions.AspNetCore.DataProtection.Keys\tests\DataProtectionKeysFunctionalTests.cs(9,1): hidden CS8019: Unnecessary using directive.
C:\gh\azure-sdk-for-net\sdk\extensions\Azure.Extensions.AspNetCore.DataProtection.Keys\tests\DataProtectionKeysFunctionalTests.cs(14,1): hidden CS8019: Unnecessary using directive.
C:\gh\azure-sdk-for-net\artifacts\obj\Azure.Extensions.AspNetCore.DataProtection.Keys.Tests\Debug\net461\Azure.Extensions.AspNetCore.DataProtection.Keys.Tests.AssemblyInfo.cs(11,1): hidden CS8019: Unnecessary using directive.
C:\gh\azure-sdk-for-net\sdk\extensions\Azure.Extensions.AspNetCore.DataProtection.Keys\tests\AzureKeyVaultXmlEncryptorTests.cs(11,1): hidden CS8019: Unnecessary using directive.
C:\gh\azure-sdk-for-net\sdk\extensions\Azure.Extensions.AspNetCore.DataProtection.Keys\tests\Snippets.cs(5,1): hidden CS8019: Unnecessary using directive.
C:\gh\azure-sdk-for-net\artifacts\obj\Azure.Extensions.AspNetCore.DataProtection.Keys.Tests\Debug\net461\.NETFramework,Version=v4.6.1.AssemblyAttributes.cs(2,1): hidden CS8019: Unnecessary using directive.
C:\gh\azure-sdk-for-net\sdk\extensions\Azure.Extensions.AspNetCore.DataProtection.Keys\tests\TypeForwardingActivatorTests.cs(8,1): hidden CS8019: Unnecessary using directive.
C:\gh\azure-sdk-for-net\sdk\extensions\Azure.Extensions.AspNetCore.DataProtection.Keys\tests\DataProtectionKeysFunctionalTests.cs(15,1): hidden CS8019: Unnecessary using directive.
C:\gh\azure-sdk-for-net\sdk\extensions\Azure.Extensions.AspNetCore.DataProtection.Keys\tests\Snippets.cs(7,1): hidden CS8019: Unnecessary using directive.
C:\gh\azure-sdk-for-net\sdk\extensions\Azure.Extensions.AspNetCore.DataProtection.Keys\tests\DataProtectionKeysFunctionalTests.cs(16,1): hidden CS8019: Unnecessary using directive.
C:\gh\azure-sdk-for-net\artifacts\obj\Azure.Extensions.AspNetCore.DataProtection.Keys.Tests\Debug\net461\.NETFramework,Version=v4.6.1.AssemblyAttributes.cs(3,1): hidden CS8019: Unnecessary using directive.
C:\gh\azure-sdk-for-net\sdk\extensions\Azure.Extensions.AspNetCore.DataProtection.Keys\tests\TypeForwardingActivatorTests.cs(10,1): hidden CS8019: Unnecessary using directive.
C:\gh\azure-sdk-for-net\sdk\extensions\Azure.Extensions.AspNetCore.DataProtection.Keys\tests\AzureKeyVaultXmlEncryptorTests.cs(4,1): hidden CS8019: Unnecessary using directive.
C:\gh\azure-sdk-for-net\artifacts\obj\Azure.Extensions.AspNetCore.DataProtection.Keys.Tests\Debug\net461\Azure.Extensions.AspNetCore.DataProtection.Keys.Tests.AssemblyInfo.cs(12,1): hidden CS8019: Unnecessary using directive.
C:\gh\azure-sdk-for-net\sdk\extensions\Azure.Extensions.AspNetCore.DataProtection.Keys\tests\DataProtectionKeysFunctionalTests.cs(10,1): hidden CS8019: Unnecessary using directive.
C:\gh\azure-sdk-for-net\sdk\extensions\Azure.Extensions.AspNetCore.DataProtection.Keys\tests\AzureKeyVaultXmlEncryptorTests.cs(12,1): hidden CS8019: Unnecessary using directive.
