C:\gh\azure-sdk-for-net\sdk\textanalytics\Azure.AI.TextAnalytics\tests\AnalyzeOperationTests.cs(13,66): error CS0117: 'TextAnalyticsClientOptions.ServiceVersion' does not contain a definition for 'V3_1_Preview_5'
C:\gh\azure-sdk-for-net\sdk\textanalytics\Azure.AI.TextAnalytics\tests\Infrastructure\TextAnalyticsClientLiveTestBase.cs(11,47): error CS0117: 'TextAnalyticsClientOptions.ServiceVersion' does not contain a definition for 'V3_1_Preview_5'
C:\gh\azure-sdk-for-net\sdk\textanalytics\Azure.AI.TextAnalytics\tests\RecognizeHealthcareEntitiesTests.cs(13,66): error CS0117: 'TextAnalyticsClientOptions.ServiceVersion' does not contain a definition for 'V3_1_Preview_5'
C:\gh\azure-sdk-for-net\sdk\textanalytics\Azure.AI.TextAnalytics\tests\AnalyzeSentimentTests.cs(343,73): error CS0117: 'TextAnalyticsClientOptions.ServiceVersion' does not contain a definition for 'V3_1_Preview_5'
C:\gh\azure-sdk-for-net\sdk\textanalytics\Azure.AI.TextAnalytics\tests\RecognizePiiEntitiesTests.cs(13,66): error CS0117: 'TextAnalyticsClientOptions.ServiceVersion' does not contain a definition for 'V3_1_Preview_5'
C:\gh\azure-sdk-for-net\sdk\textanalytics\Azure.AI.TextAnalytics\tests\AnalyzeSentimentTests.cs(165,73): error CS0117: 'TextAnalyticsClientOptions.ServiceVersion' does not contain a definition for 'V3_1_Preview_5'
C:\gh\azure-sdk-for-net\sdk\textanalytics\Azure.AI.TextAnalytics\tests\AnalyzeSentimentTests.cs(106,73): error CS0117: 'TextAnalyticsClientOptions.ServiceVersion' does not contain a definition for 'V3_1_Preview_5'
C:\gh\azure-sdk-for-net\sdk\textanalytics\Azure.AI.TextAnalytics\tests\AnalyzeSentimentTests.cs(93,73): error CS0117: 'TextAnalyticsClientOptions.ServiceVersion' does not contain a definition for 'V3_1_Preview_5'
C:\gh\azure-sdk-for-net\sdk\textanalytics\Azure.AI.TextAnalytics\tests\AnalyzeSentimentTests.cs(80,73): error CS0117: 'TextAnalyticsClientOptions.ServiceVersion' does not contain a definition for 'V3_1_Preview_5'
C:\gh\azure-sdk-for-net\sdk\textanalytics\Azure.AI.TextAnalytics\tests\TextAnalyticsClientLiveTests.cs(74,73): error CS0117: 'TextAnalyticsClientOptions.ServiceVersion' does not contain a definition for 'V3_1_Preview_5'
C:\gh\azure-sdk-for-net\sdk\textanalytics\Azure.AI.TextAnalytics\tests\TextAnalyticsClientLiveTests.cs(59,73): error CS0117: 'TextAnalyticsClientOptions.ServiceVersion' does not contain a definition for 'V3_1_Preview_5'
C:\gh\azure-sdk-for-net\sdk\textanalytics\Azure.AI.TextAnalytics\tests\TextAnalyticsClientLiveTests.cs(35,73): error CS0117: 'TextAnalyticsClientOptions.ServiceVersion' does not contain a definition for 'V3_1_Preview_5'
C:\gh\azure-sdk-for-net\sdk\textanalytics\Azure.AI.TextAnalytics\tests\TextAnalyticsClientLiveTests.cs(20,73): error CS0117: 'TextAnalyticsClientOptions.ServiceVersion' does not contain a definition for 'V3_1_Preview_5'
error CS1705: Assembly 'Azure.Core.TestFramework' with identity 'Azure.Core.TestFramework, Version=1.0.0.0, Culture=neutral, PublicKeyToken=6a281e58f0dfecb7' uses 'Azure.Core, Version=1.15.0.0, Culture=neutral, PublicKeyToken=92742159e12e44c8' which has a higher version than referenced assembly 'Azure.Core' with identity 'Azure.Core, Version=1.14.0.0, Culture=neutral, PublicKeyToken=92742159e12e44c8'
error CS1705: Assembly 'Azure.Core.TestFramework' with identity 'Azure.Core.TestFramework, Version=1.0.0.0, Culture=neutral, PublicKeyToken=6a281e58f0dfecb7' uses 'Azure.Core, Version=1.15.0.0, Culture=neutral, PublicKeyToken=92742159e12e44c8' which has a higher version than referenced assembly 'Azure.Core' with identity 'Azure.Core, Version=1.14.0.0, Culture=neutral, PublicKeyToken=92742159e12e44c8'
error CS1705: Assembly 'Azure.Core.TestFramework' with identity 'Azure.Core.TestFramework, Version=1.0.0.0, Culture=neutral, PublicKeyToken=6a281e58f0dfecb7' uses 'Azure.Core, Version=1.15.0.0, Culture=neutral, PublicKeyToken=92742159e12e44c8' which has a higher version than referenced assembly 'Azure.Core' with identity 'Azure.Core, Version=1.14.0.0, Culture=neutral, PublicKeyToken=92742159e12e44c8'
C:\gh\azure-sdk-for-net\sdk\textanalytics\Azure.AI.TextAnalytics\tests\Infrastructure\TextAnalyticsClientLiveTestBase.cs(37,103): error CS1705: Assembly 'Azure.Core.TestFramework' with identity 'Azure.Core.TestFramework, Version=1.0.0.0, Culture=neutral, PublicKeyToken=6a281e58f0dfecb7' uses 'Azure.Core, Version=1.15.0.0, Culture=neutral, PublicKeyToken=92742159e12e44c8' which has a higher version than referenced assembly 'Azure.Core' with identity 'Azure.Core, Version=1.14.0.0, Culture=neutral, PublicKeyToken=92742159e12e44c8'
C:\gh\azure-sdk-for-net\sdk\textanalytics\Azure.AI.TextAnalytics\tests\Infrastructure\TextAnalyticsClientLiveTestBase.cs(42,87): error CS1705: Assembly 'Azure.Core.TestFramework' with identity 'Azure.Core.TestFramework, Version=1.0.0.0, Culture=neutral, PublicKeyToken=6a281e58f0dfecb7' uses 'Azure.Core, Version=1.15.0.0, Culture=neutral, PublicKeyToken=92742159e12e44c8' which has a higher version than referenced assembly 'Azure.Core' with identity 'Azure.Core, Version=1.14.0.0, Culture=neutral, PublicKeyToken=92742159e12e44c8'
C:\gh\azure-sdk-for-net\sdk\textanalytics\Azure.AI.TextAnalytics\tests\Infrastructure\TextAnalyticsClientLiveTestBase.cs(42,75): error CS1503: Argument 2: cannot convert from 'Azure.AzureKeyCredential' to 'Azure.Core.TokenCredential'
C:\gh\azure-sdk-for-net\sdk\textanalytics\Azure.AI.TextAnalytics\tests\AnalyzeOperationTests.cs(46,17): error CS0117: 'TextAnalyticsActions' does not contain a definition for 'ExtractKeyPhrasesActions'
C:\gh\azure-sdk-for-net\sdk\textanalytics\Azure.AI.TextAnalytics\tests\AnalyzeOperationTests.cs(46,53): error CS0246: The type or namespace name 'ExtractKeyPhrasesAction' could not be found (are you missing a using directive or an assembly reference?)
C:\gh\azure-sdk-for-net\sdk\textanalytics\Azure.AI.TextAnalytics\tests\AnalyzeOperationTests.cs(46,86): error CS0246: The type or namespace name 'ExtractKeyPhrasesAction' could not be found (are you missing a using directive or an assembly reference?)
C:\gh\azure-sdk-for-net\sdk\textanalytics\Azure.AI.TextAnalytics\tests\AnalyzeOperationTests.cs(49,13): error CS0246: The type or namespace name 'AnalyzeActionsOperation' could not be found (are you missing a using directive or an assembly reference?)
C:\gh\azure-sdk-for-net\sdk\textanalytics\Azure.AI.TextAnalytics\tests\AnalyzeOperationTests.cs(49,62): error CS1061: 'TextAnalyticsClient' does not contain a definition for 'StartAnalyzeActionsAsync' and no accessible extension method 'StartAnalyzeActionsAsync' accepting a first argument of type 'TextAnalyticsClient' could be found (are you missing a using directive or an assembly reference?)
C:\gh\azure-sdk-for-net\sdk\textanalytics\Azure.AI.TextAnalytics\tests\AnalyzeOperationTests.cs(54,13): error CS0246: The type or namespace name 'AnalyzeActionsResult' could not be found (are you missing a using directive or an assembly reference?)
C:\gh\azure-sdk-for-net\sdk\textanalytics\Azure.AI.TextAnalytics\tests\AnalyzeOperationTests.cs(69,17): error CS0117: 'TextAnalyticsActions' does not contain a definition for 'ExtractKeyPhrasesActions'
C:\gh\azure-sdk-for-net\sdk\textanalytics\Azure.AI.TextAnalytics\tests\AnalyzeOperationTests.cs(69,53): error CS0246: The type or namespace name 'ExtractKeyPhrasesAction' could not be found (are you missing a using directive or an assembly reference?)
C:\gh\azure-sdk-for-net\sdk\textanalytics\Azure.AI.TextAnalytics\tests\AnalyzeOperationTests.cs(69,86): error CS0246: The type or namespace name 'ExtractKeyPhrasesAction' could not be found (are you missing a using directive or an assembly reference?)
C:\gh\azure-sdk-for-net\sdk\textanalytics\Azure.AI.TextAnalytics\tests\AnalyzeOperationTests.cs(72,13): error CS0246: The type or namespace name 'AnalyzeActionsOperation' could not be found (are you missing a using directive or an assembly reference?)
C:\gh\azure-sdk-for-net\sdk\textanalytics\Azure.AI.TextAnalytics\tests\AnalyzeOperationTests.cs(72,62): error CS1061: 'TextAnalyticsClient' does not contain a definition for 'StartAnalyzeActionsAsync' and no accessible extension method 'StartAnalyzeActionsAsync' accepting a first argument of type 'TextAnalyticsClient' could be found (are you missing a using directive or an assembly reference?)
C:\gh\azure-sdk-for-net\sdk\textanalytics\Azure.AI.TextAnalytics\tests\AnalyzeOperationTests.cs(77,13): error CS0246: The type or namespace name 'AnalyzeActionsResult' could not be found (are you missing a using directive or an assembly reference?)
C:\gh\azure-sdk-for-net\sdk\textanalytics\Azure.AI.TextAnalytics\tests\AnalyzeOperationTests.cs(83,33): error CS0246: The type or namespace name 'AnalyzeSentimentActionResult' could not be found (are you missing a using directive or an assembly reference?)
C:\gh\azure-sdk-for-net\sdk\textanalytics\Azure.AI.TextAnalytics\tests\AnalyzeOperationTests.cs(127,17): error CS0117: 'TextAnalyticsActions' does not contain a definition for 'ExtractKeyPhrasesActions'
C:\gh\azure-sdk-for-net\sdk\textanalytics\Azure.AI.TextAnalytics\tests\AnalyzeOperationTests.cs(127,53): error CS0246: The type or namespace name 'ExtractKeyPhrasesAction' could not be found (are you missing a using directive or an assembly reference?)
C:\gh\azure-sdk-for-net\sdk\textanalytics\Azure.AI.TextAnalytics\tests\AnalyzeOperationTests.cs(127,86): error CS0246: The type or namespace name 'ExtractKeyPhrasesAction' could not be found (are you missing a using directive or an assembly reference?)
C:\gh\azure-sdk-for-net\sdk\textanalytics\Azure.AI.TextAnalytics\tests\AnalyzeOperationTests.cs(131,13): error CS0246: The type or namespace name 'AnalyzeActionsOperation' could not be found (are you missing a using directive or an assembly reference?)
C:\gh\azure-sdk-for-net\sdk\textanalytics\Azure.AI.TextAnalytics\tests\AnalyzeOperationTests.cs(131,62): error CS1061: 'TextAnalyticsClient' does not contain a definition for 'StartAnalyzeActionsAsync' and no accessible extension method 'StartAnalyzeActionsAsync' accepting a first argument of type 'TextAnalyticsClient' could be found (are you missing a using directive or an assembly reference?)
C:\gh\azure-sdk-for-net\sdk\textanalytics\Azure.AI.TextAnalytics\tests\AnalyzeOperationTests.cs(136,13): error CS0246: The type or namespace name 'AnalyzeActionsResult' could not be found (are you missing a using directive or an assembly reference?)
error CS1705: Assembly 'Azure.Core.TestFramework' with identity 'Azure.Core.TestFramework, Version=1.0.0.0, Culture=neutral, PublicKeyToken=6a281e58f0dfecb7' uses 'Azure.Core, Version=1.15.0.0, Culture=neutral, PublicKeyToken=92742159e12e44c8' which has a higher version than referenced assembly 'Azure.Core' with identity 'Azure.Core, Version=1.14.0.0, Culture=neutral, PublicKeyToken=92742159e12e44c8'
error CS1705: Assembly 'Azure.Core.TestFramework' with identity 'Azure.Core.TestFramework, Version=1.0.0.0, Culture=neutral, PublicKeyToken=6a281e58f0dfecb7' uses 'Azure.Core, Version=1.15.0.0, Culture=neutral, PublicKeyToken=92742159e12e44c8' which has a higher version than referenced assembly 'Azure.Core' with identity 'Azure.Core, Version=1.14.0.0, Culture=neutral, PublicKeyToken=92742159e12e44c8'
C:\gh\azure-sdk-for-net\sdk\textanalytics\Azure.AI.TextAnalytics\tests\TextAnalyticsClientMockTests.cs(94,37): error CS1705: Assembly 'Azure.Core.TestFramework' with identity 'Azure.Core.TestFramework, Version=1.0.0.0, Culture=neutral, PublicKeyToken=6a281e58f0dfecb7' uses 'Azure.Core, Version=1.15.0.0, Culture=neutral, PublicKeyToken=92742159e12e44c8' which has a higher version than referenced assembly 'Azure.Core' with identity 'Azure.Core, Version=1.14.0.0, Culture=neutral, PublicKeyToken=92742159e12e44c8'
error CS1705: Assembly 'Azure.Core.TestFramework' with identity 'Azure.Core.TestFramework, Version=1.0.0.0, Culture=neutral, PublicKeyToken=6a281e58f0dfecb7' uses 'Azure.Core, Version=1.15.0.0, Culture=neutral, PublicKeyToken=92742159e12e44c8' which has a higher version than referenced assembly 'Azure.Core' with identity 'Azure.Core, Version=1.14.0.0, Culture=neutral, PublicKeyToken=92742159e12e44c8'
error CS1705: Assembly 'Azure.Core.TestFramework' with identity 'Azure.Core.TestFramework, Version=1.0.0.0, Culture=neutral, PublicKeyToken=6a281e58f0dfecb7' uses 'Azure.Core, Version=1.15.0.0, Culture=neutral, PublicKeyToken=92742159e12e44c8' which has a higher version than referenced assembly 'Azure.Core' with identity 'Azure.Core, Version=1.14.0.0, Culture=neutral, PublicKeyToken=92742159e12e44c8'
C:\gh\azure-sdk-for-net\sdk\textanalytics\Azure.AI.TextAnalytics\tests\TextAnalyticsClientMockTests.cs(189,37): error CS1705: Assembly 'Azure.Core.TestFramework' with identity 'Azure.Core.TestFramework, Version=1.0.0.0, Culture=neutral, PublicKeyToken=6a281e58f0dfecb7' uses 'Azure.Core, Version=1.15.0.0, Culture=neutral, PublicKeyToken=92742159e12e44c8' which has a higher version than referenced assembly 'Azure.Core' with identity 'Azure.Core, Version=1.14.0.0, Culture=neutral, PublicKeyToken=92742159e12e44c8'
error CS1705: Assembly 'Azure.Core.TestFramework' with identity 'Azure.Core.TestFramework, Version=1.0.0.0, Culture=neutral, PublicKeyToken=6a281e58f0dfecb7' uses 'Azure.Core, Version=1.15.0.0, Culture=neutral, PublicKeyToken=92742159e12e44c8' which has a higher version than referenced assembly 'Azure.Core' with identity 'Azure.Core, Version=1.14.0.0, Culture=neutral, PublicKeyToken=92742159e12e44c8'
error CS1705: Assembly 'Azure.Core.TestFramework' with identity 'Azure.Core.TestFramework, Version=1.0.0.0, Culture=neutral, PublicKeyToken=6a281e58f0dfecb7' uses 'Azure.Core, Version=1.15.0.0, Culture=neutral, PublicKeyToken=92742159e12e44c8' which has a higher version than referenced assembly 'Azure.Core' with identity 'Azure.Core, Version=1.14.0.0, Culture=neutral, PublicKeyToken=92742159e12e44c8'
C:\gh\azure-sdk-for-net\sdk\textanalytics\Azure.AI.TextAnalytics\tests\TextAnalyticsClientMockTests.cs(232,37): error CS1705: Assembly 'Azure.Core.TestFramework' with identity 'Azure.Core.TestFramework, Version=1.0.0.0, Culture=neutral, PublicKeyToken=6a281e58f0dfecb7' uses 'Azure.Core, Version=1.15.0.0, Culture=neutral, PublicKeyToken=92742159e12e44c8' which has a higher version than referenced assembly 'Azure.Core' with identity 'Azure.Core, Version=1.14.0.0, Culture=neutral, PublicKeyToken=92742159e12e44c8'
error CS1705: Assembly 'Azure.Core.TestFramework' with identity 'Azure.Core.TestFramework, Version=1.0.0.0, Culture=neutral, PublicKeyToken=6a281e58f0dfecb7' uses 'Azure.Core, Version=1.15.0.0, Culture=neutral, PublicKeyToken=92742159e12e44c8' which has a higher version than referenced assembly 'Azure.Core' with identity 'Azure.Core, Version=1.14.0.0, Culture=neutral, PublicKeyToken=92742159e12e44c8'
error CS1705: Assembly 'Azure.Core.TestFramework' with identity 'Azure.Core.TestFramework, Version=1.0.0.0, Culture=neutral, PublicKeyToken=6a281e58f0dfecb7' uses 'Azure.Core, Version=1.15.0.0, Culture=neutral, PublicKeyToken=92742159e12e44c8' which has a higher version than referenced assembly 'Azure.Core' with identity 'Azure.Core, Version=1.14.0.0, Culture=neutral, PublicKeyToken=92742159e12e44c8'
C:\gh\azure-sdk-for-net\sdk\textanalytics\Azure.AI.TextAnalytics\tests\TextAnalyticsClientMockTests.cs(272,37): error CS1705: Assembly 'Azure.Core.TestFramework' with identity 'Azure.Core.TestFramework, Version=1.0.0.0, Culture=neutral, PublicKeyToken=6a281e58f0dfecb7' uses 'Azure.Core, Version=1.15.0.0, Culture=neutral, PublicKeyToken=92742159e12e44c8' which has a higher version than referenced assembly 'Azure.Core' with identity 'Azure.Core, Version=1.14.0.0, Culture=neutral, PublicKeyToken=92742159e12e44c8'
C:\gh\azure-sdk-for-net\sdk\textanalytics\Azure.AI.TextAnalytics\tests\RecognizePiiEntitiesTests.cs(88,150): error CS0103: The name 'PiiEntityDomain' does not exist in the current context
error CS1705: Assembly 'Azure.Core.TestFramework' with identity 'Azure.Core.TestFramework, Version=1.0.0.0, Culture=neutral, PublicKeyToken=6a281e58f0dfecb7' uses 'Azure.Core, Version=1.15.0.0, Culture=neutral, PublicKeyToken=92742159e12e44c8' which has a higher version than referenced assembly 'Azure.Core' with identity 'Azure.Core, Version=1.14.0.0, Culture=neutral, PublicKeyToken=92742159e12e44c8'
error CS1705: Assembly 'Azure.Core.TestFramework' with identity 'Azure.Core.TestFramework, Version=1.0.0.0, Culture=neutral, PublicKeyToken=6a281e58f0dfecb7' uses 'Azure.Core, Version=1.15.0.0, Culture=neutral, PublicKeyToken=92742159e12e44c8' which has a higher version than referenced assembly 'Azure.Core' with identity 'Azure.Core, Version=1.14.0.0, Culture=neutral, PublicKeyToken=92742159e12e44c8'
C:\gh\azure-sdk-for-net\sdk\textanalytics\Azure.AI.TextAnalytics\tests\TextAnalyticsClientMockTests.cs(328,37): error CS1705: Assembly 'Azure.Core.TestFramework' with identity 'Azure.Core.TestFramework, Version=1.0.0.0, Culture=neutral, PublicKeyToken=6a281e58f0dfecb7' uses 'Azure.Core, Version=1.15.0.0, Culture=neutral, PublicKeyToken=92742159e12e44c8' which has a higher version than referenced assembly 'Azure.Core' with identity 'Azure.Core, Version=1.14.0.0, Culture=neutral, PublicKeyToken=92742159e12e44c8'
error CS1705: Assembly 'Azure.Core.TestFramework' with identity 'Azure.Core.TestFramework, Version=1.0.0.0, Culture=neutral, PublicKeyToken=6a281e58f0dfecb7' uses 'Azure.Core, Version=1.15.0.0, Culture=neutral, PublicKeyToken=92742159e12e44c8' which has a higher version than referenced assembly 'Azure.Core' with identity 'Azure.Core, Version=1.14.0.0, Culture=neutral, PublicKeyToken=92742159e12e44c8'
error CS1705: Assembly 'Azure.Core.TestFramework' with identity 'Azure.Core.TestFramework, Version=1.0.0.0, Culture=neutral, PublicKeyToken=6a281e58f0dfecb7' uses 'Azure.Core, Version=1.15.0.0, Culture=neutral, PublicKeyToken=92742159e12e44c8' which has a higher version than referenced assembly 'Azure.Core' with identity 'Azure.Core, Version=1.14.0.0, Culture=neutral, PublicKeyToken=92742159e12e44c8'
C:\gh\azure-sdk-for-net\sdk\textanalytics\Azure.AI.TextAnalytics\tests\TextAnalyticsClientMockTests.cs(373,37): error CS1705: Assembly 'Azure.Core.TestFramework' with identity 'Azure.Core.TestFramework, Version=1.0.0.0, Culture=neutral, PublicKeyToken=6a281e58f0dfecb7' uses 'Azure.Core, Version=1.15.0.0, Culture=neutral, PublicKeyToken=92742159e12e44c8' which has a higher version than referenced assembly 'Azure.Core' with identity 'Azure.Core, Version=1.14.0.0, Culture=neutral, PublicKeyToken=92742159e12e44c8'
error CS1705: Assembly 'Azure.Core.TestFramework' with identity 'Azure.Core.TestFramework, Version=1.0.0.0, Culture=neutral, PublicKeyToken=6a281e58f0dfecb7' uses 'Azure.Core, Version=1.15.0.0, Culture=neutral, PublicKeyToken=92742159e12e44c8' which has a higher version than referenced assembly 'Azure.Core' with identity 'Azure.Core, Version=1.14.0.0, Culture=neutral, PublicKeyToken=92742159e12e44c8'
error CS1705: Assembly 'Azure.Core.TestFramework' with identity 'Azure.Core.TestFramework, Version=1.0.0.0, Culture=neutral, PublicKeyToken=6a281e58f0dfecb7' uses 'Azure.Core, Version=1.15.0.0, Culture=neutral, PublicKeyToken=92742159e12e44c8' which has a higher version than referenced assembly 'Azure.Core' with identity 'Azure.Core, Version=1.14.0.0, Culture=neutral, PublicKeyToken=92742159e12e44c8'
C:\gh\azure-sdk-for-net\sdk\textanalytics\Azure.AI.TextAnalytics\tests\TextAnalyticsClientMockTests.cs(416,37): error CS1705: Assembly 'Azure.Core.TestFramework' with identity 'Azure.Core.TestFramework, Version=1.0.0.0, Culture=neutral, PublicKeyToken=6a281e58f0dfecb7' uses 'Azure.Core, Version=1.15.0.0, Culture=neutral, PublicKeyToken=92742159e12e44c8' which has a higher version than referenced assembly 'Azure.Core' with identity 'Azure.Core, Version=1.14.0.0, Culture=neutral, PublicKeyToken=92742159e12e44c8'
C:\gh\azure-sdk-for-net\sdk\textanalytics\Azure.AI.TextAnalytics\tests\RecognizePiiEntitiesTests.cs(213,173): error CS0103: The name 'PiiEntityDomain' does not exist in the current context
error CS1705: Assembly 'Azure.Core.TestFramework' with identity 'Azure.Core.TestFramework, Version=1.0.0.0, Culture=neutral, PublicKeyToken=6a281e58f0dfecb7' uses 'Azure.Core, Version=1.15.0.0, Culture=neutral, PublicKeyToken=92742159e12e44c8' which has a higher version than referenced assembly 'Azure.Core' with identity 'Azure.Core, Version=1.14.0.0, Culture=neutral, PublicKeyToken=92742159e12e44c8'
error CS1705: Assembly 'Azure.Core.TestFramework' with identity 'Azure.Core.TestFramework, Version=1.0.0.0, Culture=neutral, PublicKeyToken=6a281e58f0dfecb7' uses 'Azure.Core, Version=1.15.0.0, Culture=neutral, PublicKeyToken=92742159e12e44c8' which has a higher version than referenced assembly 'Azure.Core' with identity 'Azure.Core, Version=1.14.0.0, Culture=neutral, PublicKeyToken=92742159e12e44c8'
C:\gh\azure-sdk-for-net\sdk\textanalytics\Azure.AI.TextAnalytics\tests\TextAnalyticsClientMockTests.cs(522,37): error CS1705: Assembly 'Azure.Core.TestFramework' with identity 'Azure.Core.TestFramework, Version=1.0.0.0, Culture=neutral, PublicKeyToken=6a281e58f0dfecb7' uses 'Azure.Core, Version=1.15.0.0, Culture=neutral, PublicKeyToken=92742159e12e44c8' which has a higher version than referenced assembly 'Azure.Core' with identity 'Azure.Core, Version=1.14.0.0, Culture=neutral, PublicKeyToken=92742159e12e44c8'
error CS1705: Assembly 'Azure.Core.TestFramework' with identity 'Azure.Core.TestFramework, Version=1.0.0.0, Culture=neutral, PublicKeyToken=6a281e58f0dfecb7' uses 'Azure.Core, Version=1.15.0.0, Culture=neutral, PublicKeyToken=92742159e12e44c8' which has a higher version than referenced assembly 'Azure.Core' with identity 'Azure.Core, Version=1.14.0.0, Culture=neutral, PublicKeyToken=92742159e12e44c8'
error CS1705: Assembly 'Azure.Core.TestFramework' with identity 'Azure.Core.TestFramework, Version=1.0.0.0, Culture=neutral, PublicKeyToken=6a281e58f0dfecb7' uses 'Azure.Core, Version=1.15.0.0, Culture=neutral, PublicKeyToken=92742159e12e44c8' which has a higher version than referenced assembly 'Azure.Core' with identity 'Azure.Core, Version=1.14.0.0, Culture=neutral, PublicKeyToken=92742159e12e44c8'
C:\gh\azure-sdk-for-net\sdk\textanalytics\Azure.AI.TextAnalytics\tests\TextAnalyticsClientMockTests.cs(565,37): error CS1705: Assembly 'Azure.Core.TestFramework' with identity 'Azure.Core.TestFramework, Version=1.0.0.0, Culture=neutral, PublicKeyToken=6a281e58f0dfecb7' uses 'Azure.Core, Version=1.15.0.0, Culture=neutral, PublicKeyToken=92742159e12e44c8' which has a higher version than referenced assembly 'Azure.Core' with identity 'Azure.Core, Version=1.14.0.0, Culture=neutral, PublicKeyToken=92742159e12e44c8'
C:\gh\azure-sdk-for-net\sdk\textanalytics\Azure.AI.TextAnalytics\tests\AnalyzeOperationTests.cs(180,17): error CS0117: 'TextAnalyticsActions' does not contain a definition for 'ExtractKeyPhrasesActions'
C:\gh\azure-sdk-for-net\sdk\textanalytics\Azure.AI.TextAnalytics\tests\AnalyzeOperationTests.cs(180,53): error CS0246: The type or namespace name 'ExtractKeyPhrasesAction' could not be found (are you missing a using directive or an assembly reference?)
C:\gh\azure-sdk-for-net\sdk\textanalytics\Azure.AI.TextAnalytics\tests\AnalyzeOperationTests.cs(180,86): error CS0246: The type or namespace name 'ExtractKeyPhrasesAction' could not be found (are you missing a using directive or an assembly reference?)
C:\gh\azure-sdk-for-net\sdk\textanalytics\Azure.AI.TextAnalytics\tests\AnalyzeOperationTests.cs(181,17): error CS0117: 'TextAnalyticsActions' does not contain a definition for 'RecognizeEntitiesActions'
C:\gh\azure-sdk-for-net\sdk\textanalytics\Azure.AI.TextAnalytics\tests\AnalyzeOperationTests.cs(181,53): error CS0246: The type or namespace name 'RecognizeEntitiesAction' could not be found (are you missing a using directive or an assembly reference?)
C:\gh\azure-sdk-for-net\sdk\textanalytics\Azure.AI.TextAnalytics\tests\AnalyzeOperationTests.cs(181,86): error CS0246: The type or namespace name 'RecognizeEntitiesAction' could not be found (are you missing a using directive or an assembly reference?)
C:\gh\azure-sdk-for-net\sdk\textanalytics\Azure.AI.TextAnalytics\tests\AnalyzeOperationTests.cs(182,17): error CS0117: 'TextAnalyticsActions' does not contain a definition for 'RecognizePiiEntitiesActions'
C:\gh\azure-sdk-for-net\sdk\textanalytics\Azure.AI.TextAnalytics\tests\AnalyzeOperationTests.cs(182,56): error CS0246: The type or namespace name 'RecognizePiiEntitiesAction' could not be found (are you missing a using directive or an assembly reference?)
C:\gh\azure-sdk-for-net\sdk\textanalytics\Azure.AI.TextAnalytics\tests\AnalyzeOperationTests.cs(182,92): error CS0246: The type or namespace name 'RecognizePiiEntitiesAction' could not be found (are you missing a using directive or an assembly reference?)
C:\gh\azure-sdk-for-net\sdk\textanalytics\Azure.AI.TextAnalytics\tests\AnalyzeOperationTests.cs(183,17): error CS0117: 'TextAnalyticsActions' does not contain a definition for 'RecognizeLinkedEntitiesActions'
C:\gh\azure-sdk-for-net\sdk\textanalytics\Azure.AI.TextAnalytics\tests\AnalyzeOperationTests.cs(183,59): error CS0246: The type or namespace name 'RecognizeLinkedEntitiesAction' could not be found (are you missing a using directive or an assembly reference?)
C:\gh\azure-sdk-for-net\sdk\textanalytics\Azure.AI.TextAnalytics\tests\AnalyzeOperationTests.cs(183,98): error CS0246: The type or namespace name 'RecognizeLinkedEntitiesAction' could not be found (are you missing a using directive or an assembly reference?)
C:\gh\azure-sdk-for-net\sdk\textanalytics\Azure.AI.TextAnalytics\tests\AnalyzeOperationTests.cs(184,17): error CS0117: 'TextAnalyticsActions' does not contain a definition for 'AnalyzeSentimentActions'
C:\gh\azure-sdk-for-net\sdk\textanalytics\Azure.AI.TextAnalytics\tests\AnalyzeOperationTests.cs(184,52): error CS0246: The type or namespace name 'AnalyzeSentimentAction' could not be found (are you missing a using directive or an assembly reference?)
C:\gh\azure-sdk-for-net\sdk\textanalytics\Azure.AI.TextAnalytics\tests\AnalyzeOperationTests.cs(184,84): error CS0246: The type or namespace name 'AnalyzeSentimentAction' could not be found (are you missing a using directive or an assembly reference?)
C:\gh\azure-sdk-for-net\sdk\textanalytics\Azure.AI.TextAnalytics\tests\AnalyzeOperationTests.cs(188,13): error CS0246: The type or namespace name 'AnalyzeActionsOperation' could not be found (are you missing a using directive or an assembly reference?)
C:\gh\azure-sdk-for-net\sdk\textanalytics\Azure.AI.TextAnalytics\tests\AnalyzeOperationTests.cs(188,62): error CS1061: 'TextAnalyticsClient' does not contain a definition for 'StartAnalyzeActionsAsync' and no accessible extension method 'StartAnalyzeActionsAsync' accepting a first argument of type 'TextAnalyticsClient' could be found (are you missing a using directive or an assembly reference?)
C:\gh\azure-sdk-for-net\sdk\textanalytics\Azure.AI.TextAnalytics\tests\AnalyzeOperationTests.cs(206,13): error CS0246: The type or namespace name 'AnalyzeActionsResult' could not be found (are you missing a using directive or an assembly reference?)
C:\gh\azure-sdk-for-net\sdk\textanalytics\Azure.AI.TextAnalytics\tests\AnalyzeOperationTests.cs(212,33): error CS0246: The type or namespace name 'AnalyzeSentimentActionResult' could not be found (are you missing a using directive or an assembly reference?)
error CS1705: Assembly 'Azure.Core.TestFramework' with identity 'Azure.Core.TestFramework, Version=1.0.0.0, Culture=neutral, PublicKeyToken=6a281e58f0dfecb7' uses 'Azure.Core, Version=1.15.0.0, Culture=neutral, PublicKeyToken=92742159e12e44c8' which has a higher version than referenced assembly 'Azure.Core' with identity 'Azure.Core, Version=1.14.0.0, Culture=neutral, PublicKeyToken=92742159e12e44c8'
error CS1705: Assembly 'Azure.Core.TestFramework' with identity 'Azure.Core.TestFramework, Version=1.0.0.0, Culture=neutral, PublicKeyToken=6a281e58f0dfecb7' uses 'Azure.Core, Version=1.15.0.0, Culture=neutral, PublicKeyToken=92742159e12e44c8' which has a higher version than referenced assembly 'Azure.Core' with identity 'Azure.Core, Version=1.14.0.0, Culture=neutral, PublicKeyToken=92742159e12e44c8'
C:\gh\azure-sdk-for-net\sdk\textanalytics\Azure.AI.TextAnalytics\tests\TextAnalyticsClientMockTests.cs(608,37): error CS1705: Assembly 'Azure.Core.TestFramework' with identity 'Azure.Core.TestFramework, Version=1.0.0.0, Culture=neutral, PublicKeyToken=6a281e58f0dfecb7' uses 'Azure.Core, Version=1.15.0.0, Culture=neutral, PublicKeyToken=92742159e12e44c8' which has a higher version than referenced assembly 'Azure.Core' with identity 'Azure.Core, Version=1.14.0.0, Culture=neutral, PublicKeyToken=92742159e12e44c8'
C:\gh\azure-sdk-for-net\sdk\textanalytics\Azure.AI.TextAnalytics\tests\AnalyzeOperationTests.cs(307,17): error CS0117: 'TextAnalyticsActions' does not contain a definition for 'ExtractKeyPhrasesActions'
C:\gh\azure-sdk-for-net\sdk\textanalytics\Azure.AI.TextAnalytics\tests\AnalyzeOperationTests.cs(307,53): error CS0246: The type or namespace name 'ExtractKeyPhrasesAction' could not be found (are you missing a using directive or an assembly reference?)
C:\gh\azure-sdk-for-net\sdk\textanalytics\Azure.AI.TextAnalytics\tests\AnalyzeOperationTests.cs(307,86): error CS0246: The type or namespace name 'ExtractKeyPhrasesAction' could not be found (are you missing a using directive or an assembly reference?)
C:\gh\azure-sdk-for-net\sdk\textanalytics\Azure.AI.TextAnalytics\tests\AnalyzeOperationTests.cs(311,13): error CS0246: The type or namespace name 'AnalyzeActionsOperation' could not be found (are you missing a using directive or an assembly reference?)
C:\gh\azure-sdk-for-net\sdk\textanalytics\Azure.AI.TextAnalytics\tests\AnalyzeOperationTests.cs(311,62): error CS1061: 'TextAnalyticsClient' does not contain a definition for 'StartAnalyzeActionsAsync' and no accessible extension method 'StartAnalyzeActionsAsync' accepting a first argument of type 'TextAnalyticsClient' could be found (are you missing a using directive or an assembly reference?)
C:\gh\azure-sdk-for-net\sdk\textanalytics\Azure.AI.TextAnalytics\tests\AnalyzeOperationTests.cs(326,18): error CS0246: The type or namespace name 'AnalyzeActionsResult' could not be found (are you missing a using directive or an assembly reference?)
C:\gh\azure-sdk-for-net\sdk\textanalytics\Azure.AI.TextAnalytics\tests\AnalyzeOperationTests.cs(337,18): error CS0246: The type or namespace name 'AnalyzeActionsResult' could not be found (are you missing a using directive or an assembly reference?)
C:\gh\azure-sdk-for-net\sdk\textanalytics\Azure.AI.TextAnalytics\tests\AnalyzeOperationTests.cs(358,17): error CS0117: 'TextAnalyticsActions' does not contain a definition for 'ExtractKeyPhrasesActions'
C:\gh\azure-sdk-for-net\sdk\textanalytics\Azure.AI.TextAnalytics\tests\AnalyzeOperationTests.cs(358,53): error CS0246: The type or namespace name 'ExtractKeyPhrasesAction' could not be found (are you missing a using directive or an assembly reference?)
C:\gh\azure-sdk-for-net\sdk\textanalytics\Azure.AI.TextAnalytics\tests\AnalyzeOperationTests.cs(360,25): error CS0246: The type or namespace name 'ExtractKeyPhrasesAction' could not be found (are you missing a using directive or an assembly reference?)
C:\gh\azure-sdk-for-net\sdk\textanalytics\Azure.AI.TextAnalytics\tests\AnalyzeOperationTests.cs(361,25): error CS0246: The type or namespace name 'ExtractKeyPhrasesAction' could not be found (are you missing a using directive or an assembly reference?)
C:\gh\azure-sdk-for-net\sdk\textanalytics\Azure.AI.TextAnalytics\tests\AnalyzeOperationTests.cs(370,109): error CS1061: 'TextAnalyticsClient' does not contain a definition for 'StartAnalyzeActionsAsync' and no accessible extension method 'StartAnalyzeActionsAsync' accepting a first argument of type 'TextAnalyticsClient' could be found (are you missing a using directive or an assembly reference?)
C:\gh\azure-sdk-for-net\sdk\textanalytics\Azure.AI.TextAnalytics\tests\AnalyzeOperationTests.cs(386,17): error CS0117: 'TextAnalyticsActions' does not contain a definition for 'ExtractKeyPhrasesActions'
C:\gh\azure-sdk-for-net\sdk\textanalytics\Azure.AI.TextAnalytics\tests\AnalyzeOperationTests.cs(386,53): error CS0246: The type or namespace name 'ExtractKeyPhrasesAction' could not be found (are you missing a using directive or an assembly reference?)
C:\gh\azure-sdk-for-net\sdk\textanalytics\Azure.AI.TextAnalytics\tests\AnalyzeOperationTests.cs(388,25): error CS0246: The type or namespace name 'ExtractKeyPhrasesAction' could not be found (are you missing a using directive or an assembly reference?)
C:\gh\azure-sdk-for-net\sdk\textanalytics\Azure.AI.TextAnalytics\tests\AnalyzeOperationTests.cs(392,13): error CS0246: The type or namespace name 'AnalyzeActionsOperation' could not be found (are you missing a using directive or an assembly reference?)
C:\gh\azure-sdk-for-net\sdk\textanalytics\Azure.AI.TextAnalytics\tests\AnalyzeOperationTests.cs(392,62): error CS1061: 'TextAnalyticsClient' does not contain a definition for 'StartAnalyzeActionsAsync' and no accessible extension method 'StartAnalyzeActionsAsync' accepting a first argument of type 'TextAnalyticsClient' could be found (are you missing a using directive or an assembly reference?)
C:\gh\azure-sdk-for-net\sdk\textanalytics\Azure.AI.TextAnalytics\tests\AnalyzeOperationTests.cs(396,13): error CS0246: The type or namespace name 'AnalyzeActionsResult' could not be found (are you missing a using directive or an assembly reference?)
error CS1705: Assembly 'Azure.Core.TestFramework' with identity 'Azure.Core.TestFramework, Version=1.0.0.0, Culture=neutral, PublicKeyToken=6a281e58f0dfecb7' uses 'Azure.Core, Version=1.15.0.0, Culture=neutral, PublicKeyToken=92742159e12e44c8' which has a higher version than referenced assembly 'Azure.Core' with identity 'Azure.Core, Version=1.14.0.0, Culture=neutral, PublicKeyToken=92742159e12e44c8'
error CS1705: Assembly 'Azure.Core.TestFramework' with identity 'Azure.Core.TestFramework, Version=1.0.0.0, Culture=neutral, PublicKeyToken=6a281e58f0dfecb7' uses 'Azure.Core, Version=1.15.0.0, Culture=neutral, PublicKeyToken=92742159e12e44c8' which has a higher version than referenced assembly 'Azure.Core' with identity 'Azure.Core, Version=1.14.0.0, Culture=neutral, PublicKeyToken=92742159e12e44c8'
C:\gh\azure-sdk-for-net\sdk\textanalytics\Azure.AI.TextAnalytics\tests\TextAnalyticsClientMockTests.cs(649,37): error CS1705: Assembly 'Azure.Core.TestFramework' with identity 'Azure.Core.TestFramework, Version=1.0.0.0, Culture=neutral, PublicKeyToken=6a281e58f0dfecb7' uses 'Azure.Core, Version=1.15.0.0, Culture=neutral, PublicKeyToken=92742159e12e44c8' which has a higher version than referenced assembly 'Azure.Core' with identity 'Azure.Core, Version=1.14.0.0, Culture=neutral, PublicKeyToken=92742159e12e44c8'
C:\gh\azure-sdk-for-net\sdk\textanalytics\Azure.AI.TextAnalytics\tests\AnalyzeOperationTests.cs(422,17): error CS0117: 'TextAnalyticsActions' does not contain a definition for 'RecognizePiiEntitiesActions'
C:\gh\azure-sdk-for-net\sdk\textanalytics\Azure.AI.TextAnalytics\tests\AnalyzeOperationTests.cs(422,56): error CS0246: The type or namespace name 'RecognizePiiEntitiesAction' could not be found (are you missing a using directive or an assembly reference?)
C:\gh\azure-sdk-for-net\sdk\textanalytics\Azure.AI.TextAnalytics\tests\AnalyzeOperationTests.cs(422,92): error CS0246: The type or namespace name 'RecognizePiiEntitiesAction' could not be found (are you missing a using directive or an assembly reference?)
C:\gh\azure-sdk-for-net\sdk\textanalytics\Azure.AI.TextAnalytics\tests\AnalyzeOperationTests.cs(422,138): error CS0103: The name 'PiiEntityDomain' does not exist in the current context
C:\gh\azure-sdk-for-net\sdk\textanalytics\Azure.AI.TextAnalytics\tests\AnalyzeOperationTests.cs(426,13): error CS0246: The type or namespace name 'AnalyzeActionsOperation' could not be found (are you missing a using directive or an assembly reference?)
C:\gh\azure-sdk-for-net\sdk\textanalytics\Azure.AI.TextAnalytics\tests\AnalyzeOperationTests.cs(426,62): error CS1061: 'TextAnalyticsClient' does not contain a definition for 'StartAnalyzeActionsAsync' and no accessible extension method 'StartAnalyzeActionsAsync' accepting a first argument of type 'TextAnalyticsClient' could be found (are you missing a using directive or an assembly reference?)
C:\gh\azure-sdk-for-net\sdk\textanalytics\Azure.AI.TextAnalytics\tests\AnalyzeOperationTests.cs(431,13): error CS0246: The type or namespace name 'AnalyzeActionsResult' could not be found (are you missing a using directive or an assembly reference?)
error CS1705: Assembly 'Azure.Core.TestFramework' with identity 'Azure.Core.TestFramework, Version=1.0.0.0, Culture=neutral, PublicKeyToken=6a281e58f0dfecb7' uses 'Azure.Core, Version=1.15.0.0, Culture=neutral, PublicKeyToken=92742159e12e44c8' which has a higher version than referenced assembly 'Azure.Core' with identity 'Azure.Core, Version=1.14.0.0, Culture=neutral, PublicKeyToken=92742159e12e44c8'
C:\gh\azure-sdk-for-net\sdk\textanalytics\Azure.AI.TextAnalytics\tests\TextAnalyticsClientMockTests.cs(670,13): error CS1705: Assembly 'Azure.Core.TestFramework' with identity 'Azure.Core.TestFramework, Version=1.0.0.0, Culture=neutral, PublicKeyToken=6a281e58f0dfecb7' uses 'Azure.Core, Version=1.15.0.0, Culture=neutral, PublicKeyToken=92742159e12e44c8' which has a higher version than referenced assembly 'Azure.Core' with identity 'Azure.Core, Version=1.14.0.0, Culture=neutral, PublicKeyToken=92742159e12e44c8'
error CS1705: Assembly 'Azure.Core.TestFramework' with identity 'Azure.Core.TestFramework, Version=1.0.0.0, Culture=neutral, PublicKeyToken=6a281e58f0dfecb7' uses 'Azure.Core, Version=1.15.0.0, Culture=neutral, PublicKeyToken=92742159e12e44c8' which has a higher version than referenced assembly 'Azure.Core' with identity 'Azure.Core, Version=1.14.0.0, Culture=neutral, PublicKeyToken=92742159e12e44c8'
C:\gh\azure-sdk-for-net\sdk\textanalytics\Azure.AI.TextAnalytics\tests\TextAnalyticsClientMockTests.cs(672,37): error CS1705: Assembly 'Azure.Core.TestFramework' with identity 'Azure.Core.TestFramework, Version=1.0.0.0, Culture=neutral, PublicKeyToken=6a281e58f0dfecb7' uses 'Azure.Core, Version=1.15.0.0, Culture=neutral, PublicKeyToken=92742159e12e44c8' which has a higher version than referenced assembly 'Azure.Core' with identity 'Azure.Core, Version=1.14.0.0, Culture=neutral, PublicKeyToken=92742159e12e44c8'
C:\gh\azure-sdk-for-net\sdk\textanalytics\Azure.AI.TextAnalytics\tests\TextAnalyticsClientMockTests.cs(680,31): error CS0246: The type or namespace name 'ExtractKeyPhrasesAction' could not be found (are you missing a using directive or an assembly reference?)
C:\gh\azure-sdk-for-net\sdk\textanalytics\Azure.AI.TextAnalytics\tests\TextAnalyticsClientMockTests.cs(687,17): error CS0117: 'TextAnalyticsActions' does not contain a definition for 'ExtractKeyPhrasesActions'
C:\gh\azure-sdk-for-net\sdk\textanalytics\Azure.AI.TextAnalytics\tests\TextAnalyticsClientMockTests.cs(687,53): error CS0246: The type or namespace name 'ExtractKeyPhrasesAction' could not be found (are you missing a using directive or an assembly reference?)
C:\gh\azure-sdk-for-net\sdk\textanalytics\Azure.AI.TextAnalytics\tests\TextAnalyticsClientMockTests.cs(690,26): error CS1061: 'TextAnalyticsClient' does not contain a definition for 'StartAnalyzeActionsAsync' and no accessible extension method 'StartAnalyzeActionsAsync' accepting a first argument of type 'TextAnalyticsClient' could be found (are you missing a using directive or an assembly reference?)
error CS1705: Assembly 'Azure.Core.TestFramework' with identity 'Azure.Core.TestFramework, Version=1.0.0.0, Culture=neutral, PublicKeyToken=6a281e58f0dfecb7' uses 'Azure.Core, Version=1.15.0.0, Culture=neutral, PublicKeyToken=92742159e12e44c8' which has a higher version than referenced assembly 'Azure.Core' with identity 'Azure.Core, Version=1.14.0.0, Culture=neutral, PublicKeyToken=92742159e12e44c8'
error CS1705: Assembly 'Azure.Core.TestFramework' with identity 'Azure.Core.TestFramework, Version=1.0.0.0, Culture=neutral, PublicKeyToken=6a281e58f0dfecb7' uses 'Azure.Core, Version=1.15.0.0, Culture=neutral, PublicKeyToken=92742159e12e44c8' which has a higher version than referenced assembly 'Azure.Core' with identity 'Azure.Core, Version=1.14.0.0, Culture=neutral, PublicKeyToken=92742159e12e44c8'
error CS1705: Assembly 'Azure.Core.TestFramework' with identity 'Azure.Core.TestFramework, Version=1.0.0.0, Culture=neutral, PublicKeyToken=6a281e58f0dfecb7' uses 'Azure.Core, Version=1.15.0.0, Culture=neutral, PublicKeyToken=92742159e12e44c8' which has a higher version than referenced assembly 'Azure.Core' with identity 'Azure.Core, Version=1.14.0.0, Culture=neutral, PublicKeyToken=92742159e12e44c8'
C:\gh\azure-sdk-for-net\sdk\textanalytics\Azure.AI.TextAnalytics\tests\TextAnalyticsClientMockTests.cs(708,13): error CS1705: Assembly 'Azure.Core.TestFramework' with identity 'Azure.Core.TestFramework, Version=1.0.0.0, Culture=neutral, PublicKeyToken=6a281e58f0dfecb7' uses 'Azure.Core, Version=1.15.0.0, Culture=neutral, PublicKeyToken=92742159e12e44c8' which has a higher version than referenced assembly 'Azure.Core' with identity 'Azure.Core, Version=1.14.0.0, Culture=neutral, PublicKeyToken=92742159e12e44c8'
error CS1705: Assembly 'Azure.Core.TestFramework' with identity 'Azure.Core.TestFramework, Version=1.0.0.0, Culture=neutral, PublicKeyToken=6a281e58f0dfecb7' uses 'Azure.Core, Version=1.15.0.0, Culture=neutral, PublicKeyToken=92742159e12e44c8' which has a higher version than referenced assembly 'Azure.Core' with identity 'Azure.Core, Version=1.14.0.0, Culture=neutral, PublicKeyToken=92742159e12e44c8'
C:\gh\azure-sdk-for-net\sdk\textanalytics\Azure.AI.TextAnalytics\tests\TextAnalyticsClientMockTests.cs(710,37): error CS1705: Assembly 'Azure.Core.TestFramework' with identity 'Azure.Core.TestFramework, Version=1.0.0.0, Culture=neutral, PublicKeyToken=6a281e58f0dfecb7' uses 'Azure.Core, Version=1.15.0.0, Culture=neutral, PublicKeyToken=92742159e12e44c8' which has a higher version than referenced assembly 'Azure.Core' with identity 'Azure.Core, Version=1.14.0.0, Culture=neutral, PublicKeyToken=92742159e12e44c8'
C:\gh\azure-sdk-for-net\sdk\textanalytics\Azure.AI.TextAnalytics\tests\TextAnalyticsClientMockTests.cs(718,31): error CS0246: The type or namespace name 'RecognizeEntitiesAction' could not be found (are you missing a using directive or an assembly reference?)
C:\gh\azure-sdk-for-net\sdk\textanalytics\Azure.AI.TextAnalytics\tests\TextAnalyticsClientMockTests.cs(725,17): error CS0117: 'TextAnalyticsActions' does not contain a definition for 'RecognizeEntitiesActions'
C:\gh\azure-sdk-for-net\sdk\textanalytics\Azure.AI.TextAnalytics\tests\TextAnalyticsClientMockTests.cs(725,53): error CS0246: The type or namespace name 'RecognizeEntitiesAction' could not be found (are you missing a using directive or an assembly reference?)
C:\gh\azure-sdk-for-net\sdk\textanalytics\Azure.AI.TextAnalytics\tests\TextAnalyticsClientMockTests.cs(728,26): error CS1061: 'TextAnalyticsClient' does not contain a definition for 'StartAnalyzeActionsAsync' and no accessible extension method 'StartAnalyzeActionsAsync' accepting a first argument of type 'TextAnalyticsClient' could be found (are you missing a using directive or an assembly reference?)
error CS1705: Assembly 'Azure.Core.TestFramework' with identity 'Azure.Core.TestFramework, Version=1.0.0.0, Culture=neutral, PublicKeyToken=6a281e58f0dfecb7' uses 'Azure.Core, Version=1.15.0.0, Culture=neutral, PublicKeyToken=92742159e12e44c8' which has a higher version than referenced assembly 'Azure.Core' with identity 'Azure.Core, Version=1.14.0.0, Culture=neutral, PublicKeyToken=92742159e12e44c8'
error CS1705: Assembly 'Azure.Core.TestFramework' with identity 'Azure.Core.TestFramework, Version=1.0.0.0, Culture=neutral, PublicKeyToken=6a281e58f0dfecb7' uses 'Azure.Core, Version=1.15.0.0, Culture=neutral, PublicKeyToken=92742159e12e44c8' which has a higher version than referenced assembly 'Azure.Core' with identity 'Azure.Core, Version=1.14.0.0, Culture=neutral, PublicKeyToken=92742159e12e44c8'
error CS1705: Assembly 'Azure.Core.TestFramework' with identity 'Azure.Core.TestFramework, Version=1.0.0.0, Culture=neutral, PublicKeyToken=6a281e58f0dfecb7' uses 'Azure.Core, Version=1.15.0.0, Culture=neutral, PublicKeyToken=92742159e12e44c8' which has a higher version than referenced assembly 'Azure.Core' with identity 'Azure.Core, Version=1.14.0.0, Culture=neutral, PublicKeyToken=92742159e12e44c8'
C:\gh\azure-sdk-for-net\sdk\textanalytics\Azure.AI.TextAnalytics\tests\TextAnalyticsClientMockTests.cs(746,13): error CS1705: Assembly 'Azure.Core.TestFramework' with identity 'Azure.Core.TestFramework, Version=1.0.0.0, Culture=neutral, PublicKeyToken=6a281e58f0dfecb7' uses 'Azure.Core, Version=1.15.0.0, Culture=neutral, PublicKeyToken=92742159e12e44c8' which has a higher version than referenced assembly 'Azure.Core' with identity 'Azure.Core, Version=1.14.0.0, Culture=neutral, PublicKeyToken=92742159e12e44c8'
error CS1705: Assembly 'Azure.Core.TestFramework' with identity 'Azure.Core.TestFramework, Version=1.0.0.0, Culture=neutral, PublicKeyToken=6a281e58f0dfecb7' uses 'Azure.Core, Version=1.15.0.0, Culture=neutral, PublicKeyToken=92742159e12e44c8' which has a higher version than referenced assembly 'Azure.Core' with identity 'Azure.Core, Version=1.14.0.0, Culture=neutral, PublicKeyToken=92742159e12e44c8'
C:\gh\azure-sdk-for-net\sdk\textanalytics\Azure.AI.TextAnalytics\tests\TextAnalyticsClientMockTests.cs(748,37): error CS1705: Assembly 'Azure.Core.TestFramework' with identity 'Azure.Core.TestFramework, Version=1.0.0.0, Culture=neutral, PublicKeyToken=6a281e58f0dfecb7' uses 'Azure.Core, Version=1.15.0.0, Culture=neutral, PublicKeyToken=92742159e12e44c8' which has a higher version than referenced assembly 'Azure.Core' with identity 'Azure.Core, Version=1.14.0.0, Culture=neutral, PublicKeyToken=92742159e12e44c8'
C:\gh\azure-sdk-for-net\sdk\textanalytics\Azure.AI.TextAnalytics\tests\TextAnalyticsClientMockTests.cs(756,31): error CS0246: The type or namespace name 'RecognizeLinkedEntitiesAction' could not be found (are you missing a using directive or an assembly reference?)
C:\gh\azure-sdk-for-net\sdk\textanalytics\Azure.AI.TextAnalytics\tests\TextAnalyticsClientMockTests.cs(763,17): error CS0117: 'TextAnalyticsActions' does not contain a definition for 'RecognizeLinkedEntitiesActions'
C:\gh\azure-sdk-for-net\sdk\textanalytics\Azure.AI.TextAnalytics\tests\TextAnalyticsClientMockTests.cs(763,59): error CS0246: The type or namespace name 'RecognizeLinkedEntitiesAction' could not be found (are you missing a using directive or an assembly reference?)
C:\gh\azure-sdk-for-net\sdk\textanalytics\Azure.AI.TextAnalytics\tests\TextAnalyticsClientMockTests.cs(766,26): error CS1061: 'TextAnalyticsClient' does not contain a definition for 'StartAnalyzeActionsAsync' and no accessible extension method 'StartAnalyzeActionsAsync' accepting a first argument of type 'TextAnalyticsClient' could be found (are you missing a using directive or an assembly reference?)
error CS1705: Assembly 'Azure.Core.TestFramework' with identity 'Azure.Core.TestFramework, Version=1.0.0.0, Culture=neutral, PublicKeyToken=6a281e58f0dfecb7' uses 'Azure.Core, Version=1.15.0.0, Culture=neutral, PublicKeyToken=92742159e12e44c8' which has a higher version than referenced assembly 'Azure.Core' with identity 'Azure.Core, Version=1.14.0.0, Culture=neutral, PublicKeyToken=92742159e12e44c8'
error CS1705: Assembly 'Azure.Core.TestFramework' with identity 'Azure.Core.TestFramework, Version=1.0.0.0, Culture=neutral, PublicKeyToken=6a281e58f0dfecb7' uses 'Azure.Core, Version=1.15.0.0, Culture=neutral, PublicKeyToken=92742159e12e44c8' which has a higher version than referenced assembly 'Azure.Core' with identity 'Azure.Core, Version=1.14.0.0, Culture=neutral, PublicKeyToken=92742159e12e44c8'
C:\gh\azure-sdk-for-net\sdk\textanalytics\Azure.AI.TextAnalytics\tests\AnalyzeOperationTests.cs(469,17): error CS0117: 'TextAnalyticsActions' does not contain a definition for 'ExtractKeyPhrasesActions'
C:\gh\azure-sdk-for-net\sdk\textanalytics\Azure.AI.TextAnalytics\tests\AnalyzeOperationTests.cs(469,53): error CS0246: The type or namespace name 'ExtractKeyPhrasesAction' could not be found (are you missing a using directive or an assembly reference?)
C:\gh\azure-sdk-for-net\sdk\textanalytics\Azure.AI.TextAnalytics\tests\AnalyzeOperationTests.cs(469,86): error CS0246: The type or namespace name 'ExtractKeyPhrasesAction' could not be found (are you missing a using directive or an assembly reference?)
C:\gh\azure-sdk-for-net\sdk\textanalytics\Azure.AI.TextAnalytics\tests\AnalyzeOperationTests.cs(473,13): error CS0246: The type or namespace name 'AnalyzeActionsOptions' could not be found (are you missing a using directive or an assembly reference?)
C:\gh\azure-sdk-for-net\sdk\textanalytics\Azure.AI.TextAnalytics\tests\AnalyzeOperationTests.cs(473,49): error CS0246: The type or namespace name 'AnalyzeActionsOptions' could not be found (are you missing a using directive or an assembly reference?)
C:\gh\azure-sdk-for-net\sdk\textanalytics\Azure.AI.TextAnalytics\tests\AnalyzeOperationTests.cs(478,13): error CS0246: The type or namespace name 'AnalyzeActionsOperation' could not be found (are you missing a using directive or an assembly reference?)
C:\gh\azure-sdk-for-net\sdk\textanalytics\Azure.AI.TextAnalytics\tests\AnalyzeOperationTests.cs(478,62): error CS1061: 'TextAnalyticsClient' does not contain a definition for 'StartAnalyzeActionsAsync' and no accessible extension method 'StartAnalyzeActionsAsync' accepting a first argument of type 'TextAnalyticsClient' could be found (are you missing a using directive or an assembly reference?)
C:\gh\azure-sdk-for-net\sdk\textanalytics\Azure.AI.TextAnalytics\tests\AnalyzeOperationTests.cs(483,13): error CS0246: The type or namespace name 'AnalyzeActionsResult' could not be found (are you missing a using directive or an assembly reference?)
error CS1705: Assembly 'Azure.Core.TestFramework' with identity 'Azure.Core.TestFramework, Version=1.0.0.0, Culture=neutral, PublicKeyToken=6a281e58f0dfecb7' uses 'Azure.Core, Version=1.15.0.0, Culture=neutral, PublicKeyToken=92742159e12e44c8' which has a higher version than referenced assembly 'Azure.Core' with identity 'Azure.Core, Version=1.14.0.0, Culture=neutral, PublicKeyToken=92742159e12e44c8'
C:\gh\azure-sdk-for-net\sdk\textanalytics\Azure.AI.TextAnalytics\tests\TextAnalyticsClientMockTests.cs(784,13): error CS1705: Assembly 'Azure.Core.TestFramework' with identity 'Azure.Core.TestFramework, Version=1.0.0.0, Culture=neutral, PublicKeyToken=6a281e58f0dfecb7' uses 'Azure.Core, Version=1.15.0.0, Culture=neutral, PublicKeyToken=92742159e12e44c8' which has a higher version than referenced assembly 'Azure.Core' with identity 'Azure.Core, Version=1.14.0.0, Culture=neutral, PublicKeyToken=92742159e12e44c8'
error CS1705: Assembly 'Azure.Core.TestFramework' with identity 'Azure.Core.TestFramework, Version=1.0.0.0, Culture=neutral, PublicKeyToken=6a281e58f0dfecb7' uses 'Azure.Core, Version=1.15.0.0, Culture=neutral, PublicKeyToken=92742159e12e44c8' which has a higher version than referenced assembly 'Azure.Core' with identity 'Azure.Core, Version=1.14.0.0, Culture=neutral, PublicKeyToken=92742159e12e44c8'
C:\gh\azure-sdk-for-net\sdk\textanalytics\Azure.AI.TextAnalytics\tests\TextAnalyticsClientMockTests.cs(786,37): error CS1705: Assembly 'Azure.Core.TestFramework' with identity 'Azure.Core.TestFramework, Version=1.0.0.0, Culture=neutral, PublicKeyToken=6a281e58f0dfecb7' uses 'Azure.Core, Version=1.15.0.0, Culture=neutral, PublicKeyToken=92742159e12e44c8' which has a higher version than referenced assembly 'Azure.Core' with identity 'Azure.Core, Version=1.14.0.0, Culture=neutral, PublicKeyToken=92742159e12e44c8'
C:\gh\azure-sdk-for-net\sdk\textanalytics\Azure.AI.TextAnalytics\tests\TextAnalyticsClientMockTests.cs(794,31): error CS0246: The type or namespace name 'RecognizePiiEntitiesAction' could not be found (are you missing a using directive or an assembly reference?)
C:\gh\azure-sdk-for-net\sdk\textanalytics\Azure.AI.TextAnalytics\tests\TextAnalyticsClientMockTests.cs(801,17): error CS0117: 'TextAnalyticsActions' does not contain a definition for 'RecognizePiiEntitiesActions'
C:\gh\azure-sdk-for-net\sdk\textanalytics\Azure.AI.TextAnalytics\tests\TextAnalyticsClientMockTests.cs(801,56): error CS0246: The type or namespace name 'RecognizePiiEntitiesAction' could not be found (are you missing a using directive or an assembly reference?)
C:\gh\azure-sdk-for-net\sdk\textanalytics\Azure.AI.TextAnalytics\tests\TextAnalyticsClientMockTests.cs(804,26): error CS1061: 'TextAnalyticsClient' does not contain a definition for 'StartAnalyzeActionsAsync' and no accessible extension method 'StartAnalyzeActionsAsync' accepting a first argument of type 'TextAnalyticsClient' could be found (are you missing a using directive or an assembly reference?)
error CS1705: Assembly 'Azure.Core.TestFramework' with identity 'Azure.Core.TestFramework, Version=1.0.0.0, Culture=neutral, PublicKeyToken=6a281e58f0dfecb7' uses 'Azure.Core, Version=1.15.0.0, Culture=neutral, PublicKeyToken=92742159e12e44c8' which has a higher version than referenced assembly 'Azure.Core' with identity 'Azure.Core, Version=1.14.0.0, Culture=neutral, PublicKeyToken=92742159e12e44c8'
error CS1705: Assembly 'Azure.Core.TestFramework' with identity 'Azure.Core.TestFramework, Version=1.0.0.0, Culture=neutral, PublicKeyToken=6a281e58f0dfecb7' uses 'Azure.Core, Version=1.15.0.0, Culture=neutral, PublicKeyToken=92742159e12e44c8' which has a higher version than referenced assembly 'Azure.Core' with identity 'Azure.Core, Version=1.14.0.0, Culture=neutral, PublicKeyToken=92742159e12e44c8'
C:\gh\azure-sdk-for-net\sdk\textanalytics\Azure.AI.TextAnalytics\tests\AnalyzeOperationTests.cs(507,17): error CS0117: 'TextAnalyticsActions' does not contain a definition for 'ExtractKeyPhrasesActions'
C:\gh\azure-sdk-for-net\sdk\textanalytics\Azure.AI.TextAnalytics\tests\AnalyzeOperationTests.cs(507,53): error CS0246: The type or namespace name 'ExtractKeyPhrasesAction' could not be found (are you missing a using directive or an assembly reference?)
C:\gh\azure-sdk-for-net\sdk\textanalytics\Azure.AI.TextAnalytics\tests\AnalyzeOperationTests.cs(507,86): error CS0246: The type or namespace name 'ExtractKeyPhrasesAction' could not be found (are you missing a using directive or an assembly reference?)
C:\gh\azure-sdk-for-net\sdk\textanalytics\Azure.AI.TextAnalytics\tests\AnalyzeOperationTests.cs(508,17): error CS0117: 'TextAnalyticsActions' does not contain a definition for 'RecognizeEntitiesActions'
C:\gh\azure-sdk-for-net\sdk\textanalytics\Azure.AI.TextAnalytics\tests\AnalyzeOperationTests.cs(508,53): error CS0246: The type or namespace name 'RecognizeEntitiesAction' could not be found (are you missing a using directive or an assembly reference?)
C:\gh\azure-sdk-for-net\sdk\textanalytics\Azure.AI.TextAnalytics\tests\AnalyzeOperationTests.cs(508,86): error CS0246: The type or namespace name 'RecognizeEntitiesAction' could not be found (are you missing a using directive or an assembly reference?)
C:\gh\azure-sdk-for-net\sdk\textanalytics\Azure.AI.TextAnalytics\tests\AnalyzeOperationTests.cs(509,17): error CS0117: 'TextAnalyticsActions' does not contain a definition for 'RecognizePiiEntitiesActions'
C:\gh\azure-sdk-for-net\sdk\textanalytics\Azure.AI.TextAnalytics\tests\AnalyzeOperationTests.cs(509,56): error CS0246: The type or namespace name 'RecognizePiiEntitiesAction' could not be found (are you missing a using directive or an assembly reference?)
C:\gh\azure-sdk-for-net\sdk\textanalytics\Azure.AI.TextAnalytics\tests\AnalyzeOperationTests.cs(509,92): error CS0246: The type or namespace name 'RecognizePiiEntitiesAction' could not be found (are you missing a using directive or an assembly reference?)
C:\gh\azure-sdk-for-net\sdk\textanalytics\Azure.AI.TextAnalytics\tests\AnalyzeOperationTests.cs(510,17): error CS0117: 'TextAnalyticsActions' does not contain a definition for 'RecognizeLinkedEntitiesActions'
C:\gh\azure-sdk-for-net\sdk\textanalytics\Azure.AI.TextAnalytics\tests\AnalyzeOperationTests.cs(510,59): error CS0246: The type or namespace name 'RecognizeLinkedEntitiesAction' could not be found (are you missing a using directive or an assembly reference?)
C:\gh\azure-sdk-for-net\sdk\textanalytics\Azure.AI.TextAnalytics\tests\AnalyzeOperationTests.cs(510,98): error CS0246: The type or namespace name 'RecognizeLinkedEntitiesAction' could not be found (are you missing a using directive or an assembly reference?)
C:\gh\azure-sdk-for-net\sdk\textanalytics\Azure.AI.TextAnalytics\tests\AnalyzeOperationTests.cs(511,17): error CS0117: 'TextAnalyticsActions' does not contain a definition for 'AnalyzeSentimentActions'
C:\gh\azure-sdk-for-net\sdk\textanalytics\Azure.AI.TextAnalytics\tests\AnalyzeOperationTests.cs(511,52): error CS0246: The type or namespace name 'AnalyzeSentimentAction' could not be found (are you missing a using directive or an assembly reference?)
C:\gh\azure-sdk-for-net\sdk\textanalytics\Azure.AI.TextAnalytics\tests\AnalyzeOperationTests.cs(511,84): error CS0246: The type or namespace name 'AnalyzeSentimentAction' could not be found (are you missing a using directive or an assembly reference?)
C:\gh\azure-sdk-for-net\sdk\textanalytics\Azure.AI.TextAnalytics\tests\AnalyzeOperationTests.cs(514,13): error CS0246: The type or namespace name 'AnalyzeActionsOperation' could not be found (are you missing a using directive or an assembly reference?)
C:\gh\azure-sdk-for-net\sdk\textanalytics\Azure.AI.TextAnalytics\tests\AnalyzeOperationTests.cs(514,62): error CS1061: 'TextAnalyticsClient' does not contain a definition for 'StartAnalyzeActionsAsync' and no accessible extension method 'StartAnalyzeActionsAsync' accepting a first argument of type 'TextAnalyticsClient' could be found (are you missing a using directive or an assembly reference?)
C:\gh\azure-sdk-for-net\sdk\textanalytics\Azure.AI.TextAnalytics\tests\AnalyzeOperationTests.cs(519,13): error CS0246: The type or namespace name 'AnalyzeActionsResult' could not be found (are you missing a using directive or an assembly reference?)
C:\gh\azure-sdk-for-net\sdk\textanalytics\Azure.AI.TextAnalytics\tests\AnalyzeOperationTests.cs(525,33): error CS0246: The type or namespace name 'AnalyzeSentimentActionResult' could not be found (are you missing a using directive or an assembly reference?)
C:\gh\azure-sdk-for-net\sdk\textanalytics\Azure.AI.TextAnalytics\tests\AnalyzeOperationTests.cs(555,17): error CS0117: 'TextAnalyticsActions' does not contain a definition for 'AnalyzeSentimentActions'
C:\gh\azure-sdk-for-net\sdk\textanalytics\Azure.AI.TextAnalytics\tests\AnalyzeOperationTests.cs(555,52): error CS0246: The type or namespace name 'AnalyzeSentimentAction' could not be found (are you missing a using directive or an assembly reference?)
C:\gh\azure-sdk-for-net\sdk\textanalytics\Azure.AI.TextAnalytics\tests\AnalyzeOperationTests.cs(555,84): error CS0246: The type or namespace name 'AnalyzeSentimentAction' could not be found (are you missing a using directive or an assembly reference?)
C:\gh\azure-sdk-for-net\sdk\textanalytics\Azure.AI.TextAnalytics\tests\AnalyzeOperationTests.cs(559,13): error CS0246: The type or namespace name 'AnalyzeActionsOperation' could not be found (are you missing a using directive or an assembly reference?)
C:\gh\azure-sdk-for-net\sdk\textanalytics\Azure.AI.TextAnalytics\tests\AnalyzeOperationTests.cs(559,62): error CS1061: 'TextAnalyticsClient' does not contain a definition for 'StartAnalyzeActionsAsync' and no accessible extension method 'StartAnalyzeActionsAsync' accepting a first argument of type 'TextAnalyticsClient' could be found (are you missing a using directive or an assembly reference?)
C:\gh\azure-sdk-for-net\sdk\textanalytics\Azure.AI.TextAnalytics\tests\AnalyzeOperationTests.cs(564,13): error CS0246: The type or namespace name 'AnalyzeActionsResult' could not be found (are you missing a using directive or an assembly reference?)
C:\gh\azure-sdk-for-net\sdk\textanalytics\Azure.AI.TextAnalytics\tests\AnalyzeOperationTests.cs(566,33): error CS0246: The type or namespace name 'AnalyzeSentimentActionResult' could not be found (are you missing a using directive or an assembly reference?)
C:\gh\azure-sdk-for-net\sdk\textanalytics\Azure.AI.TextAnalytics\tests\samples\Sample_AnalyzeOperation.cs(50,17): error CS0117: 'TextAnalyticsActions' does not contain a definition for 'ExtractKeyPhrasesActions'
C:\gh\azure-sdk-for-net\sdk\textanalytics\Azure.AI.TextAnalytics\tests\samples\Sample_AnalyzeOperation.cs(50,53): error CS0246: The type or namespace name 'ExtractKeyPhrasesAction' could not be found (are you missing a using directive or an assembly reference?)
C:\gh\azure-sdk-for-net\sdk\textanalytics\Azure.AI.TextAnalytics\tests\samples\Sample_AnalyzeOperation.cs(50,86): error CS0246: The type or namespace name 'ExtractKeyPhrasesAction' could not be found (are you missing a using directive or an assembly reference?)
C:\gh\azure-sdk-for-net\sdk\textanalytics\Azure.AI.TextAnalytics\tests\samples\Sample_AnalyzeOperation.cs(51,17): error CS0117: 'TextAnalyticsActions' does not contain a definition for 'RecognizeEntitiesActions'
C:\gh\azure-sdk-for-net\sdk\textanalytics\Azure.AI.TextAnalytics\tests\samples\Sample_AnalyzeOperation.cs(51,53): error CS0246: The type or namespace name 'RecognizeEntitiesAction' could not be found (are you missing a using directive or an assembly reference?)
C:\gh\azure-sdk-for-net\sdk\textanalytics\Azure.AI.TextAnalytics\tests\samples\Sample_AnalyzeOperation.cs(51,86): error CS0246: The type or namespace name 'RecognizeEntitiesAction' could not be found (are you missing a using directive or an assembly reference?)
C:\gh\azure-sdk-for-net\sdk\textanalytics\Azure.AI.TextAnalytics\tests\samples\Sample_AnalyzeOperation.cs(52,17): error CS0117: 'TextAnalyticsActions' does not contain a definition for 'RecognizePiiEntitiesActions'
C:\gh\azure-sdk-for-net\sdk\textanalytics\Azure.AI.TextAnalytics\tests\samples\Sample_AnalyzeOperation.cs(52,56): error CS0246: The type or namespace name 'RecognizePiiEntitiesAction' could not be found (are you missing a using directive or an assembly reference?)
C:\gh\azure-sdk-for-net\sdk\textanalytics\Azure.AI.TextAnalytics\tests\samples\Sample_AnalyzeOperation.cs(52,92): error CS0246: The type or namespace name 'RecognizePiiEntitiesAction' could not be found (are you missing a using directive or an assembly reference?)
C:\gh\azure-sdk-for-net\sdk\textanalytics\Azure.AI.TextAnalytics\tests\samples\Sample_AnalyzeOperation.cs(53,17): error CS0117: 'TextAnalyticsActions' does not contain a definition for 'RecognizeLinkedEntitiesActions'
C:\gh\azure-sdk-for-net\sdk\textanalytics\Azure.AI.TextAnalytics\tests\samples\Sample_AnalyzeOperation.cs(53,59): error CS0246: The type or namespace name 'RecognizeLinkedEntitiesAction' could not be found (are you missing a using directive or an assembly reference?)
C:\gh\azure-sdk-for-net\sdk\textanalytics\Azure.AI.TextAnalytics\tests\samples\Sample_AnalyzeOperation.cs(53,98): error CS0246: The type or namespace name 'RecognizeLinkedEntitiesAction' could not be found (are you missing a using directive or an assembly reference?)
C:\gh\azure-sdk-for-net\sdk\textanalytics\Azure.AI.TextAnalytics\tests\samples\Sample_AnalyzeOperation.cs(54,17): error CS0117: 'TextAnalyticsActions' does not contain a definition for 'AnalyzeSentimentActions'
C:\gh\azure-sdk-for-net\sdk\textanalytics\Azure.AI.TextAnalytics\tests\samples\Sample_AnalyzeOperation.cs(54,52): error CS0246: The type or namespace name 'AnalyzeSentimentAction' could not be found (are you missing a using directive or an assembly reference?)
C:\gh\azure-sdk-for-net\sdk\textanalytics\Azure.AI.TextAnalytics\tests\samples\Sample_AnalyzeOperation.cs(54,84): error CS0246: The type or namespace name 'AnalyzeSentimentAction' could not be found (are you missing a using directive or an assembly reference?)
C:\gh\azure-sdk-for-net\sdk\textanalytics\Azure.AI.TextAnalytics\tests\samples\Sample_AnalyzeOperation.cs(58,13): error CS0246: The type or namespace name 'AnalyzeActionsOperation' could not be found (are you missing a using directive or an assembly reference?)
C:\gh\azure-sdk-for-net\sdk\textanalytics\Azure.AI.TextAnalytics\tests\samples\Sample_AnalyzeOperation.cs(58,56): error CS1061: 'TextAnalyticsClient' does not contain a definition for 'StartAnalyzeActions' and no accessible extension method 'StartAnalyzeActions' accepting a first argument of type 'TextAnalyticsClient' could be found (are you missing a using directive or an assembly reference?)
C:\gh\azure-sdk-for-net\sdk\textanalytics\Azure.AI.TextAnalytics\tests\samples\Sample_AnalyzeOperation.cs(82,22): error CS0246: The type or namespace name 'AnalyzeActionsResult' could not be found (are you missing a using directive or an assembly reference?)
C:\gh\azure-sdk-for-net\sdk\textanalytics\Azure.AI.TextAnalytics\tests\samples\Sample_AnalyzeOperation.cs(88,37): error CS0246: The type or namespace name 'AnalyzeSentimentActionResult' could not be found (are you missing a using directive or an assembly reference?)
C:\gh\azure-sdk-for-net\sdk\textanalytics\Azure.AI.TextAnalytics\tests\samples\Sample_AnalyzeOperation.cs(184,26): error CS0246: The type or namespace name 'AnalyzeSentimentActionResult' could not be found (are you missing a using directive or an assembly reference?)
C:\gh\azure-sdk-for-net\sdk\textanalytics\Azure.AI.TextAnalytics\tests\samples\Sample_AnalyzeOperationAsync.cs(50,17): error CS0117: 'TextAnalyticsActions' does not contain a definition for 'ExtractKeyPhrasesActions'
C:\gh\azure-sdk-for-net\sdk\textanalytics\Azure.AI.TextAnalytics\tests\samples\Sample_AnalyzeOperationAsync.cs(50,53): error CS0246: The type or namespace name 'ExtractKeyPhrasesAction' could not be found (are you missing a using directive or an assembly reference?)
C:\gh\azure-sdk-for-net\sdk\textanalytics\Azure.AI.TextAnalytics\tests\samples\Sample_AnalyzeOperationAsync.cs(50,86): error CS0246: The type or namespace name 'ExtractKeyPhrasesAction' could not be found (are you missing a using directive or an assembly reference?)
C:\gh\azure-sdk-for-net\sdk\textanalytics\Azure.AI.TextAnalytics\tests\samples\Sample_AnalyzeOperationAsync.cs(51,17): error CS0117: 'TextAnalyticsActions' does not contain a definition for 'RecognizeEntitiesActions'
C:\gh\azure-sdk-for-net\sdk\textanalytics\Azure.AI.TextAnalytics\tests\samples\Sample_AnalyzeOperationAsync.cs(51,53): error CS0246: The type or namespace name 'RecognizeEntitiesAction' could not be found (are you missing a using directive or an assembly reference?)
C:\gh\azure-sdk-for-net\sdk\textanalytics\Azure.AI.TextAnalytics\tests\samples\Sample_AnalyzeOperationAsync.cs(51,86): error CS0246: The type or namespace name 'RecognizeEntitiesAction' could not be found (are you missing a using directive or an assembly reference?)
C:\gh\azure-sdk-for-net\sdk\textanalytics\Azure.AI.TextAnalytics\tests\samples\Sample_AnalyzeOperationAsync.cs(52,17): error CS0117: 'TextAnalyticsActions' does not contain a definition for 'RecognizePiiEntitiesActions'
C:\gh\azure-sdk-for-net\sdk\textanalytics\Azure.AI.TextAnalytics\tests\samples\Sample_AnalyzeOperationAsync.cs(52,56): error CS0246: The type or namespace name 'RecognizePiiEntitiesAction' could not be found (are you missing a using directive or an assembly reference?)
C:\gh\azure-sdk-for-net\sdk\textanalytics\Azure.AI.TextAnalytics\tests\samples\Sample_AnalyzeOperationAsync.cs(52,92): error CS0246: The type or namespace name 'RecognizePiiEntitiesAction' could not be found (are you missing a using directive or an assembly reference?)
C:\gh\azure-sdk-for-net\sdk\textanalytics\Azure.AI.TextAnalytics\tests\samples\Sample_AnalyzeOperationAsync.cs(53,17): error CS0117: 'TextAnalyticsActions' does not contain a definition for 'RecognizeLinkedEntitiesActions'
C:\gh\azure-sdk-for-net\sdk\textanalytics\Azure.AI.TextAnalytics\tests\samples\Sample_AnalyzeOperationAsync.cs(53,59): error CS0246: The type or namespace name 'RecognizeLinkedEntitiesAction' could not be found (are you missing a using directive or an assembly reference?)
C:\gh\azure-sdk-for-net\sdk\textanalytics\Azure.AI.TextAnalytics\tests\samples\Sample_AnalyzeOperationAsync.cs(53,98): error CS0246: The type or namespace name 'RecognizeLinkedEntitiesAction' could not be found (are you missing a using directive or an assembly reference?)
C:\gh\azure-sdk-for-net\sdk\textanalytics\Azure.AI.TextAnalytics\tests\samples\Sample_AnalyzeOperationAsync.cs(54,17): error CS0117: 'TextAnalyticsActions' does not contain a definition for 'AnalyzeSentimentActions'
C:\gh\azure-sdk-for-net\sdk\textanalytics\Azure.AI.TextAnalytics\tests\samples\Sample_AnalyzeOperationAsync.cs(54,52): error CS0246: The type or namespace name 'AnalyzeSentimentAction' could not be found (are you missing a using directive or an assembly reference?)
C:\gh\azure-sdk-for-net\sdk\textanalytics\Azure.AI.TextAnalytics\tests\samples\Sample_AnalyzeOperationAsync.cs(54,84): error CS0246: The type or namespace name 'AnalyzeSentimentAction' could not be found (are you missing a using directive or an assembly reference?)
C:\gh\azure-sdk-for-net\sdk\textanalytics\Azure.AI.TextAnalytics\tests\samples\Sample_AnalyzeOperationAsync.cs(58,13): error CS0246: The type or namespace name 'AnalyzeActionsOperation' could not be found (are you missing a using directive or an assembly reference?)
C:\gh\azure-sdk-for-net\sdk\textanalytics\Azure.AI.TextAnalytics\tests\samples\Sample_AnalyzeOperationAsync.cs(58,62): error CS1061: 'TextAnalyticsClient' does not contain a definition for 'StartAnalyzeActionsAsync' and no accessible extension method 'StartAnalyzeActionsAsync' accepting a first argument of type 'TextAnalyticsClient' could be found (are you missing a using directive or an assembly reference?)
C:\gh\azure-sdk-for-net\sdk\textanalytics\Azure.AI.TextAnalytics\tests\samples\Sample_AnalyzeOperationAsync.cs(73,28): error CS0246: The type or namespace name 'AnalyzeActionsResult' could not be found (are you missing a using directive or an assembly reference?)
C:\gh\azure-sdk-for-net\sdk\textanalytics\Azure.AI.TextAnalytics\tests\samples\Sample_AnalyzeOperationAsync.cs(79,37): error CS0246: The type or namespace name 'AnalyzeSentimentActionResult' could not be found (are you missing a using directive or an assembly reference?)
C:\gh\azure-sdk-for-net\sdk\textanalytics\Azure.AI.TextAnalytics\tests\samples\Sample_AnalyzeOperationAsync.cs(175,26): error CS0246: The type or namespace name 'AnalyzeSentimentActionResult' could not be found (are you missing a using directive or an assembly reference?)
C:\gh\azure-sdk-for-net\sdk\textanalytics\Azure.AI.TextAnalytics\tests\samples\Sample_AnalyzeOperationConvenience.cs(43,17): error CS0117: 'TextAnalyticsActions' does not contain a definition for 'ExtractKeyPhrasesActions'
C:\gh\azure-sdk-for-net\sdk\textanalytics\Azure.AI.TextAnalytics\tests\samples\Sample_AnalyzeOperationConvenience.cs(43,53): error CS0246: The type or namespace name 'ExtractKeyPhrasesAction' could not be found (are you missing a using directive or an assembly reference?)
C:\gh\azure-sdk-for-net\sdk\textanalytics\Azure.AI.TextAnalytics\tests\samples\Sample_AnalyzeOperationConvenience.cs(43,86): error CS0246: The type or namespace name 'ExtractKeyPhrasesAction' could not be found (are you missing a using directive or an assembly reference?)
C:\gh\azure-sdk-for-net\sdk\textanalytics\Azure.AI.TextAnalytics\tests\samples\Sample_AnalyzeOperationConvenience.cs(44,17): error CS0117: 'TextAnalyticsActions' does not contain a definition for 'RecognizeEntitiesActions'
C:\gh\azure-sdk-for-net\sdk\textanalytics\Azure.AI.TextAnalytics\tests\samples\Sample_AnalyzeOperationConvenience.cs(44,53): error CS0246: The type or namespace name 'RecognizeEntitiesAction' could not be found (are you missing a using directive or an assembly reference?)
C:\gh\azure-sdk-for-net\sdk\textanalytics\Azure.AI.TextAnalytics\tests\samples\Sample_AnalyzeOperationConvenience.cs(44,86): error CS0246: The type or namespace name 'RecognizeEntitiesAction' could not be found (are you missing a using directive or an assembly reference?)
C:\gh\azure-sdk-for-net\sdk\textanalytics\Azure.AI.TextAnalytics\tests\samples\Sample_AnalyzeOperationConvenience.cs(45,17): error CS0117: 'TextAnalyticsActions' does not contain a definition for 'RecognizePiiEntitiesActions'
C:\gh\azure-sdk-for-net\sdk\textanalytics\Azure.AI.TextAnalytics\tests\samples\Sample_AnalyzeOperationConvenience.cs(45,56): error CS0246: The type or namespace name 'RecognizePiiEntitiesAction' could not be found (are you missing a using directive or an assembly reference?)
C:\gh\azure-sdk-for-net\sdk\textanalytics\Azure.AI.TextAnalytics\tests\samples\Sample_AnalyzeOperationConvenience.cs(45,92): error CS0246: The type or namespace name 'RecognizePiiEntitiesAction' could not be found (are you missing a using directive or an assembly reference?)
C:\gh\azure-sdk-for-net\sdk\textanalytics\Azure.AI.TextAnalytics\tests\samples\Sample_AnalyzeOperationConvenience.cs(46,17): error CS0117: 'TextAnalyticsActions' does not contain a definition for 'RecognizeLinkedEntitiesActions'
C:\gh\azure-sdk-for-net\sdk\textanalytics\Azure.AI.TextAnalytics\tests\samples\Sample_AnalyzeOperationConvenience.cs(46,59): error CS0246: The type or namespace name 'RecognizeLinkedEntitiesAction' could not be found (are you missing a using directive or an assembly reference?)
C:\gh\azure-sdk-for-net\sdk\textanalytics\Azure.AI.TextAnalytics\tests\samples\Sample_AnalyzeOperationConvenience.cs(46,98): error CS0246: The type or namespace name 'RecognizeLinkedEntitiesAction' could not be found (are you missing a using directive or an assembly reference?)
C:\gh\azure-sdk-for-net\sdk\textanalytics\Azure.AI.TextAnalytics\tests\samples\Sample_AnalyzeOperationConvenience.cs(47,17): error CS0117: 'TextAnalyticsActions' does not contain a definition for 'AnalyzeSentimentActions'
C:\gh\azure-sdk-for-net\sdk\textanalytics\Azure.AI.TextAnalytics\tests\samples\Sample_AnalyzeOperationConvenience.cs(47,52): error CS0246: The type or namespace name 'AnalyzeSentimentAction' could not be found (are you missing a using directive or an assembly reference?)
C:\gh\azure-sdk-for-net\sdk\textanalytics\Azure.AI.TextAnalytics\tests\samples\Sample_AnalyzeOperationConvenience.cs(47,84): error CS0246: The type or namespace name 'AnalyzeSentimentAction' could not be found (are you missing a using directive or an assembly reference?)
C:\gh\azure-sdk-for-net\sdk\textanalytics\Azure.AI.TextAnalytics\tests\samples\Sample_AnalyzeOperationConvenience.cs(51,13): error CS0246: The type or namespace name 'AnalyzeActionsOperation' could not be found (are you missing a using directive or an assembly reference?)
C:\gh\azure-sdk-for-net\sdk\textanalytics\Azure.AI.TextAnalytics\tests\samples\Sample_AnalyzeOperationConvenience.cs(51,56): error CS1061: 'TextAnalyticsClient' does not contain a definition for 'StartAnalyzeActions' and no accessible extension method 'StartAnalyzeActions' accepting a first argument of type 'TextAnalyticsClient' could be found (are you missing a using directive or an assembly reference?)
C:\gh\azure-sdk-for-net\sdk\textanalytics\Azure.AI.TextAnalytics\tests\samples\Sample_AnalyzeOperationConvenience.cs(75,22): error CS0246: The type or namespace name 'AnalyzeActionsResult' could not be found (are you missing a using directive or an assembly reference?)
C:\gh\azure-sdk-for-net\sdk\textanalytics\Azure.AI.TextAnalytics\tests\samples\Sample_AnalyzeOperationConvenience.cs(81,37): error CS0246: The type or namespace name 'AnalyzeSentimentActionResult' could not be found (are you missing a using directive or an assembly reference?)
C:\gh\azure-sdk-for-net\sdk\textanalytics\Azure.AI.TextAnalytics\tests\samples\Sample_AnalyzeOperationConvenience.cs(177,26): error CS0246: The type or namespace name 'AnalyzeSentimentActionResult' could not be found (are you missing a using directive or an assembly reference?)
C:\gh\azure-sdk-for-net\sdk\textanalytics\Azure.AI.TextAnalytics\tests\samples\Sample_AnalyzeOperationConvenienceAsync.cs(44,17): error CS0117: 'TextAnalyticsActions' does not contain a definition for 'ExtractKeyPhrasesActions'
C:\gh\azure-sdk-for-net\sdk\textanalytics\Azure.AI.TextAnalytics\tests\samples\Sample_AnalyzeOperationConvenienceAsync.cs(44,53): error CS0246: The type or namespace name 'ExtractKeyPhrasesAction' could not be found (are you missing a using directive or an assembly reference?)
C:\gh\azure-sdk-for-net\sdk\textanalytics\Azure.AI.TextAnalytics\tests\samples\Sample_AnalyzeOperationConvenienceAsync.cs(44,86): error CS0246: The type or namespace name 'ExtractKeyPhrasesAction' could not be found (are you missing a using directive or an assembly reference?)
C:\gh\azure-sdk-for-net\sdk\textanalytics\Azure.AI.TextAnalytics\tests\samples\Sample_AnalyzeOperationConvenienceAsync.cs(45,17): error CS0117: 'TextAnalyticsActions' does not contain a definition for 'RecognizeEntitiesActions'
C:\gh\azure-sdk-for-net\sdk\textanalytics\Azure.AI.TextAnalytics\tests\samples\Sample_AnalyzeOperationConvenienceAsync.cs(45,53): error CS0246: The type or namespace name 'RecognizeEntitiesAction' could not be found (are you missing a using directive or an assembly reference?)
C:\gh\azure-sdk-for-net\sdk\textanalytics\Azure.AI.TextAnalytics\tests\samples\Sample_AnalyzeOperationConvenienceAsync.cs(45,86): error CS0246: The type or namespace name 'RecognizeEntitiesAction' could not be found (are you missing a using directive or an assembly reference?)
C:\gh\azure-sdk-for-net\sdk\textanalytics\Azure.AI.TextAnalytics\tests\samples\Sample_AnalyzeOperationConvenienceAsync.cs(46,17): error CS0117: 'TextAnalyticsActions' does not contain a definition for 'RecognizePiiEntitiesActions'
C:\gh\azure-sdk-for-net\sdk\textanalytics\Azure.AI.TextAnalytics\tests\samples\Sample_AnalyzeOperationConvenienceAsync.cs(46,56): error CS0246: The type or namespace name 'RecognizePiiEntitiesAction' could not be found (are you missing a using directive or an assembly reference?)
C:\gh\azure-sdk-for-net\sdk\textanalytics\Azure.AI.TextAnalytics\tests\samples\Sample_AnalyzeOperationConvenienceAsync.cs(46,92): error CS0246: The type or namespace name 'RecognizePiiEntitiesAction' could not be found (are you missing a using directive or an assembly reference?)
C:\gh\azure-sdk-for-net\sdk\textanalytics\Azure.AI.TextAnalytics\tests\samples\Sample_AnalyzeOperationConvenienceAsync.cs(47,17): error CS0117: 'TextAnalyticsActions' does not contain a definition for 'RecognizeLinkedEntitiesActions'
C:\gh\azure-sdk-for-net\sdk\textanalytics\Azure.AI.TextAnalytics\tests\samples\Sample_AnalyzeOperationConvenienceAsync.cs(47,59): error CS0246: The type or namespace name 'RecognizeLinkedEntitiesAction' could not be found (are you missing a using directive or an assembly reference?)
C:\gh\azure-sdk-for-net\sdk\textanalytics\Azure.AI.TextAnalytics\tests\samples\Sample_AnalyzeOperationConvenienceAsync.cs(47,98): error CS0246: The type or namespace name 'RecognizeLinkedEntitiesAction' could not be found (are you missing a using directive or an assembly reference?)
C:\gh\azure-sdk-for-net\sdk\textanalytics\Azure.AI.TextAnalytics\tests\samples\Sample_AnalyzeOperationConvenienceAsync.cs(48,17): error CS0117: 'TextAnalyticsActions' does not contain a definition for 'AnalyzeSentimentActions'
C:\gh\azure-sdk-for-net\sdk\textanalytics\Azure.AI.TextAnalytics\tests\samples\Sample_AnalyzeOperationConvenienceAsync.cs(48,52): error CS0246: The type or namespace name 'AnalyzeSentimentAction' could not be found (are you missing a using directive or an assembly reference?)
C:\gh\azure-sdk-for-net\sdk\textanalytics\Azure.AI.TextAnalytics\tests\samples\Sample_AnalyzeOperationConvenienceAsync.cs(48,84): error CS0246: The type or namespace name 'AnalyzeSentimentAction' could not be found (are you missing a using directive or an assembly reference?)
C:\gh\azure-sdk-for-net\sdk\textanalytics\Azure.AI.TextAnalytics\tests\samples\Sample_AnalyzeOperationConvenienceAsync.cs(52,13): error CS0246: The type or namespace name 'AnalyzeActionsOperation' could not be found (are you missing a using directive or an assembly reference?)
C:\gh\azure-sdk-for-net\sdk\textanalytics\Azure.AI.TextAnalytics\tests\samples\Sample_AnalyzeOperationConvenienceAsync.cs(52,62): error CS1061: 'TextAnalyticsClient' does not contain a definition for 'StartAnalyzeActionsAsync' and no accessible extension method 'StartAnalyzeActionsAsync' accepting a first argument of type 'TextAnalyticsClient' could be found (are you missing a using directive or an assembly reference?)
C:\gh\azure-sdk-for-net\sdk\textanalytics\Azure.AI.TextAnalytics\tests\samples\Sample_AnalyzeOperationConvenienceAsync.cs(67,28): error CS0246: The type or namespace name 'AnalyzeActionsResult' could not be found (are you missing a using directive or an assembly reference?)
C:\gh\azure-sdk-for-net\sdk\textanalytics\Azure.AI.TextAnalytics\tests\samples\Sample_AnalyzeOperationConvenienceAsync.cs(73,37): error CS0246: The type or namespace name 'AnalyzeSentimentActionResult' could not be found (are you missing a using directive or an assembly reference?)
C:\gh\azure-sdk-for-net\sdk\textanalytics\Azure.AI.TextAnalytics\tests\samples\Sample_AnalyzeOperationConvenienceAsync.cs(169,26): error CS0246: The type or namespace name 'AnalyzeSentimentActionResult' could not be found (are you missing a using directive or an assembly reference?)
C:\gh\azure-sdk-for-net\sdk\textanalytics\Azure.AI.TextAnalytics\tests\samples\SampleSnippets.cs(7,1): hidden CS8019: Unnecessary using directive.
C:\gh\azure-sdk-for-net\artifacts\obj\Azure.AI.TextAnalytics.Tests\Debug\net461\.NETFramework,Version=v4.6.1.AssemblyAttributes.cs(3,1): hidden CS8019: Unnecessary using directive.
C:\gh\azure-sdk-for-net\sdk\textanalytics\Azure.AI.TextAnalytics\tests\samples\Sample_AnalyzeOperationAsync.cs(8,1): hidden CS8019: Unnecessary using directive.
C:\gh\azure-sdk-for-net\sdk\textanalytics\Azure.AI.TextAnalytics\tests\samples\Sample4_RecognizeEntitiesBatchConvenience.cs(8,1): hidden CS8019: Unnecessary using directive.
C:\gh\azure-sdk-for-net\sdk\textanalytics\Azure.AI.TextAnalytics\tests\TextAnalyticsClientTests.cs(5,1): hidden CS8019: Unnecessary using directive.
C:\gh\azure-sdk-for-net\artifacts\obj\Azure.AI.TextAnalytics.Tests\Debug\net461\Azure.AI.TextAnalytics.Tests.AssemblyInfo.cs(12,1): hidden CS8019: Unnecessary using directive.
C:\gh\azure-sdk-for-net\artifacts\obj\Azure.AI.TextAnalytics.Tests\Debug\net461\Azure.AI.TextAnalytics.Tests.AssemblyInfo.cs(11,1): hidden CS8019: Unnecessary using directive.
C:\gh\azure-sdk-for-net\sdk\textanalytics\Azure.AI.TextAnalytics\tests\Infrastructure\TextAnalyticsRecordedTestSanitizer.cs(4,1): hidden CS8019: Unnecessary using directive.
C:\gh\azure-sdk-for-net\artifacts\obj\Azure.AI.TextAnalytics.Tests\Debug\net461\.NETFramework,Version=v4.6.1.AssemblyAttributes.cs(2,1): hidden CS8019: Unnecessary using directive.
C:\gh\azure-sdk-for-net\sdk\textanalytics\Azure.AI.TextAnalytics\tests\samples\Sample_AnalyzeOperationConvenienceAsync.cs(8,1): hidden CS8019: Unnecessary using directive.
